Random seed set to: 2
Solving 3D heat equation u_t = alpha (u_{xx}+u_{yy}+u_{zz}) on [0,1]^3 with homogeneous Dirichlet BC
checkpoint path: self.log_path='./checkpoints/heat3d_exact\\2026-03-07_18-32-40-983274'
Using Classical Solver2
The settings used:
batch_size : 64
epochs : 20000
lr : 0.001
seed : 2
print_every : 100
log_path : ./checkpoints/heat3d_exact
input_dim : 4
output_dim : 1
num_qubits : 5
hidden_dim : 20
num_quantum_layers : 1
classic_network : [4, 20, 1]
q_ansatz : cross_mesh
mode : hybrid
activation : tanh
shots : None
problem : heat3d_exact
solver : Classical2
device : cpu
method : None
cutoff_dim : 20
class : CVNeuralNetwork1
encoding : angle
use_rar : False
rar_eval_freq : 2000
rar_threshold : 0.0005
rar_num_candidates : 10000
rar_num_add : 100
use_hybrid_optimizer : True
adam_iterations : 10000
use_scipy_lbfgs : True
lbfgs_lr : 1
lbfgs_line_search : strong_wolfe
lbfgs_tolerance_grad : 1e-05
lbfgs_tolerance_change : 1e-07
lbfgs_maxiter : 10000
lbfgs_factr : 1000.0
lbfgs_pgtol : 1e-14
lbfgs_maxls : 50
lbfgs_m : 100
lbfgs_eval_every : 100
domainN : 500
boundaryN : 50
initialN : 50
eval_total_points : 10000
nx : 200
nt : 200
y0 : 0.5
z0 : 0.5
alpha : 0.1
Total number of parameters: 2221
Iteration: 0, loss_r = 2.5e-02 ,  loss_bc = 2.7e-01,  loss_ic = 1.3e-01,  lr = 1.0e-03, time_taken = 3.5e-02, rel_l2_error = 1.3e+00
Model state saved to ./checkpoints/heat3d_exact\2026-03-07_18-32-40-983274\model.pth
Iteration: 100, loss_r = 4.5e-03 ,  loss_bc = 1.4e-02,  loss_ic = 5.0e-02,  lr = 1.0e-03, time_taken = 2.6e-02, rel_l2_error = 7.2e-01
Model state saved to ./checkpoints/heat3d_exact\2026-03-07_18-32-40-983274\model.pth
Iteration: 200, loss_r = 3.3e-03 ,  loss_bc = 1.4e-02,  loss_ic = 4.1e-02,  lr = 1.0e-03, time_taken = 2.2e-02, rel_l2_error = 6.8e-01
Model state saved to ./checkpoints/heat3d_exact\2026-03-07_18-32-40-983274\model.pth
Iteration: 300, loss_r = 3.0e-03 ,  loss_bc = 1.5e-02,  loss_ic = 2.9e-02,  lr = 1.0e-03, time_taken = 2.7e-02, rel_l2_error = 6.2e-01
Model state saved to ./checkpoints/heat3d_exact\2026-03-07_18-32-40-983274\model.pth
Iteration: 400, loss_r = 3.0e-03 ,  loss_bc = 8.9e-03,  loss_ic = 2.3e-02,  lr = 1.0e-03, time_taken = 2.9e-02, rel_l2_error = 6.0e-01
Model state saved to ./checkpoints/heat3d_exact\2026-03-07_18-32-40-983274\model.pth
Iteration: 500, loss_r = 4.4e-03 ,  loss_bc = 1.2e-02,  loss_ic = 2.9e-02,  lr = 1.0e-03, time_taken = 3.0e-02, rel_l2_error = 5.8e-01
Model state saved to ./checkpoints/heat3d_exact\2026-03-07_18-32-40-983274\model.pth
Iteration: 600, loss_r = 6.4e-03 ,  loss_bc = 1.2e-02,  loss_ic = 2.3e-02,  lr = 1.0e-03, time_taken = 2.2e-02, rel_l2_error = 5.4e-01
Model state saved to ./checkpoints/heat3d_exact\2026-03-07_18-32-40-983274\model.pth
Iteration: 700, loss_r = 5.2e-03 ,  loss_bc = 9.0e-03,  loss_ic = 2.1e-02,  lr = 1.0e-03, time_taken = 3.7e-02, rel_l2_error = 5.0e-01
Model state saved to ./checkpoints/heat3d_exact\2026-03-07_18-32-40-983274\model.pth
Iteration: 800, loss_r = 5.2e-03 ,  loss_bc = 4.8e-03,  loss_ic = 1.2e-02,  lr = 1.0e-03, time_taken = 3.3e-02, rel_l2_error = 4.3e-01
Model state saved to ./checkpoints/heat3d_exact\2026-03-07_18-32-40-983274\model.pth
Iteration: 900, loss_r = 4.2e-03 ,  loss_bc = 7.9e-03,  loss_ic = 9.4e-03,  lr = 1.0e-03, time_taken = 3.7e-02, rel_l2_error = 4.0e-01
Model state saved to ./checkpoints/heat3d_exact\2026-03-07_18-32-40-983274\model.pth
Iteration: 1000, loss_r = 5.4e-03 ,  loss_bc = 4.8e-03,  loss_ic = 1.0e-02,  lr = 1.0e-03, time_taken = 3.9e-02, rel_l2_error = 4.0e-01
Model state saved to ./checkpoints/heat3d_exact\2026-03-07_18-32-40-983274\model.pth
Iteration: 1100, loss_r = 3.0e-03 ,  loss_bc = 6.5e-03,  loss_ic = 6.7e-03,  lr = 1.0e-03, time_taken = 3.6e-02, rel_l2_error = 3.8e-01
Model state saved to ./checkpoints/heat3d_exact\2026-03-07_18-32-40-983274\model.pth
Iteration: 1200, loss_r = 3.8e-03 ,  loss_bc = 7.1e-03,  loss_ic = 7.6e-03,  lr = 1.0e-03, time_taken = 4.4e-02, rel_l2_error = 3.8e-01
Model state saved to ./checkpoints/heat3d_exact\2026-03-07_18-32-40-983274\model.pth
Iteration: 1300, loss_r = 2.6e-03 ,  loss_bc = 7.4e-03,  loss_ic = 7.1e-03,  lr = 1.0e-03, time_taken = 3.2e-02, rel_l2_error = 3.6e-01
Model state saved to ./checkpoints/heat3d_exact\2026-03-07_18-32-40-983274\model.pth
Iteration: 1400, loss_r = 5.3e-03 ,  loss_bc = 5.1e-03,  loss_ic = 4.8e-03,  lr = 1.0e-03, time_taken = 4.1e-02, rel_l2_error = 3.4e-01
Model state saved to ./checkpoints/heat3d_exact\2026-03-07_18-32-40-983274\model.pth
Iteration: 1500, loss_r = 4.1e-03 ,  loss_bc = 4.1e-03,  loss_ic = 5.0e-03,  lr = 1.0e-03, time_taken = 3.6e-02, rel_l2_error = 3.5e-01
Model state saved to ./checkpoints/heat3d_exact\2026-03-07_18-32-40-983274\model.pth
Iteration: 1600, loss_r = 2.1e-03 ,  loss_bc = 3.9e-03,  loss_ic = 4.0e-03,  lr = 1.0e-03, time_taken = 3.2e-02, rel_l2_error = 3.3e-01
Model state saved to ./checkpoints/heat3d_exact\2026-03-07_18-32-40-983274\model.pth
Iteration: 1700, loss_r = 5.0e-03 ,  loss_bc = 2.9e-03,  loss_ic = 5.1e-03,  lr = 1.0e-03, time_taken = 3.3e-02, rel_l2_error = 3.1e-01
Model state saved to ./checkpoints/heat3d_exact\2026-03-07_18-32-40-983274\model.pth
Iteration: 1800, loss_r = 3.6e-03 ,  loss_bc = 4.7e-03,  loss_ic = 4.1e-03,  lr = 1.0e-03, time_taken = 3.3e-02, rel_l2_error = 3.2e-01
Model state saved to ./checkpoints/heat3d_exact\2026-03-07_18-32-40-983274\model.pth
Iteration: 1900, loss_r = 2.4e-03 ,  loss_bc = 3.2e-03,  loss_ic = 5.0e-03,  lr = 1.0e-03, time_taken = 4.4e-02, rel_l2_error = 3.0e-01
Model state saved to ./checkpoints/heat3d_exact\2026-03-07_18-32-40-983274\model.pth
Iteration: 2000, loss_r = 4.3e-03 ,  loss_bc = 3.3e-03,  loss_ic = 3.3e-03,  lr = 1.0e-03, time_taken = 4.3e-02, rel_l2_error = 2.8e-01
Model state saved to ./checkpoints/heat3d_exact\2026-03-07_18-32-40-983274\model.pth
Iteration: 2100, loss_r = 1.9e-03 ,  loss_bc = 4.2e-03,  loss_ic = 2.2e-03,  lr = 1.0e-03, time_taken = 4.5e-02, rel_l2_error = 2.8e-01
Model state saved to ./checkpoints/heat3d_exact\2026-03-07_18-32-40-983274\model.pth
Iteration: 2200, loss_r = 1.4e-03 ,  loss_bc = 3.3e-03,  loss_ic = 1.9e-03,  lr = 1.0e-03, time_taken = 3.8e-02, rel_l2_error = 2.6e-01
Model state saved to ./checkpoints/heat3d_exact\2026-03-07_18-32-40-983274\model.pth
Iteration: 2300, loss_r = 1.6e-03 ,  loss_bc = 3.0e-03,  loss_ic = 2.0e-03,  lr = 1.0e-03, time_taken = 4.4e-02, rel_l2_error = 2.6e-01
Model state saved to ./checkpoints/heat3d_exact\2026-03-07_18-32-40-983274\model.pth
Iteration: 2400, loss_r = 1.4e-03 ,  loss_bc = 2.5e-03,  loss_ic = 3.0e-03,  lr = 1.0e-03, time_taken = 4.9e-02, rel_l2_error = 2.5e-01
Model state saved to ./checkpoints/heat3d_exact\2026-03-07_18-32-40-983274\model.pth
Iteration: 2500, loss_r = 2.2e-03 ,  loss_bc = 2.1e-03,  loss_ic = 2.0e-03,  lr = 1.0e-03, time_taken = 5.4e-02, rel_l2_error = 2.6e-01
Model state saved to ./checkpoints/heat3d_exact\2026-03-07_18-32-40-983274\model.pth
Iteration: 2600, loss_r = 2.0e-03 ,  loss_bc = 2.4e-03,  loss_ic = 2.2e-03,  lr = 1.0e-03, time_taken = 5.0e-02, rel_l2_error = 2.2e-01
Model state saved to ./checkpoints/heat3d_exact\2026-03-07_18-32-40-983274\model.pth
Iteration: 2700, loss_r = 2.0e-03 ,  loss_bc = 3.4e-03,  loss_ic = 1.3e-03,  lr = 1.0e-03, time_taken = 4.5e-02, rel_l2_error = 2.3e-01
Model state saved to ./checkpoints/heat3d_exact\2026-03-07_18-32-40-983274\model.pth
Iteration: 2800, loss_r = 1.7e-03 ,  loss_bc = 1.7e-03,  loss_ic = 1.6e-03,  lr = 1.0e-03, time_taken = 4.6e-02, rel_l2_error = 2.2e-01
Model state saved to ./checkpoints/heat3d_exact\2026-03-07_18-32-40-983274\model.pth
Iteration: 2900, loss_r = 9.3e-04 ,  loss_bc = 1.3e-03,  loss_ic = 2.4e-03,  lr = 1.0e-03, time_taken = 4.7e-02, rel_l2_error = 2.0e-01
Model state saved to ./checkpoints/heat3d_exact\2026-03-07_18-32-40-983274\model.pth
Iteration: 3000, loss_r = 9.0e-04 ,  loss_bc = 1.7e-03,  loss_ic = 1.2e-03,  lr = 1.0e-03, time_taken = 4.4e-02, rel_l2_error = 2.0e-01
Model state saved to ./checkpoints/heat3d_exact\2026-03-07_18-32-40-983274\model.pth
Iteration: 3100, loss_r = 1.2e-03 ,  loss_bc = 2.1e-03,  loss_ic = 1.0e-03,  lr = 1.0e-03, time_taken = 4.7e-02, rel_l2_error = 1.9e-01
Model state saved to ./checkpoints/heat3d_exact\2026-03-07_18-32-40-983274\model.pth
Iteration: 3200, loss_r = 1.3e-03 ,  loss_bc = 3.0e-03,  loss_ic = 1.3e-03,  lr = 1.0e-03, time_taken = 4.4e-02, rel_l2_error = 2.0e-01
Model state saved to ./checkpoints/heat3d_exact\2026-03-07_18-32-40-983274\model.pth
Iteration: 3300, loss_r = 1.5e-03 ,  loss_bc = 2.2e-03,  loss_ic = 1.1e-03,  lr = 1.0e-03, time_taken = 5.2e-02, rel_l2_error = 1.8e-01
Model state saved to ./checkpoints/heat3d_exact\2026-03-07_18-32-40-983274\model.pth
Iteration: 3400, loss_r = 1.5e-03 ,  loss_bc = 1.5e-03,  loss_ic = 1.3e-03,  lr = 1.0e-03, time_taken = 4.3e-02, rel_l2_error = 1.9e-01
Model state saved to ./checkpoints/heat3d_exact\2026-03-07_18-32-40-983274\model.pth
Iteration: 3500, loss_r = 1.4e-03 ,  loss_bc = 1.7e-03,  loss_ic = 8.8e-04,  lr = 1.0e-03, time_taken = 5.1e-02, rel_l2_error = 1.8e-01
Model state saved to ./checkpoints/heat3d_exact\2026-03-07_18-32-40-983274\model.pth
Iteration: 3600, loss_r = 9.0e-04 ,  loss_bc = 1.3e-03,  loss_ic = 9.2e-04,  lr = 1.0e-03, time_taken = 4.3e-02, rel_l2_error = 1.7e-01
Model state saved to ./checkpoints/heat3d_exact\2026-03-07_18-32-40-983274\model.pth
Iteration: 3700, loss_r = 1.0e-03 ,  loss_bc = 1.3e-03,  loss_ic = 1.2e-03,  lr = 1.0e-03, time_taken = 4.0e-02, rel_l2_error = 1.7e-01
Model state saved to ./checkpoints/heat3d_exact\2026-03-07_18-32-40-983274\model.pth
Iteration: 3800, loss_r = 1.1e-03 ,  loss_bc = 1.3e-03,  loss_ic = 1.0e-03,  lr = 1.0e-03, time_taken = 4.8e-02, rel_l2_error = 1.7e-01
Model state saved to ./checkpoints/heat3d_exact\2026-03-07_18-32-40-983274\model.pth
Iteration: 3900, loss_r = 1.5e-03 ,  loss_bc = 1.1e-03,  loss_ic = 1.1e-03,  lr = 1.0e-03, time_taken = 4.8e-02, rel_l2_error = 1.8e-01
Model state saved to ./checkpoints/heat3d_exact\2026-03-07_18-32-40-983274\model.pth
Iteration: 4000, loss_r = 5.9e-04 ,  loss_bc = 1.2e-03,  loss_ic = 7.3e-04,  lr = 1.0e-03, time_taken = 3.8e-02, rel_l2_error = 1.7e-01
Model state saved to ./checkpoints/heat3d_exact\2026-03-07_18-32-40-983274\model.pth
Iteration: 4100, loss_r = 1.9e-03 ,  loss_bc = 2.0e-03,  loss_ic = 8.3e-04,  lr = 1.0e-03, time_taken = 5.2e-02, rel_l2_error = 1.6e-01
Model state saved to ./checkpoints/heat3d_exact\2026-03-07_18-32-40-983274\model.pth
Iteration: 4200, loss_r = 9.0e-04 ,  loss_bc = 9.4e-04,  loss_ic = 8.6e-04,  lr = 1.0e-03, time_taken = 5.5e-02, rel_l2_error = 1.7e-01
Model state saved to ./checkpoints/heat3d_exact\2026-03-07_18-32-40-983274\model.pth
Iteration: 4300, loss_r = 7.9e-04 ,  loss_bc = 1.7e-03,  loss_ic = 8.7e-04,  lr = 1.0e-03, time_taken = 5.6e-02, rel_l2_error = 1.5e-01
Model state saved to ./checkpoints/heat3d_exact\2026-03-07_18-32-40-983274\model.pth
Iteration: 4400, loss_r = 1.5e-03 ,  loss_bc = 8.9e-04,  loss_ic = 1.2e-03,  lr = 1.0e-03, time_taken = 5.0e-02, rel_l2_error = 1.7e-01
Model state saved to ./checkpoints/heat3d_exact\2026-03-07_18-32-40-983274\model.pth
Iteration: 4500, loss_r = 2.0e-03 ,  loss_bc = 8.4e-04,  loss_ic = 7.3e-04,  lr = 1.0e-03, time_taken = 5.1e-02, rel_l2_error = 1.6e-01
Model state saved to ./checkpoints/heat3d_exact\2026-03-07_18-32-40-983274\model.pth
Iteration: 4600, loss_r = 1.6e-03 ,  loss_bc = 6.7e-04,  loss_ic = 8.5e-04,  lr = 1.0e-03, time_taken = 5.1e-02, rel_l2_error = 1.5e-01
Model state saved to ./checkpoints/heat3d_exact\2026-03-07_18-32-40-983274\model.pth
Iteration: 4700, loss_r = 7.9e-04 ,  loss_bc = 1.0e-03,  loss_ic = 7.1e-04,  lr = 1.0e-03, time_taken = 5.1e-02, rel_l2_error = 1.6e-01
Model state saved to ./checkpoints/heat3d_exact\2026-03-07_18-32-40-983274\model.pth
Iteration: 4800, loss_r = 1.4e-03 ,  loss_bc = 1.3e-03,  loss_ic = 1.1e-03,  lr = 1.0e-03, time_taken = 5.3e-02, rel_l2_error = 1.5e-01
Model state saved to ./checkpoints/heat3d_exact\2026-03-07_18-32-40-983274\model.pth
Iteration: 4900, loss_r = 7.0e-04 ,  loss_bc = 1.3e-03,  loss_ic = 4.1e-04,  lr = 1.0e-03, time_taken = 4.5e-02, rel_l2_error = 1.5e-01
Model state saved to ./checkpoints/heat3d_exact\2026-03-07_18-32-40-983274\model.pth
Iteration: 5000, loss_r = 1.3e-03 ,  loss_bc = 7.8e-04,  loss_ic = 9.1e-04,  lr = 1.0e-03, time_taken = 5.3e-02, rel_l2_error = 1.6e-01
Model state saved to ./checkpoints/heat3d_exact\2026-03-07_18-32-40-983274\model.pth
Iteration: 5100, loss_r = 1.2e-03 ,  loss_bc = 9.6e-04,  loss_ic = 7.3e-04,  lr = 1.0e-03, time_taken = 4.4e-02, rel_l2_error = 1.5e-01
Model state saved to ./checkpoints/heat3d_exact\2026-03-07_18-32-40-983274\model.pth
Iteration: 5200, loss_r = 1.6e-03 ,  loss_bc = 1.1e-03,  loss_ic = 7.3e-04,  lr = 1.0e-03, time_taken = 5.3e-02, rel_l2_error = 1.6e-01
Model state saved to ./checkpoints/heat3d_exact\2026-03-07_18-32-40-983274\model.pth
Iteration: 5300, loss_r = 8.2e-04 ,  loss_bc = 1.3e-03,  loss_ic = 4.8e-04,  lr = 1.0e-03, time_taken = 5.8e-02, rel_l2_error = 1.6e-01
Model state saved to ./checkpoints/heat3d_exact\2026-03-07_18-32-40-983274\model.pth
Iteration: 5400, loss_r = 4.8e-04 ,  loss_bc = 1.2e-03,  loss_ic = 5.2e-04,  lr = 1.0e-03, time_taken = 5.1e-02, rel_l2_error = 1.7e-01
Model state saved to ./checkpoints/heat3d_exact\2026-03-07_18-32-40-983274\model.pth
Iteration: 5500, loss_r = 9.8e-04 ,  loss_bc = 1.4e-03,  loss_ic = 4.8e-04,  lr = 1.0e-03, time_taken = 5.2e-02, rel_l2_error = 1.5e-01
Model state saved to ./checkpoints/heat3d_exact\2026-03-07_18-32-40-983274\model.pth
Iteration: 5600, loss_r = 8.7e-04 ,  loss_bc = 7.0e-04,  loss_ic = 7.2e-04,  lr = 1.0e-03, time_taken = 5.0e-02, rel_l2_error = 1.4e-01
Model state saved to ./checkpoints/heat3d_exact\2026-03-07_18-32-40-983274\model.pth
Iteration: 5700, loss_r = 5.6e-04 ,  loss_bc = 7.4e-04,  loss_ic = 5.4e-04,  lr = 1.0e-03, time_taken = 5.7e-02, rel_l2_error = 1.5e-01
Model state saved to ./checkpoints/heat3d_exact\2026-03-07_18-32-40-983274\model.pth
Iteration: 5800, loss_r = 1.3e-03 ,  loss_bc = 7.3e-04,  loss_ic = 3.7e-04,  lr = 1.0e-03, time_taken = 5.7e-02, rel_l2_error = 1.3e-01
Model state saved to ./checkpoints/heat3d_exact\2026-03-07_18-32-40-983274\model.pth
Iteration: 5900, loss_r = 1.6e-03 ,  loss_bc = 1.4e-03,  loss_ic = 5.6e-04,  lr = 1.0e-03, time_taken = 5.0e-02, rel_l2_error = 1.4e-01
Model state saved to ./checkpoints/heat3d_exact\2026-03-07_18-32-40-983274\model.pth
Iteration: 6000, loss_r = 1.2e-03 ,  loss_bc = 9.0e-04,  loss_ic = 4.7e-04,  lr = 1.0e-03, time_taken = 1.5e-01, rel_l2_error = 1.4e-01
Model state saved to ./checkpoints/heat3d_exact\2026-03-07_18-32-40-983274\model.pth
Iteration: 6100, loss_r = 1.4e-03 ,  loss_bc = 8.3e-04,  loss_ic = 3.4e-04,  lr = 1.0e-03, time_taken = 4.8e-02, rel_l2_error = 1.3e-01
Model state saved to ./checkpoints/heat3d_exact\2026-03-07_18-32-40-983274\model.pth
Iteration: 6200, loss_r = 1.5e-03 ,  loss_bc = 6.0e-04,  loss_ic = 3.8e-04,  lr = 1.0e-03, time_taken = 5.0e-02, rel_l2_error = 1.3e-01
Model state saved to ./checkpoints/heat3d_exact\2026-03-07_18-32-40-983274\model.pth
Iteration: 6300, loss_r = 1.0e-03 ,  loss_bc = 1.4e-03,  loss_ic = 4.4e-04,  lr = 1.0e-03, time_taken = 4.8e-02, rel_l2_error = 1.3e-01
Model state saved to ./checkpoints/heat3d_exact\2026-03-07_18-32-40-983274\model.pth
Iteration: 6400, loss_r = 9.7e-04 ,  loss_bc = 8.2e-04,  loss_ic = 3.6e-04,  lr = 1.0e-03, time_taken = 5.2e-02, rel_l2_error = 1.3e-01
Model state saved to ./checkpoints/heat3d_exact\2026-03-07_18-32-40-983274\model.pth
Iteration: 6500, loss_r = 6.6e-04 ,  loss_bc = 6.4e-04,  loss_ic = 3.3e-04,  lr = 1.0e-03, time_taken = 4.2e-02, rel_l2_error = 1.3e-01
Model state saved to ./checkpoints/heat3d_exact\2026-03-07_18-32-40-983274\model.pth
Iteration: 6600, loss_r = 5.2e-04 ,  loss_bc = 1.0e-03,  loss_ic = 5.4e-04,  lr = 1.0e-03, time_taken = 5.1e-02, rel_l2_error = 1.3e-01
Model state saved to ./checkpoints/heat3d_exact\2026-03-07_18-32-40-983274\model.pth
Iteration: 6700, loss_r = 6.1e-04 ,  loss_bc = 7.3e-04,  loss_ic = 5.6e-04,  lr = 1.0e-03, time_taken = 4.6e-02, rel_l2_error = 1.2e-01
Model state saved to ./checkpoints/heat3d_exact\2026-03-07_18-32-40-983274\model.pth
Iteration: 6800, loss_r = 9.1e-04 ,  loss_bc = 1.0e-03,  loss_ic = 2.7e-04,  lr = 1.0e-03, time_taken = 4.7e-02, rel_l2_error = 1.3e-01
Model state saved to ./checkpoints/heat3d_exact\2026-03-07_18-32-40-983274\model.pth
Iteration: 6900, loss_r = 5.7e-04 ,  loss_bc = 7.2e-04,  loss_ic = 2.8e-04,  lr = 1.0e-03, time_taken = 4.4e-02, rel_l2_error = 1.2e-01
Model state saved to ./checkpoints/heat3d_exact\2026-03-07_18-32-40-983274\model.pth
Iteration: 7000, loss_r = 7.0e-04 ,  loss_bc = 1.4e-03,  loss_ic = 3.3e-04,  lr = 1.0e-03, time_taken = 5.1e-02, rel_l2_error = 1.4e-01
Model state saved to ./checkpoints/heat3d_exact\2026-03-07_18-32-40-983274\model.pth
Iteration: 7100, loss_r = 5.0e-04 ,  loss_bc = 6.3e-04,  loss_ic = 3.4e-04,  lr = 1.0e-03, time_taken = 5.0e-02, rel_l2_error = 1.3e-01
Model state saved to ./checkpoints/heat3d_exact\2026-03-07_18-32-40-983274\model.pth
Iteration: 7200, loss_r = 5.9e-04 ,  loss_bc = 3.9e-04,  loss_ic = 1.9e-04,  lr = 1.0e-03, time_taken = 5.5e-02, rel_l2_error = 1.2e-01
Model state saved to ./checkpoints/heat3d_exact\2026-03-07_18-32-40-983274\model.pth
Iteration: 7300, loss_r = 6.0e-04 ,  loss_bc = 6.5e-04,  loss_ic = 3.0e-04,  lr = 1.0e-03, time_taken = 4.8e-02, rel_l2_error = 1.2e-01
Model state saved to ./checkpoints/heat3d_exact\2026-03-07_18-32-40-983274\model.pth
Iteration: 7400, loss_r = 5.1e-04 ,  loss_bc = 5.3e-04,  loss_ic = 2.1e-04,  lr = 1.0e-03, time_taken = 4.5e-02, rel_l2_error = 1.2e-01
Model state saved to ./checkpoints/heat3d_exact\2026-03-07_18-32-40-983274\model.pth
Iteration: 7500, loss_r = 4.9e-04 ,  loss_bc = 4.1e-04,  loss_ic = 3.5e-04,  lr = 1.0e-03, time_taken = 4.2e-02, rel_l2_error = 1.1e-01
Model state saved to ./checkpoints/heat3d_exact\2026-03-07_18-32-40-983274\model.pth
Iteration: 7600, loss_r = 4.7e-04 ,  loss_bc = 5.2e-04,  loss_ic = 2.3e-04,  lr = 1.0e-03, time_taken = 5.1e-02, rel_l2_error = 1.1e-01
Model state saved to ./checkpoints/heat3d_exact\2026-03-07_18-32-40-983274\model.pth
Iteration: 7700, loss_r = 7.5e-04 ,  loss_bc = 1.3e-03,  loss_ic = 3.7e-04,  lr = 1.0e-03, time_taken = 4.9e-02, rel_l2_error = 1.3e-01
Model state saved to ./checkpoints/heat3d_exact\2026-03-07_18-32-40-983274\model.pth
Iteration: 7800, loss_r = 6.0e-04 ,  loss_bc = 8.6e-04,  loss_ic = 2.0e-04,  lr = 1.0e-03, time_taken = 4.3e-02, rel_l2_error = 1.2e-01
Model state saved to ./checkpoints/heat3d_exact\2026-03-07_18-32-40-983274\model.pth
Iteration: 7900, loss_r = 3.0e-04 ,  loss_bc = 4.5e-04,  loss_ic = 1.9e-04,  lr = 1.0e-03, time_taken = 5.2e-02, rel_l2_error = 1.2e-01
Model state saved to ./checkpoints/heat3d_exact\2026-03-07_18-32-40-983274\model.pth
Iteration: 8000, loss_r = 4.0e-04 ,  loss_bc = 4.7e-04,  loss_ic = 2.7e-04,  lr = 1.0e-03, time_taken = 4.1e-02, rel_l2_error = 1.1e-01
Model state saved to ./checkpoints/heat3d_exact\2026-03-07_18-32-40-983274\model.pth
Iteration: 8100, loss_r = 4.4e-04 ,  loss_bc = 5.9e-04,  loss_ic = 1.4e-04,  lr = 1.0e-03, time_taken = 6.9e-02, rel_l2_error = 1.1e-01
Model state saved to ./checkpoints/heat3d_exact\2026-03-07_18-32-40-983274\model.pth
Iteration: 8200, loss_r = 5.6e-04 ,  loss_bc = 4.8e-04,  loss_ic = 5.6e-04,  lr = 1.0e-03, time_taken = 4.5e-02, rel_l2_error = 1.3e-01
Model state saved to ./checkpoints/heat3d_exact\2026-03-07_18-32-40-983274\model.pth
Iteration: 8300, loss_r = 3.1e-04 ,  loss_bc = 5.5e-04,  loss_ic = 1.6e-04,  lr = 1.0e-03, time_taken = 5.2e-02, rel_l2_error = 1.1e-01
Model state saved to ./checkpoints/heat3d_exact\2026-03-07_18-32-40-983274\model.pth
Iteration: 8400, loss_r = 4.9e-04 ,  loss_bc = 5.7e-04,  loss_ic = 2.9e-04,  lr = 1.0e-03, time_taken = 5.2e-02, rel_l2_error = 1.0e-01
Model state saved to ./checkpoints/heat3d_exact\2026-03-07_18-32-40-983274\model.pth
Iteration: 8500, loss_r = 4.8e-04 ,  loss_bc = 8.8e-04,  loss_ic = 2.7e-04,  lr = 1.0e-03, time_taken = 4.0e-02, rel_l2_error = 1.1e-01
Model state saved to ./checkpoints/heat3d_exact\2026-03-07_18-32-40-983274\model.pth
Iteration: 8600, loss_r = 3.9e-04 ,  loss_bc = 3.6e-04,  loss_ic = 5.3e-04,  lr = 1.0e-03, time_taken = 4.5e-02, rel_l2_error = 1.1e-01
Model state saved to ./checkpoints/heat3d_exact\2026-03-07_18-32-40-983274\model.pth
Iteration: 8700, loss_r = 3.8e-04 ,  loss_bc = 5.5e-04,  loss_ic = 1.7e-04,  lr = 1.0e-03, time_taken = 4.7e-02, rel_l2_error = 1.0e-01
Model state saved to ./checkpoints/heat3d_exact\2026-03-07_18-32-40-983274\model.pth
Iteration: 8800, loss_r = 5.9e-04 ,  loss_bc = 3.5e-04,  loss_ic = 1.4e-04,  lr = 1.0e-03, time_taken = 5.5e-02, rel_l2_error = 1.0e-01
Model state saved to ./checkpoints/heat3d_exact\2026-03-07_18-32-40-983274\model.pth
Iteration: 8900, loss_r = 2.8e-04 ,  loss_bc = 1.1e-03,  loss_ic = 2.0e-04,  lr = 1.0e-03, time_taken = 5.2e-02, rel_l2_error = 1.2e-01
Model state saved to ./checkpoints/heat3d_exact\2026-03-07_18-32-40-983274\model.pth
Iteration: 9000, loss_r = 7.6e-04 ,  loss_bc = 4.6e-04,  loss_ic = 2.2e-04,  lr = 1.0e-03, time_taken = 4.6e-02, rel_l2_error = 1.1e-01
Model state saved to ./checkpoints/heat3d_exact\2026-03-07_18-32-40-983274\model.pth
Iteration: 9100, loss_r = 2.4e-04 ,  loss_bc = 3.7e-04,  loss_ic = 1.5e-04,  lr = 1.0e-03, time_taken = 4.8e-02, rel_l2_error = 1.0e-01
Model state saved to ./checkpoints/heat3d_exact\2026-03-07_18-32-40-983274\model.pth
Iteration: 9200, loss_r = 2.4e-04 ,  loss_bc = 3.3e-04,  loss_ic = 1.4e-04,  lr = 1.0e-03, time_taken = 4.7e-02, rel_l2_error = 9.7e-02
Model state saved to ./checkpoints/heat3d_exact\2026-03-07_18-32-40-983274\model.pth
Iteration: 9300, loss_r = 2.1e-04 ,  loss_bc = 1.1e-03,  loss_ic = 1.2e-04,  lr = 1.0e-03, time_taken = 4.5e-02, rel_l2_error = 1.0e-01
Model state saved to ./checkpoints/heat3d_exact\2026-03-07_18-32-40-983274\model.pth
Iteration: 9400, loss_r = 5.0e-04 ,  loss_bc = 4.3e-04,  loss_ic = 1.7e-04,  lr = 1.0e-03, time_taken = 5.1e-02, rel_l2_error = 1.2e-01
Model state saved to ./checkpoints/heat3d_exact\2026-03-07_18-32-40-983274\model.pth
Iteration: 9500, loss_r = 3.8e-04 ,  loss_bc = 3.0e-04,  loss_ic = 8.5e-05,  lr = 1.0e-03, time_taken = 5.4e-02, rel_l2_error = 9.1e-02
Model state saved to ./checkpoints/heat3d_exact\2026-03-07_18-32-40-983274\model.pth
Iteration: 9600, loss_r = 2.1e-04 ,  loss_bc = 4.3e-04,  loss_ic = 1.1e-04,  lr = 1.0e-03, time_taken = 5.7e-02, rel_l2_error = 1.0e-01
Model state saved to ./checkpoints/heat3d_exact\2026-03-07_18-32-40-983274\model.pth
Iteration: 9700, loss_r = 2.4e-04 ,  loss_bc = 6.5e-04,  loss_ic = 4.7e-04,  lr = 1.0e-03, time_taken = 5.8e-02, rel_l2_error = 9.3e-02
Model state saved to ./checkpoints/heat3d_exact\2026-03-07_18-32-40-983274\model.pth
Iteration: 9800, loss_r = 2.3e-04 ,  loss_bc = 3.0e-04,  loss_ic = 6.8e-05,  lr = 1.0e-03, time_taken = 4.2e-02, rel_l2_error = 9.1e-02
Model state saved to ./checkpoints/heat3d_exact\2026-03-07_18-32-40-983274\model.pth
Iteration: 9900, loss_r = 2.8e-04 ,  loss_bc = 3.1e-04,  loss_ic = 5.1e-05,  lr = 1.0e-03, time_taken = 5.3e-02, rel_l2_error = 9.1e-02
Model state saved to ./checkpoints/heat3d_exact\2026-03-07_18-32-40-983274\model.pth

=== Switching to LBFGS optimizer at iteration 10000 ===
Using scipy L-BFGS-B optimizer
Optimizer: L-BFGS-B (maxiter=10000, factr=1000.0, m=100, maxls=50, pgtol=1e-14)
L-BFGS Iteration: 0, Loss: 6.750025e-04
L-BFGS Iteration: 1, Loss: 5.324397e-04, Relative L2 Error: 8.793554e-02
L-BFGS: Time for 100 iterations = 33.5180 s
L-BFGS Iteration: 100, Loss: 2.417900e-04, Relative L2 Error: 7.280056e-02
L-BFGS Iteration: 200, Loss: 1.562761e-04, Relative L2 Error: 6.713321e-02
L-BFGS Iteration: 300, Loss: 1.107837e-04, Relative L2 Error: 4.934252e-02
L-BFGS Iteration: 400, Loss: 8.691682e-05, Relative L2 Error: 4.991860e-02
L-BFGS Iteration: 500, Loss: 6.879048e-05, Relative L2 Error: 4.569354e-02
L-BFGS Iteration: 600, Loss: 5.568171e-05, Relative L2 Error: 4.443138e-02
L-BFGS Iteration: 700, Loss: 4.728395e-05, Relative L2 Error: 3.787223e-02
L-BFGS Iteration: 800, Loss: 4.072588e-05, Relative L2 Error: 3.791244e-02
L-BFGS Iteration: 900, Loss: 3.520711e-05, Relative L2 Error: 3.956161e-02
L-BFGS Iteration: 1000, Loss: 3.143338e-05, Relative L2 Error: 3.925063e-02
L-BFGS Iteration: 1100, Loss: 2.926094e-05, Relative L2 Error: 3.893989e-02
L-BFGS Iteration: 1200, Loss: 2.676609e-05, Relative L2 Error: 3.806648e-02
L-BFGS Iteration: 1300, Loss: 2.465423e-05, Relative L2 Error: 3.821909e-02
L-BFGS Iteration: 1400, Loss: 2.285592e-05, Relative L2 Error: 3.675963e-02
L-BFGS Iteration: 1500, Loss: 2.120282e-05, Relative L2 Error: 3.628342e-02
L-BFGS Iteration: 1600, Loss: 1.997160e-05, Relative L2 Error: 3.690291e-02
L-BFGS Iteration: 1700, Loss: 1.880082e-05, Relative L2 Error: 3.710744e-02
L-BFGS Iteration: 1800, Loss: 1.769093e-05, Relative L2 Error: 3.533787e-02
L-BFGS Iteration: 1900, Loss: 1.673350e-05, Relative L2 Error: 3.624376e-02
L-BFGS Iteration: 2000, Loss: 1.559702e-05, Relative L2 Error: 3.458716e-02
L-BFGS Iteration: 2100, Loss: 1.473973e-05, Relative L2 Error: 3.406616e-02
L-BFGS Iteration: 2200, Loss: 1.388126e-05, Relative L2 Error: 3.444777e-02
L-BFGS Iteration: 2300, Loss: 1.312179e-05, Relative L2 Error: 3.421211e-02
L-BFGS Iteration: 2400, Loss: 1.243686e-05, Relative L2 Error: 3.286641e-02
L-BFGS Iteration: 2500, Loss: 1.182799e-05, Relative L2 Error: 3.500891e-02
L-BFGS Iteration: 2600, Loss: 1.134162e-05, Relative L2 Error: 3.278095e-02
L-BFGS Iteration: 2700, Loss: 1.071417e-05, Relative L2 Error: 3.111348e-02
L-BFGS Iteration: 2800, Loss: 1.024451e-05, Relative L2 Error: 3.120115e-02
L-BFGS Iteration: 2900, Loss: 9.740293e-06, Relative L2 Error: 3.068109e-02
L-BFGS Iteration: 3000, Loss: 9.319170e-06, Relative L2 Error: 3.034771e-02
L-BFGS Iteration: 3100, Loss: 8.885801e-06, Relative L2 Error: 3.119423e-02
L-BFGS Iteration: 3200, Loss: 8.558662e-06, Relative L2 Error: 2.870215e-02
L-BFGS Iteration: 3300, Loss: 8.180870e-06, Relative L2 Error: 2.718440e-02
L-BFGS Iteration: 3400, Loss: 7.789036e-06, Relative L2 Error: 2.949284e-02
L-BFGS Iteration: 3500, Loss: 7.510722e-06, Relative L2 Error: 2.917525e-02
L-BFGS Iteration: 3600, Loss: 7.195827e-06, Relative L2 Error: 3.006202e-02
L-BFGS Iteration: 3700, Loss: 6.922862e-06, Relative L2 Error: 2.909651e-02
L-BFGS Iteration: 3800, Loss: 6.647893e-06, Relative L2 Error: 2.960553e-02
L-BFGS Iteration: 3900, Loss: 6.394632e-06, Relative L2 Error: 2.900819e-02
L-BFGS Iteration: 4000, Loss: 6.120899e-06, Relative L2 Error: 2.787600e-02
L-BFGS Iteration: 4100, Loss: 5.876773e-06, Relative L2 Error: 2.847344e-02
L-BFGS Iteration: 4200, Loss: 5.667834e-06, Relative L2 Error: 3.073256e-02
L-BFGS Iteration: 4300, Loss: 5.483133e-06, Relative L2 Error: 2.834234e-02
L-BFGS Iteration: 4400, Loss: 5.291110e-06, Relative L2 Error: 2.930149e-02
L-BFGS Iteration: 4500, Loss: 5.061087e-06, Relative L2 Error: 3.003295e-02
L-BFGS Iteration: 4600, Loss: 4.883289e-06, Relative L2 Error: 2.796890e-02
L-BFGS Iteration: 4700, Loss: 4.672848e-06, Relative L2 Error: 2.902015e-02
L-BFGS Iteration: 4800, Loss: 4.477020e-06, Relative L2 Error: 2.868544e-02
L-BFGS Iteration: 4900, Loss: 4.296764e-06, Relative L2 Error: 2.703633e-02
L-BFGS Iteration: 5000, Loss: 4.139843e-06, Relative L2 Error: 2.679176e-02
L-BFGS Iteration: 5100, Loss: 4.017259e-06, Relative L2 Error: 2.785699e-02
L-BFGS Iteration: 5200, Loss: 3.911468e-06, Relative L2 Error: 2.651294e-02
L-BFGS Iteration: 5300, Loss: 3.800452e-06, Relative L2 Error: 2.595303e-02
L-BFGS Iteration: 5400, Loss: 3.691782e-06, Relative L2 Error: 2.657757e-02
L-BFGS Iteration: 5500, Loss: 3.586924e-06, Relative L2 Error: 2.608422e-02
L-BFGS Iteration: 5600, Loss: 3.489450e-06, Relative L2 Error: 2.568550e-02
L-BFGS Iteration: 5700, Loss: 3.396427e-06, Relative L2 Error: 2.484981e-02
L-BFGS Iteration: 5800, Loss: 3.276352e-06, Relative L2 Error: 2.563535e-02
L-BFGS Iteration: 5900, Loss: 3.194052e-06, Relative L2 Error: 2.624882e-02
L-BFGS Iteration: 6000, Loss: 3.119379e-06, Relative L2 Error: 2.616237e-02
L-BFGS Iteration: 6100, Loss: 3.048520e-06, Relative L2 Error: 2.633042e-02
L-BFGS Iteration: 6200, Loss: 2.961849e-06, Relative L2 Error: 2.447526e-02
L-BFGS Iteration: 6300, Loss: 2.883661e-06, Relative L2 Error: 2.396070e-02
L-BFGS Iteration: 6400, Loss: 2.811724e-06, Relative L2 Error: 2.570049e-02
L-BFGS Iteration: 6500, Loss: 2.729865e-06, Relative L2 Error: 2.415370e-02
L-BFGS Iteration: 6600, Loss: 2.631510e-06, Relative L2 Error: 2.505643e-02
L-BFGS Iteration: 6700, Loss: 2.566075e-06, Relative L2 Error: 2.408286e-02
L-BFGS Iteration: 6800, Loss: 2.498556e-06, Relative L2 Error: 2.272559e-02
L-BFGS Iteration: 6900, Loss: 2.424908e-06, Relative L2 Error: 2.297723e-02
L-BFGS Iteration: 7000, Loss: 2.365188e-06, Relative L2 Error: 2.438625e-02
L-BFGS Iteration: 7100, Loss: 2.304300e-06, Relative L2 Error: 2.224945e-02
L-BFGS Iteration: 7200, Loss: 2.255034e-06, Relative L2 Error: 2.239197e-02
L-BFGS Iteration: 7300, Loss: 2.205289e-06, Relative L2 Error: 2.207146e-02
L-BFGS training completed after 7302 iterations
Model state saved to ./checkpoints/heat3d_exact\2026-03-07_18-32-40-983274\model.pth
Training completed successfully!
Relative L2 error (eval data): 2.28e-02
Saved solution comparison heatmaps to: ./checkpoints/heat3d_exact\2026-03-07_18-32-40-983274\solution_comparison_heat3d.png
