Random seed set to: 114514
Solving Burgers equation: u_t + u*u_x = nu*u_xx with nu=0.01
Domain: (x, t) = [-1, 1] x [0, 1]
Using exact solution for boundary and initial conditions
checkpoint path: self.log_path='./checkpoints/burgers_exact\\2026-03-04_21-13-46-889556'
Using Classical Solver2
The settings used:
batch_size : 64
epochs : 20000
lr : 0.001
seed : 114514
print_every : 100
log_path : ./checkpoints/burgers_exact
input_dim : 2
output_dim : 1
num_qubits : 5
hidden_dim : 20
num_quantum_layers : 1
classic_network : [2, 20, 1]
q_ansatz : cross_mesh
mode : hybrid
activation : tanh
shots : None
problem : burgers_exact
solver : Classical2
device : cpu
method : None
cutoff_dim : 20
class : CVNeuralNetwork1
encoding : angle
use_rar : True
rar_eval_freq : 2000
rar_threshold : 0.0005
rar_num_candidates : 10000
rar_num_add : 100
use_hybrid_optimizer : True
adam_iterations : 10000
use_scipy_lbfgs : True
lbfgs_lr : 1
lbfgs_line_search : strong_wolfe
lbfgs_tolerance_grad : 1e-05
lbfgs_tolerance_change : 1e-07
lbfgs_maxiter : 10000
lbfgs_factr : 1000.0
lbfgs_pgtol : 1e-14
lbfgs_maxls : 50
lbfgs_m : 100
lbfgs_eval_every : 100
nx : 200
nt : 200
domainN : 500
leftN : 50
rightN : 50
initialN : 50
eval_total_points : 10000
Total number of parameters: 2181
Iteration: 0, loss_r = 2.3e-02 ,  loss_bc = 8.3e-02,  loss_ic = 3.5e-02,  lr = 1.0e-03, time_taken = 2.1e-02, rel_l2_error = 8.2e-01
Model state saved to ./checkpoints/burgers_exact\2026-03-04_21-13-46-889556\model.pth
Iteration: 100, loss_r = 3.7e-04 ,  loss_bc = 2.9e-04,  loss_ic = 2.3e-02,  lr = 1.0e-03, time_taken = 1.0e-02, rel_l2_error = 8.7e-01
Model state saved to ./checkpoints/burgers_exact\2026-03-04_21-13-46-889556\model.pth
Iteration: 200, loss_r = 2.5e-03 ,  loss_bc = 1.1e-03,  loss_ic = 6.9e-03,  lr = 1.0e-03, time_taken = 1.3e-02, rel_l2_error = 4.3e-01
Model state saved to ./checkpoints/burgers_exact\2026-03-04_21-13-46-889556\model.pth
Iteration: 300, loss_r = 1.7e-03 ,  loss_bc = 5.2e-04,  loss_ic = 6.7e-03,  lr = 1.0e-03, time_taken = 9.0e-03, rel_l2_error = 3.8e-01
Model state saved to ./checkpoints/burgers_exact\2026-03-04_21-13-46-889556\model.pth
Iteration: 400, loss_r = 1.5e-03 ,  loss_bc = 5.6e-04,  loss_ic = 5.2e-03,  lr = 1.0e-03, time_taken = 1.0e-02, rel_l2_error = 3.8e-01
Model state saved to ./checkpoints/burgers_exact\2026-03-04_21-13-46-889556\model.pth
Iteration: 500, loss_r = 2.1e-03 ,  loss_bc = 5.1e-04,  loss_ic = 5.5e-03,  lr = 1.0e-03, time_taken = 9.9e-03, rel_l2_error = 3.7e-01
Model state saved to ./checkpoints/burgers_exact\2026-03-04_21-13-46-889556\model.pth
Iteration: 600, loss_r = 2.3e-03 ,  loss_bc = 4.2e-04,  loss_ic = 5.9e-03,  lr = 1.0e-03, time_taken = 1.5e-02, rel_l2_error = 3.8e-01
Model state saved to ./checkpoints/burgers_exact\2026-03-04_21-13-46-889556\model.pth
Iteration: 700, loss_r = 1.6e-03 ,  loss_bc = 1.2e-03,  loss_ic = 4.6e-03,  lr = 1.0e-03, time_taken = 1.0e-02, rel_l2_error = 3.6e-01
Model state saved to ./checkpoints/burgers_exact\2026-03-04_21-13-46-889556\model.pth
Iteration: 800, loss_r = 1.4e-03 ,  loss_bc = 5.9e-04,  loss_ic = 7.4e-03,  lr = 1.0e-03, time_taken = 1.1e-02, rel_l2_error = 3.8e-01
Model state saved to ./checkpoints/burgers_exact\2026-03-04_21-13-46-889556\model.pth
Iteration: 900, loss_r = 1.7e-03 ,  loss_bc = 4.1e-04,  loss_ic = 3.4e-03,  lr = 1.0e-03, time_taken = 9.0e-03, rel_l2_error = 3.9e-01
Model state saved to ./checkpoints/burgers_exact\2026-03-04_21-13-46-889556\model.pth
Iteration: 1000, loss_r = 1.2e-03 ,  loss_bc = 3.1e-04,  loss_ic = 3.4e-03,  lr = 1.0e-03, time_taken = 1.0e-02, rel_l2_error = 3.7e-01
Model state saved to ./checkpoints/burgers_exact\2026-03-04_21-13-46-889556\model.pth
Iteration: 1100, loss_r = 1.5e-03 ,  loss_bc = 3.8e-04,  loss_ic = 4.1e-03,  lr = 1.0e-03, time_taken = 8.2e-03, rel_l2_error = 3.6e-01
Model state saved to ./checkpoints/burgers_exact\2026-03-04_21-13-46-889556\model.pth
Iteration: 1200, loss_r = 1.8e-03 ,  loss_bc = 6.6e-04,  loss_ic = 3.3e-03,  lr = 1.0e-03, time_taken = 1.2e-02, rel_l2_error = 3.5e-01
Model state saved to ./checkpoints/burgers_exact\2026-03-04_21-13-46-889556\model.pth
Iteration: 1300, loss_r = 1.2e-03 ,  loss_bc = 2.9e-04,  loss_ic = 2.1e-03,  lr = 1.0e-03, time_taken = 1.2e-02, rel_l2_error = 3.5e-01
Model state saved to ./checkpoints/burgers_exact\2026-03-04_21-13-46-889556\model.pth
Iteration: 1400, loss_r = 1.2e-03 ,  loss_bc = 4.6e-04,  loss_ic = 5.4e-03,  lr = 1.0e-03, time_taken = 1.1e-02, rel_l2_error = 3.5e-01
Model state saved to ./checkpoints/burgers_exact\2026-03-04_21-13-46-889556\model.pth
Iteration: 1500, loss_r = 1.0e-03 ,  loss_bc = 1.7e-04,  loss_ic = 4.0e-03,  lr = 1.0e-03, time_taken = 9.8e-03, rel_l2_error = 3.3e-01
Model state saved to ./checkpoints/burgers_exact\2026-03-04_21-13-46-889556\model.pth
Iteration: 1600, loss_r = 9.1e-04 ,  loss_bc = 2.6e-04,  loss_ic = 5.3e-03,  lr = 1.0e-03, time_taken = 7.5e-03, rel_l2_error = 3.3e-01
Model state saved to ./checkpoints/burgers_exact\2026-03-04_21-13-46-889556\model.pth
Iteration: 1700, loss_r = 9.2e-04 ,  loss_bc = 1.8e-04,  loss_ic = 3.8e-03,  lr = 1.0e-03, time_taken = 8.4e-03, rel_l2_error = 3.2e-01
Model state saved to ./checkpoints/burgers_exact\2026-03-04_21-13-46-889556\model.pth
Iteration: 1800, loss_r = 5.2e-04 ,  loss_bc = 4.8e-04,  loss_ic = 5.9e-03,  lr = 1.0e-03, time_taken = 8.4e-03, rel_l2_error = 3.1e-01
Model state saved to ./checkpoints/burgers_exact\2026-03-04_21-13-46-889556\model.pth
Iteration: 1900, loss_r = 7.5e-04 ,  loss_bc = 4.8e-05,  loss_ic = 5.1e-03,  lr = 1.0e-03, time_taken = 9.6e-03, rel_l2_error = 3.0e-01
Model state saved to ./checkpoints/burgers_exact\2026-03-04_21-13-46-889556\model.pth
Iteration: 2000, loss_r = 4.9e-04 ,  loss_bc = 4.4e-04,  loss_ic = 2.5e-03,  lr = 1.0e-03, time_taken = 9.5e-03, rel_l2_error = 3.2e-01
Model state saved to ./checkpoints/burgers_exact\2026-03-04_21-13-46-889556\model.pth

=== RAR Evaluation at iteration 2000 ===
Mean residual: 1.889e-02
Adding 100 new point(s) with highest residuals:
  Point 1: [0.00116181 0.13679516], Residual: 9.067e-02
  Point 2: [0.00675285 0.15612221], Residual: 8.954e-02
  Point 3: [0.00789756 0.13653588], Residual: 8.845e-02
  Point 4: [0.00810969 0.1641432 ], Residual: 8.835e-02
  Point 5: [0.01548755 0.15134609], Residual: 8.697e-02
  Point 6: [0.00545013 0.12121058], Residual: 8.626e-02
  Point 7: [0.01130646 0.1735059 ], Residual: 8.571e-02
  Point 8: [0.0032683  0.18219388], Residual: 8.568e-02
  Point 9: [0.00442266 0.18168044], Residual: 8.551e-02
  Point 10: [0.01978898 0.14299357], Residual: 8.537e-02
  Point 11: [0.01340687 0.17723083], Residual: 8.421e-02
  Point 12: [0.0042429  0.10416138], Residual: 8.118e-02
  Point 13: [0.00876719 0.19062138], Residual: 8.116e-02
  Point 14: [0.036726   0.15855587], Residual: 8.046e-02
  Point 15: [0.03144461 0.17484856], Residual: 7.973e-02
  Point 16: [0.02100396 0.18599999], Residual: 7.955e-02
  Point 17: [0.01135898 0.19356203], Residual: 7.930e-02
  Point 18: [0.0388906  0.16649008], Residual: 7.911e-02
  Point 19: [0.04582608 0.15422499], Residual: 7.809e-02
  Point 20: [0.03156799 0.18246758], Residual: 7.783e-02
  Point 21: [0.04908079 0.14309919], Residual: 7.687e-02
  Point 22: [0.04328322 0.17830586], Residual: 7.583e-02
  Point 23: [0.02619857 0.10691261], Residual: 7.570e-02
  Point 24: [0.05499959 0.14572656], Residual: 7.543e-02
  Point 25: [0.01490146 0.20109212], Residual: 7.508e-02
  Point 26: [0.05795884 0.14776528], Residual: 7.473e-02
  Point 27: [0.04999161 0.1274786 ], Residual: 7.454e-02
  Point 28: [0.05275083 0.13094091], Residual: 7.441e-02
  Point 29: [0.03602344 0.19022453], Residual: 7.428e-02
  Point 30: [0.06058061 0.14785588], Residual: 7.404e-02
  Point 31: [0.06113839 0.138363  ], Residual: 7.319e-02
  Point 32: [0.00411499 0.21034312], Residual: 7.283e-02
  Point 33: [0.02115226 0.2033341 ], Residual: 7.252e-02
  Point 34: [0.02765226 0.20053029], Residual: 7.227e-02
  Point 35: [0.05033654 0.1107583 ], Residual: 7.038e-02
  Point 36: [0.07460207 0.1618799 ], Residual: 7.027e-02
  Point 37: [0.0241496  0.20695019], Residual: 7.006e-02
  Point 38: [0.02341908 0.20733976], Residual: 7.003e-02
  Point 39: [0.07314521 0.16830218], Residual: 7.003e-02
  Point 40: [0.0133397  0.21197021], Residual: 6.982e-02
  Point 41: [0.02464753 0.20722806], Residual: 6.981e-02
  Point 42: [0.04930264 0.10714769], Residual: 6.955e-02
  Point 43: [0.06574738 0.18182135], Residual: 6.944e-02
  Point 44: [0.04930311 0.19530892], Residual: 6.930e-02
  Point 45: [0.0211646  0.08588874], Residual: 6.877e-02
  Point 46: [0.06392223 0.11721587], Residual: 6.866e-02
  Point 47: [0.08330446 0.1627667 ], Residual: 6.811e-02
  Point 48: [0.03755844 0.20565987], Residual: 6.768e-02
  Point 49: [0.00139368 0.07233226], Residual: 6.737e-02
  Point 50: [0.03900605 0.20579338], Residual: 6.730e-02
  Point 51: [0.02088577 0.21488035], Residual: 6.655e-02
  Point 52: [0.09149593 0.15089965], Residual: 6.647e-02
  Point 53: [ 0.00022566 -0.21267569], Residual: 6.632e-02
  Point 54: [0.06281531 0.19519758], Residual: 6.627e-02
  Point 55: [0.09298635 0.14952838], Residual: 6.609e-02
  Point 56: [0.07323194 0.11386883], Residual: 6.555e-02
  Point 57: [0.03435701 0.08517969], Residual: 6.512e-02
  Point 58: [0.09721667 0.14700234], Residual: 6.502e-02
  Point 59: [0.01725399 0.07548344], Residual: 6.492e-02
  Point 60: [0.0663209  0.19694257], Residual: 6.489e-02
  Point 61: [ 0.00036031 -0.1935072 ], Residual: 6.489e-02
  Point 62: [0.08295989 0.18449128], Residual: 6.487e-02
  Point 63: [0.0376749  0.08591568], Residual: 6.462e-02
  Point 64: [0.03739309 0.2121687 ], Residual: 6.453e-02
  Point 65: [ 0.00164872 -0.19118488], Residual: 6.424e-02
  Point 66: [0.09501547 0.13160396], Residual: 6.405e-02
  Point 67: [0.09253317 0.12602592], Residual: 6.371e-02
  Point 68: [ 0.01581949 -0.20364225], Residual: 6.339e-02
  Point 69: [ 0.00485444 -0.23300302], Residual: 6.337e-02
  Point 70: [ 0.00477004 -0.18951166], Residual: 6.331e-02
  Point 71: [0.06163305 0.0971365 ], Residual: 6.321e-02
  Point 72: [ 0.01960742 -0.22042274], Residual: 6.309e-02
  Point 73: [0.09547043 0.18041849], Residual: 6.300e-02
  Point 74: [ 0.01226121 -0.23216009], Residual: 6.266e-02
  Point 75: [ 0.0231927  -0.21083248], Residual: 6.263e-02
  Point 76: [0.06128401 0.20659852], Residual: 6.219e-02
  Point 77: [0.09046322 0.11604702], Residual: 6.212e-02
  Point 78: [0.09443814 0.18575406], Residual: 6.208e-02
  Point 79: [ 0.02922785 -0.21994817], Residual: 6.170e-02
  Point 80: [0.04421049 0.08234417], Residual: 6.156e-02
  Point 81: [ 0.02508777 -0.19842899], Residual: 6.112e-02
  Point 82: [ 0.00117034 -0.24434996], Residual: 6.076e-02
  Point 83: [0.03595251 0.07569587], Residual: 6.056e-02
  Point 84: [ 0.0144453  -0.18448448], Residual: 6.027e-02
  Point 85: [0.02942097 0.22323346], Residual: 5.994e-02
  Point 86: [0.11949599 0.16649926], Residual: 5.981e-02
  Point 87: [0.06964737 0.09245312], Residual: 5.975e-02
  Point 88: [0.12124413 0.14410985], Residual: 5.964e-02
  Point 89: [0.07088876 0.09271836], Residual: 5.958e-02
  Point 90: [0.00963652 0.23006558], Residual: 5.921e-02
  Point 91: [ 0.04697907 -0.21477151], Residual: 5.899e-02
  Point 92: [ 0.03586358 -0.19712234], Residual: 5.897e-02
  Point 93: [ 0.04938173 -0.22742844], Residual: 5.844e-02
  Point 94: [ 0.04729557 -0.23077834], Residual: 5.844e-02
  Point 95: [0.0936529 0.1043781], Residual: 5.841e-02
  Point 96: [0.07960069 0.09402597], Residual: 5.815e-02
  Point 97: [0.03292769 0.06902575], Residual: 5.815e-02
  Point 98: [0.03240633 0.22546625], Residual: 5.802e-02
  Point 99: [ 0.02660292 -0.18489325], Residual: 5.802e-02
  Point 100: [0.12745404 0.16893172], Residual: 5.798e-02
Total adaptive points: 100

Iteration: 2100, loss_r = 4.0e-04 ,  loss_bc = 1.6e-05,  loss_ic = 3.7e-03,  lr = 1.0e-03, time_taken = 1.8e-02, rel_l2_error = 3.4e-01
Model state saved to ./checkpoints/burgers_exact\2026-03-04_21-13-46-889556\model.pth
Iteration: 2200, loss_r = 5.0e-04 ,  loss_bc = 1.8e-04,  loss_ic = 3.0e-03,  lr = 1.0e-03, time_taken = 9.5e-03, rel_l2_error = 3.0e-01
Model state saved to ./checkpoints/burgers_exact\2026-03-04_21-13-46-889556\model.pth
Iteration: 2300, loss_r = 4.3e-04 ,  loss_bc = 1.5e-04,  loss_ic = 2.2e-03,  lr = 1.0e-03, time_taken = 1.3e-02, rel_l2_error = 2.7e-01
Model state saved to ./checkpoints/burgers_exact\2026-03-04_21-13-46-889556\model.pth
Iteration: 2400, loss_r = 5.3e-04 ,  loss_bc = 8.7e-05,  loss_ic = 1.6e-03,  lr = 1.0e-03, time_taken = 9.3e-03, rel_l2_error = 2.5e-01
Model state saved to ./checkpoints/burgers_exact\2026-03-04_21-13-46-889556\model.pth
Iteration: 2500, loss_r = 4.8e-04 ,  loss_bc = 3.5e-05,  loss_ic = 2.3e-03,  lr = 1.0e-03, time_taken = 1.0e-02, rel_l2_error = 2.1e-01
Model state saved to ./checkpoints/burgers_exact\2026-03-04_21-13-46-889556\model.pth
Iteration: 2600, loss_r = 3.3e-04 ,  loss_bc = 1.5e-04,  loss_ic = 1.1e-03,  lr = 1.0e-03, time_taken = 1.0e-02, rel_l2_error = 2.3e-01
Model state saved to ./checkpoints/burgers_exact\2026-03-04_21-13-46-889556\model.pth
Iteration: 2700, loss_r = 3.4e-04 ,  loss_bc = 9.8e-05,  loss_ic = 9.7e-04,  lr = 1.0e-03, time_taken = 9.6e-03, rel_l2_error = 2.3e-01
Model state saved to ./checkpoints/burgers_exact\2026-03-04_21-13-46-889556\model.pth
Iteration: 2800, loss_r = 4.0e-04 ,  loss_bc = 4.9e-05,  loss_ic = 1.1e-03,  lr = 1.0e-03, time_taken = 9.0e-03, rel_l2_error = 1.6e-01
Model state saved to ./checkpoints/burgers_exact\2026-03-04_21-13-46-889556\model.pth
Iteration: 2900, loss_r = 5.9e-04 ,  loss_bc = 4.3e-05,  loss_ic = 1.6e-03,  lr = 1.0e-03, time_taken = 9.5e-03, rel_l2_error = 1.8e-01
Model state saved to ./checkpoints/burgers_exact\2026-03-04_21-13-46-889556\model.pth
Iteration: 3000, loss_r = 5.2e-04 ,  loss_bc = 3.6e-05,  loss_ic = 5.7e-04,  lr = 1.0e-03, time_taken = 9.6e-03, rel_l2_error = 1.7e-01
Model state saved to ./checkpoints/burgers_exact\2026-03-04_21-13-46-889556\model.pth
Iteration: 3100, loss_r = 3.8e-04 ,  loss_bc = 7.2e-05,  loss_ic = 1.0e-03,  lr = 1.0e-03, time_taken = 1.2e-02, rel_l2_error = 1.8e-01
Model state saved to ./checkpoints/burgers_exact\2026-03-04_21-13-46-889556\model.pth
Iteration: 3200, loss_r = 3.8e-04 ,  loss_bc = 7.0e-05,  loss_ic = 6.1e-04,  lr = 1.0e-03, time_taken = 1.0e-02, rel_l2_error = 1.6e-01
Model state saved to ./checkpoints/burgers_exact\2026-03-04_21-13-46-889556\model.pth
Iteration: 3300, loss_r = 6.0e-04 ,  loss_bc = 6.7e-05,  loss_ic = 6.5e-04,  lr = 1.0e-03, time_taken = 9.2e-03, rel_l2_error = 1.5e-01
Model state saved to ./checkpoints/burgers_exact\2026-03-04_21-13-46-889556\model.pth
Iteration: 3400, loss_r = 3.6e-04 ,  loss_bc = 3.2e-05,  loss_ic = 8.1e-04,  lr = 1.0e-03, time_taken = 9.9e-03, rel_l2_error = 1.5e-01
Model state saved to ./checkpoints/burgers_exact\2026-03-04_21-13-46-889556\model.pth
Iteration: 3500, loss_r = 2.6e-04 ,  loss_bc = 3.8e-05,  loss_ic = 5.9e-04,  lr = 1.0e-03, time_taken = 1.0e-02, rel_l2_error = 1.3e-01
Model state saved to ./checkpoints/burgers_exact\2026-03-04_21-13-46-889556\model.pth
Iteration: 3600, loss_r = 3.2e-04 ,  loss_bc = 4.4e-05,  loss_ic = 7.2e-04,  lr = 1.0e-03, time_taken = 1.1e-02, rel_l2_error = 1.2e-01
Model state saved to ./checkpoints/burgers_exact\2026-03-04_21-13-46-889556\model.pth
Iteration: 3700, loss_r = 2.3e-04 ,  loss_bc = 5.2e-05,  loss_ic = 4.8e-04,  lr = 1.0e-03, time_taken = 1.1e-02, rel_l2_error = 1.4e-01
Model state saved to ./checkpoints/burgers_exact\2026-03-04_21-13-46-889556\model.pth
Iteration: 3800, loss_r = 2.5e-04 ,  loss_bc = 2.6e-05,  loss_ic = 3.5e-04,  lr = 1.0e-03, time_taken = 1.0e-02, rel_l2_error = 1.2e-01
Model state saved to ./checkpoints/burgers_exact\2026-03-04_21-13-46-889556\model.pth
Iteration: 3900, loss_r = 4.0e-04 ,  loss_bc = 7.7e-05,  loss_ic = 2.1e-04,  lr = 1.0e-03, time_taken = 8.6e-03, rel_l2_error = 1.1e-01
Model state saved to ./checkpoints/burgers_exact\2026-03-04_21-13-46-889556\model.pth
Iteration: 4000, loss_r = 1.8e-04 ,  loss_bc = 2.3e-05,  loss_ic = 2.2e-04,  lr = 1.0e-03, time_taken = 1.6e-02, rel_l2_error = 9.1e-02
Model state saved to ./checkpoints/burgers_exact\2026-03-04_21-13-46-889556\model.pth

=== RAR Evaluation at iteration 4000 ===
Mean residual: 1.254e-02
Adding 100 new point(s) with highest residuals:
  Point 1: [0.00446445 0.49715054], Residual: 8.000e-02
  Point 2: [0.01143205 0.50325394], Residual: 7.871e-02
  Point 3: [0.03251594 0.50437343], Residual: 7.544e-02
  Point 4: [0.0198794 0.5118654], Residual: 7.497e-02
  Point 5: [ 0.00453293 -0.35675132], Residual: 7.496e-02
  Point 6: [0.01984143 0.49200475], Residual: 7.394e-02
  Point 7: [0.04220283 0.50880516], Residual: 7.389e-02
  Point 8: [0.04400754 0.5122081 ], Residual: 7.318e-02
  Point 9: [ 0.01592553 -0.38114548], Residual: 7.210e-02
  Point 10: [0.00906348 0.48518336], Residual: 7.208e-02
  Point 11: [0.00684863 0.5156983 ], Residual: 7.195e-02
  Point 12: [ 0.00883824 -0.47930157], Residual: 7.149e-02
  Point 13: [ 0.0085361  -0.47210634], Residual: 7.147e-02
  Point 14: [ 0.00312918 -0.48276246], Residual: 7.099e-02
  Point 15: [0.0449729  0.49963033], Residual: 7.096e-02
  Point 16: [0.05353886 0.5170537 ], Residual: 7.091e-02
  Point 17: [ 0.03254813 -0.3673792 ], Residual: 7.001e-02
  Point 18: [ 0.00895041 -0.35223818], Residual: 6.929e-02
  Point 19: [ 0.0222823  -0.47498643], Residual: 6.923e-02
  Point 20: [ 0.00278628 -0.46202445], Residual: 6.868e-02
  Point 21: [ 0.04689449 -0.37888288], Residual: 6.850e-02
  Point 22: [0.01639009 0.520712  ], Residual: 6.797e-02
  Point 23: [ 0.03612572 -0.3656181 ], Residual: 6.771e-02
  Point 24: [0.07517868 0.5099381 ], Residual: 6.757e-02
  Point 25: [0.05262631 0.52352333], Residual: 6.752e-02
  Point 26: [ 0.01784104 -0.48988485], Residual: 6.710e-02
  Point 27: [ 0.03464544 -0.47635937], Residual: 6.691e-02
  Point 28: [ 0.03028798 -0.4732331 ], Residual: 6.686e-02
  Point 29: [ 0.01436406 -0.46410406], Residual: 6.641e-02
  Point 30: [ 0.0333457  -0.38845408], Residual: 6.629e-02
  Point 31: [ 0.04171318 -0.48933494], Residual: 6.604e-02
  Point 32: [0.01327437 0.48119485], Residual: 6.575e-02
  Point 33: [ 0.04707247 -0.36950433], Residual: 6.574e-02
  Point 34: [ 0.0141924  -0.49313867], Residual: 6.505e-02
  Point 35: [0.04223692 0.49111354], Residual: 6.503e-02
  Point 36: [ 0.04602903 -0.3900566 ], Residual: 6.493e-02
  Point 37: [0.09558243 0.52485025], Residual: 6.492e-02
  Point 38: [ 0.03296906 -0.3900354 ], Residual: 6.492e-02
  Point 39: [ 0.03708732 -0.3613521 ], Residual: 6.424e-02
  Point 40: [ 0.00603276 -0.49398196], Residual: 6.405e-02
  Point 41: [ 0.00235963 -0.45578957], Residual: 6.366e-02
  Point 42: [ 0.02917558 -0.39126766], Residual: 6.347e-02
  Point 43: [0.1005078 0.5155349], Residual: 6.345e-02
  Point 44: [ 0.0448069  -0.47394526], Residual: 6.336e-02
  Point 45: [ 0.05272144 -0.3687644 ], Residual: 6.310e-02
  Point 46: [0.11074764 0.52681315], Residual: 6.284e-02
  Point 47: [0.05161363 0.49201763], Residual: 6.222e-02
  Point 48: [ 0.0359087 -0.4980191], Residual: 6.221e-02
  Point 49: [ 0.00946218 -0.45710588], Residual: 6.220e-02
  Point 50: [ 0.07129192 -0.49379325], Residual: 6.218e-02
  Point 51: [ 0.00394869 -0.3895985 ], Residual: 6.207e-02
  Point 52: [0.02160263 0.52718556], Residual: 6.162e-02
  Point 53: [ 0.07401055 -0.38132715], Residual: 6.160e-02
  Point 54: [0.02962786 0.5282353 ], Residual: 6.153e-02
  Point 55: [ 0.06784528 -0.37522137], Residual: 6.114e-02
  Point 56: [ 0.03066838 -0.35480642], Residual: 6.112e-02
  Point 57: [0.04986745 0.5311791 ], Residual: 6.078e-02
  Point 58: [ 0.07571101 -0.3944819 ], Residual: 6.054e-02
  Point 59: [ 0.05842763 -0.5013895 ], Residual: 6.033e-02
  Point 60: [ 0.06666058 -0.37296188], Residual: 6.030e-02
  Point 61: [ 0.00225496 -0.6391933 ], Residual: 5.991e-02
  Point 62: [ 0.00704426 -0.6270809 ], Residual: 5.976e-02
  Point 63: [ 0.07246464 -0.39715135], Residual: 5.939e-02
  Point 64: [ 0.02687562 -0.63224125], Residual: 5.905e-02
  Point 65: [ 0.01693684 -0.625366  ], Residual: 5.901e-02
  Point 66: [0.13774037 0.5284232 ], Residual: 5.868e-02
  Point 67: [ 0.02338886 -0.45899534], Residual: 5.867e-02
  Point 68: [ 0.09159482 -0.3911674 ], Residual: 5.858e-02
  Point 69: [0.06093961 0.49216616], Residual: 5.849e-02
  Point 70: [0.01559591 0.5290388 ], Residual: 5.843e-02
  Point 71: [ 0.03350317 -0.35363257], Residual: 5.842e-02
  Point 72: [ 0.04335409 -0.6466074 ], Residual: 5.837e-02
  Point 73: [ 0.0178346  -0.39413488], Residual: 5.829e-02
  Point 74: [ 0.07784343 -0.37668908], Residual: 5.829e-02
  Point 75: [ 0.00662297 -0.6523895 ], Residual: 5.817e-02
  Point 76: [ 0.02988303 -0.6250682 ], Residual: 5.811e-02
  Point 77: [ 0.02702075 -0.5026196 ], Residual: 5.810e-02
  Point 78: [ 0.09379202 -0.5037402 ], Residual: 5.805e-02
  Point 79: [ 0.04920948 -0.6343001 ], Residual: 5.801e-02
  Point 80: [ 0.04395348 -0.6311487 ], Residual: 5.800e-02
  Point 81: [0.0301317 0.531368 ], Residual: 5.799e-02
  Point 82: [ 0.06090009 -0.6395484 ], Residual: 5.777e-02
  Point 83: [ 0.00303745 -0.3397919 ], Residual: 5.774e-02
  Point 84: [0.10578775 0.5389621 ], Residual: 5.773e-02
  Point 85: [ 0.09510851 -0.39496708], Residual: 5.769e-02
  Point 86: [ 0.07728666 -0.37475693], Residual: 5.731e-02
  Point 87: [0.00517553 0.52841735], Residual: 5.731e-02
  Point 88: [ 0.01106864 -0.656935  ], Residual: 5.731e-02
  Point 89: [ 0.06140262 -0.36599517], Residual: 5.729e-02
  Point 90: [ 0.0069356  -0.45182014], Residual: 5.727e-02
  Point 91: [ 0.09790313 -0.394583  ], Residual: 5.721e-02
  Point 92: [ 0.1069445 -0.501493 ], Residual: 5.720e-02
  Point 93: [0.02947015 0.4805038 ], Residual: 5.713e-02
  Point 94: [ 0.0826214  -0.50724614], Residual: 5.698e-02
  Point 95: [ 0.01690769 -0.39497876], Residual: 5.686e-02
  Point 96: [ 0.01306087 -0.6127726 ], Residual: 5.684e-02
  Point 97: [ 0.0709089 -0.6592915], Residual: 5.668e-02
  Point 98: [ 0.05948985 -0.6603564 ], Residual: 5.662e-02
  Point 99: [ 0.06921828 -0.3692826 ], Residual: 5.662e-02
  Point 100: [ 0.01340443 -0.66055787], Residual: 5.654e-02
Total adaptive points: 200

Iteration: 4100, loss_r = 4.6e-04 ,  loss_bc = 6.6e-05,  loss_ic = 2.1e-04,  lr = 1.0e-03, time_taken = 9.8e-03, rel_l2_error = 1.1e-01
Model state saved to ./checkpoints/burgers_exact\2026-03-04_21-13-46-889556\model.pth
Iteration: 4200, loss_r = 3.4e-04 ,  loss_bc = 4.3e-05,  loss_ic = 1.2e-04,  lr = 1.0e-03, time_taken = 1.2e-02, rel_l2_error = 1.1e-01
Model state saved to ./checkpoints/burgers_exact\2026-03-04_21-13-46-889556\model.pth
Iteration: 4300, loss_r = 1.6e-04 ,  loss_bc = 1.3e-05,  loss_ic = 1.7e-04,  lr = 1.0e-03, time_taken = 1.0e-02, rel_l2_error = 8.7e-02
Model state saved to ./checkpoints/burgers_exact\2026-03-04_21-13-46-889556\model.pth
Iteration: 4400, loss_r = 1.9e-04 ,  loss_bc = 5.6e-05,  loss_ic = 1.1e-04,  lr = 1.0e-03, time_taken = 7.4e-03, rel_l2_error = 8.3e-02
Model state saved to ./checkpoints/burgers_exact\2026-03-04_21-13-46-889556\model.pth
Iteration: 4500, loss_r = 1.2e-04 ,  loss_bc = 5.3e-05,  loss_ic = 1.8e-04,  lr = 1.0e-03, time_taken = 1.0e-02, rel_l2_error = 6.8e-02
Model state saved to ./checkpoints/burgers_exact\2026-03-04_21-13-46-889556\model.pth
Iteration: 4600, loss_r = 1.1e-04 ,  loss_bc = 1.1e-05,  loss_ic = 6.7e-05,  lr = 1.0e-03, time_taken = 1.0e-02, rel_l2_error = 4.6e-02
Model state saved to ./checkpoints/burgers_exact\2026-03-04_21-13-46-889556\model.pth
Iteration: 4700, loss_r = 1.4e-04 ,  loss_bc = 7.6e-06,  loss_ic = 3.8e-05,  lr = 1.0e-03, time_taken = 1.2e-02, rel_l2_error = 4.1e-02
Model state saved to ./checkpoints/burgers_exact\2026-03-04_21-13-46-889556\model.pth
Iteration: 4800, loss_r = 9.0e-05 ,  loss_bc = 2.0e-05,  loss_ic = 4.1e-05,  lr = 1.0e-03, time_taken = 1.1e-02, rel_l2_error = 3.4e-02
Model state saved to ./checkpoints/burgers_exact\2026-03-04_21-13-46-889556\model.pth
Iteration: 4900, loss_r = 1.1e-04 ,  loss_bc = 8.6e-06,  loss_ic = 4.9e-05,  lr = 1.0e-03, time_taken = 9.4e-03, rel_l2_error = 2.8e-02
Model state saved to ./checkpoints/burgers_exact\2026-03-04_21-13-46-889556\model.pth
Iteration: 5000, loss_r = 6.7e-05 ,  loss_bc = 5.8e-06,  loss_ic = 2.3e-05,  lr = 1.0e-03, time_taken = 9.8e-03, rel_l2_error = 2.9e-02
Model state saved to ./checkpoints/burgers_exact\2026-03-04_21-13-46-889556\model.pth
Iteration: 5100, loss_r = 6.0e-05 ,  loss_bc = 4.8e-06,  loss_ic = 3.0e-05,  lr = 1.0e-03, time_taken = 9.7e-03, rel_l2_error = 2.8e-02
Model state saved to ./checkpoints/burgers_exact\2026-03-04_21-13-46-889556\model.pth
Iteration: 5200, loss_r = 5.0e-05 ,  loss_bc = 1.0e-05,  loss_ic = 1.8e-05,  lr = 1.0e-03, time_taken = 9.8e-03, rel_l2_error = 2.4e-02
Model state saved to ./checkpoints/burgers_exact\2026-03-04_21-13-46-889556\model.pth
Iteration: 5300, loss_r = 3.9e-05 ,  loss_bc = 1.3e-05,  loss_ic = 3.2e-05,  lr = 1.0e-03, time_taken = 1.5e-02, rel_l2_error = 2.8e-02
Model state saved to ./checkpoints/burgers_exact\2026-03-04_21-13-46-889556\model.pth
Iteration: 5400, loss_r = 4.8e-05 ,  loss_bc = 6.0e-07,  loss_ic = 1.5e-05,  lr = 1.0e-03, time_taken = 1.4e-02, rel_l2_error = 2.7e-02
Model state saved to ./checkpoints/burgers_exact\2026-03-04_21-13-46-889556\model.pth
Iteration: 5500, loss_r = 3.6e-05 ,  loss_bc = 9.1e-06,  loss_ic = 1.9e-05,  lr = 1.0e-03, time_taken = 8.2e-03, rel_l2_error = 3.0e-02
Model state saved to ./checkpoints/burgers_exact\2026-03-04_21-13-46-889556\model.pth
Iteration: 5600, loss_r = 5.0e-05 ,  loss_bc = 1.8e-05,  loss_ic = 1.3e-05,  lr = 1.0e-03, time_taken = 1.0e-02, rel_l2_error = 2.5e-02
Model state saved to ./checkpoints/burgers_exact\2026-03-04_21-13-46-889556\model.pth
Iteration: 5700, loss_r = 2.8e-05 ,  loss_bc = 3.4e-06,  loss_ic = 1.3e-05,  lr = 1.0e-03, time_taken = 8.5e-03, rel_l2_error = 3.4e-02
Model state saved to ./checkpoints/burgers_exact\2026-03-04_21-13-46-889556\model.pth
Iteration: 5800, loss_r = 3.7e-05 ,  loss_bc = 1.8e-06,  loss_ic = 1.9e-05,  lr = 1.0e-03, time_taken = 7.4e-03, rel_l2_error = 2.2e-02
Model state saved to ./checkpoints/burgers_exact\2026-03-04_21-13-46-889556\model.pth
Iteration: 5900, loss_r = 4.2e-05 ,  loss_bc = 2.4e-05,  loss_ic = 3.6e-05,  lr = 1.0e-03, time_taken = 1.3e-02, rel_l2_error = 1.4e-02
Model state saved to ./checkpoints/burgers_exact\2026-03-04_21-13-46-889556\model.pth
Iteration: 6000, loss_r = 2.0e-05 ,  loss_bc = 1.9e-06,  loss_ic = 2.1e-05,  lr = 1.0e-03, time_taken = 8.3e-03, rel_l2_error = 1.7e-02
Model state saved to ./checkpoints/burgers_exact\2026-03-04_21-13-46-889556\model.pth

=== RAR Evaluation at iteration 6000 ===
Mean residual: 4.694e-03
Adding 100 new point(s) with highest residuals:
  Point 1: [ 0.00236517 -0.52924895], Residual: 3.770e-02
  Point 2: [ 0.00141478 -0.54023874], Residual: 3.473e-02
  Point 3: [ 0.02289879 -0.5337869 ], Residual: 3.256e-02
  Point 4: [ 0.01279986 -0.54311967], Residual: 3.235e-02
  Point 5: [ 0.00108081 -0.50961447], Residual: 3.152e-02
  Point 6: [ 0.01004446 -0.5157776 ], Residual: 3.151e-02
  Point 7: [ 0.00093108 -0.5476749 ], Residual: 3.054e-02
  Point 8: [0.99135524 0.76265395], Residual: 2.937e-02
  Point 9: [0.98963636 0.76205385], Residual: 2.923e-02
  Point 10: [ 0.9864741  -0.63257873], Residual: 2.766e-02
  Point 11: [ 0.97496504 -0.6428305 ], Residual: 2.760e-02
  Point 12: [ 0.9722334  -0.64595616], Residual: 2.727e-02
  Point 13: [0.9956398  0.78552127], Residual: 2.708e-02
  Point 14: [ 0.990673  -0.8104725], Residual: 2.693e-02
  Point 15: [0.9602049  0.75243235], Residual: 2.685e-02
  Point 16: [ 0.9892994 -0.8397143], Residual: 2.673e-02
  Point 17: [ 0.9770578  -0.82707274], Residual: 2.647e-02
  Point 18: [0.96836835 0.77333605], Residual: 2.644e-02
  Point 19: [0.9649943  0.77133334], Residual: 2.642e-02
  Point 20: [ 0.02107465 -0.553947  ], Residual: 2.639e-02
  Point 21: [ 0.9784267 -0.8340472], Residual: 2.629e-02
  Point 22: [0.95582783 0.7665943 ], Residual: 2.616e-02
  Point 23: [ 0.956631  -0.6429833], Residual: 2.582e-02
  Point 24: [ 0.97597134 -0.8383111 ], Residual: 2.578e-02
  Point 25: [ 0.9973295 -0.8537319], Residual: 2.572e-02
  Point 26: [ 0.96394575 -0.81523776], Residual: 2.541e-02
  Point 27: [ 0.97236174 -0.62101436], Residual: 2.532e-02
  Point 28: [ 0.04916567 -0.5350872 ], Residual: 2.529e-02
  Point 29: [ 0.9599491 -0.8248192], Residual: 2.528e-02
  Point 30: [ 0.98830914 -0.79672694], Residual: 2.513e-02
  Point 31: [ 0.9651682 -0.6566447], Residual: 2.506e-02
  Point 32: [ 0.05355388 -0.550092  ], Residual: 2.505e-02
  Point 33: [ 0.95780027 -0.65147555], Residual: 2.501e-02
  Point 34: [ 0.98462045 -0.61760294], Residual: 2.491e-02
  Point 35: [ 0.441302   -0.61004007], Residual: 2.489e-02
  Point 36: [ 0.49842077 -0.63384724], Residual: 2.486e-02
  Point 37: [0.93494236 0.75994325], Residual: 2.484e-02
  Point 38: [ 0.99151057 -0.7930881 ], Residual: 2.481e-02
  Point 39: [ 0.39902174 -0.59850216], Residual: 2.468e-02
  Point 40: [ 0.9483026 -0.821689 ], Residual: 2.451e-02
  Point 41: [ 0.96416765 -0.65871537], Residual: 2.445e-02
  Point 42: [ 0.98143584 -0.79539585], Residual: 2.444e-02
  Point 43: [ 0.39891475 -0.6118922 ], Residual: 2.438e-02
  Point 44: [ 0.94768405 -0.64732516], Residual: 2.434e-02
  Point 45: [0.9211356  0.74747634], Residual: 2.432e-02
  Point 46: [ 0.37722027 -0.5922718 ], Residual: 2.427e-02
  Point 47: [ 0.43805808 -0.62507915], Residual: 2.418e-02
  Point 48: [ 0.4861771 -0.6369691], Residual: 2.415e-02
  Point 49: [ 0.9817617  -0.66956127], Residual: 2.412e-02
  Point 50: [ 0.37529403 -0.60425436], Residual: 2.407e-02
  Point 51: [ 0.9473466  -0.83294487], Residual: 2.403e-02
  Point 52: [ 0.9340889 -0.628626 ], Residual: 2.403e-02
  Point 53: [ 0.43481797 -0.62480855], Residual: 2.400e-02
  Point 54: [ 0.9627423  -0.65981627], Residual: 2.395e-02
  Point 55: [ 0.96097654 -0.8450761 ], Residual: 2.390e-02
  Point 56: [ 0.43361884 -0.624913  ], Residual: 2.387e-02
  Point 57: [ 0.93708503 -0.6210985 ], Residual: 2.382e-02
  Point 58: [ 0.994631   -0.67671955], Residual: 2.370e-02
  Point 59: [ 0.5157736  -0.64406836], Residual: 2.369e-02
  Point 60: [ 0.37576002 -0.60636806], Residual: 2.362e-02
  Point 61: [ 0.40615553 -0.6173576 ], Residual: 2.358e-02
  Point 62: [ 0.9529935 -0.8014833], Residual: 2.352e-02
  Point 63: [ 0.06244528 -0.55091393], Residual: 2.346e-02
  Point 64: [ 0.39870012 -0.593953  ], Residual: 2.341e-02
  Point 65: [0.9817394 0.7410748], Residual: 2.335e-02
  Point 66: [ 0.98258203 -0.7882196 ], Residual: 2.332e-02
  Point 67: [ 0.9411279 -0.8055898], Residual: 2.331e-02
  Point 68: [ 0.48452824 -0.61748064], Residual: 2.322e-02
  Point 69: [ 0.96270436 -0.79544485], Residual: 2.321e-02
  Point 70: [ 0.9377185  -0.80629575], Residual: 2.319e-02
  Point 71: [ 0.4826616 -0.6396767], Residual: 2.318e-02
  Point 72: [ 0.3321671 -0.5880166], Residual: 2.317e-02
  Point 73: [ 0.9499589 -0.6552042], Residual: 2.315e-02
  Point 74: [ 0.9610686 -0.6109309], Residual: 2.314e-02
  Point 75: [ 0.5470097  -0.64952135], Residual: 2.313e-02
  Point 76: [0.9243529  0.76364386], Residual: 2.312e-02
  Point 77: [ 0.5391625 -0.6368506], Residual: 2.311e-02
  Point 78: [ 0.32611704 -0.58151305], Residual: 2.308e-02
  Point 79: [ 0.92607284 -0.8154627 ], Residual: 2.304e-02
  Point 80: [ 0.9252894 -0.8157356], Residual: 2.300e-02
  Point 81: [ 0.55578107 -0.6495606 ], Residual: 2.299e-02
  Point 82: [ 0.98354423 -0.86337185], Residual: 2.296e-02
  Point 83: [ 0.5291126 -0.649402 ], Residual: 2.289e-02
  Point 84: [ 0.38210142 -0.61154234], Residual: 2.278e-02
  Point 85: [0.00760031 0.389606  ], Residual: 2.251e-02
  Point 86: [ 0.9817123  -0.78407025], Residual: 2.251e-02
  Point 87: [ 0.47625226 -0.6403762 ], Residual: 2.242e-02
  Point 88: [ 0.9177196  -0.81137276], Residual: 2.242e-02
  Point 89: [ 0.32914877 -0.5767853 ], Residual: 2.241e-02
  Point 90: [ 0.49768478 -0.64534354], Residual: 2.239e-02
  Point 91: [ 0.9532915 -0.6075674], Residual: 2.233e-02
  Point 92: [0.9208025 0.7656921], Residual: 2.230e-02
  Point 93: [ 0.99637383 -0.7759564 ], Residual: 2.229e-02
  Point 94: [ 0.95603424 -0.7923515 ], Residual: 2.229e-02
  Point 95: [ 0.9180806 -0.6347965], Residual: 2.228e-02
  Point 96: [0.00865322 0.3627652 ], Residual: 2.225e-02
  Point 97: [ 0.94846094 -0.8505571 ], Residual: 2.222e-02
  Point 98: [ 0.929422  -0.6100066], Residual: 2.217e-02
  Point 99: [ 0.9323377 -0.7997575], Residual: 2.217e-02
  Point 100: [ 0.9468656 -0.7939656], Residual: 2.205e-02
Total adaptive points: 300

Iteration: 6100, loss_r = 4.0e-05 ,  loss_bc = 3.2e-05,  loss_ic = 2.0e-05,  lr = 1.0e-03, time_taken = 1.0e-02, rel_l2_error = 2.4e-02
Model state saved to ./checkpoints/burgers_exact\2026-03-04_21-13-46-889556\model.pth
Iteration: 6200, loss_r = 4.6e-05 ,  loss_bc = 3.4e-06,  loss_ic = 2.4e-05,  lr = 1.0e-03, time_taken = 8.5e-03, rel_l2_error = 2.4e-02
Model state saved to ./checkpoints/burgers_exact\2026-03-04_21-13-46-889556\model.pth
Iteration: 6300, loss_r = 5.2e-05 ,  loss_bc = 2.1e-05,  loss_ic = 2.4e-05,  lr = 1.0e-03, time_taken = 6.3e-03, rel_l2_error = 3.4e-02
Model state saved to ./checkpoints/burgers_exact\2026-03-04_21-13-46-889556\model.pth
Iteration: 6400, loss_r = 4.0e-05 ,  loss_bc = 1.3e-07,  loss_ic = 1.4e-05,  lr = 1.0e-03, time_taken = 9.9e-03, rel_l2_error = 2.5e-02
Model state saved to ./checkpoints/burgers_exact\2026-03-04_21-13-46-889556\model.pth
Iteration: 6500, loss_r = 9.3e-05 ,  loss_bc = 2.0e-05,  loss_ic = 2.9e-05,  lr = 1.0e-03, time_taken = 9.0e-03, rel_l2_error = 3.4e-02
Model state saved to ./checkpoints/burgers_exact\2026-03-04_21-13-46-889556\model.pth
Iteration: 6600, loss_r = 2.9e-05 ,  loss_bc = 7.5e-06,  loss_ic = 2.6e-05,  lr = 1.0e-03, time_taken = 7.3e-03, rel_l2_error = 3.1e-02
Model state saved to ./checkpoints/burgers_exact\2026-03-04_21-13-46-889556\model.pth
Iteration: 6700, loss_r = 3.7e-05 ,  loss_bc = 2.2e-06,  loss_ic = 1.4e-05,  lr = 1.0e-03, time_taken = 1.4e-02, rel_l2_error = 1.7e-02
Model state saved to ./checkpoints/burgers_exact\2026-03-04_21-13-46-889556\model.pth
Iteration: 6800, loss_r = 4.6e-05 ,  loss_bc = 2.7e-06,  loss_ic = 1.4e-05,  lr = 1.0e-03, time_taken = 1.0e-02, rel_l2_error = 1.9e-02
Model state saved to ./checkpoints/burgers_exact\2026-03-04_21-13-46-889556\model.pth
Iteration: 6900, loss_r = 3.8e-05 ,  loss_bc = 2.3e-05,  loss_ic = 2.8e-05,  lr = 1.0e-03, time_taken = 1.3e-02, rel_l2_error = 3.6e-02
Model state saved to ./checkpoints/burgers_exact\2026-03-04_21-13-46-889556\model.pth
Iteration: 7000, loss_r = 2.6e-05 ,  loss_bc = 4.8e-06,  loss_ic = 9.8e-06,  lr = 1.0e-03, time_taken = 1.2e-02, rel_l2_error = 1.5e-02
Model state saved to ./checkpoints/burgers_exact\2026-03-04_21-13-46-889556\model.pth
Iteration: 7100, loss_r = 4.7e-05 ,  loss_bc = 7.0e-06,  loss_ic = 1.4e-05,  lr = 1.0e-03, time_taken = 1.3e-02, rel_l2_error = 3.5e-02
Model state saved to ./checkpoints/burgers_exact\2026-03-04_21-13-46-889556\model.pth
Iteration: 7200, loss_r = 2.9e-05 ,  loss_bc = 7.7e-06,  loss_ic = 1.9e-05,  lr = 1.0e-03, time_taken = 1.2e-02, rel_l2_error = 2.7e-02
Model state saved to ./checkpoints/burgers_exact\2026-03-04_21-13-46-889556\model.pth
Iteration: 7300, loss_r = 2.3e-05 ,  loss_bc = 6.7e-06,  loss_ic = 7.5e-06,  lr = 1.0e-03, time_taken = 1.1e-02, rel_l2_error = 2.0e-02
Model state saved to ./checkpoints/burgers_exact\2026-03-04_21-13-46-889556\model.pth
Iteration: 7400, loss_r = 2.3e-05 ,  loss_bc = 4.8e-07,  loss_ic = 8.4e-06,  lr = 1.0e-03, time_taken = 9.0e-03, rel_l2_error = 1.3e-02
Model state saved to ./checkpoints/burgers_exact\2026-03-04_21-13-46-889556\model.pth
Iteration: 7500, loss_r = 2.4e-05 ,  loss_bc = 7.8e-06,  loss_ic = 2.2e-05,  lr = 1.0e-03, time_taken = 1.3e-02, rel_l2_error = 3.3e-02
Model state saved to ./checkpoints/burgers_exact\2026-03-04_21-13-46-889556\model.pth
Iteration: 7600, loss_r = 2.2e-05 ,  loss_bc = 1.0e-05,  loss_ic = 7.1e-06,  lr = 1.0e-03, time_taken = 1.0e-02, rel_l2_error = 1.6e-02
Model state saved to ./checkpoints/burgers_exact\2026-03-04_21-13-46-889556\model.pth
Iteration: 7700, loss_r = 4.0e-05 ,  loss_bc = 7.7e-06,  loss_ic = 7.1e-06,  lr = 1.0e-03, time_taken = 1.1e-02, rel_l2_error = 1.8e-02
Model state saved to ./checkpoints/burgers_exact\2026-03-04_21-13-46-889556\model.pth
Iteration: 7800, loss_r = 3.3e-05 ,  loss_bc = 2.8e-05,  loss_ic = 3.0e-05,  lr = 1.0e-03, time_taken = 1.0e-02, rel_l2_error = 1.8e-02
Model state saved to ./checkpoints/burgers_exact\2026-03-04_21-13-46-889556\model.pth
Iteration: 7900, loss_r = 2.8e-05 ,  loss_bc = 7.9e-07,  loss_ic = 9.2e-06,  lr = 1.0e-03, time_taken = 1.2e-02, rel_l2_error = 2.2e-02
Model state saved to ./checkpoints/burgers_exact\2026-03-04_21-13-46-889556\model.pth
Iteration: 8000, loss_r = 2.5e-05 ,  loss_bc = 1.3e-05,  loss_ic = 1.5e-05,  lr = 1.0e-03, time_taken = 1.1e-02, rel_l2_error = 1.5e-02
Model state saved to ./checkpoints/burgers_exact\2026-03-04_21-13-46-889556\model.pth

=== RAR Evaluation at iteration 8000 ===
Mean residual: 2.451e-03
Adding 100 new point(s) with highest residuals:
  Point 1: [0.00120443 0.44376266], Residual: 2.345e-02
  Point 2: [0.02356148 0.43814135], Residual: 1.992e-02
  Point 3: [0.00411427 0.411556  ], Residual: 1.984e-02
  Point 4: [0.00403935 0.41078997], Residual: 1.970e-02
  Point 5: [0.00876343 0.4147433 ], Residual: 1.945e-02
  Point 6: [0.00794005 0.4580742 ], Residual: 1.924e-02
  Point 7: [ 0.0046609  -0.52095735], Residual: 1.886e-02
  Point 8: [ 0.00618672 -0.52352595], Residual: 1.875e-02
  Point 9: [0.0165624  0.45924735], Residual: 1.859e-02
  Point 10: [0.00593269 0.4057088 ], Residual: 1.820e-02
  Point 11: [ 0.0065071 -0.5156741], Residual: 1.784e-02
  Point 12: [0.02431983 0.4615605 ], Residual: 1.758e-02
  Point 13: [0.01838148 0.4625069 ], Residual: 1.741e-02
  Point 14: [ 0.00964826 -0.5125432 ], Residual: 1.648e-02
  Point 15: [ 0.02418995 -0.5251241 ], Residual: 1.626e-02
  Point 16: [0.04445171 0.4385029 ], Residual: 1.602e-02
  Point 17: [0.02303141 0.46633923], Residual: 1.592e-02
  Point 18: [ 0.00695997 -0.412997  ], Residual: 1.582e-02
  Point 19: [ 0.00731313 -0.50723946], Residual: 1.535e-02
  Point 20: [0.03734177 0.42494428], Residual: 1.532e-02
  Point 21: [0.00220752 0.38400304], Residual: 1.486e-02
  Point 22: [ 0.0143854  -0.39307046], Residual: 1.473e-02
  Point 23: [ 0.00137413 -0.42366898], Residual: 1.472e-02
  Point 24: [ 0.00811881 -0.42080176], Residual: 1.470e-02
  Point 25: [0.05813062 0.44847858], Residual: 1.468e-02
  Point 26: [0.00201237 0.3806069 ], Residual: 1.437e-02
  Point 27: [0.01786739 0.39731932], Residual: 1.426e-02
  Point 28: [ 0.00867587 -0.38281   ], Residual: 1.419e-02
  Point 29: [ 0.04169238 -0.52972627], Residual: 1.415e-02
  Point 30: [ 0.03405684 -0.54491293], Residual: 1.398e-02
  Point 31: [0.01657498 0.39375114], Residual: 1.392e-02
  Point 32: [ 0.02673548 -0.4071014 ], Residual: 1.388e-02
  Point 33: [ 0.04804325 -0.53518486], Residual: 1.376e-02
  Point 34: [ 0.01445729 -0.42340422], Residual: 1.373e-02
  Point 35: [ 0.04908115 -0.5404781 ], Residual: 1.367e-02
  Point 36: [ 0.04063952 -0.52528214], Residual: 1.363e-02
  Point 37: [ 0.01639563 -0.42335474], Residual: 1.358e-02
  Point 38: [0.06909215 0.45553637], Residual: 1.348e-02
  Point 39: [0.04068136 0.41784048], Residual: 1.346e-02
  Point 40: [0.07097256 0.46271062], Residual: 1.343e-02
  Point 41: [0.03953874 0.47383463], Residual: 1.321e-02
  Point 42: [0.01865417 0.39124703], Residual: 1.320e-02
  Point 43: [ 0.00234944 -0.4299029 ], Residual: 1.319e-02
  Point 44: [0.06250149 0.4404807 ], Residual: 1.298e-02
  Point 45: [ 0.02988458 -0.4210521 ], Residual: 1.272e-02
  Point 46: [0.07851392 0.46403074], Residual: 1.251e-02
  Point 47: [ 0.03341687 -0.5152298 ], Residual: 1.247e-02
  Point 48: [0.03889477 0.40849555], Residual: 1.231e-02
  Point 49: [0.0115217  0.37485325], Residual: 1.218e-02
  Point 50: [ 0.03689939 -0.3945831 ], Residual: 1.205e-02
  Point 51: [0.02801311 0.39176178], Residual: 1.180e-02
  Point 52: [0.01585329 0.3766079 ], Residual: 1.179e-02
  Point 53: [0.07833529 0.4523542 ], Residual: 1.177e-02
  Point 54: [0.02492386 0.3873607 ], Residual: 1.173e-02
  Point 55: [0.00212753 0.35924292], Residual: 1.171e-02
  Point 56: [ 0.01708549 -0.50283444], Residual: 1.159e-02
  Point 57: [ 0.02117801 -0.55208325], Residual: 1.148e-02
  Point 58: [0.06144005 0.42866993], Residual: 1.142e-02
  Point 59: [ 0.03643769 -0.3882016 ], Residual: 1.139e-02
  Point 60: [0.07878506 0.44894218], Residual: 1.130e-02
  Point 61: [0.0114007 0.3655889], Residual: 1.123e-02
  Point 62: [ 0.03947145 -0.38953686], Residual: 1.120e-02
  Point 63: [ 0.05306774 -0.5552119 ], Residual: 1.102e-02
  Point 64: [0.98421156 0.6611198 ], Residual: 1.080e-02
  Point 65: [0.04180455 0.39965665], Residual: 1.069e-02
  Point 66: [ 0.03355938 -0.5095997 ], Residual: 1.063e-02
  Point 67: [ 0.0474084 -0.3913473], Residual: 1.052e-02
  Point 68: [ 0.07150614 -0.55667853], Residual: 1.041e-02
  Point 69: [ 0.05427372 -0.39670885], Residual: 1.031e-02
  Point 70: [ 0.06753814 -0.5305964 ], Residual: 1.027e-02
  Point 71: [ 0.01839912 -0.50012183], Residual: 1.025e-02
  Point 72: [0.06402272 0.4234364 ], Residual: 1.023e-02
  Point 73: [0.02588326 0.37263513], Residual: 1.016e-02
  Point 74: [1.6891956e-04 4.7380149e-01], Residual: 1.007e-02
  Point 75: [ 0.42112678 -0.5402937 ], Residual: 1.006e-02
  Point 76: [0.01791966 0.36063778], Residual: 1.005e-02
  Point 77: [ 0.4210115 -0.5399643], Residual: 1.005e-02
  Point 78: [0.03537697 0.48044264], Residual: 1.004e-02
  Point 79: [ 0.41246134 -0.54048216], Residual: 1.003e-02
  Point 80: [ 0.4323963  -0.54885876], Residual: 1.001e-02
  Point 81: [ 0.46265584 -0.54710495], Residual: 9.978e-03
  Point 82: [ 0.07894188 -0.538311  ], Residual: 9.963e-03
  Point 83: [ 0.50461346 -0.56580913], Residual: 9.918e-03
  Point 84: [0.0405944  0.39041185], Residual: 9.913e-03
  Point 85: [ 0.49748003 -0.5562546 ], Residual: 9.898e-03
  Point 86: [ 0.4188264 -0.5467136], Residual: 9.894e-03
  Point 87: [ 0.39295173 -0.5334039 ], Residual: 9.874e-03
  Point 88: [ 0.46946722 -0.54738677], Residual: 9.874e-03
  Point 89: [0.9915672 0.6423454], Residual: 9.856e-03
  Point 90: [ 0.50313157 -0.5573654 ], Residual: 9.852e-03
  Point 91: [ 0.4008749 -0.5413989], Residual: 9.848e-03
  Point 92: [0.03899062 0.38711202], Residual: 9.823e-03
  Point 93: [ 0.4357956 -0.5526669], Residual: 9.806e-03
  Point 94: [0.96189505 0.6604142 ], Residual: 9.760e-03
  Point 95: [ 0.5025979  -0.55528176], Residual: 9.727e-03
  Point 96: [ 0.04114962 -0.5585034 ], Residual: 9.717e-03
  Point 97: [ 0.5318762 -0.5651376], Residual: 9.684e-03
  Point 98: [ 0.46749866 -0.5618615 ], Residual: 9.669e-03
  Point 99: [0.10134411 0.46566868], Residual: 9.625e-03
  Point 100: [ 0.54664063 -0.5760428 ], Residual: 9.606e-03
Total adaptive points: 400

Iteration: 8100, loss_r = 2.2e-05 ,  loss_bc = 3.4e-06,  loss_ic = 1.1e-05,  lr = 1.0e-03, time_taken = 9.6e-03, rel_l2_error = 1.4e-02
Model state saved to ./checkpoints/burgers_exact\2026-03-04_21-13-46-889556\model.pth
Iteration: 8200, loss_r = 1.3e-05 ,  loss_bc = 2.0e-06,  loss_ic = 5.6e-06,  lr = 1.0e-03, time_taken = 9.6e-03, rel_l2_error = 1.1e-02
Model state saved to ./checkpoints/burgers_exact\2026-03-04_21-13-46-889556\model.pth
Iteration: 8300, loss_r = 2.2e-05 ,  loss_bc = 5.9e-06,  loss_ic = 3.1e-05,  lr = 1.0e-03, time_taken = 1.0e-02, rel_l2_error = 2.9e-02
Model state saved to ./checkpoints/burgers_exact\2026-03-04_21-13-46-889556\model.pth
Iteration: 8400, loss_r = 2.1e-05 ,  loss_bc = 8.7e-07,  loss_ic = 7.3e-06,  lr = 1.0e-03, time_taken = 8.5e-03, rel_l2_error = 1.2e-02
Model state saved to ./checkpoints/burgers_exact\2026-03-04_21-13-46-889556\model.pth
Iteration: 8500, loss_r = 1.3e-05 ,  loss_bc = 1.1e-05,  loss_ic = 1.3e-05,  lr = 1.0e-03, time_taken = 9.1e-03, rel_l2_error = 8.4e-03
Model state saved to ./checkpoints/burgers_exact\2026-03-04_21-13-46-889556\model.pth
Iteration: 8600, loss_r = 2.1e-05 ,  loss_bc = 3.3e-06,  loss_ic = 1.1e-05,  lr = 1.0e-03, time_taken = 9.6e-03, rel_l2_error = 1.6e-02
Model state saved to ./checkpoints/burgers_exact\2026-03-04_21-13-46-889556\model.pth
Iteration: 8700, loss_r = 1.1e-05 ,  loss_bc = 8.0e-07,  loss_ic = 5.8e-06,  lr = 1.0e-03, time_taken = 1.2e-02, rel_l2_error = 1.3e-02
Model state saved to ./checkpoints/burgers_exact\2026-03-04_21-13-46-889556\model.pth
Iteration: 8800, loss_r = 3.6e-05 ,  loss_bc = 3.4e-05,  loss_ic = 4.5e-05,  lr = 1.0e-03, time_taken = 1.0e-02, rel_l2_error = 1.2e-02
Model state saved to ./checkpoints/burgers_exact\2026-03-04_21-13-46-889556\model.pth
Iteration: 8900, loss_r = 1.2e-05 ,  loss_bc = 2.3e-06,  loss_ic = 7.8e-06,  lr = 1.0e-03, time_taken = 1.1e-02, rel_l2_error = 1.8e-02
Model state saved to ./checkpoints/burgers_exact\2026-03-04_21-13-46-889556\model.pth
Iteration: 9000, loss_r = 9.1e-06 ,  loss_bc = 1.7e-06,  loss_ic = 4.8e-06,  lr = 1.0e-03, time_taken = 9.3e-03, rel_l2_error = 9.5e-03
Model state saved to ./checkpoints/burgers_exact\2026-03-04_21-13-46-889556\model.pth
Iteration: 9100, loss_r = 5.1e-05 ,  loss_bc = 2.0e-05,  loss_ic = 1.6e-05,  lr = 1.0e-03, time_taken = 1.8e-02, rel_l2_error = 5.5e-02
Model state saved to ./checkpoints/burgers_exact\2026-03-04_21-13-46-889556\model.pth
Iteration: 9200, loss_r = 1.3e-05 ,  loss_bc = 6.8e-06,  loss_ic = 4.0e-06,  lr = 1.0e-03, time_taken = 1.0e-02, rel_l2_error = 2.9e-02
Model state saved to ./checkpoints/burgers_exact\2026-03-04_21-13-46-889556\model.pth
Iteration: 9300, loss_r = 8.6e-06 ,  loss_bc = 5.3e-07,  loss_ic = 2.8e-06,  lr = 1.0e-03, time_taken = 9.2e-03, rel_l2_error = 7.3e-03
Model state saved to ./checkpoints/burgers_exact\2026-03-04_21-13-46-889556\model.pth
Iteration: 9400, loss_r = 1.5e-05 ,  loss_bc = 3.9e-06,  loss_ic = 2.8e-06,  lr = 1.0e-03, time_taken = 9.0e-03, rel_l2_error = 2.1e-02
Model state saved to ./checkpoints/burgers_exact\2026-03-04_21-13-46-889556\model.pth
Iteration: 9500, loss_r = 6.7e-06 ,  loss_bc = 6.1e-07,  loss_ic = 1.0e-06,  lr = 1.0e-03, time_taken = 1.1e-02, rel_l2_error = 1.1e-02
Model state saved to ./checkpoints/burgers_exact\2026-03-04_21-13-46-889556\model.pth
Iteration: 9600, loss_r = 7.2e-06 ,  loss_bc = 8.0e-07,  loss_ic = 3.1e-06,  lr = 1.0e-03, time_taken = 1.5e-02, rel_l2_error = 7.5e-03
Model state saved to ./checkpoints/burgers_exact\2026-03-04_21-13-46-889556\model.pth
Iteration: 9700, loss_r = 1.2e-05 ,  loss_bc = 5.6e-06,  loss_ic = 9.5e-06,  lr = 1.0e-03, time_taken = 9.6e-03, rel_l2_error = 2.3e-02
Model state saved to ./checkpoints/burgers_exact\2026-03-04_21-13-46-889556\model.pth
Iteration: 9800, loss_r = 6.6e-06 ,  loss_bc = 1.2e-06,  loss_ic = 4.8e-06,  lr = 1.0e-03, time_taken = 1.0e-02, rel_l2_error = 9.1e-03
Model state saved to ./checkpoints/burgers_exact\2026-03-04_21-13-46-889556\model.pth
Iteration: 9900, loss_r = 3.6e-06 ,  loss_bc = 4.1e-07,  loss_ic = 2.3e-06,  lr = 1.0e-03, time_taken = 1.0e-02, rel_l2_error = 1.1e-02
Model state saved to ./checkpoints/burgers_exact\2026-03-04_21-13-46-889556\model.pth

=== Switching to LBFGS optimizer at iteration 10000 ===
Using scipy L-BFGS-B optimizer (bburgers_hybrid_trainer.py approach)
Optimizer: L-BFGS-B (maxiter=10000, factr=1000.0, m=100, maxls=50, pgtol=1e-14)
L-BFGS Iteration: 0, Loss: 5.179489e-06
L-BFGS Iteration: 1, Loss: 5.083328e-06, Relative L2 Error: 5.131504e-03
L-BFGS: Time for 100 iterations = 2.6802 s
L-BFGS Iteration: 100, Loss: 1.597544e-06, Relative L2 Error: 2.009586e-03
L-BFGS Iteration: 200, Loss: 7.952451e-07, Relative L2 Error: 1.676745e-03
L-BFGS Iteration: 300, Loss: 4.213585e-07, Relative L2 Error: 1.629910e-03
L-BFGS Iteration: 400, Loss: 2.360773e-07, Relative L2 Error: 1.092849e-03
L-BFGS Iteration: 500, Loss: 1.406163e-07, Relative L2 Error: 5.857489e-04
L-BFGS Iteration: 600, Loss: 1.060484e-07, Relative L2 Error: 6.612721e-04
L-BFGS Iteration: 700, Loss: 9.001063e-08, Relative L2 Error: 4.521126e-04
L-BFGS Iteration: 800, Loss: 7.722697e-08, Relative L2 Error: 4.578945e-04
L-BFGS Iteration: 900, Loss: 6.162143e-08, Relative L2 Error: 3.739450e-04
L-BFGS Iteration: 1000, Loss: 5.795068e-08, Relative L2 Error: 3.658812e-04
L-BFGS Iteration: 1100, Loss: 5.297868e-08, Relative L2 Error: 4.217593e-04
L-BFGS Iteration: 1200, Loss: 4.763272e-08, Relative L2 Error: 4.152713e-04
L-BFGS optimization finished after 1216 iterations.
L-BFGS training completed after 1216 iterations
Model state saved to ./checkpoints/burgers_exact\2026-03-04_21-13-46-889556\model.pth
Training completed successfully!
Evaluating on 40000 points using chunk size 500
RelL2_U%  : 4.010e-02 
