Random seed set to: 68
Solving 3D heat equation u_t = alpha (u_{xx}+u_{yy}+u_{zz}) on [0,1]^3 with homogeneous Dirichlet BC
checkpoint path: self.log_path='./checkpoints/heat3d_exact\\2026-03-07_18-18-03-087868'
Using Classical Solver2
The settings used:
batch_size : 64
epochs : 20000
lr : 0.001
seed : 68
print_every : 100
log_path : ./checkpoints/heat3d_exact
input_dim : 4
output_dim : 1
num_qubits : 5
hidden_dim : 20
num_quantum_layers : 1
classic_network : [4, 20, 1]
q_ansatz : cross_mesh
mode : hybrid
activation : tanh
shots : None
problem : heat3d_exact
solver : Classical2
device : cpu
method : None
cutoff_dim : 20
class : CVNeuralNetwork1
encoding : angle
use_rar : True
rar_eval_freq : 2000
rar_threshold : 0.0005
rar_num_candidates : 10000
rar_num_add : 100
use_hybrid_optimizer : True
adam_iterations : 10000
use_scipy_lbfgs : True
lbfgs_lr : 1
lbfgs_line_search : strong_wolfe
lbfgs_tolerance_grad : 1e-05
lbfgs_tolerance_change : 1e-07
lbfgs_maxiter : 10000
lbfgs_factr : 1000.0
lbfgs_pgtol : 1e-14
lbfgs_maxls : 50
lbfgs_m : 100
lbfgs_eval_every : 100
domainN : 500
boundaryN : 50
initialN : 50
eval_total_points : 10000
nx : 200
nt : 200
y0 : 0.5
z0 : 0.5
alpha : 0.1
Total number of parameters: 2221
Iteration: 0, loss_r = 1.8e-02 ,  loss_bc = 3.9e-01,  loss_ic = 1.5e-01,  lr = 1.0e-03, time_taken = 3.6e-02, rel_l2_error = 1.4e+00
Model state saved to ./checkpoints/heat3d_exact\2026-03-07_18-18-03-087868\model.pth
Iteration: 100, loss_r = 4.1e-03 ,  loss_bc = 1.4e-02,  loss_ic = 5.0e-02,  lr = 1.0e-03, time_taken = 2.1e-02, rel_l2_error = 7.3e-01
Model state saved to ./checkpoints/heat3d_exact\2026-03-07_18-18-03-087868\model.pth
Iteration: 200, loss_r = 4.8e-03 ,  loss_bc = 1.0e-02,  loss_ic = 4.7e-02,  lr = 1.0e-03, time_taken = 2.1e-02, rel_l2_error = 6.7e-01
Model state saved to ./checkpoints/heat3d_exact\2026-03-07_18-18-03-087868\model.pth
Iteration: 300, loss_r = 4.8e-03 ,  loss_bc = 1.7e-02,  loss_ic = 4.8e-02,  lr = 1.0e-03, time_taken = 2.7e-02, rel_l2_error = 5.9e-01
Model state saved to ./checkpoints/heat3d_exact\2026-03-07_18-18-03-087868\model.pth
Iteration: 400, loss_r = 3.3e-03 ,  loss_bc = 1.0e-02,  loss_ic = 3.6e-02,  lr = 1.0e-03, time_taken = 2.7e-02, rel_l2_error = 5.2e-01
Model state saved to ./checkpoints/heat3d_exact\2026-03-07_18-18-03-087868\model.pth
Iteration: 500, loss_r = 5.2e-03 ,  loss_bc = 8.3e-03,  loss_ic = 1.3e-02,  lr = 1.0e-03, time_taken = 1.8e-02, rel_l2_error = 4.6e-01
Model state saved to ./checkpoints/heat3d_exact\2026-03-07_18-18-03-087868\model.pth
Iteration: 600, loss_r = 2.7e-03 ,  loss_bc = 1.1e-02,  loss_ic = 1.9e-02,  lr = 1.0e-03, time_taken = 2.4e-02, rel_l2_error = 4.1e-01
Model state saved to ./checkpoints/heat3d_exact\2026-03-07_18-18-03-087868\model.pth
Iteration: 700, loss_r = 6.8e-03 ,  loss_bc = 8.9e-03,  loss_ic = 8.8e-03,  lr = 1.0e-03, time_taken = 2.6e-02, rel_l2_error = 3.5e-01
Model state saved to ./checkpoints/heat3d_exact\2026-03-07_18-18-03-087868\model.pth
Iteration: 800, loss_r = 2.5e-03 ,  loss_bc = 5.4e-03,  loss_ic = 1.4e-02,  lr = 1.0e-03, time_taken = 2.3e-02, rel_l2_error = 3.0e-01
Model state saved to ./checkpoints/heat3d_exact\2026-03-07_18-18-03-087868\model.pth
Iteration: 900, loss_r = 3.4e-03 ,  loss_bc = 5.1e-03,  loss_ic = 6.8e-03,  lr = 1.0e-03, time_taken = 2.4e-02, rel_l2_error = 2.7e-01
Model state saved to ./checkpoints/heat3d_exact\2026-03-07_18-18-03-087868\model.pth
Iteration: 1000, loss_r = 4.2e-03 ,  loss_bc = 5.4e-03,  loss_ic = 6.5e-03,  lr = 1.0e-03, time_taken = 2.0e-02, rel_l2_error = 2.5e-01
Model state saved to ./checkpoints/heat3d_exact\2026-03-07_18-18-03-087868\model.pth
Iteration: 1100, loss_r = 3.0e-03 ,  loss_bc = 4.0e-03,  loss_ic = 2.8e-03,  lr = 1.0e-03, time_taken = 2.0e-02, rel_l2_error = 2.4e-01
Model state saved to ./checkpoints/heat3d_exact\2026-03-07_18-18-03-087868\model.pth
Iteration: 1200, loss_r = 2.6e-03 ,  loss_bc = 5.0e-03,  loss_ic = 3.6e-03,  lr = 1.0e-03, time_taken = 2.3e-02, rel_l2_error = 2.2e-01
Model state saved to ./checkpoints/heat3d_exact\2026-03-07_18-18-03-087868\model.pth
Iteration: 1300, loss_r = 4.2e-03 ,  loss_bc = 3.9e-03,  loss_ic = 2.3e-03,  lr = 1.0e-03, time_taken = 2.1e-02, rel_l2_error = 2.2e-01
Model state saved to ./checkpoints/heat3d_exact\2026-03-07_18-18-03-087868\model.pth
Iteration: 1400, loss_r = 2.2e-03 ,  loss_bc = 3.7e-03,  loss_ic = 2.9e-03,  lr = 1.0e-03, time_taken = 1.5e-02, rel_l2_error = 2.1e-01
Model state saved to ./checkpoints/heat3d_exact\2026-03-07_18-18-03-087868\model.pth
Iteration: 1500, loss_r = 1.6e-03 ,  loss_bc = 3.4e-03,  loss_ic = 2.1e-03,  lr = 1.0e-03, time_taken = 2.8e-02, rel_l2_error = 2.1e-01
Model state saved to ./checkpoints/heat3d_exact\2026-03-07_18-18-03-087868\model.pth
Iteration: 1600, loss_r = 2.5e-03 ,  loss_bc = 3.3e-03,  loss_ic = 1.7e-03,  lr = 1.0e-03, time_taken = 1.9e-02, rel_l2_error = 1.8e-01
Model state saved to ./checkpoints/heat3d_exact\2026-03-07_18-18-03-087868\model.pth
Iteration: 1700, loss_r = 1.8e-03 ,  loss_bc = 2.8e-03,  loss_ic = 1.9e-03,  lr = 1.0e-03, time_taken = 2.8e-02, rel_l2_error = 1.9e-01
Model state saved to ./checkpoints/heat3d_exact\2026-03-07_18-18-03-087868\model.pth
Iteration: 1800, loss_r = 2.1e-03 ,  loss_bc = 2.6e-03,  loss_ic = 1.7e-03,  lr = 1.0e-03, time_taken = 2.4e-02, rel_l2_error = 1.7e-01
Model state saved to ./checkpoints/heat3d_exact\2026-03-07_18-18-03-087868\model.pth
Iteration: 1900, loss_r = 2.7e-03 ,  loss_bc = 2.6e-03,  loss_ic = 1.0e-03,  lr = 1.0e-03, time_taken = 1.9e-02, rel_l2_error = 1.9e-01
Model state saved to ./checkpoints/heat3d_exact\2026-03-07_18-18-03-087868\model.pth
Iteration: 2000, loss_r = 1.8e-03 ,  loss_bc = 2.3e-03,  loss_ic = 2.1e-03,  lr = 1.0e-03, time_taken = 2.7e-02, rel_l2_error = 1.8e-01
Model state saved to ./checkpoints/heat3d_exact\2026-03-07_18-18-03-087868\model.pth

=== RAR Evaluation at iteration 2000 ===
Mean residual: 3.978e-02
Added 100 point(s). Total adaptive points: 100

Iteration: 2100, loss_r = 7.7e-03 ,  loss_bc = 5.7e-03,  loss_ic = 4.9e-03,  lr = 1.0e-03, time_taken = 2.4e-02, rel_l2_error = 2.2e-01
Model state saved to ./checkpoints/heat3d_exact\2026-03-07_18-18-03-087868\model.pth
Iteration: 2200, loss_r = 4.6e-03 ,  loss_bc = 5.8e-03,  loss_ic = 5.1e-03,  lr = 1.0e-03, time_taken = 2.2e-02, rel_l2_error = 2.6e-01
Model state saved to ./checkpoints/heat3d_exact\2026-03-07_18-18-03-087868\model.pth
Iteration: 2300, loss_r = 4.1e-03 ,  loss_bc = 4.8e-03,  loss_ic = 3.4e-03,  lr = 1.0e-03, time_taken = 1.9e-02, rel_l2_error = 2.2e-01
Model state saved to ./checkpoints/heat3d_exact\2026-03-07_18-18-03-087868\model.pth
Iteration: 2400, loss_r = 1.8e-03 ,  loss_bc = 4.0e-03,  loss_ic = 2.7e-03,  lr = 1.0e-03, time_taken = 2.2e-02, rel_l2_error = 2.2e-01
Model state saved to ./checkpoints/heat3d_exact\2026-03-07_18-18-03-087868\model.pth
Iteration: 2500, loss_r = 3.8e-03 ,  loss_bc = 2.7e-03,  loss_ic = 2.9e-03,  lr = 1.0e-03, time_taken = 1.8e-02, rel_l2_error = 2.1e-01
Model state saved to ./checkpoints/heat3d_exact\2026-03-07_18-18-03-087868\model.pth
Iteration: 2600, loss_r = 1.8e-03 ,  loss_bc = 3.3e-03,  loss_ic = 3.4e-03,  lr = 1.0e-03, time_taken = 2.6e-02, rel_l2_error = 2.0e-01
Model state saved to ./checkpoints/heat3d_exact\2026-03-07_18-18-03-087868\model.pth
Iteration: 2700, loss_r = 2.0e-03 ,  loss_bc = 2.8e-03,  loss_ic = 2.1e-03,  lr = 1.0e-03, time_taken = 2.4e-02, rel_l2_error = 1.9e-01
Model state saved to ./checkpoints/heat3d_exact\2026-03-07_18-18-03-087868\model.pth
Iteration: 2800, loss_r = 2.7e-03 ,  loss_bc = 2.7e-03,  loss_ic = 1.5e-03,  lr = 1.0e-03, time_taken = 2.4e-02, rel_l2_error = 2.0e-01
Model state saved to ./checkpoints/heat3d_exact\2026-03-07_18-18-03-087868\model.pth
Iteration: 2900, loss_r = 2.7e-03 ,  loss_bc = 2.9e-03,  loss_ic = 2.7e-03,  lr = 9.0e-04, time_taken = 1.9e-02, rel_l2_error = 1.7e-01
Model state saved to ./checkpoints/heat3d_exact\2026-03-07_18-18-03-087868\model.pth
Iteration: 3000, loss_r = 2.5e-03 ,  loss_bc = 2.4e-03,  loss_ic = 1.5e-03,  lr = 9.0e-04, time_taken = 2.0e-02, rel_l2_error = 1.6e-01
Model state saved to ./checkpoints/heat3d_exact\2026-03-07_18-18-03-087868\model.pth
Iteration: 3100, loss_r = 2.0e-03 ,  loss_bc = 2.0e-03,  loss_ic = 9.9e-04,  lr = 9.0e-04, time_taken = 2.1e-02, rel_l2_error = 1.7e-01
Model state saved to ./checkpoints/heat3d_exact\2026-03-07_18-18-03-087868\model.pth
Iteration: 3200, loss_r = 1.9e-03 ,  loss_bc = 2.5e-03,  loss_ic = 1.4e-03,  lr = 9.0e-04, time_taken = 1.9e-02, rel_l2_error = 1.5e-01
Model state saved to ./checkpoints/heat3d_exact\2026-03-07_18-18-03-087868\model.pth
Iteration: 3300, loss_r = 2.5e-03 ,  loss_bc = 3.4e-03,  loss_ic = 1.1e-03,  lr = 9.0e-04, time_taken = 2.3e-02, rel_l2_error = 1.5e-01
Model state saved to ./checkpoints/heat3d_exact\2026-03-07_18-18-03-087868\model.pth
Iteration: 3400, loss_r = 1.7e-03 ,  loss_bc = 2.4e-03,  loss_ic = 7.2e-04,  lr = 9.0e-04, time_taken = 2.3e-02, rel_l2_error = 1.5e-01
Model state saved to ./checkpoints/heat3d_exact\2026-03-07_18-18-03-087868\model.pth
Iteration: 3500, loss_r = 2.0e-03 ,  loss_bc = 2.2e-03,  loss_ic = 8.0e-04,  lr = 9.0e-04, time_taken = 2.0e-02, rel_l2_error = 1.4e-01
Model state saved to ./checkpoints/heat3d_exact\2026-03-07_18-18-03-087868\model.pth
Iteration: 3600, loss_r = 1.4e-03 ,  loss_bc = 1.8e-03,  loss_ic = 8.6e-04,  lr = 9.0e-04, time_taken = 1.9e-02, rel_l2_error = 1.4e-01
Model state saved to ./checkpoints/heat3d_exact\2026-03-07_18-18-03-087868\model.pth
Iteration: 3700, loss_r = 2.2e-03 ,  loss_bc = 1.7e-03,  loss_ic = 8.1e-04,  lr = 9.0e-04, time_taken = 2.0e-02, rel_l2_error = 1.5e-01
Model state saved to ./checkpoints/heat3d_exact\2026-03-07_18-18-03-087868\model.pth
Iteration: 3800, loss_r = 1.3e-03 ,  loss_bc = 1.8e-03,  loss_ic = 6.6e-04,  lr = 9.0e-04, time_taken = 1.9e-02, rel_l2_error = 1.5e-01
Model state saved to ./checkpoints/heat3d_exact\2026-03-07_18-18-03-087868\model.pth
Iteration: 3900, loss_r = 1.3e-03 ,  loss_bc = 1.5e-03,  loss_ic = 1.5e-03,  lr = 9.0e-04, time_taken = 1.9e-02, rel_l2_error = 1.4e-01
Model state saved to ./checkpoints/heat3d_exact\2026-03-07_18-18-03-087868\model.pth
Iteration: 4000, loss_r = 1.7e-03 ,  loss_bc = 1.6e-03,  loss_ic = 3.6e-04,  lr = 9.0e-04, time_taken = 1.9e-02, rel_l2_error = 1.4e-01
Model state saved to ./checkpoints/heat3d_exact\2026-03-07_18-18-03-087868\model.pth

=== RAR Evaluation at iteration 4000 ===
Mean residual: 2.138e-02
Added 100 point(s). Total adaptive points: 200

Iteration: 4100, loss_r = 1.8e-03 ,  loss_bc = 1.5e-03,  loss_ic = 6.6e-04,  lr = 9.0e-04, time_taken = 2.1e-02, rel_l2_error = 1.4e-01
Model state saved to ./checkpoints/heat3d_exact\2026-03-07_18-18-03-087868\model.pth
Iteration: 4200, loss_r = 1.3e-03 ,  loss_bc = 1.6e-03,  loss_ic = 6.4e-04,  lr = 9.0e-04, time_taken = 2.0e-02, rel_l2_error = 1.5e-01
Model state saved to ./checkpoints/heat3d_exact\2026-03-07_18-18-03-087868\model.pth
Iteration: 4300, loss_r = 1.5e-03 ,  loss_bc = 2.0e-03,  loss_ic = 4.7e-04,  lr = 9.0e-04, time_taken = 2.4e-02, rel_l2_error = 1.2e-01
Model state saved to ./checkpoints/heat3d_exact\2026-03-07_18-18-03-087868\model.pth
Iteration: 4400, loss_r = 1.2e-03 ,  loss_bc = 1.5e-03,  loss_ic = 9.2e-04,  lr = 9.0e-04, time_taken = 1.8e-02, rel_l2_error = 1.3e-01
Model state saved to ./checkpoints/heat3d_exact\2026-03-07_18-18-03-087868\model.pth
Iteration: 4500, loss_r = 1.4e-03 ,  loss_bc = 1.6e-03,  loss_ic = 1.4e-03,  lr = 9.0e-04, time_taken = 3.1e-02, rel_l2_error = 1.5e-01
Model state saved to ./checkpoints/heat3d_exact\2026-03-07_18-18-03-087868\model.pth
Iteration: 4600, loss_r = 1.8e-03 ,  loss_bc = 1.7e-03,  loss_ic = 4.2e-04,  lr = 9.0e-04, time_taken = 2.0e-02, rel_l2_error = 1.2e-01
Model state saved to ./checkpoints/heat3d_exact\2026-03-07_18-18-03-087868\model.pth
Iteration: 4700, loss_r = 1.2e-03 ,  loss_bc = 1.2e-03,  loss_ic = 5.8e-04,  lr = 9.0e-04, time_taken = 1.9e-02, rel_l2_error = 1.2e-01
Model state saved to ./checkpoints/heat3d_exact\2026-03-07_18-18-03-087868\model.pth
Iteration: 4800, loss_r = 7.1e-04 ,  loss_bc = 1.2e-03,  loss_ic = 5.5e-04,  lr = 9.0e-04, time_taken = 2.3e-02, rel_l2_error = 1.3e-01
Model state saved to ./checkpoints/heat3d_exact\2026-03-07_18-18-03-087868\model.pth
Iteration: 4900, loss_r = 1.2e-03 ,  loss_bc = 1.5e-03,  loss_ic = 4.0e-04,  lr = 9.0e-04, time_taken = 1.8e-02, rel_l2_error = 1.2e-01
Model state saved to ./checkpoints/heat3d_exact\2026-03-07_18-18-03-087868\model.pth
Iteration: 5000, loss_r = 1.5e-03 ,  loss_bc = 9.0e-04,  loss_ic = 5.4e-04,  lr = 9.0e-04, time_taken = 1.9e-02, rel_l2_error = 1.1e-01
Model state saved to ./checkpoints/heat3d_exact\2026-03-07_18-18-03-087868\model.pth
Iteration: 5100, loss_r = 1.8e-03 ,  loss_bc = 1.6e-03,  loss_ic = 6.8e-04,  lr = 9.0e-04, time_taken = 1.9e-02, rel_l2_error = 1.4e-01
Model state saved to ./checkpoints/heat3d_exact\2026-03-07_18-18-03-087868\model.pth
Iteration: 5200, loss_r = 7.4e-04 ,  loss_bc = 1.2e-03,  loss_ic = 2.9e-04,  lr = 9.0e-04, time_taken = 1.9e-02, rel_l2_error = 1.2e-01
Model state saved to ./checkpoints/heat3d_exact\2026-03-07_18-18-03-087868\model.pth
Iteration: 5300, loss_r = 7.0e-04 ,  loss_bc = 1.5e-03,  loss_ic = 2.6e-04,  lr = 9.0e-04, time_taken = 1.9e-02, rel_l2_error = 1.3e-01
Model state saved to ./checkpoints/heat3d_exact\2026-03-07_18-18-03-087868\model.pth
Iteration: 5400, loss_r = 7.7e-04 ,  loss_bc = 1.1e-03,  loss_ic = 3.5e-04,  lr = 9.0e-04, time_taken = 1.7e-02, rel_l2_error = 1.4e-01
Model state saved to ./checkpoints/heat3d_exact\2026-03-07_18-18-03-087868\model.pth
Iteration: 5500, loss_r = 9.6e-04 ,  loss_bc = 1.3e-03,  loss_ic = 3.5e-04,  lr = 9.0e-04, time_taken = 2.7e-02, rel_l2_error = 1.1e-01
Model state saved to ./checkpoints/heat3d_exact\2026-03-07_18-18-03-087868\model.pth
Iteration: 5600, loss_r = 7.6e-04 ,  loss_bc = 1.2e-03,  loss_ic = 3.1e-04,  lr = 9.0e-04, time_taken = 1.9e-02, rel_l2_error = 1.1e-01
Model state saved to ./checkpoints/heat3d_exact\2026-03-07_18-18-03-087868\model.pth
Iteration: 5700, loss_r = 6.3e-04 ,  loss_bc = 9.2e-04,  loss_ic = 3.4e-04,  lr = 9.0e-04, time_taken = 1.8e-02, rel_l2_error = 1.1e-01
Model state saved to ./checkpoints/heat3d_exact\2026-03-07_18-18-03-087868\model.pth
Iteration: 5800, loss_r = 9.0e-04 ,  loss_bc = 1.0e-03,  loss_ic = 3.5e-04,  lr = 9.0e-04, time_taken = 1.9e-02, rel_l2_error = 1.2e-01
Model state saved to ./checkpoints/heat3d_exact\2026-03-07_18-18-03-087868\model.pth
Iteration: 5900, loss_r = 5.6e-04 ,  loss_bc = 1.1e-03,  loss_ic = 2.5e-04,  lr = 9.0e-04, time_taken = 2.6e-02, rel_l2_error = 1.0e-01
Model state saved to ./checkpoints/heat3d_exact\2026-03-07_18-18-03-087868\model.pth
Iteration: 6000, loss_r = 7.5e-04 ,  loss_bc = 8.0e-04,  loss_ic = 3.8e-04,  lr = 9.0e-04, time_taken = 2.0e-02, rel_l2_error = 1.2e-01
Model state saved to ./checkpoints/heat3d_exact\2026-03-07_18-18-03-087868\model.pth

=== RAR Evaluation at iteration 6000 ===
Mean residual: 1.614e-02
Added 100 point(s). Total adaptive points: 300

Iteration: 6100, loss_r = 1.7e-03 ,  loss_bc = 1.0e-03,  loss_ic = 8.2e-04,  lr = 9.0e-04, time_taken = 2.2e-02, rel_l2_error = 1.2e-01
Model state saved to ./checkpoints/heat3d_exact\2026-03-07_18-18-03-087868\model.pth
Iteration: 6200, loss_r = 8.6e-04 ,  loss_bc = 8.9e-04,  loss_ic = 3.9e-04,  lr = 9.0e-04, time_taken = 1.4e-02, rel_l2_error = 1.2e-01
Model state saved to ./checkpoints/heat3d_exact\2026-03-07_18-18-03-087868\model.pth
Iteration: 6300, loss_r = 8.7e-04 ,  loss_bc = 1.1e-03,  loss_ic = 3.6e-04,  lr = 9.0e-04, time_taken = 1.9e-02, rel_l2_error = 1.0e-01
Model state saved to ./checkpoints/heat3d_exact\2026-03-07_18-18-03-087868\model.pth
Iteration: 6400, loss_r = 1.3e-03 ,  loss_bc = 1.1e-03,  loss_ic = 4.2e-04,  lr = 9.0e-04, time_taken = 2.3e-02, rel_l2_error = 1.4e-01
Model state saved to ./checkpoints/heat3d_exact\2026-03-07_18-18-03-087868\model.pth
Iteration: 6500, loss_r = 8.3e-04 ,  loss_bc = 1.0e-03,  loss_ic = 2.8e-04,  lr = 9.0e-04, time_taken = 2.0e-02, rel_l2_error = 1.1e-01
Model state saved to ./checkpoints/heat3d_exact\2026-03-07_18-18-03-087868\model.pth
Iteration: 6600, loss_r = 7.2e-04 ,  loss_bc = 8.6e-04,  loss_ic = 2.6e-04,  lr = 9.0e-04, time_taken = 2.0e-02, rel_l2_error = 1.1e-01
Model state saved to ./checkpoints/heat3d_exact\2026-03-07_18-18-03-087868\model.pth
Iteration: 6700, loss_r = 4.8e-04 ,  loss_bc = 9.1e-04,  loss_ic = 1.9e-04,  lr = 9.0e-04, time_taken = 3.2e-02, rel_l2_error = 1.1e-01
Model state saved to ./checkpoints/heat3d_exact\2026-03-07_18-18-03-087868\model.pth
Iteration: 6800, loss_r = 1.1e-03 ,  loss_bc = 9.5e-04,  loss_ic = 2.2e-04,  lr = 9.0e-04, time_taken = 1.9e-02, rel_l2_error = 1.0e-01
Model state saved to ./checkpoints/heat3d_exact\2026-03-07_18-18-03-087868\model.pth
Iteration: 6900, loss_r = 6.9e-04 ,  loss_bc = 9.9e-04,  loss_ic = 3.9e-04,  lr = 9.0e-04, time_taken = 2.8e-02, rel_l2_error = 9.4e-02
Model state saved to ./checkpoints/heat3d_exact\2026-03-07_18-18-03-087868\model.pth
Iteration: 7000, loss_r = 8.7e-04 ,  loss_bc = 8.6e-04,  loss_ic = 2.0e-04,  lr = 9.0e-04, time_taken = 2.4e-02, rel_l2_error = 1.0e-01
Model state saved to ./checkpoints/heat3d_exact\2026-03-07_18-18-03-087868\model.pth
Iteration: 7100, loss_r = 8.1e-04 ,  loss_bc = 1.2e-03,  loss_ic = 1.7e-04,  lr = 9.0e-04, time_taken = 2.6e-02, rel_l2_error = 1.0e-01
Model state saved to ./checkpoints/heat3d_exact\2026-03-07_18-18-03-087868\model.pth
Iteration: 7200, loss_r = 7.0e-04 ,  loss_bc = 8.4e-04,  loss_ic = 2.5e-04,  lr = 9.0e-04, time_taken = 2.0e-02, rel_l2_error = 1.1e-01
Model state saved to ./checkpoints/heat3d_exact\2026-03-07_18-18-03-087868\model.pth
Iteration: 7300, loss_r = 3.2e-04 ,  loss_bc = 7.2e-04,  loss_ic = 2.6e-04,  lr = 9.0e-04, time_taken = 1.9e-02, rel_l2_error = 1.0e-01
Model state saved to ./checkpoints/heat3d_exact\2026-03-07_18-18-03-087868\model.pth
Iteration: 7400, loss_r = 5.8e-04 ,  loss_bc = 6.9e-04,  loss_ic = 2.0e-04,  lr = 9.0e-04, time_taken = 2.1e-02, rel_l2_error = 9.4e-02
Model state saved to ./checkpoints/heat3d_exact\2026-03-07_18-18-03-087868\model.pth
Iteration: 7500, loss_r = 3.2e-04 ,  loss_bc = 1.2e-03,  loss_ic = 1.6e-04,  lr = 9.0e-04, time_taken = 1.8e-02, rel_l2_error = 1.1e-01
Model state saved to ./checkpoints/heat3d_exact\2026-03-07_18-18-03-087868\model.pth
Iteration: 7600, loss_r = 7.3e-04 ,  loss_bc = 6.5e-04,  loss_ic = 1.2e-04,  lr = 9.0e-04, time_taken = 1.9e-02, rel_l2_error = 9.3e-02
Model state saved to ./checkpoints/heat3d_exact\2026-03-07_18-18-03-087868\model.pth
Iteration: 7700, loss_r = 7.3e-04 ,  loss_bc = 8.8e-04,  loss_ic = 1.5e-04,  lr = 9.0e-04, time_taken = 1.9e-02, rel_l2_error = 1.0e-01
Model state saved to ./checkpoints/heat3d_exact\2026-03-07_18-18-03-087868\model.pth
Iteration: 7800, loss_r = 5.7e-04 ,  loss_bc = 7.8e-04,  loss_ic = 2.7e-04,  lr = 9.0e-04, time_taken = 2.3e-02, rel_l2_error = 9.2e-02
Model state saved to ./checkpoints/heat3d_exact\2026-03-07_18-18-03-087868\model.pth
Iteration: 7900, loss_r = 5.6e-04 ,  loss_bc = 1.1e-03,  loss_ic = 1.8e-04,  lr = 9.0e-04, time_taken = 1.9e-02, rel_l2_error = 1.0e-01
Model state saved to ./checkpoints/heat3d_exact\2026-03-07_18-18-03-087868\model.pth
Iteration: 8000, loss_r = 6.3e-04 ,  loss_bc = 7.9e-04,  loss_ic = 2.1e-04,  lr = 9.0e-04, time_taken = 2.6e-02, rel_l2_error = 9.7e-02
Model state saved to ./checkpoints/heat3d_exact\2026-03-07_18-18-03-087868\model.pth

=== RAR Evaluation at iteration 8000 ===
Mean residual: 1.281e-02
Added 100 point(s). Total adaptive points: 400

Iteration: 8100, loss_r = 7.5e-04 ,  loss_bc = 9.5e-04,  loss_ic = 5.8e-04,  lr = 9.0e-04, time_taken = 2.0e-02, rel_l2_error = 9.9e-02
Model state saved to ./checkpoints/heat3d_exact\2026-03-07_18-18-03-087868\model.pth
Iteration: 8200, loss_r = 6.3e-04 ,  loss_bc = 5.2e-04,  loss_ic = 9.4e-05,  lr = 9.0e-04, time_taken = 2.7e-02, rel_l2_error = 9.4e-02
Model state saved to ./checkpoints/heat3d_exact\2026-03-07_18-18-03-087868\model.pth
Iteration: 8300, loss_r = 7.4e-04 ,  loss_bc = 7.2e-04,  loss_ic = 1.9e-04,  lr = 9.0e-04, time_taken = 1.7e-02, rel_l2_error = 1.0e-01
Model state saved to ./checkpoints/heat3d_exact\2026-03-07_18-18-03-087868\model.pth
Iteration: 8400, loss_r = 9.1e-04 ,  loss_bc = 1.1e-03,  loss_ic = 3.0e-04,  lr = 9.0e-04, time_taken = 2.2e-02, rel_l2_error = 1.0e-01
Model state saved to ./checkpoints/heat3d_exact\2026-03-07_18-18-03-087868\model.pth
Iteration: 8500, loss_r = 1.2e-03 ,  loss_bc = 5.3e-04,  loss_ic = 3.0e-04,  lr = 9.0e-04, time_taken = 2.0e-02, rel_l2_error = 9.3e-02
Model state saved to ./checkpoints/heat3d_exact\2026-03-07_18-18-03-087868\model.pth
Iteration: 8600, loss_r = 5.9e-04 ,  loss_bc = 7.9e-04,  loss_ic = 1.5e-04,  lr = 9.0e-04, time_taken = 2.0e-02, rel_l2_error = 9.3e-02
Model state saved to ./checkpoints/heat3d_exact\2026-03-07_18-18-03-087868\model.pth
Iteration: 8700, loss_r = 8.6e-04 ,  loss_bc = 8.8e-04,  loss_ic = 3.6e-04,  lr = 9.0e-04, time_taken = 3.1e-02, rel_l2_error = 8.8e-02
Model state saved to ./checkpoints/heat3d_exact\2026-03-07_18-18-03-087868\model.pth
Iteration: 8800, loss_r = 3.9e-04 ,  loss_bc = 9.9e-04,  loss_ic = 2.7e-04,  lr = 9.0e-04, time_taken = 3.3e-02, rel_l2_error = 8.8e-02
Model state saved to ./checkpoints/heat3d_exact\2026-03-07_18-18-03-087868\model.pth
Iteration: 8900, loss_r = 6.5e-04 ,  loss_bc = 4.7e-04,  loss_ic = 9.8e-05,  lr = 8.1e-04, time_taken = 3.0e-02, rel_l2_error = 9.0e-02
Model state saved to ./checkpoints/heat3d_exact\2026-03-07_18-18-03-087868\model.pth
Iteration: 9000, loss_r = 5.0e-04 ,  loss_bc = 7.0e-04,  loss_ic = 1.5e-04,  lr = 8.1e-04, time_taken = 2.5e-02, rel_l2_error = 1.1e-01
Model state saved to ./checkpoints/heat3d_exact\2026-03-07_18-18-03-087868\model.pth
Iteration: 9100, loss_r = 6.5e-04 ,  loss_bc = 6.0e-04,  loss_ic = 1.0e-04,  lr = 8.1e-04, time_taken = 1.9e-02, rel_l2_error = 9.0e-02
Model state saved to ./checkpoints/heat3d_exact\2026-03-07_18-18-03-087868\model.pth
Iteration: 9200, loss_r = 3.9e-04 ,  loss_bc = 4.9e-04,  loss_ic = 1.4e-04,  lr = 8.1e-04, time_taken = 2.0e-02, rel_l2_error = 8.9e-02
Model state saved to ./checkpoints/heat3d_exact\2026-03-07_18-18-03-087868\model.pth
Iteration: 9300, loss_r = 5.2e-04 ,  loss_bc = 6.7e-04,  loss_ic = 1.0e-04,  lr = 8.1e-04, time_taken = 1.8e-02, rel_l2_error = 7.9e-02
Model state saved to ./checkpoints/heat3d_exact\2026-03-07_18-18-03-087868\model.pth
Iteration: 9400, loss_r = 4.7e-04 ,  loss_bc = 5.1e-04,  loss_ic = 9.6e-05,  lr = 8.1e-04, time_taken = 1.9e-02, rel_l2_error = 7.8e-02
Model state saved to ./checkpoints/heat3d_exact\2026-03-07_18-18-03-087868\model.pth
Iteration: 9500, loss_r = 5.8e-04 ,  loss_bc = 5.8e-04,  loss_ic = 2.2e-04,  lr = 8.1e-04, time_taken = 2.5e-02, rel_l2_error = 8.4e-02
Model state saved to ./checkpoints/heat3d_exact\2026-03-07_18-18-03-087868\model.pth
Iteration: 9600, loss_r = 4.3e-04 ,  loss_bc = 4.9e-04,  loss_ic = 1.9e-04,  lr = 8.1e-04, time_taken = 2.2e-02, rel_l2_error = 8.3e-02
Model state saved to ./checkpoints/heat3d_exact\2026-03-07_18-18-03-087868\model.pth
Iteration: 9700, loss_r = 4.1e-04 ,  loss_bc = 6.5e-04,  loss_ic = 1.1e-04,  lr = 8.1e-04, time_taken = 3.0e-02, rel_l2_error = 8.2e-02
Model state saved to ./checkpoints/heat3d_exact\2026-03-07_18-18-03-087868\model.pth
Iteration: 9800, loss_r = 6.2e-04 ,  loss_bc = 8.5e-04,  loss_ic = 4.7e-04,  lr = 8.1e-04, time_taken = 2.1e-02, rel_l2_error = 8.8e-02
Model state saved to ./checkpoints/heat3d_exact\2026-03-07_18-18-03-087868\model.pth
Iteration: 9900, loss_r = 4.4e-04 ,  loss_bc = 4.2e-04,  loss_ic = 1.0e-04,  lr = 8.1e-04, time_taken = 2.2e-02, rel_l2_error = 8.9e-02
Model state saved to ./checkpoints/heat3d_exact\2026-03-07_18-18-03-087868\model.pth

=== Switching to LBFGS optimizer at iteration 10000 ===
Using scipy L-BFGS-B optimizer
Optimizer: L-BFGS-B (maxiter=10000, factr=1000.0, m=100, maxls=50, pgtol=1e-14)
L-BFGS Iteration: 0, Loss: 7.665821e-04
L-BFGS Iteration: 1, Loss: 7.037678e-04, Relative L2 Error: 7.838604e-02
L-BFGS: Time for 100 iterations = 6.0905 s
L-BFGS Iteration: 100, Loss: 2.602410e-04, Relative L2 Error: 5.735800e-02
L-BFGS Iteration: 200, Loss: 1.512219e-04, Relative L2 Error: 4.759771e-02
L-BFGS Iteration: 300, Loss: 9.571113e-05, Relative L2 Error: 3.781180e-02
L-BFGS Iteration: 400, Loss: 6.580284e-05, Relative L2 Error: 3.042604e-02
L-BFGS Iteration: 500, Loss: 4.873490e-05, Relative L2 Error: 2.982157e-02
L-BFGS Iteration: 600, Loss: 3.907407e-05, Relative L2 Error: 2.812432e-02
L-BFGS Iteration: 700, Loss: 3.085872e-05, Relative L2 Error: 2.559231e-02
L-BFGS Iteration: 800, Loss: 2.529872e-05, Relative L2 Error: 2.406144e-02
L-BFGS Iteration: 900, Loss: 2.106553e-05, Relative L2 Error: 2.430906e-02
L-BFGS Iteration: 1000, Loss: 1.743659e-05, Relative L2 Error: 2.108697e-02
L-BFGS Iteration: 1100, Loss: 1.468048e-05, Relative L2 Error: 2.033182e-02
L-BFGS Iteration: 1200, Loss: 1.283659e-05, Relative L2 Error: 2.016152e-02
L-BFGS Iteration: 1300, Loss: 1.129941e-05, Relative L2 Error: 1.825663e-02
L-BFGS Iteration: 1400, Loss: 1.012936e-05, Relative L2 Error: 1.842826e-02
L-BFGS Iteration: 1500, Loss: 9.192839e-06, Relative L2 Error: 1.818423e-02
L-BFGS Iteration: 1600, Loss: 8.337576e-06, Relative L2 Error: 1.834973e-02
L-BFGS Iteration: 1700, Loss: 7.617011e-06, Relative L2 Error: 1.820664e-02
L-BFGS Iteration: 1800, Loss: 7.053757e-06, Relative L2 Error: 1.867131e-02
L-BFGS Iteration: 1900, Loss: 6.547818e-06, Relative L2 Error: 1.787764e-02
L-BFGS Iteration: 2000, Loss: 6.132394e-06, Relative L2 Error: 1.833679e-02
L-BFGS Iteration: 2100, Loss: 5.665121e-06, Relative L2 Error: 1.798203e-02
L-BFGS Iteration: 2200, Loss: 5.231446e-06, Relative L2 Error: 1.806145e-02
L-BFGS Iteration: 2300, Loss: 4.929993e-06, Relative L2 Error: 1.893433e-02
L-BFGS Iteration: 2400, Loss: 4.681707e-06, Relative L2 Error: 1.782375e-02
L-BFGS Iteration: 2500, Loss: 4.402621e-06, Relative L2 Error: 1.668924e-02
L-BFGS Iteration: 2600, Loss: 4.100954e-06, Relative L2 Error: 1.625600e-02
L-BFGS Iteration: 2700, Loss: 3.817466e-06, Relative L2 Error: 1.665811e-02
L-BFGS Iteration: 2800, Loss: 3.571288e-06, Relative L2 Error: 1.585369e-02
L-BFGS Iteration: 2900, Loss: 3.407427e-06, Relative L2 Error: 1.736254e-02
L-BFGS Iteration: 3000, Loss: 3.245465e-06, Relative L2 Error: 1.653526e-02
L-BFGS Iteration: 3100, Loss: 3.125427e-06, Relative L2 Error: 1.624802e-02
L-BFGS Iteration: 3200, Loss: 2.983513e-06, Relative L2 Error: 1.590587e-02
L-BFGS Iteration: 3300, Loss: 2.879793e-06, Relative L2 Error: 1.594302e-02
L-BFGS Iteration: 3400, Loss: 2.781043e-06, Relative L2 Error: 1.525799e-02
L-BFGS Iteration: 3500, Loss: 2.662860e-06, Relative L2 Error: 1.561128e-02
L-BFGS Iteration: 3600, Loss: 2.548533e-06, Relative L2 Error: 1.552951e-02
L-BFGS Iteration: 3700, Loss: 2.426799e-06, Relative L2 Error: 1.492464e-02
L-BFGS Iteration: 3800, Loss: 2.311839e-06, Relative L2 Error: 1.546251e-02
L-BFGS Iteration: 3900, Loss: 2.201444e-06, Relative L2 Error: 1.496376e-02
L-BFGS Iteration: 4000, Loss: 2.088855e-06, Relative L2 Error: 1.440122e-02
L-BFGS Iteration: 4100, Loss: 2.007990e-06, Relative L2 Error: 1.435504e-02
L-BFGS Iteration: 4200, Loss: 1.922125e-06, Relative L2 Error: 1.430949e-02
L-BFGS Iteration: 4300, Loss: 1.856142e-06, Relative L2 Error: 1.364251e-02
L-BFGS Iteration: 4400, Loss: 1.810136e-06, Relative L2 Error: 1.365371e-02
L-BFGS Iteration: 4500, Loss: 1.751730e-06, Relative L2 Error: 1.423477e-02
L-BFGS Iteration: 4600, Loss: 1.677220e-06, Relative L2 Error: 1.423305e-02
L-BFGS Iteration: 4700, Loss: 1.625334e-06, Relative L2 Error: 1.402346e-02
L-BFGS Iteration: 4800, Loss: 1.561260e-06, Relative L2 Error: 1.368139e-02
L-BFGS Iteration: 4900, Loss: 1.507822e-06, Relative L2 Error: 1.358627e-02
L-BFGS Iteration: 5000, Loss: 1.460672e-06, Relative L2 Error: 1.423108e-02
L-BFGS Iteration: 5100, Loss: 1.413776e-06, Relative L2 Error: 1.432184e-02
L-BFGS Iteration: 5200, Loss: 1.360945e-06, Relative L2 Error: 1.422898e-02
L-BFGS Iteration: 5300, Loss: 1.318058e-06, Relative L2 Error: 1.388850e-02
L-BFGS Iteration: 5400, Loss: 1.275358e-06, Relative L2 Error: 1.355655e-02
L-BFGS Iteration: 5500, Loss: 1.231402e-06, Relative L2 Error: 1.419513e-02
L-BFGS Iteration: 5600, Loss: 1.184719e-06, Relative L2 Error: 1.374317e-02
L-BFGS Iteration: 5700, Loss: 1.145611e-06, Relative L2 Error: 1.354401e-02
L-BFGS Iteration: 5800, Loss: 1.093386e-06, Relative L2 Error: 1.276364e-02
L-BFGS Iteration: 5900, Loss: 1.058370e-06, Relative L2 Error: 1.318909e-02
L-BFGS Iteration: 6000, Loss: 1.022311e-06, Relative L2 Error: 1.284082e-02
L-BFGS Iteration: 6100, Loss: 9.992266e-07, Relative L2 Error: 1.323344e-02
L-BFGS Iteration: 6200, Loss: 9.689315e-07, Relative L2 Error: 1.271091e-02
L-BFGS Iteration: 6300, Loss: 9.421238e-07, Relative L2 Error: 1.277241e-02
L-BFGS Iteration: 6400, Loss: 9.220230e-07, Relative L2 Error: 1.278341e-02
L-BFGS Iteration: 6500, Loss: 9.002735e-07, Relative L2 Error: 1.260706e-02
L-BFGS Iteration: 6600, Loss: 8.757789e-07, Relative L2 Error: 1.320685e-02
L-BFGS Iteration: 6700, Loss: 8.512109e-07, Relative L2 Error: 1.314159e-02
L-BFGS Iteration: 6800, Loss: 8.315845e-07, Relative L2 Error: 1.292351e-02
L-BFGS Iteration: 6900, Loss: 8.151110e-07, Relative L2 Error: 1.213668e-02
L-BFGS Iteration: 7000, Loss: 8.011569e-07, Relative L2 Error: 1.326038e-02
L-BFGS training completed after 7007 iterations
Model state saved to ./checkpoints/heat3d_exact\2026-03-07_18-18-03-087868\model.pth
Training completed successfully!
Relative L2 error (eval data): 1.20e-02
Saved solution comparison heatmaps to: ./checkpoints/heat3d_exact\2026-03-07_18-18-03-087868\solution_comparison_heat3d.png
