Random seed set to: 88
Solving 3D heat equation u_t = alpha (u_{xx}+u_{yy}+u_{zz}) on [0,1]^3 with homogeneous Dirichlet BC
Using DV Solver
The settings used:
batch_size : 64
epochs : 20000
lr : 0.001
seed : 88
print_every : 100
log_path : ./checkpoints/heat3d_exact
input_dim : 4
output_dim : 1
num_qubits : 5
hidden_dim : 20
num_quantum_layers : 1
classic_network : [4, 20, 1]
q_ansatz : cross_mesh
mode : hybrid
activation : tanh
shots : None
problem : heat3d_exact
solver : DV
device : cpu
method : None
cutoff_dim : 20
class : CVNeuralNetwork1
encoding : angle
use_rar : True
rar_eval_freq : 2000
rar_threshold : 0.0005
rar_num_candidates : 10000
rar_num_add : 100
use_hybrid_optimizer : True
adam_iterations : 10000
use_scipy_lbfgs : True
lbfgs_lr : 1
lbfgs_line_search : strong_wolfe
lbfgs_tolerance_grad : 1e-05
lbfgs_tolerance_change : 1e-07
lbfgs_maxiter : 10000
lbfgs_factr : 1000.0
lbfgs_pgtol : 1e-14
lbfgs_maxls : 50
lbfgs_m : 100
lbfgs_eval_every : 100
domainN : 500
boundaryN : 50
initialN : 50
eval_total_points : 10000
nx : 200
nt : 200
y0 : 0.5
z0 : 0.5
alpha : 0.1
Total number of parameters: 1226
The circuit used in the study:
Iteration: 0, loss_r = 3.2e-06 ,  loss_bc = 3.7e-01,  loss_ic = 4.2e-02,  lr = 1.0e-03, time_taken = 2.4e+00, rel_l2_error = 1.4e+00
Model state saved to ./checkpoints/heat3d_exact\2026-03-06_12-14-01-397294\model.pth
Iteration: 100, loss_r = 4.7e-03 ,  loss_bc = 1.7e-02,  loss_ic = 9.6e-02,  lr = 1.0e-03, time_taken = 8.9e-01, rel_l2_error = 7.7e-01
Model state saved to ./checkpoints/heat3d_exact\2026-03-06_12-14-01-397294\model.pth
Iteration: 200, loss_r = 3.3e-03 ,  loss_bc = 1.4e-02,  loss_ic = 5.8e-02,  lr = 1.0e-03, time_taken = 8.6e-01, rel_l2_error = 7.2e-01
Model state saved to ./checkpoints/heat3d_exact\2026-03-06_12-14-01-397294\model.pth
Iteration: 300, loss_r = 2.3e-03 ,  loss_bc = 2.0e-02,  loss_ic = 4.2e-02,  lr = 1.0e-03, time_taken = 1.0e+00, rel_l2_error = 6.3e-01
Model state saved to ./checkpoints/heat3d_exact\2026-03-06_12-14-01-397294\model.pth
Iteration: 400, loss_r = 6.5e-03 ,  loss_bc = 1.6e-02,  loss_ic = 6.0e-02,  lr = 1.0e-03, time_taken = 1.0e+00, rel_l2_error = 6.0e-01
Model state saved to ./checkpoints/heat3d_exact\2026-03-06_12-14-01-397294\model.pth
Iteration: 500, loss_r = 5.3e-03 ,  loss_bc = 9.9e-03,  loss_ic = 1.7e-02,  lr = 1.0e-03, time_taken = 1.0e+00, rel_l2_error = 4.8e-01
Model state saved to ./checkpoints/heat3d_exact\2026-03-06_12-14-01-397294\model.pth
Iteration: 600, loss_r = 2.1e-03 ,  loss_bc = 8.0e-03,  loss_ic = 7.7e-03,  lr = 1.0e-03, time_taken = 8.6e-01, rel_l2_error = 3.6e-01
Model state saved to ./checkpoints/heat3d_exact\2026-03-06_12-14-01-397294\model.pth
Iteration: 700, loss_r = 4.0e-03 ,  loss_bc = 8.3e-03,  loss_ic = 6.9e-03,  lr = 1.0e-03, time_taken = 8.6e-01, rel_l2_error = 3.1e-01
Model state saved to ./checkpoints/heat3d_exact\2026-03-06_12-14-01-397294\model.pth
Iteration: 800, loss_r = 2.7e-03 ,  loss_bc = 6.6e-03,  loss_ic = 8.0e-03,  lr = 1.0e-03, time_taken = 1.0e+00, rel_l2_error = 2.8e-01
Model state saved to ./checkpoints/heat3d_exact\2026-03-06_12-14-01-397294\model.pth
Iteration: 900, loss_r = 3.0e-03 ,  loss_bc = 5.6e-03,  loss_ic = 7.5e-03,  lr = 1.0e-03, time_taken = 1.0e+00, rel_l2_error = 2.7e-01
Model state saved to ./checkpoints/heat3d_exact\2026-03-06_12-14-01-397294\model.pth
Iteration: 1000, loss_r = 5.5e-03 ,  loss_bc = 5.1e-03,  loss_ic = 3.3e-03,  lr = 1.0e-03, time_taken = 9.2e-01, rel_l2_error = 2.5e-01
Model state saved to ./checkpoints/heat3d_exact\2026-03-06_12-14-01-397294\model.pth
Iteration: 1100, loss_r = 4.9e-03 ,  loss_bc = 5.5e-03,  loss_ic = 4.2e-03,  lr = 1.0e-03, time_taken = 8.9e-01, rel_l2_error = 2.3e-01
Model state saved to ./checkpoints/heat3d_exact\2026-03-06_12-14-01-397294\model.pth
Iteration: 1200, loss_r = 6.0e-03 ,  loss_bc = 4.8e-03,  loss_ic = 2.8e-03,  lr = 1.0e-03, time_taken = 8.9e-01, rel_l2_error = 2.3e-01
Model state saved to ./checkpoints/heat3d_exact\2026-03-06_12-14-01-397294\model.pth
Iteration: 1300, loss_r = 2.1e-03 ,  loss_bc = 3.7e-03,  loss_ic = 3.0e-03,  lr = 1.0e-03, time_taken = 8.8e-01, rel_l2_error = 2.1e-01
Model state saved to ./checkpoints/heat3d_exact\2026-03-06_12-14-01-397294\model.pth
Iteration: 1400, loss_r = 3.6e-03 ,  loss_bc = 2.9e-03,  loss_ic = 3.4e-03,  lr = 1.0e-03, time_taken = 9.4e-01, rel_l2_error = 2.1e-01
Model state saved to ./checkpoints/heat3d_exact\2026-03-06_12-14-01-397294\model.pth
Iteration: 1500, loss_r = 3.7e-03 ,  loss_bc = 3.6e-03,  loss_ic = 2.3e-03,  lr = 1.0e-03, time_taken = 1.0e+00, rel_l2_error = 2.0e-01
Model state saved to ./checkpoints/heat3d_exact\2026-03-06_12-14-01-397294\model.pth
Iteration: 1600, loss_r = 2.3e-03 ,  loss_bc = 3.7e-03,  loss_ic = 2.7e-03,  lr = 1.0e-03, time_taken = 1.0e+00, rel_l2_error = 1.9e-01
Model state saved to ./checkpoints/heat3d_exact\2026-03-06_12-14-01-397294\model.pth
Iteration: 1700, loss_r = 2.3e-03 ,  loss_bc = 2.9e-03,  loss_ic = 1.8e-03,  lr = 1.0e-03, time_taken = 9.9e-01, rel_l2_error = 2.0e-01
Model state saved to ./checkpoints/heat3d_exact\2026-03-06_12-14-01-397294\model.pth
Iteration: 1800, loss_r = 1.4e-03 ,  loss_bc = 2.5e-03,  loss_ic = 1.5e-03,  lr = 1.0e-03, time_taken = 8.8e-01, rel_l2_error = 1.8e-01
Model state saved to ./checkpoints/heat3d_exact\2026-03-06_12-14-01-397294\model.pth
Iteration: 1900, loss_r = 3.7e-03 ,  loss_bc = 2.8e-03,  loss_ic = 1.4e-03,  lr = 1.0e-03, time_taken = 1.0e+00, rel_l2_error = 1.9e-01
Model state saved to ./checkpoints/heat3d_exact\2026-03-06_12-14-01-397294\model.pth
Iteration: 2000, loss_r = 2.6e-03 ,  loss_bc = 2.0e-03,  loss_ic = 1.2e-03,  lr = 1.0e-03, time_taken = 1.0e+00, rel_l2_error = 1.8e-01
Model state saved to ./checkpoints/heat3d_exact\2026-03-06_12-14-01-397294\model.pth

=== RAR Evaluation at iteration 2000 ===
Mean residual: 4.252e-01
Added 100 point(s). Total adaptive points: 100

Iteration: 2100, loss_r = 5.1e-03 ,  loss_bc = 2.5e-03,  loss_ic = 2.4e-03,  lr = 1.0e-03, time_taken = 1.1e+00, rel_l2_error = 1.9e-01
Model state saved to ./checkpoints/heat3d_exact\2026-03-06_12-14-01-397294\model.pth
Iteration: 2200, loss_r = 3.0e-03 ,  loss_bc = 2.7e-03,  loss_ic = 1.8e-03,  lr = 1.0e-03, time_taken = 8.8e-01, rel_l2_error = 1.9e-01
Model state saved to ./checkpoints/heat3d_exact\2026-03-06_12-14-01-397294\model.pth
Iteration: 2300, loss_r = 3.2e-03 ,  loss_bc = 3.4e-03,  loss_ic = 1.5e-03,  lr = 1.0e-03, time_taken = 8.4e-01, rel_l2_error = 1.9e-01
Model state saved to ./checkpoints/heat3d_exact\2026-03-06_12-14-01-397294\model.pth
Iteration: 2400, loss_r = 3.3e-03 ,  loss_bc = 2.3e-03,  loss_ic = 1.7e-03,  lr = 1.0e-03, time_taken = 1.0e+00, rel_l2_error = 1.7e-01
Model state saved to ./checkpoints/heat3d_exact\2026-03-06_12-14-01-397294\model.pth
Iteration: 2500, loss_r = 2.9e-03 ,  loss_bc = 2.4e-03,  loss_ic = 1.5e-03,  lr = 1.0e-03, time_taken = 1.0e+00, rel_l2_error = 1.8e-01
Model state saved to ./checkpoints/heat3d_exact\2026-03-06_12-14-01-397294\model.pth
Iteration: 2600, loss_r = 2.9e-03 ,  loss_bc = 2.7e-03,  loss_ic = 1.5e-03,  lr = 1.0e-03, time_taken = 9.6e-01, rel_l2_error = 1.8e-01
Model state saved to ./checkpoints/heat3d_exact\2026-03-06_12-14-01-397294\model.pth
Iteration: 2700, loss_r = 3.5e-03 ,  loss_bc = 2.5e-03,  loss_ic = 1.6e-03,  lr = 1.0e-03, time_taken = 8.7e-01, rel_l2_error = 1.7e-01
Model state saved to ./checkpoints/heat3d_exact\2026-03-06_12-14-01-397294\model.pth
Iteration: 2800, loss_r = 2.9e-03 ,  loss_bc = 2.4e-03,  loss_ic = 1.3e-03,  lr = 1.0e-03, time_taken = 1.0e+00, rel_l2_error = 1.7e-01
Model state saved to ./checkpoints/heat3d_exact\2026-03-06_12-14-01-397294\model.pth
Iteration: 2900, loss_r = 1.9e-03 ,  loss_bc = 2.0e-03,  loss_ic = 1.1e-03,  lr = 1.0e-03, time_taken = 1.0e+00, rel_l2_error = 1.7e-01
Model state saved to ./checkpoints/heat3d_exact\2026-03-06_12-14-01-397294\model.pth
Iteration: 3000, loss_r = 2.5e-03 ,  loss_bc = 2.0e-03,  loss_ic = 9.7e-04,  lr = 1.0e-03, time_taken = 8.9e-01, rel_l2_error = 1.7e-01
Model state saved to ./checkpoints/heat3d_exact\2026-03-06_12-14-01-397294\model.pth
Iteration: 3100, loss_r = 3.0e-03 ,  loss_bc = 2.1e-03,  loss_ic = 9.2e-04,  lr = 1.0e-03, time_taken = 8.6e-01, rel_l2_error = 1.7e-01
Model state saved to ./checkpoints/heat3d_exact\2026-03-06_12-14-01-397294\model.pth
Iteration: 3200, loss_r = 3.4e-03 ,  loss_bc = 2.2e-03,  loss_ic = 1.3e-03,  lr = 1.0e-03, time_taken = 1.3e+00, rel_l2_error = 1.7e-01
Model state saved to ./checkpoints/heat3d_exact\2026-03-06_12-14-01-397294\model.pth
Iteration: 3300, loss_r = 2.4e-03 ,  loss_bc = 2.0e-03,  loss_ic = 1.0e-03,  lr = 1.0e-03, time_taken = 1.2e+00, rel_l2_error = 1.7e-01
Model state saved to ./checkpoints/heat3d_exact\2026-03-06_12-14-01-397294\model.pth
Iteration: 3400, loss_r = 1.7e-03 ,  loss_bc = 1.9e-03,  loss_ic = 1.9e-03,  lr = 1.0e-03, time_taken = 8.9e-01, rel_l2_error = 1.7e-01
Model state saved to ./checkpoints/heat3d_exact\2026-03-06_12-14-01-397294\model.pth
Iteration: 3500, loss_r = 1.8e-03 ,  loss_bc = 1.7e-03,  loss_ic = 1.0e-03,  lr = 1.0e-03, time_taken = 9.9e-01, rel_l2_error = 1.6e-01
Model state saved to ./checkpoints/heat3d_exact\2026-03-06_12-14-01-397294\model.pth
Iteration: 3600, loss_r = 2.6e-03 ,  loss_bc = 1.7e-03,  loss_ic = 1.2e-03,  lr = 1.0e-03, time_taken = 1.0e+00, rel_l2_error = 1.5e-01
Model state saved to ./checkpoints/heat3d_exact\2026-03-06_12-14-01-397294\model.pth
Iteration: 3700, loss_r = 1.3e-03 ,  loss_bc = 1.7e-03,  loss_ic = 7.9e-04,  lr = 1.0e-03, time_taken = 9.2e-01, rel_l2_error = 1.6e-01
Model state saved to ./checkpoints/heat3d_exact\2026-03-06_12-14-01-397294\model.pth
Iteration: 3800, loss_r = 2.7e-03 ,  loss_bc = 1.3e-03,  loss_ic = 6.3e-04,  lr = 1.0e-03, time_taken = 8.9e-01, rel_l2_error = 1.5e-01
Model state saved to ./checkpoints/heat3d_exact\2026-03-06_12-14-01-397294\model.pth
Iteration: 3900, loss_r = 2.3e-03 ,  loss_bc = 1.7e-03,  loss_ic = 1.3e-03,  lr = 1.0e-03, time_taken = 9.9e-01, rel_l2_error = 1.5e-01
Model state saved to ./checkpoints/heat3d_exact\2026-03-06_12-14-01-397294\model.pth
Iteration: 4000, loss_r = 1.6e-03 ,  loss_bc = 1.9e-03,  loss_ic = 5.7e-04,  lr = 1.0e-03, time_taken = 1.0e+00, rel_l2_error = 1.5e-01
Model state saved to ./checkpoints/heat3d_exact\2026-03-06_12-14-01-397294\model.pth

=== RAR Evaluation at iteration 4000 ===
Mean residual: 4.976e-01
Added 100 point(s). Total adaptive points: 200

Iteration: 4100, loss_r = 2.2e-03 ,  loss_bc = 1.5e-03,  loss_ic = 7.8e-04,  lr = 1.0e-03, time_taken = 1.1e+00, rel_l2_error = 1.6e-01
Model state saved to ./checkpoints/heat3d_exact\2026-03-06_12-14-01-397294\model.pth
Iteration: 4200, loss_r = 2.6e-03 ,  loss_bc = 1.6e-03,  loss_ic = 6.4e-04,  lr = 1.0e-03, time_taken = 9.8e-01, rel_l2_error = 1.6e-01
Model state saved to ./checkpoints/heat3d_exact\2026-03-06_12-14-01-397294\model.pth
Iteration: 4300, loss_r = 1.8e-03 ,  loss_bc = 2.2e-03,  loss_ic = 7.9e-04,  lr = 1.0e-03, time_taken = 1.0e+00, rel_l2_error = 1.5e-01
Model state saved to ./checkpoints/heat3d_exact\2026-03-06_12-14-01-397294\model.pth
Iteration: 4400, loss_r = 1.6e-03 ,  loss_bc = 1.8e-03,  loss_ic = 6.6e-04,  lr = 1.0e-03, time_taken = 1.6e+00, rel_l2_error = 1.4e-01
Model state saved to ./checkpoints/heat3d_exact\2026-03-06_12-14-01-397294\model.pth
Iteration: 4500, loss_r = 1.0e-03 ,  loss_bc = 1.9e-03,  loss_ic = 6.8e-04,  lr = 1.0e-03, time_taken = 1.2e+00, rel_l2_error = 1.5e-01
Model state saved to ./checkpoints/heat3d_exact\2026-03-06_12-14-01-397294\model.pth
Iteration: 4600, loss_r = 2.3e-03 ,  loss_bc = 1.4e-03,  loss_ic = 5.1e-04,  lr = 1.0e-03, time_taken = 9.9e-01, rel_l2_error = 1.4e-01
Model state saved to ./checkpoints/heat3d_exact\2026-03-06_12-14-01-397294\model.pth
Iteration: 4700, loss_r = 2.1e-03 ,  loss_bc = 2.1e-03,  loss_ic = 5.7e-04,  lr = 1.0e-03, time_taken = 9.1e-01, rel_l2_error = 1.6e-01
Model state saved to ./checkpoints/heat3d_exact\2026-03-06_12-14-01-397294\model.pth
Iteration: 4800, loss_r = 9.9e-04 ,  loss_bc = 1.6e-03,  loss_ic = 6.8e-04,  lr = 1.0e-03, time_taken = 8.5e-01, rel_l2_error = 1.4e-01
Model state saved to ./checkpoints/heat3d_exact\2026-03-06_12-14-01-397294\model.pth
Iteration: 4900, loss_r = 1.4e-03 ,  loss_bc = 1.5e-03,  loss_ic = 5.9e-04,  lr = 1.0e-03, time_taken = 9.9e-01, rel_l2_error = 1.4e-01
Model state saved to ./checkpoints/heat3d_exact\2026-03-06_12-14-01-397294\model.pth
Iteration: 5000, loss_r = 1.2e-03 ,  loss_bc = 1.5e-03,  loss_ic = 5.9e-04,  lr = 1.0e-03, time_taken = 9.3e-01, rel_l2_error = 1.5e-01
Model state saved to ./checkpoints/heat3d_exact\2026-03-06_12-14-01-397294\model.pth
Iteration: 5100, loss_r = 2.2e-03 ,  loss_bc = 1.6e-03,  loss_ic = 3.4e-04,  lr = 1.0e-03, time_taken = 1.0e+00, rel_l2_error = 1.4e-01
Model state saved to ./checkpoints/heat3d_exact\2026-03-06_12-14-01-397294\model.pth
Iteration: 5200, loss_r = 1.4e-03 ,  loss_bc = 1.4e-03,  loss_ic = 4.2e-04,  lr = 1.0e-03, time_taken = 9.6e-01, rel_l2_error = 1.3e-01
Model state saved to ./checkpoints/heat3d_exact\2026-03-06_12-14-01-397294\model.pth
Iteration: 5300, loss_r = 1.3e-03 ,  loss_bc = 1.4e-03,  loss_ic = 7.4e-04,  lr = 1.0e-03, time_taken = 8.7e-01, rel_l2_error = 1.4e-01
Model state saved to ./checkpoints/heat3d_exact\2026-03-06_12-14-01-397294\model.pth
Iteration: 5400, loss_r = 1.5e-03 ,  loss_bc = 1.4e-03,  loss_ic = 7.5e-04,  lr = 1.0e-03, time_taken = 1.0e+00, rel_l2_error = 1.3e-01
Model state saved to ./checkpoints/heat3d_exact\2026-03-06_12-14-01-397294\model.pth
Iteration: 5500, loss_r = 2.0e-03 ,  loss_bc = 1.6e-03,  loss_ic = 8.7e-04,  lr = 1.0e-03, time_taken = 9.0e-01, rel_l2_error = 1.3e-01
Model state saved to ./checkpoints/heat3d_exact\2026-03-06_12-14-01-397294\model.pth
Iteration: 5600, loss_r = 1.4e-03 ,  loss_bc = 1.3e-03,  loss_ic = 4.8e-04,  lr = 1.0e-03, time_taken = 1.2e+00, rel_l2_error = 1.3e-01
Model state saved to ./checkpoints/heat3d_exact\2026-03-06_12-14-01-397294\model.pth
Iteration: 5700, loss_r = 1.4e-03 ,  loss_bc = 1.5e-03,  loss_ic = 4.9e-04,  lr = 1.0e-03, time_taken = 9.0e-01, rel_l2_error = 1.3e-01
Model state saved to ./checkpoints/heat3d_exact\2026-03-06_12-14-01-397294\model.pth
Iteration: 5800, loss_r = 1.6e-03 ,  loss_bc = 1.2e-03,  loss_ic = 6.4e-04,  lr = 1.0e-03, time_taken = 1.0e+00, rel_l2_error = 1.4e-01
Model state saved to ./checkpoints/heat3d_exact\2026-03-06_12-14-01-397294\model.pth
Iteration: 5900, loss_r = 8.4e-04 ,  loss_bc = 1.0e-03,  loss_ic = 8.7e-04,  lr = 1.0e-03, time_taken = 1.1e+00, rel_l2_error = 1.4e-01
Model state saved to ./checkpoints/heat3d_exact\2026-03-06_12-14-01-397294\model.pth
Iteration: 6000, loss_r = 1.3e-03 ,  loss_bc = 1.5e-03,  loss_ic = 4.1e-04,  lr = 1.0e-03, time_taken = 1.1e+00, rel_l2_error = 1.3e-01
Model state saved to ./checkpoints/heat3d_exact\2026-03-06_12-14-01-397294\model.pth

=== RAR Evaluation at iteration 6000 ===
Mean residual: 5.075e-01
Added 100 point(s). Total adaptive points: 300

Iteration: 6100, loss_r = 1.6e-03 ,  loss_bc = 1.1e-03,  loss_ic = 3.1e-04,  lr = 1.0e-03, time_taken = 1.1e+00, rel_l2_error = 1.3e-01
Model state saved to ./checkpoints/heat3d_exact\2026-03-06_12-14-01-397294\model.pth
Iteration: 6200, loss_r = 1.1e-03 ,  loss_bc = 9.2e-04,  loss_ic = 4.5e-04,  lr = 1.0e-03, time_taken = 8.7e-01, rel_l2_error = 1.3e-01
Model state saved to ./checkpoints/heat3d_exact\2026-03-06_12-14-01-397294\model.pth
Iteration: 6300, loss_r = 1.6e-03 ,  loss_bc = 1.3e-03,  loss_ic = 4.3e-04,  lr = 1.0e-03, time_taken = 1.0e+00, rel_l2_error = 1.3e-01
Model state saved to ./checkpoints/heat3d_exact\2026-03-06_12-14-01-397294\model.pth
Iteration: 6400, loss_r = 1.4e-03 ,  loss_bc = 9.4e-04,  loss_ic = 5.5e-04,  lr = 1.0e-03, time_taken = 1.0e+00, rel_l2_error = 1.5e-01
Model state saved to ./checkpoints/heat3d_exact\2026-03-06_12-14-01-397294\model.pth
Iteration: 6500, loss_r = 1.2e-03 ,  loss_bc = 1.1e-03,  loss_ic = 4.1e-04,  lr = 1.0e-03, time_taken = 9.0e-01, rel_l2_error = 1.2e-01
Model state saved to ./checkpoints/heat3d_exact\2026-03-06_12-14-01-397294\model.pth
Iteration: 6600, loss_r = 9.8e-04 ,  loss_bc = 9.8e-04,  loss_ic = 4.1e-04,  lr = 1.0e-03, time_taken = 8.8e-01, rel_l2_error = 1.3e-01
Model state saved to ./checkpoints/heat3d_exact\2026-03-06_12-14-01-397294\model.pth
Iteration: 6700, loss_r = 1.0e-03 ,  loss_bc = 1.2e-03,  loss_ic = 4.6e-04,  lr = 1.0e-03, time_taken = 9.9e-01, rel_l2_error = 1.2e-01
Model state saved to ./checkpoints/heat3d_exact\2026-03-06_12-14-01-397294\model.pth
Iteration: 6800, loss_r = 9.5e-04 ,  loss_bc = 1.0e-03,  loss_ic = 3.8e-04,  lr = 1.0e-03, time_taken = 9.2e-01, rel_l2_error = 1.3e-01
Model state saved to ./checkpoints/heat3d_exact\2026-03-06_12-14-01-397294\model.pth
Iteration: 6900, loss_r = 1.5e-03 ,  loss_bc = 8.6e-04,  loss_ic = 3.0e-04,  lr = 1.0e-03, time_taken = 9.9e-01, rel_l2_error = 1.2e-01
Model state saved to ./checkpoints/heat3d_exact\2026-03-06_12-14-01-397294\model.pth
Iteration: 7000, loss_r = 1.6e-03 ,  loss_bc = 9.2e-04,  loss_ic = 3.6e-04,  lr = 1.0e-03, time_taken = 1.0e+00, rel_l2_error = 1.3e-01
Model state saved to ./checkpoints/heat3d_exact\2026-03-06_12-14-01-397294\model.pth
Iteration: 7100, loss_r = 1.6e-03 ,  loss_bc = 8.4e-04,  loss_ic = 3.4e-04,  lr = 1.0e-03, time_taken = 9.8e-01, rel_l2_error = 1.3e-01
Model state saved to ./checkpoints/heat3d_exact\2026-03-06_12-14-01-397294\model.pth
Iteration: 7200, loss_r = 1.3e-03 ,  loss_bc = 9.2e-04,  loss_ic = 3.1e-04,  lr = 1.0e-03, time_taken = 8.9e-01, rel_l2_error = 1.4e-01
Model state saved to ./checkpoints/heat3d_exact\2026-03-06_12-14-01-397294\model.pth
Iteration: 7300, loss_r = 1.1e-03 ,  loss_bc = 1.1e-03,  loss_ic = 4.2e-04,  lr = 1.0e-03, time_taken = 9.7e-01, rel_l2_error = 1.2e-01
Model state saved to ./checkpoints/heat3d_exact\2026-03-06_12-14-01-397294\model.pth
Iteration: 7400, loss_r = 1.4e-03 ,  loss_bc = 7.7e-04,  loss_ic = 3.5e-04,  lr = 1.0e-03, time_taken = 9.3e-01, rel_l2_error = 1.4e-01
Model state saved to ./checkpoints/heat3d_exact\2026-03-06_12-14-01-397294\model.pth
Iteration: 7500, loss_r = 1.3e-03 ,  loss_bc = 7.7e-04,  loss_ic = 3.7e-04,  lr = 1.0e-03, time_taken = 9.2e-01, rel_l2_error = 1.2e-01
Model state saved to ./checkpoints/heat3d_exact\2026-03-06_12-14-01-397294\model.pth
Iteration: 7600, loss_r = 8.8e-04 ,  loss_bc = 8.7e-04,  loss_ic = 3.7e-04,  lr = 1.0e-03, time_taken = 9.8e-01, rel_l2_error = 1.3e-01
Model state saved to ./checkpoints/heat3d_exact\2026-03-06_12-14-01-397294\model.pth
Iteration: 7700, loss_r = 6.9e-04 ,  loss_bc = 9.2e-04,  loss_ic = 2.4e-04,  lr = 1.0e-03, time_taken = 8.9e-01, rel_l2_error = 1.2e-01
Model state saved to ./checkpoints/heat3d_exact\2026-03-06_12-14-01-397294\model.pth
Iteration: 7800, loss_r = 6.5e-04 ,  loss_bc = 9.2e-04,  loss_ic = 2.5e-04,  lr = 1.0e-03, time_taken = 9.7e-01, rel_l2_error = 1.1e-01
Model state saved to ./checkpoints/heat3d_exact\2026-03-06_12-14-01-397294\model.pth
Iteration: 7900, loss_r = 7.7e-04 ,  loss_bc = 9.8e-04,  loss_ic = 3.2e-04,  lr = 1.0e-03, time_taken = 1.0e+00, rel_l2_error = 1.1e-01
Model state saved to ./checkpoints/heat3d_exact\2026-03-06_12-14-01-397294\model.pth
Iteration: 8000, loss_r = 8.5e-04 ,  loss_bc = 8.9e-04,  loss_ic = 3.5e-04,  lr = 1.0e-03, time_taken = 1.1e+00, rel_l2_error = 1.2e-01
Model state saved to ./checkpoints/heat3d_exact\2026-03-06_12-14-01-397294\model.pth

=== RAR Evaluation at iteration 8000 ===
Mean residual: 4.972e-01
Added 100 point(s). Total adaptive points: 400

Iteration: 8100, loss_r = 1.3e-03 ,  loss_bc = 1.1e-03,  loss_ic = 4.0e-04,  lr = 1.0e-03, time_taken = 1.2e+00, rel_l2_error = 1.1e-01
Model state saved to ./checkpoints/heat3d_exact\2026-03-06_12-14-01-397294\model.pth
Iteration: 8200, loss_r = 1.3e-03 ,  loss_bc = 1.0e-03,  loss_ic = 4.5e-04,  lr = 1.0e-03, time_taken = 8.8e-01, rel_l2_error = 1.1e-01
Model state saved to ./checkpoints/heat3d_exact\2026-03-06_12-14-01-397294\model.pth
Iteration: 8300, loss_r = 1.3e-03 ,  loss_bc = 9.5e-04,  loss_ic = 2.0e-04,  lr = 9.0e-04, time_taken = 1.0e+00, rel_l2_error = 1.1e-01
Model state saved to ./checkpoints/heat3d_exact\2026-03-06_12-14-01-397294\model.pth
Iteration: 8400, loss_r = 9.6e-04 ,  loss_bc = 7.9e-04,  loss_ic = 4.3e-04,  lr = 9.0e-04, time_taken = 1.1e+00, rel_l2_error = 1.1e-01
Model state saved to ./checkpoints/heat3d_exact\2026-03-06_12-14-01-397294\model.pth
Iteration: 8500, loss_r = 4.6e-04 ,  loss_bc = 1.1e-03,  loss_ic = 2.6e-04,  lr = 9.0e-04, time_taken = 8.9e-01, rel_l2_error = 1.1e-01
Model state saved to ./checkpoints/heat3d_exact\2026-03-06_12-14-01-397294\model.pth
Iteration: 8600, loss_r = 1.0e-03 ,  loss_bc = 9.0e-04,  loss_ic = 2.9e-04,  lr = 9.0e-04, time_taken = 9.5e-01, rel_l2_error = 1.2e-01
Model state saved to ./checkpoints/heat3d_exact\2026-03-06_12-14-01-397294\model.pth
Iteration: 8700, loss_r = 1.6e-03 ,  loss_bc = 7.4e-04,  loss_ic = 3.4e-04,  lr = 9.0e-04, time_taken = 9.9e-01, rel_l2_error = 1.1e-01
Model state saved to ./checkpoints/heat3d_exact\2026-03-06_12-14-01-397294\model.pth
Iteration: 8800, loss_r = 9.4e-04 ,  loss_bc = 7.8e-04,  loss_ic = 3.1e-04,  lr = 9.0e-04, time_taken = 9.0e-01, rel_l2_error = 1.1e-01
Model state saved to ./checkpoints/heat3d_exact\2026-03-06_12-14-01-397294\model.pth
Iteration: 8900, loss_r = 1.0e-03 ,  loss_bc = 7.0e-04,  loss_ic = 3.8e-04,  lr = 9.0e-04, time_taken = 9.9e-01, rel_l2_error = 1.2e-01
Model state saved to ./checkpoints/heat3d_exact\2026-03-06_12-14-01-397294\model.pth
Iteration: 9000, loss_r = 7.8e-04 ,  loss_bc = 7.5e-04,  loss_ic = 3.1e-04,  lr = 9.0e-04, time_taken = 9.9e-01, rel_l2_error = 1.2e-01
Model state saved to ./checkpoints/heat3d_exact\2026-03-06_12-14-01-397294\model.pth
Iteration: 9100, loss_r = 1.1e-03 ,  loss_bc = 9.1e-04,  loss_ic = 2.3e-04,  lr = 9.0e-04, time_taken = 1.0e+00, rel_l2_error = 1.1e-01
Model state saved to ./checkpoints/heat3d_exact\2026-03-06_12-14-01-397294\model.pth
Iteration: 9200, loss_r = 1.2e-03 ,  loss_bc = 9.4e-04,  loss_ic = 3.1e-04,  lr = 9.0e-04, time_taken = 9.0e-01, rel_l2_error = 1.1e-01
Model state saved to ./checkpoints/heat3d_exact\2026-03-06_12-14-01-397294\model.pth
Iteration: 9300, loss_r = 7.2e-04 ,  loss_bc = 8.2e-04,  loss_ic = 2.9e-04,  lr = 9.0e-04, time_taken = 1.0e+00, rel_l2_error = 1.1e-01
Model state saved to ./checkpoints/heat3d_exact\2026-03-06_12-14-01-397294\model.pth
Iteration: 9400, loss_r = 1.0e-03 ,  loss_bc = 1.2e-03,  loss_ic = 3.2e-04,  lr = 9.0e-04, time_taken = 1.0e+00, rel_l2_error = 1.1e-01
Model state saved to ./checkpoints/heat3d_exact\2026-03-06_12-14-01-397294\model.pth
Iteration: 9500, loss_r = 7.9e-04 ,  loss_bc = 7.1e-04,  loss_ic = 3.8e-04,  lr = 9.0e-04, time_taken = 9.1e-01, rel_l2_error = 1.1e-01
Model state saved to ./checkpoints/heat3d_exact\2026-03-06_12-14-01-397294\model.pth
Iteration: 9600, loss_r = 7.3e-04 ,  loss_bc = 8.7e-04,  loss_ic = 3.0e-04,  lr = 9.0e-04, time_taken = 8.7e-01, rel_l2_error = 1.1e-01
Model state saved to ./checkpoints/heat3d_exact\2026-03-06_12-14-01-397294\model.pth
Iteration: 9700, loss_r = 1.3e-03 ,  loss_bc = 9.9e-04,  loss_ic = 2.1e-04,  lr = 9.0e-04, time_taken = 1.0e+00, rel_l2_error = 1.2e-01
Model state saved to ./checkpoints/heat3d_exact\2026-03-06_12-14-01-397294\model.pth
Iteration: 9800, loss_r = 7.5e-04 ,  loss_bc = 7.4e-04,  loss_ic = 2.6e-04,  lr = 9.0e-04, time_taken = 9.4e-01, rel_l2_error = 1.1e-01
Model state saved to ./checkpoints/heat3d_exact\2026-03-06_12-14-01-397294\model.pth
Iteration: 9900, loss_r = 1.0e-03 ,  loss_bc = 8.1e-04,  loss_ic = 3.4e-04,  lr = 9.0e-04, time_taken = 8.5e-01, rel_l2_error = 1.1e-01
Model state saved to ./checkpoints/heat3d_exact\2026-03-06_12-14-01-397294\model.pth

=== Switching to LBFGS optimizer at iteration 10000 ===
Using scipy L-BFGS-B optimizer
Optimizer: L-BFGS-B (maxiter=10000, factr=1000.0, m=100, maxls=50, pgtol=1e-14)
L-BFGS Iteration: 0, Loss: 1.656044e-03
L-BFGS Iteration: 1, Loss: 1.598771e-03, Relative L2 Error: 1.085884e-01
L-BFGS: Time for 100 iterations = 968.7379 s
L-BFGS Iteration: 100, Loss: 8.530740e-04, Relative L2 Error: 1.018377e-01
L-BFGS Iteration: 200, Loss: 5.817224e-04, Relative L2 Error: 8.713934e-02
L-BFGS Iteration: 300, Loss: 4.341479e-04, Relative L2 Error: 7.787136e-02
L-BFGS Iteration: 400, Loss: 3.364819e-04, Relative L2 Error: 7.236820e-02
L-BFGS Iteration: 500, Loss: 2.714577e-04, Relative L2 Error: 6.272793e-02
L-BFGS Iteration: 600, Loss: 2.114855e-04, Relative L2 Error: 5.405907e-02
L-BFGS Iteration: 700, Loss: 1.729651e-04, Relative L2 Error: 4.958052e-02
L-BFGS Iteration: 800, Loss: 1.447336e-04, Relative L2 Error: 4.900413e-02
L-BFGS Iteration: 900, Loss: 1.215343e-04, Relative L2 Error: 4.555514e-02
L-BFGS Iteration: 1000, Loss: 1.053061e-04, Relative L2 Error: 4.534953e-02
L-BFGS Iteration: 1100, Loss: 9.288172e-05, Relative L2 Error: 4.078803e-02
L-BFGS Iteration: 1200, Loss: 8.234238e-05, Relative L2 Error: 3.813506e-02
L-BFGS Iteration: 1300, Loss: 7.324352e-05, Relative L2 Error: 3.479373e-02
L-BFGS Iteration: 1400, Loss: 6.553706e-05, Relative L2 Error: 3.472049e-02
L-BFGS Iteration: 1500, Loss: 6.070844e-05, Relative L2 Error: 3.546232e-02
L-BFGS Iteration: 1600, Loss: 5.639442e-05, Relative L2 Error: 3.388299e-02
L-BFGS Iteration: 1700, Loss: 5.194662e-05, Relative L2 Error: 3.387102e-02
L-BFGS Iteration: 1800, Loss: 4.766837e-05, Relative L2 Error: 3.160510e-02
L-BFGS Iteration: 1900, Loss: 4.491615e-05, Relative L2 Error: 3.226705e-02
L-BFGS Iteration: 2000, Loss: 4.287626e-05, Relative L2 Error: 3.179668e-02
L-BFGS Iteration: 2100, Loss: 4.008643e-05, Relative L2 Error: 2.932655e-02
L-BFGS Iteration: 2200, Loss: 3.769658e-05, Relative L2 Error: 3.012754e-02
L-BFGS Iteration: 2300, Loss: 3.552203e-05, Relative L2 Error: 2.930135e-02
L-BFGS Iteration: 2400, Loss: 3.331420e-05, Relative L2 Error: 2.747415e-02
L-BFGS Iteration: 2500, Loss: 3.147691e-05, Relative L2 Error: 2.977339e-02
L-BFGS Iteration: 2600, Loss: 3.004288e-05, Relative L2 Error: 2.954639e-02
L-BFGS Iteration: 2700, Loss: 2.855191e-05, Relative L2 Error: 2.751462e-02
L-BFGS Iteration: 2800, Loss: 2.734361e-05, Relative L2 Error: 2.775382e-02
L-BFGS Iteration: 2900, Loss: 2.627901e-05, Relative L2 Error: 2.793559e-02
L-BFGS Iteration: 3000, Loss: 2.521458e-05, Relative L2 Error: 2.600483e-02
L-BFGS Iteration: 3100, Loss: 2.434452e-05, Relative L2 Error: 2.572623e-02
L-BFGS Iteration: 3200, Loss: 2.326938e-05, Relative L2 Error: 2.562509e-02
L-BFGS Iteration: 3300, Loss: 2.205991e-05, Relative L2 Error: 2.490786e-02
L-BFGS Iteration: 3400, Loss: 2.106519e-05, Relative L2 Error: 2.354593e-02
L-BFGS Iteration: 3500, Loss: 2.038172e-05, Relative L2 Error: 2.444692e-02
L-BFGS Iteration: 3600, Loss: 1.963955e-05, Relative L2 Error: 2.302655e-02
L-BFGS Iteration: 3700, Loss: 1.888480e-05, Relative L2 Error: 2.451611e-02
L-BFGS Iteration: 3800, Loss: 1.817182e-05, Relative L2 Error: 2.382990e-02
L-BFGS Iteration: 3900, Loss: 1.728198e-05, Relative L2 Error: 2.403156e-02
L-BFGS Iteration: 4000, Loss: 1.642998e-05, Relative L2 Error: 2.273467e-02
L-BFGS Iteration: 4100, Loss: 1.577670e-05, Relative L2 Error: 2.477070e-02
L-BFGS Iteration: 4200, Loss: 1.523964e-05, Relative L2 Error: 2.520663e-02
L-BFGS Iteration: 4300, Loss: 1.467121e-05, Relative L2 Error: 2.426938e-02
L-BFGS Iteration: 4400, Loss: 1.426417e-05, Relative L2 Error: 2.347471e-02
L-BFGS Iteration: 4500, Loss: 1.371424e-05, Relative L2 Error: 2.373089e-02
L-BFGS Iteration: 4600, Loss: 1.328689e-05, Relative L2 Error: 2.288695e-02
L-BFGS Iteration: 4700, Loss: 1.290928e-05, Relative L2 Error: 2.448758e-02
L-BFGS Iteration: 4800, Loss: 1.264455e-05, Relative L2 Error: 2.417381e-02
L-BFGS Iteration: 4900, Loss: 1.240840e-05, Relative L2 Error: 2.343363e-02
L-BFGS Iteration: 5000, Loss: 1.205577e-05, Relative L2 Error: 2.275642e-02
L-BFGS Iteration: 5100, Loss: 1.169790e-05, Relative L2 Error: 2.440194e-02
L-BFGS Iteration: 5200, Loss: 1.136164e-05, Relative L2 Error: 2.334080e-02
L-BFGS Iteration: 5300, Loss: 1.103036e-05, Relative L2 Error: 2.376556e-02
L-BFGS Iteration: 5400, Loss: 1.061819e-05, Relative L2 Error: 2.390491e-02
L-BFGS Iteration: 5500, Loss: 1.029215e-05, Relative L2 Error: 2.378060e-02
L-BFGS Iteration: 5600, Loss: 1.003651e-05, Relative L2 Error: 2.392308e-02
L-BFGS Iteration: 5700, Loss: 9.832016e-06, Relative L2 Error: 2.420506e-02
L-BFGS Iteration: 5800, Loss: 9.623249e-06, Relative L2 Error: 2.316003e-02
L-BFGS Iteration: 5900, Loss: 9.328805e-06, Relative L2 Error: 2.399370e-02
L-BFGS Iteration: 6000, Loss: 9.073691e-06, Relative L2 Error: 2.372679e-02
L-BFGS Iteration: 6100, Loss: 8.923987e-06, Relative L2 Error: 2.247411e-02
L-BFGS training completed after 6157 iterations
Model state saved to ./checkpoints/heat3d_exact\2026-03-06_12-14-01-397294\model.pth
Training completed successfully!
Relative L2 error (eval data): 2.38e-02
Saved solution comparison heatmaps to: ./checkpoints/heat3d_exact\2026-03-06_12-14-01-397294\solution_comparison_heat3d.png
