Random seed set to: 68
Solving 3D heat equation u_t = alpha (u_{xx}+u_{yy}+u_{zz}) on [0,1]^3 with homogeneous Dirichlet BC
Using DV Solver
The settings used:
batch_size : 64
epochs : 20000
lr : 0.001
seed : 68
print_every : 100
log_path : ./checkpoints/heat3d_exact
input_dim : 4
output_dim : 1
num_qubits : 5
hidden_dim : 20
num_quantum_layers : 1
classic_network : [4, 20, 1]
q_ansatz : cross_mesh
mode : hybrid
activation : tanh
shots : None
problem : heat3d_exact
solver : DV
device : cuda
method : None
cutoff_dim : 20
class : CVNeuralNetwork1
encoding : angle
use_rar : False
rar_eval_freq : 2000
rar_threshold : 0.0005
rar_num_candidates : 10000
rar_num_add : 100
use_hybrid_optimizer : True
adam_iterations : 10000
use_scipy_lbfgs : True
lbfgs_lr : 1
lbfgs_line_search : strong_wolfe
lbfgs_tolerance_grad : 1e-05
lbfgs_tolerance_change : 1e-07
lbfgs_maxiter : 10000
lbfgs_factr : 1000.0
lbfgs_pgtol : 1e-14
lbfgs_maxls : 50
lbfgs_m : 100
lbfgs_eval_every : 100
domainN : 500
boundaryN : 50
initialN : 50
eval_total_points : 10000
nx : 200
nt : 200
y0 : 0.5
z0 : 0.5
alpha : 0.1
Total number of parameters: 1226
The circuit used in the study:
Iteration: 0, loss_r = 4.6e-05 ,  loss_bc = 8.4e-01,  loss_ic = 4.1e-01,  lr = 1.0e-03, time_taken = 3.3e+00, rel_l2_error = 3.0e+00
Model state saved to ./checkpoints/heat3d_exact/2026-05-29_08-57-12-585153/model.pth
Iteration: 100, loss_r = 4.1e-03 ,  loss_bc = 1.0e-02,  loss_ic = 6.6e-02,  lr = 1.0e-03, time_taken = 1.8e+00, rel_l2_error = 8.3e-01
Model state saved to ./checkpoints/heat3d_exact/2026-05-29_08-57-12-585153/model.pth
Iteration: 200, loss_r = 2.9e-03 ,  loss_bc = 9.7e-03,  loss_ic = 6.3e-02,  lr = 1.0e-03, time_taken = 2.3e+00, rel_l2_error = 7.5e-01
Model state saved to ./checkpoints/heat3d_exact/2026-05-29_08-57-12-585153/model.pth
Iteration: 300, loss_r = 4.7e-03 ,  loss_bc = 1.6e-02,  loss_ic = 5.9e-02,  lr = 1.0e-03, time_taken = 2.1e+00, rel_l2_error = 6.3e-01
Model state saved to ./checkpoints/heat3d_exact/2026-05-29_08-57-12-585153/model.pth
Iteration: 400, loss_r = 2.8e-03 ,  loss_bc = 1.2e-02,  loss_ic = 2.8e-02,  lr = 1.0e-03, time_taken = 2.5e+00, rel_l2_error = 4.4e-01
Model state saved to ./checkpoints/heat3d_exact/2026-05-29_08-57-12-585153/model.pth
Iteration: 500, loss_r = 6.1e-03 ,  loss_bc = 8.5e-03,  loss_ic = 1.2e-02,  lr = 1.0e-03, time_taken = 2.2e+00, rel_l2_error = 3.7e-01
Model state saved to ./checkpoints/heat3d_exact/2026-05-29_08-57-12-585153/model.pth
Iteration: 600, loss_r = 3.2e-03 ,  loss_bc = 6.6e-03,  loss_ic = 1.4e-02,  lr = 1.0e-03, time_taken = 2.7e+00, rel_l2_error = 3.3e-01
Model state saved to ./checkpoints/heat3d_exact/2026-05-29_08-57-12-585153/model.pth
Iteration: 700, loss_r = 5.6e-03 ,  loss_bc = 8.5e-03,  loss_ic = 9.8e-03,  lr = 1.0e-03, time_taken = 2.4e+00, rel_l2_error = 3.1e-01
Model state saved to ./checkpoints/heat3d_exact/2026-05-29_08-57-12-585153/model.pth
Iteration: 800, loss_r = 3.6e-03 ,  loss_bc = 7.6e-03,  loss_ic = 1.2e-02,  lr = 1.0e-03, time_taken = 2.1e+00, rel_l2_error = 3.0e-01
Model state saved to ./checkpoints/heat3d_exact/2026-05-29_08-57-12-585153/model.pth
Iteration: 900, loss_r = 3.8e-03 ,  loss_bc = 6.3e-03,  loss_ic = 8.7e-03,  lr = 1.0e-03, time_taken = 2.2e+00, rel_l2_error = 2.8e-01
Model state saved to ./checkpoints/heat3d_exact/2026-05-29_08-57-12-585153/model.pth
Iteration: 1000, loss_r = 5.3e-03 ,  loss_bc = 4.8e-03,  loss_ic = 9.6e-03,  lr = 1.0e-03, time_taken = 2.3e+00, rel_l2_error = 2.7e-01
Model state saved to ./checkpoints/heat3d_exact/2026-05-29_08-57-12-585153/model.pth
Iteration: 1100, loss_r = 6.2e-03 ,  loss_bc = 5.4e-03,  loss_ic = 3.6e-03,  lr = 1.0e-03, time_taken = 2.1e+00, rel_l2_error = 2.6e-01
Model state saved to ./checkpoints/heat3d_exact/2026-05-29_08-57-12-585153/model.pth
Iteration: 1200, loss_r = 5.0e-03 ,  loss_bc = 5.5e-03,  loss_ic = 4.6e-03,  lr = 1.0e-03, time_taken = 2.6e+00, rel_l2_error = 2.5e-01
Model state saved to ./checkpoints/heat3d_exact/2026-05-29_08-57-12-585153/model.pth
Iteration: 1300, loss_r = 3.5e-03 ,  loss_bc = 4.7e-03,  loss_ic = 4.5e-03,  lr = 1.0e-03, time_taken = 2.3e+00, rel_l2_error = 2.3e-01
Model state saved to ./checkpoints/heat3d_exact/2026-05-29_08-57-12-585153/model.pth
Iteration: 1400, loss_r = 4.5e-03 ,  loss_bc = 5.0e-03,  loss_ic = 3.9e-03,  lr = 1.0e-03, time_taken = 2.5e+00, rel_l2_error = 2.2e-01
Model state saved to ./checkpoints/heat3d_exact/2026-05-29_08-57-12-585153/model.pth
Iteration: 1500, loss_r = 2.7e-03 ,  loss_bc = 4.0e-03,  loss_ic = 2.7e-03,  lr = 1.0e-03, time_taken = 2.3e+00, rel_l2_error = 2.1e-01
Model state saved to ./checkpoints/heat3d_exact/2026-05-29_08-57-12-585153/model.pth
Iteration: 1600, loss_r = 4.0e-03 ,  loss_bc = 3.8e-03,  loss_ic = 2.3e-03,  lr = 1.0e-03, time_taken = 2.4e+00, rel_l2_error = 2.0e-01
Model state saved to ./checkpoints/heat3d_exact/2026-05-29_08-57-12-585153/model.pth
Iteration: 1700, loss_r = 2.1e-03 ,  loss_bc = 3.6e-03,  loss_ic = 2.9e-03,  lr = 1.0e-03, time_taken = 2.6e+00, rel_l2_error = 2.0e-01
Model state saved to ./checkpoints/heat3d_exact/2026-05-29_08-57-12-585153/model.pth
Iteration: 1800, loss_r = 2.8e-03 ,  loss_bc = 3.8e-03,  loss_ic = 2.1e-03,  lr = 1.0e-03, time_taken = 2.4e+00, rel_l2_error = 1.8e-01
Model state saved to ./checkpoints/heat3d_exact/2026-05-29_08-57-12-585153/model.pth
Iteration: 1900, loss_r = 2.4e-03 ,  loss_bc = 2.9e-03,  loss_ic = 2.1e-03,  lr = 1.0e-03, time_taken = 2.0e+00, rel_l2_error = 1.7e-01
Model state saved to ./checkpoints/heat3d_exact/2026-05-29_08-57-12-585153/model.pth
Iteration: 2000, loss_r = 2.1e-03 ,  loss_bc = 2.9e-03,  loss_ic = 1.1e-03,  lr = 1.0e-03, time_taken = 2.2e+00, rel_l2_error = 1.6e-01
Model state saved to ./checkpoints/heat3d_exact/2026-05-29_08-57-12-585153/model.pth
Iteration: 2100, loss_r = 2.9e-03 ,  loss_bc = 2.9e-03,  loss_ic = 1.2e-03,  lr = 1.0e-03, time_taken = 2.6e+00, rel_l2_error = 1.6e-01
Model state saved to ./checkpoints/heat3d_exact/2026-05-29_08-57-12-585153/model.pth
Iteration: 2200, loss_r = 2.1e-03 ,  loss_bc = 3.0e-03,  loss_ic = 9.4e-04,  lr = 1.0e-03, time_taken = 2.5e+00, rel_l2_error = 1.6e-01
Model state saved to ./checkpoints/heat3d_exact/2026-05-29_08-57-12-585153/model.pth
Iteration: 2300, loss_r = 2.2e-03 ,  loss_bc = 2.6e-03,  loss_ic = 9.6e-04,  lr = 1.0e-03, time_taken = 2.2e+00, rel_l2_error = 1.6e-01
Model state saved to ./checkpoints/heat3d_exact/2026-05-29_08-57-12-585153/model.pth
Iteration: 2400, loss_r = 1.5e-03 ,  loss_bc = 2.3e-03,  loss_ic = 8.1e-04,  lr = 1.0e-03, time_taken = 2.5e+00, rel_l2_error = 1.5e-01
Model state saved to ./checkpoints/heat3d_exact/2026-05-29_08-57-12-585153/model.pth
Iteration: 2500, loss_r = 1.6e-03 ,  loss_bc = 2.3e-03,  loss_ic = 1.1e-03,  lr = 1.0e-03, time_taken = 2.3e+00, rel_l2_error = 1.5e-01
Model state saved to ./checkpoints/heat3d_exact/2026-05-29_08-57-12-585153/model.pth
Iteration: 2600, loss_r = 1.0e-03 ,  loss_bc = 2.1e-03,  loss_ic = 9.1e-04,  lr = 1.0e-03, time_taken = 2.5e+00, rel_l2_error = 1.5e-01
Model state saved to ./checkpoints/heat3d_exact/2026-05-29_08-57-12-585153/model.pth
Iteration: 2700, loss_r = 1.7e-03 ,  loss_bc = 2.3e-03,  loss_ic = 1.0e-03,  lr = 1.0e-03, time_taken = 2.3e+00, rel_l2_error = 1.5e-01
Model state saved to ./checkpoints/heat3d_exact/2026-05-29_08-57-12-585153/model.pth
Iteration: 2800, loss_r = 2.1e-03 ,  loss_bc = 2.0e-03,  loss_ic = 7.9e-04,  lr = 1.0e-03, time_taken = 2.0e+00, rel_l2_error = 1.5e-01
Model state saved to ./checkpoints/heat3d_exact/2026-05-29_08-57-12-585153/model.pth
Iteration: 2900, loss_r = 9.5e-04 ,  loss_bc = 2.0e-03,  loss_ic = 7.7e-04,  lr = 1.0e-03, time_taken = 2.8e+00, rel_l2_error = 1.4e-01
Model state saved to ./checkpoints/heat3d_exact/2026-05-29_08-57-12-585153/model.pth
Iteration: 3000, loss_r = 1.5e-03 ,  loss_bc = 1.8e-03,  loss_ic = 8.2e-04,  lr = 1.0e-03, time_taken = 2.6e+00, rel_l2_error = 1.4e-01
Model state saved to ./checkpoints/heat3d_exact/2026-05-29_08-57-12-585153/model.pth
Iteration: 3100, loss_r = 9.3e-04 ,  loss_bc = 2.3e-03,  loss_ic = 5.4e-04,  lr = 1.0e-03, time_taken = 2.7e+00, rel_l2_error = 1.3e-01
Model state saved to ./checkpoints/heat3d_exact/2026-05-29_08-57-12-585153/model.pth
Iteration: 3200, loss_r = 2.0e-03 ,  loss_bc = 1.9e-03,  loss_ic = 5.6e-04,  lr = 1.0e-03, time_taken = 2.5e+00, rel_l2_error = 1.4e-01
Model state saved to ./checkpoints/heat3d_exact/2026-05-29_08-57-12-585153/model.pth
Iteration: 3300, loss_r = 1.8e-03 ,  loss_bc = 1.7e-03,  loss_ic = 4.2e-04,  lr = 1.0e-03, time_taken = 2.5e+00, rel_l2_error = 1.4e-01
Model state saved to ./checkpoints/heat3d_exact/2026-05-29_08-57-12-585153/model.pth
Iteration: 3400, loss_r = 1.2e-03 ,  loss_bc = 1.5e-03,  loss_ic = 5.7e-04,  lr = 1.0e-03, time_taken = 2.5e+00, rel_l2_error = 1.3e-01
Model state saved to ./checkpoints/heat3d_exact/2026-05-29_08-57-12-585153/model.pth
Iteration: 3500, loss_r = 1.4e-03 ,  loss_bc = 1.3e-03,  loss_ic = 6.2e-04,  lr = 1.0e-03, time_taken = 1.6e+00, rel_l2_error = 1.4e-01
Model state saved to ./checkpoints/heat3d_exact/2026-05-29_08-57-12-585153/model.pth
Iteration: 3600, loss_r = 1.2e-03 ,  loss_bc = 1.3e-03,  loss_ic = 5.1e-04,  lr = 1.0e-03, time_taken = 2.4e+00, rel_l2_error = 1.3e-01
Model state saved to ./checkpoints/heat3d_exact/2026-05-29_08-57-12-585153/model.pth
Iteration: 3700, loss_r = 1.7e-03 ,  loss_bc = 1.6e-03,  loss_ic = 5.5e-04,  lr = 1.0e-03, time_taken = 2.5e+00, rel_l2_error = 1.4e-01
Model state saved to ./checkpoints/heat3d_exact/2026-05-29_08-57-12-585153/model.pth
Iteration: 3800, loss_r = 1.4e-03 ,  loss_bc = 1.5e-03,  loss_ic = 3.0e-04,  lr = 1.0e-03, time_taken = 1.9e+00, rel_l2_error = 1.3e-01
Model state saved to ./checkpoints/heat3d_exact/2026-05-29_08-57-12-585153/model.pth
Iteration: 3900, loss_r = 3.0e-03 ,  loss_bc = 1.6e-03,  loss_ic = 2.8e-04,  lr = 1.0e-03, time_taken = 2.5e+00, rel_l2_error = 1.3e-01
Model state saved to ./checkpoints/heat3d_exact/2026-05-29_08-57-12-585153/model.pth
Iteration: 4000, loss_r = 9.0e-04 ,  loss_bc = 1.3e-03,  loss_ic = 3.8e-04,  lr = 1.0e-03, time_taken = 2.5e+00, rel_l2_error = 1.2e-01
Model state saved to ./checkpoints/heat3d_exact/2026-05-29_08-57-12-585153/model.pth
Iteration: 4100, loss_r = 1.3e-03 ,  loss_bc = 1.4e-03,  loss_ic = 4.7e-04,  lr = 1.0e-03, time_taken = 2.2e+00, rel_l2_error = 1.3e-01
Model state saved to ./checkpoints/heat3d_exact/2026-05-29_08-57-12-585153/model.pth
Iteration: 4200, loss_r = 1.5e-03 ,  loss_bc = 1.3e-03,  loss_ic = 3.8e-04,  lr = 1.0e-03, time_taken = 2.2e+00, rel_l2_error = 1.3e-01
Model state saved to ./checkpoints/heat3d_exact/2026-05-29_08-57-12-585153/model.pth
Iteration: 4300, loss_r = 1.2e-03 ,  loss_bc = 1.3e-03,  loss_ic = 4.8e-04,  lr = 1.0e-03, time_taken = 2.6e+00, rel_l2_error = 1.2e-01
Model state saved to ./checkpoints/heat3d_exact/2026-05-29_08-57-12-585153/model.pth
Iteration: 4400, loss_r = 1.1e-03 ,  loss_bc = 1.4e-03,  loss_ic = 2.7e-04,  lr = 1.0e-03, time_taken = 2.2e+00, rel_l2_error = 1.3e-01
Model state saved to ./checkpoints/heat3d_exact/2026-05-29_08-57-12-585153/model.pth
Iteration: 4500, loss_r = 1.4e-03 ,  loss_bc = 1.3e-03,  loss_ic = 3.2e-04,  lr = 1.0e-03, time_taken = 2.7e+00, rel_l2_error = 1.2e-01
Model state saved to ./checkpoints/heat3d_exact/2026-05-29_08-57-12-585153/model.pth
Iteration: 4600, loss_r = 8.6e-04 ,  loss_bc = 1.2e-03,  loss_ic = 5.4e-04,  lr = 1.0e-03, time_taken = 2.6e+00, rel_l2_error = 1.2e-01
Model state saved to ./checkpoints/heat3d_exact/2026-05-29_08-57-12-585153/model.pth
Iteration: 4700, loss_r = 7.9e-04 ,  loss_bc = 1.3e-03,  loss_ic = 3.6e-04,  lr = 1.0e-03, time_taken = 2.4e+00, rel_l2_error = 1.2e-01
Model state saved to ./checkpoints/heat3d_exact/2026-05-29_08-57-12-585153/model.pth
Iteration: 4800, loss_r = 2.1e-03 ,  loss_bc = 1.2e-03,  loss_ic = 2.7e-04,  lr = 1.0e-03, time_taken = 2.3e+00, rel_l2_error = 1.2e-01
Model state saved to ./checkpoints/heat3d_exact/2026-05-29_08-57-12-585153/model.pth
Iteration: 4900, loss_r = 1.5e-03 ,  loss_bc = 1.0e-03,  loss_ic = 2.9e-04,  lr = 1.0e-03, time_taken = 2.4e+00, rel_l2_error = 1.3e-01
Model state saved to ./checkpoints/heat3d_exact/2026-05-29_08-57-12-585153/model.pth
Iteration: 5000, loss_r = 1.2e-03 ,  loss_bc = 1.2e-03,  loss_ic = 2.3e-04,  lr = 1.0e-03, time_taken = 2.3e+00, rel_l2_error = 1.1e-01
Model state saved to ./checkpoints/heat3d_exact/2026-05-29_08-57-12-585153/model.pth
Iteration: 5100, loss_r = 1.4e-03 ,  loss_bc = 1.2e-03,  loss_ic = 2.9e-04,  lr = 1.0e-03, time_taken = 2.5e+00, rel_l2_error = 1.1e-01
Model state saved to ./checkpoints/heat3d_exact/2026-05-29_08-57-12-585153/model.pth
Iteration: 5200, loss_r = 1.5e-03 ,  loss_bc = 1.1e-03,  loss_ic = 2.0e-04,  lr = 1.0e-03, time_taken = 2.1e+00, rel_l2_error = 1.1e-01
Model state saved to ./checkpoints/heat3d_exact/2026-05-29_08-57-12-585153/model.pth
Iteration: 5300, loss_r = 2.0e-03 ,  loss_bc = 1.4e-03,  loss_ic = 5.3e-04,  lr = 1.0e-03, time_taken = 2.5e+00, rel_l2_error = 1.2e-01
Model state saved to ./checkpoints/heat3d_exact/2026-05-29_08-57-12-585153/model.pth
Iteration: 5400, loss_r = 1.0e-03 ,  loss_bc = 8.9e-04,  loss_ic = 2.3e-04,  lr = 1.0e-03, time_taken = 2.5e+00, rel_l2_error = 1.1e-01
Model state saved to ./checkpoints/heat3d_exact/2026-05-29_08-57-12-585153/model.pth
Iteration: 5500, loss_r = 1.3e-03 ,  loss_bc = 1.3e-03,  loss_ic = 3.9e-04,  lr = 1.0e-03, time_taken = 2.7e+00, rel_l2_error = 1.2e-01
Model state saved to ./checkpoints/heat3d_exact/2026-05-29_08-57-12-585153/model.pth
Iteration: 5600, loss_r = 9.8e-04 ,  loss_bc = 1.1e-03,  loss_ic = 3.4e-04,  lr = 1.0e-03, time_taken = 2.4e+00, rel_l2_error = 1.3e-01
Model state saved to ./checkpoints/heat3d_exact/2026-05-29_08-57-12-585153/model.pth
Iteration: 5700, loss_r = 1.1e-03 ,  loss_bc = 1.1e-03,  loss_ic = 3.6e-04,  lr = 1.0e-03, time_taken = 2.5e+00, rel_l2_error = 1.3e-01
Model state saved to ./checkpoints/heat3d_exact/2026-05-29_08-57-12-585153/model.pth
Iteration: 5800, loss_r = 1.9e-03 ,  loss_bc = 9.6e-04,  loss_ic = 3.3e-04,  lr = 1.0e-03, time_taken = 2.6e+00, rel_l2_error = 1.2e-01
Model state saved to ./checkpoints/heat3d_exact/2026-05-29_08-57-12-585153/model.pth
Iteration: 5900, loss_r = 6.0e-04 ,  loss_bc = 1.1e-03,  loss_ic = 4.2e-04,  lr = 1.0e-03, time_taken = 2.7e+00, rel_l2_error = 1.2e-01
Model state saved to ./checkpoints/heat3d_exact/2026-05-29_08-57-12-585153/model.pth
Iteration: 6000, loss_r = 7.6e-04 ,  loss_bc = 9.6e-04,  loss_ic = 3.1e-04,  lr = 1.0e-03, time_taken = 2.4e+00, rel_l2_error = 1.1e-01
Model state saved to ./checkpoints/heat3d_exact/2026-05-29_08-57-12-585153/model.pth
Iteration: 6100, loss_r = 4.5e-04 ,  loss_bc = 8.6e-04,  loss_ic = 1.6e-04,  lr = 1.0e-03, time_taken = 2.3e+00, rel_l2_error = 1.1e-01
Model state saved to ./checkpoints/heat3d_exact/2026-05-29_08-57-12-585153/model.pth
Iteration: 6200, loss_r = 6.6e-04 ,  loss_bc = 8.4e-04,  loss_ic = 2.5e-04,  lr = 1.0e-03, time_taken = 2.4e+00, rel_l2_error = 1.2e-01
Model state saved to ./checkpoints/heat3d_exact/2026-05-29_08-57-12-585153/model.pth
Iteration: 6300, loss_r = 8.2e-04 ,  loss_bc = 7.0e-04,  loss_ic = 2.1e-04,  lr = 1.0e-03, time_taken = 2.2e+00, rel_l2_error = 1.1e-01
Model state saved to ./checkpoints/heat3d_exact/2026-05-29_08-57-12-585153/model.pth
Iteration: 6400, loss_r = 8.9e-04 ,  loss_bc = 8.4e-04,  loss_ic = 2.2e-04,  lr = 1.0e-03, time_taken = 2.6e+00, rel_l2_error = 1.1e-01
Model state saved to ./checkpoints/heat3d_exact/2026-05-29_08-57-12-585153/model.pth
Iteration: 6500, loss_r = 1.2e-03 ,  loss_bc = 8.9e-04,  loss_ic = 1.1e-04,  lr = 1.0e-03, time_taken = 2.2e+00, rel_l2_error = 1.1e-01
Model state saved to ./checkpoints/heat3d_exact/2026-05-29_08-57-12-585153/model.pth
Iteration: 6600, loss_r = 6.7e-04 ,  loss_bc = 7.5e-04,  loss_ic = 1.8e-04,  lr = 1.0e-03, time_taken = 2.5e+00, rel_l2_error = 1.0e-01
Model state saved to ./checkpoints/heat3d_exact/2026-05-29_08-57-12-585153/model.pth
Iteration: 6700, loss_r = 9.5e-04 ,  loss_bc = 9.8e-04,  loss_ic = 3.2e-04,  lr = 1.0e-03, time_taken = 2.6e+00, rel_l2_error = 1.3e-01
Model state saved to ./checkpoints/heat3d_exact/2026-05-29_08-57-12-585153/model.pth
Iteration: 6800, loss_r = 1.0e-03 ,  loss_bc = 9.2e-04,  loss_ic = 2.4e-04,  lr = 1.0e-03, time_taken = 2.5e+00, rel_l2_error = 1.0e-01
Model state saved to ./checkpoints/heat3d_exact/2026-05-29_08-57-12-585153/model.pth
Iteration: 6900, loss_r = 6.1e-04 ,  loss_bc = 1.0e-03,  loss_ic = 2.7e-04,  lr = 1.0e-03, time_taken = 2.3e+00, rel_l2_error = 9.9e-02
Model state saved to ./checkpoints/heat3d_exact/2026-05-29_08-57-12-585153/model.pth
Iteration: 7000, loss_r = 1.8e-03 ,  loss_bc = 9.1e-04,  loss_ic = 1.7e-04,  lr = 1.0e-03, time_taken = 2.5e+00, rel_l2_error = 1.1e-01
Model state saved to ./checkpoints/heat3d_exact/2026-05-29_08-57-12-585153/model.pth
Iteration: 7100, loss_r = 1.1e-03 ,  loss_bc = 8.2e-04,  loss_ic = 3.5e-04,  lr = 1.0e-03, time_taken = 2.3e+00, rel_l2_error = 1.1e-01
Model state saved to ./checkpoints/heat3d_exact/2026-05-29_08-57-12-585153/model.pth
Iteration: 7200, loss_r = 5.3e-04 ,  loss_bc = 7.9e-04,  loss_ic = 1.7e-04,  lr = 1.0e-03, time_taken = 2.5e+00, rel_l2_error = 1.1e-01
Model state saved to ./checkpoints/heat3d_exact/2026-05-29_08-57-12-585153/model.pth
Iteration: 7300, loss_r = 4.9e-04 ,  loss_bc = 7.1e-04,  loss_ic = 1.9e-04,  lr = 1.0e-03, time_taken = 2.6e+00, rel_l2_error = 1.0e-01
Model state saved to ./checkpoints/heat3d_exact/2026-05-29_08-57-12-585153/model.pth
Iteration: 7400, loss_r = 8.1e-04 ,  loss_bc = 9.4e-04,  loss_ic = 2.2e-04,  lr = 1.0e-03, time_taken = 2.5e+00, rel_l2_error = 1.0e-01
Model state saved to ./checkpoints/heat3d_exact/2026-05-29_08-57-12-585153/model.pth
Iteration: 7500, loss_r = 6.6e-04 ,  loss_bc = 6.8e-04,  loss_ic = 1.8e-04,  lr = 1.0e-03, time_taken = 2.5e+00, rel_l2_error = 1.0e-01
Model state saved to ./checkpoints/heat3d_exact/2026-05-29_08-57-12-585153/model.pth
Iteration: 7600, loss_r = 5.4e-04 ,  loss_bc = 7.7e-04,  loss_ic = 1.9e-04,  lr = 1.0e-03, time_taken = 2.2e+00, rel_l2_error = 1.0e-01
Model state saved to ./checkpoints/heat3d_exact/2026-05-29_08-57-12-585153/model.pth
Iteration: 7700, loss_r = 7.0e-04 ,  loss_bc = 7.9e-04,  loss_ic = 1.6e-04,  lr = 1.0e-03, time_taken = 2.1e+00, rel_l2_error = 9.8e-02
Model state saved to ./checkpoints/heat3d_exact/2026-05-29_08-57-12-585153/model.pth
Iteration: 7800, loss_r = 9.3e-04 ,  loss_bc = 6.2e-04,  loss_ic = 2.9e-04,  lr = 1.0e-03, time_taken = 2.3e+00, rel_l2_error = 1.0e-01
Model state saved to ./checkpoints/heat3d_exact/2026-05-29_08-57-12-585153/model.pth
Iteration: 7900, loss_r = 1.4e-03 ,  loss_bc = 6.8e-04,  loss_ic = 1.3e-04,  lr = 1.0e-03, time_taken = 2.6e+00, rel_l2_error = 1.0e-01
Model state saved to ./checkpoints/heat3d_exact/2026-05-29_08-57-12-585153/model.pth
Iteration: 8000, loss_r = 1.3e-03 ,  loss_bc = 8.5e-04,  loss_ic = 2.6e-04,  lr = 9.0e-04, time_taken = 2.2e+00, rel_l2_error = 1.1e-01
Model state saved to ./checkpoints/heat3d_exact/2026-05-29_08-57-12-585153/model.pth
Iteration: 8100, loss_r = 8.5e-04 ,  loss_bc = 7.0e-04,  loss_ic = 1.4e-04,  lr = 9.0e-04, time_taken = 2.4e+00, rel_l2_error = 9.0e-02
Model state saved to ./checkpoints/heat3d_exact/2026-05-29_08-57-12-585153/model.pth
Iteration: 8200, loss_r = 9.3e-04 ,  loss_bc = 5.6e-04,  loss_ic = 2.0e-04,  lr = 9.0e-04, time_taken = 2.8e+00, rel_l2_error = 1.1e-01
Model state saved to ./checkpoints/heat3d_exact/2026-05-29_08-57-12-585153/model.pth
Iteration: 8300, loss_r = 7.2e-04 ,  loss_bc = 4.4e-04,  loss_ic = 2.6e-04,  lr = 9.0e-04, time_taken = 2.6e+00, rel_l2_error = 1.0e-01
Model state saved to ./checkpoints/heat3d_exact/2026-05-29_08-57-12-585153/model.pth
Iteration: 8400, loss_r = 9.3e-04 ,  loss_bc = 6.9e-04,  loss_ic = 1.8e-04,  lr = 9.0e-04, time_taken = 2.5e+00, rel_l2_error = 9.6e-02
Model state saved to ./checkpoints/heat3d_exact/2026-05-29_08-57-12-585153/model.pth
Iteration: 8500, loss_r = 7.6e-04 ,  loss_bc = 6.3e-04,  loss_ic = 1.8e-04,  lr = 9.0e-04, time_taken = 2.4e+00, rel_l2_error = 1.0e-01
Model state saved to ./checkpoints/heat3d_exact/2026-05-29_08-57-12-585153/model.pth
Iteration: 8600, loss_r = 3.5e-04 ,  loss_bc = 7.9e-04,  loss_ic = 2.6e-04,  lr = 9.0e-04, time_taken = 2.5e+00, rel_l2_error = 1.0e-01
Model state saved to ./checkpoints/heat3d_exact/2026-05-29_08-57-12-585153/model.pth
Iteration: 8700, loss_r = 5.9e-04 ,  loss_bc = 1.3e-03,  loss_ic = 1.3e-04,  lr = 9.0e-04, time_taken = 2.2e+00, rel_l2_error = 1.1e-01
Model state saved to ./checkpoints/heat3d_exact/2026-05-29_08-57-12-585153/model.pth
Iteration: 8800, loss_r = 4.6e-04 ,  loss_bc = 1.0e-03,  loss_ic = 2.3e-04,  lr = 9.0e-04, time_taken = 2.4e+00, rel_l2_error = 9.3e-02
Model state saved to ./checkpoints/heat3d_exact/2026-05-29_08-57-12-585153/model.pth
Iteration: 8900, loss_r = 7.3e-04 ,  loss_bc = 7.1e-04,  loss_ic = 2.1e-04,  lr = 9.0e-04, time_taken = 2.5e+00, rel_l2_error = 9.2e-02
Model state saved to ./checkpoints/heat3d_exact/2026-05-29_08-57-12-585153/model.pth
Iteration: 9000, loss_r = 5.2e-04 ,  loss_bc = 6.4e-04,  loss_ic = 1.3e-04,  lr = 9.0e-04, time_taken = 2.6e+00, rel_l2_error = 1.0e-01
Model state saved to ./checkpoints/heat3d_exact/2026-05-29_08-57-12-585153/model.pth
Iteration: 9100, loss_r = 9.3e-04 ,  loss_bc = 8.7e-04,  loss_ic = 2.1e-04,  lr = 9.0e-04, time_taken = 2.6e+00, rel_l2_error = 1.0e-01
Model state saved to ./checkpoints/heat3d_exact/2026-05-29_08-57-12-585153/model.pth
Iteration: 9200, loss_r = 7.5e-04 ,  loss_bc = 4.7e-04,  loss_ic = 2.7e-04,  lr = 9.0e-04, time_taken = 2.3e+00, rel_l2_error = 1.1e-01
Model state saved to ./checkpoints/heat3d_exact/2026-05-29_08-57-12-585153/model.pth
Iteration: 9300, loss_r = 8.8e-04 ,  loss_bc = 8.1e-04,  loss_ic = 1.6e-04,  lr = 9.0e-04, time_taken = 2.6e+00, rel_l2_error = 8.7e-02
Model state saved to ./checkpoints/heat3d_exact/2026-05-29_08-57-12-585153/model.pth
Iteration: 9400, loss_r = 9.7e-04 ,  loss_bc = 4.5e-04,  loss_ic = 1.5e-04,  lr = 9.0e-04, time_taken = 2.6e+00, rel_l2_error = 8.5e-02
Model state saved to ./checkpoints/heat3d_exact/2026-05-29_08-57-12-585153/model.pth
Iteration: 9500, loss_r = 5.5e-04 ,  loss_bc = 6.3e-04,  loss_ic = 1.5e-04,  lr = 9.0e-04, time_taken = 2.3e+00, rel_l2_error = 9.2e-02
Model state saved to ./checkpoints/heat3d_exact/2026-05-29_08-57-12-585153/model.pth
Iteration: 9600, loss_r = 1.2e-03 ,  loss_bc = 7.5e-04,  loss_ic = 2.8e-04,  lr = 9.0e-04, time_taken = 2.4e+00, rel_l2_error = 1.0e-01
Model state saved to ./checkpoints/heat3d_exact/2026-05-29_08-57-12-585153/model.pth
Iteration: 9700, loss_r = 4.5e-04 ,  loss_bc = 5.9e-04,  loss_ic = 1.5e-04,  lr = 9.0e-04, time_taken = 2.3e+00, rel_l2_error = 8.9e-02
Model state saved to ./checkpoints/heat3d_exact/2026-05-29_08-57-12-585153/model.pth
Iteration: 9800, loss_r = 8.2e-04 ,  loss_bc = 4.5e-04,  loss_ic = 1.5e-04,  lr = 9.0e-04, time_taken = 2.5e+00, rel_l2_error = 9.7e-02
Model state saved to ./checkpoints/heat3d_exact/2026-05-29_08-57-12-585153/model.pth
Iteration: 9900, loss_r = 7.4e-04 ,  loss_bc = 5.3e-04,  loss_ic = 1.5e-04,  lr = 9.0e-04, time_taken = 2.4e+00, rel_l2_error = 8.8e-02
Model state saved to ./checkpoints/heat3d_exact/2026-05-29_08-57-12-585153/model.pth

=== Switching to LBFGS optimizer at iteration 10000 ===
Using scipy L-BFGS-B optimizer
Optimizer: L-BFGS-B (maxiter=10000, factr=1000.0, m=100, maxls=50, pgtol=1e-14)
L-BFGS Iteration: 0, Loss: 1.325983e-03
L-BFGS Iteration: 1, Loss: 1.312905e-03, Relative L2 Error: 9.462381e-02
L-BFGS: Time for 100 iterations = 1200.2282 s
L-BFGS Iteration: 100, Loss: 8.251497e-04, Relative L2 Error: 7.665518e-02
L-BFGS Iteration: 200, Loss: 5.237506e-04, Relative L2 Error: 6.092393e-02
L-BFGS Iteration: 300, Loss: 3.417713e-04, Relative L2 Error: 5.316455e-02
L-BFGS Iteration: 400, Loss: 2.495014e-04, Relative L2 Error: 5.301965e-02
L-BFGS Iteration: 500, Loss: 1.909590e-04, Relative L2 Error: 5.607469e-02
L-BFGS Iteration: 600, Loss: 1.573184e-04, Relative L2 Error: 5.291938e-02
L-BFGS Iteration: 700, Loss: 1.295698e-04, Relative L2 Error: 4.961237e-02
L-BFGS Iteration: 800, Loss: 1.115419e-04, Relative L2 Error: 4.843432e-02
L-BFGS Iteration: 900, Loss: 9.755549e-05, Relative L2 Error: 4.867823e-02
L-BFGS Iteration: 1000, Loss: 8.625641e-05, Relative L2 Error: 4.107590e-02
L-BFGS Iteration: 1100, Loss: 7.872345e-05, Relative L2 Error: 4.595600e-02
L-BFGS Iteration: 1200, Loss: 7.033054e-05, Relative L2 Error: 3.871685e-02
L-BFGS Iteration: 1300, Loss: 6.279774e-05, Relative L2 Error: 4.134711e-02
L-BFGS Iteration: 1400, Loss: 5.720951e-05, Relative L2 Error: 4.098118e-02
L-BFGS Iteration: 1500, Loss: 5.334385e-05, Relative L2 Error: 4.014557e-02
L-BFGS Iteration: 1600, Loss: 4.906950e-05, Relative L2 Error: 4.618695e-02
L-BFGS Iteration: 1700, Loss: 4.488055e-05, Relative L2 Error: 4.156048e-02
L-BFGS Iteration: 1800, Loss: 4.200153e-05, Relative L2 Error: 3.795795e-02
L-BFGS Iteration: 1900, Loss: 3.848923e-05, Relative L2 Error: 3.776697e-02
L-BFGS Iteration: 2000, Loss: 3.550905e-05, Relative L2 Error: 3.797187e-02
L-BFGS Iteration: 2100, Loss: 3.288272e-05, Relative L2 Error: 3.923244e-02
L-BFGS Iteration: 2200, Loss: 3.107332e-05, Relative L2 Error: 3.439129e-02
L-BFGS Iteration: 2300, Loss: 2.917313e-05, Relative L2 Error: 3.412013e-02
L-BFGS Iteration: 2400, Loss: 2.796863e-05, Relative L2 Error: 3.630075e-02
L-BFGS Iteration: 2500, Loss: 2.679545e-05, Relative L2 Error: 3.569989e-02
L-BFGS Iteration: 2600, Loss: 2.555987e-05, Relative L2 Error: 3.572762e-02
L-BFGS Iteration: 2700, Loss: 2.444268e-05, Relative L2 Error: 2.924329e-02
L-BFGS Iteration: 2800, Loss: 2.342812e-05, Relative L2 Error: 3.189988e-02
L-BFGS Iteration: 2900, Loss: 2.240906e-05, Relative L2 Error: 2.917978e-02
L-BFGS Iteration: 3000, Loss: 2.140274e-05, Relative L2 Error: 2.917401e-02
L-BFGS Iteration: 3100, Loss: 2.058414e-05, Relative L2 Error: 2.909689e-02
L-BFGS Iteration: 3200, Loss: 1.950872e-05, Relative L2 Error: 2.739182e-02
L-BFGS Iteration: 3300, Loss: 1.861172e-05, Relative L2 Error: 2.840321e-02
L-BFGS Iteration: 3400, Loss: 1.795485e-05, Relative L2 Error: 2.696902e-02
L-BFGS Iteration: 3500, Loss: 1.732934e-05, Relative L2 Error: 2.449854e-02
L-BFGS Iteration: 3600, Loss: 1.675351e-05, Relative L2 Error: 2.878053e-02
L-BFGS Iteration: 3700, Loss: 1.626004e-05, Relative L2 Error: 2.468419e-02
L-BFGS Iteration: 3800, Loss: 1.570828e-05, Relative L2 Error: 2.546310e-02
L-BFGS Iteration: 3900, Loss: 1.514397e-05, Relative L2 Error: 2.670647e-02
L-BFGS Iteration: 4000, Loss: 1.473908e-05, Relative L2 Error: 2.569348e-02
L-BFGS Iteration: 4100, Loss: 1.430544e-05, Relative L2 Error: 2.863411e-02
L-BFGS Iteration: 4200, Loss: 1.394518e-05, Relative L2 Error: 2.640098e-02
L-BFGS Iteration: 4300, Loss: 1.363372e-05, Relative L2 Error: 2.563963e-02
L-BFGS Iteration: 4400, Loss: 1.330538e-05, Relative L2 Error: 2.682486e-02
L-BFGS Iteration: 4500, Loss: 1.298523e-05, Relative L2 Error: 2.633144e-02
L-BFGS Iteration: 4600, Loss: 1.262787e-05, Relative L2 Error: 2.837154e-02
L-BFGS Iteration: 4700, Loss: 1.230402e-05, Relative L2 Error: 2.587801e-02
L-BFGS Iteration: 4800, Loss: 1.202723e-05, Relative L2 Error: 2.668114e-02
L-BFGS Iteration: 4900, Loss: 1.171359e-05, Relative L2 Error: 2.556760e-02
L-BFGS Iteration: 5000, Loss: 1.142476e-05, Relative L2 Error: 2.669316e-02
L-BFGS Iteration: 5100, Loss: 1.112634e-05, Relative L2 Error: 2.526166e-02
L-BFGS Iteration: 5200, Loss: 1.091310e-05, Relative L2 Error: 2.492105e-02
L-BFGS Iteration: 5300, Loss: 1.071160e-05, Relative L2 Error: 2.389093e-02
L-BFGS Iteration: 5400, Loss: 1.050294e-05, Relative L2 Error: 2.610035e-02
L-BFGS Iteration: 5500, Loss: 1.030273e-05, Relative L2 Error: 2.307524e-02
L-BFGS Iteration: 5600, Loss: 1.007712e-05, Relative L2 Error: 2.552378e-02
L-BFGS Iteration: 5700, Loss: 9.854382e-06, Relative L2 Error: 2.312526e-02
L-BFGS Iteration: 5800, Loss: 9.552651e-06, Relative L2 Error: 2.389463e-02
L-BFGS Iteration: 5900, Loss: 9.280563e-06, Relative L2 Error: 2.455362e-02
L-BFGS Iteration: 6000, Loss: 9.050439e-06, Relative L2 Error: 2.489131e-02
L-BFGS Iteration: 6100, Loss: 8.807351e-06, Relative L2 Error: 2.596720e-02
L-BFGS Iteration: 6200, Loss: 8.621422e-06, Relative L2 Error: 2.548927e-02
L-BFGS Iteration: 6300, Loss: 8.393370e-06, Relative L2 Error: 2.503803e-02
L-BFGS Iteration: 6400, Loss: 8.202032e-06, Relative L2 Error: 2.600602e-02
L-BFGS Iteration: 6500, Loss: 8.057296e-06, Relative L2 Error: 2.441796e-02
L-BFGS Iteration: 6600, Loss: 7.919964e-06, Relative L2 Error: 2.606483e-02
L-BFGS Iteration: 6700, Loss: 7.772154e-06, Relative L2 Error: 2.603912e-02
L-BFGS Iteration: 6800, Loss: 7.590272e-06, Relative L2 Error: 2.605468e-02
L-BFGS Iteration: 6900, Loss: 7.445053e-06, Relative L2 Error: 2.600969e-02
L-BFGS Iteration: 7000, Loss: 7.290919e-06, Relative L2 Error: 2.593049e-02
L-BFGS Iteration: 7100, Loss: 7.188394e-06, Relative L2 Error: 2.597562e-02
L-BFGS Iteration: 7200, Loss: 7.050753e-06, Relative L2 Error: 2.626837e-02

L-BFGS training completed after 7231 iterations
Model state saved to ./checkpoints/heat3d_exact/2026-05-29_08-57-12-585153/model.pth
Training completed successfully!
Relative L2 error (eval data): 2.54e-02
Saved solution comparison heatmaps to: ./checkpoints/heat3d_exact/2026-05-29_08-57-12-585153/solution_comparison_heat3d.png

