Random seed set to: 1
Solving 3D heat equation u_t = alpha (u_{xx}+u_{yy}+u_{zz}) on [0,1]^3 with homogeneous Dirichlet BC
Using DV Solver
The settings used:
batch_size : 64
epochs : 20000
lr : 0.001
seed : 1
print_every : 100
log_path : ./checkpoints/heat3d_exact
input_dim : 4
output_dim : 1
num_qubits : 5
hidden_dim : 20
num_quantum_layers : 1
classic_network : [4, 20, 1]
q_ansatz : cross_mesh
mode : hybrid
activation : tanh
shots : None
problem : heat3d_exact
solver : DV
device : cpu
method : None
cutoff_dim : 20
class : CVNeuralNetwork1
encoding : angle
use_rar : True
rar_eval_freq : 2000
rar_threshold : 0.0005
rar_num_candidates : 10000
rar_num_add : 100
use_hybrid_optimizer : True
adam_iterations : 10000
use_scipy_lbfgs : True
lbfgs_lr : 1
lbfgs_line_search : strong_wolfe
lbfgs_tolerance_grad : 1e-05
lbfgs_tolerance_change : 1e-07
lbfgs_maxiter : 10000
lbfgs_factr : 1000.0
lbfgs_pgtol : 1e-14
lbfgs_maxls : 50
lbfgs_m : 100
lbfgs_eval_every : 100
domainN : 500
boundaryN : 50
initialN : 50
eval_total_points : 10000
nx : 200
nt : 200
y0 : 0.5
z0 : 0.5
alpha : 0.1
Total number of parameters: 1226
The circuit used in the study:
Iteration: 0, loss_r = 6.6e-04 ,  loss_bc = 4.3e-01,  loss_ic = 4.3e-02,  lr = 1.0e-03, time_taken = 2.2e+00, rel_l2_error = 1.6e+00
Model state saved to ./checkpoints/heat3d_exact\2026-03-05_17-30-55-641613\model.pth
Iteration: 100, loss_r = 3.1e-03 ,  loss_bc = 1.3e-02,  loss_ic = 3.5e-02,  lr = 1.0e-03, time_taken = 1.2e+00, rel_l2_error = 8.0e-01
Model state saved to ./checkpoints/heat3d_exact\2026-03-05_17-30-55-641613\model.pth
Iteration: 200, loss_r = 2.2e-03 ,  loss_bc = 1.3e-02,  loss_ic = 4.1e-02,  lr = 1.0e-03, time_taken = 1.2e+00, rel_l2_error = 7.1e-01
Model state saved to ./checkpoints/heat3d_exact\2026-03-05_17-30-55-641613\model.pth
Iteration: 300, loss_r = 2.2e-03 ,  loss_bc = 1.2e-02,  loss_ic = 2.7e-02,  lr = 1.0e-03, time_taken = 2.1e+00, rel_l2_error = 6.3e-01
Model state saved to ./checkpoints/heat3d_exact\2026-03-05_17-30-55-641613\model.pth
Iteration: 400, loss_r = 2.6e-03 ,  loss_bc = 9.8e-03,  loss_ic = 1.9e-02,  lr = 1.0e-03, time_taken = 2.2e+00, rel_l2_error = 5.7e-01
Model state saved to ./checkpoints/heat3d_exact\2026-03-05_17-30-55-641613\model.pth
Iteration: 500, loss_r = 4.2e-03 ,  loss_bc = 8.8e-03,  loss_ic = 1.7e-02,  lr = 1.0e-03, time_taken = 2.2e+00, rel_l2_error = 5.3e-01
Model state saved to ./checkpoints/heat3d_exact\2026-03-05_17-30-55-641613\model.pth
Iteration: 600, loss_r = 3.3e-03 ,  loss_bc = 1.2e-02,  loss_ic = 2.3e-02,  lr = 1.0e-03, time_taken = 1.8e+00, rel_l2_error = 5.2e-01
Model state saved to ./checkpoints/heat3d_exact\2026-03-05_17-30-55-641613\model.pth
Iteration: 700, loss_r = 6.1e-03 ,  loss_bc = 8.0e-03,  loss_ic = 2.9e-02,  lr = 1.0e-03, time_taken = 1.0e+00, rel_l2_error = 5.0e-01
Model state saved to ./checkpoints/heat3d_exact\2026-03-05_17-30-55-641613\model.pth
Iteration: 800, loss_r = 5.0e-03 ,  loss_bc = 1.1e-02,  loss_ic = 2.0e-02,  lr = 1.0e-03, time_taken = 1.3e+00, rel_l2_error = 5.0e-01
Model state saved to ./checkpoints/heat3d_exact\2026-03-05_17-30-55-641613\model.pth
Iteration: 900, loss_r = 3.2e-03 ,  loss_bc = 1.2e-02,  loss_ic = 2.9e-02,  lr = 1.0e-03, time_taken = 3.8e+00, rel_l2_error = 4.6e-01
Model state saved to ./checkpoints/heat3d_exact\2026-03-05_17-30-55-641613\model.pth
Iteration: 1000, loss_r = 4.1e-03 ,  loss_bc = 8.8e-03,  loss_ic = 1.4e-02,  lr = 1.0e-03, time_taken = 2.6e+00, rel_l2_error = 4.7e-01
Model state saved to ./checkpoints/heat3d_exact\2026-03-05_17-30-55-641613\model.pth
Iteration: 1100, loss_r = 3.5e-03 ,  loss_bc = 6.4e-03,  loss_ic = 2.0e-02,  lr = 1.0e-03, time_taken = 3.0e+00, rel_l2_error = 4.1e-01
Model state saved to ./checkpoints/heat3d_exact\2026-03-05_17-30-55-641613\model.pth
Iteration: 1200, loss_r = 5.1e-03 ,  loss_bc = 8.7e-03,  loss_ic = 1.2e-02,  lr = 1.0e-03, time_taken = 2.0e+00, rel_l2_error = 4.1e-01
Model state saved to ./checkpoints/heat3d_exact\2026-03-05_17-30-55-641613\model.pth
Iteration: 1300, loss_r = 5.6e-03 ,  loss_bc = 5.4e-03,  loss_ic = 5.6e-03,  lr = 1.0e-03, time_taken = 1.9e+00, rel_l2_error = 3.8e-01
Model state saved to ./checkpoints/heat3d_exact\2026-03-05_17-30-55-641613\model.pth
Iteration: 1400, loss_r = 3.9e-03 ,  loss_bc = 6.4e-03,  loss_ic = 4.3e-03,  lr = 1.0e-03, time_taken = 1.9e+00, rel_l2_error = 3.6e-01
Model state saved to ./checkpoints/heat3d_exact\2026-03-05_17-30-55-641613\model.pth
Iteration: 1500, loss_r = 2.2e-03 ,  loss_bc = 6.5e-03,  loss_ic = 6.5e-03,  lr = 1.0e-03, time_taken = 2.0e+00, rel_l2_error = 3.5e-01
Model state saved to ./checkpoints/heat3d_exact\2026-03-05_17-30-55-641613\model.pth
Iteration: 1600, loss_r = 2.8e-03 ,  loss_bc = 4.6e-03,  loss_ic = 9.9e-03,  lr = 1.0e-03, time_taken = 2.1e+00, rel_l2_error = 3.3e-01
Model state saved to ./checkpoints/heat3d_exact\2026-03-05_17-30-55-641613\model.pth
Iteration: 1700, loss_r = 2.4e-03 ,  loss_bc = 5.1e-03,  loss_ic = 6.2e-03,  lr = 1.0e-03, time_taken = 2.1e+00, rel_l2_error = 3.1e-01
Model state saved to ./checkpoints/heat3d_exact\2026-03-05_17-30-55-641613\model.pth
Iteration: 1800, loss_r = 2.9e-03 ,  loss_bc = 4.4e-03,  loss_ic = 4.6e-03,  lr = 1.0e-03, time_taken = 2.1e+00, rel_l2_error = 2.9e-01
Model state saved to ./checkpoints/heat3d_exact\2026-03-05_17-30-55-641613\model.pth
Iteration: 1900, loss_r = 3.6e-03 ,  loss_bc = 3.0e-03,  loss_ic = 4.0e-03,  lr = 1.0e-03, time_taken = 2.1e+00, rel_l2_error = 2.8e-01
Model state saved to ./checkpoints/heat3d_exact\2026-03-05_17-30-55-641613\model.pth
Iteration: 2000, loss_r = 3.4e-03 ,  loss_bc = 6.1e-03,  loss_ic = 3.3e-03,  lr = 1.0e-03, time_taken = 2.1e+00, rel_l2_error = 2.8e-01
Model state saved to ./checkpoints/heat3d_exact\2026-03-05_17-30-55-641613\model.pth

=== RAR Evaluation at iteration 2000 ===
Mean residual: 3.128e-01
Added 100 point(s). Total adaptive points: 100

Iteration: 2100, loss_r = 5.5e-03 ,  loss_bc = 4.0e-03,  loss_ic = 6.3e-03,  lr = 1.0e-03, time_taken = 2.3e+00, rel_l2_error = 2.7e-01
Model state saved to ./checkpoints/heat3d_exact\2026-03-05_17-30-55-641613\model.pth
Iteration: 2200, loss_r = 3.4e-03 ,  loss_bc = 3.1e-03,  loss_ic = 3.6e-03,  lr = 1.0e-03, time_taken = 2.1e+00, rel_l2_error = 2.6e-01
Model state saved to ./checkpoints/heat3d_exact\2026-03-05_17-30-55-641613\model.pth
Iteration: 2300, loss_r = 3.0e-03 ,  loss_bc = 5.5e-03,  loss_ic = 3.2e-03,  lr = 1.0e-03, time_taken = 2.0e+00, rel_l2_error = 2.7e-01
Model state saved to ./checkpoints/heat3d_exact\2026-03-05_17-30-55-641613\model.pth
Iteration: 2400, loss_r = 4.3e-03 ,  loss_bc = 3.5e-03,  loss_ic = 2.6e-03,  lr = 1.0e-03, time_taken = 2.0e+00, rel_l2_error = 2.6e-01
Model state saved to ./checkpoints/heat3d_exact\2026-03-05_17-30-55-641613\model.pth
Iteration: 2500, loss_r = 2.5e-03 ,  loss_bc = 4.4e-03,  loss_ic = 2.2e-03,  lr = 1.0e-03, time_taken = 7.9e-01, rel_l2_error = 2.3e-01
Model state saved to ./checkpoints/heat3d_exact\2026-03-05_17-30-55-641613\model.pth
Iteration: 2600, loss_r = 6.4e-03 ,  loss_bc = 4.4e-03,  loss_ic = 1.8e-03,  lr = 1.0e-03, time_taken = 7.9e-01, rel_l2_error = 2.4e-01
Model state saved to ./checkpoints/heat3d_exact\2026-03-05_17-30-55-641613\model.pth
Iteration: 2700, loss_r = 2.2e-03 ,  loss_bc = 3.7e-03,  loss_ic = 3.0e-03,  lr = 1.0e-03, time_taken = 9.0e-01, rel_l2_error = 2.3e-01
Model state saved to ./checkpoints/heat3d_exact\2026-03-05_17-30-55-641613\model.pth
Iteration: 2800, loss_r = 1.8e-03 ,  loss_bc = 3.6e-03,  loss_ic = 2.7e-03,  lr = 1.0e-03, time_taken = 9.0e-01, rel_l2_error = 2.1e-01
Model state saved to ./checkpoints/heat3d_exact\2026-03-05_17-30-55-641613\model.pth
Iteration: 2900, loss_r = 3.2e-03 ,  loss_bc = 4.1e-03,  loss_ic = 2.3e-03,  lr = 1.0e-03, time_taken = 1.1e+00, rel_l2_error = 2.4e-01
Model state saved to ./checkpoints/heat3d_exact\2026-03-05_17-30-55-641613\model.pth
Iteration: 3000, loss_r = 1.5e-03 ,  loss_bc = 7.0e-03,  loss_ic = 1.4e-03,  lr = 1.0e-03, time_taken = 1.5e+00, rel_l2_error = 2.3e-01
Model state saved to ./checkpoints/heat3d_exact\2026-03-05_17-30-55-641613\model.pth
Iteration: 3100, loss_r = 1.4e-03 ,  loss_bc = 2.3e-03,  loss_ic = 1.8e-03,  lr = 1.0e-03, time_taken = 1.7e+00, rel_l2_error = 2.0e-01
Model state saved to ./checkpoints/heat3d_exact\2026-03-05_17-30-55-641613\model.pth
Iteration: 3200, loss_r = 3.3e-03 ,  loss_bc = 2.8e-03,  loss_ic = 2.2e-03,  lr = 1.0e-03, time_taken = 1.9e+00, rel_l2_error = 1.9e-01
Model state saved to ./checkpoints/heat3d_exact\2026-03-05_17-30-55-641613\model.pth
Iteration: 3300, loss_r = 2.0e-03 ,  loss_bc = 3.5e-03,  loss_ic = 1.1e-03,  lr = 1.0e-03, time_taken = 1.8e+00, rel_l2_error = 2.1e-01
Model state saved to ./checkpoints/heat3d_exact\2026-03-05_17-30-55-641613\model.pth
Iteration: 3400, loss_r = 1.6e-03 ,  loss_bc = 3.5e-03,  loss_ic = 1.5e-03,  lr = 1.0e-03, time_taken = 1.9e+00, rel_l2_error = 1.9e-01
Model state saved to ./checkpoints/heat3d_exact\2026-03-05_17-30-55-641613\model.pth
Iteration: 3500, loss_r = 1.7e-03 ,  loss_bc = 2.4e-03,  loss_ic = 2.0e-03,  lr = 1.0e-03, time_taken = 1.9e+00, rel_l2_error = 1.9e-01
Model state saved to ./checkpoints/heat3d_exact\2026-03-05_17-30-55-641613\model.pth
Iteration: 3600, loss_r = 1.0e-03 ,  loss_bc = 2.1e-03,  loss_ic = 1.8e-03,  lr = 1.0e-03, time_taken = 1.5e+00, rel_l2_error = 1.9e-01
Model state saved to ./checkpoints/heat3d_exact\2026-03-05_17-30-55-641613\model.pth
Iteration: 3700, loss_r = 2.8e-03 ,  loss_bc = 2.4e-03,  loss_ic = 9.9e-04,  lr = 1.0e-03, time_taken = 1.4e+00, rel_l2_error = 1.8e-01
Model state saved to ./checkpoints/heat3d_exact\2026-03-05_17-30-55-641613\model.pth
Iteration: 3800, loss_r = 1.1e-03 ,  loss_bc = 2.9e-03,  loss_ic = 1.7e-03,  lr = 1.0e-03, time_taken = 1.4e+00, rel_l2_error = 1.8e-01
Model state saved to ./checkpoints/heat3d_exact\2026-03-05_17-30-55-641613\model.pth
Iteration: 3900, loss_r = 1.6e-03 ,  loss_bc = 2.8e-03,  loss_ic = 1.0e-03,  lr = 1.0e-03, time_taken = 1.4e+00, rel_l2_error = 1.9e-01
Model state saved to ./checkpoints/heat3d_exact\2026-03-05_17-30-55-641613\model.pth
Iteration: 4000, loss_r = 1.6e-03 ,  loss_bc = 2.3e-03,  loss_ic = 9.0e-04,  lr = 1.0e-03, time_taken = 1.4e+00, rel_l2_error = 1.8e-01
Model state saved to ./checkpoints/heat3d_exact\2026-03-05_17-30-55-641613\model.pth

=== RAR Evaluation at iteration 4000 ===
Mean residual: 3.588e-01
Added 100 point(s). Total adaptive points: 200

Iteration: 4100, loss_r = 1.7e-03 ,  loss_bc = 2.5e-03,  loss_ic = 1.7e-03,  lr = 1.0e-03, time_taken = 1.4e+00, rel_l2_error = 1.8e-01
Model state saved to ./checkpoints/heat3d_exact\2026-03-05_17-30-55-641613\model.pth
Iteration: 4200, loss_r = 1.4e-03 ,  loss_bc = 2.3e-03,  loss_ic = 1.4e-03,  lr = 1.0e-03, time_taken = 1.4e+00, rel_l2_error = 1.9e-01
Model state saved to ./checkpoints/heat3d_exact\2026-03-05_17-30-55-641613\model.pth
Iteration: 4300, loss_r = 1.1e-03 ,  loss_bc = 3.0e-03,  loss_ic = 9.2e-04,  lr = 1.0e-03, time_taken = 1.4e+00, rel_l2_error = 1.7e-01
Model state saved to ./checkpoints/heat3d_exact\2026-03-05_17-30-55-641613\model.pth
Iteration: 4400, loss_r = 1.3e-03 ,  loss_bc = 2.3e-03,  loss_ic = 8.2e-04,  lr = 1.0e-03, time_taken = 1.4e+00, rel_l2_error = 1.7e-01
Model state saved to ./checkpoints/heat3d_exact\2026-03-05_17-30-55-641613\model.pth
Iteration: 4500, loss_r = 1.3e-03 ,  loss_bc = 2.9e-03,  loss_ic = 1.1e-03,  lr = 1.0e-03, time_taken = 1.4e+00, rel_l2_error = 1.6e-01
Model state saved to ./checkpoints/heat3d_exact\2026-03-05_17-30-55-641613\model.pth
Iteration: 4600, loss_r = 1.4e-03 ,  loss_bc = 1.4e-03,  loss_ic = 1.3e-03,  lr = 1.0e-03, time_taken = 1.3e+00, rel_l2_error = 1.7e-01
Model state saved to ./checkpoints/heat3d_exact\2026-03-05_17-30-55-641613\model.pth
Iteration: 4700, loss_r = 7.9e-04 ,  loss_bc = 2.3e-03,  loss_ic = 9.3e-04,  lr = 1.0e-03, time_taken = 1.5e+00, rel_l2_error = 1.6e-01
Model state saved to ./checkpoints/heat3d_exact\2026-03-05_17-30-55-641613\model.pth
Iteration: 4800, loss_r = 7.7e-04 ,  loss_bc = 1.5e-03,  loss_ic = 1.3e-03,  lr = 1.0e-03, time_taken = 1.4e+00, rel_l2_error = 1.7e-01
Model state saved to ./checkpoints/heat3d_exact\2026-03-05_17-30-55-641613\model.pth
Iteration: 4900, loss_r = 1.3e-03 ,  loss_bc = 2.4e-03,  loss_ic = 1.0e-03,  lr = 1.0e-03, time_taken = 1.4e+00, rel_l2_error = 1.8e-01
Model state saved to ./checkpoints/heat3d_exact\2026-03-05_17-30-55-641613\model.pth
Iteration: 5000, loss_r = 8.9e-04 ,  loss_bc = 2.4e-03,  loss_ic = 9.1e-04,  lr = 1.0e-03, time_taken = 1.4e+00, rel_l2_error = 1.6e-01
Model state saved to ./checkpoints/heat3d_exact\2026-03-05_17-30-55-641613\model.pth
Iteration: 5100, loss_r = 8.6e-04 ,  loss_bc = 2.9e-03,  loss_ic = 9.0e-04,  lr = 1.0e-03, time_taken = 1.8e+00, rel_l2_error = 1.6e-01
Model state saved to ./checkpoints/heat3d_exact\2026-03-05_17-30-55-641613\model.pth
Iteration: 5200, loss_r = 8.2e-04 ,  loss_bc = 1.5e-03,  loss_ic = 9.4e-04,  lr = 1.0e-03, time_taken = 1.6e+00, rel_l2_error = 1.6e-01
Model state saved to ./checkpoints/heat3d_exact\2026-03-05_17-30-55-641613\model.pth
Iteration: 5300, loss_r = 8.3e-04 ,  loss_bc = 1.5e-03,  loss_ic = 1.7e-03,  lr = 1.0e-03, time_taken = 1.4e+00, rel_l2_error = 1.7e-01
Model state saved to ./checkpoints/heat3d_exact\2026-03-05_17-30-55-641613\model.pth
Iteration: 5400, loss_r = 8.3e-04 ,  loss_bc = 1.7e-03,  loss_ic = 1.0e-03,  lr = 1.0e-03, time_taken = 1.4e+00, rel_l2_error = 1.5e-01
Model state saved to ./checkpoints/heat3d_exact\2026-03-05_17-30-55-641613\model.pth
Iteration: 5500, loss_r = 6.9e-04 ,  loss_bc = 1.6e-03,  loss_ic = 1.0e-03,  lr = 1.0e-03, time_taken = 1.4e+00, rel_l2_error = 1.6e-01
Model state saved to ./checkpoints/heat3d_exact\2026-03-05_17-30-55-641613\model.pth
Iteration: 5600, loss_r = 7.8e-04 ,  loss_bc = 1.2e-03,  loss_ic = 1.0e-03,  lr = 1.0e-03, time_taken = 1.4e+00, rel_l2_error = 1.6e-01
Model state saved to ./checkpoints/heat3d_exact\2026-03-05_17-30-55-641613\model.pth
Iteration: 5700, loss_r = 9.2e-04 ,  loss_bc = 2.1e-03,  loss_ic = 6.6e-04,  lr = 1.0e-03, time_taken = 1.4e+00, rel_l2_error = 1.6e-01
Model state saved to ./checkpoints/heat3d_exact\2026-03-05_17-30-55-641613\model.pth
Iteration: 5800, loss_r = 3.3e-04 ,  loss_bc = 1.4e-03,  loss_ic = 8.3e-04,  lr = 1.0e-03, time_taken = 1.4e+00, rel_l2_error = 1.5e-01
Model state saved to ./checkpoints/heat3d_exact\2026-03-05_17-30-55-641613\model.pth
Iteration: 5900, loss_r = 6.2e-04 ,  loss_bc = 1.5e-03,  loss_ic = 5.7e-04,  lr = 1.0e-03, time_taken = 1.3e+00, rel_l2_error = 1.4e-01
Model state saved to ./checkpoints/heat3d_exact\2026-03-05_17-30-55-641613\model.pth
Iteration: 6000, loss_r = 4.5e-04 ,  loss_bc = 1.7e-03,  loss_ic = 8.8e-04,  lr = 1.0e-03, time_taken = 1.4e+00, rel_l2_error = 1.5e-01
Model state saved to ./checkpoints/heat3d_exact\2026-03-05_17-30-55-641613\model.pth

=== RAR Evaluation at iteration 6000 ===
Mean residual: 4.498e-01
Added 100 point(s). Total adaptive points: 300

Iteration: 6100, loss_r = 1.2e-03 ,  loss_bc = 1.9e-03,  loss_ic = 7.0e-04,  lr = 1.0e-03, time_taken = 1.4e+00, rel_l2_error = 1.5e-01
Model state saved to ./checkpoints/heat3d_exact\2026-03-05_17-30-55-641613\model.pth
Iteration: 6200, loss_r = 4.1e-04 ,  loss_bc = 1.7e-03,  loss_ic = 1.1e-03,  lr = 1.0e-03, time_taken = 1.4e+00, rel_l2_error = 1.5e-01
Model state saved to ./checkpoints/heat3d_exact\2026-03-05_17-30-55-641613\model.pth
Iteration: 6300, loss_r = 5.6e-04 ,  loss_bc = 1.8e-03,  loss_ic = 6.0e-04,  lr = 1.0e-03, time_taken = 1.4e+00, rel_l2_error = 1.4e-01
Model state saved to ./checkpoints/heat3d_exact\2026-03-05_17-30-55-641613\model.pth
Iteration: 6400, loss_r = 9.6e-04 ,  loss_bc = 1.2e-03,  loss_ic = 9.2e-04,  lr = 1.0e-03, time_taken = 1.4e+00, rel_l2_error = 1.7e-01
Model state saved to ./checkpoints/heat3d_exact\2026-03-05_17-30-55-641613\model.pth
Iteration: 6500, loss_r = 5.1e-04 ,  loss_bc = 2.0e-03,  loss_ic = 8.9e-04,  lr = 1.0e-03, time_taken = 1.5e+00, rel_l2_error = 1.4e-01
Model state saved to ./checkpoints/heat3d_exact\2026-03-05_17-30-55-641613\model.pth
Iteration: 6600, loss_r = 5.7e-04 ,  loss_bc = 1.2e-03,  loss_ic = 5.2e-04,  lr = 1.0e-03, time_taken = 1.4e+00, rel_l2_error = 1.4e-01
Model state saved to ./checkpoints/heat3d_exact\2026-03-05_17-30-55-641613\model.pth
Iteration: 6700, loss_r = 6.0e-04 ,  loss_bc = 1.4e-03,  loss_ic = 7.1e-04,  lr = 1.0e-03, time_taken = 1.6e+00, rel_l2_error = 1.4e-01
Model state saved to ./checkpoints/heat3d_exact\2026-03-05_17-30-55-641613\model.pth
Iteration: 6800, loss_r = 7.3e-04 ,  loss_bc = 1.2e-03,  loss_ic = 9.4e-04,  lr = 1.0e-03, time_taken = 1.3e+00, rel_l2_error = 1.3e-01
Model state saved to ./checkpoints/heat3d_exact\2026-03-05_17-30-55-641613\model.pth
Iteration: 6900, loss_r = 8.0e-04 ,  loss_bc = 1.5e-03,  loss_ic = 8.7e-04,  lr = 1.0e-03, time_taken = 1.7e+00, rel_l2_error = 1.3e-01
Model state saved to ./checkpoints/heat3d_exact\2026-03-05_17-30-55-641613\model.pth
Iteration: 7000, loss_r = 7.2e-04 ,  loss_bc = 1.5e-03,  loss_ic = 2.9e-04,  lr = 1.0e-03, time_taken = 1.5e+00, rel_l2_error = 1.3e-01
Model state saved to ./checkpoints/heat3d_exact\2026-03-05_17-30-55-641613\model.pth
Iteration: 7100, loss_r = 6.5e-04 ,  loss_bc = 1.3e-03,  loss_ic = 6.0e-04,  lr = 1.0e-03, time_taken = 1.2e+00, rel_l2_error = 1.4e-01
Model state saved to ./checkpoints/heat3d_exact\2026-03-05_17-30-55-641613\model.pth
Iteration: 7200, loss_r = 5.3e-04 ,  loss_bc = 1.3e-03,  loss_ic = 5.5e-04,  lr = 1.0e-03, time_taken = 1.0e+00, rel_l2_error = 1.3e-01
Model state saved to ./checkpoints/heat3d_exact\2026-03-05_17-30-55-641613\model.pth
Iteration: 7300, loss_r = 4.7e-04 ,  loss_bc = 1.5e-03,  loss_ic = 1.0e-03,  lr = 1.0e-03, time_taken = 8.7e-01, rel_l2_error = 1.3e-01
Model state saved to ./checkpoints/heat3d_exact\2026-03-05_17-30-55-641613\model.pth
Iteration: 7400, loss_r = 7.7e-04 ,  loss_bc = 1.2e-03,  loss_ic = 6.4e-04,  lr = 1.0e-03, time_taken = 8.8e-01, rel_l2_error = 1.3e-01
Model state saved to ./checkpoints/heat3d_exact\2026-03-05_17-30-55-641613\model.pth
Iteration: 7500, loss_r = 7.4e-04 ,  loss_bc = 1.5e-03,  loss_ic = 6.9e-04,  lr = 1.0e-03, time_taken = 9.3e-01, rel_l2_error = 1.4e-01
Model state saved to ./checkpoints/heat3d_exact\2026-03-05_17-30-55-641613\model.pth
Iteration: 7600, loss_r = 2.7e-04 ,  loss_bc = 1.1e-03,  loss_ic = 5.2e-04,  lr = 1.0e-03, time_taken = 8.7e-01, rel_l2_error = 1.2e-01
Model state saved to ./checkpoints/heat3d_exact\2026-03-05_17-30-55-641613\model.pth
Iteration: 7700, loss_r = 6.9e-04 ,  loss_bc = 1.0e-03,  loss_ic = 5.7e-04,  lr = 1.0e-03, time_taken = 9.0e-01, rel_l2_error = 1.3e-01
Model state saved to ./checkpoints/heat3d_exact\2026-03-05_17-30-55-641613\model.pth
Iteration: 7800, loss_r = 4.2e-04 ,  loss_bc = 1.1e-03,  loss_ic = 4.7e-04,  lr = 1.0e-03, time_taken = 8.7e-01, rel_l2_error = 1.4e-01
Model state saved to ./checkpoints/heat3d_exact\2026-03-05_17-30-55-641613\model.pth
Iteration: 7900, loss_r = 1.2e-03 ,  loss_bc = 1.3e-03,  loss_ic = 4.4e-04,  lr = 1.0e-03, time_taken = 8.6e-01, rel_l2_error = 1.2e-01
Model state saved to ./checkpoints/heat3d_exact\2026-03-05_17-30-55-641613\model.pth
Iteration: 8000, loss_r = 7.8e-04 ,  loss_bc = 1.5e-03,  loss_ic = 4.5e-04,  lr = 1.0e-03, time_taken = 9.3e-01, rel_l2_error = 1.1e-01
Model state saved to ./checkpoints/heat3d_exact\2026-03-05_17-30-55-641613\model.pth

=== RAR Evaluation at iteration 8000 ===
Mean residual: 4.773e-01
Added 100 point(s). Total adaptive points: 400

Iteration: 8100, loss_r = 6.7e-04 ,  loss_bc = 1.4e-03,  loss_ic = 6.3e-04,  lr = 1.0e-03, time_taken = 9.4e-01, rel_l2_error = 1.3e-01
Model state saved to ./checkpoints/heat3d_exact\2026-03-05_17-30-55-641613\model.pth
Iteration: 8200, loss_r = 9.6e-04 ,  loss_bc = 1.1e-03,  loss_ic = 6.0e-04,  lr = 1.0e-03, time_taken = 8.8e-01, rel_l2_error = 1.2e-01
Model state saved to ./checkpoints/heat3d_exact\2026-03-05_17-30-55-641613\model.pth
Iteration: 8300, loss_r = 7.2e-04 ,  loss_bc = 1.2e-03,  loss_ic = 4.3e-04,  lr = 1.0e-03, time_taken = 8.9e-01, rel_l2_error = 1.2e-01
Model state saved to ./checkpoints/heat3d_exact\2026-03-05_17-30-55-641613\model.pth
Iteration: 8400, loss_r = 5.7e-04 ,  loss_bc = 1.1e-03,  loss_ic = 1.0e-03,  lr = 1.0e-03, time_taken = 8.6e-01, rel_l2_error = 1.2e-01
Model state saved to ./checkpoints/heat3d_exact\2026-03-05_17-30-55-641613\model.pth
Iteration: 8500, loss_r = 4.7e-04 ,  loss_bc = 1.2e-03,  loss_ic = 4.4e-04,  lr = 1.0e-03, time_taken = 8.6e-01, rel_l2_error = 1.3e-01
Model state saved to ./checkpoints/heat3d_exact\2026-03-05_17-30-55-641613\model.pth
Iteration: 8600, loss_r = 4.8e-04 ,  loss_bc = 1.3e-03,  loss_ic = 3.4e-04,  lr = 1.0e-03, time_taken = 9.4e-01, rel_l2_error = 1.2e-01
Model state saved to ./checkpoints/heat3d_exact\2026-03-05_17-30-55-641613\model.pth
Iteration: 8700, loss_r = 4.9e-04 ,  loss_bc = 1.2e-03,  loss_ic = 3.8e-04,  lr = 1.0e-03, time_taken = 1.0e+00, rel_l2_error = 1.3e-01
Model state saved to ./checkpoints/heat3d_exact\2026-03-05_17-30-55-641613\model.pth
Iteration: 8800, loss_r = 6.2e-04 ,  loss_bc = 1.1e-03,  loss_ic = 4.7e-04,  lr = 1.0e-03, time_taken = 9.2e-01, rel_l2_error = 1.3e-01
Model state saved to ./checkpoints/heat3d_exact\2026-03-05_17-30-55-641613\model.pth
Iteration: 8900, loss_r = 5.6e-04 ,  loss_bc = 1.0e-03,  loss_ic = 5.7e-04,  lr = 1.0e-03, time_taken = 9.0e-01, rel_l2_error = 1.1e-01
Model state saved to ./checkpoints/heat3d_exact\2026-03-05_17-30-55-641613\model.pth
Iteration: 9000, loss_r = 2.6e-04 ,  loss_bc = 1.1e-03,  loss_ic = 3.1e-04,  lr = 1.0e-03, time_taken = 8.7e-01, rel_l2_error = 1.3e-01
Model state saved to ./checkpoints/heat3d_exact\2026-03-05_17-30-55-641613\model.pth
Iteration: 9100, loss_r = 4.1e-04 ,  loss_bc = 1.1e-03,  loss_ic = 3.9e-04,  lr = 1.0e-03, time_taken = 9.0e-01, rel_l2_error = 1.1e-01
Model state saved to ./checkpoints/heat3d_exact\2026-03-05_17-30-55-641613\model.pth
Iteration: 9200, loss_r = 3.3e-04 ,  loss_bc = 1.1e-03,  loss_ic = 4.3e-04,  lr = 1.0e-03, time_taken = 8.8e-01, rel_l2_error = 1.2e-01
Model state saved to ./checkpoints/heat3d_exact\2026-03-05_17-30-55-641613\model.pth
Iteration: 9300, loss_r = 5.7e-04 ,  loss_bc = 9.4e-04,  loss_ic = 5.8e-04,  lr = 1.0e-03, time_taken = 8.8e-01, rel_l2_error = 1.2e-01
Model state saved to ./checkpoints/heat3d_exact\2026-03-05_17-30-55-641613\model.pth
Iteration: 9400, loss_r = 5.9e-04 ,  loss_bc = 9.7e-04,  loss_ic = 6.1e-04,  lr = 1.0e-03, time_taken = 8.7e-01, rel_l2_error = 1.3e-01
Model state saved to ./checkpoints/heat3d_exact\2026-03-05_17-30-55-641613\model.pth
Iteration: 9500, loss_r = 4.7e-04 ,  loss_bc = 9.4e-04,  loss_ic = 5.1e-04,  lr = 1.0e-03, time_taken = 8.4e-01, rel_l2_error = 1.2e-01
Model state saved to ./checkpoints/heat3d_exact\2026-03-05_17-30-55-641613\model.pth
Iteration: 9600, loss_r = 4.1e-04 ,  loss_bc = 1.2e-03,  loss_ic = 3.7e-04,  lr = 1.0e-03, time_taken = 8.8e-01, rel_l2_error = 1.1e-01
Model state saved to ./checkpoints/heat3d_exact\2026-03-05_17-30-55-641613\model.pth
Iteration: 9700, loss_r = 5.8e-04 ,  loss_bc = 8.3e-04,  loss_ic = 4.1e-04,  lr = 1.0e-03, time_taken = 9.2e-01, rel_l2_error = 1.2e-01
Model state saved to ./checkpoints/heat3d_exact\2026-03-05_17-30-55-641613\model.pth
Iteration: 9800, loss_r = 3.8e-04 ,  loss_bc = 9.9e-04,  loss_ic = 3.4e-04,  lr = 1.0e-03, time_taken = 8.9e-01, rel_l2_error = 1.1e-01
Model state saved to ./checkpoints/heat3d_exact\2026-03-05_17-30-55-641613\model.pth
Iteration: 9900, loss_r = 7.8e-04 ,  loss_bc = 1.2e-03,  loss_ic = 3.6e-04,  lr = 1.0e-03, time_taken = 9.0e-01, rel_l2_error = 1.0e-01
Model state saved to ./checkpoints/heat3d_exact\2026-03-05_17-30-55-641613\model.pth

=== Switching to LBFGS optimizer at iteration 10000 ===
Using scipy L-BFGS-B optimizer
Optimizer: L-BFGS-B (maxiter=10000, factr=1000.0, m=100, maxls=50, pgtol=1e-14)
L-BFGS Iteration: 0, Loss: 1.588255e-03
L-BFGS Iteration: 1, Loss: 1.547911e-03, Relative L2 Error: 1.075497e-01
L-BFGS: Time for 100 iterations = 746.2021 s
L-BFGS Iteration: 100, Loss: 6.282477e-04, Relative L2 Error: 6.837567e-02
L-BFGS Iteration: 200, Loss: 3.616879e-04, Relative L2 Error: 5.664888e-02
L-BFGS Iteration: 300, Loss: 2.373961e-04, Relative L2 Error: 4.890015e-02
L-BFGS Iteration: 400, Loss: 1.682711e-04, Relative L2 Error: 4.483805e-02
L-BFGS Iteration: 500, Loss: 1.237258e-04, Relative L2 Error: 4.161622e-02
L-BFGS Iteration: 600, Loss: 9.538961e-05, Relative L2 Error: 3.775444e-02
L-BFGS Iteration: 700, Loss: 7.701296e-05, Relative L2 Error: 3.412879e-02
L-BFGS Iteration: 800, Loss: 6.685805e-05, Relative L2 Error: 3.134802e-02
L-BFGS Iteration: 900, Loss: 5.739720e-05, Relative L2 Error: 2.952224e-02
L-BFGS Iteration: 1000, Loss: 5.020785e-05, Relative L2 Error: 2.817906e-02
L-BFGS Iteration: 1100, Loss: 4.377968e-05, Relative L2 Error: 2.544025e-02
L-BFGS Iteration: 1200, Loss: 3.853277e-05, Relative L2 Error: 2.430953e-02
L-BFGS Iteration: 1300, Loss: 3.451169e-05, Relative L2 Error: 2.325974e-02
L-BFGS Iteration: 1400, Loss: 3.097599e-05, Relative L2 Error: 2.196986e-02
L-BFGS Iteration: 1500, Loss: 2.794750e-05, Relative L2 Error: 2.063415e-02
L-BFGS Iteration: 1600, Loss: 2.497737e-05, Relative L2 Error: 2.129333e-02
L-BFGS Iteration: 1700, Loss: 2.282740e-05, Relative L2 Error: 1.776293e-02
L-BFGS Iteration: 1800, Loss: 2.064996e-05, Relative L2 Error: 1.908441e-02
L-BFGS Iteration: 1900, Loss: 1.880133e-05, Relative L2 Error: 1.744823e-02
L-BFGS Iteration: 2000, Loss: 1.715959e-05, Relative L2 Error: 1.744193e-02
L-BFGS Iteration: 2100, Loss: 1.603576e-05, Relative L2 Error: 1.621544e-02
L-BFGS Iteration: 2200, Loss: 1.469665e-05, Relative L2 Error: 1.540753e-02
L-BFGS Iteration: 2300, Loss: 1.364018e-05, Relative L2 Error: 1.623639e-02
L-BFGS Iteration: 2400, Loss: 1.287472e-05, Relative L2 Error: 1.655377e-02
L-BFGS Iteration: 2500, Loss: 1.220055e-05, Relative L2 Error: 1.672396e-02
L-BFGS Iteration: 2600, Loss: 1.143205e-05, Relative L2 Error: 1.495694e-02
L-BFGS Iteration: 2700, Loss: 1.067797e-05, Relative L2 Error: 1.477597e-02
L-BFGS Iteration: 2800, Loss: 9.974520e-06, Relative L2 Error: 1.580710e-02
L-BFGS Iteration: 2900, Loss: 9.269163e-06, Relative L2 Error: 1.432889e-02
L-BFGS Iteration: 3000, Loss: 8.523300e-06, Relative L2 Error: 1.512363e-02
L-BFGS Iteration: 3100, Loss: 8.052300e-06, Relative L2 Error: 1.503940e-02
L-BFGS Iteration: 3200, Loss: 7.733187e-06, Relative L2 Error: 1.513532e-02
L-BFGS Iteration: 3300, Loss: 7.459167e-06, Relative L2 Error: 1.480240e-02
L-BFGS Iteration: 3400, Loss: 7.215659e-06, Relative L2 Error: 1.434731e-02
L-BFGS Iteration: 3500, Loss: 6.864788e-06, Relative L2 Error: 1.381038e-02
L-BFGS Iteration: 3600, Loss: 6.554216e-06, Relative L2 Error: 1.286944e-02
L-BFGS Iteration: 3700, Loss: 6.245379e-06, Relative L2 Error: 1.327374e-02
L-BFGS Iteration: 3800, Loss: 5.965046e-06, Relative L2 Error: 1.289638e-02
L-BFGS Iteration: 3900, Loss: 5.781462e-06, Relative L2 Error: 1.154015e-02
L-BFGS Iteration: 4000, Loss: 5.609065e-06, Relative L2 Error: 1.263863e-02
L-BFGS Iteration: 4100, Loss: 5.430886e-06, Relative L2 Error: 1.236599e-02
L-BFGS Iteration: 4200, Loss: 5.214798e-06, Relative L2 Error: 1.232857e-02
L-BFGS Iteration: 4300, Loss: 5.032196e-06, Relative L2 Error: 1.295769e-02
L-BFGS Iteration: 4400, Loss: 4.873377e-06, Relative L2 Error: 1.285917e-02
L-BFGS Iteration: 4500, Loss: 4.740111e-06, Relative L2 Error: 1.275038e-02
L-BFGS Iteration: 4600, Loss: 4.615270e-06, Relative L2 Error: 1.352786e-02
L-BFGS Iteration: 4700, Loss: 4.473194e-06, Relative L2 Error: 1.193803e-02
L-BFGS Iteration: 4800, Loss: 4.336260e-06, Relative L2 Error: 1.138701e-02
L-BFGS Iteration: 4900, Loss: 4.231460e-06, Relative L2 Error: 1.140019e-02
L-BFGS Iteration: 5000, Loss: 4.113117e-06, Relative L2 Error: 1.183972e-02
L-BFGS Iteration: 5100, Loss: 4.015846e-06, Relative L2 Error: 1.129005e-02
L-BFGS Iteration: 5200, Loss: 3.897555e-06, Relative L2 Error: 1.154455e-02
L-BFGS Iteration: 5300, Loss: 3.726603e-06, Relative L2 Error: 1.096196e-02
L-BFGS Iteration: 5400, Loss: 3.597808e-06, Relative L2 Error: 1.028629e-02
L-BFGS Iteration: 5500, Loss: 3.484107e-06, Relative L2 Error: 1.115265e-02
L-BFGS Iteration: 5600, Loss: 3.338449e-06, Relative L2 Error: 1.036597e-02
L-BFGS Iteration: 5700, Loss: 3.232605e-06, Relative L2 Error: 9.697141e-03
L-BFGS Iteration: 5800, Loss: 3.048255e-06, Relative L2 Error: 9.528090e-03
L-BFGS Iteration: 5900, Loss: 2.937813e-06, Relative L2 Error: 9.638984e-03
L-BFGS Iteration: 6000, Loss: 2.792827e-06, Relative L2 Error: 9.611025e-03
L-BFGS Iteration: 6100, Loss: 2.692461e-06, Relative L2 Error: 9.378205e-03
L-BFGS Iteration: 6200, Loss: 2.590857e-06, Relative L2 Error: 8.949875e-03
L-BFGS Iteration: 6300, Loss: 2.482009e-06, Relative L2 Error: 8.398706e-03
L-BFGS Iteration: 6400, Loss: 2.402725e-06, Relative L2 Error: 8.308725e-03
L-BFGS training completed after 6443 iterations
Model state saved to ./checkpoints/heat3d_exact\2026-03-05_17-30-55-641613\model.pth
Training completed successfully!
Relative L2 error (eval data): 8.31e-03
Saved solution comparison heatmaps to: ./checkpoints/heat3d_exact\2026-03-05_17-30-55-641613\solution_comparison_heat3d.png
