Random seed set to: 10
Solving 3D heat equation u_t = alpha (u_{xx}+u_{yy}+u_{zz}) on [0,1]^3 with homogeneous Dirichlet BC
Using DV Solver
The settings used:
batch_size : 64
epochs : 20000
lr : 0.001
seed : 10
print_every : 100
log_path : ./checkpoints/heat3d_exact
input_dim : 4
output_dim : 1
num_qubits : 5
hidden_dim : 20
num_quantum_layers : 1
classic_network : [4, 20, 1]
q_ansatz : cross_mesh
mode : hybrid
activation : tanh
shots : None
problem : heat3d_exact
solver : DV
device : cpu
method : None
cutoff_dim : 20
class : CVNeuralNetwork1
encoding : angle
use_rar : True
rar_eval_freq : 2000
rar_threshold : 0.0005
rar_num_candidates : 10000
rar_num_add : 100
use_hybrid_optimizer : True
adam_iterations : 10000
use_scipy_lbfgs : True
lbfgs_lr : 1
lbfgs_line_search : strong_wolfe
lbfgs_tolerance_grad : 1e-05
lbfgs_tolerance_change : 1e-07
lbfgs_maxiter : 10000
lbfgs_factr : 1000.0
lbfgs_pgtol : 1e-14
lbfgs_maxls : 50
lbfgs_m : 100
lbfgs_eval_every : 100
domainN : 500
boundaryN : 50
initialN : 50
eval_total_points : 10000
nx : 200
nt : 200
y0 : 0.5
z0 : 0.5
alpha : 0.1
Total number of parameters: 1226
The circuit used in the study:
Iteration: 0, loss_r = 8.9e-05 ,  loss_bc = 7.2e-01,  loss_ic = 7.2e-02,  lr = 1.0e-03, time_taken = 2.3e+00, rel_l2_error = 2.1e+00
Model state saved to ./checkpoints/heat3d_exact\2026-03-11_10-58-37-549641\model.pth
Iteration: 100, loss_r = 1.6e-02 ,  loss_bc = 1.0e-02,  loss_ic = 7.5e-02,  lr = 1.0e-03, time_taken = 1.4e+00, rel_l2_error = 7.9e-01
Model state saved to ./checkpoints/heat3d_exact\2026-03-11_10-58-37-549641\model.pth
Iteration: 200, loss_r = 5.2e-03 ,  loss_bc = 2.1e-02,  loss_ic = 8.3e-02,  lr = 1.0e-03, time_taken = 1.8e+00, rel_l2_error = 6.8e-01
Model state saved to ./checkpoints/heat3d_exact\2026-03-11_10-58-37-549641\model.pth
Iteration: 300, loss_r = 6.5e-03 ,  loss_bc = 2.2e-02,  loss_ic = 2.4e-02,  lr = 1.0e-03, time_taken = 1.6e+00, rel_l2_error = 5.7e-01
Model state saved to ./checkpoints/heat3d_exact\2026-03-11_10-58-37-549641\model.pth
Iteration: 400, loss_r = 6.1e-03 ,  loss_bc = 2.4e-02,  loss_ic = 3.9e-02,  lr = 1.0e-03, time_taken = 2.1e+00, rel_l2_error = 5.3e-01
Model state saved to ./checkpoints/heat3d_exact\2026-03-11_10-58-37-549641\model.pth
Iteration: 500, loss_r = 2.3e-03 ,  loss_bc = 2.0e-02,  loss_ic = 2.0e-02,  lr = 1.0e-03, time_taken = 2.0e+00, rel_l2_error = 5.2e-01
Model state saved to ./checkpoints/heat3d_exact\2026-03-11_10-58-37-549641\model.pth
Iteration: 600, loss_r = 4.5e-03 ,  loss_bc = 2.5e-02,  loss_ic = 2.7e-02,  lr = 1.0e-03, time_taken = 1.9e+00, rel_l2_error = 5.1e-01
Model state saved to ./checkpoints/heat3d_exact\2026-03-11_10-58-37-549641\model.pth
Iteration: 700, loss_r = 3.0e-03 ,  loss_bc = 1.5e-02,  loss_ic = 1.9e-02,  lr = 1.0e-03, time_taken = 1.9e+00, rel_l2_error = 5.1e-01
Model state saved to ./checkpoints/heat3d_exact\2026-03-11_10-58-37-549641\model.pth
Iteration: 800, loss_r = 4.7e-03 ,  loss_bc = 1.3e-02,  loss_ic = 1.2e-02,  lr = 1.0e-03, time_taken = 2.2e+00, rel_l2_error = 5.3e-01
Model state saved to ./checkpoints/heat3d_exact\2026-03-11_10-58-37-549641\model.pth
Iteration: 900, loss_r = 7.4e-03 ,  loss_bc = 3.2e-02,  loss_ic = 1.9e-02,  lr = 1.0e-03, time_taken = 1.9e+00, rel_l2_error = 5.1e-01
Model state saved to ./checkpoints/heat3d_exact\2026-03-11_10-58-37-549641\model.pth
Iteration: 1000, loss_r = 4.1e-03 ,  loss_bc = 1.8e-02,  loss_ic = 1.8e-02,  lr = 1.0e-03, time_taken = 2.0e+00, rel_l2_error = 5.0e-01
Model state saved to ./checkpoints/heat3d_exact\2026-03-11_10-58-37-549641\model.pth
Iteration: 1100, loss_r = 2.2e-03 ,  loss_bc = 2.2e-02,  loss_ic = 1.6e-02,  lr = 1.0e-03, time_taken = 1.9e+00, rel_l2_error = 4.9e-01
Model state saved to ./checkpoints/heat3d_exact\2026-03-11_10-58-37-549641\model.pth
Iteration: 1200, loss_r = 3.0e-03 ,  loss_bc = 1.5e-02,  loss_ic = 1.8e-02,  lr = 1.0e-03, time_taken = 1.7e+00, rel_l2_error = 5.0e-01
Model state saved to ./checkpoints/heat3d_exact\2026-03-11_10-58-37-549641\model.pth
Iteration: 1300, loss_r = 2.5e-03 ,  loss_bc = 1.6e-02,  loss_ic = 2.4e-02,  lr = 1.0e-03, time_taken = 7.3e-01, rel_l2_error = 5.2e-01
Model state saved to ./checkpoints/heat3d_exact\2026-03-11_10-58-37-549641\model.pth
Iteration: 1400, loss_r = 2.2e-03 ,  loss_bc = 2.9e-02,  loss_ic = 1.6e-02,  lr = 1.0e-03, time_taken = 1.3e+00, rel_l2_error = 5.0e-01
Model state saved to ./checkpoints/heat3d_exact\2026-03-11_10-58-37-549641\model.pth
Iteration: 1500, loss_r = 4.9e-03 ,  loss_bc = 2.4e-02,  loss_ic = 1.3e-02,  lr = 1.0e-03, time_taken = 9.1e-01, rel_l2_error = 5.1e-01
Model state saved to ./checkpoints/heat3d_exact\2026-03-11_10-58-37-549641\model.pth
Iteration: 1600, loss_r = 1.2e-03 ,  loss_bc = 1.6e-02,  loss_ic = 1.3e-02,  lr = 1.0e-03, time_taken = 8.5e-01, rel_l2_error = 5.1e-01
Model state saved to ./checkpoints/heat3d_exact\2026-03-11_10-58-37-549641\model.pth
Iteration: 1700, loss_r = 3.1e-03 ,  loss_bc = 2.0e-02,  loss_ic = 1.9e-02,  lr = 1.0e-03, time_taken = 7.9e-01, rel_l2_error = 5.1e-01
Model state saved to ./checkpoints/heat3d_exact\2026-03-11_10-58-37-549641\model.pth
Iteration: 1800, loss_r = 1.9e-03 ,  loss_bc = 1.8e-02,  loss_ic = 1.7e-02,  lr = 1.0e-03, time_taken = 8.3e-01, rel_l2_error = 5.0e-01
Model state saved to ./checkpoints/heat3d_exact\2026-03-11_10-58-37-549641\model.pth
Iteration: 1900, loss_r = 6.4e-03 ,  loss_bc = 1.5e-02,  loss_ic = 1.7e-02,  lr = 1.0e-03, time_taken = 8.4e-01, rel_l2_error = 4.8e-01
Model state saved to ./checkpoints/heat3d_exact\2026-03-11_10-58-37-549641\model.pth
Iteration: 2000, loss_r = 3.5e-03 ,  loss_bc = 1.6e-02,  loss_ic = 1.4e-02,  lr = 1.0e-03, time_taken = 9.0e-01, rel_l2_error = 4.8e-01
Model state saved to ./checkpoints/heat3d_exact\2026-03-11_10-58-37-549641\model.pth

=== RAR Evaluation at iteration 2000 ===
Mean residual: 2.795e-01
Added 100 point(s). Total adaptive points: 100

Iteration: 2100, loss_r = 2.8e-03 ,  loss_bc = 1.1e-02,  loss_ic = 1.2e-02,  lr = 9.0e-04, time_taken = 7.5e-01, rel_l2_error = 4.5e-01
Model state saved to ./checkpoints/heat3d_exact\2026-03-11_10-58-37-549641\model.pth
Iteration: 2200, loss_r = 3.7e-03 ,  loss_bc = 1.3e-02,  loss_ic = 1.6e-02,  lr = 9.0e-04, time_taken = 8.3e-01, rel_l2_error = 4.3e-01
Model state saved to ./checkpoints/heat3d_exact\2026-03-11_10-58-37-549641\model.pth
Iteration: 2300, loss_r = 2.9e-03 ,  loss_bc = 7.9e-03,  loss_ic = 1.5e-02,  lr = 9.0e-04, time_taken = 8.4e-01, rel_l2_error = 4.3e-01
Model state saved to ./checkpoints/heat3d_exact\2026-03-11_10-58-37-549641\model.pth
Iteration: 2400, loss_r = 3.4e-03 ,  loss_bc = 1.7e-02,  loss_ic = 9.4e-03,  lr = 9.0e-04, time_taken = 9.4e-01, rel_l2_error = 3.9e-01
Model state saved to ./checkpoints/heat3d_exact\2026-03-11_10-58-37-549641\model.pth
Iteration: 2500, loss_r = 4.5e-03 ,  loss_bc = 7.5e-03,  loss_ic = 1.2e-02,  lr = 9.0e-04, time_taken = 9.0e-01, rel_l2_error = 3.8e-01
Model state saved to ./checkpoints/heat3d_exact\2026-03-11_10-58-37-549641\model.pth
Iteration: 2600, loss_r = 3.4e-03 ,  loss_bc = 8.4e-03,  loss_ic = 6.9e-03,  lr = 9.0e-04, time_taken = 1.0e+00, rel_l2_error = 3.6e-01
Model state saved to ./checkpoints/heat3d_exact\2026-03-11_10-58-37-549641\model.pth
Iteration: 2700, loss_r = 2.5e-03 ,  loss_bc = 1.3e-02,  loss_ic = 1.2e-02,  lr = 9.0e-04, time_taken = 1.1e+00, rel_l2_error = 3.5e-01
Model state saved to ./checkpoints/heat3d_exact\2026-03-11_10-58-37-549641\model.pth
Iteration: 2800, loss_r = 2.8e-03 ,  loss_bc = 8.8e-03,  loss_ic = 6.4e-03,  lr = 9.0e-04, time_taken = 1.0e+00, rel_l2_error = 3.4e-01
Model state saved to ./checkpoints/heat3d_exact\2026-03-11_10-58-37-549641\model.pth
Iteration: 2900, loss_r = 2.5e-03 ,  loss_bc = 1.2e-02,  loss_ic = 7.5e-03,  lr = 9.0e-04, time_taken = 8.8e-01, rel_l2_error = 3.0e-01
Model state saved to ./checkpoints/heat3d_exact\2026-03-11_10-58-37-549641\model.pth
Iteration: 3000, loss_r = 1.5e-03 ,  loss_bc = 3.7e-03,  loss_ic = 5.0e-03,  lr = 9.0e-04, time_taken = 8.9e-01, rel_l2_error = 2.9e-01
Model state saved to ./checkpoints/heat3d_exact\2026-03-11_10-58-37-549641\model.pth
Iteration: 3100, loss_r = 2.9e-03 ,  loss_bc = 5.7e-03,  loss_ic = 2.9e-03,  lr = 9.0e-04, time_taken = 9.0e-01, rel_l2_error = 2.8e-01
Model state saved to ./checkpoints/heat3d_exact\2026-03-11_10-58-37-549641\model.pth
Iteration: 3200, loss_r = 3.7e-03 ,  loss_bc = 6.1e-03,  loss_ic = 2.2e-03,  lr = 9.0e-04, time_taken = 9.0e-01, rel_l2_error = 2.8e-01
Model state saved to ./checkpoints/heat3d_exact\2026-03-11_10-58-37-549641\model.pth
Iteration: 3300, loss_r = 1.9e-03 ,  loss_bc = 6.0e-03,  loss_ic = 3.4e-03,  lr = 9.0e-04, time_taken = 9.8e-01, rel_l2_error = 2.7e-01
Model state saved to ./checkpoints/heat3d_exact\2026-03-11_10-58-37-549641\model.pth
Iteration: 3400, loss_r = 3.4e-03 ,  loss_bc = 5.0e-03,  loss_ic = 2.0e-03,  lr = 9.0e-04, time_taken = 1.1e+00, rel_l2_error = 2.6e-01
Model state saved to ./checkpoints/heat3d_exact\2026-03-11_10-58-37-549641\model.pth
Iteration: 3500, loss_r = 3.4e-03 ,  loss_bc = 4.6e-03,  loss_ic = 2.9e-03,  lr = 9.0e-04, time_taken = 1.0e+00, rel_l2_error = 2.4e-01
Model state saved to ./checkpoints/heat3d_exact\2026-03-11_10-58-37-549641\model.pth
Iteration: 3600, loss_r = 2.3e-03 ,  loss_bc = 5.3e-03,  loss_ic = 3.1e-03,  lr = 9.0e-04, time_taken = 8.4e-01, rel_l2_error = 2.4e-01
Model state saved to ./checkpoints/heat3d_exact\2026-03-11_10-58-37-549641\model.pth
Iteration: 3700, loss_r = 3.0e-03 ,  loss_bc = 5.1e-03,  loss_ic = 2.1e-03,  lr = 9.0e-04, time_taken = 9.3e-01, rel_l2_error = 2.3e-01
Model state saved to ./checkpoints/heat3d_exact\2026-03-11_10-58-37-549641\model.pth
Iteration: 3800, loss_r = 1.0e-03 ,  loss_bc = 4.6e-03,  loss_ic = 1.3e-03,  lr = 9.0e-04, time_taken = 8.5e-01, rel_l2_error = 2.4e-01
Model state saved to ./checkpoints/heat3d_exact\2026-03-11_10-58-37-549641\model.pth
Iteration: 3900, loss_r = 1.3e-03 ,  loss_bc = 3.9e-03,  loss_ic = 1.7e-03,  lr = 9.0e-04, time_taken = 9.3e-01, rel_l2_error = 2.2e-01
Model state saved to ./checkpoints/heat3d_exact\2026-03-11_10-58-37-549641\model.pth
Iteration: 4000, loss_r = 2.7e-03 ,  loss_bc = 3.7e-03,  loss_ic = 2.2e-03,  lr = 9.0e-04, time_taken = 9.4e-01, rel_l2_error = 2.0e-01
Model state saved to ./checkpoints/heat3d_exact\2026-03-11_10-58-37-549641\model.pth

=== RAR Evaluation at iteration 4000 ===
Mean residual: 2.111e-01
Added 100 point(s). Total adaptive points: 200

Iteration: 4100, loss_r = 1.8e-03 ,  loss_bc = 4.5e-03,  loss_ic = 1.4e-03,  lr = 9.0e-04, time_taken = 9.2e-01, rel_l2_error = 2.2e-01
Model state saved to ./checkpoints/heat3d_exact\2026-03-11_10-58-37-549641\model.pth
Iteration: 4200, loss_r = 2.9e-03 ,  loss_bc = 4.3e-03,  loss_ic = 1.4e-03,  lr = 9.0e-04, time_taken = 8.8e-01, rel_l2_error = 2.0e-01
Model state saved to ./checkpoints/heat3d_exact\2026-03-11_10-58-37-549641\model.pth
Iteration: 4300, loss_r = 1.3e-03 ,  loss_bc = 4.1e-03,  loss_ic = 1.5e-03,  lr = 9.0e-04, time_taken = 9.0e-01, rel_l2_error = 1.9e-01
Model state saved to ./checkpoints/heat3d_exact\2026-03-11_10-58-37-549641\model.pth
Iteration: 4400, loss_r = 1.8e-03 ,  loss_bc = 4.3e-03,  loss_ic = 1.6e-03,  lr = 9.0e-04, time_taken = 8.7e-01, rel_l2_error = 2.1e-01
Model state saved to ./checkpoints/heat3d_exact\2026-03-11_10-58-37-549641\model.pth
Iteration: 4500, loss_r = 1.4e-03 ,  loss_bc = 3.3e-03,  loss_ic = 1.9e-03,  lr = 9.0e-04, time_taken = 8.3e-01, rel_l2_error = 1.9e-01
Model state saved to ./checkpoints/heat3d_exact\2026-03-11_10-58-37-549641\model.pth
Iteration: 4600, loss_r = 1.8e-03 ,  loss_bc = 3.4e-03,  loss_ic = 1.2e-03,  lr = 9.0e-04, time_taken = 9.4e-01, rel_l2_error = 1.8e-01
Model state saved to ./checkpoints/heat3d_exact\2026-03-11_10-58-37-549641\model.pth
Iteration: 4700, loss_r = 7.6e-04 ,  loss_bc = 3.3e-03,  loss_ic = 2.1e-03,  lr = 9.0e-04, time_taken = 9.5e-01, rel_l2_error = 1.9e-01
Model state saved to ./checkpoints/heat3d_exact\2026-03-11_10-58-37-549641\model.pth
Iteration: 4800, loss_r = 8.7e-04 ,  loss_bc = 2.7e-03,  loss_ic = 1.5e-03,  lr = 9.0e-04, time_taken = 9.6e-01, rel_l2_error = 1.9e-01
Model state saved to ./checkpoints/heat3d_exact\2026-03-11_10-58-37-549641\model.pth
Iteration: 4900, loss_r = 1.5e-03 ,  loss_bc = 2.6e-03,  loss_ic = 1.6e-03,  lr = 9.0e-04, time_taken = 9.4e-01, rel_l2_error = 1.8e-01
Model state saved to ./checkpoints/heat3d_exact\2026-03-11_10-58-37-549641\model.pth
Iteration: 5000, loss_r = 1.3e-03 ,  loss_bc = 3.6e-03,  loss_ic = 1.3e-03,  lr = 9.0e-04, time_taken = 8.5e-01, rel_l2_error = 1.8e-01
Model state saved to ./checkpoints/heat3d_exact\2026-03-11_10-58-37-549641\model.pth
Iteration: 5100, loss_r = 1.1e-03 ,  loss_bc = 3.9e-03,  loss_ic = 7.6e-04,  lr = 9.0e-04, time_taken = 8.7e-01, rel_l2_error = 1.9e-01
Model state saved to ./checkpoints/heat3d_exact\2026-03-11_10-58-37-549641\model.pth
Iteration: 5200, loss_r = 9.9e-04 ,  loss_bc = 2.6e-03,  loss_ic = 8.5e-04,  lr = 9.0e-04, time_taken = 8.2e-01, rel_l2_error = 1.7e-01
Model state saved to ./checkpoints/heat3d_exact\2026-03-11_10-58-37-549641\model.pth
Iteration: 5300, loss_r = 1.0e-03 ,  loss_bc = 2.4e-03,  loss_ic = 1.4e-03,  lr = 9.0e-04, time_taken = 8.9e-01, rel_l2_error = 1.7e-01
Model state saved to ./checkpoints/heat3d_exact\2026-03-11_10-58-37-549641\model.pth
Iteration: 5400, loss_r = 8.2e-04 ,  loss_bc = 2.1e-03,  loss_ic = 9.1e-04,  lr = 9.0e-04, time_taken = 9.9e-01, rel_l2_error = 1.5e-01
Model state saved to ./checkpoints/heat3d_exact\2026-03-11_10-58-37-549641\model.pth
Iteration: 5500, loss_r = 1.4e-03 ,  loss_bc = 3.9e-03,  loss_ic = 7.8e-04,  lr = 9.0e-04, time_taken = 9.2e-01, rel_l2_error = 1.6e-01
Model state saved to ./checkpoints/heat3d_exact\2026-03-11_10-58-37-549641\model.pth
Iteration: 5600, loss_r = 1.1e-03 ,  loss_bc = 3.0e-03,  loss_ic = 6.4e-04,  lr = 9.0e-04, time_taken = 9.6e-01, rel_l2_error = 1.5e-01
Model state saved to ./checkpoints/heat3d_exact\2026-03-11_10-58-37-549641\model.pth
Iteration: 5700, loss_r = 1.6e-03 ,  loss_bc = 2.5e-03,  loss_ic = 8.8e-04,  lr = 9.0e-04, time_taken = 8.2e-01, rel_l2_error = 1.6e-01
Model state saved to ./checkpoints/heat3d_exact\2026-03-11_10-58-37-549641\model.pth
Iteration: 5800, loss_r = 7.6e-04 ,  loss_bc = 2.1e-03,  loss_ic = 5.2e-04,  lr = 9.0e-04, time_taken = 7.9e-01, rel_l2_error = 1.4e-01
Model state saved to ./checkpoints/heat3d_exact\2026-03-11_10-58-37-549641\model.pth
Iteration: 5900, loss_r = 1.0e-03 ,  loss_bc = 2.0e-03,  loss_ic = 5.5e-04,  lr = 9.0e-04, time_taken = 8.7e-01, rel_l2_error = 1.4e-01
Model state saved to ./checkpoints/heat3d_exact\2026-03-11_10-58-37-549641\model.pth
Iteration: 6000, loss_r = 7.1e-04 ,  loss_bc = 2.1e-03,  loss_ic = 5.8e-04,  lr = 9.0e-04, time_taken = 1.1e+00, rel_l2_error = 1.5e-01
Model state saved to ./checkpoints/heat3d_exact\2026-03-11_10-58-37-549641\model.pth

=== RAR Evaluation at iteration 6000 ===
Mean residual: 3.791e-01
Added 100 point(s). Total adaptive points: 300

Iteration: 6100, loss_r = 5.2e-04 ,  loss_bc = 2.4e-03,  loss_ic = 7.1e-04,  lr = 9.0e-04, time_taken = 8.0e-01, rel_l2_error = 1.6e-01
Model state saved to ./checkpoints/heat3d_exact\2026-03-11_10-58-37-549641\model.pth
Iteration: 6200, loss_r = 1.0e-03 ,  loss_bc = 2.1e-03,  loss_ic = 4.3e-04,  lr = 9.0e-04, time_taken = 8.9e-01, rel_l2_error = 1.4e-01
Model state saved to ./checkpoints/heat3d_exact\2026-03-11_10-58-37-549641\model.pth
Iteration: 6300, loss_r = 9.8e-04 ,  loss_bc = 2.1e-03,  loss_ic = 5.2e-04,  lr = 9.0e-04, time_taken = 8.5e-01, rel_l2_error = 1.3e-01
Model state saved to ./checkpoints/heat3d_exact\2026-03-11_10-58-37-549641\model.pth
Iteration: 6400, loss_r = 9.8e-04 ,  loss_bc = 1.9e-03,  loss_ic = 4.9e-04,  lr = 9.0e-04, time_taken = 8.4e-01, rel_l2_error = 1.3e-01
Model state saved to ./checkpoints/heat3d_exact\2026-03-11_10-58-37-549641\model.pth
Iteration: 6500, loss_r = 1.1e-03 ,  loss_bc = 1.5e-03,  loss_ic = 4.7e-04,  lr = 9.0e-04, time_taken = 8.6e-01, rel_l2_error = 1.2e-01
Model state saved to ./checkpoints/heat3d_exact\2026-03-11_10-58-37-549641\model.pth
Iteration: 6600, loss_r = 1.1e-03 ,  loss_bc = 1.2e-03,  loss_ic = 5.3e-04,  lr = 9.0e-04, time_taken = 9.3e-01, rel_l2_error = 1.4e-01
Model state saved to ./checkpoints/heat3d_exact\2026-03-11_10-58-37-549641\model.pth
Iteration: 6700, loss_r = 7.1e-04 ,  loss_bc = 1.5e-03,  loss_ic = 5.4e-04,  lr = 9.0e-04, time_taken = 8.9e-01, rel_l2_error = 1.1e-01
Model state saved to ./checkpoints/heat3d_exact\2026-03-11_10-58-37-549641\model.pth
Iteration: 6800, loss_r = 5.8e-04 ,  loss_bc = 1.1e-03,  loss_ic = 6.7e-04,  lr = 9.0e-04, time_taken = 8.4e-01, rel_l2_error = 1.2e-01
Model state saved to ./checkpoints/heat3d_exact\2026-03-11_10-58-37-549641\model.pth
Iteration: 6900, loss_r = 1.0e-03 ,  loss_bc = 1.6e-03,  loss_ic = 4.3e-04,  lr = 9.0e-04, time_taken = 1.0e+00, rel_l2_error = 1.1e-01
Model state saved to ./checkpoints/heat3d_exact\2026-03-11_10-58-37-549641\model.pth
Iteration: 7000, loss_r = 7.3e-04 ,  loss_bc = 1.1e-03,  loss_ic = 4.2e-04,  lr = 9.0e-04, time_taken = 8.0e-01, rel_l2_error = 1.2e-01
Model state saved to ./checkpoints/heat3d_exact\2026-03-11_10-58-37-549641\model.pth
Iteration: 7100, loss_r = 6.9e-04 ,  loss_bc = 1.8e-03,  loss_ic = 9.6e-04,  lr = 9.0e-04, time_taken = 1.4e+00, rel_l2_error = 1.2e-01
Model state saved to ./checkpoints/heat3d_exact\2026-03-11_10-58-37-549641\model.pth
Iteration: 7200, loss_r = 1.1e-03 ,  loss_bc = 1.1e-03,  loss_ic = 3.4e-04,  lr = 9.0e-04, time_taken = 8.5e-01, rel_l2_error = 1.1e-01
Model state saved to ./checkpoints/heat3d_exact\2026-03-11_10-58-37-549641\model.pth
Iteration: 7300, loss_r = 1.1e-03 ,  loss_bc = 1.2e-03,  loss_ic = 4.1e-04,  lr = 9.0e-04, time_taken = 9.5e-01, rel_l2_error = 1.0e-01
Model state saved to ./checkpoints/heat3d_exact\2026-03-11_10-58-37-549641\model.pth
Iteration: 7400, loss_r = 1.1e-03 ,  loss_bc = 1.3e-03,  loss_ic = 3.4e-04,  lr = 9.0e-04, time_taken = 9.7e-01, rel_l2_error = 1.0e-01
Model state saved to ./checkpoints/heat3d_exact\2026-03-11_10-58-37-549641\model.pth
Iteration: 7500, loss_r = 9.3e-04 ,  loss_bc = 1.2e-03,  loss_ic = 2.2e-04,  lr = 9.0e-04, time_taken = 9.4e-01, rel_l2_error = 1.0e-01
Model state saved to ./checkpoints/heat3d_exact\2026-03-11_10-58-37-549641\model.pth
Iteration: 7600, loss_r = 1.4e-03 ,  loss_bc = 1.1e-03,  loss_ic = 2.8e-04,  lr = 9.0e-04, time_taken = 8.3e-01, rel_l2_error = 9.3e-02
Model state saved to ./checkpoints/heat3d_exact\2026-03-11_10-58-37-549641\model.pth
Iteration: 7700, loss_r = 1.0e-03 ,  loss_bc = 8.2e-04,  loss_ic = 3.4e-04,  lr = 9.0e-04, time_taken = 8.4e-01, rel_l2_error = 1.0e-01
Model state saved to ./checkpoints/heat3d_exact\2026-03-11_10-58-37-549641\model.pth
Iteration: 7800, loss_r = 9.2e-04 ,  loss_bc = 1.1e-03,  loss_ic = 3.1e-04,  lr = 9.0e-04, time_taken = 8.7e-01, rel_l2_error = 1.0e-01
Model state saved to ./checkpoints/heat3d_exact\2026-03-11_10-58-37-549641\model.pth
Iteration: 7900, loss_r = 5.0e-04 ,  loss_bc = 8.4e-04,  loss_ic = 3.8e-04,  lr = 9.0e-04, time_taken = 8.7e-01, rel_l2_error = 9.8e-02
Model state saved to ./checkpoints/heat3d_exact\2026-03-11_10-58-37-549641\model.pth
Iteration: 8000, loss_r = 7.4e-04 ,  loss_bc = 1.1e-03,  loss_ic = 1.7e-04,  lr = 9.0e-04, time_taken = 1.0e+00, rel_l2_error = 9.1e-02
Model state saved to ./checkpoints/heat3d_exact\2026-03-11_10-58-37-549641\model.pth

=== RAR Evaluation at iteration 8000 ===
Mean residual: 4.685e-01
Added 100 point(s). Total adaptive points: 400

Iteration: 8100, loss_r = 6.4e-04 ,  loss_bc = 9.2e-04,  loss_ic = 2.4e-04,  lr = 9.0e-04, time_taken = 9.5e-01, rel_l2_error = 8.7e-02
Model state saved to ./checkpoints/heat3d_exact\2026-03-11_10-58-37-549641\model.pth
Iteration: 8200, loss_r = 1.7e-03 ,  loss_bc = 9.7e-04,  loss_ic = 1.6e-04,  lr = 9.0e-04, time_taken = 9.5e-01, rel_l2_error = 1.1e-01
Model state saved to ./checkpoints/heat3d_exact\2026-03-11_10-58-37-549641\model.pth
Iteration: 8300, loss_r = 1.7e-03 ,  loss_bc = 9.0e-04,  loss_ic = 3.4e-04,  lr = 9.0e-04, time_taken = 8.8e-01, rel_l2_error = 8.6e-02
Model state saved to ./checkpoints/heat3d_exact\2026-03-11_10-58-37-549641\model.pth
Iteration: 8400, loss_r = 8.4e-04 ,  loss_bc = 9.3e-04,  loss_ic = 2.0e-04,  lr = 9.0e-04, time_taken = 1.1e+00, rel_l2_error = 9.3e-02
Model state saved to ./checkpoints/heat3d_exact\2026-03-11_10-58-37-549641\model.pth
Iteration: 8500, loss_r = 8.0e-04 ,  loss_bc = 5.8e-04,  loss_ic = 2.5e-04,  lr = 9.0e-04, time_taken = 9.1e-01, rel_l2_error = 9.3e-02
Model state saved to ./checkpoints/heat3d_exact\2026-03-11_10-58-37-549641\model.pth
Iteration: 8600, loss_r = 4.7e-04 ,  loss_bc = 7.4e-04,  loss_ic = 2.2e-04,  lr = 9.0e-04, time_taken = 1.2e+00, rel_l2_error = 9.1e-02
Model state saved to ./checkpoints/heat3d_exact\2026-03-11_10-58-37-549641\model.pth
Iteration: 8700, loss_r = 1.1e-03 ,  loss_bc = 7.4e-04,  loss_ic = 3.6e-04,  lr = 9.0e-04, time_taken = 9.5e-01, rel_l2_error = 9.4e-02
Model state saved to ./checkpoints/heat3d_exact\2026-03-11_10-58-37-549641\model.pth
Iteration: 8800, loss_r = 5.3e-04 ,  loss_bc = 7.0e-04,  loss_ic = 2.2e-04,  lr = 9.0e-04, time_taken = 9.2e-01, rel_l2_error = 8.5e-02
Model state saved to ./checkpoints/heat3d_exact\2026-03-11_10-58-37-549641\model.pth
Iteration: 8900, loss_r = 9.9e-04 ,  loss_bc = 6.9e-04,  loss_ic = 1.7e-04,  lr = 9.0e-04, time_taken = 9.4e-01, rel_l2_error = 8.4e-02
Model state saved to ./checkpoints/heat3d_exact\2026-03-11_10-58-37-549641\model.pth
Iteration: 9000, loss_r = 4.0e-04 ,  loss_bc = 9.7e-04,  loss_ic = 2.0e-04,  lr = 9.0e-04, time_taken = 9.5e-01, rel_l2_error = 9.1e-02
Model state saved to ./checkpoints/heat3d_exact\2026-03-11_10-58-37-549641\model.pth
Iteration: 9100, loss_r = 7.8e-04 ,  loss_bc = 8.8e-04,  loss_ic = 1.7e-04,  lr = 9.0e-04, time_taken = 8.9e-01, rel_l2_error = 9.0e-02
Model state saved to ./checkpoints/heat3d_exact\2026-03-11_10-58-37-549641\model.pth
Iteration: 9200, loss_r = 4.5e-04 ,  loss_bc = 6.1e-04,  loss_ic = 1.5e-04,  lr = 9.0e-04, time_taken = 9.5e-01, rel_l2_error = 8.4e-02
Model state saved to ./checkpoints/heat3d_exact\2026-03-11_10-58-37-549641\model.pth
Iteration: 9300, loss_r = 6.8e-04 ,  loss_bc = 8.9e-04,  loss_ic = 1.9e-04,  lr = 9.0e-04, time_taken = 9.0e-01, rel_l2_error = 9.1e-02
Model state saved to ./checkpoints/heat3d_exact\2026-03-11_10-58-37-549641\model.pth
Iteration: 9400, loss_r = 5.7e-04 ,  loss_bc = 5.1e-04,  loss_ic = 1.5e-04,  lr = 9.0e-04, time_taken = 9.7e-01, rel_l2_error = 8.5e-02
Model state saved to ./checkpoints/heat3d_exact\2026-03-11_10-58-37-549641\model.pth
Iteration: 9500, loss_r = 6.1e-04 ,  loss_bc = 7.2e-04,  loss_ic = 1.5e-04,  lr = 9.0e-04, time_taken = 7.9e-01, rel_l2_error = 7.7e-02
Model state saved to ./checkpoints/heat3d_exact\2026-03-11_10-58-37-549641\model.pth
Iteration: 9600, loss_r = 1.4e-03 ,  loss_bc = 8.5e-04,  loss_ic = 1.3e-04,  lr = 9.0e-04, time_taken = 7.6e-01, rel_l2_error = 8.1e-02
Model state saved to ./checkpoints/heat3d_exact\2026-03-11_10-58-37-549641\model.pth
Iteration: 9700, loss_r = 3.7e-04 ,  loss_bc = 5.3e-04,  loss_ic = 1.4e-04,  lr = 9.0e-04, time_taken = 9.0e-01, rel_l2_error = 8.4e-02
Model state saved to ./checkpoints/heat3d_exact\2026-03-11_10-58-37-549641\model.pth
Iteration: 9800, loss_r = 1.1e-03 ,  loss_bc = 7.0e-04,  loss_ic = 2.0e-04,  lr = 9.0e-04, time_taken = 7.9e-01, rel_l2_error = 8.1e-02
Model state saved to ./checkpoints/heat3d_exact\2026-03-11_10-58-37-549641\model.pth
Iteration: 9900, loss_r = 7.0e-04 ,  loss_bc = 5.6e-04,  loss_ic = 2.0e-04,  lr = 9.0e-04, time_taken = 8.1e-01, rel_l2_error = 7.9e-02
Model state saved to ./checkpoints/heat3d_exact\2026-03-11_10-58-37-549641\model.pth

=== Switching to LBFGS optimizer at iteration 10000 ===
Using scipy L-BFGS-B optimizer
Optimizer: L-BFGS-B (maxiter=10000, factr=1000.0, m=100, maxls=50, pgtol=1e-14)
L-BFGS Iteration: 0, Loss: 1.073278e-03
L-BFGS Iteration: 1, Loss: 1.043172e-03, Relative L2 Error: 7.648656e-02
L-BFGS: Time for 100 iterations = 845.8782 s
L-BFGS Iteration: 100, Loss: 5.696637e-04, Relative L2 Error: 5.430404e-02
L-BFGS Iteration: 200, Loss: 3.963213e-04, Relative L2 Error: 4.600077e-02
L-BFGS Iteration: 300, Loss: 2.495411e-04, Relative L2 Error: 4.143220e-02
L-BFGS Iteration: 400, Loss: 1.564062e-04, Relative L2 Error: 2.942176e-02
L-BFGS Iteration: 500, Loss: 1.168594e-04, Relative L2 Error: 2.511758e-02
L-BFGS Iteration: 600, Loss: 9.422871e-05, Relative L2 Error: 2.351077e-02
L-BFGS Iteration: 700, Loss: 7.944110e-05, Relative L2 Error: 2.290038e-02
L-BFGS Iteration: 800, Loss: 6.733702e-05, Relative L2 Error: 2.368065e-02
L-BFGS Iteration: 900, Loss: 5.863835e-05, Relative L2 Error: 2.215541e-02
L-BFGS Iteration: 1000, Loss: 5.159546e-05, Relative L2 Error: 2.173320e-02
L-BFGS Iteration: 1100, Loss: 4.688229e-05, Relative L2 Error: 2.104854e-02
L-BFGS Iteration: 1200, Loss: 4.278862e-05, Relative L2 Error: 2.106872e-02
L-BFGS Iteration: 1300, Loss: 4.003121e-05, Relative L2 Error: 2.034809e-02
L-BFGS Iteration: 1400, Loss: 3.711766e-05, Relative L2 Error: 2.009652e-02
L-BFGS Iteration: 1500, Loss: 3.497791e-05, Relative L2 Error: 1.958259e-02
L-BFGS Iteration: 1600, Loss: 3.266461e-05, Relative L2 Error: 1.955768e-02
L-BFGS Iteration: 1700, Loss: 3.056093e-05, Relative L2 Error: 1.795539e-02
L-BFGS Iteration: 1800, Loss: 2.875587e-05, Relative L2 Error: 1.761163e-02
L-BFGS Iteration: 1900, Loss: 2.712542e-05, Relative L2 Error: 1.826856e-02
L-BFGS Iteration: 2000, Loss: 2.574438e-05, Relative L2 Error: 1.726333e-02
L-BFGS Iteration: 2100, Loss: 2.426585e-05, Relative L2 Error: 1.665251e-02
L-BFGS Iteration: 2200, Loss: 2.274105e-05, Relative L2 Error: 1.648607e-02
L-BFGS Iteration: 2300, Loss: 2.159628e-05, Relative L2 Error: 1.641537e-02
L-BFGS Iteration: 2400, Loss: 2.064410e-05, Relative L2 Error: 1.710079e-02
L-BFGS Iteration: 2500, Loss: 1.967889e-05, Relative L2 Error: 1.646439e-02
L-BFGS Iteration: 2600, Loss: 1.845742e-05, Relative L2 Error: 1.440195e-02
L-BFGS Iteration: 2700, Loss: 1.768169e-05, Relative L2 Error: 1.515887e-02
L-BFGS Iteration: 2800, Loss: 1.688964e-05, Relative L2 Error: 1.476604e-02
L-BFGS Iteration: 2900, Loss: 1.584619e-05, Relative L2 Error: 1.522287e-02
L-BFGS Iteration: 3000, Loss: 1.521302e-05, Relative L2 Error: 1.500370e-02
L-BFGS Iteration: 3100, Loss: 1.469623e-05, Relative L2 Error: 1.498377e-02
L-BFGS Iteration: 3200, Loss: 1.395015e-05, Relative L2 Error: 1.507314e-02
L-BFGS Iteration: 3300, Loss: 1.328197e-05, Relative L2 Error: 1.470078e-02
L-BFGS Iteration: 3400, Loss: 1.256639e-05, Relative L2 Error: 1.452166e-02
L-BFGS Iteration: 3500, Loss: 1.216234e-05, Relative L2 Error: 1.422796e-02
L-BFGS Iteration: 3600, Loss: 1.159808e-05, Relative L2 Error: 1.329240e-02
L-BFGS Iteration: 3700, Loss: 1.092889e-05, Relative L2 Error: 1.372442e-02
L-BFGS Iteration: 3800, Loss: 1.040600e-05, Relative L2 Error: 1.382176e-02
L-BFGS Iteration: 3900, Loss: 1.008863e-05, Relative L2 Error: 1.362795e-02
L-BFGS Iteration: 4000, Loss: 9.725567e-06, Relative L2 Error: 1.284102e-02
L-BFGS Iteration: 4100, Loss: 9.457381e-06, Relative L2 Error: 1.377682e-02
L-BFGS Iteration: 4200, Loss: 9.233680e-06, Relative L2 Error: 1.354966e-02
L-BFGS Iteration: 4300, Loss: 8.964677e-06, Relative L2 Error: 1.261435e-02
L-BFGS Iteration: 4400, Loss: 8.732411e-06, Relative L2 Error: 1.216945e-02
L-BFGS Iteration: 4500, Loss: 8.438771e-06, Relative L2 Error: 1.234369e-02
L-BFGS Iteration: 4600, Loss: 8.179524e-06, Relative L2 Error: 1.151455e-02
L-BFGS Iteration: 4700, Loss: 7.882517e-06, Relative L2 Error: 1.180026e-02
L-BFGS Iteration: 4800, Loss: 7.411038e-06, Relative L2 Error: 1.213465e-02
L-BFGS Iteration: 4900, Loss: 7.134221e-06, Relative L2 Error: 1.178898e-02
L-BFGS Iteration: 5000, Loss: 6.821494e-06, Relative L2 Error: 1.105087e-02
L-BFGS Iteration: 5100, Loss: 6.561331e-06, Relative L2 Error: 1.073034e-02
L-BFGS Iteration: 5200, Loss: 6.358314e-06, Relative L2 Error: 1.105541e-02
L-BFGS Iteration: 5300, Loss: 6.154480e-06, Relative L2 Error: 1.067181e-02
L-BFGS Iteration: 5400, Loss: 6.006970e-06, Relative L2 Error: 1.118977e-02
L-BFGS Iteration: 5500, Loss: 5.877878e-06, Relative L2 Error: 1.071669e-02
L-BFGS Iteration: 5600, Loss: 5.741869e-06, Relative L2 Error: 1.048230e-02
L-BFGS Iteration: 5700, Loss: 5.616950e-06, Relative L2 Error: 1.083511e-02
L-BFGS Iteration: 5800, Loss: 5.491131e-06, Relative L2 Error: 1.023233e-02
L-BFGS Iteration: 5900, Loss: 5.367685e-06, Relative L2 Error: 1.000230e-02
L-BFGS Iteration: 6000, Loss: 5.234787e-06, Relative L2 Error: 1.021660e-02
L-BFGS Iteration: 6100, Loss: 5.112953e-06, Relative L2 Error: 9.631041e-03
L-BFGS Iteration: 6200, Loss: 4.987324e-06, Relative L2 Error: 9.929485e-03
L-BFGS Iteration: 6300, Loss: 4.839354e-06, Relative L2 Error: 1.024844e-02
L-BFGS Iteration: 6400, Loss: 4.726917e-06, Relative L2 Error: 9.657676e-03
L-BFGS Iteration: 6500, Loss: 4.622402e-06, Relative L2 Error: 9.862514e-03
L-BFGS Iteration: 6600, Loss: 4.519553e-06, Relative L2 Error: 9.275619e-03
L-BFGS Iteration: 6700, Loss: 4.422683e-06, Relative L2 Error: 9.596381e-03
L-BFGS Iteration: 6800, Loss: 4.313338e-06, Relative L2 Error: 9.409773e-03
L-BFGS Iteration: 6900, Loss: 4.194918e-06, Relative L2 Error: 9.447554e-03
L-BFGS Iteration: 7000, Loss: 4.106188e-06, Relative L2 Error: 9.798970e-03
L-BFGS Iteration: 7100, Loss: 4.022622e-06, Relative L2 Error: 9.592902e-03
L-BFGS Iteration: 7200, Loss: 3.923797e-06, Relative L2 Error: 8.731834e-03
L-BFGS Iteration: 7300, Loss: 3.844433e-06, Relative L2 Error: 9.023411e-03
L-BFGS Iteration: 7400, Loss: 3.775764e-06, Relative L2 Error: 8.852926e-03
L-BFGS Iteration: 7500, Loss: 3.714018e-06, Relative L2 Error: 8.953641e-03
L-BFGS Iteration: 7600, Loss: 3.656033e-06, Relative L2 Error: 9.373587e-03
L-BFGS training completed after 7685 iterations
Model state saved to ./checkpoints/heat3d_exact\2026-03-11_10-58-37-549641\model.pth
Training completed successfully!
Relative L2 error (eval data): 8.77e-03
Saved solution comparison heatmaps to: ./checkpoints/heat3d_exact\2026-03-11_10-58-37-549641\solution_comparison_heat3d.png
