Random seed set to: 3407
Solving Burgers equation: u_t + u*u_x = nu*u_xx with nu=0.01
Domain: (x, t) = [-1, 1] x [0, 1]
Using exact solution for boundary and initial conditions
Using DV Solver
The settings used:
batch_size : 64
epochs : 20000
lr : 0.001
seed : 3407
print_every : 100
log_path : ./checkpoints/burgers_exact
input_dim : 2
output_dim : 1
num_qubits : 5
hidden_dim : 20
num_quantum_layers : 1
classic_network : [2, 20, 1]
q_ansatz : cross_mesh
mode : hybrid
activation : tanh
shots : None
problem : burgers_exact
solver : DV
device : cpu
method : None
cutoff_dim : 20
class : CVNeuralNetwork1
encoding : angle
use_rar : True
rar_eval_freq : 2000
rar_threshold : 0.0005
rar_num_candidates : 10000
rar_num_add : 100
use_hybrid_optimizer : True
adam_iterations : 10000
use_scipy_lbfgs : True
lbfgs_lr : 1
lbfgs_line_search : strong_wolfe
lbfgs_tolerance_grad : 1e-05
lbfgs_tolerance_change : 1e-07
lbfgs_maxiter : 10000
lbfgs_factr : 1000.0
lbfgs_pgtol : 1e-14
lbfgs_maxls : 50
lbfgs_m : 100
lbfgs_eval_every : 100
nx : 200
nt : 200
domainN : 500
leftN : 50
rightN : 50
initialN : 50
eval_total_points : 10000
Total number of parameters: 1186
The circuit used in the study:
Iteration: 0, loss_r = 1.1e-04 ,  loss_bc = 3.1e-02,  loss_ic = 5.2e-02,  lr = 1.0e-03, time_taken = 1.5e+00, rel_l2_error = 1.2e+00
Model state saved to ./checkpoints/burgers_exact\2026-03-04_17-25-31-092991\model.pth
Iteration: 100, loss_r = 2.9e-04 ,  loss_bc = 5.9e-04,  loss_ic = 2.4e-02,  lr = 1.0e-03, time_taken = 3.5e-01, rel_l2_error = 9.6e-01
Model state saved to ./checkpoints/burgers_exact\2026-03-04_17-25-31-092991\model.pth
Iteration: 200, loss_r = 1.9e-03 ,  loss_bc = 4.8e-04,  loss_ic = 7.2e-03,  lr = 1.0e-03, time_taken = 3.5e-01, rel_l2_error = 4.1e-01
Model state saved to ./checkpoints/burgers_exact\2026-03-04_17-25-31-092991\model.pth
Iteration: 300, loss_r = 1.7e-03 ,  loss_bc = 1.9e-04,  loss_ic = 4.3e-03,  lr = 1.0e-03, time_taken = 3.3e-01, rel_l2_error = 3.8e-01
Model state saved to ./checkpoints/burgers_exact\2026-03-04_17-25-31-092991\model.pth
Iteration: 400, loss_r = 1.1e-03 ,  loss_bc = 3.0e-04,  loss_ic = 2.9e-03,  lr = 1.0e-03, time_taken = 3.3e-01, rel_l2_error = 3.4e-01
Model state saved to ./checkpoints/burgers_exact\2026-03-04_17-25-31-092991\model.pth
Iteration: 500, loss_r = 8.5e-04 ,  loss_bc = 2.0e-04,  loss_ic = 3.3e-03,  lr = 1.0e-03, time_taken = 3.5e-01, rel_l2_error = 3.1e-01
Model state saved to ./checkpoints/burgers_exact\2026-03-04_17-25-31-092991\model.pth
Iteration: 600, loss_r = 9.2e-04 ,  loss_bc = 1.7e-04,  loss_ic = 4.3e-03,  lr = 1.0e-03, time_taken = 3.7e-01, rel_l2_error = 3.0e-01
Model state saved to ./checkpoints/burgers_exact\2026-03-04_17-25-31-092991\model.pth
Iteration: 700, loss_r = 5.3e-04 ,  loss_bc = 1.5e-04,  loss_ic = 2.6e-03,  lr = 1.0e-03, time_taken = 3.3e-01, rel_l2_error = 2.8e-01
Model state saved to ./checkpoints/burgers_exact\2026-03-04_17-25-31-092991\model.pth
Iteration: 800, loss_r = 6.2e-04 ,  loss_bc = 1.6e-04,  loss_ic = 1.5e-03,  lr = 1.0e-03, time_taken = 3.6e-01, rel_l2_error = 2.5e-01
Model state saved to ./checkpoints/burgers_exact\2026-03-04_17-25-31-092991\model.pth
Iteration: 900, loss_r = 3.6e-04 ,  loss_bc = 1.3e-04,  loss_ic = 2.6e-03,  lr = 1.0e-03, time_taken = 3.5e-01, rel_l2_error = 2.3e-01
Model state saved to ./checkpoints/burgers_exact\2026-03-04_17-25-31-092991\model.pth
Iteration: 1000, loss_r = 2.8e-04 ,  loss_bc = 2.0e-05,  loss_ic = 2.3e-03,  lr = 1.0e-03, time_taken = 3.6e-01, rel_l2_error = 2.1e-01
Model state saved to ./checkpoints/burgers_exact\2026-03-04_17-25-31-092991\model.pth
Iteration: 1100, loss_r = 2.7e-04 ,  loss_bc = 9.2e-05,  loss_ic = 1.5e-03,  lr = 1.0e-03, time_taken = 3.3e-01, rel_l2_error = 1.9e-01
Model state saved to ./checkpoints/burgers_exact\2026-03-04_17-25-31-092991\model.pth
Iteration: 1200, loss_r = 3.7e-04 ,  loss_bc = 2.2e-05,  loss_ic = 1.4e-03,  lr = 1.0e-03, time_taken = 3.7e-01, rel_l2_error = 1.6e-01
Model state saved to ./checkpoints/burgers_exact\2026-03-04_17-25-31-092991\model.pth
Iteration: 1300, loss_r = 2.7e-04 ,  loss_bc = 1.9e-05,  loss_ic = 1.4e-03,  lr = 1.0e-03, time_taken = 4.2e-01, rel_l2_error = 1.5e-01
Model state saved to ./checkpoints/burgers_exact\2026-03-04_17-25-31-092991\model.pth
Iteration: 1400, loss_r = 3.2e-04 ,  loss_bc = 1.1e-05,  loss_ic = 9.4e-04,  lr = 1.0e-03, time_taken = 8.8e-01, rel_l2_error = 1.4e-01
Model state saved to ./checkpoints/burgers_exact\2026-03-04_17-25-31-092991\model.pth
Iteration: 1500, loss_r = 2.7e-04 ,  loss_bc = 1.3e-05,  loss_ic = 8.4e-04,  lr = 1.0e-03, time_taken = 4.0e-01, rel_l2_error = 1.2e-01
Model state saved to ./checkpoints/burgers_exact\2026-03-04_17-25-31-092991\model.pth
Iteration: 1600, loss_r = 2.7e-04 ,  loss_bc = 2.7e-05,  loss_ic = 7.9e-04,  lr = 1.0e-03, time_taken = 3.9e-01, rel_l2_error = 1.1e-01
Model state saved to ./checkpoints/burgers_exact\2026-03-04_17-25-31-092991\model.pth
Iteration: 1700, loss_r = 2.9e-04 ,  loss_bc = 4.4e-06,  loss_ic = 5.5e-04,  lr = 1.0e-03, time_taken = 4.0e-01, rel_l2_error = 9.0e-02
Model state saved to ./checkpoints/burgers_exact\2026-03-04_17-25-31-092991\model.pth
Iteration: 1800, loss_r = 2.4e-04 ,  loss_bc = 2.0e-05,  loss_ic = 4.5e-04,  lr = 1.0e-03, time_taken = 4.5e-01, rel_l2_error = 7.7e-02
Model state saved to ./checkpoints/burgers_exact\2026-03-04_17-25-31-092991\model.pth
Iteration: 1900, loss_r = 1.6e-04 ,  loss_bc = 6.8e-06,  loss_ic = 2.2e-04,  lr = 1.0e-03, time_taken = 5.2e-01, rel_l2_error = 6.9e-02
Model state saved to ./checkpoints/burgers_exact\2026-03-04_17-25-31-092991\model.pth
Iteration: 2000, loss_r = 1.9e-04 ,  loss_bc = 1.9e-05,  loss_ic = 2.6e-04,  lr = 1.0e-03, time_taken = 5.7e-01, rel_l2_error = 6.4e-02
Model state saved to ./checkpoints/burgers_exact\2026-03-04_17-25-31-092991\model.pth

=== RAR Evaluation at iteration 2000 ===
Mean residual: 1.591e-01
Adding 100 new point(s) with highest residuals:
  Point 1: [0.02043539 0.1449902 ], Residual: 1.501e+00
  Point 2: [0.5353803 0.7478845], Residual: 1.498e+00
  Point 3: [0.58603024 0.817121  ], Residual: 1.488e+00
  Point 4: [0.55917335 0.70310104], Residual: 1.456e+00
  Point 5: [0.10272813 0.6478267 ], Residual: 1.444e+00
  Point 6: [0.29625934 0.5960721 ], Residual: 1.400e+00
  Point 7: [0.3784657 0.7160684], Residual: 1.269e+00
  Point 8: [0.1918332  0.59970665], Residual: 1.249e+00
  Point 9: [0.60871315 0.8104719 ], Residual: 1.239e+00
  Point 10: [0.1729902 0.683131 ], Residual: 1.230e+00
  Point 11: [0.3498233 0.7025322], Residual: 1.218e+00
  Point 12: [0.26392692 0.70283926], Residual: 1.197e+00
  Point 13: [0.0409801  0.64911866], Residual: 1.182e+00
  Point 14: [0.10973531 0.67666936], Residual: 1.176e+00
  Point 15: [0.44208854 0.77938807], Residual: 1.158e+00
  Point 16: [0.9220383  0.96376216], Residual: 1.148e+00
  Point 17: [0.08523422 0.7486577 ], Residual: 1.145e+00
  Point 18: [1.809597e-04 6.842705e-01], Residual: 1.144e+00
  Point 19: [0.25615883 0.7247844 ], Residual: 1.115e+00
  Point 20: [0.11299103 0.18028986], Residual: 1.103e+00
  Point 21: [0.54249567 0.83662486], Residual: 1.102e+00
  Point 22: [0.94561416 0.89572656], Residual: 1.086e+00
  Point 23: [0.32890558 0.81940866], Residual: 1.070e+00
  Point 24: [0.6416108 0.8769696], Residual: 1.070e+00
  Point 25: [ 0.58250004 -0.69892037], Residual: 1.048e+00
  Point 26: [0.6087042 0.7978511], Residual: 1.035e+00
  Point 27: [0.5730557  0.77714837], Residual: 1.034e+00
  Point 28: [0.70700693 0.24821115], Residual: 1.034e+00
  Point 29: [0.5065767 0.8300345], Residual: 1.008e+00
  Point 30: [0.04532206 0.57895327], Residual: 1.007e+00
  Point 31: [0.07976878 0.6979599 ], Residual: 1.007e+00
  Point 32: [0.17803073 0.711812  ], Residual: 1.003e+00
  Point 33: [0.7482783 0.9635788], Residual: 1.001e+00
  Point 34: [0.38280582 0.70662594], Residual: 9.991e-01
  Point 35: [0.00670648 0.15164196], Residual: 9.956e-01
  Point 36: [0.76146376 0.7241    ], Residual: 9.853e-01
  Point 37: [0.9893917 0.8039839], Residual: 9.826e-01
  Point 38: [ 0.22838485 -0.55583894], Residual: 9.822e-01
  Point 39: [0.09220302 0.6678448 ], Residual: 9.817e-01
  Point 40: [0.57685375 0.81672525], Residual: 9.757e-01
  Point 41: [0.05870199 0.5958432 ], Residual: 9.749e-01
  Point 42: [0.83845085 0.8082799 ], Residual: 9.747e-01
  Point 43: [0.2650867  0.72578573], Residual: 9.504e-01
  Point 44: [0.10603058 0.7188934 ], Residual: 9.441e-01
  Point 45: [0.30620992 0.8391372 ], Residual: 9.435e-01
  Point 46: [0.0475108  0.56516623], Residual: 9.428e-01
  Point 47: [0.33257675 0.17695236], Residual: 9.427e-01
  Point 48: [ 0.1891393  -0.55215406], Residual: 9.420e-01
  Point 49: [0.81229305 0.8536494 ], Residual: 9.395e-01
  Point 50: [0.4017213  0.85332036], Residual: 9.320e-01
  Point 51: [0.02512503 0.7855315 ], Residual: 9.263e-01
  Point 52: [0.72403824 0.9326279 ], Residual: 9.239e-01
  Point 53: [0.0226289  0.65191245], Residual: 9.228e-01
  Point 54: [ 0.13707334 -0.619112  ], Residual: 9.205e-01
  Point 55: [ 0.17485154 -0.57303894], Residual: 9.172e-01
  Point 56: [0.05009097 0.64347446], Residual: 9.135e-01
  Point 57: [0.07753867 0.23137105], Residual: 9.103e-01
  Point 58: [0.6866841 0.8029244], Residual: 9.023e-01
  Point 59: [0.7408701  0.83052444], Residual: 8.950e-01
  Point 60: [0.7472313  0.89561176], Residual: 8.893e-01
  Point 61: [0.18115526 0.15097964], Residual: 8.859e-01
  Point 62: [0.1866507  0.75470424], Residual: 8.747e-01
  Point 63: [0.15983635 0.5783546 ], Residual: 8.726e-01
  Point 64: [0.763277 0.799152], Residual: 8.668e-01
  Point 65: [0.5353809  0.78960323], Residual: 8.654e-01
  Point 66: [ 0.55934894 -0.66961837], Residual: 8.623e-01
  Point 67: [ 0.67244023 -0.6172185 ], Residual: 8.601e-01
  Point 68: [0.07118928 0.667905  ], Residual: 8.590e-01
  Point 69: [0.3314072 0.8301805], Residual: 8.520e-01
  Point 70: [0.29740095 0.8768816 ], Residual: 8.477e-01
  Point 71: [ 0.10567576 -0.5842707 ], Residual: 8.454e-01
  Point 72: [0.8546457 0.8173027], Residual: 8.403e-01
  Point 73: [0.40911585 0.8308376 ], Residual: 8.358e-01
  Point 74: [0.30705225 0.6109632 ], Residual: 8.343e-01
  Point 75: [ 0.12873447 -0.43983686], Residual: 8.279e-01
  Point 76: [0.8923351  0.97154224], Residual: 8.272e-01
  Point 77: [0.97403663 0.97042465], Residual: 8.221e-01
  Point 78: [0.41917682 0.7734437 ], Residual: 8.208e-01
  Point 79: [ 0.5798434 -0.5450274], Residual: 8.202e-01
  Point 80: [0.84165674 0.7799003 ], Residual: 8.172e-01
  Point 81: [0.46049494 0.77761054], Residual: 8.110e-01
  Point 82: [0.42307228 0.84954095], Residual: 8.091e-01
  Point 83: [0.59205    0.89575446], Residual: 8.090e-01
  Point 84: [0.78602266 0.93848205], Residual: 8.084e-01
  Point 85: [ 0.5615336  -0.43907166], Residual: 8.061e-01
  Point 86: [ 0.32186878 -0.5812057 ], Residual: 8.055e-01
  Point 87: [0.9316952  0.75909543], Residual: 8.038e-01
  Point 88: [0.95354635 0.3621111 ], Residual: 7.994e-01
  Point 89: [0.7116516  0.85598814], Residual: 7.934e-01
  Point 90: [0.9494614 0.9689039], Residual: 7.901e-01
  Point 91: [0.34801346 0.84867144], Residual: 7.887e-01
  Point 92: [0.7168976 0.8270289], Residual: 7.884e-01
  Point 93: [0.80617774 0.8848797 ], Residual: 7.856e-01
  Point 94: [0.3115195  0.17986107], Residual: 7.822e-01
  Point 95: [0.1392383 0.6347624], Residual: 7.817e-01
  Point 96: [0.31661123 0.8207271 ], Residual: 7.794e-01
  Point 97: [0.6801919  0.39138126], Residual: 7.786e-01
  Point 98: [0.2721293 0.8469162], Residual: 7.780e-01
  Point 99: [0.9506629 0.9394307], Residual: 7.770e-01
  Point 100: [0.51309246 0.8041394 ], Residual: 7.710e-01
Total adaptive points: 100

Iteration: 2100, loss_r = 1.9e-04 ,  loss_bc = 1.9e-05,  loss_ic = 1.6e-04,  lr = 1.0e-03, time_taken = 4.9e-01, rel_l2_error = 5.7e-02
Model state saved to ./checkpoints/burgers_exact\2026-03-04_17-25-31-092991\model.pth
Iteration: 2200, loss_r = 1.3e-04 ,  loss_bc = 9.3e-06,  loss_ic = 1.1e-04,  lr = 1.0e-03, time_taken = 4.7e-01, rel_l2_error = 5.1e-02
Model state saved to ./checkpoints/burgers_exact\2026-03-04_17-25-31-092991\model.pth
Iteration: 2300, loss_r = 8.1e-05 ,  loss_bc = 2.0e-06,  loss_ic = 9.7e-05,  lr = 1.0e-03, time_taken = 6.7e-01, rel_l2_error = 3.9e-02
Model state saved to ./checkpoints/burgers_exact\2026-03-04_17-25-31-092991\model.pth
Iteration: 2400, loss_r = 7.7e-05 ,  loss_bc = 1.6e-06,  loss_ic = 5.5e-05,  lr = 1.0e-03, time_taken = 9.9e-01, rel_l2_error = 3.2e-02
Model state saved to ./checkpoints/burgers_exact\2026-03-04_17-25-31-092991\model.pth
Iteration: 2500, loss_r = 1.0e-04 ,  loss_bc = 2.0e-06,  loss_ic = 3.6e-05,  lr = 1.0e-03, time_taken = 8.9e-01, rel_l2_error = 2.9e-02
Model state saved to ./checkpoints/burgers_exact\2026-03-04_17-25-31-092991\model.pth
Iteration: 2600, loss_r = 4.9e-05 ,  loss_bc = 9.2e-07,  loss_ic = 4.4e-05,  lr = 1.0e-03, time_taken = 7.9e-01, rel_l2_error = 2.9e-02
Model state saved to ./checkpoints/burgers_exact\2026-03-04_17-25-31-092991\model.pth
Iteration: 2700, loss_r = 5.3e-05 ,  loss_bc = 7.0e-06,  loss_ic = 4.9e-05,  lr = 1.0e-03, time_taken = 6.7e-01, rel_l2_error = 2.8e-02
Model state saved to ./checkpoints/burgers_exact\2026-03-04_17-25-31-092991\model.pth
Iteration: 2800, loss_r = 7.1e-05 ,  loss_bc = 9.3e-06,  loss_ic = 4.0e-05,  lr = 1.0e-03, time_taken = 9.3e-01, rel_l2_error = 3.7e-02
Model state saved to ./checkpoints/burgers_exact\2026-03-04_17-25-31-092991\model.pth
Iteration: 2900, loss_r = 5.6e-05 ,  loss_bc = 9.1e-07,  loss_ic = 2.7e-05,  lr = 1.0e-03, time_taken = 9.2e-01, rel_l2_error = 2.1e-02
Model state saved to ./checkpoints/burgers_exact\2026-03-04_17-25-31-092991\model.pth
Iteration: 3000, loss_r = 3.0e-05 ,  loss_bc = 6.7e-06,  loss_ic = 2.4e-05,  lr = 1.0e-03, time_taken = 8.2e-01, rel_l2_error = 2.3e-02
Model state saved to ./checkpoints/burgers_exact\2026-03-04_17-25-31-092991\model.pth
Iteration: 3100, loss_r = 6.0e-05 ,  loss_bc = 5.5e-06,  loss_ic = 2.8e-05,  lr = 1.0e-03, time_taken = 5.5e-01, rel_l2_error = 2.5e-02
Model state saved to ./checkpoints/burgers_exact\2026-03-04_17-25-31-092991\model.pth
Iteration: 3200, loss_r = 3.4e-05 ,  loss_bc = 1.7e-06,  loss_ic = 1.5e-05,  lr = 1.0e-03, time_taken = 6.0e-01, rel_l2_error = 1.5e-02
Model state saved to ./checkpoints/burgers_exact\2026-03-04_17-25-31-092991\model.pth
Iteration: 3300, loss_r = 2.4e-05 ,  loss_bc = 4.4e-06,  loss_ic = 1.9e-05,  lr = 1.0e-03, time_taken = 6.6e-01, rel_l2_error = 2.7e-02
Model state saved to ./checkpoints/burgers_exact\2026-03-04_17-25-31-092991\model.pth
Iteration: 3400, loss_r = 2.6e-05 ,  loss_bc = 9.3e-06,  loss_ic = 1.9e-05,  lr = 1.0e-03, time_taken = 6.5e-01, rel_l2_error = 1.8e-02
Model state saved to ./checkpoints/burgers_exact\2026-03-04_17-25-31-092991\model.pth
Iteration: 3500, loss_r = 4.2e-05 ,  loss_bc = 2.2e-06,  loss_ic = 1.4e-05,  lr = 1.0e-03, time_taken = 3.9e-01, rel_l2_error = 1.8e-02
Model state saved to ./checkpoints/burgers_exact\2026-03-04_17-25-31-092991\model.pth
Iteration: 3600, loss_r = 1.7e-05 ,  loss_bc = 4.8e-06,  loss_ic = 1.7e-05,  lr = 1.0e-03, time_taken = 3.8e-01, rel_l2_error = 1.9e-02
Model state saved to ./checkpoints/burgers_exact\2026-03-04_17-25-31-092991\model.pth
Iteration: 3700, loss_r = 1.4e-05 ,  loss_bc = 1.4e-06,  loss_ic = 7.4e-06,  lr = 1.0e-03, time_taken = 4.9e-01, rel_l2_error = 1.6e-02
Model state saved to ./checkpoints/burgers_exact\2026-03-04_17-25-31-092991\model.pth
Iteration: 3800, loss_r = 2.5e-05 ,  loss_bc = 1.1e-05,  loss_ic = 1.0e-05,  lr = 1.0e-03, time_taken = 4.4e-01, rel_l2_error = 1.9e-02
Model state saved to ./checkpoints/burgers_exact\2026-03-04_17-25-31-092991\model.pth
Iteration: 3900, loss_r = 1.6e-05 ,  loss_bc = 9.2e-07,  loss_ic = 1.0e-05,  lr = 1.0e-03, time_taken = 4.4e-01, rel_l2_error = 1.7e-02
Model state saved to ./checkpoints/burgers_exact\2026-03-04_17-25-31-092991\model.pth
Iteration: 4000, loss_r = 2.0e-05 ,  loss_bc = 9.4e-06,  loss_ic = 7.6e-06,  lr = 1.0e-03, time_taken = 6.7e-01, rel_l2_error = 1.5e-02
Model state saved to ./checkpoints/burgers_exact\2026-03-04_17-25-31-092991\model.pth

=== RAR Evaluation at iteration 4000 ===
Mean residual: 1.977e-01
Adding 100 new point(s) with highest residuals:
  Point 1: [0.0524658 0.5987297], Residual: 2.393e+00
  Point 2: [0.02460039 0.64165664], Residual: 2.104e+00
  Point 3: [0.32808602 0.7269236 ], Residual: 1.968e+00
  Point 4: [ 0.4095841 -0.5184525], Residual: 1.793e+00
  Point 5: [0.78016865 0.7712834 ], Residual: 1.776e+00
  Point 6: [0.8551063 0.8528774], Residual: 1.704e+00
  Point 7: [0.78748506 0.59979   ], Residual: 1.661e+00
  Point 8: [0.23718423 0.6709212 ], Residual: 1.617e+00
  Point 9: [ 0.26464605 -0.4472921 ], Residual: 1.610e+00
  Point 10: [0.1085645 0.2920413], Residual: 1.585e+00
  Point 11: [ 0.3169427 -0.5316613], Residual: 1.565e+00
  Point 12: [0.37012243 0.7747927 ], Residual: 1.554e+00
  Point 13: [0.11263275 0.7677337 ], Residual: 1.532e+00
  Point 14: [0.21318609 0.6758789 ], Residual: 1.504e+00
  Point 15: [ 0.0773378  -0.58451104], Residual: 1.503e+00
  Point 16: [0.62858504 0.8278885 ], Residual: 1.477e+00
  Point 17: [0.06447017 0.70996344], Residual: 1.442e+00
  Point 18: [ 0.52199817 -0.584741  ], Residual: 1.436e+00
  Point 19: [0.25947136 0.7871084 ], Residual: 1.433e+00
  Point 20: [0.11524135 0.77420914], Residual: 1.416e+00
  Point 21: [0.26792288 0.8271693 ], Residual: 1.401e+00
  Point 22: [0.0670765  0.37476444], Residual: 1.399e+00
  Point 23: [0.43208855 0.7371144 ], Residual: 1.398e+00
  Point 24: [0.16221863 0.60155606], Residual: 1.397e+00
  Point 25: [0.63135284 0.5039016 ], Residual: 1.384e+00
  Point 26: [0.2999732  0.66781855], Residual: 1.376e+00
  Point 27: [0.5673226 0.8536736], Residual: 1.371e+00
  Point 28: [0.41868323 0.68424535], Residual: 1.361e+00
  Point 29: [0.470869   0.80823517], Residual: 1.360e+00
  Point 30: [ 0.21201098 -0.66588795], Residual: 1.355e+00
  Point 31: [0.21146154 0.33748198], Residual: 1.354e+00
  Point 32: [0.1745575  0.34154642], Residual: 1.345e+00
  Point 33: [0.34036607 0.74965036], Residual: 1.341e+00
  Point 34: [0.08471048 0.6852987 ], Residual: 1.323e+00
  Point 35: [0.3225144 0.7009003], Residual: 1.322e+00
  Point 36: [0.30175585 0.7401967 ], Residual: 1.306e+00
  Point 37: [ 0.76496553 -0.5451031 ], Residual: 1.305e+00
  Point 38: [ 0.6839449 -0.5694655], Residual: 1.295e+00
  Point 39: [0.5504796  0.45811963], Residual: 1.286e+00
  Point 40: [0.77839625 0.82334304], Residual: 1.277e+00
  Point 41: [0.09202516 0.59178185], Residual: 1.274e+00
  Point 42: [0.4163689  0.70057917], Residual: 1.259e+00
  Point 43: [0.30595326 0.74507344], Residual: 1.252e+00
  Point 44: [0.64434785 0.68629205], Residual: 1.240e+00
  Point 45: [0.15272081 0.68908894], Residual: 1.212e+00
  Point 46: [0.19361031 0.7154933 ], Residual: 1.208e+00
  Point 47: [0.44032192 0.38098192], Residual: 1.193e+00
  Point 48: [0.37390268 0.499341  ], Residual: 1.180e+00
  Point 49: [0.13408315 0.7356026 ], Residual: 1.180e+00
  Point 50: [ 0.5692625 -0.7485492], Residual: 1.178e+00
  Point 51: [0.93302506 0.93522453], Residual: 1.174e+00
  Point 52: [0.3389665  0.47488594], Residual: 1.171e+00
  Point 53: [0.3613307  0.72968495], Residual: 1.170e+00
  Point 54: [ 0.964614   -0.50014734], Residual: 1.169e+00
  Point 55: [0.08475941 0.6112404 ], Residual: 1.166e+00
  Point 56: [0.09100854 0.69786537], Residual: 1.165e+00
  Point 57: [0.96285945 0.42501855], Residual: 1.148e+00
  Point 58: [0.13363302 0.4814862 ], Residual: 1.147e+00
  Point 59: [ 0.61837506 -0.5290874 ], Residual: 1.146e+00
  Point 60: [0.16237128 0.65603065], Residual: 1.136e+00
  Point 61: [ 0.08784485 -0.41673625], Residual: 1.127e+00
  Point 62: [ 0.8258003  -0.69451916], Residual: 1.111e+00
  Point 63: [0.36410552 0.693413  ], Residual: 1.103e+00
  Point 64: [0.04075873 0.5862354 ], Residual: 1.088e+00
  Point 65: [0.5931983 0.3569522], Residual: 1.071e+00
  Point 66: [0.33699244 0.69010675], Residual: 1.070e+00
  Point 67: [ 0.8032741 -0.70198  ], Residual: 1.069e+00
  Point 68: [ 0.93929887 -0.5846498 ], Residual: 1.067e+00
  Point 69: [ 0.14052004 -0.5626637 ], Residual: 1.065e+00
  Point 70: [0.359563   0.41824389], Residual: 1.065e+00
  Point 71: [ 0.9420597 -0.7112433], Residual: 1.060e+00
  Point 72: [0.7728401  0.80076826], Residual: 1.051e+00
  Point 73: [0.61500245 0.8196138 ], Residual: 1.047e+00
  Point 74: [0.54615295 0.8039937 ], Residual: 1.045e+00
  Point 75: [0.00128663 0.5712991 ], Residual: 1.041e+00
  Point 76: [ 0.15051031 -0.52563286], Residual: 1.035e+00
  Point 77: [0.09713858 0.2518984 ], Residual: 1.032e+00
  Point 78: [0.5670995  0.76444244], Residual: 1.029e+00
  Point 79: [0.09445876 0.43875122], Residual: 1.029e+00
  Point 80: [0.09185791 0.27591562], Residual: 1.020e+00
  Point 81: [0.34545243 0.8367559 ], Residual: 1.017e+00
  Point 82: [0.1808123 0.6479305], Residual: 1.016e+00
  Point 83: [ 0.868032  -0.6145922], Residual: 1.014e+00
  Point 84: [0.76662844 0.643129  ], Residual: 1.012e+00
  Point 85: [0.7397846 0.9371934], Residual: 9.992e-01
  Point 86: [ 0.43383378 -0.52360547], Residual: 9.964e-01
  Point 87: [0.8693702 0.893306 ], Residual: 9.951e-01
  Point 88: [0.99696356 0.49994588], Residual: 9.917e-01
  Point 89: [0.15839577 0.44559753], Residual: 9.875e-01
  Point 90: [0.4097188  0.45419955], Residual: 9.839e-01
  Point 91: [0.79257876 0.7246171 ], Residual: 9.834e-01
  Point 92: [ 0.25856352 -0.5350138 ], Residual: 9.817e-01
  Point 93: [0.12400299 0.75557816], Residual: 9.795e-01
  Point 94: [ 0.9469542 -0.5037234], Residual: 9.790e-01
  Point 95: [0.7819337  0.89906895], Residual: 9.763e-01
  Point 96: [ 0.28116477 -0.549037  ], Residual: 9.738e-01
  Point 97: [0.3899263 0.3836987], Residual: 9.731e-01
  Point 98: [0.2065863  0.61279833], Residual: 9.688e-01
  Point 99: [0.26729828 0.62753   ], Residual: 9.686e-01
  Point 100: [ 0.72452    -0.39919436], Residual: 9.677e-01
Total adaptive points: 200

Iteration: 4100, loss_r = 2.2e-05 ,  loss_bc = 2.6e-06,  loss_ic = 1.3e-05,  lr = 1.0e-03, time_taken = 4.9e-01, rel_l2_error = 1.1e-02
Model state saved to ./checkpoints/burgers_exact\2026-03-04_17-25-31-092991\model.pth
Iteration: 4200, loss_r = 1.3e-05 ,  loss_bc = 6.7e-07,  loss_ic = 1.2e-05,  lr = 1.0e-03, time_taken = 4.6e-01, rel_l2_error = 1.3e-02
Model state saved to ./checkpoints/burgers_exact\2026-03-04_17-25-31-092991\model.pth
Iteration: 4300, loss_r = 2.7e-05 ,  loss_bc = 8.0e-06,  loss_ic = 1.6e-05,  lr = 1.0e-03, time_taken = 5.0e-01, rel_l2_error = 1.7e-02
Model state saved to ./checkpoints/burgers_exact\2026-03-04_17-25-31-092991\model.pth
Iteration: 4400, loss_r = 2.6e-05 ,  loss_bc = 6.0e-06,  loss_ic = 7.6e-06,  lr = 1.0e-03, time_taken = 5.4e-01, rel_l2_error = 2.0e-02
Model state saved to ./checkpoints/burgers_exact\2026-03-04_17-25-31-092991\model.pth
Iteration: 4500, loss_r = 1.6e-05 ,  loss_bc = 7.6e-06,  loss_ic = 1.2e-05,  lr = 1.0e-03, time_taken = 5.7e-01, rel_l2_error = 1.5e-02
Model state saved to ./checkpoints/burgers_exact\2026-03-04_17-25-31-092991\model.pth
Iteration: 4600, loss_r = 8.6e-06 ,  loss_bc = 1.1e-06,  loss_ic = 6.8e-06,  lr = 1.0e-03, time_taken = 6.6e-01, rel_l2_error = 1.3e-02
Model state saved to ./checkpoints/burgers_exact\2026-03-04_17-25-31-092991\model.pth
Iteration: 4700, loss_r = 2.4e-05 ,  loss_bc = 2.2e-06,  loss_ic = 1.7e-05,  lr = 1.0e-03, time_taken = 7.7e-01, rel_l2_error = 1.8e-02
Model state saved to ./checkpoints/burgers_exact\2026-03-04_17-25-31-092991\model.pth
Iteration: 4800, loss_r = 2.2e-05 ,  loss_bc = 2.7e-06,  loss_ic = 4.8e-06,  lr = 1.0e-03, time_taken = 6.4e-01, rel_l2_error = 1.4e-02
Model state saved to ./checkpoints/burgers_exact\2026-03-04_17-25-31-092991\model.pth
Iteration: 4900, loss_r = 1.3e-05 ,  loss_bc = 5.0e-06,  loss_ic = 5.3e-06,  lr = 1.0e-03, time_taken = 6.1e-01, rel_l2_error = 1.2e-02
Model state saved to ./checkpoints/burgers_exact\2026-03-04_17-25-31-092991\model.pth
Iteration: 5000, loss_r = 1.5e-05 ,  loss_bc = 1.1e-05,  loss_ic = 5.3e-06,  lr = 1.0e-03, time_taken = 6.4e-01, rel_l2_error = 2.4e-02
Model state saved to ./checkpoints/burgers_exact\2026-03-04_17-25-31-092991\model.pth
Iteration: 5100, loss_r = 6.9e-06 ,  loss_bc = 6.1e-07,  loss_ic = 4.0e-06,  lr = 1.0e-03, time_taken = 6.1e-01, rel_l2_error = 1.4e-02
Model state saved to ./checkpoints/burgers_exact\2026-03-04_17-25-31-092991\model.pth
Iteration: 5200, loss_r = 1.3e-05 ,  loss_bc = 1.5e-06,  loss_ic = 5.6e-06,  lr = 1.0e-03, time_taken = 6.3e-01, rel_l2_error = 1.1e-02
Model state saved to ./checkpoints/burgers_exact\2026-03-04_17-25-31-092991\model.pth
Iteration: 5300, loss_r = 1.5e-05 ,  loss_bc = 5.9e-06,  loss_ic = 1.2e-05,  lr = 1.0e-03, time_taken = 6.2e-01, rel_l2_error = 1.2e-02
Model state saved to ./checkpoints/burgers_exact\2026-03-04_17-25-31-092991\model.pth
Iteration: 5400, loss_r = 1.3e-05 ,  loss_bc = 2.0e-06,  loss_ic = 5.0e-06,  lr = 1.0e-03, time_taken = 4.1e-01, rel_l2_error = 1.9e-02
Model state saved to ./checkpoints/burgers_exact\2026-03-04_17-25-31-092991\model.pth
Iteration: 5500, loss_r = 7.5e-06 ,  loss_bc = 5.4e-06,  loss_ic = 5.4e-06,  lr = 1.0e-03, time_taken = 7.9e-01, rel_l2_error = 1.3e-02
Model state saved to ./checkpoints/burgers_exact\2026-03-04_17-25-31-092991\model.pth
Iteration: 5600, loss_r = 1.4e-05 ,  loss_bc = 4.0e-06,  loss_ic = 4.4e-06,  lr = 1.0e-03, time_taken = 7.7e-01, rel_l2_error = 2.0e-02
Model state saved to ./checkpoints/burgers_exact\2026-03-04_17-25-31-092991\model.pth
Iteration: 5700, loss_r = 8.8e-06 ,  loss_bc = 3.4e-06,  loss_ic = 4.5e-06,  lr = 1.0e-03, time_taken = 7.8e-01, rel_l2_error = 2.0e-02
Model state saved to ./checkpoints/burgers_exact\2026-03-04_17-25-31-092991\model.pth
Iteration: 5800, loss_r = 9.6e-06 ,  loss_bc = 5.6e-06,  loss_ic = 6.9e-06,  lr = 1.0e-03, time_taken = 8.1e-01, rel_l2_error = 1.0e-02
Model state saved to ./checkpoints/burgers_exact\2026-03-04_17-25-31-092991\model.pth
Iteration: 5900, loss_r = 1.2e-05 ,  loss_bc = 4.6e-06,  loss_ic = 8.6e-06,  lr = 1.0e-03, time_taken = 8.1e-01, rel_l2_error = 1.2e-02
Model state saved to ./checkpoints/burgers_exact\2026-03-04_17-25-31-092991\model.pth
Iteration: 6000, loss_r = 3.7e-06 ,  loss_bc = 3.1e-07,  loss_ic = 3.2e-06,  lr = 1.0e-03, time_taken = 7.8e-01, rel_l2_error = 1.5e-02
Model state saved to ./checkpoints/burgers_exact\2026-03-04_17-25-31-092991\model.pth

=== RAR Evaluation at iteration 6000 ===
Mean residual: 2.023e-01
Adding 100 new point(s) with highest residuals:
  Point 1: [0.76930416 0.80538225], Residual: 2.567e+00
  Point 2: [0.19106013 0.5243293 ], Residual: 2.490e+00
  Point 3: [0.5403902 0.7290081], Residual: 2.409e+00
  Point 4: [ 0.43022466 -0.5821172 ], Residual: 2.071e+00
  Point 5: [0.75872207 0.7872094 ], Residual: 1.958e+00
  Point 6: [0.5422024  0.46586013], Residual: 1.907e+00
  Point 7: [0.00958794 0.32334137], Residual: 1.855e+00
  Point 8: [0.4770816 0.7201241], Residual: 1.661e+00
  Point 9: [ 0.8586555  -0.67339075], Residual: 1.650e+00
  Point 10: [0.06108141 0.13579655], Residual: 1.622e+00
  Point 11: [0.68786323 0.82537293], Residual: 1.617e+00
  Point 12: [0.11412984 0.6088748 ], Residual: 1.614e+00
  Point 13: [0.99208987 0.92866886], Residual: 1.559e+00
  Point 14: [0.42965782 0.7988858 ], Residual: 1.547e+00
  Point 15: [0.20045829 0.6969347 ], Residual: 1.539e+00
  Point 16: [0.6111395 0.6197885], Residual: 1.497e+00
  Point 17: [0.22979707 0.72199774], Residual: 1.476e+00
  Point 18: [0.5369813  0.83104336], Residual: 1.474e+00
  Point 19: [0.36870033 0.7210076 ], Residual: 1.470e+00
  Point 20: [0.5201988  0.75553274], Residual: 1.440e+00
  Point 21: [0.01504803 0.37884486], Residual: 1.421e+00
  Point 22: [ 0.24472046 -0.68937325], Residual: 1.407e+00
  Point 23: [0.37344915 0.7071521 ], Residual: 1.404e+00
  Point 24: [0.03138477 0.40940154], Residual: 1.403e+00
  Point 25: [0.58384544 0.8007053 ], Residual: 1.372e+00
  Point 26: [ 0.0008294  -0.37002778], Residual: 1.367e+00
  Point 27: [0.8220189 0.8291955], Residual: 1.359e+00
  Point 28: [ 0.35929263 -0.39201224], Residual: 1.339e+00
  Point 29: [0.4730177  0.84967804], Residual: 1.338e+00
  Point 30: [0.7235524 0.7995442], Residual: 1.334e+00
  Point 31: [ 0.35116124 -0.37052047], Residual: 1.327e+00
  Point 32: [0.8222403 0.8824153], Residual: 1.323e+00
  Point 33: [0.10125536 0.76915705], Residual: 1.303e+00
  Point 34: [0.25648648 0.7280638 ], Residual: 1.302e+00
  Point 35: [ 0.05633175 -0.49746406], Residual: 1.282e+00
  Point 36: [0.3411746 0.4818592], Residual: 1.272e+00
  Point 37: [ 0.09047371 -0.6284528 ], Residual: 1.271e+00
  Point 38: [ 0.70842767 -0.44374883], Residual: 1.260e+00
  Point 39: [ 0.29001456 -0.46596336], Residual: 1.254e+00
  Point 40: [0.6063217 0.8005296], Residual: 1.248e+00
  Point 41: [0.3383174  0.71091974], Residual: 1.246e+00
  Point 42: [0.02001047 0.62604845], Residual: 1.245e+00
  Point 43: [ 0.13009197 -0.38771844], Residual: 1.235e+00
  Point 44: [0.0747956 0.6028553], Residual: 1.233e+00
  Point 45: [0.5642033 0.5287802], Residual: 1.233e+00
  Point 46: [ 0.6957816 -0.4128728], Residual: 1.232e+00
  Point 47: [0.06530982 0.7161095 ], Residual: 1.223e+00
  Point 48: [0.52935904 0.43148124], Residual: 1.221e+00
  Point 49: [0.26418465 0.7578974 ], Residual: 1.220e+00
  Point 50: [0.4066978 0.7686696], Residual: 1.219e+00
  Point 51: [ 0.8394055  -0.56282914], Residual: 1.214e+00
  Point 52: [0.14934903 0.63599825], Residual: 1.212e+00
  Point 53: [0.75743973 0.56139684], Residual: 1.208e+00
  Point 54: [0.18808496 0.6721728 ], Residual: 1.194e+00
  Point 55: [0.28009182 0.7233969 ], Residual: 1.188e+00
  Point 56: [0.7006734  0.85537755], Residual: 1.171e+00
  Point 57: [0.13083994 0.50039315], Residual: 1.166e+00
  Point 58: [ 0.79910326 -0.64050615], Residual: 1.164e+00
  Point 59: [ 0.67487544 -0.4806106 ], Residual: 1.161e+00
  Point 60: [ 0.10878336 -0.6700245 ], Residual: 1.150e+00
  Point 61: [0.1529972  0.50269794], Residual: 1.147e+00
  Point 62: [0.08761561 0.19891214], Residual: 1.144e+00
  Point 63: [ 0.04753113 -0.3960576 ], Residual: 1.141e+00
  Point 64: [0.6539016 0.9049307], Residual: 1.136e+00
  Point 65: [0.40967464 0.6321125 ], Residual: 1.134e+00
  Point 66: [0.44751936 0.47625017], Residual: 1.132e+00
  Point 67: [0.7543824 0.7003447], Residual: 1.125e+00
  Point 68: [0.9296978  0.46553338], Residual: 1.119e+00
  Point 69: [0.7154397 0.8290336], Residual: 1.119e+00
  Point 70: [0.29532868 0.73295987], Residual: 1.118e+00
  Point 71: [0.4088645 0.7525189], Residual: 1.118e+00
  Point 72: [0.8924635 0.6586065], Residual: 1.109e+00
  Point 73: [ 0.21717227 -0.48330772], Residual: 1.104e+00
  Point 74: [ 0.03908777 -0.4030199 ], Residual: 1.102e+00
  Point 75: [0.62770116 0.8551626 ], Residual: 1.091e+00
  Point 76: [0.8839182 0.7795216], Residual: 1.091e+00
  Point 77: [0.26981026 0.70416105], Residual: 1.087e+00
  Point 78: [0.8206183  0.83891416], Residual: 1.081e+00
  Point 79: [ 0.13416559 -0.3709799 ], Residual: 1.075e+00
  Point 80: [0.20134437 0.24278033], Residual: 1.074e+00
  Point 81: [ 0.61927384 -0.5979959 ], Residual: 1.073e+00
  Point 82: [0.4402455 0.4631493], Residual: 1.073e+00
  Point 83: [ 0.62512463 -0.6798818 ], Residual: 1.071e+00
  Point 84: [0.24428648 0.65592325], Residual: 1.069e+00
  Point 85: [0.65063155 0.4606477 ], Residual: 1.068e+00
  Point 86: [0.6609226  0.83896995], Residual: 1.067e+00
  Point 87: [0.50643855 0.76908755], Residual: 1.065e+00
  Point 88: [0.47207052 0.66771865], Residual: 1.064e+00
  Point 89: [0.04155803 0.6392584 ], Residual: 1.064e+00
  Point 90: [0.90714926 0.840067  ], Residual: 1.059e+00
  Point 91: [0.31065208 0.5410663 ], Residual: 1.050e+00
  Point 92: [0.03064263 0.35515022], Residual: 1.049e+00
  Point 93: [0.4889968  0.21172404], Residual: 1.044e+00
  Point 94: [0.42585844 0.5168241 ], Residual: 1.042e+00
  Point 95: [0.64087194 0.395491  ], Residual: 1.037e+00
  Point 96: [ 0.43668753 -0.5955397 ], Residual: 1.029e+00
  Point 97: [0.8948197  0.58323693], Residual: 1.024e+00
  Point 98: [0.26880884 0.8513589 ], Residual: 1.024e+00
  Point 99: [0.6961616 0.8063961], Residual: 1.024e+00
  Point 100: [0.23271096 0.89232063], Residual: 1.023e+00
Total adaptive points: 300

Iteration: 6100, loss_r = 1.2e-05 ,  loss_bc = 6.6e-06,  loss_ic = 4.0e-06,  lr = 1.0e-03, time_taken = 7.9e-01, rel_l2_error = 1.3e-02
Model state saved to ./checkpoints/burgers_exact\2026-03-04_17-25-31-092991\model.pth
Iteration: 6200, loss_r = 9.3e-06 ,  loss_bc = 1.7e-05,  loss_ic = 5.5e-06,  lr = 1.0e-03, time_taken = 8.1e-01, rel_l2_error = 1.4e-02
Model state saved to ./checkpoints/burgers_exact\2026-03-04_17-25-31-092991\model.pth
Iteration: 6300, loss_r = 5.2e-06 ,  loss_bc = 2.8e-06,  loss_ic = 5.4e-06,  lr = 1.0e-03, time_taken = 7.6e-01, rel_l2_error = 9.4e-03
Model state saved to ./checkpoints/burgers_exact\2026-03-04_17-25-31-092991\model.pth
Iteration: 6400, loss_r = 9.7e-06 ,  loss_bc = 6.1e-06,  loss_ic = 8.6e-06,  lr = 1.0e-03, time_taken = 7.8e-01, rel_l2_error = 1.5e-02
Model state saved to ./checkpoints/burgers_exact\2026-03-04_17-25-31-092991\model.pth
Iteration: 6500, loss_r = 6.2e-06 ,  loss_bc = 2.2e-06,  loss_ic = 5.5e-06,  lr = 1.0e-03, time_taken = 4.3e-01, rel_l2_error = 1.4e-02
Model state saved to ./checkpoints/burgers_exact\2026-03-04_17-25-31-092991\model.pth
Iteration: 6600, loss_r = 5.1e-06 ,  loss_bc = 1.3e-06,  loss_ic = 3.7e-06,  lr = 1.0e-03, time_taken = 3.6e-01, rel_l2_error = 9.9e-03
Model state saved to ./checkpoints/burgers_exact\2026-03-04_17-25-31-092991\model.pth
Iteration: 6700, loss_r = 7.7e-06 ,  loss_bc = 2.3e-06,  loss_ic = 5.3e-06,  lr = 1.0e-03, time_taken = 3.8e-01, rel_l2_error = 1.7e-02
Model state saved to ./checkpoints/burgers_exact\2026-03-04_17-25-31-092991\model.pth
Iteration: 6800, loss_r = 7.6e-06 ,  loss_bc = 1.5e-05,  loss_ic = 1.3e-05,  lr = 1.0e-03, time_taken = 4.3e-01, rel_l2_error = 1.1e-02
Model state saved to ./checkpoints/burgers_exact\2026-03-04_17-25-31-092991\model.pth
Iteration: 6900, loss_r = 1.1e-05 ,  loss_bc = 3.2e-07,  loss_ic = 4.9e-06,  lr = 1.0e-03, time_taken = 5.7e-01, rel_l2_error = 1.1e-02
Model state saved to ./checkpoints/burgers_exact\2026-03-04_17-25-31-092991\model.pth
Iteration: 7000, loss_r = 7.2e-06 ,  loss_bc = 3.6e-06,  loss_ic = 2.3e-06,  lr = 1.0e-03, time_taken = 6.6e-01, rel_l2_error = 1.6e-02
Model state saved to ./checkpoints/burgers_exact\2026-03-04_17-25-31-092991\model.pth
Iteration: 7100, loss_r = 3.5e-06 ,  loss_bc = 1.4e-06,  loss_ic = 3.4e-06,  lr = 1.0e-03, time_taken = 5.8e-01, rel_l2_error = 1.3e-02
Model state saved to ./checkpoints/burgers_exact\2026-03-04_17-25-31-092991\model.pth
Iteration: 7200, loss_r = 5.2e-06 ,  loss_bc = 5.3e-07,  loss_ic = 3.5e-06,  lr = 1.0e-03, time_taken = 8.0e-01, rel_l2_error = 1.1e-02
Model state saved to ./checkpoints/burgers_exact\2026-03-04_17-25-31-092991\model.pth
Iteration: 7300, loss_r = 4.6e-06 ,  loss_bc = 9.5e-06,  loss_ic = 7.1e-06,  lr = 1.0e-03, time_taken = 7.7e-01, rel_l2_error = 1.0e-02
Model state saved to ./checkpoints/burgers_exact\2026-03-04_17-25-31-092991\model.pth
Iteration: 7400, loss_r = 3.4e-06 ,  loss_bc = 2.2e-06,  loss_ic = 3.3e-06,  lr = 1.0e-03, time_taken = 6.6e-01, rel_l2_error = 9.6e-03
Model state saved to ./checkpoints/burgers_exact\2026-03-04_17-25-31-092991\model.pth
Iteration: 7500, loss_r = 3.2e-06 ,  loss_bc = 2.0e-06,  loss_ic = 4.5e-06,  lr = 1.0e-03, time_taken = 8.2e-01, rel_l2_error = 1.1e-02
Model state saved to ./checkpoints/burgers_exact\2026-03-04_17-25-31-092991\model.pth
Iteration: 7600, loss_r = 9.2e-06 ,  loss_bc = 3.4e-07,  loss_ic = 4.6e-06,  lr = 1.0e-03, time_taken = 7.4e-01, rel_l2_error = 1.2e-02
Model state saved to ./checkpoints/burgers_exact\2026-03-04_17-25-31-092991\model.pth
Iteration: 7700, loss_r = 4.7e-06 ,  loss_bc = 9.6e-07,  loss_ic = 4.1e-06,  lr = 1.0e-03, time_taken = 7.0e-01, rel_l2_error = 7.4e-03
Model state saved to ./checkpoints/burgers_exact\2026-03-04_17-25-31-092991\model.pth
Iteration: 7800, loss_r = 4.1e-06 ,  loss_bc = 5.2e-07,  loss_ic = 2.9e-06,  lr = 1.0e-03, time_taken = 7.1e-01, rel_l2_error = 1.1e-02
Model state saved to ./checkpoints/burgers_exact\2026-03-04_17-25-31-092991\model.pth
Iteration: 7900, loss_r = 6.7e-06 ,  loss_bc = 1.4e-06,  loss_ic = 3.4e-06,  lr = 1.0e-03, time_taken = 8.4e-01, rel_l2_error = 9.6e-03
Model state saved to ./checkpoints/burgers_exact\2026-03-04_17-25-31-092991\model.pth
Iteration: 8000, loss_r = 6.7e-06 ,  loss_bc = 8.4e-07,  loss_ic = 3.5e-06,  lr = 1.0e-03, time_taken = 5.7e-01, rel_l2_error = 8.3e-03
Model state saved to ./checkpoints/burgers_exact\2026-03-04_17-25-31-092991\model.pth

=== RAR Evaluation at iteration 8000 ===
Mean residual: 2.104e-01
Adding 100 new point(s) with highest residuals:
  Point 1: [0.07098752 0.69058836], Residual: 3.015e+00
  Point 2: [ 0.16972208 -0.48832846], Residual: 2.381e+00
  Point 3: [0.53460634 0.50616765], Residual: 2.094e+00
  Point 4: [ 0.23130709 -0.59899867], Residual: 1.990e+00
  Point 5: [0.05509698 0.47170472], Residual: 1.969e+00
  Point 6: [0.6764817 0.473866 ], Residual: 1.968e+00
  Point 7: [0.62160707 0.73086834], Residual: 1.922e+00
  Point 8: [0.07972401 0.26543403], Residual: 1.913e+00
  Point 9: [ 0.14180344 -0.60722756], Residual: 1.891e+00
  Point 10: [0.06942022 0.6309855 ], Residual: 1.884e+00
  Point 11: [0.4613582  0.76239896], Residual: 1.766e+00
  Point 12: [0.01280606 0.44650483], Residual: 1.760e+00
  Point 13: [0.03939062 0.6263523 ], Residual: 1.751e+00
  Point 14: [0.22686875 0.5338478 ], Residual: 1.750e+00
  Point 15: [0.11770147 0.70714927], Residual: 1.653e+00
  Point 16: [0.6863925  0.46570933], Residual: 1.627e+00
  Point 17: [0.08407325 0.62206554], Residual: 1.590e+00
  Point 18: [ 0.10865402 -0.50386786], Residual: 1.590e+00
  Point 19: [0.8698885  0.84335804], Residual: 1.582e+00
  Point 20: [0.13249904 0.45193982], Residual: 1.545e+00
  Point 21: [0.2273351  0.66755056], Residual: 1.540e+00
  Point 22: [0.77090114 0.84997797], Residual: 1.514e+00
  Point 23: [0.74902046 0.7993907 ], Residual: 1.505e+00
  Point 24: [0.07285482 0.39962447], Residual: 1.500e+00
  Point 25: [0.7235898 0.8652059], Residual: 1.476e+00
  Point 26: [0.0607931 0.6368841], Residual: 1.464e+00
  Point 27: [0.6284979  0.60724473], Residual: 1.457e+00
  Point 28: [0.23868167 0.4312924 ], Residual: 1.448e+00
  Point 29: [ 0.01618439 -0.38076663], Residual: 1.445e+00
  Point 30: [0.07348377 0.63304746], Residual: 1.430e+00
  Point 31: [0.6341265 0.8132024], Residual: 1.421e+00
  Point 32: [0.9243818  0.89887404], Residual: 1.419e+00
  Point 33: [ 0.867617 -0.739997], Residual: 1.401e+00
  Point 34: [0.24539644 0.7788657 ], Residual: 1.397e+00
  Point 35: [0.3661052  0.43527377], Residual: 1.392e+00
  Point 36: [ 0.99367684 -0.5691929 ], Residual: 1.387e+00
  Point 37: [ 0.14275372 -0.3428676 ], Residual: 1.354e+00
  Point 38: [0.01970798 0.6921445 ], Residual: 1.337e+00
  Point 39: [0.05694413 0.6974145 ], Residual: 1.334e+00
  Point 40: [ 0.20678759 -0.4612466 ], Residual: 1.314e+00
  Point 41: [0.4784196  0.81008935], Residual: 1.313e+00
  Point 42: [0.09872156 0.7241354 ], Residual: 1.294e+00
  Point 43: [ 0.53481746 -0.55216014], Residual: 1.294e+00
  Point 44: [0.05661404 0.663175  ], Residual: 1.292e+00
  Point 45: [0.10547888 0.6405548 ], Residual: 1.285e+00
  Point 46: [ 0.18205619 -0.3603232 ], Residual: 1.278e+00
  Point 47: [0.35478777 0.7794268 ], Residual: 1.274e+00
  Point 48: [0.63835067 0.8068259 ], Residual: 1.267e+00
  Point 49: [ 0.30403644 -0.5287018 ], Residual: 1.265e+00
  Point 50: [0.23975414 0.39524138], Residual: 1.263e+00
  Point 51: [0.03329504 0.64020383], Residual: 1.260e+00
  Point 52: [0.05103534 0.72113013], Residual: 1.260e+00
  Point 53: [0.8812012 0.563609 ], Residual: 1.256e+00
  Point 54: [0.5622785 0.7198652], Residual: 1.256e+00
  Point 55: [0.05472094 0.6574453 ], Residual: 1.254e+00
  Point 56: [0.04452354 0.2598213 ], Residual: 1.243e+00
  Point 57: [ 0.3412729 -0.5321268], Residual: 1.241e+00
  Point 58: [0.22104079 0.37423623], Residual: 1.237e+00
  Point 59: [ 0.16390306 -0.4148066 ], Residual: 1.235e+00
  Point 60: [0.14503306 0.5994942 ], Residual: 1.230e+00
  Point 61: [0.05748206 0.5928407 ], Residual: 1.225e+00
  Point 62: [0.25927663 0.6051706 ], Residual: 1.222e+00
  Point 63: [0.5908182  0.86983573], Residual: 1.206e+00
  Point 64: [0.11908388 0.4591322 ], Residual: 1.190e+00
  Point 65: [0.7093656  0.57713306], Residual: 1.187e+00
  Point 66: [0.33002734 0.42521358], Residual: 1.180e+00
  Point 67: [0.29324466 0.5578605 ], Residual: 1.175e+00
  Point 68: [0.5805721  0.49110496], Residual: 1.174e+00
  Point 69: [0.74060667 0.91489995], Residual: 1.170e+00
  Point 70: [0.54597765 0.7963314 ], Residual: 1.164e+00
  Point 71: [0.15974098 0.48208892], Residual: 1.159e+00
  Point 72: [0.39427882 0.3191402 ], Residual: 1.155e+00
  Point 73: [0.16778165 0.82995963], Residual: 1.154e+00
  Point 74: [0.00629866 0.48519075], Residual: 1.146e+00
  Point 75: [0.8021784  0.76113665], Residual: 1.141e+00
  Point 76: [0.21491182 0.56530845], Residual: 1.140e+00
  Point 77: [ 0.17334491 -0.5137042 ], Residual: 1.136e+00
  Point 78: [0.25563818 0.5219749 ], Residual: 1.136e+00
  Point 79: [0.34541267 0.8293601 ], Residual: 1.134e+00
  Point 80: [0.59105474 0.44174767], Residual: 1.134e+00
  Point 81: [ 0.5858033  -0.55883014], Residual: 1.133e+00
  Point 82: [0.08990252 0.6323538 ], Residual: 1.132e+00
  Point 83: [ 0.12532997 -0.51158214], Residual: 1.125e+00
  Point 84: [0.29398328 0.70747626], Residual: 1.123e+00
  Point 85: [0.21312094 0.7427119 ], Residual: 1.123e+00
  Point 86: [ 0.3659448 -0.6433792], Residual: 1.123e+00
  Point 87: [0.05249631 0.55177474], Residual: 1.120e+00
  Point 88: [0.2060371  0.43672657], Residual: 1.118e+00
  Point 89: [0.73483086 0.7828765 ], Residual: 1.116e+00
  Point 90: [0.22702563 0.36931396], Residual: 1.115e+00
  Point 91: [ 0.30622816 -0.50567484], Residual: 1.114e+00
  Point 92: [0.3696205 0.4043852], Residual: 1.107e+00
  Point 93: [0.020145   0.41696286], Residual: 1.107e+00
  Point 94: [ 0.46643788 -0.46716642], Residual: 1.099e+00
  Point 95: [0.1982553  0.43464148], Residual: 1.097e+00
  Point 96: [0.43896848 0.43142796], Residual: 1.094e+00
  Point 97: [0.89041185 0.5061543 ], Residual: 1.087e+00
  Point 98: [ 0.23873854 -0.535056  ], Residual: 1.085e+00
  Point 99: [0.39809793 0.58662915], Residual: 1.085e+00
  Point 100: [0.6262421  0.96324754], Residual: 1.084e+00
Total adaptive points: 400

Iteration: 8100, loss_r = 5.1e-06 ,  loss_bc = 2.0e-05,  loss_ic = 6.8e-06,  lr = 1.0e-03, time_taken = 4.8e-01, rel_l2_error = 1.3e-02
Model state saved to ./checkpoints/burgers_exact\2026-03-04_17-25-31-092991\model.pth
Iteration: 8200, loss_r = 9.7e-06 ,  loss_bc = 2.0e-06,  loss_ic = 3.5e-06,  lr = 1.0e-03, time_taken = 4.5e-01, rel_l2_error = 1.7e-02
Model state saved to ./checkpoints/burgers_exact\2026-03-04_17-25-31-092991\model.pth
Iteration: 8300, loss_r = 2.7e-06 ,  loss_bc = 6.3e-07,  loss_ic = 1.8e-06,  lr = 1.0e-03, time_taken = 6.8e-01, rel_l2_error = 8.3e-03
Model state saved to ./checkpoints/burgers_exact\2026-03-04_17-25-31-092991\model.pth
Iteration: 8400, loss_r = 8.4e-06 ,  loss_bc = 6.1e-06,  loss_ic = 3.8e-06,  lr = 1.0e-03, time_taken = 7.1e-01, rel_l2_error = 8.4e-03
Model state saved to ./checkpoints/burgers_exact\2026-03-04_17-25-31-092991\model.pth
Iteration: 8500, loss_r = 4.3e-06 ,  loss_bc = 5.4e-06,  loss_ic = 3.3e-06,  lr = 1.0e-03, time_taken = 5.8e-01, rel_l2_error = 8.7e-03
Model state saved to ./checkpoints/burgers_exact\2026-03-04_17-25-31-092991\model.pth
Iteration: 8600, loss_r = 3.8e-06 ,  loss_bc = 2.5e-06,  loss_ic = 4.0e-06,  lr = 9.0e-04, time_taken = 7.8e-01, rel_l2_error = 5.8e-03
Model state saved to ./checkpoints/burgers_exact\2026-03-04_17-25-31-092991\model.pth
Iteration: 8700, loss_r = 3.5e-06 ,  loss_bc = 5.5e-07,  loss_ic = 3.0e-06,  lr = 9.0e-04, time_taken = 6.8e-01, rel_l2_error = 8.6e-03
Model state saved to ./checkpoints/burgers_exact\2026-03-04_17-25-31-092991\model.pth
Iteration: 8800, loss_r = 4.3e-06 ,  loss_bc = 1.6e-06,  loss_ic = 1.8e-06,  lr = 9.0e-04, time_taken = 6.6e-01, rel_l2_error = 8.2e-03
Model state saved to ./checkpoints/burgers_exact\2026-03-04_17-25-31-092991\model.pth
Iteration: 8900, loss_r = 4.5e-06 ,  loss_bc = 3.8e-06,  loss_ic = 2.9e-06,  lr = 9.0e-04, time_taken = 1.1e+00, rel_l2_error = 1.1e-02
Model state saved to ./checkpoints/burgers_exact\2026-03-04_17-25-31-092991\model.pth
Iteration: 9000, loss_r = 5.5e-06 ,  loss_bc = 3.7e-07,  loss_ic = 1.8e-06,  lr = 9.0e-04, time_taken = 6.7e-01, rel_l2_error = 8.7e-03
Model state saved to ./checkpoints/burgers_exact\2026-03-04_17-25-31-092991\model.pth
Iteration: 9100, loss_r = 2.5e-06 ,  loss_bc = 3.4e-06,  loss_ic = 3.5e-06,  lr = 9.0e-04, time_taken = 7.2e-01, rel_l2_error = 7.6e-03
Model state saved to ./checkpoints/burgers_exact\2026-03-04_17-25-31-092991\model.pth
Iteration: 9200, loss_r = 2.1e-06 ,  loss_bc = 1.2e-07,  loss_ic = 1.4e-06,  lr = 9.0e-04, time_taken = 7.5e-01, rel_l2_error = 7.4e-03
Model state saved to ./checkpoints/burgers_exact\2026-03-04_17-25-31-092991\model.pth
Iteration: 9300, loss_r = 3.0e-06 ,  loss_bc = 3.7e-06,  loss_ic = 5.2e-06,  lr = 9.0e-04, time_taken = 8.7e-01, rel_l2_error = 7.0e-03
Model state saved to ./checkpoints/burgers_exact\2026-03-04_17-25-31-092991\model.pth
Iteration: 9400, loss_r = 2.4e-06 ,  loss_bc = 5.9e-06,  loss_ic = 2.7e-06,  lr = 9.0e-04, time_taken = 8.2e-01, rel_l2_error = 9.2e-03
Model state saved to ./checkpoints/burgers_exact\2026-03-04_17-25-31-092991\model.pth
Iteration: 9500, loss_r = 4.2e-06 ,  loss_bc = 4.4e-06,  loss_ic = 3.9e-06,  lr = 9.0e-04, time_taken = 8.1e-01, rel_l2_error = 1.2e-02
Model state saved to ./checkpoints/burgers_exact\2026-03-04_17-25-31-092991\model.pth
Iteration: 9600, loss_r = 2.3e-06 ,  loss_bc = 6.0e-06,  loss_ic = 2.5e-06,  lr = 9.0e-04, time_taken = 9.9e-01, rel_l2_error = 8.6e-03
Model state saved to ./checkpoints/burgers_exact\2026-03-04_17-25-31-092991\model.pth
Iteration: 9700, loss_r = 5.0e-06 ,  loss_bc = 7.4e-07,  loss_ic = 2.3e-06,  lr = 9.0e-04, time_taken = 9.3e-01, rel_l2_error = 9.1e-03
Model state saved to ./checkpoints/burgers_exact\2026-03-04_17-25-31-092991\model.pth
Iteration: 9800, loss_r = 2.1e-06 ,  loss_bc = 7.7e-07,  loss_ic = 1.7e-06,  lr = 9.0e-04, time_taken = 9.8e-01, rel_l2_error = 1.2e-02
Model state saved to ./checkpoints/burgers_exact\2026-03-04_17-25-31-092991\model.pth
Iteration: 9900, loss_r = 1.7e-06 ,  loss_bc = 8.0e-07,  loss_ic = 1.5e-06,  lr = 9.0e-04, time_taken = 8.1e-01, rel_l2_error = 1.1e-02
Model state saved to ./checkpoints/burgers_exact\2026-03-04_17-25-31-092991\model.pth

=== Switching to LBFGS optimizer at iteration 10000 ===
Using scipy L-BFGS-B optimizer (bburgers_hybrid_trainer.py approach)
Optimizer: L-BFGS-B (maxiter=10000, factr=1000.0, m=100, maxls=50, pgtol=1e-14)
L-BFGS Iteration: 0, Loss: 7.048228e-06
L-BFGS Iteration: 1, Loss: 4.035570e-06, Relative L2 Error: 5.990458e-03
L-BFGS: Time for 100 iterations = 406.2506 s
L-BFGS Iteration: 100, Loss: 1.928932e-06, Relative L2 Error: 4.158473e-03
L-BFGS Iteration: 200, Loss: 1.115902e-06, Relative L2 Error: 2.241864e-03
L-BFGS Iteration: 300, Loss: 5.846233e-07, Relative L2 Error: 1.673897e-03
L-BFGS Iteration: 400, Loss: 3.705842e-07, Relative L2 Error: 1.100243e-03
L-BFGS Iteration: 500, Loss: 2.771925e-07, Relative L2 Error: 1.041395e-03
L-BFGS Iteration: 600, Loss: 1.775345e-07, Relative L2 Error: 9.279555e-04
L-BFGS Iteration: 700, Loss: 1.255243e-07, Relative L2 Error: 7.436819e-04
L-BFGS Iteration: 800, Loss: 1.044579e-07, Relative L2 Error: 5.988480e-04
L-BFGS Iteration: 900, Loss: 7.665647e-08, Relative L2 Error: 5.853035e-04
L-BFGS optimization finished after 936 iterations.
L-BFGS training completed after 936 iterations
Model state saved to ./checkpoints/burgers_exact\2026-03-04_17-25-31-092991\model.pth
Training completed successfully!
Evaluating on 40000 points using chunk size 500
RelL2_U%  : 5.812e-02 
