Random seed set to: 88
Solving 3D heat equation u_t = alpha (u_{xx}+u_{yy}+u_{zz}) on [0,1]^3 with homogeneous Dirichlet BC
checkpoint path: self.log_path='./checkpoints/heat3d_exact\\2026-03-05_17-52-25-600415'
Using Classical Solver2
The settings used:
batch_size : 64
epochs : 20000
lr : 0.001
seed : 88
print_every : 100
log_path : ./checkpoints/heat3d_exact
input_dim : 4
output_dim : 1
num_qubits : 5
hidden_dim : 20
num_quantum_layers : 1
classic_network : [4, 20, 1]
q_ansatz : cross_mesh
mode : hybrid
activation : tanh
shots : None
problem : heat3d_exact
solver : Classical2
device : cpu
method : None
cutoff_dim : 20
class : CVNeuralNetwork1
encoding : angle
use_rar : True
rar_eval_freq : 2000
rar_threshold : 0.0005
rar_num_candidates : 10000
rar_num_add : 100
use_hybrid_optimizer : True
adam_iterations : 10000
use_scipy_lbfgs : True
lbfgs_lr : 1
lbfgs_line_search : strong_wolfe
lbfgs_tolerance_grad : 1e-05
lbfgs_tolerance_change : 1e-07
lbfgs_maxiter : 10000
lbfgs_factr : 1000.0
lbfgs_pgtol : 1e-14
lbfgs_maxls : 50
lbfgs_m : 100
lbfgs_eval_every : 100
domainN : 500
boundaryN : 50
initialN : 50
eval_total_points : 10000
nx : 200
nt : 200
y0 : 0.5
z0 : 0.5
alpha : 0.1
Total number of parameters: 2221
Iteration: 0, loss_r = 3.4e-03 ,  loss_bc = 7.0e-02,  loss_ic = 1.2e-01,  lr = 1.0e-03, time_taken = 6.0e-02, rel_l2_error = 1.1e+00
Model state saved to ./checkpoints/heat3d_exact\2026-03-05_17-52-25-600415\model.pth
Iteration: 100, loss_r = 5.5e-03 ,  loss_bc = 1.2e-02,  loss_ic = 9.0e-02,  lr = 1.0e-03, time_taken = 4.3e-02, rel_l2_error = 7.4e-01
Model state saved to ./checkpoints/heat3d_exact\2026-03-05_17-52-25-600415\model.pth
Iteration: 200, loss_r = 5.2e-03 ,  loss_bc = 1.3e-02,  loss_ic = 4.8e-02,  lr = 1.0e-03, time_taken = 2.7e-02, rel_l2_error = 6.5e-01
Model state saved to ./checkpoints/heat3d_exact\2026-03-05_17-52-25-600415\model.pth
Iteration: 300, loss_r = 3.5e-03 ,  loss_bc = 1.1e-02,  loss_ic = 3.6e-02,  lr = 1.0e-03, time_taken = 2.5e-02, rel_l2_error = 5.7e-01
Model state saved to ./checkpoints/heat3d_exact\2026-03-05_17-52-25-600415\model.pth
Iteration: 400, loss_r = 4.1e-03 ,  loss_bc = 9.6e-03,  loss_ic = 4.0e-02,  lr = 1.0e-03, time_taken = 4.0e-02, rel_l2_error = 5.1e-01
Model state saved to ./checkpoints/heat3d_exact\2026-03-05_17-52-25-600415\model.pth
Iteration: 500, loss_r = 4.2e-03 ,  loss_bc = 1.1e-02,  loss_ic = 1.2e-02,  lr = 1.0e-03, time_taken = 4.3e-02, rel_l2_error = 4.4e-01
Model state saved to ./checkpoints/heat3d_exact\2026-03-05_17-52-25-600415\model.pth
Iteration: 600, loss_r = 2.4e-03 ,  loss_bc = 6.4e-03,  loss_ic = 7.2e-03,  lr = 1.0e-03, time_taken = 3.4e-02, rel_l2_error = 3.7e-01
Model state saved to ./checkpoints/heat3d_exact\2026-03-05_17-52-25-600415\model.pth
Iteration: 700, loss_r = 4.5e-03 ,  loss_bc = 6.1e-03,  loss_ic = 5.1e-03,  lr = 1.0e-03, time_taken = 5.2e-02, rel_l2_error = 2.9e-01
Model state saved to ./checkpoints/heat3d_exact\2026-03-05_17-52-25-600415\model.pth
Iteration: 800, loss_r = 2.0e-03 ,  loss_bc = 4.9e-03,  loss_ic = 7.0e-03,  lr = 1.0e-03, time_taken = 5.9e-02, rel_l2_error = 2.8e-01
Model state saved to ./checkpoints/heat3d_exact\2026-03-05_17-52-25-600415\model.pth
Iteration: 900, loss_r = 3.9e-03 ,  loss_bc = 4.0e-03,  loss_ic = 3.9e-03,  lr = 1.0e-03, time_taken = 3.6e-02, rel_l2_error = 2.5e-01
Model state saved to ./checkpoints/heat3d_exact\2026-03-05_17-52-25-600415\model.pth
Iteration: 1000, loss_r = 5.0e-03 ,  loss_bc = 4.0e-03,  loss_ic = 3.1e-03,  lr = 1.0e-03, time_taken = 3.5e-02, rel_l2_error = 2.4e-01
Model state saved to ./checkpoints/heat3d_exact\2026-03-05_17-52-25-600415\model.pth
Iteration: 1100, loss_r = 2.7e-03 ,  loss_bc = 3.2e-03,  loss_ic = 1.6e-03,  lr = 1.0e-03, time_taken = 4.9e-02, rel_l2_error = 2.2e-01
Model state saved to ./checkpoints/heat3d_exact\2026-03-05_17-52-25-600415\model.pth
Iteration: 1200, loss_r = 2.8e-03 ,  loss_bc = 2.6e-03,  loss_ic = 1.8e-03,  lr = 1.0e-03, time_taken = 4.8e-02, rel_l2_error = 2.3e-01
Model state saved to ./checkpoints/heat3d_exact\2026-03-05_17-52-25-600415\model.pth
Iteration: 1300, loss_r = 1.4e-03 ,  loss_bc = 3.1e-03,  loss_ic = 1.6e-03,  lr = 1.0e-03, time_taken = 4.9e-02, rel_l2_error = 2.2e-01
Model state saved to ./checkpoints/heat3d_exact\2026-03-05_17-52-25-600415\model.pth
Iteration: 1400, loss_r = 3.8e-03 ,  loss_bc = 2.1e-03,  loss_ic = 2.7e-03,  lr = 1.0e-03, time_taken = 5.0e-02, rel_l2_error = 2.1e-01
Model state saved to ./checkpoints/heat3d_exact\2026-03-05_17-52-25-600415\model.pth
Iteration: 1500, loss_r = 2.8e-03 ,  loss_bc = 2.7e-03,  loss_ic = 1.9e-03,  lr = 1.0e-03, time_taken = 5.3e-02, rel_l2_error = 2.0e-01
Model state saved to ./checkpoints/heat3d_exact\2026-03-05_17-52-25-600415\model.pth
Iteration: 1600, loss_r = 1.4e-03 ,  loss_bc = 2.6e-03,  loss_ic = 1.8e-03,  lr = 1.0e-03, time_taken = 5.1e-02, rel_l2_error = 2.0e-01
Model state saved to ./checkpoints/heat3d_exact\2026-03-05_17-52-25-600415\model.pth
Iteration: 1700, loss_r = 1.7e-03 ,  loss_bc = 2.1e-03,  loss_ic = 1.6e-03,  lr = 1.0e-03, time_taken = 4.7e-02, rel_l2_error = 2.0e-01
Model state saved to ./checkpoints/heat3d_exact\2026-03-05_17-52-25-600415\model.pth
Iteration: 1800, loss_r = 1.6e-03 ,  loss_bc = 2.0e-03,  loss_ic = 1.6e-03,  lr = 1.0e-03, time_taken = 5.2e-02, rel_l2_error = 2.0e-01
Model state saved to ./checkpoints/heat3d_exact\2026-03-05_17-52-25-600415\model.pth
Iteration: 1900, loss_r = 2.7e-03 ,  loss_bc = 1.8e-03,  loss_ic = 1.5e-03,  lr = 1.0e-03, time_taken = 5.3e-02, rel_l2_error = 2.2e-01
Model state saved to ./checkpoints/heat3d_exact\2026-03-05_17-52-25-600415\model.pth
Iteration: 2000, loss_r = 1.9e-03 ,  loss_bc = 1.6e-03,  loss_ic = 8.6e-04,  lr = 1.0e-03, time_taken = 6.6e-02, rel_l2_error = 1.9e-01
Model state saved to ./checkpoints/heat3d_exact\2026-03-05_17-52-25-600415\model.pth

=== RAR Evaluation at iteration 2000 ===
Mean residual: 3.693e-02
Added 100 point(s). Total adaptive points: 100

Iteration: 2100, loss_r = 2.5e-03 ,  loss_bc = 2.7e-03,  loss_ic = 1.5e-03,  lr = 1.0e-03, time_taken = 4.1e-02, rel_l2_error = 2.1e-01
Model state saved to ./checkpoints/heat3d_exact\2026-03-05_17-52-25-600415\model.pth
Iteration: 2200, loss_r = 2.3e-03 ,  loss_bc = 3.3e-03,  loss_ic = 1.4e-03,  lr = 1.0e-03, time_taken = 8.0e-02, rel_l2_error = 2.3e-01
Model state saved to ./checkpoints/heat3d_exact\2026-03-05_17-52-25-600415\model.pth
Iteration: 2300, loss_r = 2.2e-03 ,  loss_bc = 3.3e-03,  loss_ic = 1.0e-03,  lr = 1.0e-03, time_taken = 3.8e-02, rel_l2_error = 1.9e-01
Model state saved to ./checkpoints/heat3d_exact\2026-03-05_17-52-25-600415\model.pth
Iteration: 2400, loss_r = 2.1e-03 ,  loss_bc = 2.2e-03,  loss_ic = 8.5e-04,  lr = 1.0e-03, time_taken = 5.5e-02, rel_l2_error = 1.7e-01
Model state saved to ./checkpoints/heat3d_exact\2026-03-05_17-52-25-600415\model.pth
Iteration: 2500, loss_r = 2.2e-03 ,  loss_bc = 2.5e-03,  loss_ic = 1.3e-03,  lr = 1.0e-03, time_taken = 3.1e-02, rel_l2_error = 1.7e-01
Model state saved to ./checkpoints/heat3d_exact\2026-03-05_17-52-25-600415\model.pth
Iteration: 2600, loss_r = 1.7e-03 ,  loss_bc = 2.3e-03,  loss_ic = 9.0e-04,  lr = 1.0e-03, time_taken = 4.5e-02, rel_l2_error = 1.8e-01
Model state saved to ./checkpoints/heat3d_exact\2026-03-05_17-52-25-600415\model.pth
Iteration: 2700, loss_r = 1.8e-03 ,  loss_bc = 2.0e-03,  loss_ic = 1.2e-03,  lr = 1.0e-03, time_taken = 4.0e-02, rel_l2_error = 1.7e-01
Model state saved to ./checkpoints/heat3d_exact\2026-03-05_17-52-25-600415\model.pth
Iteration: 2800, loss_r = 1.8e-03 ,  loss_bc = 2.3e-03,  loss_ic = 7.6e-04,  lr = 1.0e-03, time_taken = 4.4e-02, rel_l2_error = 1.8e-01
Model state saved to ./checkpoints/heat3d_exact\2026-03-05_17-52-25-600415\model.pth
Iteration: 2900, loss_r = 1.5e-03 ,  loss_bc = 2.0e-03,  loss_ic = 1.1e-03,  lr = 1.0e-03, time_taken = 3.7e-02, rel_l2_error = 1.7e-01
Model state saved to ./checkpoints/heat3d_exact\2026-03-05_17-52-25-600415\model.pth
Iteration: 3000, loss_r = 2.4e-03 ,  loss_bc = 1.6e-03,  loss_ic = 6.6e-04,  lr = 9.0e-04, time_taken = 3.9e-02, rel_l2_error = 1.6e-01
Model state saved to ./checkpoints/heat3d_exact\2026-03-05_17-52-25-600415\model.pth
Iteration: 3100, loss_r = 1.5e-03 ,  loss_bc = 2.0e-03,  loss_ic = 6.5e-04,  lr = 9.0e-04, time_taken = 3.9e-02, rel_l2_error = 1.5e-01
Model state saved to ./checkpoints/heat3d_exact\2026-03-05_17-52-25-600415\model.pth
Iteration: 3200, loss_r = 1.4e-03 ,  loss_bc = 1.6e-03,  loss_ic = 8.5e-04,  lr = 9.0e-04, time_taken = 5.0e-02, rel_l2_error = 1.5e-01
Model state saved to ./checkpoints/heat3d_exact\2026-03-05_17-52-25-600415\model.pth
Iteration: 3300, loss_r = 9.6e-04 ,  loss_bc = 1.4e-03,  loss_ic = 9.0e-04,  lr = 9.0e-04, time_taken = 4.5e-02, rel_l2_error = 1.5e-01
Model state saved to ./checkpoints/heat3d_exact\2026-03-05_17-52-25-600415\model.pth
Iteration: 3400, loss_r = 1.1e-03 ,  loss_bc = 1.2e-03,  loss_ic = 9.7e-04,  lr = 9.0e-04, time_taken = 4.5e-02, rel_l2_error = 1.5e-01
Model state saved to ./checkpoints/heat3d_exact\2026-03-05_17-52-25-600415\model.pth
Iteration: 3500, loss_r = 1.1e-03 ,  loss_bc = 1.6e-03,  loss_ic = 4.8e-04,  lr = 9.0e-04, time_taken = 3.9e-02, rel_l2_error = 1.3e-01
Model state saved to ./checkpoints/heat3d_exact\2026-03-05_17-52-25-600415\model.pth
Iteration: 3600, loss_r = 1.1e-03 ,  loss_bc = 1.3e-03,  loss_ic = 7.8e-04,  lr = 9.0e-04, time_taken = 4.2e-02, rel_l2_error = 1.3e-01
Model state saved to ./checkpoints/heat3d_exact\2026-03-05_17-52-25-600415\model.pth
Iteration: 3700, loss_r = 1.2e-03 ,  loss_bc = 1.3e-03,  loss_ic = 4.7e-04,  lr = 9.0e-04, time_taken = 6.6e-02, rel_l2_error = 1.4e-01
Model state saved to ./checkpoints/heat3d_exact\2026-03-05_17-52-25-600415\model.pth
Iteration: 3800, loss_r = 1.4e-03 ,  loss_bc = 9.6e-04,  loss_ic = 4.8e-04,  lr = 9.0e-04, time_taken = 5.9e-02, rel_l2_error = 1.2e-01
Model state saved to ./checkpoints/heat3d_exact\2026-03-05_17-52-25-600415\model.pth
Iteration: 3900, loss_r = 1.3e-03 ,  loss_bc = 1.6e-03,  loss_ic = 6.3e-04,  lr = 9.0e-04, time_taken = 5.6e-02, rel_l2_error = 1.2e-01
Model state saved to ./checkpoints/heat3d_exact\2026-03-05_17-52-25-600415\model.pth
Iteration: 4000, loss_r = 1.2e-03 ,  loss_bc = 1.1e-03,  loss_ic = 3.8e-04,  lr = 9.0e-04, time_taken = 4.3e-02, rel_l2_error = 1.1e-01
Model state saved to ./checkpoints/heat3d_exact\2026-03-05_17-52-25-600415\model.pth

=== RAR Evaluation at iteration 4000 ===
Mean residual: 2.468e-02
Added 100 point(s). Total adaptive points: 200

Iteration: 4100, loss_r = 1.5e-03 ,  loss_bc = 1.1e-03,  loss_ic = 5.3e-04,  lr = 9.0e-04, time_taken = 8.8e-02, rel_l2_error = 1.2e-01
Model state saved to ./checkpoints/heat3d_exact\2026-03-05_17-52-25-600415\model.pth
Iteration: 4200, loss_r = 1.3e-03 ,  loss_bc = 1.6e-03,  loss_ic = 3.6e-04,  lr = 9.0e-04, time_taken = 6.4e-02, rel_l2_error = 1.3e-01
Model state saved to ./checkpoints/heat3d_exact\2026-03-05_17-52-25-600415\model.pth
Iteration: 4300, loss_r = 9.7e-04 ,  loss_bc = 1.4e-03,  loss_ic = 5.3e-04,  lr = 9.0e-04, time_taken = 6.5e-02, rel_l2_error = 1.2e-01
Model state saved to ./checkpoints/heat3d_exact\2026-03-05_17-52-25-600415\model.pth
Iteration: 4400, loss_r = 8.3e-04 ,  loss_bc = 1.2e-03,  loss_ic = 2.8e-04,  lr = 9.0e-04, time_taken = 4.3e-02, rel_l2_error = 1.3e-01
Model state saved to ./checkpoints/heat3d_exact\2026-03-05_17-52-25-600415\model.pth
Iteration: 4500, loss_r = 6.3e-04 ,  loss_bc = 9.5e-04,  loss_ic = 3.0e-04,  lr = 9.0e-04, time_taken = 5.1e-02, rel_l2_error = 1.1e-01
Model state saved to ./checkpoints/heat3d_exact\2026-03-05_17-52-25-600415\model.pth
Iteration: 4600, loss_r = 1.0e-03 ,  loss_bc = 8.0e-04,  loss_ic = 2.9e-04,  lr = 9.0e-04, time_taken = 4.4e-02, rel_l2_error = 1.1e-01
Model state saved to ./checkpoints/heat3d_exact\2026-03-05_17-52-25-600415\model.pth
Iteration: 4700, loss_r = 1.3e-03 ,  loss_bc = 1.3e-03,  loss_ic = 3.3e-04,  lr = 9.0e-04, time_taken = 5.7e-02, rel_l2_error = 1.1e-01
Model state saved to ./checkpoints/heat3d_exact\2026-03-05_17-52-25-600415\model.pth
Iteration: 4800, loss_r = 7.0e-04 ,  loss_bc = 7.7e-04,  loss_ic = 3.2e-04,  lr = 9.0e-04, time_taken = 4.8e-02, rel_l2_error = 1.0e-01
Model state saved to ./checkpoints/heat3d_exact\2026-03-05_17-52-25-600415\model.pth
Iteration: 4900, loss_r = 5.4e-04 ,  loss_bc = 6.8e-04,  loss_ic = 4.5e-04,  lr = 9.0e-04, time_taken = 6.4e-02, rel_l2_error = 1.0e-01
Model state saved to ./checkpoints/heat3d_exact\2026-03-05_17-52-25-600415\model.pth
Iteration: 5000, loss_r = 5.9e-04 ,  loss_bc = 7.6e-04,  loss_ic = 2.6e-04,  lr = 9.0e-04, time_taken = 5.6e-02, rel_l2_error = 1.0e-01
Model state saved to ./checkpoints/heat3d_exact\2026-03-05_17-52-25-600415\model.pth
Iteration: 5100, loss_r = 8.7e-04 ,  loss_bc = 1.0e-03,  loss_ic = 2.5e-04,  lr = 9.0e-04, time_taken = 6.0e-02, rel_l2_error = 9.2e-02
Model state saved to ./checkpoints/heat3d_exact\2026-03-05_17-52-25-600415\model.pth
Iteration: 5200, loss_r = 5.6e-04 ,  loss_bc = 9.6e-04,  loss_ic = 2.0e-04,  lr = 9.0e-04, time_taken = 5.4e-02, rel_l2_error = 1.1e-01
Model state saved to ./checkpoints/heat3d_exact\2026-03-05_17-52-25-600415\model.pth
Iteration: 5300, loss_r = 3.4e-04 ,  loss_bc = 5.2e-04,  loss_ic = 2.5e-04,  lr = 9.0e-04, time_taken = 4.9e-02, rel_l2_error = 8.6e-02
Model state saved to ./checkpoints/heat3d_exact\2026-03-05_17-52-25-600415\model.pth
Iteration: 5400, loss_r = 1.0e-03 ,  loss_bc = 6.8e-04,  loss_ic = 2.1e-04,  lr = 9.0e-04, time_taken = 6.0e-02, rel_l2_error = 1.1e-01
Model state saved to ./checkpoints/heat3d_exact\2026-03-05_17-52-25-600415\model.pth
Iteration: 5500, loss_r = 5.7e-04 ,  loss_bc = 6.1e-04,  loss_ic = 1.9e-04,  lr = 9.0e-04, time_taken = 5.6e-02, rel_l2_error = 8.3e-02
Model state saved to ./checkpoints/heat3d_exact\2026-03-05_17-52-25-600415\model.pth
Iteration: 5600, loss_r = 6.2e-04 ,  loss_bc = 1.2e-03,  loss_ic = 2.5e-04,  lr = 9.0e-04, time_taken = 6.4e-02, rel_l2_error = 8.9e-02
Model state saved to ./checkpoints/heat3d_exact\2026-03-05_17-52-25-600415\model.pth
Iteration: 5700, loss_r = 8.4e-04 ,  loss_bc = 1.4e-03,  loss_ic = 1.8e-04,  lr = 9.0e-04, time_taken = 5.6e-02, rel_l2_error = 1.0e-01
Model state saved to ./checkpoints/heat3d_exact\2026-03-05_17-52-25-600415\model.pth
Iteration: 5800, loss_r = 5.4e-04 ,  loss_bc = 4.5e-04,  loss_ic = 1.9e-04,  lr = 9.0e-04, time_taken = 1.3e-01, rel_l2_error = 8.5e-02
Model state saved to ./checkpoints/heat3d_exact\2026-03-05_17-52-25-600415\model.pth
Iteration: 5900, loss_r = 3.5e-04 ,  loss_bc = 4.5e-04,  loss_ic = 1.3e-04,  lr = 9.0e-04, time_taken = 2.2e-01, rel_l2_error = 8.6e-02
Model state saved to ./checkpoints/heat3d_exact\2026-03-05_17-52-25-600415\model.pth
Iteration: 6000, loss_r = 5.8e-04 ,  loss_bc = 3.4e-04,  loss_ic = 1.2e-04,  lr = 9.0e-04, time_taken = 7.7e-02, rel_l2_error = 8.2e-02
Model state saved to ./checkpoints/heat3d_exact\2026-03-05_17-52-25-600415\model.pth

=== RAR Evaluation at iteration 6000 ===
Mean residual: 1.454e-02
Added 100 point(s). Total adaptive points: 300

Iteration: 6100, loss_r = 9.7e-04 ,  loss_bc = 4.7e-04,  loss_ic = 1.3e-04,  lr = 9.0e-04, time_taken = 7.7e-02, rel_l2_error = 1.2e-01
Model state saved to ./checkpoints/heat3d_exact\2026-03-05_17-52-25-600415\model.pth
Iteration: 6200, loss_r = 8.0e-04 ,  loss_bc = 3.5e-04,  loss_ic = 2.3e-04,  lr = 9.0e-04, time_taken = 7.6e-02, rel_l2_error = 8.1e-02
Model state saved to ./checkpoints/heat3d_exact\2026-03-05_17-52-25-600415\model.pth
Iteration: 6300, loss_r = 8.5e-04 ,  loss_bc = 6.4e-04,  loss_ic = 1.9e-04,  lr = 9.0e-04, time_taken = 8.0e-02, rel_l2_error = 8.1e-02
Model state saved to ./checkpoints/heat3d_exact\2026-03-05_17-52-25-600415\model.pth
Iteration: 6400, loss_r = 5.5e-04 ,  loss_bc = 4.3e-04,  loss_ic = 1.4e-04,  lr = 9.0e-04, time_taken = 8.1e-02, rel_l2_error = 8.1e-02
Model state saved to ./checkpoints/heat3d_exact\2026-03-05_17-52-25-600415\model.pth
Iteration: 6500, loss_r = 5.3e-04 ,  loss_bc = 5.0e-04,  loss_ic = 1.9e-04,  lr = 9.0e-04, time_taken = 7.2e-02, rel_l2_error = 7.3e-02
Model state saved to ./checkpoints/heat3d_exact\2026-03-05_17-52-25-600415\model.pth
Iteration: 6600, loss_r = 5.6e-04 ,  loss_bc = 4.5e-04,  loss_ic = 1.6e-04,  lr = 9.0e-04, time_taken = 9.8e-02, rel_l2_error = 7.9e-02
Model state saved to ./checkpoints/heat3d_exact\2026-03-05_17-52-25-600415\model.pth
Iteration: 6700, loss_r = 3.5e-04 ,  loss_bc = 4.2e-04,  loss_ic = 1.6e-04,  lr = 9.0e-04, time_taken = 1.1e-01, rel_l2_error = 7.8e-02
Model state saved to ./checkpoints/heat3d_exact\2026-03-05_17-52-25-600415\model.pth
Iteration: 6800, loss_r = 4.8e-04 ,  loss_bc = 5.5e-04,  loss_ic = 2.2e-04,  lr = 9.0e-04, time_taken = 8.2e-02, rel_l2_error = 9.0e-02
Model state saved to ./checkpoints/heat3d_exact\2026-03-05_17-52-25-600415\model.pth
Iteration: 6900, loss_r = 4.9e-04 ,  loss_bc = 3.6e-04,  loss_ic = 8.9e-05,  lr = 9.0e-04, time_taken = 1.0e-01, rel_l2_error = 8.0e-02
Model state saved to ./checkpoints/heat3d_exact\2026-03-05_17-52-25-600415\model.pth
Iteration: 7000, loss_r = 5.5e-04 ,  loss_bc = 3.1e-04,  loss_ic = 1.1e-04,  lr = 9.0e-04, time_taken = 1.0e-01, rel_l2_error = 7.1e-02
Model state saved to ./checkpoints/heat3d_exact\2026-03-05_17-52-25-600415\model.pth
Iteration: 7100, loss_r = 5.1e-04 ,  loss_bc = 7.9e-04,  loss_ic = 1.1e-04,  lr = 9.0e-04, time_taken = 7.1e-02, rel_l2_error = 7.5e-02
Model state saved to ./checkpoints/heat3d_exact\2026-03-05_17-52-25-600415\model.pth
Iteration: 7200, loss_r = 2.5e-04 ,  loss_bc = 4.0e-04,  loss_ic = 2.0e-04,  lr = 9.0e-04, time_taken = 6.4e-02, rel_l2_error = 6.5e-02
Model state saved to ./checkpoints/heat3d_exact\2026-03-05_17-52-25-600415\model.pth
Iteration: 7300, loss_r = 3.2e-04 ,  loss_bc = 4.8e-04,  loss_ic = 2.1e-04,  lr = 9.0e-04, time_taken = 9.0e-02, rel_l2_error = 7.2e-02
Model state saved to ./checkpoints/heat3d_exact\2026-03-05_17-52-25-600415\model.pth
Iteration: 7400, loss_r = 5.2e-04 ,  loss_bc = 8.8e-04,  loss_ic = 1.9e-04,  lr = 9.0e-04, time_taken = 7.2e-02, rel_l2_error = 8.5e-02
Model state saved to ./checkpoints/heat3d_exact\2026-03-05_17-52-25-600415\model.pth
Iteration: 7500, loss_r = 3.9e-04 ,  loss_bc = 3.2e-04,  loss_ic = 9.6e-05,  lr = 9.0e-04, time_taken = 1.1e-01, rel_l2_error = 7.3e-02
Model state saved to ./checkpoints/heat3d_exact\2026-03-05_17-52-25-600415\model.pth
Iteration: 7600, loss_r = 3.4e-04 ,  loss_bc = 3.3e-04,  loss_ic = 1.3e-04,  lr = 9.0e-04, time_taken = 7.4e-02, rel_l2_error = 1.0e-01
Model state saved to ./checkpoints/heat3d_exact\2026-03-05_17-52-25-600415\model.pth
Iteration: 7700, loss_r = 4.8e-04 ,  loss_bc = 4.2e-04,  loss_ic = 5.6e-05,  lr = 9.0e-04, time_taken = 8.8e-02, rel_l2_error = 8.1e-02
Model state saved to ./checkpoints/heat3d_exact\2026-03-05_17-52-25-600415\model.pth
Iteration: 7800, loss_r = 4.0e-04 ,  loss_bc = 3.3e-04,  loss_ic = 1.1e-04,  lr = 9.0e-04, time_taken = 8.0e-02, rel_l2_error = 6.6e-02
Model state saved to ./checkpoints/heat3d_exact\2026-03-05_17-52-25-600415\model.pth
Iteration: 7900, loss_r = 2.5e-04 ,  loss_bc = 2.3e-04,  loss_ic = 1.2e-04,  lr = 9.0e-04, time_taken = 6.8e-02, rel_l2_error = 6.2e-02
Model state saved to ./checkpoints/heat3d_exact\2026-03-05_17-52-25-600415\model.pth
Iteration: 8000, loss_r = 3.1e-04 ,  loss_bc = 3.3e-04,  loss_ic = 1.3e-04,  lr = 9.0e-04, time_taken = 8.2e-02, rel_l2_error = 7.9e-02
Model state saved to ./checkpoints/heat3d_exact\2026-03-05_17-52-25-600415\model.pth

=== RAR Evaluation at iteration 8000 ===
Mean residual: 1.037e-02
Added 100 point(s). Total adaptive points: 400

Iteration: 8100, loss_r = 7.1e-04 ,  loss_bc = 5.5e-04,  loss_ic = 2.2e-04,  lr = 9.0e-04, time_taken = 7.2e-02, rel_l2_error = 9.3e-02
Model state saved to ./checkpoints/heat3d_exact\2026-03-05_17-52-25-600415\model.pth
Iteration: 8200, loss_r = 4.6e-04 ,  loss_bc = 8.1e-04,  loss_ic = 9.1e-05,  lr = 9.0e-04, time_taken = 7.3e-02, rel_l2_error = 6.6e-02
Model state saved to ./checkpoints/heat3d_exact\2026-03-05_17-52-25-600415\model.pth
Iteration: 8300, loss_r = 5.1e-04 ,  loss_bc = 2.4e-04,  loss_ic = 1.4e-04,  lr = 9.0e-04, time_taken = 8.5e-02, rel_l2_error = 9.5e-02
Model state saved to ./checkpoints/heat3d_exact\2026-03-05_17-52-25-600415\model.pth
Iteration: 8400, loss_r = 4.5e-04 ,  loss_bc = 2.6e-04,  loss_ic = 1.5e-04,  lr = 9.0e-04, time_taken = 6.7e-02, rel_l2_error = 7.4e-02
Model state saved to ./checkpoints/heat3d_exact\2026-03-05_17-52-25-600415\model.pth
Iteration: 8500, loss_r = 3.8e-04 ,  loss_bc = 4.5e-04,  loss_ic = 8.7e-05,  lr = 9.0e-04, time_taken = 9.8e-02, rel_l2_error = 7.0e-02
Model state saved to ./checkpoints/heat3d_exact\2026-03-05_17-52-25-600415\model.pth
Iteration: 8600, loss_r = 4.9e-04 ,  loss_bc = 3.2e-04,  loss_ic = 8.7e-05,  lr = 9.0e-04, time_taken = 9.9e-02, rel_l2_error = 6.6e-02
Model state saved to ./checkpoints/heat3d_exact\2026-03-05_17-52-25-600415\model.pth
Iteration: 8700, loss_r = 3.5e-04 ,  loss_bc = 2.0e-04,  loss_ic = 7.9e-05,  lr = 9.0e-04, time_taken = 6.8e-02, rel_l2_error = 6.2e-02
Model state saved to ./checkpoints/heat3d_exact\2026-03-05_17-52-25-600415\model.pth
Iteration: 8800, loss_r = 4.3e-04 ,  loss_bc = 2.5e-04,  loss_ic = 1.7e-04,  lr = 9.0e-04, time_taken = 6.9e-02, rel_l2_error = 6.8e-02
Model state saved to ./checkpoints/heat3d_exact\2026-03-05_17-52-25-600415\model.pth
Iteration: 8900, loss_r = 4.5e-04 ,  loss_bc = 2.9e-04,  loss_ic = 1.1e-04,  lr = 8.1e-04, time_taken = 7.2e-02, rel_l2_error = 6.2e-02
Model state saved to ./checkpoints/heat3d_exact\2026-03-05_17-52-25-600415\model.pth
Iteration: 9000, loss_r = 1.7e-04 ,  loss_bc = 2.2e-04,  loss_ic = 9.3e-05,  lr = 8.1e-04, time_taken = 9.6e-02, rel_l2_error = 6.8e-02
Model state saved to ./checkpoints/heat3d_exact\2026-03-05_17-52-25-600415\model.pth
Iteration: 9100, loss_r = 3.6e-04 ,  loss_bc = 2.1e-04,  loss_ic = 1.1e-04,  lr = 8.1e-04, time_taken = 1.0e-01, rel_l2_error = 6.1e-02
Model state saved to ./checkpoints/heat3d_exact\2026-03-05_17-52-25-600415\model.pth
Iteration: 9200, loss_r = 2.5e-04 ,  loss_bc = 2.2e-04,  loss_ic = 1.1e-04,  lr = 8.1e-04, time_taken = 8.0e-02, rel_l2_error = 6.2e-02
Model state saved to ./checkpoints/heat3d_exact\2026-03-05_17-52-25-600415\model.pth
Iteration: 9300, loss_r = 4.6e-04 ,  loss_bc = 3.3e-04,  loss_ic = 9.3e-05,  lr = 8.1e-04, time_taken = 9.0e-02, rel_l2_error = 6.7e-02
Model state saved to ./checkpoints/heat3d_exact\2026-03-05_17-52-25-600415\model.pth
Iteration: 9400, loss_r = 2.7e-04 ,  loss_bc = 3.0e-04,  loss_ic = 8.2e-05,  lr = 8.1e-04, time_taken = 9.7e-02, rel_l2_error = 5.7e-02
Model state saved to ./checkpoints/heat3d_exact\2026-03-05_17-52-25-600415\model.pth
Iteration: 9500, loss_r = 3.9e-04 ,  loss_bc = 3.0e-04,  loss_ic = 1.4e-04,  lr = 8.1e-04, time_taken = 9.6e-02, rel_l2_error = 6.5e-02
Model state saved to ./checkpoints/heat3d_exact\2026-03-05_17-52-25-600415\model.pth
Iteration: 9600, loss_r = 4.7e-04 ,  loss_bc = 2.7e-04,  loss_ic = 5.9e-05,  lr = 8.1e-04, time_taken = 5.2e-02, rel_l2_error = 6.4e-02
Model state saved to ./checkpoints/heat3d_exact\2026-03-05_17-52-25-600415\model.pth
Iteration: 9700, loss_r = 3.0e-04 ,  loss_bc = 4.6e-04,  loss_ic = 9.7e-05,  lr = 8.1e-04, time_taken = 1.5e-01, rel_l2_error = 6.4e-02
Model state saved to ./checkpoints/heat3d_exact\2026-03-05_17-52-25-600415\model.pth
Iteration: 9800, loss_r = 6.0e-04 ,  loss_bc = 3.6e-04,  loss_ic = 1.2e-04,  lr = 8.1e-04, time_taken = 7.4e-02, rel_l2_error = 6.8e-02
Model state saved to ./checkpoints/heat3d_exact\2026-03-05_17-52-25-600415\model.pth
Iteration: 9900, loss_r = 3.4e-04 ,  loss_bc = 3.8e-04,  loss_ic = 9.0e-05,  lr = 8.1e-04, time_taken = 9.6e-02, rel_l2_error = 6.5e-02
Model state saved to ./checkpoints/heat3d_exact\2026-03-05_17-52-25-600415\model.pth

=== Switching to LBFGS optimizer at iteration 10000 ===
Using scipy L-BFGS-B optimizer
Optimizer: L-BFGS-B (maxiter=10000, factr=1000.0, m=100, maxls=50, pgtol=1e-14)
L-BFGS Iteration: 0, Loss: 8.098013e-04
L-BFGS Iteration: 1, Loss: 4.476141e-04, Relative L2 Error: 5.406474e-02
L-BFGS: Time for 100 iterations = 475.9513 s
L-BFGS Iteration: 100, Loss: 1.864053e-04, Relative L2 Error: 4.870314e-02
L-BFGS Iteration: 200, Loss: 1.061588e-04, Relative L2 Error: 3.756347e-02
L-BFGS Iteration: 300, Loss: 7.163476e-05, Relative L2 Error: 3.388324e-02
L-BFGS Iteration: 400, Loss: 5.324709e-05, Relative L2 Error: 3.379493e-02
L-BFGS Iteration: 500, Loss: 4.088175e-05, Relative L2 Error: 3.169914e-02
L-BFGS Iteration: 600, Loss: 3.291812e-05, Relative L2 Error: 2.987069e-02
L-BFGS Iteration: 700, Loss: 2.780609e-05, Relative L2 Error: 2.963421e-02
L-BFGS Iteration: 800, Loss: 2.414215e-05, Relative L2 Error: 2.932824e-02
L-BFGS Iteration: 900, Loss: 2.143543e-05, Relative L2 Error: 2.749242e-02
L-BFGS Iteration: 1000, Loss: 1.879274e-05, Relative L2 Error: 2.716409e-02
L-BFGS Iteration: 1100, Loss: 1.676697e-05, Relative L2 Error: 2.699228e-02
L-BFGS Iteration: 1200, Loss: 1.509736e-05, Relative L2 Error: 2.584535e-02
L-BFGS Iteration: 1300, Loss: 1.350360e-05, Relative L2 Error: 2.572333e-02
L-BFGS Iteration: 1400, Loss: 1.235467e-05, Relative L2 Error: 2.448728e-02
L-BFGS Iteration: 1500, Loss: 1.114305e-05, Relative L2 Error: 2.596852e-02
L-BFGS Iteration: 1600, Loss: 1.004881e-05, Relative L2 Error: 2.410270e-02
L-BFGS Iteration: 1700, Loss: 9.040885e-06, Relative L2 Error: 2.415180e-02
L-BFGS Iteration: 1800, Loss: 8.348510e-06, Relative L2 Error: 2.297756e-02
L-BFGS Iteration: 1900, Loss: 7.546678e-06, Relative L2 Error: 2.349718e-02
L-BFGS Iteration: 2000, Loss: 7.034368e-06, Relative L2 Error: 2.345113e-02
L-BFGS Iteration: 2100, Loss: 6.568939e-06, Relative L2 Error: 2.147875e-02
L-BFGS Iteration: 2200, Loss: 6.181721e-06, Relative L2 Error: 2.096670e-02
L-BFGS Iteration: 2300, Loss: 5.778680e-06, Relative L2 Error: 1.993844e-02
L-BFGS Iteration: 2400, Loss: 5.427712e-06, Relative L2 Error: 1.940354e-02
L-BFGS Iteration: 2500, Loss: 5.117254e-06, Relative L2 Error: 2.014676e-02
L-BFGS Iteration: 2600, Loss: 4.855498e-06, Relative L2 Error: 1.943194e-02
L-BFGS Iteration: 2700, Loss: 4.550826e-06, Relative L2 Error: 1.843456e-02
L-BFGS Iteration: 2800, Loss: 4.283516e-06, Relative L2 Error: 1.941734e-02
L-BFGS Iteration: 2900, Loss: 4.064108e-06, Relative L2 Error: 1.761608e-02
L-BFGS Iteration: 3000, Loss: 3.825387e-06, Relative L2 Error: 1.902750e-02
L-BFGS Iteration: 3100, Loss: 3.577891e-06, Relative L2 Error: 1.811654e-02
L-BFGS Iteration: 3200, Loss: 3.371782e-06, Relative L2 Error: 1.892564e-02
L-BFGS Iteration: 3300, Loss: 3.209203e-06, Relative L2 Error: 1.816808e-02
L-BFGS Iteration: 3400, Loss: 3.051341e-06, Relative L2 Error: 1.725741e-02
L-BFGS Iteration: 3500, Loss: 2.883420e-06, Relative L2 Error: 1.736831e-02
L-BFGS Iteration: 3600, Loss: 2.718590e-06, Relative L2 Error: 1.763067e-02
L-BFGS Iteration: 3700, Loss: 2.576296e-06, Relative L2 Error: 1.811925e-02
L-BFGS Iteration: 3800, Loss: 2.419980e-06, Relative L2 Error: 1.966277e-02
L-BFGS Iteration: 3900, Loss: 2.302346e-06, Relative L2 Error: 1.884151e-02
L-BFGS Iteration: 4000, Loss: 2.209746e-06, Relative L2 Error: 1.803986e-02
L-BFGS Iteration: 4100, Loss: 2.113645e-06, Relative L2 Error: 1.679531e-02
L-BFGS Iteration: 4200, Loss: 2.039080e-06, Relative L2 Error: 1.827860e-02
L-BFGS Iteration: 4300, Loss: 1.952547e-06, Relative L2 Error: 1.791029e-02
L-BFGS Iteration: 4400, Loss: 1.865625e-06, Relative L2 Error: 1.782796e-02
L-BFGS Iteration: 4500, Loss: 1.794145e-06, Relative L2 Error: 1.955180e-02
L-BFGS Iteration: 4600, Loss: 1.723569e-06, Relative L2 Error: 1.776172e-02
L-BFGS Iteration: 4700, Loss: 1.660656e-06, Relative L2 Error: 1.870163e-02
L-BFGS Iteration: 4800, Loss: 1.602051e-06, Relative L2 Error: 1.980108e-02
L-BFGS Iteration: 4900, Loss: 1.534251e-06, Relative L2 Error: 1.945432e-02
L-BFGS Iteration: 5000, Loss: 1.470606e-06, Relative L2 Error: 1.787799e-02
L-BFGS Iteration: 5100, Loss: 1.414031e-06, Relative L2 Error: 1.719056e-02
L-BFGS Iteration: 5200, Loss: 1.369479e-06, Relative L2 Error: 1.682959e-02
L-BFGS Iteration: 5300, Loss: 1.328651e-06, Relative L2 Error: 1.860234e-02
L-BFGS training completed after 5309 iterations
Model state saved to ./checkpoints/heat3d_exact\2026-03-05_17-52-25-600415\model.pth
Training completed successfully!
Relative L2 error (eval data): 1.80e-02
Saved solution comparison heatmaps to: ./checkpoints/heat3d_exact\2026-03-05_17-52-25-600415\solution_comparison_heat3d.png
