Random seed set to: 3
Solving 3D heat equation u_t = alpha (u_{xx}+u_{yy}+u_{zz}) on [0,1]^3 with homogeneous Dirichlet BC
Using DV Solver
The settings used:
batch_size : 64
epochs : 20000
lr : 0.001
seed : 3
print_every : 100
log_path : ./checkpoints/heat3d_exact
input_dim : 4
output_dim : 1
num_qubits : 5
hidden_dim : 20
num_quantum_layers : 1
classic_network : [4, 20, 1]
q_ansatz : cross_mesh
mode : hybrid
activation : tanh
shots : None
problem : heat3d_exact
solver : DV
device : cuda
method : None
cutoff_dim : 20
class : CVNeuralNetwork1
encoding : angle
use_rar : False
rar_eval_freq : 2000
rar_threshold : 0.0005
rar_num_candidates : 10000
rar_num_add : 100
use_hybrid_optimizer : True
adam_iterations : 10000
use_scipy_lbfgs : True
lbfgs_lr : 1
lbfgs_line_search : strong_wolfe
lbfgs_tolerance_grad : 1e-05
lbfgs_tolerance_change : 1e-07
lbfgs_maxiter : 10000
lbfgs_factr : 1000.0
lbfgs_pgtol : 1e-14
lbfgs_maxls : 50
lbfgs_m : 100
lbfgs_eval_every : 100
domainN : 500
boundaryN : 50
initialN : 50
eval_total_points : 10000
nx : 200
nt : 200
y0 : 0.5
z0 : 0.5
alpha : 0.1
Total number of parameters: 1226
The circuit used in the study:
Iteration: 0, loss_r = 5.9e-05 ,  loss_bc = 3.2e-03,  loss_ic = 1.2e-01,  lr = 1.0e-03, time_taken = 2.5e+00, rel_l2_error = 9.2e-01
Model state saved to ./checkpoints/heat3d_exact/2026-05-29_08-36-44-111480/model.pth
Iteration: 100, loss_r = 2.9e-03 ,  loss_bc = 1.3e-02,  loss_ic = 5.9e-02,  lr = 1.0e-03, time_taken = 1.3e+00, rel_l2_error = 7.1e-01
Model state saved to ./checkpoints/heat3d_exact/2026-05-29_08-36-44-111480/model.pth
Iteration: 200, loss_r = 3.1e-03 ,  loss_bc = 1.6e-02,  loss_ic = 6.2e-02,  lr = 1.0e-03, time_taken = 1.3e+00, rel_l2_error = 6.1e-01
Model state saved to ./checkpoints/heat3d_exact/2026-05-29_08-36-44-111480/model.pth
Iteration: 300, loss_r = 3.8e-03 ,  loss_bc = 1.2e-02,  loss_ic = 5.7e-02,  lr = 1.0e-03, time_taken = 1.3e+00, rel_l2_error = 5.5e-01
Model state saved to ./checkpoints/heat3d_exact/2026-05-29_08-36-44-111480/model.pth
Iteration: 400, loss_r = 4.0e-03 ,  loss_bc = 1.9e-02,  loss_ic = 3.1e-02,  lr = 1.0e-03, time_taken = 1.3e+00, rel_l2_error = 5.3e-01
Model state saved to ./checkpoints/heat3d_exact/2026-05-29_08-36-44-111480/model.pth
Iteration: 500, loss_r = 4.8e-03 ,  loss_bc = 9.1e-03,  loss_ic = 5.2e-02,  lr = 1.0e-03, time_taken = 1.3e+00, rel_l2_error = 5.1e-01
Model state saved to ./checkpoints/heat3d_exact/2026-05-29_08-36-44-111480/model.pth
Iteration: 600, loss_r = 6.5e-03 ,  loss_bc = 7.4e-03,  loss_ic = 3.1e-02,  lr = 1.0e-03, time_taken = 1.3e+00, rel_l2_error = 5.2e-01
Model state saved to ./checkpoints/heat3d_exact/2026-05-29_08-36-44-111480/model.pth
Iteration: 700, loss_r = 4.4e-03 ,  loss_bc = 1.0e-02,  loss_ic = 2.4e-02,  lr = 1.0e-03, time_taken = 1.3e+00, rel_l2_error = 4.7e-01
Model state saved to ./checkpoints/heat3d_exact/2026-05-29_08-36-44-111480/model.pth
Iteration: 800, loss_r = 3.3e-03 ,  loss_bc = 8.7e-03,  loss_ic = 2.6e-02,  lr = 1.0e-03, time_taken = 1.3e+00, rel_l2_error = 4.3e-01
Model state saved to ./checkpoints/heat3d_exact/2026-05-29_08-36-44-111480/model.pth
Iteration: 900, loss_r = 4.6e-03 ,  loss_bc = 4.7e-03,  loss_ic = 1.6e-02,  lr = 1.0e-03, time_taken = 1.3e+00, rel_l2_error = 3.8e-01
Model state saved to ./checkpoints/heat3d_exact/2026-05-29_08-36-44-111480/model.pth
Iteration: 1000, loss_r = 4.9e-03 ,  loss_bc = 6.7e-03,  loss_ic = 1.1e-02,  lr = 1.0e-03, time_taken = 1.9e+00, rel_l2_error = 3.4e-01
Model state saved to ./checkpoints/heat3d_exact/2026-05-29_08-36-44-111480/model.pth
Iteration: 1100, loss_r = 2.5e-03 ,  loss_bc = 5.4e-03,  loss_ic = 9.5e-03,  lr = 1.0e-03, time_taken = 2.7e+00, rel_l2_error = 3.0e-01
Model state saved to ./checkpoints/heat3d_exact/2026-05-29_08-36-44-111480/model.pth
Iteration: 1200, loss_r = 4.7e-03 ,  loss_bc = 5.8e-03,  loss_ic = 9.8e-03,  lr = 1.0e-03, time_taken = 2.2e+00, rel_l2_error = 2.8e-01
Model state saved to ./checkpoints/heat3d_exact/2026-05-29_08-36-44-111480/model.pth
Iteration: 1300, loss_r = 2.4e-03 ,  loss_bc = 5.3e-03,  loss_ic = 8.5e-03,  lr = 1.0e-03, time_taken = 2.7e+00, rel_l2_error = 2.6e-01
Model state saved to ./checkpoints/heat3d_exact/2026-05-29_08-36-44-111480/model.pth
Iteration: 1400, loss_r = 4.3e-03 ,  loss_bc = 7.8e-03,  loss_ic = 4.8e-03,  lr = 1.0e-03, time_taken = 2.2e+00, rel_l2_error = 2.4e-01
Model state saved to ./checkpoints/heat3d_exact/2026-05-29_08-36-44-111480/model.pth
Iteration: 1500, loss_r = 3.9e-03 ,  loss_bc = 4.3e-03,  loss_ic = 3.4e-03,  lr = 1.0e-03, time_taken = 2.6e+00, rel_l2_error = 2.4e-01
Model state saved to ./checkpoints/heat3d_exact/2026-05-29_08-36-44-111480/model.pth
Iteration: 1600, loss_r = 3.8e-03 ,  loss_bc = 4.4e-03,  loss_ic = 3.7e-03,  lr = 1.0e-03, time_taken = 2.3e+00, rel_l2_error = 2.2e-01
Model state saved to ./checkpoints/heat3d_exact/2026-05-29_08-36-44-111480/model.pth
Iteration: 1700, loss_r = 4.6e-03 ,  loss_bc = 5.1e-03,  loss_ic = 1.8e-03,  lr = 1.0e-03, time_taken = 2.2e+00, rel_l2_error = 2.1e-01
Model state saved to ./checkpoints/heat3d_exact/2026-05-29_08-36-44-111480/model.pth
Iteration: 1800, loss_r = 3.9e-03 ,  loss_bc = 3.8e-03,  loss_ic = 2.5e-03,  lr = 1.0e-03, time_taken = 2.5e+00, rel_l2_error = 2.0e-01
Model state saved to ./checkpoints/heat3d_exact/2026-05-29_08-36-44-111480/model.pth
Iteration: 1900, loss_r = 5.2e-03 ,  loss_bc = 2.8e-03,  loss_ic = 2.3e-03,  lr = 1.0e-03, time_taken = 2.1e+00, rel_l2_error = 1.8e-01
Model state saved to ./checkpoints/heat3d_exact/2026-05-29_08-36-44-111480/model.pth
Iteration: 2000, loss_r = 2.3e-03 ,  loss_bc = 3.0e-03,  loss_ic = 2.3e-03,  lr = 1.0e-03, time_taken = 2.5e+00, rel_l2_error = 1.8e-01
Model state saved to ./checkpoints/heat3d_exact/2026-05-29_08-36-44-111480/model.pth
Iteration: 2100, loss_r = 4.6e-03 ,  loss_bc = 3.2e-03,  loss_ic = 1.6e-03,  lr = 1.0e-03, time_taken = 1.9e+00, rel_l2_error = 1.7e-01
Model state saved to ./checkpoints/heat3d_exact/2026-05-29_08-36-44-111480/model.pth
Iteration: 2200, loss_r = 2.9e-03 ,  loss_bc = 2.9e-03,  loss_ic = 1.8e-03,  lr = 1.0e-03, time_taken = 2.2e+00, rel_l2_error = 1.6e-01
Model state saved to ./checkpoints/heat3d_exact/2026-05-29_08-36-44-111480/model.pth
Iteration: 2300, loss_r = 1.5e-03 ,  loss_bc = 1.9e-03,  loss_ic = 9.5e-04,  lr = 1.0e-03, time_taken = 2.3e+00, rel_l2_error = 1.5e-01
Model state saved to ./checkpoints/heat3d_exact/2026-05-29_08-36-44-111480/model.pth
Iteration: 2400, loss_r = 3.2e-03 ,  loss_bc = 2.3e-03,  loss_ic = 1.8e-03,  lr = 1.0e-03, time_taken = 2.6e+00, rel_l2_error = 1.6e-01
Model state saved to ./checkpoints/heat3d_exact/2026-05-29_08-36-44-111480/model.pth
Iteration: 2500, loss_r = 3.2e-03 ,  loss_bc = 2.2e-03,  loss_ic = 1.3e-03,  lr = 1.0e-03, time_taken = 2.5e+00, rel_l2_error = 1.5e-01
Model state saved to ./checkpoints/heat3d_exact/2026-05-29_08-36-44-111480/model.pth
Iteration: 2600, loss_r = 2.3e-03 ,  loss_bc = 2.3e-03,  loss_ic = 9.5e-04,  lr = 1.0e-03, time_taken = 2.2e+00, rel_l2_error = 1.5e-01
Model state saved to ./checkpoints/heat3d_exact/2026-05-29_08-36-44-111480/model.pth
Iteration: 2700, loss_r = 2.3e-03 ,  loss_bc = 2.1e-03,  loss_ic = 8.4e-04,  lr = 1.0e-03, time_taken = 2.2e+00, rel_l2_error = 1.4e-01
Model state saved to ./checkpoints/heat3d_exact/2026-05-29_08-36-44-111480/model.pth
Iteration: 2800, loss_r = 2.6e-03 ,  loss_bc = 1.7e-03,  loss_ic = 1.1e-03,  lr = 1.0e-03, time_taken = 2.5e+00, rel_l2_error = 1.5e-01
Model state saved to ./checkpoints/heat3d_exact/2026-05-29_08-36-44-111480/model.pth
Iteration: 2900, loss_r = 1.9e-03 ,  loss_bc = 2.1e-03,  loss_ic = 6.5e-04,  lr = 1.0e-03, time_taken = 2.2e+00, rel_l2_error = 1.3e-01
Model state saved to ./checkpoints/heat3d_exact/2026-05-29_08-36-44-111480/model.pth
Iteration: 3000, loss_r = 1.4e-03 ,  loss_bc = 1.6e-03,  loss_ic = 8.5e-04,  lr = 1.0e-03, time_taken = 2.1e+00, rel_l2_error = 1.5e-01
Model state saved to ./checkpoints/heat3d_exact/2026-05-29_08-36-44-111480/model.pth
Iteration: 3100, loss_r = 1.6e-03 ,  loss_bc = 1.8e-03,  loss_ic = 9.1e-04,  lr = 1.0e-03, time_taken = 2.4e+00, rel_l2_error = 1.4e-01
Model state saved to ./checkpoints/heat3d_exact/2026-05-29_08-36-44-111480/model.pth
Iteration: 3200, loss_r = 3.1e-03 ,  loss_bc = 1.5e-03,  loss_ic = 7.9e-04,  lr = 1.0e-03, time_taken = 2.6e+00, rel_l2_error = 1.4e-01
Model state saved to ./checkpoints/heat3d_exact/2026-05-29_08-36-44-111480/model.pth
Iteration: 3300, loss_r = 1.9e-03 ,  loss_bc = 1.5e-03,  loss_ic = 7.1e-04,  lr = 1.0e-03, time_taken = 2.1e+00, rel_l2_error = 1.3e-01
Model state saved to ./checkpoints/heat3d_exact/2026-05-29_08-36-44-111480/model.pth
Iteration: 3400, loss_r = 2.1e-03 ,  loss_bc = 1.3e-03,  loss_ic = 8.4e-04,  lr = 1.0e-03, time_taken = 2.2e+00, rel_l2_error = 1.4e-01
Model state saved to ./checkpoints/heat3d_exact/2026-05-29_08-36-44-111480/model.pth
Iteration: 3500, loss_r = 1.2e-03 ,  loss_bc = 9.9e-04,  loss_ic = 8.7e-04,  lr = 1.0e-03, time_taken = 2.3e+00, rel_l2_error = 1.3e-01
Model state saved to ./checkpoints/heat3d_exact/2026-05-29_08-36-44-111480/model.pth
Iteration: 3600, loss_r = 1.4e-03 ,  loss_bc = 1.8e-03,  loss_ic = 6.0e-04,  lr = 1.0e-03, time_taken = 2.4e+00, rel_l2_error = 1.2e-01
Model state saved to ./checkpoints/heat3d_exact/2026-05-29_08-36-44-111480/model.pth
Iteration: 3700, loss_r = 1.4e-03 ,  loss_bc = 1.1e-03,  loss_ic = 6.0e-04,  lr = 1.0e-03, time_taken = 2.6e+00, rel_l2_error = 1.3e-01
Model state saved to ./checkpoints/heat3d_exact/2026-05-29_08-36-44-111480/model.pth
Iteration: 3800, loss_r = 1.2e-03 ,  loss_bc = 1.4e-03,  loss_ic = 5.3e-04,  lr = 1.0e-03, time_taken = 2.5e+00, rel_l2_error = 1.2e-01
Model state saved to ./checkpoints/heat3d_exact/2026-05-29_08-36-44-111480/model.pth
Iteration: 3900, loss_r = 1.5e-03 ,  loss_bc = 1.2e-03,  loss_ic = 4.8e-04,  lr = 1.0e-03, time_taken = 2.6e+00, rel_l2_error = 1.3e-01
Model state saved to ./checkpoints/heat3d_exact/2026-05-29_08-36-44-111480/model.pth
Iteration: 4000, loss_r = 1.1e-03 ,  loss_bc = 1.1e-03,  loss_ic = 5.6e-04,  lr = 1.0e-03, time_taken = 2.3e+00, rel_l2_error = 1.2e-01
Model state saved to ./checkpoints/heat3d_exact/2026-05-29_08-36-44-111480/model.pth
Iteration: 4100, loss_r = 9.3e-04 ,  loss_bc = 1.1e-03,  loss_ic = 5.5e-04,  lr = 1.0e-03, time_taken = 2.3e+00, rel_l2_error = 1.3e-01
Model state saved to ./checkpoints/heat3d_exact/2026-05-29_08-36-44-111480/model.pth
Iteration: 4200, loss_r = 1.3e-03 ,  loss_bc = 1.4e-03,  loss_ic = 4.5e-04,  lr = 1.0e-03, time_taken = 2.4e+00, rel_l2_error = 1.3e-01
Model state saved to ./checkpoints/heat3d_exact/2026-05-29_08-36-44-111480/model.pth
Iteration: 4300, loss_r = 1.3e-03 ,  loss_bc = 1.3e-03,  loss_ic = 3.8e-04,  lr = 1.0e-03, time_taken = 2.3e+00, rel_l2_error = 1.3e-01
Model state saved to ./checkpoints/heat3d_exact/2026-05-29_08-36-44-111480/model.pth
Iteration: 4400, loss_r = 8.0e-04 ,  loss_bc = 1.3e-03,  loss_ic = 3.2e-04,  lr = 1.0e-03, time_taken = 2.5e+00, rel_l2_error = 1.1e-01
Model state saved to ./checkpoints/heat3d_exact/2026-05-29_08-36-44-111480/model.pth
Iteration: 4500, loss_r = 1.2e-03 ,  loss_bc = 1.9e-03,  loss_ic = 8.8e-04,  lr = 1.0e-03, time_taken = 2.4e+00, rel_l2_error = 1.2e-01
Model state saved to ./checkpoints/heat3d_exact/2026-05-29_08-36-44-111480/model.pth
Iteration: 4600, loss_r = 1.2e-03 ,  loss_bc = 9.6e-04,  loss_ic = 4.1e-04,  lr = 1.0e-03, time_taken = 2.3e+00, rel_l2_error = 1.2e-01
Model state saved to ./checkpoints/heat3d_exact/2026-05-29_08-36-44-111480/model.pth
Iteration: 4700, loss_r = 5.0e-04 ,  loss_bc = 1.1e-03,  loss_ic = 3.6e-04,  lr = 1.0e-03, time_taken = 2.6e+00, rel_l2_error = 1.1e-01
Model state saved to ./checkpoints/heat3d_exact/2026-05-29_08-36-44-111480/model.pth
Iteration: 4800, loss_r = 1.6e-03 ,  loss_bc = 9.9e-04,  loss_ic = 3.4e-04,  lr = 1.0e-03, time_taken = 2.4e+00, rel_l2_error = 1.3e-01
Model state saved to ./checkpoints/heat3d_exact/2026-05-29_08-36-44-111480/model.pth
Iteration: 4900, loss_r = 1.2e-03 ,  loss_bc = 1.0e-03,  loss_ic = 4.6e-04,  lr = 1.0e-03, time_taken = 2.4e+00, rel_l2_error = 1.2e-01
Model state saved to ./checkpoints/heat3d_exact/2026-05-29_08-36-44-111480/model.pth
Iteration: 5000, loss_r = 1.5e-03 ,  loss_bc = 1.2e-03,  loss_ic = 3.9e-04,  lr = 1.0e-03, time_taken = 2.3e+00, rel_l2_error = 1.2e-01
Model state saved to ./checkpoints/heat3d_exact/2026-05-29_08-36-44-111480/model.pth
Iteration: 5100, loss_r = 1.1e-03 ,  loss_bc = 1.6e-03,  loss_ic = 3.8e-04,  lr = 1.0e-03, time_taken = 2.5e+00, rel_l2_error = 1.1e-01
Model state saved to ./checkpoints/heat3d_exact/2026-05-29_08-36-44-111480/model.pth
Iteration: 5200, loss_r = 2.1e-04 ,  loss_bc = 7.6e-04,  loss_ic = 5.6e-04,  lr = 1.0e-03, time_taken = 2.2e+00, rel_l2_error = 1.1e-01
Model state saved to ./checkpoints/heat3d_exact/2026-05-29_08-36-44-111480/model.pth
Iteration: 5300, loss_r = 5.7e-04 ,  loss_bc = 9.6e-04,  loss_ic = 3.8e-04,  lr = 1.0e-03, time_taken = 2.7e+00, rel_l2_error = 1.1e-01
Model state saved to ./checkpoints/heat3d_exact/2026-05-29_08-36-44-111480/model.pth
Iteration: 5400, loss_r = 5.7e-04 ,  loss_bc = 1.2e-03,  loss_ic = 2.9e-04,  lr = 1.0e-03, time_taken = 2.5e+00, rel_l2_error = 1.1e-01
Model state saved to ./checkpoints/heat3d_exact/2026-05-29_08-36-44-111480/model.pth
Iteration: 5500, loss_r = 6.4e-04 ,  loss_bc = 8.8e-04,  loss_ic = 4.0e-04,  lr = 1.0e-03, time_taken = 2.7e+00, rel_l2_error = 1.1e-01
Model state saved to ./checkpoints/heat3d_exact/2026-05-29_08-36-44-111480/model.pth
Iteration: 5600, loss_r = 5.4e-04 ,  loss_bc = 8.7e-04,  loss_ic = 3.2e-04,  lr = 1.0e-03, time_taken = 2.2e+00, rel_l2_error = 1.1e-01
Model state saved to ./checkpoints/heat3d_exact/2026-05-29_08-36-44-111480/model.pth
Iteration: 5700, loss_r = 8.5e-04 ,  loss_bc = 7.4e-04,  loss_ic = 3.8e-04,  lr = 1.0e-03, time_taken = 2.4e+00, rel_l2_error = 1.0e-01
Model state saved to ./checkpoints/heat3d_exact/2026-05-29_08-36-44-111480/model.pth
Iteration: 5800, loss_r = 1.2e-03 ,  loss_bc = 7.5e-04,  loss_ic = 2.3e-04,  lr = 1.0e-03, time_taken = 2.5e+00, rel_l2_error = 1.0e-01
Model state saved to ./checkpoints/heat3d_exact/2026-05-29_08-36-44-111480/model.pth
Iteration: 5900, loss_r = 4.1e-04 ,  loss_bc = 8.1e-04,  loss_ic = 2.5e-04,  lr = 1.0e-03, time_taken = 2.1e+00, rel_l2_error = 1.0e-01
Model state saved to ./checkpoints/heat3d_exact/2026-05-29_08-36-44-111480/model.pth
Iteration: 6000, loss_r = 4.0e-04 ,  loss_bc = 7.7e-04,  loss_ic = 5.6e-04,  lr = 1.0e-03, time_taken = 2.3e+00, rel_l2_error = 1.0e-01
Model state saved to ./checkpoints/heat3d_exact/2026-05-29_08-36-44-111480/model.pth
Iteration: 6100, loss_r = 4.6e-04 ,  loss_bc = 7.1e-04,  loss_ic = 1.7e-04,  lr = 1.0e-03, time_taken = 2.6e+00, rel_l2_error = 1.0e-01
Model state saved to ./checkpoints/heat3d_exact/2026-05-29_08-36-44-111480/model.pth
Iteration: 6200, loss_r = 8.1e-04 ,  loss_bc = 9.0e-04,  loss_ic = 2.8e-04,  lr = 1.0e-03, time_taken = 2.1e+00, rel_l2_error = 9.5e-02
Model state saved to ./checkpoints/heat3d_exact/2026-05-29_08-36-44-111480/model.pth
Iteration: 6300, loss_r = 7.9e-04 ,  loss_bc = 8.7e-04,  loss_ic = 3.6e-04,  lr = 1.0e-03, time_taken = 2.3e+00, rel_l2_error = 9.9e-02
Model state saved to ./checkpoints/heat3d_exact/2026-05-29_08-36-44-111480/model.pth
Iteration: 6400, loss_r = 8.6e-04 ,  loss_bc = 7.4e-04,  loss_ic = 2.9e-04,  lr = 1.0e-03, time_taken = 1.9e+00, rel_l2_error = 1.1e-01
Model state saved to ./checkpoints/heat3d_exact/2026-05-29_08-36-44-111480/model.pth
Iteration: 6500, loss_r = 8.6e-04 ,  loss_bc = 8.2e-04,  loss_ic = 1.8e-04,  lr = 1.0e-03, time_taken = 2.7e+00, rel_l2_error = 1.0e-01
Model state saved to ./checkpoints/heat3d_exact/2026-05-29_08-36-44-111480/model.pth
Iteration: 6600, loss_r = 3.2e-04 ,  loss_bc = 6.2e-04,  loss_ic = 2.6e-04,  lr = 1.0e-03, time_taken = 2.3e+00, rel_l2_error = 1.0e-01
Model state saved to ./checkpoints/heat3d_exact/2026-05-29_08-36-44-111480/model.pth
Iteration: 6700, loss_r = 2.9e-04 ,  loss_bc = 6.4e-04,  loss_ic = 3.1e-04,  lr = 1.0e-03, time_taken = 2.5e+00, rel_l2_error = 9.1e-02
Model state saved to ./checkpoints/heat3d_exact/2026-05-29_08-36-44-111480/model.pth
Iteration: 6800, loss_r = 6.5e-04 ,  loss_bc = 8.1e-04,  loss_ic = 2.5e-04,  lr = 1.0e-03, time_taken = 2.5e+00, rel_l2_error = 9.5e-02
Model state saved to ./checkpoints/heat3d_exact/2026-05-29_08-36-44-111480/model.pth
Iteration: 6900, loss_r = 3.2e-04 ,  loss_bc = 6.6e-04,  loss_ic = 3.3e-04,  lr = 1.0e-03, time_taken = 2.5e+00, rel_l2_error = 9.5e-02
Model state saved to ./checkpoints/heat3d_exact/2026-05-29_08-36-44-111480/model.pth
Iteration: 7000, loss_r = 2.8e-04 ,  loss_bc = 6.3e-04,  loss_ic = 2.3e-04,  lr = 1.0e-03, time_taken = 2.3e+00, rel_l2_error = 1.0e-01
Model state saved to ./checkpoints/heat3d_exact/2026-05-29_08-36-44-111480/model.pth
Iteration: 7100, loss_r = 5.0e-04 ,  loss_bc = 5.1e-04,  loss_ic = 3.6e-04,  lr = 1.0e-03, time_taken = 2.5e+00, rel_l2_error = 9.2e-02
Model state saved to ./checkpoints/heat3d_exact/2026-05-29_08-36-44-111480/model.pth
Iteration: 7200, loss_r = 3.4e-04 ,  loss_bc = 8.0e-04,  loss_ic = 1.5e-04,  lr = 1.0e-03, time_taken = 2.5e+00, rel_l2_error = 9.1e-02
Model state saved to ./checkpoints/heat3d_exact/2026-05-29_08-36-44-111480/model.pth
Iteration: 7300, loss_r = 5.7e-04 ,  loss_bc = 6.6e-04,  loss_ic = 2.6e-04,  lr = 1.0e-03, time_taken = 2.5e+00, rel_l2_error = 9.3e-02
Model state saved to ./checkpoints/heat3d_exact/2026-05-29_08-36-44-111480/model.pth
Iteration: 7400, loss_r = 5.3e-04 ,  loss_bc = 5.6e-04,  loss_ic = 1.5e-04,  lr = 1.0e-03, time_taken = 2.5e+00, rel_l2_error = 9.9e-02
Model state saved to ./checkpoints/heat3d_exact/2026-05-29_08-36-44-111480/model.pth
Iteration: 7500, loss_r = 6.1e-04 ,  loss_bc = 5.5e-04,  loss_ic = 2.6e-04,  lr = 1.0e-03, time_taken = 2.5e+00, rel_l2_error = 9.8e-02
Model state saved to ./checkpoints/heat3d_exact/2026-05-29_08-36-44-111480/model.pth
Iteration: 7600, loss_r = 5.8e-04 ,  loss_bc = 5.0e-04,  loss_ic = 2.0e-04,  lr = 1.0e-03, time_taken = 2.4e+00, rel_l2_error = 9.5e-02
Model state saved to ./checkpoints/heat3d_exact/2026-05-29_08-36-44-111480/model.pth
Iteration: 7700, loss_r = 3.5e-04 ,  loss_bc = 6.1e-04,  loss_ic = 1.9e-04,  lr = 1.0e-03, time_taken = 2.0e+00, rel_l2_error = 9.3e-02
Model state saved to ./checkpoints/heat3d_exact/2026-05-29_08-36-44-111480/model.pth
Iteration: 7800, loss_r = 2.7e-04 ,  loss_bc = 5.6e-04,  loss_ic = 2.4e-04,  lr = 1.0e-03, time_taken = 2.7e+00, rel_l2_error = 9.3e-02
Model state saved to ./checkpoints/heat3d_exact/2026-05-29_08-36-44-111480/model.pth
Iteration: 7900, loss_r = 6.6e-04 ,  loss_bc = 6.6e-04,  loss_ic = 2.5e-04,  lr = 1.0e-03, time_taken = 2.3e+00, rel_l2_error = 8.6e-02
Model state saved to ./checkpoints/heat3d_exact/2026-05-29_08-36-44-111480/model.pth
Iteration: 8000, loss_r = 7.8e-04 ,  loss_bc = 5.0e-04,  loss_ic = 1.8e-04,  lr = 1.0e-03, time_taken = 2.6e+00, rel_l2_error = 9.1e-02
Model state saved to ./checkpoints/heat3d_exact/2026-05-29_08-36-44-111480/model.pth
Iteration: 8100, loss_r = 7.5e-04 ,  loss_bc = 7.0e-04,  loss_ic = 1.9e-04,  lr = 1.0e-03, time_taken = 2.3e+00, rel_l2_error = 9.0e-02
Model state saved to ./checkpoints/heat3d_exact/2026-05-29_08-36-44-111480/model.pth
Iteration: 8200, loss_r = 5.8e-04 ,  loss_bc = 5.1e-04,  loss_ic = 2.2e-04,  lr = 1.0e-03, time_taken = 2.3e+00, rel_l2_error = 1.0e-01
Model state saved to ./checkpoints/heat3d_exact/2026-05-29_08-36-44-111480/model.pth
Iteration: 8300, loss_r = 4.9e-04 ,  loss_bc = 5.4e-04,  loss_ic = 1.8e-04,  lr = 1.0e-03, time_taken = 2.3e+00, rel_l2_error = 9.1e-02
Model state saved to ./checkpoints/heat3d_exact/2026-05-29_08-36-44-111480/model.pth
Iteration: 8400, loss_r = 2.9e-04 ,  loss_bc = 6.0e-04,  loss_ic = 1.7e-04,  lr = 1.0e-03, time_taken = 2.4e+00, rel_l2_error = 8.3e-02
Model state saved to ./checkpoints/heat3d_exact/2026-05-29_08-36-44-111480/model.pth
Iteration: 8500, loss_r = 2.6e-04 ,  loss_bc = 7.1e-04,  loss_ic = 1.5e-04,  lr = 1.0e-03, time_taken = 2.4e+00, rel_l2_error = 9.0e-02
Model state saved to ./checkpoints/heat3d_exact/2026-05-29_08-36-44-111480/model.pth
Iteration: 8600, loss_r = 4.1e-04 ,  loss_bc = 5.6e-04,  loss_ic = 1.5e-04,  lr = 1.0e-03, time_taken = 2.5e+00, rel_l2_error = 8.7e-02
Model state saved to ./checkpoints/heat3d_exact/2026-05-29_08-36-44-111480/model.pth
Iteration: 8700, loss_r = 6.9e-04 ,  loss_bc = 5.6e-04,  loss_ic = 1.5e-04,  lr = 1.0e-03, time_taken = 2.6e+00, rel_l2_error = 8.7e-02
Model state saved to ./checkpoints/heat3d_exact/2026-05-29_08-36-44-111480/model.pth
Iteration: 8800, loss_r = 2.1e-04 ,  loss_bc = 3.9e-04,  loss_ic = 1.3e-04,  lr = 1.0e-03, time_taken = 2.4e+00, rel_l2_error = 7.9e-02
Model state saved to ./checkpoints/heat3d_exact/2026-05-29_08-36-44-111480/model.pth
Iteration: 8900, loss_r = 4.6e-04 ,  loss_bc = 6.1e-04,  loss_ic = 1.9e-04,  lr = 1.0e-03, time_taken = 2.5e+00, rel_l2_error = 8.5e-02
Model state saved to ./checkpoints/heat3d_exact/2026-05-29_08-36-44-111480/model.pth
Iteration: 9000, loss_r = 6.2e-04 ,  loss_bc = 6.2e-04,  loss_ic = 1.8e-04,  lr = 1.0e-03, time_taken = 2.2e+00, rel_l2_error = 8.6e-02
Model state saved to ./checkpoints/heat3d_exact/2026-05-29_08-36-44-111480/model.pth
Iteration: 9100, loss_r = 8.6e-04 ,  loss_bc = 3.6e-04,  loss_ic = 2.7e-04,  lr = 1.0e-03, time_taken = 2.2e+00, rel_l2_error = 8.2e-02
Model state saved to ./checkpoints/heat3d_exact/2026-05-29_08-36-44-111480/model.pth
Iteration: 9200, loss_r = 5.8e-04 ,  loss_bc = 5.6e-04,  loss_ic = 2.5e-04,  lr = 1.0e-03, time_taken = 2.4e+00, rel_l2_error = 8.8e-02
Model state saved to ./checkpoints/heat3d_exact/2026-05-29_08-36-44-111480/model.pth
Iteration: 9300, loss_r = 6.2e-04 ,  loss_bc = 5.1e-04,  loss_ic = 2.0e-04,  lr = 1.0e-03, time_taken = 2.3e+00, rel_l2_error = 8.8e-02
Model state saved to ./checkpoints/heat3d_exact/2026-05-29_08-36-44-111480/model.pth
Iteration: 9400, loss_r = 7.3e-04 ,  loss_bc = 4.8e-04,  loss_ic = 2.0e-04,  lr = 1.0e-03, time_taken = 2.3e+00, rel_l2_error = 8.1e-02
Model state saved to ./checkpoints/heat3d_exact/2026-05-29_08-36-44-111480/model.pth
Iteration: 9500, loss_r = 5.0e-04 ,  loss_bc = 4.5e-04,  loss_ic = 1.4e-04,  lr = 1.0e-03, time_taken = 2.6e+00, rel_l2_error = 8.0e-02
Model state saved to ./checkpoints/heat3d_exact/2026-05-29_08-36-44-111480/model.pth
Iteration: 9600, loss_r = 6.0e-04 ,  loss_bc = 3.5e-04,  loss_ic = 2.7e-04,  lr = 1.0e-03, time_taken = 2.7e+00, rel_l2_error = 9.6e-02
Model state saved to ./checkpoints/heat3d_exact/2026-05-29_08-36-44-111480/model.pth
Iteration: 9700, loss_r = 2.3e-04 ,  loss_bc = 4.6e-04,  loss_ic = 1.9e-04,  lr = 1.0e-03, time_taken = 2.3e+00, rel_l2_error = 9.1e-02
Model state saved to ./checkpoints/heat3d_exact/2026-05-29_08-36-44-111480/model.pth
Iteration: 9800, loss_r = 4.8e-04 ,  loss_bc = 4.6e-04,  loss_ic = 1.7e-04,  lr = 1.0e-03, time_taken = 2.5e+00, rel_l2_error = 8.8e-02
Model state saved to ./checkpoints/heat3d_exact/2026-05-29_08-36-44-111480/model.pth
Iteration: 9900, loss_r = 3.7e-04 ,  loss_bc = 5.4e-04,  loss_ic = 1.3e-04,  lr = 1.0e-03, time_taken = 2.2e+00, rel_l2_error = 8.6e-02
Model state saved to ./checkpoints/heat3d_exact/2026-05-29_08-36-44-111480/model.pth

=== Switching to LBFGS optimizer at iteration 10000 ===
Using scipy L-BFGS-B optimizer
Optimizer: L-BFGS-B (maxiter=10000, factr=1000.0, m=100, maxls=50, pgtol=1e-14)
L-BFGS Iteration: 0, Loss: 9.714079e-04
L-BFGS Iteration: 1, Loss: 9.358999e-04, Relative L2 Error: 8.290450e-02
L-BFGS: Time for 100 iterations = 1136.7360 s
L-BFGS Iteration: 100, Loss: 4.428690e-04, Relative L2 Error: 6.078137e-02
L-BFGS Iteration: 200, Loss: 2.548124e-04, Relative L2 Error: 4.627469e-02
L-BFGS Iteration: 300, Loss: 1.590996e-04, Relative L2 Error: 3.801757e-02
L-BFGS Iteration: 400, Loss: 1.155873e-04, Relative L2 Error: 3.766865e-02
L-BFGS Iteration: 500, Loss: 8.799435e-05, Relative L2 Error: 3.361025e-02
L-BFGS Iteration: 600, Loss: 7.196238e-05, Relative L2 Error: 2.954431e-02
L-BFGS Iteration: 700, Loss: 5.794673e-05, Relative L2 Error: 3.021823e-02
L-BFGS Iteration: 800, Loss: 4.806064e-05, Relative L2 Error: 2.882064e-02
L-BFGS Iteration: 900, Loss: 4.184480e-05, Relative L2 Error: 2.760276e-02
L-BFGS Iteration: 1000, Loss: 3.724062e-05, Relative L2 Error: 2.691885e-02
L-BFGS Iteration: 1100, Loss: 3.330749e-05, Relative L2 Error: 2.378460e-02
L-BFGS Iteration: 1200, Loss: 2.931408e-05, Relative L2 Error: 2.425841e-02
L-BFGS Iteration: 1300, Loss: 2.662131e-05, Relative L2 Error: 2.508345e-02
L-BFGS Iteration: 1400, Loss: 2.468749e-05, Relative L2 Error: 2.537894e-02
L-BFGS Iteration: 1500, Loss: 2.328150e-05, Relative L2 Error: 2.410091e-02
L-BFGS Iteration: 1600, Loss: 2.229368e-05, Relative L2 Error: 2.171272e-02
L-BFGS Iteration: 1700, Loss: 2.096800e-05, Relative L2 Error: 2.123595e-02
L-BFGS Iteration: 1800, Loss: 1.963247e-05, Relative L2 Error: 2.058418e-02
L-BFGS Iteration: 1900, Loss: 1.824893e-05, Relative L2 Error: 2.034234e-02
L-BFGS Iteration: 2000, Loss: 1.716362e-05, Relative L2 Error: 1.951301e-02
L-BFGS Iteration: 2100, Loss: 1.622703e-05, Relative L2 Error: 1.882742e-02
L-BFGS Iteration: 2200, Loss: 1.539564e-05, Relative L2 Error: 1.750512e-02
L-BFGS Iteration: 2300, Loss: 1.454155e-05, Relative L2 Error: 1.858549e-02
L-BFGS Iteration: 2400, Loss: 1.380242e-05, Relative L2 Error: 1.951039e-02
L-BFGS Iteration: 2500, Loss: 1.314463e-05, Relative L2 Error: 1.949744e-02
L-BFGS Iteration: 2600, Loss: 1.251362e-05, Relative L2 Error: 1.797526e-02
L-BFGS Iteration: 2700, Loss: 1.190224e-05, Relative L2 Error: 1.693424e-02
L-BFGS Iteration: 2800, Loss: 1.149037e-05, Relative L2 Error: 1.792611e-02
L-BFGS Iteration: 2900, Loss: 1.103733e-05, Relative L2 Error: 1.734579e-02
L-BFGS Iteration: 3000, Loss: 1.068491e-05, Relative L2 Error: 1.569843e-02
L-BFGS Iteration: 3100, Loss: 1.006514e-05, Relative L2 Error: 1.585789e-02
L-BFGS Iteration: 3200, Loss: 9.660048e-06, Relative L2 Error: 1.576094e-02
L-BFGS Iteration: 3300, Loss: 9.257744e-06, Relative L2 Error: 1.552039e-02
L-BFGS Iteration: 3400, Loss: 8.860283e-06, Relative L2 Error: 1.525174e-02
L-BFGS Iteration: 3500, Loss: 8.628567e-06, Relative L2 Error: 1.404392e-02
L-BFGS Iteration: 3600, Loss: 8.393346e-06, Relative L2 Error: 1.372568e-02
L-BFGS Iteration: 3700, Loss: 8.078030e-06, Relative L2 Error: 1.490358e-02
L-BFGS Iteration: 3800, Loss: 7.870166e-06, Relative L2 Error: 1.278762e-02
L-BFGS Iteration: 3900, Loss: 7.578269e-06, Relative L2 Error: 1.274917e-02
L-BFGS Iteration: 4000, Loss: 7.316453e-06, Relative L2 Error: 1.488985e-02
L-BFGS Iteration: 4100, Loss: 7.027168e-06, Relative L2 Error: 1.354854e-02
L-BFGS Iteration: 4200, Loss: 6.808424e-06, Relative L2 Error: 1.451116e-02
L-BFGS Iteration: 4300, Loss: 6.592678e-06, Relative L2 Error: 1.392050e-02
L-BFGS Iteration: 4400, Loss: 6.326813e-06, Relative L2 Error: 1.141621e-02
L-BFGS Iteration: 4500, Loss: 6.125498e-06, Relative L2 Error: 1.284920e-02
L-BFGS Iteration: 4600, Loss: 5.932766e-06, Relative L2 Error: 1.184674e-02
L-BFGS Iteration: 4700, Loss: 5.714196e-06, Relative L2 Error: 1.208502e-02
L-BFGS Iteration: 4800, Loss: 5.577118e-06, Relative L2 Error: 1.169206e-02
L-BFGS Iteration: 4900, Loss: 5.433564e-06, Relative L2 Error: 1.150252e-02
L-BFGS Iteration: 5000, Loss: 5.280370e-06, Relative L2 Error: 1.152463e-02
L-BFGS training completed after 5067 iterations
Model state saved to ./checkpoints/heat3d_exact/2026-05-29_08-36-44-111480/model.pth
Training completed successfully!
Relative L2 error (eval data): 1.13e-02
Saved solution comparison heatmaps to: ./checkpoints/heat3d_exact/2026-05-29_08-36-44-111480/solution_comparison_heat3d.png
