Random seed set to: 20
Solving Burgers equation: u_t + u*u_x = nu*u_xx with nu=0.01
Domain: (x, t) = [-1, 1] x [0, 1]
Using exact solution for boundary and initial conditions
Using DV Solver
The settings used:
batch_size : 64
epochs : 20000
lr : 0.001
seed : 20
print_every : 100
log_path : ./checkpoints/burgers_exact
input_dim : 2
output_dim : 1
num_qubits : 5
hidden_dim : 20
num_quantum_layers : 1
classic_network : [2, 20, 1]
q_ansatz : cross_mesh
mode : hybrid
activation : tanh
shots : None
problem : burgers_exact
solver : DV
device : cpu
method : None
cutoff_dim : 20
class : CVNeuralNetwork1
encoding : angle
use_rar : True
rar_eval_freq : 2000
rar_threshold : 0.0005
rar_num_candidates : 10000
rar_num_add : 100
use_hybrid_optimizer : True
adam_iterations : 10000
use_scipy_lbfgs : True
lbfgs_lr : 1
lbfgs_line_search : strong_wolfe
lbfgs_tolerance_grad : 1e-05
lbfgs_tolerance_change : 1e-07
lbfgs_maxiter : 10000
lbfgs_factr : 1000.0
lbfgs_pgtol : 1e-14
lbfgs_maxls : 50
lbfgs_m : 100
lbfgs_eval_every : 100
nx : 200
nt : 200
domainN : 500
leftN : 50
rightN : 50
initialN : 50
eval_total_points : 10000
Total number of parameters: 1186
The circuit used in the study:
Iteration: 0, loss_r = 4.8e-04 ,  loss_bc = 1.2e-01,  loss_ic = 9.4e-02,  lr = 1.0e-03, time_taken = 3.3e+00, rel_l2_error = 1.6e+00
Model state saved to ./checkpoints/burgers_exact\2026-03-04_12-31-42-126693\model.pth
Iteration: 100, loss_r = 3.6e-04 ,  loss_bc = 5.8e-04,  loss_ic = 4.2e-02,  lr = 1.0e-03, time_taken = 9.0e-01, rel_l2_error = 9.8e-01
Model state saved to ./checkpoints/burgers_exact\2026-03-04_12-31-42-126693\model.pth
Iteration: 200, loss_r = 6.4e-04 ,  loss_bc = 6.7e-04,  loss_ic = 2.9e-02,  lr = 1.0e-03, time_taken = 1.0e+00, rel_l2_error = 9.6e-01
Model state saved to ./checkpoints/burgers_exact\2026-03-04_12-31-42-126693\model.pth
Iteration: 300, loss_r = 1.4e-03 ,  loss_bc = 3.2e-04,  loss_ic = 4.2e-03,  lr = 1.0e-03, time_taken = 8.1e-01, rel_l2_error = 4.7e-01
Model state saved to ./checkpoints/burgers_exact\2026-03-04_12-31-42-126693\model.pth
Iteration: 400, loss_r = 1.3e-03 ,  loss_bc = 3.2e-04,  loss_ic = 6.9e-03,  lr = 1.0e-03, time_taken = 8.4e-01, rel_l2_error = 3.3e-01
Model state saved to ./checkpoints/burgers_exact\2026-03-04_12-31-42-126693\model.pth
Iteration: 500, loss_r = 6.1e-04 ,  loss_bc = 1.3e-04,  loss_ic = 3.5e-03,  lr = 1.0e-03, time_taken = 4.4e-01, rel_l2_error = 2.9e-01
Model state saved to ./checkpoints/burgers_exact\2026-03-04_12-31-42-126693\model.pth
Iteration: 600, loss_r = 4.1e-04 ,  loss_bc = 5.4e-05,  loss_ic = 3.3e-03,  lr = 1.0e-03, time_taken = 4.7e-01, rel_l2_error = 2.8e-01
Model state saved to ./checkpoints/burgers_exact\2026-03-04_12-31-42-126693\model.pth
Iteration: 700, loss_r = 5.4e-04 ,  loss_bc = 5.0e-05,  loss_ic = 2.5e-03,  lr = 1.0e-03, time_taken = 5.9e-01, rel_l2_error = 2.5e-01
Model state saved to ./checkpoints/burgers_exact\2026-03-04_12-31-42-126693\model.pth
Iteration: 800, loss_r = 5.0e-04 ,  loss_bc = 2.2e-05,  loss_ic = 2.4e-03,  lr = 1.0e-03, time_taken = 4.4e-01, rel_l2_error = 2.2e-01
Model state saved to ./checkpoints/burgers_exact\2026-03-04_12-31-42-126693\model.pth
Iteration: 900, loss_r = 2.5e-04 ,  loss_bc = 1.1e-04,  loss_ic = 1.1e-03,  lr = 1.0e-03, time_taken = 4.9e-01, rel_l2_error = 1.7e-01
Model state saved to ./checkpoints/burgers_exact\2026-03-04_12-31-42-126693\model.pth
Iteration: 1000, loss_r = 5.0e-04 ,  loss_bc = 5.4e-05,  loss_ic = 1.1e-03,  lr = 1.0e-03, time_taken = 4.5e-01, rel_l2_error = 1.5e-01
Model state saved to ./checkpoints/burgers_exact\2026-03-04_12-31-42-126693\model.pth
Iteration: 1100, loss_r = 2.3e-04 ,  loss_bc = 3.1e-05,  loss_ic = 3.9e-04,  lr = 1.0e-03, time_taken = 4.6e-01, rel_l2_error = 1.1e-01
Model state saved to ./checkpoints/burgers_exact\2026-03-04_12-31-42-126693\model.pth
Iteration: 1200, loss_r = 2.5e-04 ,  loss_bc = 3.0e-05,  loss_ic = 2.4e-04,  lr = 1.0e-03, time_taken = 3.9e-01, rel_l2_error = 9.6e-02
Model state saved to ./checkpoints/burgers_exact\2026-03-04_12-31-42-126693\model.pth
Iteration: 1300, loss_r = 2.5e-04 ,  loss_bc = 1.9e-05,  loss_ic = 2.8e-04,  lr = 1.0e-03, time_taken = 4.1e-01, rel_l2_error = 9.1e-02
Model state saved to ./checkpoints/burgers_exact\2026-03-04_12-31-42-126693\model.pth
Iteration: 1400, loss_r = 2.7e-04 ,  loss_bc = 1.9e-05,  loss_ic = 4.0e-04,  lr = 1.0e-03, time_taken = 4.5e-01, rel_l2_error = 7.5e-02
Model state saved to ./checkpoints/burgers_exact\2026-03-04_12-31-42-126693\model.pth
Iteration: 1500, loss_r = 1.2e-04 ,  loss_bc = 1.6e-05,  loss_ic = 1.2e-04,  lr = 1.0e-03, time_taken = 5.3e-01, rel_l2_error = 5.7e-02
Model state saved to ./checkpoints/burgers_exact\2026-03-04_12-31-42-126693\model.pth
Iteration: 1600, loss_r = 1.7e-04 ,  loss_bc = 5.6e-06,  loss_ic = 1.2e-04,  lr = 1.0e-03, time_taken = 4.4e-01, rel_l2_error = 4.5e-02
Model state saved to ./checkpoints/burgers_exact\2026-03-04_12-31-42-126693\model.pth
Iteration: 1700, loss_r = 7.0e-05 ,  loss_bc = 9.6e-06,  loss_ic = 6.3e-05,  lr = 1.0e-03, time_taken = 4.1e-01, rel_l2_error = 4.7e-02
Model state saved to ./checkpoints/burgers_exact\2026-03-04_12-31-42-126693\model.pth
Iteration: 1800, loss_r = 1.2e-04 ,  loss_bc = 4.3e-06,  loss_ic = 5.0e-05,  lr = 1.0e-03, time_taken = 5.1e-01, rel_l2_error = 3.1e-02
Model state saved to ./checkpoints/burgers_exact\2026-03-04_12-31-42-126693\model.pth
Iteration: 1900, loss_r = 4.6e-05 ,  loss_bc = 5.0e-06,  loss_ic = 6.8e-05,  lr = 1.0e-03, time_taken = 4.3e-01, rel_l2_error = 3.3e-02
Model state saved to ./checkpoints/burgers_exact\2026-03-04_12-31-42-126693\model.pth
Iteration: 2000, loss_r = 5.9e-05 ,  loss_bc = 6.2e-06,  loss_ic = 3.2e-05,  lr = 1.0e-03, time_taken = 4.3e-01, rel_l2_error = 3.6e-02
Model state saved to ./checkpoints/burgers_exact\2026-03-04_12-31-42-126693\model.pth

=== RAR Evaluation at iteration 2000 ===
Mean residual: 2.900e-01
Adding 100 new point(s) with highest residuals:
  Point 1: [ 0.12258518 -0.69829154], Residual: 2.007e+00
  Point 2: [ 0.25898552 -0.8892869 ], Residual: 1.906e+00
  Point 3: [ 0.2801034  -0.74007547], Residual: 1.894e+00
  Point 4: [ 0.09977031 -0.7700424 ], Residual: 1.884e+00
  Point 5: [ 0.25744188 -0.69916224], Residual: 1.854e+00
  Point 6: [ 0.16144848 -0.6958357 ], Residual: 1.786e+00
  Point 7: [ 0.2344945 -0.8783684], Residual: 1.768e+00
  Point 8: [ 0.09579992 -0.89236474], Residual: 1.745e+00
  Point 9: [ 0.96515775 -0.62834394], Residual: 1.734e+00
  Point 10: [ 0.3488742 -0.7827482], Residual: 1.694e+00
  Point 11: [ 0.6408695 -0.8931811], Residual: 1.682e+00
  Point 12: [ 0.46999413 -0.854594  ], Residual: 1.663e+00
  Point 13: [ 0.0162093 -0.7816119], Residual: 1.655e+00
  Point 14: [ 0.28747433 -0.7175014 ], Residual: 1.636e+00
  Point 15: [ 0.02166373 -0.6521628 ], Residual: 1.627e+00
  Point 16: [ 0.18515527 -0.7819574 ], Residual: 1.609e+00
  Point 17: [ 0.70720744 -0.45950902], Residual: 1.606e+00
  Point 18: [ 0.444265  -0.8081095], Residual: 1.604e+00
  Point 19: [ 0.41858214 -0.77820694], Residual: 1.591e+00
  Point 20: [ 0.2745509 -0.6485034], Residual: 1.585e+00
  Point 21: [ 0.8425734 -0.9353787], Residual: 1.584e+00
  Point 22: [ 0.3968644 -0.7908124], Residual: 1.582e+00
  Point 23: [ 0.82187265 -0.8832395 ], Residual: 1.546e+00
  Point 24: [ 0.57730556 -0.8002559 ], Residual: 1.528e+00
  Point 25: [ 0.71250916 -0.9359727 ], Residual: 1.527e+00
  Point 26: [ 0.44114935 -0.85465586], Residual: 1.524e+00
  Point 27: [ 0.13572723 -0.78556633], Residual: 1.514e+00
  Point 28: [ 0.47629935 -0.7871579 ], Residual: 1.506e+00
  Point 29: [ 0.43939847 -0.7195598 ], Residual: 1.506e+00
  Point 30: [ 0.75065964 -0.82300866], Residual: 1.505e+00
  Point 31: [ 0.7003448 -0.4596151], Residual: 1.499e+00
  Point 32: [ 0.5096056 -0.804242 ], Residual: 1.498e+00
  Point 33: [ 0.7436044  -0.82122517], Residual: 1.495e+00
  Point 34: [ 0.82777125 -0.90125036], Residual: 1.492e+00
  Point 35: [ 0.03020805 -0.8384583 ], Residual: 1.489e+00
  Point 36: [ 0.13976443 -0.75871646], Residual: 1.474e+00
  Point 37: [ 0.26367098 -0.7952863 ], Residual: 1.473e+00
  Point 38: [ 0.786429 -0.826812], Residual: 1.465e+00
  Point 39: [ 0.29888183 -0.73021376], Residual: 1.455e+00
  Point 40: [ 0.7124294  -0.84279025], Residual: 1.449e+00
  Point 41: [ 0.28897947 -0.68286705], Residual: 1.443e+00
  Point 42: [ 0.95739204 -0.92546606], Residual: 1.442e+00
  Point 43: [ 0.1421842  -0.76286006], Residual: 1.442e+00
  Point 44: [ 0.4502123 -0.8717977], Residual: 1.441e+00
  Point 45: [ 0.85684747 -0.85259914], Residual: 1.439e+00
  Point 46: [ 0.9559563 -0.9060104], Residual: 1.438e+00
  Point 47: [ 0.30710995 -0.7433275 ], Residual: 1.437e+00
  Point 48: [ 0.36010885 -0.987916  ], Residual: 1.436e+00
  Point 49: [ 0.30948198 -0.8354324 ], Residual: 1.435e+00
  Point 50: [ 0.68077    -0.92411125], Residual: 1.435e+00
  Point 51: [ 0.53760004 -0.9250829 ], Residual: 1.430e+00
  Point 52: [ 0.12916362 -0.7944852 ], Residual: 1.428e+00
  Point 53: [ 0.0520187 -0.6741724], Residual: 1.426e+00
  Point 54: [ 0.7962768 -0.8946099], Residual: 1.424e+00
  Point 55: [ 0.59216666 -0.8372114 ], Residual: 1.423e+00
  Point 56: [ 0.4956888  -0.46744454], Residual: 1.421e+00
  Point 57: [ 0.6334265  -0.78617775], Residual: 1.415e+00
  Point 58: [ 0.5120594  -0.86427677], Residual: 1.414e+00
  Point 59: [ 0.9638466 -0.9713175], Residual: 1.412e+00
  Point 60: [ 0.24896151 -0.74818623], Residual: 1.409e+00
  Point 61: [ 0.7420554  -0.96598554], Residual: 1.408e+00
  Point 62: [ 0.8375382 -0.920275 ], Residual: 1.407e+00
  Point 63: [ 0.477219  -0.7259017], Residual: 1.404e+00
  Point 64: [ 0.20685863 -0.8375598 ], Residual: 1.403e+00
  Point 65: [ 0.27380842 -0.6904787 ], Residual: 1.402e+00
  Point 66: [ 0.32962215 -0.8395294 ], Residual: 1.401e+00
  Point 67: [ 0.14616966 -0.75477433], Residual: 1.396e+00
  Point 68: [ 0.19169843 -0.70147634], Residual: 1.395e+00
  Point 69: [ 0.9119876  -0.96205366], Residual: 1.394e+00
  Point 70: [ 0.76808625 -0.93681526], Residual: 1.393e+00
  Point 71: [ 0.50042826 -0.77903724], Residual: 1.393e+00
  Point 72: [ 0.13619846 -0.7956816 ], Residual: 1.392e+00
  Point 73: [ 0.6948978 -0.99588  ], Residual: 1.387e+00
  Point 74: [ 0.12835228 -0.81007814], Residual: 1.386e+00
  Point 75: [ 0.16630578 -0.68491924], Residual: 1.384e+00
  Point 76: [ 0.6132863 -0.7733134], Residual: 1.384e+00
  Point 77: [ 0.30525923 -0.93415105], Residual: 1.381e+00
  Point 78: [ 0.5260477 -0.8414097], Residual: 1.375e+00
  Point 79: [ 0.23926789 -0.7474146 ], Residual: 1.375e+00
  Point 80: [ 0.7648085  -0.94091403], Residual: 1.374e+00
  Point 81: [ 0.6883308 -0.9524722], Residual: 1.373e+00
  Point 82: [ 0.76689255 -0.8460028 ], Residual: 1.373e+00
  Point 83: [ 0.35676003 -0.9039844 ], Residual: 1.369e+00
  Point 84: [ 0.5909198 -0.8435099], Residual: 1.369e+00
  Point 85: [ 0.30110908 -0.73744345], Residual: 1.367e+00
  Point 86: [ 0.7027049 -0.9715874], Residual: 1.367e+00
  Point 87: [ 0.35225195 -0.81523657], Residual: 1.367e+00
  Point 88: [ 0.05952376 -0.75517416], Residual: 1.366e+00
  Point 89: [ 0.8712439 -0.9695463], Residual: 1.364e+00
  Point 90: [ 0.27656978 -0.72629404], Residual: 1.364e+00
  Point 91: [ 0.15459466 -0.79426813], Residual: 1.364e+00
  Point 92: [ 0.3706069 -0.876117 ], Residual: 1.363e+00
  Point 93: [ 0.57272387 -0.77407527], Residual: 1.363e+00
  Point 94: [ 0.6993509  -0.75268865], Residual: 1.362e+00
  Point 95: [ 0.7459742  -0.60171354], Residual: 1.361e+00
  Point 96: [ 0.548163   -0.76670873], Residual: 1.359e+00
  Point 97: [ 0.27096844 -0.7911898 ], Residual: 1.359e+00
  Point 98: [ 0.4661337 -0.7604499], Residual: 1.352e+00
  Point 99: [ 0.27221316 -0.8221936 ], Residual: 1.352e+00
  Point 100: [ 0.60592586 -0.8906255 ], Residual: 1.351e+00
Total adaptive points: 100

Iteration: 2100, loss_r = 3.3e-05 ,  loss_bc = 5.3e-06,  loss_ic = 5.1e-05,  lr = 1.0e-03, time_taken = 4.9e-01, rel_l2_error = 2.8e-02
Model state saved to ./checkpoints/burgers_exact\2026-03-04_12-31-42-126693\model.pth
Iteration: 2200, loss_r = 3.4e-05 ,  loss_bc = 5.8e-06,  loss_ic = 1.7e-05,  lr = 1.0e-03, time_taken = 4.5e-01, rel_l2_error = 2.2e-02
Model state saved to ./checkpoints/burgers_exact\2026-03-04_12-31-42-126693\model.pth
Iteration: 2300, loss_r = 2.4e-05 ,  loss_bc = 9.5e-06,  loss_ic = 2.6e-05,  lr = 1.0e-03, time_taken = 4.6e-01, rel_l2_error = 1.7e-02
Model state saved to ./checkpoints/burgers_exact\2026-03-04_12-31-42-126693\model.pth
Iteration: 2400, loss_r = 3.5e-05 ,  loss_bc = 3.7e-06,  loss_ic = 1.8e-05,  lr = 1.0e-03, time_taken = 3.9e-01, rel_l2_error = 2.1e-02
Model state saved to ./checkpoints/burgers_exact\2026-03-04_12-31-42-126693\model.pth
Iteration: 2500, loss_r = 3.1e-05 ,  loss_bc = 4.8e-06,  loss_ic = 7.5e-06,  lr = 1.0e-03, time_taken = 4.9e-01, rel_l2_error = 1.7e-02
Model state saved to ./checkpoints/burgers_exact\2026-03-04_12-31-42-126693\model.pth
Iteration: 2600, loss_r = 3.4e-05 ,  loss_bc = 2.3e-06,  loss_ic = 1.6e-05,  lr = 1.0e-03, time_taken = 4.3e-01, rel_l2_error = 2.4e-02
Model state saved to ./checkpoints/burgers_exact\2026-03-04_12-31-42-126693\model.pth
Iteration: 2700, loss_r = 1.9e-05 ,  loss_bc = 3.1e-06,  loss_ic = 9.8e-06,  lr = 1.0e-03, time_taken = 4.5e-01, rel_l2_error = 1.5e-02
Model state saved to ./checkpoints/burgers_exact\2026-03-04_12-31-42-126693\model.pth
Iteration: 2800, loss_r = 2.2e-05 ,  loss_bc = 3.1e-06,  loss_ic = 7.7e-06,  lr = 1.0e-03, time_taken = 3.7e-01, rel_l2_error = 1.8e-02
Model state saved to ./checkpoints/burgers_exact\2026-03-04_12-31-42-126693\model.pth
Iteration: 2900, loss_r = 2.5e-05 ,  loss_bc = 1.5e-06,  loss_ic = 4.0e-06,  lr = 1.0e-03, time_taken = 4.7e-01, rel_l2_error = 1.7e-02
Model state saved to ./checkpoints/burgers_exact\2026-03-04_12-31-42-126693\model.pth
Iteration: 3000, loss_r = 2.5e-05 ,  loss_bc = 3.1e-06,  loss_ic = 5.4e-06,  lr = 1.0e-03, time_taken = 4.5e-01, rel_l2_error = 1.2e-02
Model state saved to ./checkpoints/burgers_exact\2026-03-04_12-31-42-126693\model.pth
Iteration: 3100, loss_r = 2.1e-05 ,  loss_bc = 1.0e-06,  loss_ic = 5.7e-06,  lr = 1.0e-03, time_taken = 4.5e-01, rel_l2_error = 1.1e-02
Model state saved to ./checkpoints/burgers_exact\2026-03-04_12-31-42-126693\model.pth
Iteration: 3200, loss_r = 2.1e-05 ,  loss_bc = 3.0e-06,  loss_ic = 3.9e-06,  lr = 1.0e-03, time_taken = 4.1e-01, rel_l2_error = 1.3e-02
Model state saved to ./checkpoints/burgers_exact\2026-03-04_12-31-42-126693\model.pth
Iteration: 3300, loss_r = 1.3e-05 ,  loss_bc = 1.7e-06,  loss_ic = 8.3e-06,  lr = 1.0e-03, time_taken = 4.1e-01, rel_l2_error = 1.5e-02
Model state saved to ./checkpoints/burgers_exact\2026-03-04_12-31-42-126693\model.pth
Iteration: 3400, loss_r = 1.5e-05 ,  loss_bc = 4.7e-06,  loss_ic = 1.3e-05,  lr = 1.0e-03, time_taken = 4.4e-01, rel_l2_error = 2.2e-02
Model state saved to ./checkpoints/burgers_exact\2026-03-04_12-31-42-126693\model.pth
Iteration: 3500, loss_r = 1.4e-05 ,  loss_bc = 1.9e-06,  loss_ic = 5.5e-06,  lr = 1.0e-03, time_taken = 4.4e-01, rel_l2_error = 1.2e-02
Model state saved to ./checkpoints/burgers_exact\2026-03-04_12-31-42-126693\model.pth
Iteration: 3600, loss_r = 1.1e-05 ,  loss_bc = 2.4e-06,  loss_ic = 5.7e-06,  lr = 1.0e-03, time_taken = 3.7e-01, rel_l2_error = 1.1e-02
Model state saved to ./checkpoints/burgers_exact\2026-03-04_12-31-42-126693\model.pth
Iteration: 3700, loss_r = 1.2e-05 ,  loss_bc = 8.7e-07,  loss_ic = 5.7e-06,  lr = 1.0e-03, time_taken = 4.6e-01, rel_l2_error = 1.2e-02
Model state saved to ./checkpoints/burgers_exact\2026-03-04_12-31-42-126693\model.pth
Iteration: 3800, loss_r = 1.0e-05 ,  loss_bc = 4.1e-07,  loss_ic = 2.7e-06,  lr = 1.0e-03, time_taken = 7.6e-01, rel_l2_error = 1.0e-02
Model state saved to ./checkpoints/burgers_exact\2026-03-04_12-31-42-126693\model.pth
Iteration: 3900, loss_r = 1.1e-05 ,  loss_bc = 1.8e-06,  loss_ic = 5.9e-06,  lr = 1.0e-03, time_taken = 5.4e-01, rel_l2_error = 9.3e-03
Model state saved to ./checkpoints/burgers_exact\2026-03-04_12-31-42-126693\model.pth
Iteration: 4000, loss_r = 8.8e-06 ,  loss_bc = 9.1e-07,  loss_ic = 3.2e-06,  lr = 1.0e-03, time_taken = 4.5e-01, rel_l2_error = 8.5e-03
Model state saved to ./checkpoints/burgers_exact\2026-03-04_12-31-42-126693\model.pth

=== RAR Evaluation at iteration 4000 ===
Mean residual: 3.103e-01
Adding 100 new point(s) with highest residuals:
  Point 1: [ 0.03019649 -0.6862327 ], Residual: 2.416e+00
  Point 2: [ 0.3547699 -0.7087841], Residual: 2.367e+00
  Point 3: [ 0.15362561 -0.6683165 ], Residual: 2.208e+00
  Point 4: [ 0.5764526 -0.7984866], Residual: 2.193e+00
  Point 5: [ 0.05024731 -0.70518017], Residual: 2.179e+00
  Point 6: [ 0.78101116 -0.73810136], Residual: 2.151e+00
  Point 7: [ 0.20249486 -0.76292014], Residual: 2.129e+00
  Point 8: [ 0.06636125 -0.73985493], Residual: 2.083e+00
  Point 9: [ 0.14092457 -0.68316245], Residual: 2.052e+00
  Point 10: [ 0.6302199  -0.81871164], Residual: 2.051e+00
  Point 11: [ 0.21864176 -0.6527066 ], Residual: 2.012e+00
  Point 12: [ 0.6599897 -0.7404572], Residual: 1.985e+00
  Point 13: [ 0.4815464  -0.77185714], Residual: 1.974e+00
  Point 14: [ 0.39573163 -0.74014664], Residual: 1.966e+00
  Point 15: [ 0.76456696 -0.7995157 ], Residual: 1.954e+00
  Point 16: [ 0.62427515 -0.77209616], Residual: 1.943e+00
  Point 17: [ 0.6587955  -0.79409325], Residual: 1.932e+00
  Point 18: [ 0.37989032 -0.82463944], Residual: 1.925e+00
  Point 19: [ 0.3871544 -0.6918155], Residual: 1.894e+00
  Point 20: [ 0.1600486 -0.7221278], Residual: 1.887e+00
  Point 21: [ 0.95412445 -0.77096367], Residual: 1.883e+00
  Point 22: [ 0.18351632 -0.6181698 ], Residual: 1.877e+00
  Point 23: [ 0.47634828 -0.73221135], Residual: 1.869e+00
  Point 24: [ 0.37488115 -0.6502819 ], Residual: 1.846e+00
  Point 25: [ 0.911722  -0.8908988], Residual: 1.833e+00
  Point 26: [ 0.12898809 -0.74609685], Residual: 1.825e+00
  Point 27: [ 0.27311575 -0.74412835], Residual: 1.812e+00
  Point 28: [ 0.687303   -0.80876243], Residual: 1.808e+00
  Point 29: [ 0.23971838 -0.63905907], Residual: 1.808e+00
  Point 30: [ 0.65309566 -0.7830354 ], Residual: 1.803e+00
  Point 31: [ 0.0528633  -0.67281413], Residual: 1.802e+00
  Point 32: [ 0.7147889  -0.54800725], Residual: 1.796e+00
  Point 33: [ 0.78384155 -0.8240771 ], Residual: 1.793e+00
  Point 34: [ 0.21309626 -0.6384995 ], Residual: 1.789e+00
  Point 35: [ 0.55923486 -0.8507769 ], Residual: 1.782e+00
  Point 36: [ 0.41713917 -0.7273996 ], Residual: 1.777e+00
  Point 37: [ 0.48076087 -0.7287948 ], Residual: 1.766e+00
  Point 38: [ 0.29474723 -0.6762396 ], Residual: 1.742e+00
  Point 39: [ 0.21662748 -0.72116506], Residual: 1.735e+00
  Point 40: [ 0.41959238 -0.6667479 ], Residual: 1.731e+00
  Point 41: [ 0.13561094 -0.57005334], Residual: 1.730e+00
  Point 42: [ 0.81347567 -0.8215734 ], Residual: 1.730e+00
  Point 43: [ 0.82583624 -0.9489566 ], Residual: 1.725e+00
  Point 44: [ 0.44047898 -0.8175796 ], Residual: 1.722e+00
  Point 45: [ 0.8054909  -0.93730724], Residual: 1.702e+00
  Point 46: [ 0.61569756 -0.8235557 ], Residual: 1.698e+00
  Point 47: [ 0.1652767 -0.6939386], Residual: 1.698e+00
  Point 48: [ 0.13195676 -0.6765053 ], Residual: 1.683e+00
  Point 49: [ 0.42596126 -0.8830682 ], Residual: 1.678e+00
  Point 50: [ 0.92757124 -0.8727237 ], Residual: 1.671e+00
  Point 51: [ 0.19344968 -0.7548083 ], Residual: 1.666e+00
  Point 52: [ 0.9687585  -0.94273794], Residual: 1.665e+00
  Point 53: [ 0.5750517  -0.94272804], Residual: 1.662e+00
  Point 54: [ 0.4258753 -0.7544646], Residual: 1.661e+00
  Point 55: [ 0.30675977 -0.80165005], Residual: 1.647e+00
  Point 56: [ 0.44410938 -0.7566248 ], Residual: 1.645e+00
  Point 57: [ 0.30999732 -0.7435343 ], Residual: 1.641e+00
  Point 58: [ 0.71023124 -0.90431917], Residual: 1.635e+00
  Point 59: [ 0.46986747 -0.62599933], Residual: 1.633e+00
  Point 60: [ 0.7306699 -0.7229192], Residual: 1.631e+00
  Point 61: [ 0.19610965 -0.76423967], Residual: 1.630e+00
  Point 62: [ 0.89771825 -0.8681402 ], Residual: 1.626e+00
  Point 63: [ 0.30771697 -0.6819223 ], Residual: 1.624e+00
  Point 64: [ 0.85377383 -0.82233965], Residual: 1.624e+00
  Point 65: [ 0.6731344  -0.75545716], Residual: 1.623e+00
  Point 66: [ 0.66766715 -0.80641985], Residual: 1.618e+00
  Point 67: [ 0.37562728 -0.79622436], Residual: 1.617e+00
  Point 68: [ 0.50637245 -0.86428297], Residual: 1.616e+00
  Point 69: [ 0.64597535 -0.76028347], Residual: 1.616e+00
  Point 70: [ 0.5629092 -0.738884 ], Residual: 1.615e+00
  Point 71: [ 0.4177004 -0.7134249], Residual: 1.613e+00
  Point 72: [ 0.48925483 -0.8053758 ], Residual: 1.610e+00
  Point 73: [ 0.14182788 -0.4779843 ], Residual: 1.610e+00
  Point 74: [ 0.8409919 -0.9131186], Residual: 1.608e+00
  Point 75: [ 0.90887773 -0.74235535], Residual: 1.604e+00
  Point 76: [ 0.6633347 -0.8377681], Residual: 1.603e+00
  Point 77: [ 0.23625898 -0.65470374], Residual: 1.601e+00
  Point 78: [ 0.77863175 -0.92523336], Residual: 1.601e+00
  Point 79: [ 0.03008425 -0.6574074 ], Residual: 1.600e+00
  Point 80: [ 0.08119726 -0.7789104 ], Residual: 1.598e+00
  Point 81: [ 0.23529238 -0.7175256 ], Residual: 1.597e+00
  Point 82: [ 0.782052  -0.8542625], Residual: 1.586e+00
  Point 83: [ 0.24923074 -0.7088131 ], Residual: 1.583e+00
  Point 84: [ 0.5208333 -0.8204702], Residual: 1.579e+00
  Point 85: [ 0.06037563 -0.8369398 ], Residual: 1.578e+00
  Point 86: [ 0.38559538 -0.78865385], Residual: 1.570e+00
  Point 87: [ 0.028247  -0.8122604], Residual: 1.558e+00
  Point 88: [ 0.71099174 -0.88581383], Residual: 1.558e+00
  Point 89: [ 0.47827315 -0.7271627 ], Residual: 1.555e+00
  Point 90: [ 0.15812898 -0.80122876], Residual: 1.550e+00
  Point 91: [ 0.6645572  -0.80746734], Residual: 1.549e+00
  Point 92: [ 0.12313879 -0.67978394], Residual: 1.545e+00
  Point 93: [ 0.8113473  -0.87660384], Residual: 1.542e+00
  Point 94: [ 0.14833796 -0.6390952 ], Residual: 1.540e+00
  Point 95: [ 0.61250526 -0.80899763], Residual: 1.538e+00
  Point 96: [ 0.4079672  -0.71533763], Residual: 1.535e+00
  Point 97: [ 0.8752483  -0.99947643], Residual: 1.528e+00
  Point 98: [ 0.57969946 -0.6346307 ], Residual: 1.528e+00
  Point 99: [ 0.03071171 -0.7640618 ], Residual: 1.526e+00
  Point 100: [ 0.5523651 -0.877247 ], Residual: 1.520e+00
Total adaptive points: 200

Iteration: 4100, loss_r = 9.4e-06 ,  loss_bc = 7.9e-07,  loss_ic = 3.8e-06,  lr = 1.0e-03, time_taken = 5.6e-01, rel_l2_error = 1.2e-02
Model state saved to ./checkpoints/burgers_exact\2026-03-04_12-31-42-126693\model.pth
Iteration: 4200, loss_r = 1.2e-05 ,  loss_bc = 6.5e-07,  loss_ic = 3.6e-06,  lr = 1.0e-03, time_taken = 6.0e-01, rel_l2_error = 9.4e-03
Model state saved to ./checkpoints/burgers_exact\2026-03-04_12-31-42-126693\model.pth
Iteration: 4300, loss_r = 1.1e-05 ,  loss_bc = 1.2e-06,  loss_ic = 4.6e-06,  lr = 1.0e-03, time_taken = 4.8e-01, rel_l2_error = 9.7e-03
Model state saved to ./checkpoints/burgers_exact\2026-03-04_12-31-42-126693\model.pth
Iteration: 4400, loss_r = 1.0e-05 ,  loss_bc = 4.5e-06,  loss_ic = 6.3e-06,  lr = 1.0e-03, time_taken = 4.8e-01, rel_l2_error = 1.5e-02
Model state saved to ./checkpoints/burgers_exact\2026-03-04_12-31-42-126693\model.pth
Iteration: 4500, loss_r = 7.5e-06 ,  loss_bc = 2.9e-06,  loss_ic = 4.8e-06,  lr = 1.0e-03, time_taken = 4.1e-01, rel_l2_error = 1.1e-02
Model state saved to ./checkpoints/burgers_exact\2026-03-04_12-31-42-126693\model.pth
Iteration: 4600, loss_r = 6.0e-06 ,  loss_bc = 4.3e-06,  loss_ic = 4.4e-06,  lr = 1.0e-03, time_taken = 3.9e-01, rel_l2_error = 7.4e-03
Model state saved to ./checkpoints/burgers_exact\2026-03-04_12-31-42-126693\model.pth
Iteration: 4700, loss_r = 8.4e-06 ,  loss_bc = 1.2e-06,  loss_ic = 2.3e-06,  lr = 1.0e-03, time_taken = 4.6e-01, rel_l2_error = 1.2e-02
Model state saved to ./checkpoints/burgers_exact\2026-03-04_12-31-42-126693\model.pth
Iteration: 4800, loss_r = 1.2e-05 ,  loss_bc = 4.2e-06,  loss_ic = 4.5e-06,  lr = 1.0e-03, time_taken = 4.4e-01, rel_l2_error = 1.0e-02
Model state saved to ./checkpoints/burgers_exact\2026-03-04_12-31-42-126693\model.pth
Iteration: 4900, loss_r = 5.8e-06 ,  loss_bc = 3.4e-07,  loss_ic = 2.0e-06,  lr = 1.0e-03, time_taken = 4.0e-01, rel_l2_error = 1.5e-02
Model state saved to ./checkpoints/burgers_exact\2026-03-04_12-31-42-126693\model.pth
Iteration: 5000, loss_r = 7.9e-06 ,  loss_bc = 6.3e-07,  loss_ic = 3.6e-06,  lr = 1.0e-03, time_taken = 3.9e-01, rel_l2_error = 9.6e-03
Model state saved to ./checkpoints/burgers_exact\2026-03-04_12-31-42-126693\model.pth
Iteration: 5100, loss_r = 1.2e-05 ,  loss_bc = 3.2e-06,  loss_ic = 2.9e-06,  lr = 1.0e-03, time_taken = 4.4e-01, rel_l2_error = 7.1e-03
Model state saved to ./checkpoints/burgers_exact\2026-03-04_12-31-42-126693\model.pth
Iteration: 5200, loss_r = 4.3e-06 ,  loss_bc = 8.3e-07,  loss_ic = 3.0e-06,  lr = 1.0e-03, time_taken = 5.3e-01, rel_l2_error = 1.1e-02
Model state saved to ./checkpoints/burgers_exact\2026-03-04_12-31-42-126693\model.pth
Iteration: 5300, loss_r = 9.7e-06 ,  loss_bc = 1.7e-07,  loss_ic = 1.9e-06,  lr = 1.0e-03, time_taken = 4.3e-01, rel_l2_error = 1.1e-02
Model state saved to ./checkpoints/burgers_exact\2026-03-04_12-31-42-126693\model.pth
Iteration: 5400, loss_r = 4.8e-06 ,  loss_bc = 1.1e-05,  loss_ic = 1.1e-05,  lr = 1.0e-03, time_taken = 3.9e-01, rel_l2_error = 2.0e-02
Model state saved to ./checkpoints/burgers_exact\2026-03-04_12-31-42-126693\model.pth
Iteration: 5500, loss_r = 9.1e-06 ,  loss_bc = 5.9e-07,  loss_ic = 2.6e-06,  lr = 1.0e-03, time_taken = 4.5e-01, rel_l2_error = 7.4e-03
Model state saved to ./checkpoints/burgers_exact\2026-03-04_12-31-42-126693\model.pth
Iteration: 5600, loss_r = 5.4e-06 ,  loss_bc = 5.1e-08,  loss_ic = 2.2e-06,  lr = 1.0e-03, time_taken = 4.3e-01, rel_l2_error = 7.2e-03
Model state saved to ./checkpoints/burgers_exact\2026-03-04_12-31-42-126693\model.pth
Iteration: 5700, loss_r = 3.3e-06 ,  loss_bc = 5.2e-07,  loss_ic = 3.2e-06,  lr = 1.0e-03, time_taken = 4.6e-01, rel_l2_error = 1.1e-02
Model state saved to ./checkpoints/burgers_exact\2026-03-04_12-31-42-126693\model.pth
Iteration: 5800, loss_r = 6.6e-06 ,  loss_bc = 1.9e-06,  loss_ic = 3.1e-06,  lr = 1.0e-03, time_taken = 7.9e-01, rel_l2_error = 1.2e-02
Model state saved to ./checkpoints/burgers_exact\2026-03-04_12-31-42-126693\model.pth
Iteration: 5900, loss_r = 3.5e-06 ,  loss_bc = 2.6e-07,  loss_ic = 1.6e-06,  lr = 1.0e-03, time_taken = 5.0e-01, rel_l2_error = 5.9e-03
Model state saved to ./checkpoints/burgers_exact\2026-03-04_12-31-42-126693\model.pth
Iteration: 6000, loss_r = 4.4e-06 ,  loss_bc = 5.8e-07,  loss_ic = 1.9e-06,  lr = 1.0e-03, time_taken = 4.5e-01, rel_l2_error = 1.3e-02
Model state saved to ./checkpoints/burgers_exact\2026-03-04_12-31-42-126693\model.pth

=== RAR Evaluation at iteration 6000 ===
Mean residual: 3.107e-01
Adding 100 new point(s) with highest residuals:
  Point 1: [ 0.29650527 -0.6650977 ], Residual: 2.410e+00
  Point 2: [ 0.04838473 -0.6238693 ], Residual: 2.410e+00
  Point 3: [ 0.03696853 -0.706727  ], Residual: 2.264e+00
  Point 4: [ 0.43939775 -0.8865696 ], Residual: 2.257e+00
  Point 5: [ 0.08002537 -0.6900965 ], Residual: 2.240e+00
  Point 6: [ 0.30159855 -0.6514417 ], Residual: 2.174e+00
  Point 7: [ 0.06900215 -0.54436755], Residual: 2.123e+00
  Point 8: [ 0.47760195 -0.70042133], Residual: 2.079e+00
  Point 9: [ 0.8397065 -0.7656939], Residual: 2.077e+00
  Point 10: [ 0.50729334 -0.79109883], Residual: 2.046e+00
  Point 11: [ 0.30749422 -0.7063887 ], Residual: 2.038e+00
  Point 12: [ 0.0007844 -0.5766169], Residual: 2.031e+00
  Point 13: [ 0.5035114 -0.7320366], Residual: 2.013e+00
  Point 14: [ 0.5814243 -0.9221612], Residual: 2.010e+00
  Point 15: [ 0.31722367 -0.6491462 ], Residual: 1.977e+00
  Point 16: [ 0.41644192 -0.67812693], Residual: 1.969e+00
  Point 17: [ 0.70071137 -0.8950721 ], Residual: 1.961e+00
  Point 18: [ 0.33602017 -0.6928574 ], Residual: 1.934e+00
  Point 19: [ 0.7381221 -0.6949873], Residual: 1.911e+00
  Point 20: [ 0.15038788 -0.81342125], Residual: 1.905e+00
  Point 21: [ 0.9497009 -0.9390776], Residual: 1.892e+00
  Point 22: [ 0.3485269 -0.695158 ], Residual: 1.874e+00
  Point 23: [ 0.0955748  -0.74624133], Residual: 1.871e+00
  Point 24: [ 0.227476 -0.652356], Residual: 1.870e+00
  Point 25: [ 0.31921637 -0.6976477 ], Residual: 1.864e+00
  Point 26: [ 0.51150084 -0.7985803 ], Residual: 1.864e+00
  Point 27: [ 0.41861117 -0.8509457 ], Residual: 1.863e+00
  Point 28: [ 0.8085094  -0.98947084], Residual: 1.851e+00
  Point 29: [ 0.2785669 -0.7087536], Residual: 1.850e+00
  Point 30: [ 0.4771015 -0.8178927], Residual: 1.849e+00
  Point 31: [ 0.87204045 -0.9124801 ], Residual: 1.824e+00
  Point 32: [ 0.30601984 -0.72860503], Residual: 1.817e+00
  Point 33: [ 0.80775565 -0.9061326 ], Residual: 1.807e+00
  Point 34: [ 0.47684485 -0.7808926 ], Residual: 1.806e+00
  Point 35: [ 0.3336717 -0.6634575], Residual: 1.805e+00
  Point 36: [ 0.38032043 -0.74948525], Residual: 1.790e+00
  Point 37: [ 0.4657219 -0.6644852], Residual: 1.790e+00
  Point 38: [ 0.09905237 -0.6274266 ], Residual: 1.785e+00
  Point 39: [ 0.02987641 -0.69216895], Residual: 1.784e+00
  Point 40: [ 0.4736647  -0.75377953], Residual: 1.783e+00
  Point 41: [ 0.09025049 -0.6677046 ], Residual: 1.770e+00
  Point 42: [ 0.33121592 -0.5779569 ], Residual: 1.767e+00
  Point 43: [ 0.8071397  -0.97140884], Residual: 1.765e+00
  Point 44: [ 0.30885702 -0.8202361 ], Residual: 1.762e+00
  Point 45: [ 0.05750555 -0.5815866 ], Residual: 1.761e+00
  Point 46: [ 0.46185213 -0.7274591 ], Residual: 1.761e+00
  Point 47: [ 0.45152152 -0.82782197], Residual: 1.756e+00
  Point 48: [ 0.81203586 -0.87140894], Residual: 1.750e+00
  Point 49: [ 0.21802348 -0.7900815 ], Residual: 1.734e+00
  Point 50: [ 0.2336753  -0.70640874], Residual: 1.733e+00
  Point 51: [ 0.38588387 -0.7711568 ], Residual: 1.716e+00
  Point 52: [ 0.03502584 -0.73450136], Residual: 1.716e+00
  Point 53: [ 0.34082985 -0.80883574], Residual: 1.709e+00
  Point 54: [ 0.11396617 -0.5583806 ], Residual: 1.699e+00
  Point 55: [ 0.31938368 -0.71758854], Residual: 1.696e+00
  Point 56: [ 0.09220141 -0.7560159 ], Residual: 1.694e+00
  Point 57: [ 0.44170874 -0.9237652 ], Residual: 1.690e+00
  Point 58: [ 0.74778163 -0.8856634 ], Residual: 1.689e+00
  Point 59: [ 0.07504672 -0.633654  ], Residual: 1.685e+00
  Point 60: [ 0.52447766 -0.8045397 ], Residual: 1.685e+00
  Point 61: [ 0.6767302  -0.77949035], Residual: 1.683e+00
  Point 62: [ 0.06356859 -0.71018744], Residual: 1.679e+00
  Point 63: [ 0.457465   -0.73252666], Residual: 1.667e+00
  Point 64: [ 0.6021842  -0.52260554], Residual: 1.667e+00
  Point 65: [ 0.43852156 -0.8985958 ], Residual: 1.664e+00
  Point 66: [ 0.14915389 -0.6122234 ], Residual: 1.662e+00
  Point 67: [ 0.26950318 -0.601122  ], Residual: 1.661e+00
  Point 68: [ 0.20688856 -0.83413565], Residual: 1.657e+00
  Point 69: [ 0.22690696 -0.7699636 ], Residual: 1.650e+00
  Point 70: [ 0.3342089 -0.8390391], Residual: 1.641e+00
  Point 71: [ 0.7098413 -0.7418797], Residual: 1.633e+00
  Point 72: [ 0.1696307  -0.62527573], Residual: 1.631e+00
  Point 73: [ 0.09447944 -0.82814956], Residual: 1.618e+00
  Point 74: [ 0.43399483 -0.6729547 ], Residual: 1.611e+00
  Point 75: [ 0.09244192 -0.61927176], Residual: 1.609e+00
  Point 76: [ 0.75709903 -0.80403733], Residual: 1.605e+00
  Point 77: [ 0.52558166 -0.75640535], Residual: 1.596e+00
  Point 78: [ 0.8403793 -0.9893881], Residual: 1.594e+00
  Point 79: [ 0.27199346 -0.7925887 ], Residual: 1.590e+00
  Point 80: [ 0.44934565 -0.77596354], Residual: 1.588e+00
  Point 81: [ 0.84597415 -0.80559945], Residual: 1.584e+00
  Point 82: [ 0.83914846 -0.81023014], Residual: 1.582e+00
  Point 83: [ 0.63286483 -0.8968593 ], Residual: 1.581e+00
  Point 84: [ 0.20756638 -0.8550564 ], Residual: 1.579e+00
  Point 85: [ 0.72622496 -0.85731375], Residual: 1.578e+00
  Point 86: [ 0.5309681 -0.6704961], Residual: 1.574e+00
  Point 87: [ 0.51164067 -0.7976935 ], Residual: 1.573e+00
  Point 88: [ 0.17435569 -0.6871536 ], Residual: 1.572e+00
  Point 89: [ 0.2413553 -0.6199075], Residual: 1.572e+00
  Point 90: [ 0.29966712 -0.89906156], Residual: 1.571e+00
  Point 91: [ 0.27442062 -0.655607  ], Residual: 1.569e+00
  Point 92: [ 0.06324345 -0.543524  ], Residual: 1.562e+00
  Point 93: [ 0.6301531 -0.8410591], Residual: 1.560e+00
  Point 94: [ 0.05384803 -0.66989887], Residual: 1.560e+00
  Point 95: [ 0.8317811 -0.9043176], Residual: 1.556e+00
  Point 96: [ 0.48308414 -0.7923658 ], Residual: 1.549e+00
  Point 97: [ 0.9021666  -0.79484344], Residual: 1.546e+00
  Point 98: [ 0.14900339 -0.5762818 ], Residual: 1.544e+00
  Point 99: [ 0.16626799 -0.93039954], Residual: 1.542e+00
  Point 100: [ 0.27115208 -0.62653136], Residual: 1.540e+00
Total adaptive points: 300

Iteration: 6100, loss_r = 3.6e-06 ,  loss_bc = 7.4e-07,  loss_ic = 3.0e-06,  lr = 1.0e-03, time_taken = 4.5e-01, rel_l2_error = 1.0e-02
Model state saved to ./checkpoints/burgers_exact\2026-03-04_12-31-42-126693\model.pth
Iteration: 6200, loss_r = 2.8e-06 ,  loss_bc = 3.7e-07,  loss_ic = 2.4e-06,  lr = 1.0e-03, time_taken = 3.8e-01, rel_l2_error = 4.3e-03
Model state saved to ./checkpoints/burgers_exact\2026-03-04_12-31-42-126693\model.pth
Iteration: 6300, loss_r = 4.4e-06 ,  loss_bc = 4.1e-07,  loss_ic = 1.4e-06,  lr = 1.0e-03, time_taken = 4.2e-01, rel_l2_error = 7.5e-03
Model state saved to ./checkpoints/burgers_exact\2026-03-04_12-31-42-126693\model.pth
Iteration: 6400, loss_r = 3.4e-06 ,  loss_bc = 3.9e-07,  loss_ic = 1.1e-06,  lr = 1.0e-03, time_taken = 4.9e-01, rel_l2_error = 6.0e-03
Model state saved to ./checkpoints/burgers_exact\2026-03-04_12-31-42-126693\model.pth
Iteration: 6500, loss_r = 2.2e-06 ,  loss_bc = 3.2e-06,  loss_ic = 1.8e-06,  lr = 1.0e-03, time_taken = 4.4e-01, rel_l2_error = 7.4e-03
Model state saved to ./checkpoints/burgers_exact\2026-03-04_12-31-42-126693\model.pth
Iteration: 6600, loss_r = 3.7e-06 ,  loss_bc = 1.8e-06,  loss_ic = 2.2e-06,  lr = 1.0e-03, time_taken = 4.1e-01, rel_l2_error = 7.3e-03
Model state saved to ./checkpoints/burgers_exact\2026-03-04_12-31-42-126693\model.pth
Iteration: 6700, loss_r = 3.7e-06 ,  loss_bc = 3.1e-06,  loss_ic = 3.8e-06,  lr = 1.0e-03, time_taken = 4.2e-01, rel_l2_error = 6.7e-03
Model state saved to ./checkpoints/burgers_exact\2026-03-04_12-31-42-126693\model.pth
Iteration: 6800, loss_r = 2.1e-06 ,  loss_bc = 1.1e-07,  loss_ic = 1.1e-06,  lr = 1.0e-03, time_taken = 4.1e-01, rel_l2_error = 6.5e-03
Model state saved to ./checkpoints/burgers_exact\2026-03-04_12-31-42-126693\model.pth
Iteration: 6900, loss_r = 2.6e-06 ,  loss_bc = 3.1e-06,  loss_ic = 2.4e-06,  lr = 1.0e-03, time_taken = 4.7e-01, rel_l2_error = 7.2e-03
Model state saved to ./checkpoints/burgers_exact\2026-03-04_12-31-42-126693\model.pth
Iteration: 7000, loss_r = 3.0e-06 ,  loss_bc = 9.8e-08,  loss_ic = 5.7e-07,  lr = 1.0e-03, time_taken = 4.1e-01, rel_l2_error = 6.9e-03
Model state saved to ./checkpoints/burgers_exact\2026-03-04_12-31-42-126693\model.pth
Iteration: 7100, loss_r = 2.0e-06 ,  loss_bc = 6.5e-06,  loss_ic = 3.7e-06,  lr = 1.0e-03, time_taken = 5.1e-01, rel_l2_error = 9.0e-03
Model state saved to ./checkpoints/burgers_exact\2026-03-04_12-31-42-126693\model.pth
Iteration: 7200, loss_r = 5.1e-06 ,  loss_bc = 4.7e-06,  loss_ic = 1.1e-06,  lr = 1.0e-03, time_taken = 4.5e-01, rel_l2_error = 1.2e-02
Model state saved to ./checkpoints/burgers_exact\2026-03-04_12-31-42-126693\model.pth
Iteration: 7300, loss_r = 2.2e-06 ,  loss_bc = 9.0e-08,  loss_ic = 2.0e-06,  lr = 1.0e-03, time_taken = 4.3e-01, rel_l2_error = 7.2e-03
Model state saved to ./checkpoints/burgers_exact\2026-03-04_12-31-42-126693\model.pth
Iteration: 7400, loss_r = 2.0e-06 ,  loss_bc = 7.1e-08,  loss_ic = 1.4e-06,  lr = 1.0e-03, time_taken = 3.8e-01, rel_l2_error = 7.8e-03
Model state saved to ./checkpoints/burgers_exact\2026-03-04_12-31-42-126693\model.pth
Iteration: 7500, loss_r = 4.1e-06 ,  loss_bc = 1.3e-05,  loss_ic = 2.4e-06,  lr = 1.0e-03, time_taken = 4.5e-01, rel_l2_error = 1.2e-02
Model state saved to ./checkpoints/burgers_exact\2026-03-04_12-31-42-126693\model.pth
Iteration: 7600, loss_r = 3.4e-06 ,  loss_bc = 4.6e-07,  loss_ic = 2.0e-06,  lr = 1.0e-03, time_taken = 4.3e-01, rel_l2_error = 6.8e-03
Model state saved to ./checkpoints/burgers_exact\2026-03-04_12-31-42-126693\model.pth
Iteration: 7700, loss_r = 3.1e-06 ,  loss_bc = 6.3e-07,  loss_ic = 1.2e-06,  lr = 1.0e-03, time_taken = 4.7e-01, rel_l2_error = 6.8e-03
Model state saved to ./checkpoints/burgers_exact\2026-03-04_12-31-42-126693\model.pth
Iteration: 7800, loss_r = 3.1e-06 ,  loss_bc = 6.4e-06,  loss_ic = 2.6e-06,  lr = 1.0e-03, time_taken = 5.2e-01, rel_l2_error = 8.2e-03
Model state saved to ./checkpoints/burgers_exact\2026-03-04_12-31-42-126693\model.pth
Iteration: 7900, loss_r = 6.7e-06 ,  loss_bc = 1.6e-06,  loss_ic = 1.3e-06,  lr = 1.0e-03, time_taken = 5.3e-01, rel_l2_error = 8.9e-03
Model state saved to ./checkpoints/burgers_exact\2026-03-04_12-31-42-126693\model.pth
Iteration: 8000, loss_r = 1.2e-06 ,  loss_bc = 4.4e-07,  loss_ic = 9.9e-07,  lr = 1.0e-03, time_taken = 4.2e-01, rel_l2_error = 5.2e-03
Model state saved to ./checkpoints/burgers_exact\2026-03-04_12-31-42-126693\model.pth

=== RAR Evaluation at iteration 8000 ===
Mean residual: 3.081e-01
Adding 100 new point(s) with highest residuals:
  Point 1: [ 0.04965931 -0.69502425], Residual: 2.326e+00
  Point 2: [ 0.03735161 -0.67801523], Residual: 2.210e+00
  Point 3: [ 0.6819104  -0.76791203], Residual: 2.200e+00
  Point 4: [ 0.41151547 -0.7571821 ], Residual: 2.141e+00
  Point 5: [ 0.01630574 -0.6804737 ], Residual: 2.138e+00
  Point 6: [ 0.25677502 -0.641389  ], Residual: 2.120e+00
  Point 7: [ 0.08023697 -0.6409687 ], Residual: 2.040e+00
  Point 8: [ 0.6787492 -0.8417803], Residual: 2.006e+00
  Point 9: [ 0.12187535 -0.65872705], Residual: 1.984e+00
  Point 10: [ 0.29135895 -0.61042213], Residual: 1.983e+00
  Point 11: [ 0.17677087 -0.59062207], Residual: 1.965e+00
  Point 12: [ 0.6021576 -0.8017781], Residual: 1.949e+00
  Point 13: [ 0.01131403 -0.6384647 ], Residual: 1.944e+00
  Point 14: [ 0.4112079 -0.7127738], Residual: 1.940e+00
  Point 15: [ 0.27825713 -0.7942836 ], Residual: 1.921e+00
  Point 16: [ 0.5139953 -0.7953578], Residual: 1.919e+00
  Point 17: [ 0.73283774 -0.8154985 ], Residual: 1.919e+00
  Point 18: [ 0.45026678 -0.77073383], Residual: 1.907e+00
  Point 19: [ 0.6511345 -0.7663212], Residual: 1.905e+00
  Point 20: [ 0.41502416 -0.8229312 ], Residual: 1.904e+00
  Point 21: [ 0.13730377 -0.5878869 ], Residual: 1.888e+00
  Point 22: [ 0.30172914 -0.72967315], Residual: 1.886e+00
  Point 23: [ 0.03435415 -0.7497512 ], Residual: 1.875e+00
  Point 24: [ 0.73080987 -0.72176397], Residual: 1.874e+00
  Point 25: [ 0.01032317 -0.6276258 ], Residual: 1.871e+00
  Point 26: [ 0.2002725 -0.6433928], Residual: 1.852e+00
  Point 27: [ 0.05343693 -0.58326447], Residual: 1.839e+00
  Point 28: [ 0.37546515 -0.83825564], Residual: 1.833e+00
  Point 29: [ 0.1516248  -0.70849276], Residual: 1.827e+00
  Point 30: [ 0.04369569 -0.75085986], Residual: 1.822e+00
  Point 31: [ 0.3770458 -0.7482909], Residual: 1.816e+00
  Point 32: [ 0.803219   -0.91664076], Residual: 1.796e+00
  Point 33: [ 0.60797584 -0.71335256], Residual: 1.792e+00
  Point 34: [ 0.27666324 -0.64146864], Residual: 1.789e+00
  Point 35: [ 0.07019997 -0.6910844 ], Residual: 1.786e+00
  Point 36: [ 0.6154242 -0.6493367], Residual: 1.772e+00
  Point 37: [ 0.683915   -0.79317725], Residual: 1.771e+00
  Point 38: [ 0.74948615 -0.82305276], Residual: 1.764e+00
  Point 39: [ 0.24999374 -0.6731888 ], Residual: 1.763e+00
  Point 40: [ 0.07261521 -0.7650293 ], Residual: 1.750e+00
  Point 41: [ 0.90010947 -0.5233681 ], Residual: 1.744e+00
  Point 42: [ 0.22237688 -0.7558416 ], Residual: 1.739e+00
  Point 43: [ 0.35768145 -0.7206218 ], Residual: 1.722e+00
  Point 44: [ 0.25349545 -0.76827943], Residual: 1.721e+00
  Point 45: [ 0.11045581 -0.69122803], Residual: 1.717e+00
  Point 46: [ 0.43282127 -0.75893974], Residual: 1.709e+00
  Point 47: [ 0.01838565 -0.65171516], Residual: 1.705e+00
  Point 48: [ 0.07039487 -0.7933359 ], Residual: 1.703e+00
  Point 49: [ 0.19689429 -0.81486094], Residual: 1.698e+00
  Point 50: [ 0.7733794 -0.925846 ], Residual: 1.686e+00
  Point 51: [ 0.2236709 -0.7127644], Residual: 1.683e+00
  Point 52: [ 0.9085365 -0.8973279], Residual: 1.679e+00
  Point 53: [ 0.13917977 -0.73609865], Residual: 1.676e+00
  Point 54: [ 0.10398561 -0.5446652 ], Residual: 1.662e+00
  Point 55: [ 0.41785473 -0.8565769 ], Residual: 1.661e+00
  Point 56: [ 0.69381577 -0.73896086], Residual: 1.661e+00
  Point 57: [ 0.51321745 -0.8548521 ], Residual: 1.658e+00
  Point 58: [ 0.8239716  -0.94962037], Residual: 1.646e+00
  Point 59: [ 0.9635978  -0.90422857], Residual: 1.640e+00
  Point 60: [ 0.56933504 -0.7085525 ], Residual: 1.640e+00
  Point 61: [ 0.5786405  -0.84861684], Residual: 1.640e+00
  Point 62: [ 0.04026371 -0.6807451 ], Residual: 1.632e+00
  Point 63: [ 0.5974679 -0.7961217], Residual: 1.630e+00
  Point 64: [ 0.26129907 -0.638265  ], Residual: 1.624e+00
  Point 65: [ 0.19285321 -0.6787679 ], Residual: 1.621e+00
  Point 66: [ 0.41198027 -0.6551461 ], Residual: 1.621e+00
  Point 67: [ 0.02450836 -0.5318804 ], Residual: 1.608e+00
  Point 68: [ 0.7627623 -0.8586935], Residual: 1.607e+00
  Point 69: [ 0.00249642 -0.80811954], Residual: 1.605e+00
  Point 70: [ 0.28759527 -0.66205335], Residual: 1.604e+00
  Point 71: [ 0.12730557 -0.8081083 ], Residual: 1.603e+00
  Point 72: [ 0.5613582 -0.9153621], Residual: 1.601e+00
  Point 73: [ 0.34520644 -0.674404  ], Residual: 1.599e+00
  Point 74: [ 0.02035129 -0.50112784], Residual: 1.597e+00
  Point 75: [ 0.08344036 -0.69005823], Residual: 1.592e+00
  Point 76: [ 0.30240422 -0.59263456], Residual: 1.590e+00
  Point 77: [ 0.956832   -0.98493207], Residual: 1.588e+00
  Point 78: [ 0.8253451 -0.8973831], Residual: 1.582e+00
  Point 79: [ 0.7951593 -0.8668331], Residual: 1.578e+00
  Point 80: [ 0.87970346 -0.96227276], Residual: 1.575e+00
  Point 81: [ 0.11220652 -0.71809995], Residual: 1.573e+00
  Point 82: [ 0.83294106 -0.79742694], Residual: 1.573e+00
  Point 83: [ 0.97646546 -0.58924437], Residual: 1.572e+00
  Point 84: [0.29968077 0.5059223 ], Residual: 1.567e+00
  Point 85: [ 0.28989142 -0.72032106], Residual: 1.561e+00
  Point 86: [ 0.59965044 -0.8513056 ], Residual: 1.557e+00
  Point 87: [ 0.2510962 -0.7055298], Residual: 1.552e+00
  Point 88: [ 0.32584202 -0.8528398 ], Residual: 1.549e+00
  Point 89: [ 0.37477034 -0.70028555], Residual: 1.548e+00
  Point 90: [ 0.04891825 -0.5935284 ], Residual: 1.547e+00
  Point 91: [ 0.04913139 -0.5864303 ], Residual: 1.544e+00
  Point 92: [ 0.19230789 -0.8112073 ], Residual: 1.544e+00
  Point 93: [ 0.08707505 -0.7862159 ], Residual: 1.542e+00
  Point 94: [ 0.5456978  -0.92780423], Residual: 1.542e+00
  Point 95: [ 0.4003895 -0.8163967], Residual: 1.542e+00
  Point 96: [ 0.22800219 -0.7899233 ], Residual: 1.541e+00
  Point 97: [ 0.5566927  -0.87862146], Residual: 1.536e+00
  Point 98: [ 0.21257228 -0.58286786], Residual: 1.533e+00
  Point 99: [ 0.9088789  -0.99342334], Residual: 1.529e+00
  Point 100: [ 0.1463654  -0.47900915], Residual: 1.529e+00
Total adaptive points: 400

Iteration: 8100, loss_r = 2.2e-06 ,  loss_bc = 8.2e-07,  loss_ic = 1.5e-06,  lr = 1.0e-03, time_taken = 4.5e-01, rel_l2_error = 4.7e-03
Model state saved to ./checkpoints/burgers_exact\2026-03-04_12-31-42-126693\model.pth
Iteration: 8200, loss_r = 1.4e-06 ,  loss_bc = 1.7e-06,  loss_ic = 1.1e-06,  lr = 1.0e-03, time_taken = 4.6e-01, rel_l2_error = 5.3e-03
Model state saved to ./checkpoints/burgers_exact\2026-03-04_12-31-42-126693\model.pth
Iteration: 8300, loss_r = 1.5e-06 ,  loss_bc = 8.1e-07,  loss_ic = 1.0e-06,  lr = 1.0e-03, time_taken = 6.0e-01, rel_l2_error = 4.9e-03
Model state saved to ./checkpoints/burgers_exact\2026-03-04_12-31-42-126693\model.pth
Iteration: 8400, loss_r = 1.8e-06 ,  loss_bc = 1.5e-07,  loss_ic = 5.5e-07,  lr = 1.0e-03, time_taken = 4.5e-01, rel_l2_error = 5.7e-03
Model state saved to ./checkpoints/burgers_exact\2026-03-04_12-31-42-126693\model.pth
Iteration: 8500, loss_r = 1.5e-06 ,  loss_bc = 3.3e-07,  loss_ic = 9.8e-07,  lr = 1.0e-03, time_taken = 4.5e-01, rel_l2_error = 8.7e-03
Model state saved to ./checkpoints/burgers_exact\2026-03-04_12-31-42-126693\model.pth
Iteration: 8600, loss_r = 1.9e-06 ,  loss_bc = 2.0e-07,  loss_ic = 1.4e-06,  lr = 1.0e-03, time_taken = 4.0e-01, rel_l2_error = 6.0e-03
Model state saved to ./checkpoints/burgers_exact\2026-03-04_12-31-42-126693\model.pth
Iteration: 8700, loss_r = 1.5e-06 ,  loss_bc = 2.9e-07,  loss_ic = 2.3e-06,  lr = 1.0e-03, time_taken = 4.4e-01, rel_l2_error = 5.5e-03
Model state saved to ./checkpoints/burgers_exact\2026-03-04_12-31-42-126693\model.pth
Iteration: 8800, loss_r = 2.5e-06 ,  loss_bc = 6.7e-07,  loss_ic = 1.0e-06,  lr = 1.0e-03, time_taken = 4.3e-01, rel_l2_error = 6.7e-03
Model state saved to ./checkpoints/burgers_exact\2026-03-04_12-31-42-126693\model.pth
Iteration: 8900, loss_r = 2.1e-06 ,  loss_bc = 3.9e-08,  loss_ic = 9.1e-07,  lr = 1.0e-03, time_taken = 4.4e-01, rel_l2_error = 3.6e-03
Model state saved to ./checkpoints/burgers_exact\2026-03-04_12-31-42-126693\model.pth
Iteration: 9000, loss_r = 1.3e-06 ,  loss_bc = 2.9e-07,  loss_ic = 1.2e-06,  lr = 1.0e-03, time_taken = 4.2e-01, rel_l2_error = 6.2e-03
Model state saved to ./checkpoints/burgers_exact\2026-03-04_12-31-42-126693\model.pth
Iteration: 9100, loss_r = 1.6e-06 ,  loss_bc = 8.5e-06,  loss_ic = 2.7e-06,  lr = 1.0e-03, time_taken = 5.7e-01, rel_l2_error = 4.8e-03
Model state saved to ./checkpoints/burgers_exact\2026-03-04_12-31-42-126693\model.pth
Iteration: 9200, loss_r = 1.3e-06 ,  loss_bc = 7.9e-07,  loss_ic = 5.1e-07,  lr = 1.0e-03, time_taken = 5.3e-01, rel_l2_error = 7.8e-03
Model state saved to ./checkpoints/burgers_exact\2026-03-04_12-31-42-126693\model.pth
Iteration: 9300, loss_r = 1.5e-06 ,  loss_bc = 3.8e-06,  loss_ic = 6.5e-07,  lr = 1.0e-03, time_taken = 4.2e-01, rel_l2_error = 7.8e-03
Model state saved to ./checkpoints/burgers_exact\2026-03-04_12-31-42-126693\model.pth
Iteration: 9400, loss_r = 3.2e-06 ,  loss_bc = 9.1e-07,  loss_ic = 2.9e-06,  lr = 1.0e-03, time_taken = 3.8e-01, rel_l2_error = 1.2e-02
Model state saved to ./checkpoints/burgers_exact\2026-03-04_12-31-42-126693\model.pth
Iteration: 9500, loss_r = 1.8e-06 ,  loss_bc = 1.6e-07,  loss_ic = 5.9e-07,  lr = 1.0e-03, time_taken = 4.3e-01, rel_l2_error = 4.8e-03
Model state saved to ./checkpoints/burgers_exact\2026-03-04_12-31-42-126693\model.pth
Iteration: 9600, loss_r = 1.0e-06 ,  loss_bc = 9.4e-08,  loss_ic = 4.0e-07,  lr = 1.0e-03, time_taken = 4.4e-01, rel_l2_error = 5.4e-03
Model state saved to ./checkpoints/burgers_exact\2026-03-04_12-31-42-126693\model.pth
Iteration: 9700, loss_r = 1.4e-06 ,  loss_bc = 2.0e-06,  loss_ic = 8.4e-07,  lr = 1.0e-03, time_taken = 4.5e-01, rel_l2_error = 5.9e-03
Model state saved to ./checkpoints/burgers_exact\2026-03-04_12-31-42-126693\model.pth
Iteration: 9800, loss_r = 9.7e-07 ,  loss_bc = 3.0e-07,  loss_ic = 5.5e-07,  lr = 1.0e-03, time_taken = 4.8e-01, rel_l2_error = 6.0e-03
Model state saved to ./checkpoints/burgers_exact\2026-03-04_12-31-42-126693\model.pth
Iteration: 9900, loss_r = 1.8e-06 ,  loss_bc = 6.3e-07,  loss_ic = 1.1e-06,  lr = 1.0e-03, time_taken = 6.9e-01, rel_l2_error = 6.2e-03
Model state saved to ./checkpoints/burgers_exact\2026-03-04_12-31-42-126693\model.pth

=== Switching to LBFGS optimizer at iteration 10000 ===
Using scipy L-BFGS-B optimizer (bburgers_hybrid_trainer.py approach)
Optimizer: L-BFGS-B (maxiter=10000, factr=1000.0, m=100, maxls=50, pgtol=1e-14)
L-BFGS Iteration: 0, Loss: 3.149023e-06
L-BFGS Iteration: 1, Loss: 2.267848e-06, Relative L2 Error: 4.288448e-03
L-BFGS: Time for 100 iterations = 436.6076 s
L-BFGS Iteration: 100, Loss: 5.128033e-07, Relative L2 Error: 1.651085e-03
L-BFGS Iteration: 200, Loss: 2.863118e-07, Relative L2 Error: 9.894560e-04
L-BFGS Iteration: 300, Loss: 1.444589e-07, Relative L2 Error: 8.379344e-04
L-BFGS Iteration: 400, Loss: 7.120429e-08, Relative L2 Error: 5.061209e-04
L-BFGS Iteration: 500, Loss: 5.222875e-08, Relative L2 Error: 4.181607e-04
L-BFGS optimization finished after 520 iterations.
L-BFGS training completed after 520 iterations
Model state saved to ./checkpoints/burgers_exact\2026-03-04_12-31-42-126693\model.pth
Training completed successfully!
Evaluating on 40000 points using chunk size 500
RelL2_U%  : 3.515e-02 
