Random seed set to: 42
Solving 3D heat equation u_t = alpha (u_{xx}+u_{yy}+u_{zz}) on [0,1]^3 with homogeneous Dirichlet BC
Using DV Solver
The settings used:
batch_size : 64
epochs : 20000
lr : 0.001
seed : 42
print_every : 100
log_path : ./checkpoints/heat3d_exact
input_dim : 4
output_dim : 1
num_qubits : 5
hidden_dim : 20
num_quantum_layers : 1
classic_network : [4, 20, 1]
q_ansatz : cross_mesh
mode : hybrid
activation : tanh
shots : None
problem : heat3d_exact
solver : DV
device : cpu
method : None
cutoff_dim : 20
class : CVNeuralNetwork1
encoding : angle
use_rar : True
rar_eval_freq : 2000
rar_threshold : 0.0005
rar_num_candidates : 10000
rar_num_add : 100
use_hybrid_optimizer : True
adam_iterations : 10000
use_scipy_lbfgs : True
lbfgs_lr : 1
lbfgs_line_search : strong_wolfe
lbfgs_tolerance_grad : 1e-05
lbfgs_tolerance_change : 1e-07
lbfgs_maxiter : 10000
lbfgs_factr : 1000.0
lbfgs_pgtol : 1e-14
lbfgs_maxls : 50
lbfgs_m : 100
lbfgs_eval_every : 100
domainN : 500
boundaryN : 50
initialN : 50
eval_total_points : 10000
nx : 200
nt : 200
y0 : 0.5
z0 : 0.5
alpha : 0.1
Total number of parameters: 1226
The circuit used in the study:
Iteration: 0, loss_r = 3.2e-05 ,  loss_bc = 1.2e-01,  loss_ic = 1.8e-01,  lr = 1.0e-03, time_taken = 2.0e+00, rel_l2_error = 1.5e+00
Model state saved to ./checkpoints/heat3d_exact\2026-03-07_23-21-14-436998\model.pth
Iteration: 100, loss_r = 1.8e-03 ,  loss_bc = 1.7e-02,  loss_ic = 5.3e-02,  lr = 1.0e-03, time_taken = 8.4e-01, rel_l2_error = 7.7e-01
Model state saved to ./checkpoints/heat3d_exact\2026-03-07_23-21-14-436998\model.pth
Iteration: 200, loss_r = 2.7e-03 ,  loss_bc = 1.3e-02,  loss_ic = 3.9e-02,  lr = 1.0e-03, time_taken = 9.6e-01, rel_l2_error = 7.0e-01
Model state saved to ./checkpoints/heat3d_exact\2026-03-07_23-21-14-436998\model.pth
Iteration: 300, loss_r = 2.5e-03 ,  loss_bc = 1.3e-02,  loss_ic = 2.7e-02,  lr = 1.0e-03, time_taken = 9.6e-01, rel_l2_error = 6.1e-01
Model state saved to ./checkpoints/heat3d_exact\2026-03-07_23-21-14-436998\model.pth
Iteration: 400, loss_r = 1.8e-03 ,  loss_bc = 1.1e-02,  loss_ic = 3.2e-02,  lr = 1.0e-03, time_taken = 1.1e+00, rel_l2_error = 5.9e-01
Model state saved to ./checkpoints/heat3d_exact\2026-03-07_23-21-14-436998\model.pth
Iteration: 500, loss_r = 2.4e-03 ,  loss_bc = 7.9e-03,  loss_ic = 5.0e-02,  lr = 1.0e-03, time_taken = 1.0e+00, rel_l2_error = 5.8e-01
Model state saved to ./checkpoints/heat3d_exact\2026-03-07_23-21-14-436998\model.pth
Iteration: 600, loss_r = 2.0e-03 ,  loss_bc = 7.6e-03,  loss_ic = 3.4e-02,  lr = 1.0e-03, time_taken = 9.8e-01, rel_l2_error = 5.5e-01
Model state saved to ./checkpoints/heat3d_exact\2026-03-07_23-21-14-436998\model.pth
Iteration: 700, loss_r = 2.6e-03 ,  loss_bc = 8.3e-03,  loss_ic = 4.2e-02,  lr = 1.0e-03, time_taken = 9.8e-01, rel_l2_error = 5.6e-01
Model state saved to ./checkpoints/heat3d_exact\2026-03-07_23-21-14-436998\model.pth
Iteration: 800, loss_r = 3.2e-03 ,  loss_bc = 1.2e-02,  loss_ic = 2.1e-02,  lr = 1.0e-03, time_taken = 9.5e-01, rel_l2_error = 5.7e-01
Model state saved to ./checkpoints/heat3d_exact\2026-03-07_23-21-14-436998\model.pth
Iteration: 900, loss_r = 1.9e-03 ,  loss_bc = 1.0e-02,  loss_ic = 3.2e-02,  lr = 1.0e-03, time_taken = 1.0e+00, rel_l2_error = 5.4e-01
Model state saved to ./checkpoints/heat3d_exact\2026-03-07_23-21-14-436998\model.pth
Iteration: 1000, loss_r = 3.4e-03 ,  loss_bc = 5.0e-03,  loss_ic = 1.4e-02,  lr = 1.0e-03, time_taken = 1.0e+00, rel_l2_error = 4.7e-01
Model state saved to ./checkpoints/heat3d_exact\2026-03-07_23-21-14-436998\model.pth
Iteration: 1100, loss_r = 4.3e-03 ,  loss_bc = 5.5e-03,  loss_ic = 6.7e-03,  lr = 1.0e-03, time_taken = 9.8e-01, rel_l2_error = 3.5e-01
Model state saved to ./checkpoints/heat3d_exact\2026-03-07_23-21-14-436998\model.pth
Iteration: 1200, loss_r = 4.3e-03 ,  loss_bc = 5.5e-03,  loss_ic = 8.4e-03,  lr = 1.0e-03, time_taken = 9.6e-01, rel_l2_error = 3.0e-01
Model state saved to ./checkpoints/heat3d_exact\2026-03-07_23-21-14-436998\model.pth
Iteration: 1300, loss_r = 1.9e-03 ,  loss_bc = 4.6e-03,  loss_ic = 7.3e-03,  lr = 1.0e-03, time_taken = 1.0e+00, rel_l2_error = 2.9e-01
Model state saved to ./checkpoints/heat3d_exact\2026-03-07_23-21-14-436998\model.pth
Iteration: 1400, loss_r = 3.5e-03 ,  loss_bc = 4.3e-03,  loss_ic = 7.0e-03,  lr = 1.0e-03, time_taken = 9.8e-01, rel_l2_error = 2.7e-01
Model state saved to ./checkpoints/heat3d_exact\2026-03-07_23-21-14-436998\model.pth
Iteration: 1500, loss_r = 7.5e-03 ,  loss_bc = 3.8e-03,  loss_ic = 3.5e-03,  lr = 1.0e-03, time_taken = 9.8e-01, rel_l2_error = 2.5e-01
Model state saved to ./checkpoints/heat3d_exact\2026-03-07_23-21-14-436998\model.pth
Iteration: 1600, loss_r = 2.6e-03 ,  loss_bc = 4.4e-03,  loss_ic = 3.9e-03,  lr = 1.0e-03, time_taken = 9.7e-01, rel_l2_error = 2.4e-01
Model state saved to ./checkpoints/heat3d_exact\2026-03-07_23-21-14-436998\model.pth
Iteration: 1700, loss_r = 3.7e-03 ,  loss_bc = 4.2e-03,  loss_ic = 3.9e-03,  lr = 1.0e-03, time_taken = 9.7e-01, rel_l2_error = 2.2e-01
Model state saved to ./checkpoints/heat3d_exact\2026-03-07_23-21-14-436998\model.pth
Iteration: 1800, loss_r = 3.9e-03 ,  loss_bc = 3.6e-03,  loss_ic = 3.6e-03,  lr = 1.0e-03, time_taken = 9.7e-01, rel_l2_error = 2.3e-01
Model state saved to ./checkpoints/heat3d_exact\2026-03-07_23-21-14-436998\model.pth
Iteration: 1900, loss_r = 2.3e-03 ,  loss_bc = 3.6e-03,  loss_ic = 2.5e-03,  lr = 1.0e-03, time_taken = 9.7e-01, rel_l2_error = 2.2e-01
Model state saved to ./checkpoints/heat3d_exact\2026-03-07_23-21-14-436998\model.pth
Iteration: 2000, loss_r = 2.8e-03 ,  loss_bc = 2.2e-03,  loss_ic = 1.7e-03,  lr = 1.0e-03, time_taken = 1.4e+00, rel_l2_error = 2.2e-01
Model state saved to ./checkpoints/heat3d_exact\2026-03-07_23-21-14-436998\model.pth

=== RAR Evaluation at iteration 2000 ===
Mean residual: 1.946e-01
Added 100 point(s). Total adaptive points: 100

Iteration: 2100, loss_r = 4.6e-03 ,  loss_bc = 3.3e-03,  loss_ic = 4.2e-03,  lr = 1.0e-03, time_taken = 9.9e-01, rel_l2_error = 2.4e-01
Model state saved to ./checkpoints/heat3d_exact\2026-03-07_23-21-14-436998\model.pth
Iteration: 2200, loss_r = 2.4e-03 ,  loss_bc = 3.7e-03,  loss_ic = 3.7e-03,  lr = 1.0e-03, time_taken = 9.9e-01, rel_l2_error = 2.3e-01
Model state saved to ./checkpoints/heat3d_exact\2026-03-07_23-21-14-436998\model.pth
Iteration: 2300, loss_r = 2.8e-03 ,  loss_bc = 3.0e-03,  loss_ic = 3.2e-03,  lr = 1.0e-03, time_taken = 1.0e+00, rel_l2_error = 2.1e-01
Model state saved to ./checkpoints/heat3d_exact\2026-03-07_23-21-14-436998\model.pth
Iteration: 2400, loss_r = 3.9e-03 ,  loss_bc = 3.4e-03,  loss_ic = 9.4e-04,  lr = 1.0e-03, time_taken = 9.5e-01, rel_l2_error = 2.0e-01
Model state saved to ./checkpoints/heat3d_exact\2026-03-07_23-21-14-436998\model.pth
Iteration: 2500, loss_r = 1.7e-03 ,  loss_bc = 2.6e-03,  loss_ic = 3.4e-03,  lr = 1.0e-03, time_taken = 1.0e+00, rel_l2_error = 2.1e-01
Model state saved to ./checkpoints/heat3d_exact\2026-03-07_23-21-14-436998\model.pth
Iteration: 2600, loss_r = 1.8e-03 ,  loss_bc = 3.5e-03,  loss_ic = 1.9e-03,  lr = 1.0e-03, time_taken = 1.0e+00, rel_l2_error = 1.9e-01
Model state saved to ./checkpoints/heat3d_exact\2026-03-07_23-21-14-436998\model.pth
Iteration: 2700, loss_r = 2.6e-03 ,  loss_bc = 2.8e-03,  loss_ic = 2.1e-03,  lr = 1.0e-03, time_taken = 1.0e+00, rel_l2_error = 1.9e-01
Model state saved to ./checkpoints/heat3d_exact\2026-03-07_23-21-14-436998\model.pth
Iteration: 2800, loss_r = 2.8e-03 ,  loss_bc = 2.6e-03,  loss_ic = 1.8e-03,  lr = 1.0e-03, time_taken = 1.1e+00, rel_l2_error = 1.9e-01
Model state saved to ./checkpoints/heat3d_exact\2026-03-07_23-21-14-436998\model.pth
Iteration: 2900, loss_r = 2.0e-03 ,  loss_bc = 3.0e-03,  loss_ic = 9.6e-04,  lr = 1.0e-03, time_taken = 1.1e+00, rel_l2_error = 1.8e-01
Model state saved to ./checkpoints/heat3d_exact\2026-03-07_23-21-14-436998\model.pth
Iteration: 3000, loss_r = 2.1e-03 ,  loss_bc = 1.9e-03,  loss_ic = 1.4e-03,  lr = 1.0e-03, time_taken = 1.0e+00, rel_l2_error = 1.9e-01
Model state saved to ./checkpoints/heat3d_exact\2026-03-07_23-21-14-436998\model.pth
Iteration: 3100, loss_r = 3.3e-03 ,  loss_bc = 2.6e-03,  loss_ic = 1.6e-03,  lr = 1.0e-03, time_taken = 1.0e+00, rel_l2_error = 1.9e-01
Model state saved to ./checkpoints/heat3d_exact\2026-03-07_23-21-14-436998\model.pth
Iteration: 3200, loss_r = 3.1e-03 ,  loss_bc = 1.9e-03,  loss_ic = 7.9e-04,  lr = 1.0e-03, time_taken = 1.0e+00, rel_l2_error = 1.8e-01
Model state saved to ./checkpoints/heat3d_exact\2026-03-07_23-21-14-436998\model.pth
Iteration: 3300, loss_r = 2.0e-03 ,  loss_bc = 2.2e-03,  loss_ic = 1.9e-03,  lr = 1.0e-03, time_taken = 1.2e+00, rel_l2_error = 1.8e-01
Model state saved to ./checkpoints/heat3d_exact\2026-03-07_23-21-14-436998\model.pth
Iteration: 3400, loss_r = 2.6e-03 ,  loss_bc = 2.1e-03,  loss_ic = 1.5e-03,  lr = 1.0e-03, time_taken = 1.0e+00, rel_l2_error = 1.7e-01
Model state saved to ./checkpoints/heat3d_exact\2026-03-07_23-21-14-436998\model.pth
Iteration: 3500, loss_r = 3.0e-03 ,  loss_bc = 2.1e-03,  loss_ic = 1.3e-03,  lr = 1.0e-03, time_taken = 9.7e-01, rel_l2_error = 1.8e-01
Model state saved to ./checkpoints/heat3d_exact\2026-03-07_23-21-14-436998\model.pth
Iteration: 3600, loss_r = 2.3e-03 ,  loss_bc = 2.0e-03,  loss_ic = 5.5e-04,  lr = 1.0e-03, time_taken = 1.0e+00, rel_l2_error = 1.8e-01
Model state saved to ./checkpoints/heat3d_exact\2026-03-07_23-21-14-436998\model.pth
Iteration: 3700, loss_r = 2.3e-03 ,  loss_bc = 2.1e-03,  loss_ic = 1.4e-03,  lr = 1.0e-03, time_taken = 9.9e-01, rel_l2_error = 1.8e-01
Model state saved to ./checkpoints/heat3d_exact\2026-03-07_23-21-14-436998\model.pth
Iteration: 3800, loss_r = 1.8e-03 ,  loss_bc = 1.9e-03,  loss_ic = 7.9e-04,  lr = 1.0e-03, time_taken = 1.1e+00, rel_l2_error = 1.6e-01
Model state saved to ./checkpoints/heat3d_exact\2026-03-07_23-21-14-436998\model.pth
Iteration: 3900, loss_r = 2.3e-03 ,  loss_bc = 2.1e-03,  loss_ic = 1.3e-03,  lr = 1.0e-03, time_taken = 1.0e+00, rel_l2_error = 1.7e-01
Model state saved to ./checkpoints/heat3d_exact\2026-03-07_23-21-14-436998\model.pth
Iteration: 4000, loss_r = 1.5e-03 ,  loss_bc = 1.6e-03,  loss_ic = 8.5e-04,  lr = 1.0e-03, time_taken = 1.3e+00, rel_l2_error = 1.7e-01
Model state saved to ./checkpoints/heat3d_exact\2026-03-07_23-21-14-436998\model.pth

=== RAR Evaluation at iteration 4000 ===
Mean residual: 2.703e-01
Added 100 point(s). Total adaptive points: 200

Iteration: 4100, loss_r = 1.3e-03 ,  loss_bc = 2.4e-03,  loss_ic = 8.5e-04,  lr = 1.0e-03, time_taken = 1.1e+00, rel_l2_error = 1.6e-01
Model state saved to ./checkpoints/heat3d_exact\2026-03-07_23-21-14-436998\model.pth
Iteration: 4200, loss_r = 2.1e-03 ,  loss_bc = 2.0e-03,  loss_ic = 9.3e-04,  lr = 1.0e-03, time_taken = 1.2e+00, rel_l2_error = 1.7e-01
Model state saved to ./checkpoints/heat3d_exact\2026-03-07_23-21-14-436998\model.pth
Iteration: 4300, loss_r = 2.9e-03 ,  loss_bc = 2.2e-03,  loss_ic = 7.6e-04,  lr = 1.0e-03, time_taken = 1.1e+00, rel_l2_error = 1.7e-01
Model state saved to ./checkpoints/heat3d_exact\2026-03-07_23-21-14-436998\model.pth
Iteration: 4400, loss_r = 1.3e-03 ,  loss_bc = 1.5e-03,  loss_ic = 1.1e-03,  lr = 1.0e-03, time_taken = 1.0e+00, rel_l2_error = 1.6e-01
Model state saved to ./checkpoints/heat3d_exact\2026-03-07_23-21-14-436998\model.pth
Iteration: 4500, loss_r = 2.0e-03 ,  loss_bc = 1.5e-03,  loss_ic = 7.2e-04,  lr = 1.0e-03, time_taken = 1.0e+00, rel_l2_error = 1.7e-01
Model state saved to ./checkpoints/heat3d_exact\2026-03-07_23-21-14-436998\model.pth
Iteration: 4600, loss_r = 1.9e-03 ,  loss_bc = 2.0e-03,  loss_ic = 6.2e-04,  lr = 1.0e-03, time_taken = 1.1e+00, rel_l2_error = 1.5e-01
Model state saved to ./checkpoints/heat3d_exact\2026-03-07_23-21-14-436998\model.pth
Iteration: 4700, loss_r = 1.6e-03 ,  loss_bc = 2.1e-03,  loss_ic = 7.4e-04,  lr = 1.0e-03, time_taken = 1.0e+00, rel_l2_error = 1.5e-01
Model state saved to ./checkpoints/heat3d_exact\2026-03-07_23-21-14-436998\model.pth
Iteration: 4800, loss_r = 1.6e-03 ,  loss_bc = 1.7e-03,  loss_ic = 5.6e-04,  lr = 1.0e-03, time_taken = 9.4e-01, rel_l2_error = 1.5e-01
Model state saved to ./checkpoints/heat3d_exact\2026-03-07_23-21-14-436998\model.pth
Iteration: 4900, loss_r = 7.8e-04 ,  loss_bc = 1.9e-03,  loss_ic = 8.6e-04,  lr = 1.0e-03, time_taken = 1.0e+00, rel_l2_error = 1.6e-01
Model state saved to ./checkpoints/heat3d_exact\2026-03-07_23-21-14-436998\model.pth
Iteration: 5000, loss_r = 2.4e-03 ,  loss_bc = 2.1e-03,  loss_ic = 5.7e-04,  lr = 1.0e-03, time_taken = 1.1e+00, rel_l2_error = 1.5e-01
Model state saved to ./checkpoints/heat3d_exact\2026-03-07_23-21-14-436998\model.pth
Iteration: 5100, loss_r = 8.2e-04 ,  loss_bc = 1.9e-03,  loss_ic = 4.2e-04,  lr = 1.0e-03, time_taken = 9.8e-01, rel_l2_error = 1.5e-01
Model state saved to ./checkpoints/heat3d_exact\2026-03-07_23-21-14-436998\model.pth
Iteration: 5200, loss_r = 2.2e-03 ,  loss_bc = 1.4e-03,  loss_ic = 7.7e-04,  lr = 1.0e-03, time_taken = 1.0e+00, rel_l2_error = 1.5e-01
Model state saved to ./checkpoints/heat3d_exact\2026-03-07_23-21-14-436998\model.pth
Iteration: 5300, loss_r = 1.2e-03 ,  loss_bc = 1.9e-03,  loss_ic = 7.9e-04,  lr = 1.0e-03, time_taken = 1.1e+00, rel_l2_error = 1.5e-01
Model state saved to ./checkpoints/heat3d_exact\2026-03-07_23-21-14-436998\model.pth
Iteration: 5400, loss_r = 1.7e-03 ,  loss_bc = 2.6e-03,  loss_ic = 8.0e-04,  lr = 1.0e-03, time_taken = 9.9e-01, rel_l2_error = 1.3e-01
Model state saved to ./checkpoints/heat3d_exact\2026-03-07_23-21-14-436998\model.pth
Iteration: 5500, loss_r = 8.4e-04 ,  loss_bc = 1.5e-03,  loss_ic = 7.0e-04,  lr = 1.0e-03, time_taken = 9.6e-01, rel_l2_error = 1.4e-01
Model state saved to ./checkpoints/heat3d_exact\2026-03-07_23-21-14-436998\model.pth
Iteration: 5600, loss_r = 1.4e-03 ,  loss_bc = 1.6e-03,  loss_ic = 5.0e-04,  lr = 1.0e-03, time_taken = 9.9e-01, rel_l2_error = 1.3e-01
Model state saved to ./checkpoints/heat3d_exact\2026-03-07_23-21-14-436998\model.pth
Iteration: 5700, loss_r = 1.2e-03 ,  loss_bc = 1.2e-03,  loss_ic = 5.3e-04,  lr = 1.0e-03, time_taken = 1.0e+00, rel_l2_error = 1.3e-01
Model state saved to ./checkpoints/heat3d_exact\2026-03-07_23-21-14-436998\model.pth
Iteration: 5800, loss_r = 1.3e-03 ,  loss_bc = 1.2e-03,  loss_ic = 4.4e-04,  lr = 1.0e-03, time_taken = 1.1e+00, rel_l2_error = 1.4e-01
Model state saved to ./checkpoints/heat3d_exact\2026-03-07_23-21-14-436998\model.pth
Iteration: 5900, loss_r = 1.2e-03 ,  loss_bc = 1.4e-03,  loss_ic = 6.1e-04,  lr = 1.0e-03, time_taken = 9.8e-01, rel_l2_error = 1.5e-01
Model state saved to ./checkpoints/heat3d_exact\2026-03-07_23-21-14-436998\model.pth
Iteration: 6000, loss_r = 9.6e-04 ,  loss_bc = 1.3e-03,  loss_ic = 4.9e-04,  lr = 1.0e-03, time_taken = 1.5e+00, rel_l2_error = 1.3e-01
Model state saved to ./checkpoints/heat3d_exact\2026-03-07_23-21-14-436998\model.pth

=== RAR Evaluation at iteration 6000 ===
Mean residual: 3.505e-01
Added 100 point(s). Total adaptive points: 300

Iteration: 6100, loss_r = 1.4e-03 ,  loss_bc = 1.4e-03,  loss_ic = 5.3e-04,  lr = 1.0e-03, time_taken = 1.1e+00, rel_l2_error = 1.4e-01
Model state saved to ./checkpoints/heat3d_exact\2026-03-07_23-21-14-436998\model.pth
Iteration: 6200, loss_r = 7.5e-04 ,  loss_bc = 1.6e-03,  loss_ic = 4.6e-04,  lr = 1.0e-03, time_taken = 1.0e+00, rel_l2_error = 1.3e-01
Model state saved to ./checkpoints/heat3d_exact\2026-03-07_23-21-14-436998\model.pth
Iteration: 6300, loss_r = 8.3e-04 ,  loss_bc = 1.4e-03,  loss_ic = 4.9e-04,  lr = 1.0e-03, time_taken = 1.0e+00, rel_l2_error = 1.2e-01
Model state saved to ./checkpoints/heat3d_exact\2026-03-07_23-21-14-436998\model.pth
Iteration: 6400, loss_r = 1.6e-03 ,  loss_bc = 1.6e-03,  loss_ic = 5.7e-04,  lr = 1.0e-03, time_taken = 1.0e+00, rel_l2_error = 1.3e-01
Model state saved to ./checkpoints/heat3d_exact\2026-03-07_23-21-14-436998\model.pth
Iteration: 6500, loss_r = 1.2e-03 ,  loss_bc = 1.1e-03,  loss_ic = 3.6e-04,  lr = 1.0e-03, time_taken = 1.1e+00, rel_l2_error = 1.2e-01
Model state saved to ./checkpoints/heat3d_exact\2026-03-07_23-21-14-436998\model.pth
Iteration: 6600, loss_r = 1.1e-03 ,  loss_bc = 1.2e-03,  loss_ic = 6.0e-04,  lr = 1.0e-03, time_taken = 1.0e+00, rel_l2_error = 1.2e-01
Model state saved to ./checkpoints/heat3d_exact\2026-03-07_23-21-14-436998\model.pth
Iteration: 6700, loss_r = 1.5e-03 ,  loss_bc = 1.2e-03,  loss_ic = 3.6e-04,  lr = 1.0e-03, time_taken = 9.6e-01, rel_l2_error = 1.2e-01
Model state saved to ./checkpoints/heat3d_exact\2026-03-07_23-21-14-436998\model.pth
Iteration: 6800, loss_r = 7.3e-04 ,  loss_bc = 1.2e-03,  loss_ic = 4.0e-04,  lr = 1.0e-03, time_taken = 1.0e+00, rel_l2_error = 1.2e-01
Model state saved to ./checkpoints/heat3d_exact\2026-03-07_23-21-14-436998\model.pth
Iteration: 6900, loss_r = 9.3e-04 ,  loss_bc = 1.4e-03,  loss_ic = 2.5e-04,  lr = 1.0e-03, time_taken = 1.2e+00, rel_l2_error = 1.3e-01
Model state saved to ./checkpoints/heat3d_exact\2026-03-07_23-21-14-436998\model.pth
Iteration: 7000, loss_r = 8.9e-04 ,  loss_bc = 1.2e-03,  loss_ic = 5.0e-04,  lr = 1.0e-03, time_taken = 1.0e+00, rel_l2_error = 1.2e-01
Model state saved to ./checkpoints/heat3d_exact\2026-03-07_23-21-14-436998\model.pth
Iteration: 7100, loss_r = 1.2e-03 ,  loss_bc = 1.2e-03,  loss_ic = 5.1e-04,  lr = 1.0e-03, time_taken = 9.9e-01, rel_l2_error = 1.1e-01
Model state saved to ./checkpoints/heat3d_exact\2026-03-07_23-21-14-436998\model.pth
Iteration: 7200, loss_r = 7.2e-04 ,  loss_bc = 1.4e-03,  loss_ic = 3.3e-04,  lr = 1.0e-03, time_taken = 1.0e+00, rel_l2_error = 1.3e-01
Model state saved to ./checkpoints/heat3d_exact\2026-03-07_23-21-14-436998\model.pth
Iteration: 7300, loss_r = 6.5e-04 ,  loss_bc = 1.4e-03,  loss_ic = 2.8e-04,  lr = 1.0e-03, time_taken = 9.7e-01, rel_l2_error = 1.1e-01
Model state saved to ./checkpoints/heat3d_exact\2026-03-07_23-21-14-436998\model.pth
Iteration: 7400, loss_r = 1.0e-03 ,  loss_bc = 1.1e-03,  loss_ic = 4.2e-04,  lr = 1.0e-03, time_taken = 9.9e-01, rel_l2_error = 1.2e-01
Model state saved to ./checkpoints/heat3d_exact\2026-03-07_23-21-14-436998\model.pth
Iteration: 7500, loss_r = 7.7e-04 ,  loss_bc = 1.1e-03,  loss_ic = 4.2e-04,  lr = 1.0e-03, time_taken = 1.0e+00, rel_l2_error = 1.2e-01
Model state saved to ./checkpoints/heat3d_exact\2026-03-07_23-21-14-436998\model.pth
Iteration: 7600, loss_r = 8.1e-04 ,  loss_bc = 9.4e-04,  loss_ic = 3.4e-04,  lr = 1.0e-03, time_taken = 1.1e+00, rel_l2_error = 1.1e-01
Model state saved to ./checkpoints/heat3d_exact\2026-03-07_23-21-14-436998\model.pth
Iteration: 7700, loss_r = 6.2e-04 ,  loss_bc = 1.1e-03,  loss_ic = 3.0e-04,  lr = 1.0e-03, time_taken = 9.8e-01, rel_l2_error = 1.0e-01
Model state saved to ./checkpoints/heat3d_exact\2026-03-07_23-21-14-436998\model.pth
Iteration: 7800, loss_r = 6.1e-04 ,  loss_bc = 7.9e-04,  loss_ic = 3.6e-04,  lr = 1.0e-03, time_taken = 9.9e-01, rel_l2_error = 1.1e-01
Model state saved to ./checkpoints/heat3d_exact\2026-03-07_23-21-14-436998\model.pth
Iteration: 7900, loss_r = 6.7e-04 ,  loss_bc = 8.4e-04,  loss_ic = 3.8e-04,  lr = 1.0e-03, time_taken = 1.1e+00, rel_l2_error = 1.1e-01
Model state saved to ./checkpoints/heat3d_exact\2026-03-07_23-21-14-436998\model.pth
Iteration: 8000, loss_r = 7.7e-04 ,  loss_bc = 9.2e-04,  loss_ic = 2.9e-04,  lr = 1.0e-03, time_taken = 1.1e+00, rel_l2_error = 1.1e-01
Model state saved to ./checkpoints/heat3d_exact\2026-03-07_23-21-14-436998\model.pth

=== RAR Evaluation at iteration 8000 ===
Mean residual: 4.383e-01
Added 100 point(s). Total adaptive points: 400

Iteration: 8100, loss_r = 8.4e-04 ,  loss_bc = 7.9e-04,  loss_ic = 1.3e-04,  lr = 1.0e-03, time_taken = 1.1e+00, rel_l2_error = 1.1e-01
Model state saved to ./checkpoints/heat3d_exact\2026-03-07_23-21-14-436998\model.pth
Iteration: 8200, loss_r = 9.0e-04 ,  loss_bc = 8.7e-04,  loss_ic = 3.3e-04,  lr = 1.0e-03, time_taken = 1.1e+00, rel_l2_error = 1.1e-01
Model state saved to ./checkpoints/heat3d_exact\2026-03-07_23-21-14-436998\model.pth
Iteration: 8300, loss_r = 7.4e-04 ,  loss_bc = 8.2e-04,  loss_ic = 2.9e-04,  lr = 1.0e-03, time_taken = 1.0e+00, rel_l2_error = 1.0e-01
Model state saved to ./checkpoints/heat3d_exact\2026-03-07_23-21-14-436998\model.pth
Iteration: 8400, loss_r = 5.9e-04 ,  loss_bc = 8.0e-04,  loss_ic = 2.6e-04,  lr = 1.0e-03, time_taken = 1.1e+00, rel_l2_error = 9.6e-02
Model state saved to ./checkpoints/heat3d_exact\2026-03-07_23-21-14-436998\model.pth
Iteration: 8500, loss_r = 5.6e-04 ,  loss_bc = 1.4e-03,  loss_ic = 3.6e-04,  lr = 1.0e-03, time_taken = 1.0e+00, rel_l2_error = 9.6e-02
Model state saved to ./checkpoints/heat3d_exact\2026-03-07_23-21-14-436998\model.pth
Iteration: 8600, loss_r = 5.3e-04 ,  loss_bc = 7.5e-04,  loss_ic = 3.3e-04,  lr = 1.0e-03, time_taken = 1.0e+00, rel_l2_error = 9.9e-02
Model state saved to ./checkpoints/heat3d_exact\2026-03-07_23-21-14-436998\model.pth
Iteration: 8700, loss_r = 6.2e-04 ,  loss_bc = 8.1e-04,  loss_ic = 2.8e-04,  lr = 1.0e-03, time_taken = 1.1e+00, rel_l2_error = 1.1e-01
Model state saved to ./checkpoints/heat3d_exact\2026-03-07_23-21-14-436998\model.pth
Iteration: 8800, loss_r = 4.2e-04 ,  loss_bc = 8.5e-04,  loss_ic = 2.9e-04,  lr = 1.0e-03, time_taken = 1.0e+00, rel_l2_error = 1.0e-01
Model state saved to ./checkpoints/heat3d_exact\2026-03-07_23-21-14-436998\model.pth
Iteration: 8900, loss_r = 5.4e-04 ,  loss_bc = 9.4e-04,  loss_ic = 3.6e-04,  lr = 1.0e-03, time_taken = 1.0e+00, rel_l2_error = 9.8e-02
Model state saved to ./checkpoints/heat3d_exact\2026-03-07_23-21-14-436998\model.pth
Iteration: 9000, loss_r = 4.4e-04 ,  loss_bc = 1.3e-03,  loss_ic = 2.3e-04,  lr = 1.0e-03, time_taken = 1.0e+00, rel_l2_error = 1.0e-01
Model state saved to ./checkpoints/heat3d_exact\2026-03-07_23-21-14-436998\model.pth
Iteration: 9100, loss_r = 6.8e-04 ,  loss_bc = 7.7e-04,  loss_ic = 2.7e-04,  lr = 1.0e-03, time_taken = 1.0e+00, rel_l2_error = 1.1e-01
Model state saved to ./checkpoints/heat3d_exact\2026-03-07_23-21-14-436998\model.pth
Iteration: 9200, loss_r = 5.4e-04 ,  loss_bc = 6.9e-04,  loss_ic = 2.1e-04,  lr = 1.0e-03, time_taken = 9.9e-01, rel_l2_error = 1.1e-01
Model state saved to ./checkpoints/heat3d_exact\2026-03-07_23-21-14-436998\model.pth
Iteration: 9300, loss_r = 5.6e-04 ,  loss_bc = 6.9e-04,  loss_ic = 3.2e-04,  lr = 1.0e-03, time_taken = 1.0e+00, rel_l2_error = 1.0e-01
Model state saved to ./checkpoints/heat3d_exact\2026-03-07_23-21-14-436998\model.pth
Iteration: 9400, loss_r = 5.4e-04 ,  loss_bc = 6.9e-04,  loss_ic = 3.2e-04,  lr = 1.0e-03, time_taken = 1.0e+00, rel_l2_error = 1.0e-01
Model state saved to ./checkpoints/heat3d_exact\2026-03-07_23-21-14-436998\model.pth
Iteration: 9500, loss_r = 5.2e-04 ,  loss_bc = 9.0e-04,  loss_ic = 3.2e-04,  lr = 1.0e-03, time_taken = 1.0e+00, rel_l2_error = 9.7e-02
Model state saved to ./checkpoints/heat3d_exact\2026-03-07_23-21-14-436998\model.pth
Iteration: 9600, loss_r = 7.3e-04 ,  loss_bc = 5.1e-04,  loss_ic = 1.6e-04,  lr = 1.0e-03, time_taken = 9.8e-01, rel_l2_error = 9.4e-02
Model state saved to ./checkpoints/heat3d_exact\2026-03-07_23-21-14-436998\model.pth
Iteration: 9700, loss_r = 5.4e-04 ,  loss_bc = 7.9e-04,  loss_ic = 1.8e-04,  lr = 1.0e-03, time_taken = 1.0e+00, rel_l2_error = 8.9e-02
Model state saved to ./checkpoints/heat3d_exact\2026-03-07_23-21-14-436998\model.pth
Iteration: 9800, loss_r = 4.2e-04 ,  loss_bc = 1.1e-03,  loss_ic = 1.5e-04,  lr = 1.0e-03, time_taken = 1.0e+00, rel_l2_error = 8.9e-02
Model state saved to ./checkpoints/heat3d_exact\2026-03-07_23-21-14-436998\model.pth
Iteration: 9900, loss_r = 5.5e-04 ,  loss_bc = 7.3e-04,  loss_ic = 1.4e-04,  lr = 1.0e-03, time_taken = 1.1e+00, rel_l2_error = 9.0e-02
Model state saved to ./checkpoints/heat3d_exact\2026-03-07_23-21-14-436998\model.pth

=== Switching to LBFGS optimizer at iteration 10000 ===
Using scipy L-BFGS-B optimizer
Optimizer: L-BFGS-B (maxiter=10000, factr=1000.0, m=100, maxls=50, pgtol=1e-14)
L-BFGS Iteration: 0, Loss: 1.124660e-03
L-BFGS Iteration: 1, Loss: 1.111623e-03, Relative L2 Error: 9.256257e-02
L-BFGS: Time for 100 iterations = 1073.8208 s
L-BFGS Iteration: 100, Loss: 4.274453e-04, Relative L2 Error: 6.844930e-02
L-BFGS Iteration: 200, Loss: 2.253450e-04, Relative L2 Error: 5.144501e-02
L-BFGS Iteration: 300, Loss: 1.432805e-04, Relative L2 Error: 4.530961e-02
L-BFGS Iteration: 400, Loss: 1.074326e-04, Relative L2 Error: 4.107921e-02
L-BFGS Iteration: 500, Loss: 8.764606e-05, Relative L2 Error: 3.950248e-02
L-BFGS Iteration: 600, Loss: 7.140040e-05, Relative L2 Error: 4.051775e-02
L-BFGS Iteration: 700, Loss: 6.169711e-05, Relative L2 Error: 3.672932e-02
L-BFGS Iteration: 800, Loss: 5.368212e-05, Relative L2 Error: 4.115812e-02
L-BFGS Iteration: 900, Loss: 4.718310e-05, Relative L2 Error: 3.846359e-02
L-BFGS Iteration: 1000, Loss: 4.240949e-05, Relative L2 Error: 3.731335e-02
L-BFGS Iteration: 1100, Loss: 3.914900e-05, Relative L2 Error: 3.659622e-02
L-BFGS Iteration: 1200, Loss: 3.645112e-05, Relative L2 Error: 3.680683e-02
L-BFGS Iteration: 1300, Loss: 3.416156e-05, Relative L2 Error: 3.328817e-02
L-BFGS Iteration: 1400, Loss: 3.189212e-05, Relative L2 Error: 3.235636e-02
L-BFGS Iteration: 1500, Loss: 2.946404e-05, Relative L2 Error: 3.278642e-02
L-BFGS Iteration: 1600, Loss: 2.783242e-05, Relative L2 Error: 3.162117e-02
L-BFGS Iteration: 1700, Loss: 2.652748e-05, Relative L2 Error: 2.937648e-02
L-BFGS Iteration: 1800, Loss: 2.484764e-05, Relative L2 Error: 2.934906e-02
L-BFGS Iteration: 1900, Loss: 2.371643e-05, Relative L2 Error: 3.110803e-02
L-BFGS Iteration: 2000, Loss: 2.247285e-05, Relative L2 Error: 3.102002e-02
L-BFGS Iteration: 2100, Loss: 2.146467e-05, Relative L2 Error: 2.992216e-02
L-BFGS Iteration: 2200, Loss: 2.022623e-05, Relative L2 Error: 2.932850e-02
L-BFGS Iteration: 2300, Loss: 1.928058e-05, Relative L2 Error: 2.932377e-02
L-BFGS Iteration: 2400, Loss: 1.845913e-05, Relative L2 Error: 3.108736e-02
L-BFGS Iteration: 2500, Loss: 1.758085e-05, Relative L2 Error: 3.128890e-02
L-BFGS Iteration: 2600, Loss: 1.686339e-05, Relative L2 Error: 2.943271e-02
L-BFGS Iteration: 2700, Loss: 1.595574e-05, Relative L2 Error: 2.889086e-02
L-BFGS Iteration: 2800, Loss: 1.523855e-05, Relative L2 Error: 2.944950e-02
L-BFGS Iteration: 2900, Loss: 1.457140e-05, Relative L2 Error: 2.804956e-02
L-BFGS Iteration: 3000, Loss: 1.379424e-05, Relative L2 Error: 2.796425e-02
L-BFGS Iteration: 3100, Loss: 1.312277e-05, Relative L2 Error: 2.885560e-02
L-BFGS Iteration: 3200, Loss: 1.252139e-05, Relative L2 Error: 2.904803e-02
L-BFGS Iteration: 3300, Loss: 1.160018e-05, Relative L2 Error: 2.786832e-02
L-BFGS Iteration: 3400, Loss: 1.092667e-05, Relative L2 Error: 2.968181e-02
L-BFGS Iteration: 3500, Loss: 1.049629e-05, Relative L2 Error: 2.775042e-02
L-BFGS Iteration: 3600, Loss: 9.991999e-06, Relative L2 Error: 2.706847e-02
L-BFGS Iteration: 3700, Loss: 9.585629e-06, Relative L2 Error: 2.696542e-02
L-BFGS Iteration: 3800, Loss: 9.248341e-06, Relative L2 Error: 2.721039e-02
L-BFGS Iteration: 3900, Loss: 8.878812e-06, Relative L2 Error: 2.760744e-02
L-BFGS Iteration: 4000, Loss: 8.404033e-06, Relative L2 Error: 2.613551e-02
L-BFGS Iteration: 4100, Loss: 8.038880e-06, Relative L2 Error: 2.707102e-02
L-BFGS Iteration: 4200, Loss: 7.641122e-06, Relative L2 Error: 2.481666e-02
L-BFGS Iteration: 4300, Loss: 7.303670e-06, Relative L2 Error: 2.559462e-02
L-BFGS Iteration: 4400, Loss: 7.069166e-06, Relative L2 Error: 2.436022e-02
L-BFGS Iteration: 4500, Loss: 6.777826e-06, Relative L2 Error: 2.404549e-02
L-BFGS Iteration: 4600, Loss: 6.490946e-06, Relative L2 Error: 2.396708e-02
L-BFGS Iteration: 4700, Loss: 6.204941e-06, Relative L2 Error: 2.498708e-02
L-BFGS Iteration: 4800, Loss: 5.956885e-06, Relative L2 Error: 2.253732e-02
L-BFGS Iteration: 4900, Loss: 5.756659e-06, Relative L2 Error: 2.407780e-02
L-BFGS Iteration: 5000, Loss: 5.563414e-06, Relative L2 Error: 2.434339e-02
L-BFGS Iteration: 5100, Loss: 5.402015e-06, Relative L2 Error: 2.383309e-02
L-BFGS Iteration: 5200, Loss: 5.275796e-06, Relative L2 Error: 2.518979e-02
L-BFGS Iteration: 5300, Loss: 5.138569e-06, Relative L2 Error: 2.263092e-02
L-BFGS Iteration: 5400, Loss: 4.990396e-06, Relative L2 Error: 2.296527e-02
L-BFGS Iteration: 5500, Loss: 4.831546e-06, Relative L2 Error: 2.334523e-02
L-BFGS Iteration: 5600, Loss: 4.685030e-06, Relative L2 Error: 2.200726e-02
L-BFGS Iteration: 5700, Loss: 4.534177e-06, Relative L2 Error: 2.277278e-02
L-BFGS Iteration: 5800, Loss: 4.429056e-06, Relative L2 Error: 2.388773e-02
L-BFGS Iteration: 5900, Loss: 4.313207e-06, Relative L2 Error: 2.233886e-02
L-BFGS Iteration: 6000, Loss: 4.210850e-06, Relative L2 Error: 2.363425e-02
L-BFGS Iteration: 6100, Loss: 4.142621e-06, Relative L2 Error: 2.297454e-02
L-BFGS Iteration: 6200, Loss: 4.082456e-06, Relative L2 Error: 2.300067e-02
L-BFGS Iteration: 6300, Loss: 3.988062e-06, Relative L2 Error: 2.288654e-02
L-BFGS Iteration: 6400, Loss: 3.884004e-06, Relative L2 Error: 2.268239e-02
L-BFGS Iteration: 6500, Loss: 3.810055e-06, Relative L2 Error: 2.120354e-02
L-BFGS Iteration: 6600, Loss: 3.715074e-06, Relative L2 Error: 2.152170e-02
L-BFGS Iteration: 6700, Loss: 3.655538e-06, Relative L2 Error: 2.011570e-02
L-BFGS training completed after 6733 iterations
Model state saved to ./checkpoints/heat3d_exact\2026-03-07_23-21-14-436998\model.pth
Training completed successfully!
Relative L2 error (eval data): 2.15e-02
Saved solution comparison heatmaps to: ./checkpoints/heat3d_exact\2026-03-07_23-21-14-436998\solution_comparison_heat3d.png
