Random seed set to: 203
Solving 3D heat equation u_t = alpha (u_{xx}+u_{yy}+u_{zz}) on [0,1]^3 with homogeneous Dirichlet BC
Using DV Solver
The settings used:
batch_size : 64
epochs : 20000
lr : 0.001
seed : 203
print_every : 100
log_path : ./checkpoints/heat3d_exact
input_dim : 4
output_dim : 1
num_qubits : 5
hidden_dim : 20
num_quantum_layers : 1
classic_network : [4, 20, 1]
q_ansatz : cross_mesh
mode : hybrid
activation : tanh
shots : None
problem : heat3d_exact
solver : DV
device : cuda
method : None
cutoff_dim : 20
class : CVNeuralNetwork1
encoding : angle
use_rar : False
rar_eval_freq : 2000
rar_threshold : 0.0005
rar_num_candidates : 10000
rar_num_add : 100
use_hybrid_optimizer : True
adam_iterations : 10000
use_scipy_lbfgs : True
lbfgs_lr : 1
lbfgs_line_search : strong_wolfe
lbfgs_tolerance_grad : 1e-05
lbfgs_tolerance_change : 1e-07
lbfgs_maxiter : 10000
lbfgs_factr : 1000.0
lbfgs_pgtol : 1e-14
lbfgs_maxls : 50
lbfgs_m : 100
lbfgs_eval_every : 100
domainN : 500
boundaryN : 50
initialN : 50
eval_total_points : 10000
nx : 200
nt : 200
y0 : 0.5
z0 : 0.5
alpha : 0.1
Total number of parameters: 1226
The circuit used in the study:
Iteration: 0, loss_r = 5.3e-05 ,  loss_bc = 4.0e-01,  loss_ic = 3.4e-01,  lr = 1.0e-03, time_taken = 4.8e+00, rel_l2_error = 2.2e+00
Model state saved to ./checkpoints/heat3d_exact/2026-05-29_08-59-50-318361/model.pth
Iteration: 100, loss_r = 6.8e-03 ,  loss_bc = 1.3e-02,  loss_ic = 5.5e-02,  lr = 1.0e-03, time_taken = 2.3e+00, rel_l2_error = 7.8e-01
Model state saved to ./checkpoints/heat3d_exact/2026-05-29_08-59-50-318361/model.pth
Iteration: 200, loss_r = 4.6e-03 ,  loss_bc = 1.5e-02,  loss_ic = 5.5e-02,  lr = 1.0e-03, time_taken = 2.3e+00, rel_l2_error = 7.1e-01
Model state saved to ./checkpoints/heat3d_exact/2026-05-29_08-59-50-318361/model.pth
Iteration: 300, loss_r = 5.6e-03 ,  loss_bc = 1.9e-02,  loss_ic = 5.3e-02,  lr = 1.0e-03, time_taken = 2.2e+00, rel_l2_error = 6.0e-01
Model state saved to ./checkpoints/heat3d_exact/2026-05-29_08-59-50-318361/model.pth
Iteration: 400, loss_r = 5.9e-03 ,  loss_bc = 1.4e-02,  loss_ic = 2.9e-02,  lr = 1.0e-03, time_taken = 2.0e+00, rel_l2_error = 5.1e-01
Model state saved to ./checkpoints/heat3d_exact/2026-05-29_08-59-50-318361/model.pth
Iteration: 500, loss_r = 4.9e-03 ,  loss_bc = 9.4e-03,  loss_ic = 1.9e-02,  lr = 1.0e-03, time_taken = 2.4e+00, rel_l2_error = 4.3e-01
Model state saved to ./checkpoints/heat3d_exact/2026-05-29_08-59-50-318361/model.pth
Iteration: 600, loss_r = 3.0e-03 ,  loss_bc = 6.8e-03,  loss_ic = 1.4e-02,  lr = 1.0e-03, time_taken = 2.6e+00, rel_l2_error = 3.9e-01
Model state saved to ./checkpoints/heat3d_exact/2026-05-29_08-59-50-318361/model.pth
Iteration: 700, loss_r = 3.2e-03 ,  loss_bc = 4.6e-03,  loss_ic = 1.6e-02,  lr = 1.0e-03, time_taken = 2.5e+00, rel_l2_error = 3.5e-01
Model state saved to ./checkpoints/heat3d_exact/2026-05-29_08-59-50-318361/model.pth
Iteration: 800, loss_r = 2.6e-03 ,  loss_bc = 4.7e-03,  loss_ic = 9.5e-03,  lr = 1.0e-03, time_taken = 2.4e+00, rel_l2_error = 3.5e-01
Model state saved to ./checkpoints/heat3d_exact/2026-05-29_08-59-50-318361/model.pth
Iteration: 900, loss_r = 5.1e-03 ,  loss_bc = 7.3e-03,  loss_ic = 8.6e-03,  lr = 1.0e-03, time_taken = 2.2e+00, rel_l2_error = 3.4e-01
Model state saved to ./checkpoints/heat3d_exact/2026-05-29_08-59-50-318361/model.pth
Iteration: 1000, loss_r = 3.4e-03 ,  loss_bc = 3.8e-03,  loss_ic = 8.0e-03,  lr = 1.0e-03, time_taken = 2.2e+00, rel_l2_error = 3.1e-01
Model state saved to ./checkpoints/heat3d_exact/2026-05-29_08-59-50-318361/model.pth
Iteration: 1100, loss_r = 2.6e-03 ,  loss_bc = 5.4e-03,  loss_ic = 8.4e-03,  lr = 1.0e-03, time_taken = 2.0e+00, rel_l2_error = 3.0e-01
Model state saved to ./checkpoints/heat3d_exact/2026-05-29_08-59-50-318361/model.pth
Iteration: 1200, loss_r = 4.5e-03 ,  loss_bc = 3.9e-03,  loss_ic = 6.9e-03,  lr = 1.0e-03, time_taken = 2.0e+00, rel_l2_error = 3.1e-01
Model state saved to ./checkpoints/heat3d_exact/2026-05-29_08-59-50-318361/model.pth
Iteration: 1300, loss_r = 3.1e-03 ,  loss_bc = 3.6e-03,  loss_ic = 3.7e-03,  lr = 1.0e-03, time_taken = 2.5e+00, rel_l2_error = 2.8e-01
Model state saved to ./checkpoints/heat3d_exact/2026-05-29_08-59-50-318361/model.pth
Iteration: 1400, loss_r = 3.3e-03 ,  loss_bc = 4.5e-03,  loss_ic = 4.7e-03,  lr = 1.0e-03, time_taken = 2.6e+00, rel_l2_error = 2.8e-01
Model state saved to ./checkpoints/heat3d_exact/2026-05-29_08-59-50-318361/model.pth
Iteration: 1500, loss_r = 3.7e-03 ,  loss_bc = 3.9e-03,  loss_ic = 6.6e-03,  lr = 1.0e-03, time_taken = 1.9e+00, rel_l2_error = 2.8e-01
Model state saved to ./checkpoints/heat3d_exact/2026-05-29_08-59-50-318361/model.pth
Iteration: 1600, loss_r = 3.3e-03 ,  loss_bc = 3.3e-03,  loss_ic = 4.9e-03,  lr = 1.0e-03, time_taken = 2.2e+00, rel_l2_error = 2.7e-01
Model state saved to ./checkpoints/heat3d_exact/2026-05-29_08-59-50-318361/model.pth
Iteration: 1700, loss_r = 1.6e-03 ,  loss_bc = 3.5e-03,  loss_ic = 5.4e-03,  lr = 1.0e-03, time_taken = 2.5e+00, rel_l2_error = 2.8e-01
Model state saved to ./checkpoints/heat3d_exact/2026-05-29_08-59-50-318361/model.pth
Iteration: 1800, loss_r = 1.8e-03 ,  loss_bc = 4.0e-03,  loss_ic = 2.9e-03,  lr = 1.0e-03, time_taken = 2.5e+00, rel_l2_error = 2.6e-01
Model state saved to ./checkpoints/heat3d_exact/2026-05-29_08-59-50-318361/model.pth
Iteration: 1900, loss_r = 1.7e-03 ,  loss_bc = 2.7e-03,  loss_ic = 3.6e-03,  lr = 1.0e-03, time_taken = 2.5e+00, rel_l2_error = 2.6e-01
Model state saved to ./checkpoints/heat3d_exact/2026-05-29_08-59-50-318361/model.pth
Iteration: 2000, loss_r = 2.6e-03 ,  loss_bc = 3.2e-03,  loss_ic = 4.6e-03,  lr = 1.0e-03, time_taken = 2.4e+00, rel_l2_error = 2.5e-01
Model state saved to ./checkpoints/heat3d_exact/2026-05-29_08-59-50-318361/model.pth
Iteration: 2100, loss_r = 1.4e-03 ,  loss_bc = 3.5e-03,  loss_ic = 2.7e-03,  lr = 1.0e-03, time_taken = 2.3e+00, rel_l2_error = 2.5e-01
Model state saved to ./checkpoints/heat3d_exact/2026-05-29_08-59-50-318361/model.pth
Iteration: 2200, loss_r = 1.6e-03 ,  loss_bc = 2.6e-03,  loss_ic = 2.4e-03,  lr = 1.0e-03, time_taken = 2.6e+00, rel_l2_error = 2.6e-01
Model state saved to ./checkpoints/heat3d_exact/2026-05-29_08-59-50-318361/model.pth
Iteration: 2300, loss_r = 2.3e-03 ,  loss_bc = 3.1e-03,  loss_ic = 3.1e-03,  lr = 1.0e-03, time_taken = 2.5e+00, rel_l2_error = 2.6e-01
Model state saved to ./checkpoints/heat3d_exact/2026-05-29_08-59-50-318361/model.pth
Iteration: 2400, loss_r = 1.9e-03 ,  loss_bc = 2.5e-03,  loss_ic = 3.2e-03,  lr = 1.0e-03, time_taken = 2.3e+00, rel_l2_error = 2.3e-01
Model state saved to ./checkpoints/heat3d_exact/2026-05-29_08-59-50-318361/model.pth
Iteration: 2500, loss_r = 1.8e-03 ,  loss_bc = 3.1e-03,  loss_ic = 2.4e-03,  lr = 1.0e-03, time_taken = 2.6e+00, rel_l2_error = 2.4e-01
Model state saved to ./checkpoints/heat3d_exact/2026-05-29_08-59-50-318361/model.pth
Iteration: 2600, loss_r = 1.6e-03 ,  loss_bc = 2.5e-03,  loss_ic = 2.8e-03,  lr = 1.0e-03, time_taken = 2.2e+00, rel_l2_error = 2.3e-01
Model state saved to ./checkpoints/heat3d_exact/2026-05-29_08-59-50-318361/model.pth
Iteration: 2700, loss_r = 1.5e-03 ,  loss_bc = 2.9e-03,  loss_ic = 2.3e-03,  lr = 1.0e-03, time_taken = 2.4e+00, rel_l2_error = 2.3e-01
Model state saved to ./checkpoints/heat3d_exact/2026-05-29_08-59-50-318361/model.pth
Iteration: 2800, loss_r = 1.5e-03 ,  loss_bc = 2.4e-03,  loss_ic = 1.6e-03,  lr = 1.0e-03, time_taken = 2.6e+00, rel_l2_error = 2.2e-01
Model state saved to ./checkpoints/heat3d_exact/2026-05-29_08-59-50-318361/model.pth
Iteration: 2900, loss_r = 2.7e-03 ,  loss_bc = 2.8e-03,  loss_ic = 1.8e-03,  lr = 1.0e-03, time_taken = 2.6e+00, rel_l2_error = 2.2e-01
Model state saved to ./checkpoints/heat3d_exact/2026-05-29_08-59-50-318361/model.pth
Iteration: 3000, loss_r = 9.3e-04 ,  loss_bc = 2.7e-03,  loss_ic = 1.8e-03,  lr = 1.0e-03, time_taken = 2.4e+00, rel_l2_error = 2.1e-01
Model state saved to ./checkpoints/heat3d_exact/2026-05-29_08-59-50-318361/model.pth
Iteration: 3100, loss_r = 1.1e-03 ,  loss_bc = 2.0e-03,  loss_ic = 2.9e-03,  lr = 1.0e-03, time_taken = 2.2e+00, rel_l2_error = 2.2e-01
Model state saved to ./checkpoints/heat3d_exact/2026-05-29_08-59-50-318361/model.pth
Iteration: 3200, loss_r = 2.3e-03 ,  loss_bc = 2.3e-03,  loss_ic = 1.7e-03,  lr = 1.0e-03, time_taken = 2.1e+00, rel_l2_error = 2.2e-01
Model state saved to ./checkpoints/heat3d_exact/2026-05-29_08-59-50-318361/model.pth
Iteration: 3300, loss_r = 1.2e-03 ,  loss_bc = 1.9e-03,  loss_ic = 2.2e-03,  lr = 1.0e-03, time_taken = 2.4e+00, rel_l2_error = 2.1e-01
Model state saved to ./checkpoints/heat3d_exact/2026-05-29_08-59-50-318361/model.pth
Iteration: 3400, loss_r = 1.4e-03 ,  loss_bc = 2.5e-03,  loss_ic = 1.7e-03,  lr = 1.0e-03, time_taken = 2.6e+00, rel_l2_error = 2.1e-01
Model state saved to ./checkpoints/heat3d_exact/2026-05-29_08-59-50-318361/model.pth
Iteration: 3500, loss_r = 1.5e-03 ,  loss_bc = 2.0e-03,  loss_ic = 1.6e-03,  lr = 1.0e-03, time_taken = 2.0e+00, rel_l2_error = 2.1e-01
Model state saved to ./checkpoints/heat3d_exact/2026-05-29_08-59-50-318361/model.pth
Iteration: 3600, loss_r = 1.9e-03 ,  loss_bc = 2.0e-03,  loss_ic = 1.3e-03,  lr = 1.0e-03, time_taken = 2.3e+00, rel_l2_error = 2.1e-01
Model state saved to ./checkpoints/heat3d_exact/2026-05-29_08-59-50-318361/model.pth
Iteration: 3700, loss_r = 1.2e-03 ,  loss_bc = 2.2e-03,  loss_ic = 1.3e-03,  lr = 1.0e-03, time_taken = 2.6e+00, rel_l2_error = 2.1e-01
Model state saved to ./checkpoints/heat3d_exact/2026-05-29_08-59-50-318361/model.pth
Iteration: 3800, loss_r = 1.1e-03 ,  loss_bc = 1.8e-03,  loss_ic = 1.7e-03,  lr = 1.0e-03, time_taken = 2.4e+00, rel_l2_error = 2.1e-01
Model state saved to ./checkpoints/heat3d_exact/2026-05-29_08-59-50-318361/model.pth
Iteration: 3900, loss_r = 9.7e-04 ,  loss_bc = 2.3e-03,  loss_ic = 1.3e-03,  lr = 1.0e-03, time_taken = 2.6e+00, rel_l2_error = 2.1e-01
Model state saved to ./checkpoints/heat3d_exact/2026-05-29_08-59-50-318361/model.pth
Iteration: 4000, loss_r = 1.3e-03 ,  loss_bc = 1.3e-03,  loss_ic = 1.6e-03,  lr = 1.0e-03, time_taken = 2.6e+00, rel_l2_error = 2.1e-01
Model state saved to ./checkpoints/heat3d_exact/2026-05-29_08-59-50-318361/model.pth
Iteration: 4100, loss_r = 8.6e-04 ,  loss_bc = 2.3e-03,  loss_ic = 1.4e-03,  lr = 1.0e-03, time_taken = 2.6e+00, rel_l2_error = 2.0e-01
Model state saved to ./checkpoints/heat3d_exact/2026-05-29_08-59-50-318361/model.pth
Iteration: 4200, loss_r = 1.1e-03 ,  loss_bc = 1.7e-03,  loss_ic = 1.3e-03,  lr = 1.0e-03, time_taken = 2.2e+00, rel_l2_error = 2.1e-01
Model state saved to ./checkpoints/heat3d_exact/2026-05-29_08-59-50-318361/model.pth
Iteration: 4300, loss_r = 8.2e-04 ,  loss_bc = 1.8e-03,  loss_ic = 1.6e-03,  lr = 1.0e-03, time_taken = 2.4e+00, rel_l2_error = 2.1e-01
Model state saved to ./checkpoints/heat3d_exact/2026-05-29_08-59-50-318361/model.pth
Iteration: 4400, loss_r = 1.2e-03 ,  loss_bc = 1.7e-03,  loss_ic = 9.9e-04,  lr = 1.0e-03, time_taken = 2.4e+00, rel_l2_error = 1.9e-01
Model state saved to ./checkpoints/heat3d_exact/2026-05-29_08-59-50-318361/model.pth
Iteration: 4500, loss_r = 5.7e-04 ,  loss_bc = 1.9e-03,  loss_ic = 1.5e-03,  lr = 1.0e-03, time_taken = 2.3e+00, rel_l2_error = 2.0e-01
Model state saved to ./checkpoints/heat3d_exact/2026-05-29_08-59-50-318361/model.pth
Iteration: 4600, loss_r = 1.3e-03 ,  loss_bc = 2.0e-03,  loss_ic = 1.2e-03,  lr = 1.0e-03, time_taken = 2.3e+00, rel_l2_error = 2.0e-01
Model state saved to ./checkpoints/heat3d_exact/2026-05-29_08-59-50-318361/model.pth
Iteration: 4700, loss_r = 3.5e-04 ,  loss_bc = 1.5e-03,  loss_ic = 8.5e-04,  lr = 1.0e-03, time_taken = 2.3e+00, rel_l2_error = 1.9e-01
Model state saved to ./checkpoints/heat3d_exact/2026-05-29_08-59-50-318361/model.pth
Iteration: 4800, loss_r = 4.4e-04 ,  loss_bc = 2.5e-03,  loss_ic = 1.3e-03,  lr = 1.0e-03, time_taken = 2.2e+00, rel_l2_error = 1.9e-01
Model state saved to ./checkpoints/heat3d_exact/2026-05-29_08-59-50-318361/model.pth
Iteration: 4900, loss_r = 1.4e-03 ,  loss_bc = 1.8e-03,  loss_ic = 1.1e-03,  lr = 1.0e-03, time_taken = 1.9e+00, rel_l2_error = 1.9e-01
Model state saved to ./checkpoints/heat3d_exact/2026-05-29_08-59-50-318361/model.pth
Iteration: 5000, loss_r = 1.0e-03 ,  loss_bc = 2.2e-03,  loss_ic = 1.4e-03,  lr = 1.0e-03, time_taken = 2.3e+00, rel_l2_error = 2.1e-01
Model state saved to ./checkpoints/heat3d_exact/2026-05-29_08-59-50-318361/model.pth
Iteration: 5100, loss_r = 1.3e-03 ,  loss_bc = 2.0e-03,  loss_ic = 1.2e-03,  lr = 1.0e-03, time_taken = 2.4e+00, rel_l2_error = 1.9e-01
Model state saved to ./checkpoints/heat3d_exact/2026-05-29_08-59-50-318361/model.pth
Iteration: 5200, loss_r = 4.2e-04 ,  loss_bc = 1.3e-03,  loss_ic = 1.5e-03,  lr = 1.0e-03, time_taken = 2.7e+00, rel_l2_error = 2.0e-01
Model state saved to ./checkpoints/heat3d_exact/2026-05-29_08-59-50-318361/model.pth
Iteration: 5300, loss_r = 6.0e-04 ,  loss_bc = 1.7e-03,  loss_ic = 1.1e-03,  lr = 1.0e-03, time_taken = 2.2e+00, rel_l2_error = 1.9e-01
Model state saved to ./checkpoints/heat3d_exact/2026-05-29_08-59-50-318361/model.pth
Iteration: 5400, loss_r = 6.5e-04 ,  loss_bc = 1.6e-03,  loss_ic = 1.0e-03,  lr = 1.0e-03, time_taken = 2.2e+00, rel_l2_error = 2.0e-01
Model state saved to ./checkpoints/heat3d_exact/2026-05-29_08-59-50-318361/model.pth
Iteration: 5500, loss_r = 5.2e-04 ,  loss_bc = 1.9e-03,  loss_ic = 8.1e-04,  lr = 1.0e-03, time_taken = 2.4e+00, rel_l2_error = 1.9e-01
Model state saved to ./checkpoints/heat3d_exact/2026-05-29_08-59-50-318361/model.pth
Iteration: 5600, loss_r = 8.2e-04 ,  loss_bc = 2.0e-03,  loss_ic = 1.1e-03,  lr = 1.0e-03, time_taken = 2.4e+00, rel_l2_error = 2.0e-01
Model state saved to ./checkpoints/heat3d_exact/2026-05-29_08-59-50-318361/model.pth
Iteration: 5700, loss_r = 7.9e-04 ,  loss_bc = 1.6e-03,  loss_ic = 1.1e-03,  lr = 1.0e-03, time_taken = 2.4e+00, rel_l2_error = 2.0e-01
Model state saved to ./checkpoints/heat3d_exact/2026-05-29_08-59-50-318361/model.pth
Iteration: 5800, loss_r = 6.2e-04 ,  loss_bc = 1.7e-03,  loss_ic = 1.0e-03,  lr = 1.0e-03, time_taken = 2.1e+00, rel_l2_error = 2.0e-01
Model state saved to ./checkpoints/heat3d_exact/2026-05-29_08-59-50-318361/model.pth
Iteration: 5900, loss_r = 5.8e-04 ,  loss_bc = 1.4e-03,  loss_ic = 1.1e-03,  lr = 1.0e-03, time_taken = 2.3e+00, rel_l2_error = 2.0e-01
Model state saved to ./checkpoints/heat3d_exact/2026-05-29_08-59-50-318361/model.pth
Iteration: 6000, loss_r = 8.0e-04 ,  loss_bc = 1.5e-03,  loss_ic = 7.7e-04,  lr = 1.0e-03, time_taken = 2.5e+00, rel_l2_error = 1.8e-01
Model state saved to ./checkpoints/heat3d_exact/2026-05-29_08-59-50-318361/model.pth
Iteration: 6100, loss_r = 6.3e-04 ,  loss_bc = 1.3e-03,  loss_ic = 8.9e-04,  lr = 1.0e-03, time_taken = 2.4e+00, rel_l2_error = 1.9e-01
Model state saved to ./checkpoints/heat3d_exact/2026-05-29_08-59-50-318361/model.pth
Iteration: 6200, loss_r = 9.8e-04 ,  loss_bc = 1.3e-03,  loss_ic = 9.8e-04,  lr = 1.0e-03, time_taken = 2.7e+00, rel_l2_error = 1.9e-01
Model state saved to ./checkpoints/heat3d_exact/2026-05-29_08-59-50-318361/model.pth
Iteration: 6300, loss_r = 8.0e-04 ,  loss_bc = 1.3e-03,  loss_ic = 7.3e-04,  lr = 1.0e-03, time_taken = 2.4e+00, rel_l2_error = 1.8e-01
Model state saved to ./checkpoints/heat3d_exact/2026-05-29_08-59-50-318361/model.pth
Iteration: 6400, loss_r = 7.9e-04 ,  loss_bc = 1.1e-03,  loss_ic = 6.5e-04,  lr = 1.0e-03, time_taken = 2.3e+00, rel_l2_error = 1.8e-01
Model state saved to ./checkpoints/heat3d_exact/2026-05-29_08-59-50-318361/model.pth
Iteration: 6500, loss_r = 9.6e-04 ,  loss_bc = 1.4e-03,  loss_ic = 8.0e-04,  lr = 1.0e-03, time_taken = 2.5e+00, rel_l2_error = 2.0e-01
Model state saved to ./checkpoints/heat3d_exact/2026-05-29_08-59-50-318361/model.pth
Iteration: 6600, loss_r = 4.1e-04 ,  loss_bc = 1.4e-03,  loss_ic = 1.2e-03,  lr = 1.0e-03, time_taken = 2.6e+00, rel_l2_error = 1.8e-01
Model state saved to ./checkpoints/heat3d_exact/2026-05-29_08-59-50-318361/model.pth
Iteration: 6700, loss_r = 6.2e-04 ,  loss_bc = 1.2e-03,  loss_ic = 8.9e-04,  lr = 1.0e-03, time_taken = 2.3e+00, rel_l2_error = 1.9e-01
Model state saved to ./checkpoints/heat3d_exact/2026-05-29_08-59-50-318361/model.pth
Iteration: 6800, loss_r = 3.8e-04 ,  loss_bc = 8.9e-04,  loss_ic = 5.7e-04,  lr = 1.0e-03, time_taken = 2.3e+00, rel_l2_error = 1.6e-01
Model state saved to ./checkpoints/heat3d_exact/2026-05-29_08-59-50-318361/model.pth
Iteration: 6900, loss_r = 7.6e-04 ,  loss_bc = 1.2e-03,  loss_ic = 9.0e-04,  lr = 1.0e-03, time_taken = 2.6e+00, rel_l2_error = 1.8e-01
Model state saved to ./checkpoints/heat3d_exact/2026-05-29_08-59-50-318361/model.pth
Iteration: 7000, loss_r = 7.5e-04 ,  loss_bc = 1.5e-03,  loss_ic = 5.7e-04,  lr = 1.0e-03, time_taken = 2.5e+00, rel_l2_error = 1.8e-01
Model state saved to ./checkpoints/heat3d_exact/2026-05-29_08-59-50-318361/model.pth
Iteration: 7100, loss_r = 5.4e-04 ,  loss_bc = 1.1e-03,  loss_ic = 5.6e-04,  lr = 1.0e-03, time_taken = 2.4e+00, rel_l2_error = 1.8e-01
Model state saved to ./checkpoints/heat3d_exact/2026-05-29_08-59-50-318361/model.pth
Iteration: 7200, loss_r = 5.2e-04 ,  loss_bc = 1.2e-03,  loss_ic = 9.2e-04,  lr = 1.0e-03, time_taken = 2.4e+00, rel_l2_error = 1.7e-01
Model state saved to ./checkpoints/heat3d_exact/2026-05-29_08-59-50-318361/model.pth
Iteration: 7300, loss_r = 5.7e-04 ,  loss_bc = 1.5e-03,  loss_ic = 9.2e-04,  lr = 1.0e-03, time_taken = 2.3e+00, rel_l2_error = 1.9e-01
Model state saved to ./checkpoints/heat3d_exact/2026-05-29_08-59-50-318361/model.pth
Iteration: 7400, loss_r = 3.3e-04 ,  loss_bc = 8.0e-04,  loss_ic = 5.9e-04,  lr = 1.0e-03, time_taken = 2.2e+00, rel_l2_error = 1.7e-01
Model state saved to ./checkpoints/heat3d_exact/2026-05-29_08-59-50-318361/model.pth
Iteration: 7500, loss_r = 5.0e-04 ,  loss_bc = 8.6e-04,  loss_ic = 8.3e-04,  lr = 1.0e-03, time_taken = 2.4e+00, rel_l2_error = 1.6e-01
Model state saved to ./checkpoints/heat3d_exact/2026-05-29_08-59-50-318361/model.pth
Iteration: 7600, loss_r = 3.6e-04 ,  loss_bc = 7.9e-04,  loss_ic = 6.3e-04,  lr = 1.0e-03, time_taken = 2.4e+00, rel_l2_error = 1.6e-01
Model state saved to ./checkpoints/heat3d_exact/2026-05-29_08-59-50-318361/model.pth
Iteration: 7700, loss_r = 1.8e-04 ,  loss_bc = 7.6e-04,  loss_ic = 7.3e-04,  lr = 1.0e-03, time_taken = 2.3e+00, rel_l2_error = 1.6e-01
Model state saved to ./checkpoints/heat3d_exact/2026-05-29_08-59-50-318361/model.pth
Iteration: 7800, loss_r = 4.9e-04 ,  loss_bc = 9.7e-04,  loss_ic = 4.6e-04,  lr = 1.0e-03, time_taken = 2.3e+00, rel_l2_error = 1.6e-01
Model state saved to ./checkpoints/heat3d_exact/2026-05-29_08-59-50-318361/model.pth
Iteration: 7900, loss_r = 3.3e-04 ,  loss_bc = 7.8e-04,  loss_ic = 6.2e-04,  lr = 1.0e-03, time_taken = 2.5e+00, rel_l2_error = 1.6e-01
Model state saved to ./checkpoints/heat3d_exact/2026-05-29_08-59-50-318361/model.pth
Iteration: 8000, loss_r = 5.6e-04 ,  loss_bc = 7.2e-04,  loss_ic = 4.5e-04,  lr = 1.0e-03, time_taken = 2.6e+00, rel_l2_error = 1.5e-01
Model state saved to ./checkpoints/heat3d_exact/2026-05-29_08-59-50-318361/model.pth
Iteration: 8100, loss_r = 3.1e-04 ,  loss_bc = 9.4e-04,  loss_ic = 5.1e-04,  lr = 1.0e-03, time_taken = 2.6e+00, rel_l2_error = 1.5e-01
Model state saved to ./checkpoints/heat3d_exact/2026-05-29_08-59-50-318361/model.pth
Iteration: 8200, loss_r = 4.8e-04 ,  loss_bc = 8.5e-04,  loss_ic = 4.9e-04,  lr = 1.0e-03, time_taken = 1.9e+00, rel_l2_error = 1.5e-01
Model state saved to ./checkpoints/heat3d_exact/2026-05-29_08-59-50-318361/model.pth
Iteration: 8300, loss_r = 4.1e-04 ,  loss_bc = 7.4e-04,  loss_ic = 4.0e-04,  lr = 1.0e-03, time_taken = 2.4e+00, rel_l2_error = 1.4e-01
Model state saved to ./checkpoints/heat3d_exact/2026-05-29_08-59-50-318361/model.pth
Iteration: 8400, loss_r = 1.7e-04 ,  loss_bc = 6.9e-04,  loss_ic = 3.6e-04,  lr = 1.0e-03, time_taken = 2.5e+00, rel_l2_error = 1.5e-01
Model state saved to ./checkpoints/heat3d_exact/2026-05-29_08-59-50-318361/model.pth
Iteration: 8500, loss_r = 4.8e-04 ,  loss_bc = 5.0e-04,  loss_ic = 4.9e-04,  lr = 1.0e-03, time_taken = 2.2e+00, rel_l2_error = 1.4e-01
Model state saved to ./checkpoints/heat3d_exact/2026-05-29_08-59-50-318361/model.pth
Iteration: 8600, loss_r = 4.6e-04 ,  loss_bc = 7.8e-04,  loss_ic = 2.7e-04,  lr = 1.0e-03, time_taken = 2.5e+00, rel_l2_error = 1.4e-01
Model state saved to ./checkpoints/heat3d_exact/2026-05-29_08-59-50-318361/model.pth
Iteration: 8700, loss_r = 4.4e-04 ,  loss_bc = 6.3e-04,  loss_ic = 5.0e-04,  lr = 1.0e-03, time_taken = 2.5e+00, rel_l2_error = 1.4e-01
Model state saved to ./checkpoints/heat3d_exact/2026-05-29_08-59-50-318361/model.pth
Iteration: 8800, loss_r = 3.2e-04 ,  loss_bc = 6.5e-04,  loss_ic = 3.8e-04,  lr = 1.0e-03, time_taken = 2.5e+00, rel_l2_error = 1.3e-01
Model state saved to ./checkpoints/heat3d_exact/2026-05-29_08-59-50-318361/model.pth
Iteration: 8900, loss_r = 4.9e-04 ,  loss_bc = 6.6e-04,  loss_ic = 3.2e-04,  lr = 1.0e-03, time_taken = 2.4e+00, rel_l2_error = 1.3e-01
Model state saved to ./checkpoints/heat3d_exact/2026-05-29_08-59-50-318361/model.pth
Iteration: 9000, loss_r = 3.2e-04 ,  loss_bc = 8.0e-04,  loss_ic = 3.5e-04,  lr = 1.0e-03, time_taken = 2.5e+00, rel_l2_error = 1.3e-01
Model state saved to ./checkpoints/heat3d_exact/2026-05-29_08-59-50-318361/model.pth
Iteration: 9100, loss_r = 3.7e-04 ,  loss_bc = 7.2e-04,  loss_ic = 3.4e-04,  lr = 1.0e-03, time_taken = 2.7e+00, rel_l2_error = 1.3e-01
Model state saved to ./checkpoints/heat3d_exact/2026-05-29_08-59-50-318361/model.pth
Iteration: 9200, loss_r = 5.1e-04 ,  loss_bc = 7.0e-04,  loss_ic = 3.2e-04,  lr = 1.0e-03, time_taken = 2.4e+00, rel_l2_error = 1.2e-01
Model state saved to ./checkpoints/heat3d_exact/2026-05-29_08-59-50-318361/model.pth
Iteration: 9300, loss_r = 2.5e-04 ,  loss_bc = 8.5e-04,  loss_ic = 6.8e-04,  lr = 1.0e-03, time_taken = 2.5e+00, rel_l2_error = 1.4e-01
Model state saved to ./checkpoints/heat3d_exact/2026-05-29_08-59-50-318361/model.pth
Iteration: 9400, loss_r = 3.3e-04 ,  loss_bc = 4.7e-04,  loss_ic = 4.1e-04,  lr = 1.0e-03, time_taken = 2.5e+00, rel_l2_error = 1.2e-01
Model state saved to ./checkpoints/heat3d_exact/2026-05-29_08-59-50-318361/model.pth
Iteration: 9500, loss_r = 3.4e-04 ,  loss_bc = 5.0e-04,  loss_ic = 2.6e-04,  lr = 1.0e-03, time_taken = 2.3e+00, rel_l2_error = 1.3e-01
Model state saved to ./checkpoints/heat3d_exact/2026-05-29_08-59-50-318361/model.pth
Iteration: 9600, loss_r = 3.4e-04 ,  loss_bc = 5.7e-04,  loss_ic = 3.2e-04,  lr = 1.0e-03, time_taken = 2.4e+00, rel_l2_error = 1.2e-01
Model state saved to ./checkpoints/heat3d_exact/2026-05-29_08-59-50-318361/model.pth
Iteration: 9700, loss_r = 2.9e-04 ,  loss_bc = 7.5e-04,  loss_ic = 5.8e-04,  lr = 1.0e-03, time_taken = 2.5e+00, rel_l2_error = 1.2e-01
Model state saved to ./checkpoints/heat3d_exact/2026-05-29_08-59-50-318361/model.pth
Iteration: 9800, loss_r = 2.9e-04 ,  loss_bc = 5.9e-04,  loss_ic = 2.6e-04,  lr = 1.0e-03, time_taken = 2.2e+00, rel_l2_error = 1.2e-01
Model state saved to ./checkpoints/heat3d_exact/2026-05-29_08-59-50-318361/model.pth
Iteration: 9900, loss_r = 3.2e-04 ,  loss_bc = 4.4e-04,  loss_ic = 2.8e-04,  lr = 1.0e-03, time_taken = 2.5e+00, rel_l2_error = 1.2e-01
Model state saved to ./checkpoints/heat3d_exact/2026-05-29_08-59-50-318361/model.pth

=== Switching to LBFGS optimizer at iteration 10000 ===
Using scipy L-BFGS-B optimizer
Optimizer: L-BFGS-B (maxiter=10000, factr=1000.0, m=100, maxls=50, pgtol=1e-14)
L-BFGS Iteration: 0, Loss: 1.212699e-03
L-BFGS Iteration: 1, Loss: 1.113581e-03, Relative L2 Error: 1.148643e-01
L-BFGS: Time for 100 iterations = 1152.3836 s
L-BFGS Iteration: 100, Loss: 6.517699e-04, Relative L2 Error: 8.825798e-02
L-BFGS Iteration: 200, Loss: 4.145354e-04, Relative L2 Error: 6.303461e-02
L-BFGS Iteration: 300, Loss: 3.047511e-04, Relative L2 Error: 5.237177e-02
L-BFGS Iteration: 400, Loss: 2.354263e-04, Relative L2 Error: 4.579912e-02
L-BFGS Iteration: 500, Loss: 1.998643e-04, Relative L2 Error: 4.744798e-02
L-BFGS Iteration: 600, Loss: 1.713485e-04, Relative L2 Error: 4.357859e-02
L-BFGS Iteration: 700, Loss: 1.488972e-04, Relative L2 Error: 3.976494e-02
L-BFGS Iteration: 800, Loss: 1.340240e-04, Relative L2 Error: 3.851786e-02
L-BFGS Iteration: 900, Loss: 1.174340e-04, Relative L2 Error: 3.484439e-02
L-BFGS Iteration: 1000, Loss: 1.040941e-04, Relative L2 Error: 3.811390e-02
L-BFGS Iteration: 1100, Loss: 9.671205e-05, Relative L2 Error: 3.514186e-02
L-BFGS Iteration: 1200, Loss: 8.929430e-05, Relative L2 Error: 3.707897e-02
L-BFGS Iteration: 1300, Loss: 8.268080e-05, Relative L2 Error: 3.795579e-02
L-BFGS Iteration: 1400, Loss: 7.752803e-05, Relative L2 Error: 3.859332e-02
L-BFGS Iteration: 1500, Loss: 7.339290e-05, Relative L2 Error: 3.425887e-02
L-BFGS Iteration: 1600, Loss: 6.912161e-05, Relative L2 Error: 3.454956e-02
L-BFGS Iteration: 1700, Loss: 6.390193e-05, Relative L2 Error: 3.398688e-02
L-BFGS Iteration: 1800, Loss: 5.990853e-05, Relative L2 Error: 3.171091e-02
L-BFGS Iteration: 1900, Loss: 5.579703e-05, Relative L2 Error: 3.248138e-02
L-BFGS Iteration: 2000, Loss: 5.141205e-05, Relative L2 Error: 3.077351e-02
L-BFGS Iteration: 2100, Loss: 4.851074e-05, Relative L2 Error: 3.128374e-02
L-BFGS Iteration: 2200, Loss: 4.544163e-05, Relative L2 Error: 2.938572e-02
L-BFGS Iteration: 2300, Loss: 4.284343e-05, Relative L2 Error: 3.110260e-02
L-BFGS Iteration: 2400, Loss: 4.069244e-05, Relative L2 Error: 2.902610e-02
L-BFGS Iteration: 2500, Loss: 3.871496e-05, Relative L2 Error: 2.977500e-02
L-BFGS Iteration: 2600, Loss: 3.649300e-05, Relative L2 Error: 3.028741e-02
L-BFGS Iteration: 2700, Loss: 3.464176e-05, Relative L2 Error: 2.793477e-02
L-BFGS Iteration: 2800, Loss: 3.329846e-05, Relative L2 Error: 2.775818e-02
L-BFGS Iteration: 2900, Loss: 3.191772e-05, Relative L2 Error: 2.958819e-02
L-BFGS Iteration: 3000, Loss: 3.096780e-05, Relative L2 Error: 2.714300e-02
L-BFGS Iteration: 3100, Loss: 3.003307e-05, Relative L2 Error: 2.773695e-02
L-BFGS Iteration: 3200, Loss: 2.891117e-05, Relative L2 Error: 2.636142e-02
L-BFGS Iteration: 3300, Loss: 2.775047e-05, Relative L2 Error: 2.632499e-02
L-BFGS Iteration: 3400, Loss: 2.655393e-05, Relative L2 Error: 2.542489e-02
L-BFGS Iteration: 3500, Loss: 2.549034e-05, Relative L2 Error: 2.526456e-02
L-BFGS Iteration: 3600, Loss: 2.457969e-05, Relative L2 Error: 2.556624e-02
L-BFGS Iteration: 3700, Loss: 2.363889e-05, Relative L2 Error: 2.410460e-02
L-BFGS Iteration: 3800, Loss: 2.276438e-05, Relative L2 Error: 2.273354e-02
L-BFGS Iteration: 3900, Loss: 2.177644e-05, Relative L2 Error: 2.292624e-02
L-BFGS Iteration: 4000, Loss: 2.089003e-05, Relative L2 Error: 2.300172e-02
L-BFGS Iteration: 4100, Loss: 2.037454e-05, Relative L2 Error: 2.220467e-02
L-BFGS Iteration: 4200, Loss: 1.960848e-05, Relative L2 Error: 2.189559e-02
L-BFGS Iteration: 4300, Loss: 1.882690e-05, Relative L2 Error: 2.289160e-02
L-BFGS Iteration: 4400, Loss: 1.829647e-05, Relative L2 Error: 2.064977e-02
L-BFGS Iteration: 4500, Loss: 1.746763e-05, Relative L2 Error: 2.133250e-02
L-BFGS Iteration: 4600, Loss: 1.685781e-05, Relative L2 Error: 1.970455e-02
L-BFGS Iteration: 4700, Loss: 1.625225e-05, Relative L2 Error: 2.176533e-02
L-BFGS Iteration: 4800, Loss: 1.578747e-05, Relative L2 Error: 2.080820e-02
L-BFGS Iteration: 4900, Loss: 1.540562e-05, Relative L2 Error: 2.114646e-02
L-BFGS Iteration: 5000, Loss: 1.504082e-05, Relative L2 Error: 1.996299e-02
L-BFGS Iteration: 5100, Loss: 1.462167e-05, Relative L2 Error: 1.963853e-02
L-BFGS Iteration: 5200, Loss: 1.414474e-05, Relative L2 Error: 1.926154e-02
L-BFGS Iteration: 5300, Loss: 1.364471e-05, Relative L2 Error: 1.993938e-02
L-BFGS Iteration: 5400, Loss: 1.324609e-05, Relative L2 Error: 1.863283e-02
L-BFGS Iteration: 5500, Loss: 1.276708e-05, Relative L2 Error: 1.981343e-02
L-BFGS Iteration: 5600, Loss: 1.239438e-05, Relative L2 Error: 1.835764e-02
L-BFGS Iteration: 5700, Loss: 1.204806e-05, Relative L2 Error: 1.864922e-02
L-BFGS training completed after 5731 iterations
Model state saved to ./checkpoints/heat3d_exact/2026-05-29_08-59-50-318361/model.pth
Training completed successfully!
Relative L2 error (eval data): 2.00e-02
Saved solution comparison heatmaps to: ./checkpoints/heat3d_exact/2026-05-29_08-59-50-318361/solution_comparison_heat3d.png
