Random seed set to: 73
Solving Burgers equation: u_t + u*u_x = nu*u_xx with nu=0.01
Domain: (x, t) = [-1, 1] x [0, 1]
Using exact solution for boundary and initial conditions
Using DV Solver
The settings used:
batch_size : 64
epochs : 20000
lr : 0.001
seed : 73
print_every : 100
log_path : ./checkpoints/burgers_exact
input_dim : 2
output_dim : 1
num_qubits : 5
hidden_dim : 20
num_quantum_layers : 1
classic_network : [2, 20, 1]
q_ansatz : cross_mesh
mode : hybrid
activation : tanh
shots : None
problem : burgers_exact
solver : DV
device : cpu
method : None
cutoff_dim : 20
class : CVNeuralNetwork1
encoding : angle
use_rar : True
rar_eval_freq : 2000
rar_threshold : 0.0005
rar_num_candidates : 10000
rar_num_add : 100
use_hybrid_optimizer : True
adam_iterations : 10000
use_scipy_lbfgs : True
lbfgs_lr : 1
lbfgs_line_search : strong_wolfe
lbfgs_tolerance_grad : 1e-05
lbfgs_tolerance_change : 1e-07
lbfgs_maxiter : 10000
lbfgs_factr : 1000.0
lbfgs_pgtol : 1e-14
lbfgs_maxls : 50
lbfgs_m : 100
lbfgs_eval_every : 100
nx : 200
nt : 200
domainN : 500
leftN : 50
rightN : 50
initialN : 50
eval_total_points : 10000
Total number of parameters: 1186
The circuit used in the study:
Iteration: 0, loss_r = 5.1e-04 ,  loss_bc = 4.1e-02,  loss_ic = 5.0e-02,  lr = 1.0e-03, time_taken = 1.8e+00, rel_l2_error = 1.2e+00
Model state saved to ./checkpoints/burgers_exact\2026-03-09_21-50-48-684255\model.pth
Iteration: 100, loss_r = 4.9e-04 ,  loss_bc = 7.5e-04,  loss_ic = 3.1e-02,  lr = 1.0e-03, time_taken = 3.5e-01, rel_l2_error = 9.6e-01
Model state saved to ./checkpoints/burgers_exact\2026-03-09_21-50-48-684255\model.pth
Iteration: 200, loss_r = 5.5e-04 ,  loss_bc = 9.3e-04,  loss_ic = 2.2e-02,  lr = 1.0e-03, time_taken = 3.5e-01, rel_l2_error = 9.2e-01
Model state saved to ./checkpoints/burgers_exact\2026-03-09_21-50-48-684255\model.pth
Iteration: 300, loss_r = 1.8e-03 ,  loss_bc = 4.8e-04,  loss_ic = 4.6e-03,  lr = 1.0e-03, time_taken = 3.3e-01, rel_l2_error = 3.9e-01
Model state saved to ./checkpoints/burgers_exact\2026-03-09_21-50-48-684255\model.pth
Iteration: 400, loss_r = 1.4e-03 ,  loss_bc = 3.3e-04,  loss_ic = 4.4e-03,  lr = 1.0e-03, time_taken = 3.5e-01, rel_l2_error = 3.7e-01
Model state saved to ./checkpoints/burgers_exact\2026-03-09_21-50-48-684255\model.pth
Iteration: 500, loss_r = 1.6e-03 ,  loss_bc = 2.5e-04,  loss_ic = 2.6e-03,  lr = 1.0e-03, time_taken = 3.3e-01, rel_l2_error = 3.4e-01
Model state saved to ./checkpoints/burgers_exact\2026-03-09_21-50-48-684255\model.pth
Iteration: 600, loss_r = 8.8e-04 ,  loss_bc = 1.3e-04,  loss_ic = 5.7e-03,  lr = 1.0e-03, time_taken = 3.4e-01, rel_l2_error = 3.1e-01
Model state saved to ./checkpoints/burgers_exact\2026-03-09_21-50-48-684255\model.pth
Iteration: 700, loss_r = 5.8e-04 ,  loss_bc = 1.8e-04,  loss_ic = 2.9e-03,  lr = 1.0e-03, time_taken = 3.4e-01, rel_l2_error = 3.1e-01
Model state saved to ./checkpoints/burgers_exact\2026-03-09_21-50-48-684255\model.pth
Iteration: 800, loss_r = 7.1e-04 ,  loss_bc = 8.7e-05,  loss_ic = 2.8e-03,  lr = 1.0e-03, time_taken = 3.4e-01, rel_l2_error = 2.9e-01
Model state saved to ./checkpoints/burgers_exact\2026-03-09_21-50-48-684255\model.pth
Iteration: 900, loss_r = 5.2e-04 ,  loss_bc = 5.1e-05,  loss_ic = 2.1e-03,  lr = 1.0e-03, time_taken = 3.4e-01, rel_l2_error = 3.2e-01
Model state saved to ./checkpoints/burgers_exact\2026-03-09_21-50-48-684255\model.pth
Iteration: 1000, loss_r = 4.1e-04 ,  loss_bc = 5.7e-05,  loss_ic = 3.3e-03,  lr = 1.0e-03, time_taken = 3.3e-01, rel_l2_error = 2.4e-01
Model state saved to ./checkpoints/burgers_exact\2026-03-09_21-50-48-684255\model.pth
Iteration: 1100, loss_r = 2.9e-04 ,  loss_bc = 1.8e-05,  loss_ic = 1.1e-03,  lr = 1.0e-03, time_taken = 3.4e-01, rel_l2_error = 2.2e-01
Model state saved to ./checkpoints/burgers_exact\2026-03-09_21-50-48-684255\model.pth
Iteration: 1200, loss_r = 3.9e-04 ,  loss_bc = 2.2e-05,  loss_ic = 1.2e-03,  lr = 1.0e-03, time_taken = 3.4e-01, rel_l2_error = 2.0e-01
Model state saved to ./checkpoints/burgers_exact\2026-03-09_21-50-48-684255\model.pth
Iteration: 1300, loss_r = 4.9e-04 ,  loss_bc = 1.4e-04,  loss_ic = 9.2e-04,  lr = 1.0e-03, time_taken = 3.4e-01, rel_l2_error = 1.7e-01
Model state saved to ./checkpoints/burgers_exact\2026-03-09_21-50-48-684255\model.pth
Iteration: 1400, loss_r = 2.8e-04 ,  loss_bc = 3.1e-05,  loss_ic = 5.8e-04,  lr = 1.0e-03, time_taken = 3.9e-01, rel_l2_error = 1.7e-01
Model state saved to ./checkpoints/burgers_exact\2026-03-09_21-50-48-684255\model.pth
Iteration: 1500, loss_r = 3.0e-04 ,  loss_bc = 2.1e-05,  loss_ic = 7.5e-04,  lr = 1.0e-03, time_taken = 3.5e-01, rel_l2_error = 1.2e-01
Model state saved to ./checkpoints/burgers_exact\2026-03-09_21-50-48-684255\model.pth
Iteration: 1600, loss_r = 3.1e-04 ,  loss_bc = 2.0e-05,  loss_ic = 2.2e-04,  lr = 1.0e-03, time_taken = 3.4e-01, rel_l2_error = 1.2e-01
Model state saved to ./checkpoints/burgers_exact\2026-03-09_21-50-48-684255\model.pth
Iteration: 1700, loss_r = 2.3e-04 ,  loss_bc = 4.0e-05,  loss_ic = 2.8e-04,  lr = 1.0e-03, time_taken = 3.4e-01, rel_l2_error = 1.0e-01
Model state saved to ./checkpoints/burgers_exact\2026-03-09_21-50-48-684255\model.pth
Iteration: 1800, loss_r = 2.9e-04 ,  loss_bc = 3.2e-05,  loss_ic = 3.7e-04,  lr = 1.0e-03, time_taken = 3.6e-01, rel_l2_error = 8.4e-02
Model state saved to ./checkpoints/burgers_exact\2026-03-09_21-50-48-684255\model.pth
Iteration: 1900, loss_r = 1.3e-04 ,  loss_bc = 1.4e-05,  loss_ic = 1.8e-04,  lr = 1.0e-03, time_taken = 3.5e-01, rel_l2_error = 8.4e-02
Model state saved to ./checkpoints/burgers_exact\2026-03-09_21-50-48-684255\model.pth
Iteration: 2000, loss_r = 1.8e-04 ,  loss_bc = 7.8e-06,  loss_ic = 1.8e-04,  lr = 1.0e-03, time_taken = 3.5e-01, rel_l2_error = 8.5e-02
Model state saved to ./checkpoints/burgers_exact\2026-03-09_21-50-48-684255\model.pth

=== RAR Evaluation at iteration 2000 ===
Mean residual: 7.377e-01
Adding 100 new point(s) with highest residuals:
  Point 1: [0.2735731 0.5457245], Residual: 9.807e+00
  Point 2: [0.04582244 0.55922496], Residual: 9.243e+00
  Point 3: [ 0.58663934 -0.59947515], Residual: 9.177e+00
  Point 4: [0.9226401 0.7953918], Residual: 7.990e+00
  Point 5: [ 0.83848137 -0.57300055], Residual: 7.895e+00
  Point 6: [ 0.3341189 -0.5857452], Residual: 7.555e+00
  Point 7: [0.6937907 0.5980123], Residual: 7.517e+00
  Point 8: [ 0.15549093 -0.5027852 ], Residual: 7.473e+00
  Point 9: [0.34867555 0.5416268 ], Residual: 7.404e+00
  Point 10: [0.5033859 0.5858116], Residual: 7.177e+00
  Point 11: [0.8661958  0.84773576], Residual: 7.152e+00
  Point 12: [0.14174378 0.5362079 ], Residual: 7.049e+00
  Point 13: [ 0.51432985 -0.5727793 ], Residual: 7.018e+00
  Point 14: [0.17721158 0.5181396 ], Residual: 6.883e+00
  Point 15: [0.634185 0.813128], Residual: 6.776e+00
  Point 16: [0.00820011 0.4737308 ], Residual: 6.711e+00
  Point 17: [ 0.57138   -0.6625718], Residual: 6.690e+00
  Point 18: [ 0.39446867 -0.56844175], Residual: 6.651e+00
  Point 19: [0.23319185 0.5461117 ], Residual: 6.621e+00
  Point 20: [ 0.8876484  -0.64941084], Residual: 6.581e+00
  Point 21: [ 0.1518547  -0.52150416], Residual: 6.521e+00
  Point 22: [0.06595898 0.56962705], Residual: 6.487e+00
  Point 23: [ 0.57627785 -0.4638499 ], Residual: 6.466e+00
  Point 24: [ 0.40860045 -0.55507386], Residual: 6.463e+00
  Point 25: [0.9776707  0.79923666], Residual: 6.286e+00
  Point 26: [0.5945075  0.69805455], Residual: 6.274e+00
  Point 27: [0.2833137  0.55102086], Residual: 6.272e+00
  Point 28: [0.49481463 0.6553612 ], Residual: 6.258e+00
  Point 29: [0.5472317  0.72195876], Residual: 6.191e+00
  Point 30: [0.85117257 0.7509569 ], Residual: 6.180e+00
  Point 31: [0.3122062  0.50127006], Residual: 6.126e+00
  Point 32: [0.6749812  0.58373857], Residual: 6.101e+00
  Point 33: [0.41378808 0.60885394], Residual: 6.089e+00
  Point 34: [0.5105617 0.7119235], Residual: 6.089e+00
  Point 35: [ 0.04082292 -0.33004737], Residual: 6.065e+00
  Point 36: [ 0.44427276 -0.60038066], Residual: 6.040e+00
  Point 37: [ 0.7631413 -0.7011621], Residual: 5.998e+00
  Point 38: [0.4522637 0.6567055], Residual: 5.973e+00
  Point 39: [0.26436317 0.46576738], Residual: 5.957e+00
  Point 40: [0.4689451  0.47876394], Residual: 5.869e+00
  Point 41: [0.4177001  0.61170554], Residual: 5.845e+00
  Point 42: [0.40414488 0.61225927], Residual: 5.839e+00
  Point 43: [ 0.5383488  -0.56674683], Residual: 5.824e+00
  Point 44: [ 0.9422579  -0.61030793], Residual: 5.822e+00
  Point 45: [0.29685342 0.5003753 ], Residual: 5.803e+00
  Point 46: [0.29923928 0.53870964], Residual: 5.772e+00
  Point 47: [0.135468   0.59362364], Residual: 5.722e+00
  Point 48: [ 0.26355755 -0.61035144], Residual: 5.703e+00
  Point 49: [0.6914097 0.6427355], Residual: 5.698e+00
  Point 50: [ 0.66579807 -0.71165895], Residual: 5.677e+00
  Point 51: [0.6245778  0.61992013], Residual: 5.598e+00
  Point 52: [ 0.7641312 -0.79856  ], Residual: 5.544e+00
  Point 53: [ 0.05560881 -0.48346198], Residual: 5.535e+00
  Point 54: [0.79242235 0.63474214], Residual: 5.533e+00
  Point 55: [ 0.12789792 -0.271549  ], Residual: 5.516e+00
  Point 56: [0.47658092 0.68898463], Residual: 5.500e+00
  Point 57: [ 0.15652984 -0.40321493], Residual: 5.493e+00
  Point 58: [0.46088576 0.6337483 ], Residual: 5.463e+00
  Point 59: [0.21077776 0.5678085 ], Residual: 5.418e+00
  Point 60: [0.95541036 0.7961583 ], Residual: 5.412e+00
  Point 61: [0.37761784 0.5338166 ], Residual: 5.405e+00
  Point 62: [ 0.11053067 -0.636333  ], Residual: 5.402e+00
  Point 63: [ 0.80532384 -0.78919387], Residual: 5.399e+00
  Point 64: [ 0.747703  -0.6494268], Residual: 5.395e+00
  Point 65: [0.3601666 0.5292711], Residual: 5.352e+00
  Point 66: [0.4633466 0.6126641], Residual: 5.348e+00
  Point 67: [ 0.5955499 -0.7073058], Residual: 5.309e+00
  Point 68: [0.66342324 0.6447567 ], Residual: 5.299e+00
  Point 69: [ 0.2937988 -0.3930967], Residual: 5.298e+00
  Point 70: [ 0.65646815 -0.60815847], Residual: 5.265e+00
  Point 71: [0.63880616 0.5551841 ], Residual: 5.259e+00
  Point 72: [ 0.2757243  -0.46460223], Residual: 5.253e+00
  Point 73: [ 0.59724283 -0.8066633 ], Residual: 5.234e+00
  Point 74: [ 0.81242245 -0.7238376 ], Residual: 5.219e+00
  Point 75: [ 0.20677155 -0.7454859 ], Residual: 5.214e+00
  Point 76: [0.6464956  0.56004417], Residual: 5.201e+00
  Point 77: [0.84428644 0.6711438 ], Residual: 5.186e+00
  Point 78: [0.07246441 0.35118496], Residual: 5.185e+00
  Point 79: [ 0.5784008 -0.5840304], Residual: 5.185e+00
  Point 80: [0.47411573 0.63670254], Residual: 5.157e+00
  Point 81: [ 0.12901115 -0.3627571 ], Residual: 5.152e+00
  Point 82: [0.355299 0.651294], Residual: 5.150e+00
  Point 83: [0.7331342  0.74653494], Residual: 5.145e+00
  Point 84: [ 0.06922066 -0.5646862 ], Residual: 5.135e+00
  Point 85: [ 0.03084224 -0.3574245 ], Residual: 5.119e+00
  Point 86: [ 0.8098085  -0.64940846], Residual: 5.116e+00
  Point 87: [0.53265274 0.6146269 ], Residual: 5.095e+00
  Point 88: [ 0.88832587 -0.6745467 ], Residual: 5.091e+00
  Point 89: [0.82156646 0.7395135 ], Residual: 5.079e+00
  Point 90: [0.05120897 0.30679524], Residual: 5.068e+00
  Point 91: [ 0.2601688 -0.6118891], Residual: 5.050e+00
  Point 92: [ 0.9582598  -0.74305415], Residual: 5.031e+00
  Point 93: [ 0.60928017 -0.7363888 ], Residual: 5.022e+00
  Point 94: [0.2890154  0.79446197], Residual: 4.984e+00
  Point 95: [0.85728526 0.83908737], Residual: 4.973e+00
  Point 96: [ 0.613036   -0.80336404], Residual: 4.958e+00
  Point 97: [ 0.19616026 -0.59772515], Residual: 4.936e+00
  Point 98: [0.2911039  0.53885686], Residual: 4.929e+00
  Point 99: [0.00598282 0.54140913], Residual: 4.927e+00
  Point 100: [ 0.3217951  -0.53320134], Residual: 4.925e+00
Total adaptive points: 100

Iteration: 2100, loss_r = 1.6e-04 ,  loss_bc = 2.0e-05,  loss_ic = 1.6e-04,  lr = 1.0e-03, time_taken = 3.4e-01, rel_l2_error = 7.4e-02
Model state saved to ./checkpoints/burgers_exact\2026-03-09_21-50-48-684255\model.pth
Iteration: 2200, loss_r = 1.3e-04 ,  loss_bc = 8.2e-06,  loss_ic = 6.2e-05,  lr = 1.0e-03, time_taken = 3.8e-01, rel_l2_error = 6.0e-02
Model state saved to ./checkpoints/burgers_exact\2026-03-09_21-50-48-684255\model.pth
Iteration: 2300, loss_r = 1.2e-04 ,  loss_bc = 1.1e-05,  loss_ic = 5.0e-05,  lr = 1.0e-03, time_taken = 3.6e-01, rel_l2_error = 7.1e-02
Model state saved to ./checkpoints/burgers_exact\2026-03-09_21-50-48-684255\model.pth
Iteration: 2400, loss_r = 1.3e-04 ,  loss_bc = 1.9e-05,  loss_ic = 9.9e-05,  lr = 1.0e-03, time_taken = 3.4e-01, rel_l2_error = 5.5e-02
Model state saved to ./checkpoints/burgers_exact\2026-03-09_21-50-48-684255\model.pth
Iteration: 2500, loss_r = 9.9e-05 ,  loss_bc = 5.5e-06,  loss_ic = 7.8e-05,  lr = 1.0e-03, time_taken = 3.5e-01, rel_l2_error = 5.4e-02
Model state saved to ./checkpoints/burgers_exact\2026-03-09_21-50-48-684255\model.pth
Iteration: 2600, loss_r = 1.4e-04 ,  loss_bc = 1.9e-06,  loss_ic = 3.9e-05,  lr = 1.0e-03, time_taken = 3.5e-01, rel_l2_error = 4.6e-02
Model state saved to ./checkpoints/burgers_exact\2026-03-09_21-50-48-684255\model.pth
Iteration: 2700, loss_r = 7.6e-05 ,  loss_bc = 8.4e-06,  loss_ic = 4.4e-05,  lr = 1.0e-03, time_taken = 3.4e-01, rel_l2_error = 5.2e-02
Model state saved to ./checkpoints/burgers_exact\2026-03-09_21-50-48-684255\model.pth
Iteration: 2800, loss_r = 7.4e-05 ,  loss_bc = 4.1e-05,  loss_ic = 7.8e-05,  lr = 1.0e-03, time_taken = 3.5e-01, rel_l2_error = 3.2e-02
Model state saved to ./checkpoints/burgers_exact\2026-03-09_21-50-48-684255\model.pth
Iteration: 2900, loss_r = 8.6e-05 ,  loss_bc = 2.4e-06,  loss_ic = 2.4e-05,  lr = 1.0e-03, time_taken = 3.7e-01, rel_l2_error = 4.7e-02
Model state saved to ./checkpoints/burgers_exact\2026-03-09_21-50-48-684255\model.pth
Iteration: 3000, loss_r = 4.7e-05 ,  loss_bc = 3.7e-06,  loss_ic = 6.4e-05,  lr = 1.0e-03, time_taken = 3.4e-01, rel_l2_error = 3.4e-02
Model state saved to ./checkpoints/burgers_exact\2026-03-09_21-50-48-684255\model.pth
Iteration: 3100, loss_r = 7.4e-05 ,  loss_bc = 2.2e-05,  loss_ic = 4.2e-05,  lr = 1.0e-03, time_taken = 3.4e-01, rel_l2_error = 3.2e-02
Model state saved to ./checkpoints/burgers_exact\2026-03-09_21-50-48-684255\model.pth
Iteration: 3200, loss_r = 4.5e-05 ,  loss_bc = 1.8e-06,  loss_ic = 1.9e-05,  lr = 1.0e-03, time_taken = 3.6e-01, rel_l2_error = 3.8e-02
Model state saved to ./checkpoints/burgers_exact\2026-03-09_21-50-48-684255\model.pth
Iteration: 3300, loss_r = 5.2e-05 ,  loss_bc = 1.4e-05,  loss_ic = 3.7e-05,  lr = 1.0e-03, time_taken = 3.4e-01, rel_l2_error = 3.6e-02
Model state saved to ./checkpoints/burgers_exact\2026-03-09_21-50-48-684255\model.pth
Iteration: 3400, loss_r = 5.2e-05 ,  loss_bc = 2.7e-06,  loss_ic = 3.0e-05,  lr = 1.0e-03, time_taken = 3.5e-01, rel_l2_error = 2.6e-02
Model state saved to ./checkpoints/burgers_exact\2026-03-09_21-50-48-684255\model.pth
Iteration: 3500, loss_r = 6.4e-05 ,  loss_bc = 1.7e-05,  loss_ic = 2.9e-05,  lr = 1.0e-03, time_taken = 3.5e-01, rel_l2_error = 2.7e-02
Model state saved to ./checkpoints/burgers_exact\2026-03-09_21-50-48-684255\model.pth
Iteration: 3600, loss_r = 3.8e-05 ,  loss_bc = 1.2e-05,  loss_ic = 3.7e-05,  lr = 1.0e-03, time_taken = 3.6e-01, rel_l2_error = 2.7e-02
Model state saved to ./checkpoints/burgers_exact\2026-03-09_21-50-48-684255\model.pth
Iteration: 3700, loss_r = 4.1e-05 ,  loss_bc = 6.0e-06,  loss_ic = 1.4e-05,  lr = 1.0e-03, time_taken = 3.5e-01, rel_l2_error = 3.0e-02
Model state saved to ./checkpoints/burgers_exact\2026-03-09_21-50-48-684255\model.pth
Iteration: 3800, loss_r = 3.5e-05 ,  loss_bc = 1.2e-05,  loss_ic = 3.4e-05,  lr = 1.0e-03, time_taken = 3.6e-01, rel_l2_error = 2.2e-02
Model state saved to ./checkpoints/burgers_exact\2026-03-09_21-50-48-684255\model.pth
Iteration: 3900, loss_r = 4.2e-05 ,  loss_bc = 6.2e-06,  loss_ic = 4.7e-05,  lr = 1.0e-03, time_taken = 3.4e-01, rel_l2_error = 3.0e-02
Model state saved to ./checkpoints/burgers_exact\2026-03-09_21-50-48-684255\model.pth
Iteration: 4000, loss_r = 3.2e-05 ,  loss_bc = 3.0e-06,  loss_ic = 1.9e-05,  lr = 1.0e-03, time_taken = 3.7e-01, rel_l2_error = 2.5e-02
Model state saved to ./checkpoints/burgers_exact\2026-03-09_21-50-48-684255\model.pth

=== RAR Evaluation at iteration 4000 ===
Mean residual: 6.555e-01
Adding 100 new point(s) with highest residuals:
  Point 1: [0.47951746 0.692417  ], Residual: 8.031e+00
  Point 2: [0.45382702 0.6154802 ], Residual: 7.116e+00
  Point 3: [0.12792516 0.5986755 ], Residual: 6.868e+00
  Point 4: [0.04533827 0.5336226 ], Residual: 6.797e+00
  Point 5: [0.03200662 0.46141827], Residual: 6.703e+00
  Point 6: [0.373344   0.66883945], Residual: 6.603e+00
  Point 7: [0.64651215 0.7038628 ], Residual: 6.486e+00
  Point 8: [ 0.31897533 -0.58975303], Residual: 6.473e+00
  Point 9: [0.34487104 0.58573425], Residual: 6.428e+00
  Point 10: [0.24694175 0.4753847 ], Residual: 5.879e+00
  Point 11: [0.47682834 0.63987815], Residual: 5.832e+00
  Point 12: [0.3596999 0.5839658], Residual: 5.757e+00
  Point 13: [ 0.21713775 -0.6316956 ], Residual: 5.740e+00
  Point 14: [ 0.34288204 -0.65252125], Residual: 5.657e+00
  Point 15: [ 0.152668   -0.49082804], Residual: 5.590e+00
  Point 16: [0.14353997 0.5421976 ], Residual: 5.581e+00
  Point 17: [0.927028   0.64969194], Residual: 5.571e+00
  Point 18: [0.8645056  0.72781694], Residual: 5.502e+00
  Point 19: [ 0.03649014 -0.43025255], Residual: 5.437e+00
  Point 20: [0.32270604 0.6213567 ], Residual: 5.427e+00
  Point 21: [0.41978067 0.69590914], Residual: 5.426e+00
  Point 22: [0.15138817 0.47854555], Residual: 5.404e+00
  Point 23: [0.27871323 0.52267444], Residual: 5.367e+00
  Point 24: [0.6145305 0.6334555], Residual: 5.335e+00
  Point 25: [ 0.07754701 -0.43042457], Residual: 5.293e+00
  Point 26: [0.6388435 0.5334902], Residual: 5.283e+00
  Point 27: [0.13468099 0.5889871 ], Residual: 5.280e+00
  Point 28: [0.9214857 0.750803 ], Residual: 5.277e+00
  Point 29: [ 0.920639   -0.75803316], Residual: 5.265e+00
  Point 30: [0.16230518 0.61610043], Residual: 5.204e+00
  Point 31: [0.21102673 0.57177603], Residual: 5.192e+00
  Point 32: [ 0.3841058  -0.62749684], Residual: 5.191e+00
  Point 33: [0.55693793 0.5321498 ], Residual: 5.184e+00
  Point 34: [0.29808807 0.5506165 ], Residual: 5.177e+00
  Point 35: [ 0.7008348 -0.5663948], Residual: 5.153e+00
  Point 36: [0.37009805 0.6892216 ], Residual: 5.136e+00
  Point 37: [ 0.05653727 -0.5205411 ], Residual: 5.096e+00
  Point 38: [ 0.66856563 -0.6475357 ], Residual: 5.093e+00
  Point 39: [0.51720005 0.5055529 ], Residual: 5.090e+00
  Point 40: [ 0.00858182 -0.5498781 ], Residual: 5.085e+00
  Point 41: [0.17111301 0.4930117 ], Residual: 5.079e+00
  Point 42: [0.4297508 0.6949161], Residual: 5.061e+00
  Point 43: [ 0.07554489 -0.56319034], Residual: 5.048e+00
  Point 44: [0.6463283 0.6050924], Residual: 5.043e+00
  Point 45: [ 0.64370567 -0.6900952 ], Residual: 5.023e+00
  Point 46: [0.5377931  0.69254935], Residual: 5.017e+00
  Point 47: [ 0.00164759 -0.4461174 ], Residual: 5.014e+00
  Point 48: [0.5064931 0.6469413], Residual: 5.014e+00
  Point 49: [0.28863192 0.44987285], Residual: 5.010e+00
  Point 50: [0.27407348 0.51126444], Residual: 5.009e+00
  Point 51: [0.5704932  0.66733587], Residual: 5.001e+00
  Point 52: [ 0.7073271  -0.68336713], Residual: 4.979e+00
  Point 53: [0.6089844 0.652696 ], Residual: 4.960e+00
  Point 54: [ 0.46332288 -0.6678748 ], Residual: 4.948e+00
  Point 55: [0.8006422  0.72482014], Residual: 4.932e+00
  Point 56: [0.37113237 0.6460898 ], Residual: 4.929e+00
  Point 57: [0.74686164 0.5432211 ], Residual: 4.928e+00
  Point 58: [0.57461274 0.5921273 ], Residual: 4.912e+00
  Point 59: [ 0.704212   -0.69706714], Residual: 4.908e+00
  Point 60: [ 0.29928344 -0.7276077 ], Residual: 4.888e+00
  Point 61: [ 0.696691  -0.7259048], Residual: 4.884e+00
  Point 62: [0.68818516 0.8062912 ], Residual: 4.883e+00
  Point 63: [ 0.63248837 -0.75586426], Residual: 4.882e+00
  Point 64: [0.35057825 0.60503817], Residual: 4.874e+00
  Point 65: [ 0.18728822 -0.6088548 ], Residual: 4.873e+00
  Point 66: [ 0.318767  -0.6179788], Residual: 4.868e+00
  Point 67: [0.12291855 0.63490653], Residual: 4.847e+00
  Point 68: [0.8440341  0.79032564], Residual: 4.841e+00
  Point 69: [ 0.20975417 -0.59996164], Residual: 4.836e+00
  Point 70: [0.9258277  0.71825445], Residual: 4.820e+00
  Point 71: [ 0.19184184 -0.4155587 ], Residual: 4.820e+00
  Point 72: [0.1021803 0.5017806], Residual: 4.797e+00
  Point 73: [0.96557707 0.7530335 ], Residual: 4.778e+00
  Point 74: [ 0.38926536 -0.7167771 ], Residual: 4.768e+00
  Point 75: [0.49544913 0.49383473], Residual: 4.730e+00
  Point 76: [ 0.5091611 -0.6367836], Residual: 4.723e+00
  Point 77: [0.5680676 0.5764712], Residual: 4.714e+00
  Point 78: [ 0.98662627 -0.70583475], Residual: 4.693e+00
  Point 79: [ 0.18566698 -0.57944643], Residual: 4.685e+00
  Point 80: [ 0.9426792  -0.78449655], Residual: 4.680e+00
  Point 81: [ 0.43292487 -0.74797785], Residual: 4.676e+00
  Point 82: [0.27403432 0.46075308], Residual: 4.675e+00
  Point 83: [0.69659704 0.615301  ], Residual: 4.672e+00
  Point 84: [0.60624075 0.6723194 ], Residual: 4.671e+00
  Point 85: [0.3958807 0.5634974], Residual: 4.668e+00
  Point 86: [ 0.67281574 -0.66327703], Residual: 4.667e+00
  Point 87: [0.3888752 0.7318108], Residual: 4.639e+00
  Point 88: [0.00433302 0.5780661 ], Residual: 4.638e+00
  Point 89: [ 0.71769756 -0.48201215], Residual: 4.637e+00
  Point 90: [ 0.6414315 -0.5462526], Residual: 4.631e+00
  Point 91: [0.5613561  0.65943015], Residual: 4.628e+00
  Point 92: [0.3992595 0.6445265], Residual: 4.614e+00
  Point 93: [0.1448099 0.6663047], Residual: 4.594e+00
  Point 94: [ 0.8009345 -0.8304211], Residual: 4.580e+00
  Point 95: [ 0.38629806 -0.45777285], Residual: 4.577e+00
  Point 96: [ 0.33742517 -0.4764645 ], Residual: 4.560e+00
  Point 97: [0.29759347 0.62490976], Residual: 4.511e+00
  Point 98: [ 0.18142831 -0.6898594 ], Residual: 4.498e+00
  Point 99: [0.04589343 0.37982237], Residual: 4.493e+00
  Point 100: [0.8162661  0.61490107], Residual: 4.492e+00
Total adaptive points: 200

Iteration: 4100, loss_r = 3.1e-05 ,  loss_bc = 3.4e-06,  loss_ic = 2.4e-05,  lr = 1.0e-03, time_taken = 3.6e-01, rel_l2_error = 2.3e-02
Model state saved to ./checkpoints/burgers_exact\2026-03-09_21-50-48-684255\model.pth
Iteration: 4200, loss_r = 2.7e-05 ,  loss_bc = 1.7e-05,  loss_ic = 2.2e-05,  lr = 1.0e-03, time_taken = 3.4e-01, rel_l2_error = 2.5e-02
Model state saved to ./checkpoints/burgers_exact\2026-03-09_21-50-48-684255\model.pth
Iteration: 4300, loss_r = 1.6e-05 ,  loss_bc = 3.3e-06,  loss_ic = 2.5e-05,  lr = 1.0e-03, time_taken = 3.7e-01, rel_l2_error = 2.4e-02
Model state saved to ./checkpoints/burgers_exact\2026-03-09_21-50-48-684255\model.pth
Iteration: 4400, loss_r = 1.9e-05 ,  loss_bc = 1.7e-06,  loss_ic = 2.1e-05,  lr = 1.0e-03, time_taken = 3.6e-01, rel_l2_error = 2.8e-02
Model state saved to ./checkpoints/burgers_exact\2026-03-09_21-50-48-684255\model.pth
Iteration: 4500, loss_r = 3.1e-05 ,  loss_bc = 1.1e-05,  loss_ic = 1.7e-05,  lr = 1.0e-03, time_taken = 3.6e-01, rel_l2_error = 2.2e-02
Model state saved to ./checkpoints/burgers_exact\2026-03-09_21-50-48-684255\model.pth
Iteration: 4600, loss_r = 2.7e-05 ,  loss_bc = 1.9e-06,  loss_ic = 1.0e-05,  lr = 1.0e-03, time_taken = 3.4e-01, rel_l2_error = 2.3e-02
Model state saved to ./checkpoints/burgers_exact\2026-03-09_21-50-48-684255\model.pth
Iteration: 4700, loss_r = 1.6e-05 ,  loss_bc = 1.5e-06,  loss_ic = 9.3e-06,  lr = 1.0e-03, time_taken = 3.4e-01, rel_l2_error = 2.1e-02
Model state saved to ./checkpoints/burgers_exact\2026-03-09_21-50-48-684255\model.pth
Iteration: 4800, loss_r = 2.0e-05 ,  loss_bc = 2.0e-05,  loss_ic = 1.6e-05,  lr = 1.0e-03, time_taken = 3.7e-01, rel_l2_error = 1.6e-02
Model state saved to ./checkpoints/burgers_exact\2026-03-09_21-50-48-684255\model.pth
Iteration: 4900, loss_r = 1.1e-05 ,  loss_bc = 3.7e-06,  loss_ic = 1.8e-05,  lr = 1.0e-03, time_taken = 3.5e-01, rel_l2_error = 2.6e-02
Model state saved to ./checkpoints/burgers_exact\2026-03-09_21-50-48-684255\model.pth
Iteration: 5000, loss_r = 1.7e-05 ,  loss_bc = 5.4e-06,  loss_ic = 1.3e-05,  lr = 1.0e-03, time_taken = 3.8e-01, rel_l2_error = 2.4e-02
Model state saved to ./checkpoints/burgers_exact\2026-03-09_21-50-48-684255\model.pth
Iteration: 5100, loss_r = 2.0e-05 ,  loss_bc = 1.0e-05,  loss_ic = 2.5e-05,  lr = 1.0e-03, time_taken = 3.6e-01, rel_l2_error = 1.6e-02
Model state saved to ./checkpoints/burgers_exact\2026-03-09_21-50-48-684255\model.pth
Iteration: 5200, loss_r = 9.2e-06 ,  loss_bc = 2.5e-06,  loss_ic = 1.4e-05,  lr = 1.0e-03, time_taken = 3.5e-01, rel_l2_error = 1.8e-02
Model state saved to ./checkpoints/burgers_exact\2026-03-09_21-50-48-684255\model.pth
Iteration: 5300, loss_r = 1.2e-05 ,  loss_bc = 6.9e-06,  loss_ic = 1.3e-05,  lr = 1.0e-03, time_taken = 3.5e-01, rel_l2_error = 1.5e-02
Model state saved to ./checkpoints/burgers_exact\2026-03-09_21-50-48-684255\model.pth
Iteration: 5400, loss_r = 1.1e-05 ,  loss_bc = 2.0e-06,  loss_ic = 9.9e-06,  lr = 1.0e-03, time_taken = 3.4e-01, rel_l2_error = 1.5e-02
Model state saved to ./checkpoints/burgers_exact\2026-03-09_21-50-48-684255\model.pth
Iteration: 5500, loss_r = 9.3e-06 ,  loss_bc = 6.8e-06,  loss_ic = 8.0e-06,  lr = 1.0e-03, time_taken = 3.5e-01, rel_l2_error = 1.8e-02
Model state saved to ./checkpoints/burgers_exact\2026-03-09_21-50-48-684255\model.pth
Iteration: 5600, loss_r = 9.7e-06 ,  loss_bc = 2.7e-06,  loss_ic = 4.7e-06,  lr = 1.0e-03, time_taken = 3.4e-01, rel_l2_error = 1.4e-02
Model state saved to ./checkpoints/burgers_exact\2026-03-09_21-50-48-684255\model.pth
Iteration: 5700, loss_r = 1.4e-05 ,  loss_bc = 4.3e-07,  loss_ic = 8.9e-06,  lr = 1.0e-03, time_taken = 3.4e-01, rel_l2_error = 1.3e-02
Model state saved to ./checkpoints/burgers_exact\2026-03-09_21-50-48-684255\model.pth
Iteration: 5800, loss_r = 8.7e-06 ,  loss_bc = 5.7e-07,  loss_ic = 1.1e-05,  lr = 1.0e-03, time_taken = 3.6e-01, rel_l2_error = 2.4e-02
Model state saved to ./checkpoints/burgers_exact\2026-03-09_21-50-48-684255\model.pth
Iteration: 5900, loss_r = 1.2e-05 ,  loss_bc = 8.0e-07,  loss_ic = 9.9e-06,  lr = 1.0e-03, time_taken = 3.5e-01, rel_l2_error = 1.7e-02
Model state saved to ./checkpoints/burgers_exact\2026-03-09_21-50-48-684255\model.pth
Iteration: 6000, loss_r = 1.1e-05 ,  loss_bc = 2.7e-06,  loss_ic = 1.3e-05,  lr = 1.0e-03, time_taken = 3.3e-01, rel_l2_error = 2.1e-02
Model state saved to ./checkpoints/burgers_exact\2026-03-09_21-50-48-684255\model.pth

=== RAR Evaluation at iteration 6000 ===
Mean residual: 5.548e-01
Adding 100 new point(s) with highest residuals:
  Point 1: [0.11913079 0.579129  ], Residual: 6.866e+00
  Point 2: [ 0.04708928 -0.48712504], Residual: 6.629e+00
  Point 3: [0.84782845 0.7576097 ], Residual: 6.495e+00
  Point 4: [ 0.325015  -0.5505439], Residual: 5.901e+00
  Point 5: [0.7365478 0.7305522], Residual: 5.597e+00
  Point 6: [0.5689207 0.6775433], Residual: 5.588e+00
  Point 7: [ 0.02547091 -0.59998965], Residual: 5.560e+00
  Point 8: [0.09192103 0.48819113], Residual: 5.512e+00
  Point 9: [0.5847479 0.7336668], Residual: 5.343e+00
  Point 10: [ 0.60299724 -0.69531775], Residual: 5.325e+00
  Point 11: [ 0.46176618 -0.6362897 ], Residual: 5.321e+00
  Point 12: [0.8375786 0.657526 ], Residual: 5.291e+00
  Point 13: [0.20974123 0.6223674 ], Residual: 5.238e+00
  Point 14: [ 0.26486802 -0.4594643 ], Residual: 5.225e+00
  Point 15: [ 0.3264619 -0.5766264], Residual: 5.222e+00
  Point 16: [ 0.11875463 -0.564932  ], Residual: 5.196e+00
  Point 17: [ 0.08661479 -0.4472922 ], Residual: 5.074e+00
  Point 18: [0.83567184 0.6112031 ], Residual: 5.066e+00
  Point 19: [0.3895663 0.5039836], Residual: 5.061e+00
  Point 20: [0.20243806 0.60619974], Residual: 5.045e+00
  Point 21: [0.9521475  0.78120625], Residual: 5.036e+00
  Point 22: [0.63185173 0.64255357], Residual: 5.004e+00
  Point 23: [0.06760204 0.640352  ], Residual: 4.993e+00
  Point 24: [0.20413333 0.6454611 ], Residual: 4.987e+00
  Point 25: [0.5680306 0.6052277], Residual: 4.945e+00
  Point 26: [0.78016174 0.78513706], Residual: 4.913e+00
  Point 27: [0.4696464 0.7007688], Residual: 4.868e+00
  Point 28: [ 0.12063986 -0.6559539 ], Residual: 4.841e+00
  Point 29: [ 0.20558506 -0.5893215 ], Residual: 4.800e+00
  Point 30: [0.31896394 0.5795765 ], Residual: 4.794e+00
  Point 31: [ 0.11346537 -0.60405827], Residual: 4.785e+00
  Point 32: [ 0.01731122 -0.5100913 ], Residual: 4.784e+00
  Point 33: [0.16755444 0.54676795], Residual: 4.719e+00
  Point 34: [0.04275751 0.5324836 ], Residual: 4.650e+00
  Point 35: [0.56563497 0.64991796], Residual: 4.599e+00
  Point 36: [0.11981034 0.4425596 ], Residual: 4.533e+00
  Point 37: [ 0.3658923 -0.6041931], Residual: 4.526e+00
  Point 38: [0.29412675 0.5201334 ], Residual: 4.517e+00
  Point 39: [0.87245744 0.60611117], Residual: 4.475e+00
  Point 40: [ 0.34891212 -0.42289364], Residual: 4.468e+00
  Point 41: [0.40655732 0.5038824 ], Residual: 4.466e+00
  Point 42: [0.5284972  0.52149713], Residual: 4.421e+00
  Point 43: [0.7397278  0.79224646], Residual: 4.416e+00
  Point 44: [0.97889274 0.6439724 ], Residual: 4.411e+00
  Point 45: [0.73774153 0.53151524], Residual: 4.403e+00
  Point 46: [ 0.01902622 -0.43867004], Residual: 4.372e+00
  Point 47: [0.26139963 0.68021274], Residual: 4.336e+00
  Point 48: [ 0.16178137 -0.38915813], Residual: 4.333e+00
  Point 49: [0.01572412 0.43314636], Residual: 4.332e+00
  Point 50: [0.7719893 0.6693238], Residual: 4.320e+00
  Point 51: [0.33232707 0.6591563 ], Residual: 4.295e+00
  Point 52: [0.26760733 0.59066343], Residual: 4.289e+00
  Point 53: [0.8378386 0.6293205], Residual: 4.289e+00
  Point 54: [0.49589312 0.6975335 ], Residual: 4.280e+00
  Point 55: [0.19812834 0.46573007], Residual: 4.255e+00
  Point 56: [ 0.03537726 -0.57996094], Residual: 4.252e+00
  Point 57: [ 0.7265164  -0.54348624], Residual: 4.244e+00
  Point 58: [0.9503051  0.72312677], Residual: 4.235e+00
  Point 59: [0.20756334 0.60392654], Residual: 4.223e+00
  Point 60: [ 0.7388257 -0.7505233], Residual: 4.214e+00
  Point 61: [ 0.27058637 -0.60515225], Residual: 4.212e+00
  Point 62: [0.1779558 0.5958712], Residual: 4.208e+00
  Point 63: [0.55367416 0.63925314], Residual: 4.196e+00
  Point 64: [ 0.49478382 -0.66601956], Residual: 4.195e+00
  Point 65: [0.5631284 0.594632 ], Residual: 4.191e+00
  Point 66: [0.6982375  0.62760925], Residual: 4.183e+00
  Point 67: [ 0.10492724 -0.60745955], Residual: 4.180e+00
  Point 68: [ 0.3798473 -0.5689242], Residual: 4.176e+00
  Point 69: [ 0.9440051  -0.74202716], Residual: 4.176e+00
  Point 70: [ 0.02749145 -0.38193655], Residual: 4.166e+00
  Point 71: [0.14856547 0.620649  ], Residual: 4.146e+00
  Point 72: [0.5646467 0.6825032], Residual: 4.131e+00
  Point 73: [ 0.603901  -0.6392448], Residual: 4.128e+00
  Point 74: [ 0.40051687 -0.51576865], Residual: 4.121e+00
  Point 75: [ 0.09477812 -0.4681971 ], Residual: 4.116e+00
  Point 76: [ 0.3403194 -0.6717932], Residual: 4.105e+00
  Point 77: [ 0.12873727 -0.4588529 ], Residual: 4.093e+00
  Point 78: [0.7803864 0.7031667], Residual: 4.071e+00
  Point 79: [ 0.2677052  -0.47424567], Residual: 4.029e+00
  Point 80: [0.13614708 0.50505066], Residual: 4.025e+00
  Point 81: [0.06696135 0.47229993], Residual: 4.024e+00
  Point 82: [0.69874763 0.6078954 ], Residual: 4.012e+00
  Point 83: [ 0.15817326 -0.44766915], Residual: 4.008e+00
  Point 84: [ 0.10920483 -0.52331424], Residual: 4.008e+00
  Point 85: [0.31610042 0.7083744 ], Residual: 3.968e+00
  Point 86: [0.1978448 0.5486827], Residual: 3.948e+00
  Point 87: [ 0.5791936 -0.5545819], Residual: 3.936e+00
  Point 88: [ 0.6370545  -0.59293234], Residual: 3.931e+00
  Point 89: [0.78741044 0.82936454], Residual: 3.922e+00
  Point 90: [ 0.28517407 -0.5669414 ], Residual: 3.918e+00
  Point 91: [ 0.24700576 -0.67840457], Residual: 3.908e+00
  Point 92: [0.39799976 0.68900824], Residual: 3.906e+00
  Point 93: [ 0.26279527 -0.53274965], Residual: 3.896e+00
  Point 94: [ 0.2657134 -0.557407 ], Residual: 3.877e+00
  Point 95: [ 0.00120211 -0.42898393], Residual: 3.857e+00
  Point 96: [0.49190366 0.50471365], Residual: 3.855e+00
  Point 97: [0.43848836 0.51095164], Residual: 3.850e+00
  Point 98: [0.55848336 0.74041796], Residual: 3.848e+00
  Point 99: [ 0.42994434 -0.697271  ], Residual: 3.848e+00
  Point 100: [0.37054306 0.6116575 ], Residual: 3.842e+00
Total adaptive points: 300

Iteration: 6100, loss_r = 2.0e-05 ,  loss_bc = 2.1e-06,  loss_ic = 1.5e-05,  lr = 1.0e-03, time_taken = 3.9e-01, rel_l2_error = 1.9e-02
Model state saved to ./checkpoints/burgers_exact\2026-03-09_21-50-48-684255\model.pth
Iteration: 6200, loss_r = 1.1e-05 ,  loss_bc = 1.1e-06,  loss_ic = 5.5e-06,  lr = 1.0e-03, time_taken = 3.7e-01, rel_l2_error = 1.5e-02
Model state saved to ./checkpoints/burgers_exact\2026-03-09_21-50-48-684255\model.pth
Iteration: 6300, loss_r = 1.0e-05 ,  loss_bc = 5.1e-07,  loss_ic = 6.1e-06,  lr = 1.0e-03, time_taken = 3.4e-01, rel_l2_error = 1.0e-02
Model state saved to ./checkpoints/burgers_exact\2026-03-09_21-50-48-684255\model.pth
Iteration: 6400, loss_r = 1.3e-05 ,  loss_bc = 2.9e-07,  loss_ic = 4.8e-06,  lr = 1.0e-03, time_taken = 3.3e-01, rel_l2_error = 1.3e-02
Model state saved to ./checkpoints/burgers_exact\2026-03-09_21-50-48-684255\model.pth
Iteration: 6500, loss_r = 7.9e-06 ,  loss_bc = 7.0e-06,  loss_ic = 6.0e-06,  lr = 1.0e-03, time_taken = 3.4e-01, rel_l2_error = 1.3e-02
Model state saved to ./checkpoints/burgers_exact\2026-03-09_21-50-48-684255\model.pth
Iteration: 6600, loss_r = 7.0e-06 ,  loss_bc = 8.8e-07,  loss_ic = 4.1e-06,  lr = 1.0e-03, time_taken = 3.5e-01, rel_l2_error = 9.7e-03
Model state saved to ./checkpoints/burgers_exact\2026-03-09_21-50-48-684255\model.pth
Iteration: 6700, loss_r = 1.1e-05 ,  loss_bc = 7.8e-08,  loss_ic = 6.3e-06,  lr = 1.0e-03, time_taken = 3.7e-01, rel_l2_error = 1.4e-02
Model state saved to ./checkpoints/burgers_exact\2026-03-09_21-50-48-684255\model.pth
Iteration: 6800, loss_r = 8.3e-06 ,  loss_bc = 1.4e-05,  loss_ic = 1.1e-05,  lr = 1.0e-03, time_taken = 4.9e-01, rel_l2_error = 8.6e-03
Model state saved to ./checkpoints/burgers_exact\2026-03-09_21-50-48-684255\model.pth
Iteration: 6900, loss_r = 6.0e-06 ,  loss_bc = 5.4e-07,  loss_ic = 4.6e-06,  lr = 1.0e-03, time_taken = 4.1e-01, rel_l2_error = 1.1e-02
Model state saved to ./checkpoints/burgers_exact\2026-03-09_21-50-48-684255\model.pth
Iteration: 7000, loss_r = 7.1e-06 ,  loss_bc = 1.1e-06,  loss_ic = 2.2e-06,  lr = 1.0e-03, time_taken = 4.1e-01, rel_l2_error = 1.2e-02
Model state saved to ./checkpoints/burgers_exact\2026-03-09_21-50-48-684255\model.pth
Iteration: 7100, loss_r = 9.8e-06 ,  loss_bc = 3.2e-06,  loss_ic = 1.9e-06,  lr = 1.0e-03, time_taken = 4.1e-01, rel_l2_error = 8.7e-03
Model state saved to ./checkpoints/burgers_exact\2026-03-09_21-50-48-684255\model.pth
Iteration: 7200, loss_r = 8.1e-06 ,  loss_bc = 1.4e-06,  loss_ic = 4.5e-06,  lr = 1.0e-03, time_taken = 3.7e-01, rel_l2_error = 1.8e-02
Model state saved to ./checkpoints/burgers_exact\2026-03-09_21-50-48-684255\model.pth
Iteration: 7300, loss_r = 4.4e-06 ,  loss_bc = 4.4e-07,  loss_ic = 1.7e-06,  lr = 1.0e-03, time_taken = 3.8e-01, rel_l2_error = 6.5e-03
Model state saved to ./checkpoints/burgers_exact\2026-03-09_21-50-48-684255\model.pth
Iteration: 7400, loss_r = 1.1e-05 ,  loss_bc = 1.6e-06,  loss_ic = 2.7e-06,  lr = 1.0e-03, time_taken = 4.2e-01, rel_l2_error = 7.0e-03
Model state saved to ./checkpoints/burgers_exact\2026-03-09_21-50-48-684255\model.pth
Iteration: 7500, loss_r = 6.3e-06 ,  loss_bc = 4.5e-06,  loss_ic = 4.7e-06,  lr = 1.0e-03, time_taken = 3.9e-01, rel_l2_error = 9.2e-03
Model state saved to ./checkpoints/burgers_exact\2026-03-09_21-50-48-684255\model.pth
Iteration: 7600, loss_r = 6.9e-06 ,  loss_bc = 2.4e-06,  loss_ic = 2.8e-06,  lr = 1.0e-03, time_taken = 4.0e-01, rel_l2_error = 7.6e-03
Model state saved to ./checkpoints/burgers_exact\2026-03-09_21-50-48-684255\model.pth
Iteration: 7700, loss_r = 6.5e-06 ,  loss_bc = 6.0e-07,  loss_ic = 3.4e-06,  lr = 1.0e-03, time_taken = 3.8e-01, rel_l2_error = 1.1e-02
Model state saved to ./checkpoints/burgers_exact\2026-03-09_21-50-48-684255\model.pth
Iteration: 7800, loss_r = 9.5e-06 ,  loss_bc = 9.9e-07,  loss_ic = 4.7e-06,  lr = 1.0e-03, time_taken = 3.8e-01, rel_l2_error = 7.2e-03
Model state saved to ./checkpoints/burgers_exact\2026-03-09_21-50-48-684255\model.pth
Iteration: 7900, loss_r = 2.6e-06 ,  loss_bc = 9.5e-08,  loss_ic = 2.2e-06,  lr = 1.0e-03, time_taken = 4.3e-01, rel_l2_error = 9.0e-03
Model state saved to ./checkpoints/burgers_exact\2026-03-09_21-50-48-684255\model.pth
Iteration: 8000, loss_r = 5.4e-06 ,  loss_bc = 5.1e-07,  loss_ic = 2.6e-06,  lr = 1.0e-03, time_taken = 3.7e-01, rel_l2_error = 9.1e-03
Model state saved to ./checkpoints/burgers_exact\2026-03-09_21-50-48-684255\model.pth

=== RAR Evaluation at iteration 8000 ===
Mean residual: 5.394e-01
Adding 100 new point(s) with highest residuals:
  Point 1: [0.02060086 0.5878018 ], Residual: 6.694e+00
  Point 2: [0.4150445  0.63325965], Residual: 6.266e+00
  Point 3: [0.14477253 0.6127577 ], Residual: 6.257e+00
  Point 4: [0.48946625 0.68612456], Residual: 6.238e+00
  Point 5: [0.56437224 0.60441697], Residual: 6.238e+00
  Point 6: [0.9088477  0.75861526], Residual: 5.967e+00
  Point 7: [ 0.2661475 -0.6433433], Residual: 5.876e+00
  Point 8: [0.04547817 0.5812299 ], Residual: 5.703e+00
  Point 9: [ 0.6630818 -0.5841464], Residual: 5.509e+00
  Point 10: [0.22173095 0.5499822 ], Residual: 5.425e+00
  Point 11: [0.21215779 0.56081283], Residual: 5.308e+00
  Point 12: [ 0.96011144 -0.7220682 ], Residual: 5.210e+00
  Point 13: [0.18947762 0.59109616], Residual: 5.183e+00
  Point 14: [0.8826261  0.75006473], Residual: 5.180e+00
  Point 15: [ 0.1968565  -0.61094797], Residual: 5.102e+00
  Point 16: [0.13344795 0.51256454], Residual: 5.002e+00
  Point 17: [ 0.12889576 -0.62102306], Residual: 4.930e+00
  Point 18: [0.23625249 0.654601  ], Residual: 4.914e+00
  Point 19: [0.8163407 0.6144484], Residual: 4.908e+00
  Point 20: [0.5038597 0.6685097], Residual: 4.902e+00
  Point 21: [ 0.25259995 -0.5619781 ], Residual: 4.884e+00
  Point 22: [0.19849819 0.5988358 ], Residual: 4.884e+00
  Point 23: [0.35623384 0.5361446 ], Residual: 4.858e+00
  Point 24: [ 0.3077988 -0.6421313], Residual: 4.828e+00
  Point 25: [0.2507432  0.62435865], Residual: 4.756e+00
  Point 26: [0.24934512 0.50373876], Residual: 4.750e+00
  Point 27: [ 0.2750727 -0.4665128], Residual: 4.738e+00
  Point 28: [ 0.6454042 -0.727016 ], Residual: 4.724e+00
  Point 29: [0.19983476 0.59340024], Residual: 4.666e+00
  Point 30: [0.40782672 0.5016664 ], Residual: 4.651e+00
  Point 31: [0.89744973 0.72720563], Residual: 4.617e+00
  Point 32: [0.70419866 0.684165  ], Residual: 4.599e+00
  Point 33: [0.1551041 0.5267626], Residual: 4.591e+00
  Point 34: [0.21713638 0.6577741 ], Residual: 4.566e+00
  Point 35: [ 0.5077543 -0.6990596], Residual: 4.529e+00
  Point 36: [0.01329535 0.5273849 ], Residual: 4.514e+00
  Point 37: [0.5986008 0.7704091], Residual: 4.491e+00
  Point 38: [ 0.30817747 -0.5387602 ], Residual: 4.490e+00
  Point 39: [0.8433849 0.8012949], Residual: 4.471e+00
  Point 40: [ 0.47160608 -0.5920633 ], Residual: 4.464e+00
  Point 41: [0.82597023 0.79575145], Residual: 4.441e+00
  Point 42: [0.690673   0.75462353], Residual: 4.422e+00
  Point 43: [0.62178916 0.5563015 ], Residual: 4.412e+00
  Point 44: [0.01478589 0.41737425], Residual: 4.385e+00
  Point 45: [0.33599812 0.6995938 ], Residual: 4.364e+00
  Point 46: [ 0.1812067  -0.60777974], Residual: 4.338e+00
  Point 47: [0.46517372 0.5807252 ], Residual: 4.337e+00
  Point 48: [0.24490643 0.66209066], Residual: 4.311e+00
  Point 49: [ 0.6990999 -0.6598184], Residual: 4.290e+00
  Point 50: [ 0.46705562 -0.5745481 ], Residual: 4.286e+00
  Point 51: [ 0.88142955 -0.6749064 ], Residual: 4.279e+00
  Point 52: [0.17423451 0.39330804], Residual: 4.279e+00
  Point 53: [0.5925247 0.6432476], Residual: 4.257e+00
  Point 54: [0.42609185 0.70301044], Residual: 4.248e+00
  Point 55: [0.6822504  0.65760267], Residual: 4.248e+00
  Point 56: [0.23933905 0.6739187 ], Residual: 4.245e+00
  Point 57: [ 0.14738297 -0.4755925 ], Residual: 4.230e+00
  Point 58: [ 0.8999444  -0.65861225], Residual: 4.188e+00
  Point 59: [0.07624739 0.5828637 ], Residual: 4.179e+00
  Point 60: [ 0.4897871 -0.5761547], Residual: 4.173e+00
  Point 61: [0.15820199 0.54671216], Residual: 4.142e+00
  Point 62: [ 0.8030354  -0.70518935], Residual: 4.134e+00
  Point 63: [0.5531542 0.5173981], Residual: 4.125e+00
  Point 64: [0.85724205 0.73475194], Residual: 4.105e+00
  Point 65: [ 0.2605651  -0.62887764], Residual: 4.093e+00
  Point 66: [0.22375059 0.6208725 ], Residual: 4.088e+00
  Point 67: [0.22244012 0.5567349 ], Residual: 4.086e+00
  Point 68: [ 0.6314852 -0.7706226], Residual: 4.069e+00
  Point 69: [0.69030243 0.6709082 ], Residual: 4.030e+00
  Point 70: [0.8281791 0.6444088], Residual: 4.026e+00
  Point 71: [ 0.42540902 -0.5474793 ], Residual: 4.024e+00
  Point 72: [0.22147441 0.5097096 ], Residual: 3.984e+00
  Point 73: [ 0.12527215 -0.6201881 ], Residual: 3.973e+00
  Point 74: [ 0.06911266 -0.5459318 ], Residual: 3.967e+00
  Point 75: [0.2482754 0.6413485], Residual: 3.956e+00
  Point 76: [ 0.89687663 -0.57408667], Residual: 3.942e+00
  Point 77: [0.1891424 0.5868014], Residual: 3.938e+00
  Point 78: [0.02172256 0.38795137], Residual: 3.937e+00
  Point 79: [0.96376526 0.703033  ], Residual: 3.912e+00
  Point 80: [0.32620132 0.50139403], Residual: 3.905e+00
  Point 81: [0.8773588 0.8298445], Residual: 3.905e+00
  Point 82: [ 0.23494518 -0.66974056], Residual: 3.903e+00
  Point 83: [0.04100144 0.5336987 ], Residual: 3.898e+00
  Point 84: [0.28694522 0.6802031 ], Residual: 3.897e+00
  Point 85: [0.07341725 0.6520759 ], Residual: 3.860e+00
  Point 86: [ 0.45340532 -0.708514  ], Residual: 3.839e+00
  Point 87: [ 0.14750952 -0.4759202 ], Residual: 3.835e+00
  Point 88: [ 0.12157613 -0.6083424 ], Residual: 3.835e+00
  Point 89: [0.73957014 0.7716807 ], Residual: 3.822e+00
  Point 90: [0.0624007 0.5825726], Residual: 3.805e+00
  Point 91: [0.3751065 0.7162864], Residual: 3.805e+00
  Point 92: [0.09939677 0.4282087 ], Residual: 3.795e+00
  Point 93: [ 0.17413265 -0.6680213 ], Residual: 3.790e+00
  Point 94: [0.08671314 0.50833976], Residual: 3.784e+00
  Point 95: [0.56865114 0.7620684 ], Residual: 3.780e+00
  Point 96: [0.00991786 0.62879086], Residual: 3.769e+00
  Point 97: [ 0.826772   -0.75386083], Residual: 3.767e+00
  Point 98: [ 0.21937817 -0.43802047], Residual: 3.759e+00
  Point 99: [ 0.53352904 -0.50650656], Residual: 3.759e+00
  Point 100: [ 0.42286974 -0.51205456], Residual: 3.749e+00
Total adaptive points: 400

Iteration: 8100, loss_r = 8.6e-06 ,  loss_bc = 2.1e-06,  loss_ic = 3.9e-06,  lr = 1.0e-03, time_taken = 4.0e-01, rel_l2_error = 1.2e-02
Model state saved to ./checkpoints/burgers_exact\2026-03-09_21-50-48-684255\model.pth
Iteration: 8200, loss_r = 5.6e-06 ,  loss_bc = 2.3e-06,  loss_ic = 3.4e-06,  lr = 1.0e-03, time_taken = 3.8e-01, rel_l2_error = 6.6e-03
Model state saved to ./checkpoints/burgers_exact\2026-03-09_21-50-48-684255\model.pth
Iteration: 8300, loss_r = 3.4e-06 ,  loss_bc = 1.8e-07,  loss_ic = 1.4e-06,  lr = 1.0e-03, time_taken = 4.0e-01, rel_l2_error = 1.2e-02
Model state saved to ./checkpoints/burgers_exact\2026-03-09_21-50-48-684255\model.pth
Iteration: 8400, loss_r = 3.0e-06 ,  loss_bc = 1.4e-07,  loss_ic = 9.8e-07,  lr = 1.0e-03, time_taken = 3.7e-01, rel_l2_error = 6.7e-03
Model state saved to ./checkpoints/burgers_exact\2026-03-09_21-50-48-684255\model.pth
Iteration: 8500, loss_r = 4.8e-06 ,  loss_bc = 4.1e-06,  loss_ic = 2.7e-06,  lr = 1.0e-03, time_taken = 4.0e-01, rel_l2_error = 5.3e-03
Model state saved to ./checkpoints/burgers_exact\2026-03-09_21-50-48-684255\model.pth
Iteration: 8600, loss_r = 6.6e-06 ,  loss_bc = 5.1e-06,  loss_ic = 2.3e-06,  lr = 1.0e-03, time_taken = 3.7e-01, rel_l2_error = 1.9e-02
Model state saved to ./checkpoints/burgers_exact\2026-03-09_21-50-48-684255\model.pth
Iteration: 8700, loss_r = 4.4e-06 ,  loss_bc = 9.5e-07,  loss_ic = 1.9e-06,  lr = 1.0e-03, time_taken = 3.8e-01, rel_l2_error = 5.6e-03
Model state saved to ./checkpoints/burgers_exact\2026-03-09_21-50-48-684255\model.pth
Iteration: 8800, loss_r = 5.4e-06 ,  loss_bc = 6.1e-06,  loss_ic = 3.2e-06,  lr = 1.0e-03, time_taken = 4.4e-01, rel_l2_error = 7.8e-03
Model state saved to ./checkpoints/burgers_exact\2026-03-09_21-50-48-684255\model.pth
Iteration: 8900, loss_r = 4.8e-06 ,  loss_bc = 9.4e-07,  loss_ic = 3.2e-06,  lr = 1.0e-03, time_taken = 3.7e-01, rel_l2_error = 1.0e-02
Model state saved to ./checkpoints/burgers_exact\2026-03-09_21-50-48-684255\model.pth
Iteration: 9000, loss_r = 4.3e-06 ,  loss_bc = 6.2e-07,  loss_ic = 4.8e-06,  lr = 1.0e-03, time_taken = 3.7e-01, rel_l2_error = 5.2e-03
Model state saved to ./checkpoints/burgers_exact\2026-03-09_21-50-48-684255\model.pth
Iteration: 9100, loss_r = 5.5e-06 ,  loss_bc = 2.3e-06,  loss_ic = 2.6e-06,  lr = 9.0e-04, time_taken = 3.9e-01, rel_l2_error = 8.3e-03
Model state saved to ./checkpoints/burgers_exact\2026-03-09_21-50-48-684255\model.pth
Iteration: 9200, loss_r = 3.8e-06 ,  loss_bc = 1.6e-06,  loss_ic = 1.3e-06,  lr = 9.0e-04, time_taken = 4.0e-01, rel_l2_error = 5.7e-03
Model state saved to ./checkpoints/burgers_exact\2026-03-09_21-50-48-684255\model.pth
Iteration: 9300, loss_r = 6.4e-06 ,  loss_bc = 2.0e-06,  loss_ic = 2.0e-06,  lr = 9.0e-04, time_taken = 4.2e-01, rel_l2_error = 9.7e-03
Model state saved to ./checkpoints/burgers_exact\2026-03-09_21-50-48-684255\model.pth
Iteration: 9400, loss_r = 5.0e-06 ,  loss_bc = 5.9e-07,  loss_ic = 1.2e-06,  lr = 9.0e-04, time_taken = 4.3e-01, rel_l2_error = 4.3e-03
Model state saved to ./checkpoints/burgers_exact\2026-03-09_21-50-48-684255\model.pth
Iteration: 9500, loss_r = 3.4e-06 ,  loss_bc = 4.9e-07,  loss_ic = 9.1e-07,  lr = 9.0e-04, time_taken = 3.8e-01, rel_l2_error = 1.1e-02
Model state saved to ./checkpoints/burgers_exact\2026-03-09_21-50-48-684255\model.pth
Iteration: 9600, loss_r = 4.7e-06 ,  loss_bc = 6.5e-07,  loss_ic = 1.2e-06,  lr = 9.0e-04, time_taken = 3.6e-01, rel_l2_error = 6.3e-03
Model state saved to ./checkpoints/burgers_exact\2026-03-09_21-50-48-684255\model.pth
Iteration: 9700, loss_r = 3.9e-06 ,  loss_bc = 2.6e-06,  loss_ic = 3.4e-06,  lr = 9.0e-04, time_taken = 4.0e-01, rel_l2_error = 1.0e-02
Model state saved to ./checkpoints/burgers_exact\2026-03-09_21-50-48-684255\model.pth
Iteration: 9800, loss_r = 5.4e-06 ,  loss_bc = 1.5e-06,  loss_ic = 2.5e-06,  lr = 9.0e-04, time_taken = 4.0e-01, rel_l2_error = 1.2e-02
Model state saved to ./checkpoints/burgers_exact\2026-03-09_21-50-48-684255\model.pth
Iteration: 9900, loss_r = 6.1e-06 ,  loss_bc = 4.5e-06,  loss_ic = 2.7e-06,  lr = 9.0e-04, time_taken = 3.6e-01, rel_l2_error = 5.5e-03
Model state saved to ./checkpoints/burgers_exact\2026-03-09_21-50-48-684255\model.pth

=== Switching to LBFGS optimizer at iteration 10000 ===
Using scipy L-BFGS-B optimizer (bburgers_hybrid_trainer.py approach)
Optimizer: L-BFGS-B (maxiter=10000, factr=1000.0, m=100, maxls=50, pgtol=1e-14)
L-BFGS Iteration: 0, Loss: 1.297881e-05
L-BFGS Iteration: 1, Loss: 6.383712e-06, Relative L2 Error: 7.987275e-03
L-BFGS: Time for 100 iterations = 352.2318 s
L-BFGS Iteration: 100, Loss: 2.181252e-06, Relative L2 Error: 2.657464e-03
L-BFGS Iteration: 200, Loss: 9.383350e-07, Relative L2 Error: 1.750035e-03
L-BFGS Iteration: 300, Loss: 4.104326e-07, Relative L2 Error: 1.065455e-03
L-BFGS Iteration: 400, Loss: 2.797492e-07, Relative L2 Error: 7.473243e-04
L-BFGS Iteration: 500, Loss: 2.103580e-07, Relative L2 Error: 6.188773e-04
L-BFGS Iteration: 600, Loss: 1.336523e-07, Relative L2 Error: 5.460934e-04
L-BFGS Iteration: 700, Loss: 1.058616e-07, Relative L2 Error: 4.527324e-04
L-BFGS Iteration: 800, Loss: 9.320316e-08, Relative L2 Error: 3.961205e-04
L-BFGS Iteration: 900, Loss: 8.116007e-08, Relative L2 Error: 3.917541e-04
L-BFGS Iteration: 1000, Loss: 6.360148e-08, Relative L2 Error: 4.121657e-04
L-BFGS Iteration: 1100, Loss: 5.494985e-08, Relative L2 Error: 3.674865e-04
L-BFGS Iteration: 1200, Loss: 4.757297e-08, Relative L2 Error: 2.996649e-04
L-BFGS Iteration: 1300, Loss: 4.115876e-08, Relative L2 Error: 2.869686e-04
L-BFGS Iteration: 1400, Loss: 3.617766e-08, Relative L2 Error: 2.712127e-04
L-BFGS Iteration: 1500, Loss: 3.476919e-08, Relative L2 Error: 2.660991e-04
L-BFGS Iteration: 1600, Loss: 3.023307e-08, Relative L2 Error: 2.764615e-04
L-BFGS optimization finished after 1692 iterations.
L-BFGS training completed after 1692 iterations
Model state saved to ./checkpoints/burgers_exact\2026-03-09_21-50-48-684255\model.pth
Training completed successfully!
Evaluating on 40000 points using chunk size 500
RelL2_U%  : 2.569e-02 
Saved solution comparison heatmaps to: ./checkpoints/burgers_exact\2026-03-09_21-50-48-684255\solution_comparison_burgers_exact.png
