Random seed set to: 2
Solving 3D heat equation u_t = alpha (u_{xx}+u_{yy}+u_{zz}) on [0,1]^3 with homogeneous Dirichlet BC
Using DV Solver
The settings used:
batch_size : 64
epochs : 20000
lr : 0.001
seed : 2
print_every : 100
log_path : ./checkpoints/heat3d_exact
input_dim : 4
output_dim : 1
num_qubits : 5
hidden_dim : 20
num_quantum_layers : 1
classic_network : [4, 20, 1]
q_ansatz : cross_mesh
mode : hybrid
activation : tanh
shots : None
problem : heat3d_exact
solver : DV
device : cuda
method : None
cutoff_dim : 20
class : CVNeuralNetwork1
encoding : angle
use_rar : False
rar_eval_freq : 2000
rar_threshold : 0.0005
rar_num_candidates : 10000
rar_num_add : 100
use_hybrid_optimizer : True
adam_iterations : 10000
use_scipy_lbfgs : True
lbfgs_lr : 1
lbfgs_line_search : strong_wolfe
lbfgs_tolerance_grad : 1e-05
lbfgs_tolerance_change : 1e-07
lbfgs_maxiter : 10000
lbfgs_factr : 1000.0
lbfgs_pgtol : 1e-14
lbfgs_maxls : 50
lbfgs_m : 100
lbfgs_eval_every : 100
domainN : 500
boundaryN : 50
initialN : 50
eval_total_points : 10000
nx : 200
nt : 200
y0 : 0.5
z0 : 0.5
alpha : 0.1
Total number of parameters: 1226
The circuit used in the study:
Iteration: 0, loss_r = 1.0e-04 ,  loss_bc = 3.4e-02,  loss_ic = 1.3e-01,  lr = 1.0e-03, time_taken = 4.2e+00, rel_l2_error = 1.1e+00
Model state saved to ./checkpoints/heat3d_exact/2026-05-29_08-59-05-650331/model.pth
Iteration: 100, loss_r = 6.2e-03 ,  loss_bc = 1.1e-02,  loss_ic = 7.1e-02,  lr = 1.0e-03, time_taken = 2.6e+00, rel_l2_error = 8.0e-01
Model state saved to ./checkpoints/heat3d_exact/2026-05-29_08-59-05-650331/model.pth
Iteration: 200, loss_r = 4.6e-03 ,  loss_bc = 1.2e-02,  loss_ic = 4.5e-02,  lr = 1.0e-03, time_taken = 2.4e+00, rel_l2_error = 7.2e-01
Model state saved to ./checkpoints/heat3d_exact/2026-05-29_08-59-05-650331/model.pth
Iteration: 300, loss_r = 2.2e-03 ,  loss_bc = 1.2e-02,  loss_ic = 2.9e-02,  lr = 1.0e-03, time_taken = 2.3e+00, rel_l2_error = 6.2e-01
Model state saved to ./checkpoints/heat3d_exact/2026-05-29_08-59-05-650331/model.pth
Iteration: 400, loss_r = 2.9e-03 ,  loss_bc = 1.6e-02,  loss_ic = 1.8e-02,  lr = 1.0e-03, time_taken = 2.6e+00, rel_l2_error = 5.8e-01
Model state saved to ./checkpoints/heat3d_exact/2026-05-29_08-59-05-650331/model.pth
Iteration: 500, loss_r = 3.7e-03 ,  loss_bc = 1.4e-02,  loss_ic = 2.7e-02,  lr = 1.0e-03, time_taken = 2.0e+00, rel_l2_error = 5.6e-01
Model state saved to ./checkpoints/heat3d_exact/2026-05-29_08-59-05-650331/model.pth
Iteration: 600, loss_r = 4.1e-03 ,  loss_bc = 8.0e-03,  loss_ic = 2.7e-02,  lr = 1.0e-03, time_taken = 2.2e+00, rel_l2_error = 5.5e-01
Model state saved to ./checkpoints/heat3d_exact/2026-05-29_08-59-05-650331/model.pth
Iteration: 700, loss_r = 3.5e-03 ,  loss_bc = 1.1e-02,  loss_ic = 2.4e-02,  lr = 1.0e-03, time_taken = 2.4e+00, rel_l2_error = 5.4e-01
Model state saved to ./checkpoints/heat3d_exact/2026-05-29_08-59-05-650331/model.pth
Iteration: 800, loss_r = 2.4e-03 ,  loss_bc = 1.0e-02,  loss_ic = 2.0e-02,  lr = 1.0e-03, time_taken = 2.3e+00, rel_l2_error = 5.2e-01
Model state saved to ./checkpoints/heat3d_exact/2026-05-29_08-59-05-650331/model.pth
Iteration: 900, loss_r = 2.7e-03 ,  loss_bc = 1.3e-02,  loss_ic = 1.4e-02,  lr = 1.0e-03, time_taken = 1.8e+00, rel_l2_error = 4.9e-01
Model state saved to ./checkpoints/heat3d_exact/2026-05-29_08-59-05-650331/model.pth
Iteration: 1000, loss_r = 3.8e-03 ,  loss_bc = 1.0e-02,  loss_ic = 1.4e-02,  lr = 1.0e-03, time_taken = 2.5e+00, rel_l2_error = 4.6e-01
Model state saved to ./checkpoints/heat3d_exact/2026-05-29_08-59-05-650331/model.pth
Iteration: 1100, loss_r = 4.8e-03 ,  loss_bc = 5.4e-03,  loss_ic = 1.3e-02,  lr = 1.0e-03, time_taken = 2.0e+00, rel_l2_error = 4.3e-01
Model state saved to ./checkpoints/heat3d_exact/2026-05-29_08-59-05-650331/model.pth
Iteration: 1200, loss_r = 2.0e-03 ,  loss_bc = 9.5e-03,  loss_ic = 7.2e-03,  lr = 1.0e-03, time_taken = 2.2e+00, rel_l2_error = 4.0e-01
Model state saved to ./checkpoints/heat3d_exact/2026-05-29_08-59-05-650331/model.pth
Iteration: 1300, loss_r = 2.4e-03 ,  loss_bc = 5.9e-03,  loss_ic = 8.8e-03,  lr = 1.0e-03, time_taken = 2.5e+00, rel_l2_error = 3.8e-01
Model state saved to ./checkpoints/heat3d_exact/2026-05-29_08-59-05-650331/model.pth
Iteration: 1400, loss_r = 2.7e-03 ,  loss_bc = 6.3e-03,  loss_ic = 7.8e-03,  lr = 1.0e-03, time_taken = 2.0e+00, rel_l2_error = 3.8e-01
Model state saved to ./checkpoints/heat3d_exact/2026-05-29_08-59-05-650331/model.pth
Iteration: 1500, loss_r = 3.0e-03 ,  loss_bc = 5.3e-03,  loss_ic = 7.3e-03,  lr = 1.0e-03, time_taken = 2.3e+00, rel_l2_error = 3.7e-01
Model state saved to ./checkpoints/heat3d_exact/2026-05-29_08-59-05-650331/model.pth
Iteration: 1600, loss_r = 1.7e-03 ,  loss_bc = 5.3e-03,  loss_ic = 5.8e-03,  lr = 1.0e-03, time_taken = 2.1e+00, rel_l2_error = 3.4e-01
Model state saved to ./checkpoints/heat3d_exact/2026-05-29_08-59-05-650331/model.pth
Iteration: 1700, loss_r = 1.8e-03 ,  loss_bc = 4.4e-03,  loss_ic = 6.5e-03,  lr = 1.0e-03, time_taken = 2.2e+00, rel_l2_error = 3.3e-01
Model state saved to ./checkpoints/heat3d_exact/2026-05-29_08-59-05-650331/model.pth
Iteration: 1800, loss_r = 3.1e-03 ,  loss_bc = 5.8e-03,  loss_ic = 5.9e-03,  lr = 1.0e-03, time_taken = 2.5e+00, rel_l2_error = 3.3e-01
Model state saved to ./checkpoints/heat3d_exact/2026-05-29_08-59-05-650331/model.pth
Iteration: 1900, loss_r = 2.8e-03 ,  loss_bc = 4.2e-03,  loss_ic = 4.9e-03,  lr = 1.0e-03, time_taken = 2.5e+00, rel_l2_error = 3.2e-01
Model state saved to ./checkpoints/heat3d_exact/2026-05-29_08-59-05-650331/model.pth
Iteration: 2000, loss_r = 5.9e-03 ,  loss_bc = 5.1e-03,  loss_ic = 4.1e-03,  lr = 1.0e-03, time_taken = 2.4e+00, rel_l2_error = 2.9e-01
Model state saved to ./checkpoints/heat3d_exact/2026-05-29_08-59-05-650331/model.pth
Iteration: 2100, loss_r = 1.4e-03 ,  loss_bc = 4.9e-03,  loss_ic = 4.5e-03,  lr = 1.0e-03, time_taken = 2.3e+00, rel_l2_error = 3.0e-01
Model state saved to ./checkpoints/heat3d_exact/2026-05-29_08-59-05-650331/model.pth
Iteration: 2200, loss_r = 1.4e-03 ,  loss_bc = 3.7e-03,  loss_ic = 3.5e-03,  lr = 1.0e-03, time_taken = 2.5e+00, rel_l2_error = 2.9e-01
Model state saved to ./checkpoints/heat3d_exact/2026-05-29_08-59-05-650331/model.pth
Iteration: 2300, loss_r = 2.5e-03 ,  loss_bc = 4.6e-03,  loss_ic = 3.6e-03,  lr = 1.0e-03, time_taken = 2.9e+00, rel_l2_error = 2.8e-01
Model state saved to ./checkpoints/heat3d_exact/2026-05-29_08-59-05-650331/model.pth
Iteration: 2400, loss_r = 1.3e-03 ,  loss_bc = 3.0e-03,  loss_ic = 3.6e-03,  lr = 1.0e-03, time_taken = 2.4e+00, rel_l2_error = 2.8e-01
Model state saved to ./checkpoints/heat3d_exact/2026-05-29_08-59-05-650331/model.pth
Iteration: 2500, loss_r = 4.0e-03 ,  loss_bc = 3.6e-03,  loss_ic = 2.0e-03,  lr = 1.0e-03, time_taken = 2.3e+00, rel_l2_error = 2.7e-01
Model state saved to ./checkpoints/heat3d_exact/2026-05-29_08-59-05-650331/model.pth
Iteration: 2600, loss_r = 1.9e-03 ,  loss_bc = 4.7e-03,  loss_ic = 2.8e-03,  lr = 1.0e-03, time_taken = 2.3e+00, rel_l2_error = 2.8e-01
Model state saved to ./checkpoints/heat3d_exact/2026-05-29_08-59-05-650331/model.pth
Iteration: 2700, loss_r = 3.0e-03 ,  loss_bc = 3.6e-03,  loss_ic = 2.3e-03,  lr = 1.0e-03, time_taken = 2.2e+00, rel_l2_error = 2.7e-01
Model state saved to ./checkpoints/heat3d_exact/2026-05-29_08-59-05-650331/model.pth
Iteration: 2800, loss_r = 1.6e-03 ,  loss_bc = 3.0e-03,  loss_ic = 2.8e-03,  lr = 1.0e-03, time_taken = 2.3e+00, rel_l2_error = 2.6e-01
Model state saved to ./checkpoints/heat3d_exact/2026-05-29_08-59-05-650331/model.pth
Iteration: 2900, loss_r = 1.9e-03 ,  loss_bc = 2.2e-03,  loss_ic = 3.0e-03,  lr = 1.0e-03, time_taken = 2.3e+00, rel_l2_error = 2.5e-01
Model state saved to ./checkpoints/heat3d_exact/2026-05-29_08-59-05-650331/model.pth
Iteration: 3000, loss_r = 1.3e-03 ,  loss_bc = 3.2e-03,  loss_ic = 1.4e-03,  lr = 1.0e-03, time_taken = 2.0e+00, rel_l2_error = 2.4e-01
Model state saved to ./checkpoints/heat3d_exact/2026-05-29_08-59-05-650331/model.pth
Iteration: 3100, loss_r = 2.0e-03 ,  loss_bc = 3.1e-03,  loss_ic = 1.4e-03,  lr = 1.0e-03, time_taken = 2.4e+00, rel_l2_error = 2.5e-01
Model state saved to ./checkpoints/heat3d_exact/2026-05-29_08-59-05-650331/model.pth
Iteration: 3200, loss_r = 1.9e-03 ,  loss_bc = 3.6e-03,  loss_ic = 2.2e-03,  lr = 1.0e-03, time_taken = 2.5e+00, rel_l2_error = 2.5e-01
Model state saved to ./checkpoints/heat3d_exact/2026-05-29_08-59-05-650331/model.pth
Iteration: 3300, loss_r = 1.3e-03 ,  loss_bc = 3.1e-03,  loss_ic = 1.8e-03,  lr = 1.0e-03, time_taken = 2.5e+00, rel_l2_error = 2.4e-01
Model state saved to ./checkpoints/heat3d_exact/2026-05-29_08-59-05-650331/model.pth
Iteration: 3400, loss_r = 1.5e-03 ,  loss_bc = 2.5e-03,  loss_ic = 2.9e-03,  lr = 1.0e-03, time_taken = 2.2e+00, rel_l2_error = 2.4e-01
Model state saved to ./checkpoints/heat3d_exact/2026-05-29_08-59-05-650331/model.pth
Iteration: 3500, loss_r = 1.8e-03 ,  loss_bc = 2.7e-03,  loss_ic = 2.1e-03,  lr = 1.0e-03, time_taken = 2.6e+00, rel_l2_error = 2.4e-01
Model state saved to ./checkpoints/heat3d_exact/2026-05-29_08-59-05-650331/model.pth
Iteration: 3600, loss_r = 1.4e-03 ,  loss_bc = 2.2e-03,  loss_ic = 1.7e-03,  lr = 1.0e-03, time_taken = 2.2e+00, rel_l2_error = 2.3e-01
Model state saved to ./checkpoints/heat3d_exact/2026-05-29_08-59-05-650331/model.pth
Iteration: 3700, loss_r = 1.8e-03 ,  loss_bc = 2.3e-03,  loss_ic = 1.5e-03,  lr = 1.0e-03, time_taken = 2.3e+00, rel_l2_error = 2.3e-01
Model state saved to ./checkpoints/heat3d_exact/2026-05-29_08-59-05-650331/model.pth
Iteration: 3800, loss_r = 1.5e-03 ,  loss_bc = 2.5e-03,  loss_ic = 2.0e-03,  lr = 1.0e-03, time_taken = 2.5e+00, rel_l2_error = 2.4e-01
Model state saved to ./checkpoints/heat3d_exact/2026-05-29_08-59-05-650331/model.pth
Iteration: 3900, loss_r = 1.6e-03 ,  loss_bc = 2.1e-03,  loss_ic = 1.8e-03,  lr = 1.0e-03, time_taken = 2.1e+00, rel_l2_error = 2.3e-01
Model state saved to ./checkpoints/heat3d_exact/2026-05-29_08-59-05-650331/model.pth
Iteration: 4000, loss_r = 1.0e-03 ,  loss_bc = 2.2e-03,  loss_ic = 2.2e-03,  lr = 1.0e-03, time_taken = 2.4e+00, rel_l2_error = 2.2e-01
Model state saved to ./checkpoints/heat3d_exact/2026-05-29_08-59-05-650331/model.pth
Iteration: 4100, loss_r = 1.4e-03 ,  loss_bc = 3.1e-03,  loss_ic = 1.8e-03,  lr = 1.0e-03, time_taken = 2.4e+00, rel_l2_error = 2.3e-01
Model state saved to ./checkpoints/heat3d_exact/2026-05-29_08-59-05-650331/model.pth
Iteration: 4200, loss_r = 1.4e-03 ,  loss_bc = 1.6e-03,  loss_ic = 1.8e-03,  lr = 1.0e-03, time_taken = 2.3e+00, rel_l2_error = 2.2e-01
Model state saved to ./checkpoints/heat3d_exact/2026-05-29_08-59-05-650331/model.pth
Iteration: 4300, loss_r = 1.4e-03 ,  loss_bc = 2.1e-03,  loss_ic = 1.6e-03,  lr = 1.0e-03, time_taken = 2.1e+00, rel_l2_error = 2.1e-01
Model state saved to ./checkpoints/heat3d_exact/2026-05-29_08-59-05-650331/model.pth
Iteration: 4400, loss_r = 7.9e-04 ,  loss_bc = 1.7e-03,  loss_ic = 1.4e-03,  lr = 1.0e-03, time_taken = 2.5e+00, rel_l2_error = 2.2e-01
Model state saved to ./checkpoints/heat3d_exact/2026-05-29_08-59-05-650331/model.pth
Iteration: 4500, loss_r = 1.5e-03 ,  loss_bc = 1.3e-03,  loss_ic = 1.6e-03,  lr = 1.0e-03, time_taken = 2.1e+00, rel_l2_error = 2.4e-01
Model state saved to ./checkpoints/heat3d_exact/2026-05-29_08-59-05-650331/model.pth
Iteration: 4600, loss_r = 1.9e-03 ,  loss_bc = 1.5e-03,  loss_ic = 1.9e-03,  lr = 1.0e-03, time_taken = 2.3e+00, rel_l2_error = 2.3e-01
Model state saved to ./checkpoints/heat3d_exact/2026-05-29_08-59-05-650331/model.pth
Iteration: 4700, loss_r = 1.3e-03 ,  loss_bc = 1.6e-03,  loss_ic = 1.4e-03,  lr = 1.0e-03, time_taken = 2.2e+00, rel_l2_error = 2.3e-01
Model state saved to ./checkpoints/heat3d_exact/2026-05-29_08-59-05-650331/model.pth
Iteration: 4800, loss_r = 1.4e-03 ,  loss_bc = 1.9e-03,  loss_ic = 1.5e-03,  lr = 1.0e-03, time_taken = 2.8e+00, rel_l2_error = 2.2e-01
Model state saved to ./checkpoints/heat3d_exact/2026-05-29_08-59-05-650331/model.pth
Iteration: 4900, loss_r = 8.2e-04 ,  loss_bc = 2.1e-03,  loss_ic = 1.4e-03,  lr = 1.0e-03, time_taken = 2.0e+00, rel_l2_error = 2.0e-01
Model state saved to ./checkpoints/heat3d_exact/2026-05-29_08-59-05-650331/model.pth
Iteration: 5000, loss_r = 2.3e-03 ,  loss_bc = 1.9e-03,  loss_ic = 1.6e-03,  lr = 1.0e-03, time_taken = 2.5e+00, rel_l2_error = 2.1e-01
Model state saved to ./checkpoints/heat3d_exact/2026-05-29_08-59-05-650331/model.pth
Iteration: 5100, loss_r = 1.2e-03 ,  loss_bc = 1.8e-03,  loss_ic = 9.2e-04,  lr = 1.0e-03, time_taken = 2.2e+00, rel_l2_error = 2.1e-01
Model state saved to ./checkpoints/heat3d_exact/2026-05-29_08-59-05-650331/model.pth
Iteration: 5200, loss_r = 1.3e-03 ,  loss_bc = 2.0e-03,  loss_ic = 1.5e-03,  lr = 1.0e-03, time_taken = 2.4e+00, rel_l2_error = 2.1e-01
Model state saved to ./checkpoints/heat3d_exact/2026-05-29_08-59-05-650331/model.pth
Iteration: 5300, loss_r = 7.4e-04 ,  loss_bc = 1.3e-03,  loss_ic = 1.8e-03,  lr = 1.0e-03, time_taken = 2.2e+00, rel_l2_error = 2.0e-01
Model state saved to ./checkpoints/heat3d_exact/2026-05-29_08-59-05-650331/model.pth
Iteration: 5400, loss_r = 1.3e-03 ,  loss_bc = 2.3e-03,  loss_ic = 1.0e-03,  lr = 1.0e-03, time_taken = 2.4e+00, rel_l2_error = 2.0e-01
Model state saved to ./checkpoints/heat3d_exact/2026-05-29_08-59-05-650331/model.pth
Iteration: 5500, loss_r = 1.7e-03 ,  loss_bc = 1.6e-03,  loss_ic = 1.3e-03,  lr = 1.0e-03, time_taken = 2.4e+00, rel_l2_error = 2.0e-01
Model state saved to ./checkpoints/heat3d_exact/2026-05-29_08-59-05-650331/model.pth
Iteration: 5600, loss_r = 9.6e-04 ,  loss_bc = 1.2e-03,  loss_ic = 2.0e-03,  lr = 1.0e-03, time_taken = 2.5e+00, rel_l2_error = 2.0e-01
Model state saved to ./checkpoints/heat3d_exact/2026-05-29_08-59-05-650331/model.pth
Iteration: 5700, loss_r = 1.0e-03 ,  loss_bc = 1.9e-03,  loss_ic = 9.9e-04,  lr = 1.0e-03, time_taken = 2.4e+00, rel_l2_error = 2.0e-01
Model state saved to ./checkpoints/heat3d_exact/2026-05-29_08-59-05-650331/model.pth
Iteration: 5800, loss_r = 1.1e-03 ,  loss_bc = 1.6e-03,  loss_ic = 1.5e-03,  lr = 1.0e-03, time_taken = 2.2e+00, rel_l2_error = 1.9e-01
Model state saved to ./checkpoints/heat3d_exact/2026-05-29_08-59-05-650331/model.pth
Iteration: 5900, loss_r = 1.9e-03 ,  loss_bc = 2.2e-03,  loss_ic = 1.1e-03,  lr = 1.0e-03, time_taken = 2.1e+00, rel_l2_error = 1.9e-01
Model state saved to ./checkpoints/heat3d_exact/2026-05-29_08-59-05-650331/model.pth
Iteration: 6000, loss_r = 2.3e-03 ,  loss_bc = 2.0e-03,  loss_ic = 9.2e-04,  lr = 1.0e-03, time_taken = 2.5e+00, rel_l2_error = 1.8e-01
Model state saved to ./checkpoints/heat3d_exact/2026-05-29_08-59-05-650331/model.pth
Iteration: 6100, loss_r = 1.2e-03 ,  loss_bc = 2.0e-03,  loss_ic = 7.7e-04,  lr = 1.0e-03, time_taken = 2.2e+00, rel_l2_error = 1.9e-01
Model state saved to ./checkpoints/heat3d_exact/2026-05-29_08-59-05-650331/model.pth
Iteration: 6200, loss_r = 1.2e-03 ,  loss_bc = 2.1e-03,  loss_ic = 6.3e-04,  lr = 1.0e-03, time_taken = 2.4e+00, rel_l2_error = 1.9e-01
Model state saved to ./checkpoints/heat3d_exact/2026-05-29_08-59-05-650331/model.pth
Iteration: 6300, loss_r = 1.0e-03 ,  loss_bc = 1.5e-03,  loss_ic = 8.9e-04,  lr = 1.0e-03, time_taken = 2.2e+00, rel_l2_error = 1.7e-01
Model state saved to ./checkpoints/heat3d_exact/2026-05-29_08-59-05-650331/model.pth
Iteration: 6400, loss_r = 9.2e-04 ,  loss_bc = 1.8e-03,  loss_ic = 7.8e-04,  lr = 1.0e-03, time_taken = 2.5e+00, rel_l2_error = 1.9e-01
Model state saved to ./checkpoints/heat3d_exact/2026-05-29_08-59-05-650331/model.pth
Iteration: 6500, loss_r = 1.6e-03 ,  loss_bc = 1.6e-03,  loss_ic = 7.9e-04,  lr = 1.0e-03, time_taken = 2.1e+00, rel_l2_error = 1.8e-01
Model state saved to ./checkpoints/heat3d_exact/2026-05-29_08-59-05-650331/model.pth
Iteration: 6600, loss_r = 1.6e-03 ,  loss_bc = 1.6e-03,  loss_ic = 9.4e-04,  lr = 1.0e-03, time_taken = 2.6e+00, rel_l2_error = 1.9e-01
Model state saved to ./checkpoints/heat3d_exact/2026-05-29_08-59-05-650331/model.pth
Iteration: 6700, loss_r = 1.1e-03 ,  loss_bc = 2.0e-03,  loss_ic = 7.1e-04,  lr = 1.0e-03, time_taken = 2.4e+00, rel_l2_error = 1.8e-01
Model state saved to ./checkpoints/heat3d_exact/2026-05-29_08-59-05-650331/model.pth
Iteration: 6800, loss_r = 1.3e-03 ,  loss_bc = 1.7e-03,  loss_ic = 7.2e-04,  lr = 1.0e-03, time_taken = 2.2e+00, rel_l2_error = 1.8e-01
Model state saved to ./checkpoints/heat3d_exact/2026-05-29_08-59-05-650331/model.pth
Iteration: 6900, loss_r = 1.2e-03 ,  loss_bc = 1.2e-03,  loss_ic = 7.8e-04,  lr = 1.0e-03, time_taken = 2.2e+00, rel_l2_error = 1.7e-01
Model state saved to ./checkpoints/heat3d_exact/2026-05-29_08-59-05-650331/model.pth
Iteration: 7000, loss_r = 8.5e-04 ,  loss_bc = 2.0e-03,  loss_ic = 7.0e-04,  lr = 1.0e-03, time_taken = 2.3e+00, rel_l2_error = 1.8e-01
Model state saved to ./checkpoints/heat3d_exact/2026-05-29_08-59-05-650331/model.pth
Iteration: 7100, loss_r = 8.5e-04 ,  loss_bc = 1.1e-03,  loss_ic = 7.9e-04,  lr = 1.0e-03, time_taken = 2.5e+00, rel_l2_error = 1.8e-01
Model state saved to ./checkpoints/heat3d_exact/2026-05-29_08-59-05-650331/model.pth
Iteration: 7200, loss_r = 1.0e-03 ,  loss_bc = 1.0e-03,  loss_ic = 8.7e-04,  lr = 1.0e-03, time_taken = 2.3e+00, rel_l2_error = 1.7e-01
Model state saved to ./checkpoints/heat3d_exact/2026-05-29_08-59-05-650331/model.pth
Iteration: 7300, loss_r = 1.1e-03 ,  loss_bc = 1.5e-03,  loss_ic = 9.8e-04,  lr = 1.0e-03, time_taken = 2.3e+00, rel_l2_error = 1.6e-01
Model state saved to ./checkpoints/heat3d_exact/2026-05-29_08-59-05-650331/model.pth
Iteration: 7400, loss_r = 1.2e-03 ,  loss_bc = 1.4e-03,  loss_ic = 7.8e-04,  lr = 1.0e-03, time_taken = 2.5e+00, rel_l2_error = 1.6e-01
Model state saved to ./checkpoints/heat3d_exact/2026-05-29_08-59-05-650331/model.pth
Iteration: 7500, loss_r = 1.1e-03 ,  loss_bc = 1.4e-03,  loss_ic = 6.7e-04,  lr = 1.0e-03, time_taken = 2.3e+00, rel_l2_error = 1.8e-01
Model state saved to ./checkpoints/heat3d_exact/2026-05-29_08-59-05-650331/model.pth
Iteration: 7600, loss_r = 9.9e-04 ,  loss_bc = 9.8e-04,  loss_ic = 1.1e-03,  lr = 1.0e-03, time_taken = 2.7e+00, rel_l2_error = 1.7e-01
Model state saved to ./checkpoints/heat3d_exact/2026-05-29_08-59-05-650331/model.pth
Iteration: 7700, loss_r = 1.1e-03 ,  loss_bc = 1.8e-03,  loss_ic = 8.6e-04,  lr = 1.0e-03, time_taken = 2.4e+00, rel_l2_error = 1.7e-01
Model state saved to ./checkpoints/heat3d_exact/2026-05-29_08-59-05-650331/model.pth
Iteration: 7800, loss_r = 1.7e-03 ,  loss_bc = 2.2e-03,  loss_ic = 4.7e-04,  lr = 1.0e-03, time_taken = 2.3e+00, rel_l2_error = 1.8e-01
Model state saved to ./checkpoints/heat3d_exact/2026-05-29_08-59-05-650331/model.pth
Iteration: 7900, loss_r = 1.1e-03 ,  loss_bc = 1.4e-03,  loss_ic = 7.4e-04,  lr = 1.0e-03, time_taken = 2.6e+00, rel_l2_error = 1.7e-01
Model state saved to ./checkpoints/heat3d_exact/2026-05-29_08-59-05-650331/model.pth
Iteration: 8000, loss_r = 1.1e-03 ,  loss_bc = 1.2e-03,  loss_ic = 6.4e-04,  lr = 1.0e-03, time_taken = 2.2e+00, rel_l2_error = 1.6e-01
Model state saved to ./checkpoints/heat3d_exact/2026-05-29_08-59-05-650331/model.pth
Iteration: 8100, loss_r = 6.5e-04 ,  loss_bc = 1.4e-03,  loss_ic = 7.2e-04,  lr = 1.0e-03, time_taken = 2.7e+00, rel_l2_error = 1.6e-01
Model state saved to ./checkpoints/heat3d_exact/2026-05-29_08-59-05-650331/model.pth
Iteration: 8200, loss_r = 1.1e-03 ,  loss_bc = 1.1e-03,  loss_ic = 9.7e-04,  lr = 1.0e-03, time_taken = 2.4e+00, rel_l2_error = 1.6e-01
Model state saved to ./checkpoints/heat3d_exact/2026-05-29_08-59-05-650331/model.pth
Iteration: 8300, loss_r = 8.1e-04 ,  loss_bc = 1.9e-03,  loss_ic = 4.6e-04,  lr = 1.0e-03, time_taken = 2.2e+00, rel_l2_error = 1.6e-01
Model state saved to ./checkpoints/heat3d_exact/2026-05-29_08-59-05-650331/model.pth
Iteration: 8400, loss_r = 9.1e-04 ,  loss_bc = 1.2e-03,  loss_ic = 7.8e-04,  lr = 1.0e-03, time_taken = 2.5e+00, rel_l2_error = 1.6e-01
Model state saved to ./checkpoints/heat3d_exact/2026-05-29_08-59-05-650331/model.pth
Iteration: 8500, loss_r = 1.1e-03 ,  loss_bc = 1.9e-03,  loss_ic = 5.0e-04,  lr = 1.0e-03, time_taken = 2.3e+00, rel_l2_error = 1.5e-01
Model state saved to ./checkpoints/heat3d_exact/2026-05-29_08-59-05-650331/model.pth
Iteration: 8600, loss_r = 8.1e-04 ,  loss_bc = 1.0e-03,  loss_ic = 9.4e-04,  lr = 1.0e-03, time_taken = 2.2e+00, rel_l2_error = 1.7e-01
Model state saved to ./checkpoints/heat3d_exact/2026-05-29_08-59-05-650331/model.pth
Iteration: 8700, loss_r = 5.5e-04 ,  loss_bc = 1.0e-03,  loss_ic = 4.3e-04,  lr = 1.0e-03, time_taken = 2.3e+00, rel_l2_error = 1.5e-01
Model state saved to ./checkpoints/heat3d_exact/2026-05-29_08-59-05-650331/model.pth
Iteration: 8800, loss_r = 1.2e-03 ,  loss_bc = 1.1e-03,  loss_ic = 5.6e-04,  lr = 1.0e-03, time_taken = 2.5e+00, rel_l2_error = 1.7e-01
Model state saved to ./checkpoints/heat3d_exact/2026-05-29_08-59-05-650331/model.pth
Iteration: 8900, loss_r = 1.5e-03 ,  loss_bc = 1.7e-03,  loss_ic = 3.1e-04,  lr = 1.0e-03, time_taken = 2.4e+00, rel_l2_error = 1.5e-01
Model state saved to ./checkpoints/heat3d_exact/2026-05-29_08-59-05-650331/model.pth
Iteration: 9000, loss_r = 8.9e-04 ,  loss_bc = 9.3e-04,  loss_ic = 5.4e-04,  lr = 1.0e-03, time_taken = 2.6e+00, rel_l2_error = 1.5e-01
Model state saved to ./checkpoints/heat3d_exact/2026-05-29_08-59-05-650331/model.pth
Iteration: 9100, loss_r = 5.0e-04 ,  loss_bc = 1.5e-03,  loss_ic = 3.6e-04,  lr = 1.0e-03, time_taken = 2.6e+00, rel_l2_error = 1.5e-01
Model state saved to ./checkpoints/heat3d_exact/2026-05-29_08-59-05-650331/model.pth
Iteration: 9200, loss_r = 1.4e-03 ,  loss_bc = 1.2e-03,  loss_ic = 4.4e-04,  lr = 1.0e-03, time_taken = 2.4e+00, rel_l2_error = 1.5e-01
Model state saved to ./checkpoints/heat3d_exact/2026-05-29_08-59-05-650331/model.pth
Iteration: 9300, loss_r = 5.1e-04 ,  loss_bc = 9.9e-04,  loss_ic = 3.8e-04,  lr = 1.0e-03, time_taken = 2.4e+00, rel_l2_error = 1.5e-01
Model state saved to ./checkpoints/heat3d_exact/2026-05-29_08-59-05-650331/model.pth
Iteration: 9400, loss_r = 6.2e-04 ,  loss_bc = 1.4e-03,  loss_ic = 4.4e-04,  lr = 1.0e-03, time_taken = 2.6e+00, rel_l2_error = 1.5e-01
Model state saved to ./checkpoints/heat3d_exact/2026-05-29_08-59-05-650331/model.pth
Iteration: 9500, loss_r = 1.2e-03 ,  loss_bc = 1.1e-03,  loss_ic = 3.4e-04,  lr = 1.0e-03, time_taken = 2.6e+00, rel_l2_error = 1.4e-01
Model state saved to ./checkpoints/heat3d_exact/2026-05-29_08-59-05-650331/model.pth
Iteration: 9600, loss_r = 7.1e-04 ,  loss_bc = 1.4e-03,  loss_ic = 4.3e-04,  lr = 1.0e-03, time_taken = 2.4e+00, rel_l2_error = 1.4e-01
Model state saved to ./checkpoints/heat3d_exact/2026-05-29_08-59-05-650331/model.pth
Iteration: 9700, loss_r = 6.5e-04 ,  loss_bc = 1.6e-03,  loss_ic = 4.3e-04,  lr = 1.0e-03, time_taken = 2.0e+00, rel_l2_error = 1.4e-01
Model state saved to ./checkpoints/heat3d_exact/2026-05-29_08-59-05-650331/model.pth
Iteration: 9800, loss_r = 6.3e-04 ,  loss_bc = 8.0e-04,  loss_ic = 5.8e-04,  lr = 1.0e-03, time_taken = 2.3e+00, rel_l2_error = 1.4e-01
Model state saved to ./checkpoints/heat3d_exact/2026-05-29_08-59-05-650331/model.pth
Iteration: 9900, loss_r = 5.3e-04 ,  loss_bc = 9.6e-04,  loss_ic = 4.3e-04,  lr = 1.0e-03, time_taken = 2.4e+00, rel_l2_error = 1.4e-01
Model state saved to ./checkpoints/heat3d_exact/2026-05-29_08-59-05-650331/model.pth

=== Switching to LBFGS optimizer at iteration 10000 ===
Using scipy L-BFGS-B optimizer
Optimizer: L-BFGS-B (maxiter=10000, factr=1000.0, m=100, maxls=50, pgtol=1e-14)
L-BFGS Iteration: 0, Loss: 2.264496e-03
L-BFGS Iteration: 1, Loss: 2.225934e-03, Relative L2 Error: 1.326050e-01
L-BFGS: Time for 100 iterations = 1166.9849 s
L-BFGS Iteration: 100, Loss: 1.391952e-03, Relative L2 Error: 9.826948e-02
L-BFGS Iteration: 200, Loss: 9.306136e-04, Relative L2 Error: 8.519037e-02
L-BFGS Iteration: 300, Loss: 6.591631e-04, Relative L2 Error: 7.007222e-02
L-BFGS Iteration: 400, Loss: 4.956643e-04, Relative L2 Error: 6.172744e-02
L-BFGS Iteration: 500, Loss: 3.870785e-04, Relative L2 Error: 5.794249e-02
L-BFGS Iteration: 600, Loss: 3.279023e-04, Relative L2 Error: 4.934067e-02
L-BFGS Iteration: 700, Loss: 2.818579e-04, Relative L2 Error: 4.852401e-02
L-BFGS Iteration: 800, Loss: 2.427059e-04, Relative L2 Error: 5.183210e-02
L-BFGS Iteration: 900, Loss: 2.144958e-04, Relative L2 Error: 5.297348e-02
L-BFGS Iteration: 1000, Loss: 1.874741e-04, Relative L2 Error: 4.929885e-02
L-BFGS Iteration: 1100, Loss: 1.660943e-04, Relative L2 Error: 4.763884e-02
L-BFGS Iteration: 1200, Loss: 1.517900e-04, Relative L2 Error: 4.700087e-02
L-BFGS Iteration: 1300, Loss: 1.377576e-04, Relative L2 Error: 4.657890e-02
L-BFGS Iteration: 1400, Loss: 1.268903e-04, Relative L2 Error: 4.536312e-02
L-BFGS Iteration: 1500, Loss: 1.180021e-04, Relative L2 Error: 4.691382e-02
L-BFGS Iteration: 1600, Loss: 1.107183e-04, Relative L2 Error: 4.619953e-02
L-BFGS Iteration: 1700, Loss: 1.036002e-04, Relative L2 Error: 4.635840e-02
L-BFGS Iteration: 1800, Loss: 9.743514e-05, Relative L2 Error: 4.472419e-02
L-BFGS Iteration: 1900, Loss: 9.163891e-05, Relative L2 Error: 4.444448e-02
L-BFGS Iteration: 2000, Loss: 8.694266e-05, Relative L2 Error: 4.369001e-02
L-BFGS Iteration: 2100, Loss: 8.237854e-05, Relative L2 Error: 4.352967e-02
L-BFGS Iteration: 2200, Loss: 7.843084e-05, Relative L2 Error: 4.204513e-02
L-BFGS Iteration: 2300, Loss: 7.382100e-05, Relative L2 Error: 4.174871e-02
L-BFGS Iteration: 2400, Loss: 6.978645e-05, Relative L2 Error: 3.881402e-02
L-BFGS Iteration: 2500, Loss: 6.689147e-05, Relative L2 Error: 4.316889e-02
L-BFGS Iteration: 2600, Loss: 6.362571e-05, Relative L2 Error: 3.974928e-02
L-BFGS Iteration: 2700, Loss: 6.055714e-05, Relative L2 Error: 4.167928e-02
L-BFGS Iteration: 2800, Loss: 5.810385e-05, Relative L2 Error: 3.816656e-02
L-BFGS Iteration: 2900, Loss: 5.606900e-05, Relative L2 Error: 4.094426e-02
L-BFGS Iteration: 3000, Loss: 5.458828e-05, Relative L2 Error: 3.993413e-02
L-BFGS Iteration: 3100, Loss: 5.184593e-05, Relative L2 Error: 4.083916e-02
L-BFGS Iteration: 3200, Loss: 4.961373e-05, Relative L2 Error: 3.861166e-02
L-BFGS Iteration: 3300, Loss: 4.769411e-05, Relative L2 Error: 3.490077e-02
L-BFGS Iteration: 3400, Loss: 4.575053e-05, Relative L2 Error: 3.753201e-02
L-BFGS Iteration: 3500, Loss: 4.420046e-05, Relative L2 Error: 3.727564e-02
L-BFGS Iteration: 3600, Loss: 4.290829e-05, Relative L2 Error: 3.815696e-02
L-BFGS Iteration: 3700, Loss: 4.175981e-05, Relative L2 Error: 3.669021e-02
L-BFGS Iteration: 3800, Loss: 4.055021e-05, Relative L2 Error: 3.758480e-02
L-BFGS Iteration: 3900, Loss: 3.932043e-05, Relative L2 Error: 3.746209e-02
L-BFGS Iteration: 4000, Loss: 3.834082e-05, Relative L2 Error: 3.517774e-02
L-BFGS Iteration: 4100, Loss: 3.720544e-05, Relative L2 Error: 3.401592e-02
L-BFGS Iteration: 4200, Loss: 3.622647e-05, Relative L2 Error: 3.628967e-02
L-BFGS Iteration: 4300, Loss: 3.511983e-05, Relative L2 Error: 3.634486e-02
L-BFGS Iteration: 4400, Loss: 3.422666e-05, Relative L2 Error: 3.528131e-02
L-BFGS Iteration: 4500, Loss: 3.289249e-05, Relative L2 Error: 3.276114e-02
L-BFGS Iteration: 4600, Loss: 3.203683e-05, Relative L2 Error: 3.332151e-02
L-BFGS Iteration: 4700, Loss: 3.117820e-05, Relative L2 Error: 3.448553e-02
L-BFGS Iteration: 4800, Loss: 3.036260e-05, Relative L2 Error: 3.177837e-02
L-BFGS Iteration: 4900, Loss: 2.935293e-05, Relative L2 Error: 3.222608e-02
L-BFGS Iteration: 5000, Loss: 2.844862e-05, Relative L2 Error: 3.316772e-02
L-BFGS Iteration: 5100, Loss: 2.761497e-05, Relative L2 Error: 3.184386e-02
L-BFGS Iteration: 5200, Loss: 2.694322e-05, Relative L2 Error: 3.214146e-02
L-BFGS Iteration: 5300, Loss: 2.619741e-05, Relative L2 Error: 3.279878e-02
L-BFGS Iteration: 5400, Loss: 2.547195e-05, Relative L2 Error: 3.346367e-02
L-BFGS Iteration: 5500, Loss: 2.487030e-05, Relative L2 Error: 2.978251e-02
L-BFGS Iteration: 5600, Loss: 2.419817e-05, Relative L2 Error: 3.245744e-02
L-BFGS Iteration: 5700, Loss: 2.373611e-05, Relative L2 Error: 3.145754e-02
L-BFGS Iteration: 5800, Loss: 2.328565e-05, Relative L2 Error: 3.223366e-02
L-BFGS Iteration: 5900, Loss: 2.277237e-05, Relative L2 Error: 3.268506e-02
L-BFGS Iteration: 6000, Loss: 2.217115e-05, Relative L2 Error: 3.177316e-02
L-BFGS Iteration: 6100, Loss: 2.149764e-05, Relative L2 Error: 3.296053e-02
L-BFGS Iteration: 6200, Loss: 2.092918e-05, Relative L2 Error: 3.167652e-02
L-BFGS Iteration: 6300, Loss: 2.018236e-05, Relative L2 Error: 2.924453e-02
L-BFGS Iteration: 6400, Loss: 1.962489e-05, Relative L2 Error: 3.252494e-02
L-BFGS Iteration: 6500, Loss: 1.914628e-05, Relative L2 Error: 3.025332e-02
L-BFGS Iteration: 6600, Loss: 1.880344e-05, Relative L2 Error: 3.315866e-02
L-BFGS Iteration: 6700, Loss: 1.840052e-05, Relative L2 Error: 3.077936e-02
L-BFGS Iteration: 6800, Loss: 1.793044e-05, Relative L2 Error: 3.127594e-02
L-BFGS Iteration: 6900, Loss: 1.752330e-05, Relative L2 Error: 2.861651e-02
L-BFGS Iteration: 7000, Loss: 1.724672e-05, Relative L2 Error: 3.112855e-02
L-BFGS Iteration: 7100, Loss: 1.700252e-05, Relative L2 Error: 3.129884e-02
L-BFGS Iteration: 7200, Loss: 1.661037e-05, Relative L2 Error: 2.952785e-02
L-BFGS Iteration: 7300, Loss: 1.630984e-05, Relative L2 Error: 3.131495e-02
L-BFGS training completed after 7333 iterations
Model state saved to ./checkpoints/heat3d_exact/2026-05-29_08-59-05-650331/model.pth
Training completed successfully!
Relative L2 error (eval data): 2.98e-02
Saved solution comparison heatmaps to: ./checkpoints/heat3d_exact/2026-05-29_08-59-05-650331/solution_comparison_heat3d.png
