Random seed set to: 3
Solving Burgers equation: u_t + u*u_x = nu*u_xx with nu=0.01
Domain: (x, t) = [-1, 1] x [0, 1]
Using exact solution for boundary and initial conditions
Using DV Solver
The settings used:
batch_size : 64
epochs : 20000
lr : 0.001
seed : 3
print_every : 100
log_path : ./checkpoints/burgers_exact
input_dim : 2
output_dim : 1
num_qubits : 5
hidden_dim : 20
num_quantum_layers : 1
classic_network : [2, 20, 1]
q_ansatz : cross_mesh
mode : hybrid
activation : tanh
shots : None
problem : burgers_exact
solver : DV
device : cpu
method : None
cutoff_dim : 20
class : CVNeuralNetwork1
encoding : angle
use_rar : True
rar_eval_freq : 2000
rar_threshold : 0.0005
rar_num_candidates : 10000
rar_num_add : 100
use_hybrid_optimizer : True
adam_iterations : 10000
use_scipy_lbfgs : True
lbfgs_lr : 1
lbfgs_line_search : strong_wolfe
lbfgs_tolerance_grad : 1e-05
lbfgs_tolerance_change : 1e-07
lbfgs_maxiter : 10000
lbfgs_factr : 1000.0
lbfgs_pgtol : 1e-14
lbfgs_maxls : 50
lbfgs_m : 100
lbfgs_eval_every : 100
nx : 200
nt : 200
domainN : 500
leftN : 50
rightN : 50
initialN : 50
eval_total_points : 10000
Total number of parameters: 1186
The circuit used in the study:
Iteration: 0, loss_r = 6.2e-05 ,  loss_bc = 1.5e-03,  loss_ic = 2.9e-02,  lr = 1.0e-03, time_taken = 1.7e+00, rel_l2_error = 1.1e+00
Model state saved to ./checkpoints/burgers_exact\2026-03-04_12-30-16-219587\model.pth
Iteration: 100, loss_r = 9.1e-04 ,  loss_bc = 6.4e-04,  loss_ic = 8.5e-03,  lr = 1.0e-03, time_taken = 6.4e-01, rel_l2_error = 4.5e-01
Model state saved to ./checkpoints/burgers_exact\2026-03-04_12-30-16-219587\model.pth
Iteration: 200, loss_r = 1.6e-03 ,  loss_bc = 3.4e-04,  loss_ic = 7.0e-03,  lr = 1.0e-03, time_taken = 6.3e-01, rel_l2_error = 4.1e-01
Model state saved to ./checkpoints/burgers_exact\2026-03-04_12-30-16-219587\model.pth
Iteration: 300, loss_r = 2.0e-03 ,  loss_bc = 3.4e-04,  loss_ic = 5.5e-03,  lr = 1.0e-03, time_taken = 9.5e-01, rel_l2_error = 3.9e-01
Model state saved to ./checkpoints/burgers_exact\2026-03-04_12-30-16-219587\model.pth
Iteration: 400, loss_r = 1.6e-03 ,  loss_bc = 5.4e-04,  loss_ic = 4.8e-03,  lr = 1.0e-03, time_taken = 9.0e-01, rel_l2_error = 3.5e-01
Model state saved to ./checkpoints/burgers_exact\2026-03-04_12-30-16-219587\model.pth
Iteration: 500, loss_r = 1.3e-03 ,  loss_bc = 4.8e-04,  loss_ic = 3.9e-03,  lr = 1.0e-03, time_taken = 8.3e-01, rel_l2_error = 3.6e-01
Model state saved to ./checkpoints/burgers_exact\2026-03-04_12-30-16-219587\model.pth
Iteration: 600, loss_r = 1.0e-03 ,  loss_bc = 2.5e-04,  loss_ic = 4.1e-03,  lr = 1.0e-03, time_taken = 6.0e-01, rel_l2_error = 3.4e-01
Model state saved to ./checkpoints/burgers_exact\2026-03-04_12-30-16-219587\model.pth
Iteration: 700, loss_r = 7.7e-04 ,  loss_bc = 1.1e-04,  loss_ic = 3.8e-03,  lr = 1.0e-03, time_taken = 5.1e-01, rel_l2_error = 3.3e-01
Model state saved to ./checkpoints/burgers_exact\2026-03-04_12-30-16-219587\model.pth
Iteration: 800, loss_r = 5.5e-04 ,  loss_bc = 5.8e-04,  loss_ic = 2.8e-03,  lr = 1.0e-03, time_taken = 6.4e-01, rel_l2_error = 3.2e-01
Model state saved to ./checkpoints/burgers_exact\2026-03-04_12-30-16-219587\model.pth
Iteration: 900, loss_r = 4.6e-04 ,  loss_bc = 7.1e-05,  loss_ic = 3.3e-03,  lr = 1.0e-03, time_taken = 6.0e-01, rel_l2_error = 2.9e-01
Model state saved to ./checkpoints/burgers_exact\2026-03-04_12-30-16-219587\model.pth
Iteration: 1000, loss_r = 2.3e-04 ,  loss_bc = 8.6e-05,  loss_ic = 2.3e-03,  lr = 1.0e-03, time_taken = 5.0e-01, rel_l2_error = 2.7e-01
Model state saved to ./checkpoints/burgers_exact\2026-03-04_12-30-16-219587\model.pth
Iteration: 1100, loss_r = 3.9e-04 ,  loss_bc = 2.8e-05,  loss_ic = 2.1e-03,  lr = 1.0e-03, time_taken = 4.5e-01, rel_l2_error = 2.4e-01
Model state saved to ./checkpoints/burgers_exact\2026-03-04_12-30-16-219587\model.pth
Iteration: 1200, loss_r = 4.7e-04 ,  loss_bc = 4.6e-05,  loss_ic = 1.3e-03,  lr = 1.0e-03, time_taken = 4.3e-01, rel_l2_error = 2.1e-01
Model state saved to ./checkpoints/burgers_exact\2026-03-04_12-30-16-219587\model.pth
Iteration: 1300, loss_r = 3.9e-04 ,  loss_bc = 4.4e-05,  loss_ic = 1.2e-03,  lr = 1.0e-03, time_taken = 4.5e-01, rel_l2_error = 1.7e-01
Model state saved to ./checkpoints/burgers_exact\2026-03-04_12-30-16-219587\model.pth
Iteration: 1400, loss_r = 4.3e-04 ,  loss_bc = 1.8e-05,  loss_ic = 1.3e-03,  lr = 1.0e-03, time_taken = 3.9e-01, rel_l2_error = 1.7e-01
Model state saved to ./checkpoints/burgers_exact\2026-03-04_12-30-16-219587\model.pth
Iteration: 1500, loss_r = 5.1e-04 ,  loss_bc = 2.3e-05,  loss_ic = 1.3e-03,  lr = 1.0e-03, time_taken = 4.6e-01, rel_l2_error = 1.4e-01
Model state saved to ./checkpoints/burgers_exact\2026-03-04_12-30-16-219587\model.pth
Iteration: 1600, loss_r = 5.3e-04 ,  loss_bc = 1.1e-04,  loss_ic = 5.5e-04,  lr = 1.0e-03, time_taken = 4.5e-01, rel_l2_error = 1.1e-01
Model state saved to ./checkpoints/burgers_exact\2026-03-04_12-30-16-219587\model.pth
Iteration: 1700, loss_r = 3.0e-04 ,  loss_bc = 1.4e-05,  loss_ic = 6.6e-04,  lr = 1.0e-03, time_taken = 4.7e-01, rel_l2_error = 1.2e-01
Model state saved to ./checkpoints/burgers_exact\2026-03-04_12-30-16-219587\model.pth
Iteration: 1800, loss_r = 3.2e-04 ,  loss_bc = 1.5e-05,  loss_ic = 5.7e-04,  lr = 1.0e-03, time_taken = 6.4e-01, rel_l2_error = 8.8e-02
Model state saved to ./checkpoints/burgers_exact\2026-03-04_12-30-16-219587\model.pth
Iteration: 1900, loss_r = 2.4e-04 ,  loss_bc = 2.2e-05,  loss_ic = 1.6e-04,  lr = 1.0e-03, time_taken = 4.3e-01, rel_l2_error = 9.5e-02
Model state saved to ./checkpoints/burgers_exact\2026-03-04_12-30-16-219587\model.pth
Iteration: 2000, loss_r = 2.7e-04 ,  loss_bc = 3.8e-06,  loss_ic = 2.3e-04,  lr = 1.0e-03, time_taken = 4.1e-01, rel_l2_error = 8.4e-02
Model state saved to ./checkpoints/burgers_exact\2026-03-04_12-30-16-219587\model.pth

=== RAR Evaluation at iteration 2000 ===
Mean residual: 2.631e-01
Adding 100 new point(s) with highest residuals:
  Point 1: [0.8433213 0.7086854], Residual: 2.114e+00
  Point 2: [0.16569102 0.5679141 ], Residual: 1.904e+00
  Point 3: [0.21149784 0.5966724 ], Residual: 1.769e+00
  Point 4: [ 0.8792241 -0.8993219], Residual: 1.762e+00
  Point 5: [0.4666837 0.5918001], Residual: 1.757e+00
  Point 6: [ 0.04836982 -0.6172943 ], Residual: 1.725e+00
  Point 7: [ 0.0528186 -0.5711596], Residual: 1.714e+00
  Point 8: [ 0.01975322 -0.56474507], Residual: 1.703e+00
  Point 9: [ 0.5062815 -0.7323661], Residual: 1.674e+00
  Point 10: [0.23343652 0.6533673 ], Residual: 1.620e+00
  Point 11: [ 0.3763851  -0.76848674], Residual: 1.609e+00
  Point 12: [0.06810832 0.5930451 ], Residual: 1.605e+00
  Point 13: [ 0.4663306  -0.67928827], Residual: 1.596e+00
  Point 14: [ 0.82955235 -0.869823  ], Residual: 1.576e+00
  Point 15: [0.50886464 0.6570425 ], Residual: 1.556e+00
  Point 16: [0.28431165 0.5269102 ], Residual: 1.551e+00
  Point 17: [ 0.6050057 -0.7055855], Residual: 1.549e+00
  Point 18: [ 0.01399082 -0.55555236], Residual: 1.546e+00
  Point 19: [ 0.9625116  -0.98840284], Residual: 1.540e+00
  Point 20: [ 0.15299696 -0.5322521 ], Residual: 1.539e+00
  Point 21: [ 0.15176195 -0.65591097], Residual: 1.539e+00
  Point 22: [ 0.5497057 -0.744822 ], Residual: 1.525e+00
  Point 23: [ 0.60302585 -0.7662648 ], Residual: 1.523e+00
  Point 24: [ 0.4522257 -0.8464174], Residual: 1.520e+00
  Point 25: [ 0.57081693 -0.7106792 ], Residual: 1.509e+00
  Point 26: [0.25184298 0.6029006 ], Residual: 1.504e+00
  Point 27: [ 0.3975196 -0.6247337], Residual: 1.495e+00
  Point 28: [0.6736753 0.6569929], Residual: 1.479e+00
  Point 29: [ 0.35496283 -0.7098292 ], Residual: 1.477e+00
  Point 30: [0.8157771 0.7135658], Residual: 1.471e+00
  Point 31: [ 0.18232936 -0.64407957], Residual: 1.471e+00
  Point 32: [0.9359385 0.6540234], Residual: 1.465e+00
  Point 33: [ 0.05020738 -0.52292085], Residual: 1.462e+00
  Point 34: [0.3645141 0.6020279], Residual: 1.450e+00
  Point 35: [0.6447349 0.6844586], Residual: 1.442e+00
  Point 36: [ 0.2251705 -0.5954027], Residual: 1.440e+00
  Point 37: [ 0.8648373  -0.82564807], Residual: 1.439e+00
  Point 38: [ 0.39637774 -0.6350759 ], Residual: 1.429e+00
  Point 39: [0.4234798  0.04828453], Residual: 1.427e+00
  Point 40: [ 0.00424469 -0.54822326], Residual: 1.420e+00
  Point 41: [ 0.57272255 -0.76837885], Residual: 1.420e+00
  Point 42: [ 0.84003115 -0.9644928 ], Residual: 1.415e+00
  Point 43: [ 0.08002317 -0.6421399 ], Residual: 1.411e+00
  Point 44: [ 0.37876326 -0.7643964 ], Residual: 1.410e+00
  Point 45: [ 0.779248   -0.88926446], Residual: 1.394e+00
  Point 46: [ 0.5217252 -0.6841346], Residual: 1.374e+00
  Point 47: [ 0.44411463 -0.750322  ], Residual: 1.368e+00
  Point 48: [0.29782355 0.7117008 ], Residual: 1.366e+00
  Point 49: [0.03819013 0.4996524 ], Residual: 1.362e+00
  Point 50: [ 0.5425099 -0.7213863], Residual: 1.357e+00
  Point 51: [ 0.9897792  -0.19916975], Residual: 1.352e+00
  Point 52: [ 0.5666552  -0.73938334], Residual: 1.351e+00
  Point 53: [ 0.998866   -0.90259206], Residual: 1.347e+00
  Point 54: [ 0.00885612 -0.5265899 ], Residual: 1.333e+00
  Point 55: [ 0.14773166 -0.73273885], Residual: 1.331e+00
  Point 56: [ 0.87616354 -0.11789429], Residual: 1.328e+00
  Point 57: [0.6623818 0.7316859], Residual: 1.324e+00
  Point 58: [0.10579944 0.4927808 ], Residual: 1.314e+00
  Point 59: [ 0.06595963 -0.5282788 ], Residual: 1.311e+00
  Point 60: [ 0.27635676 -0.58714855], Residual: 1.311e+00
  Point 61: [ 0.21153092 -0.69937956], Residual: 1.298e+00
  Point 62: [ 0.88109565 -0.7234411 ], Residual: 1.298e+00
  Point 63: [0.9106546  0.67621565], Residual: 1.298e+00
  Point 64: [ 0.737456  -0.6730592], Residual: 1.297e+00
  Point 65: [ 0.8445728 -0.8419018], Residual: 1.297e+00
  Point 66: [ 0.87702453 -0.93587446], Residual: 1.292e+00
  Point 67: [ 0.70893306 -0.74507284], Residual: 1.287e+00
  Point 68: [ 0.23675042 -0.74653876], Residual: 1.285e+00
  Point 69: [0.41632402 0.6324886 ], Residual: 1.285e+00
  Point 70: [ 0.529519 -0.706756], Residual: 1.284e+00
  Point 71: [ 0.637636  -0.8371589], Residual: 1.282e+00
  Point 72: [ 0.7194919 -0.7222408], Residual: 1.282e+00
  Point 73: [ 0.49667597 -0.8813993 ], Residual: 1.281e+00
  Point 74: [ 0.01956391 -0.7075347 ], Residual: 1.278e+00
  Point 75: [0.6461877  0.07366025], Residual: 1.275e+00
  Point 76: [ 0.52578324 -0.00919855], Residual: 1.268e+00
  Point 77: [ 0.15805966 -0.691792  ], Residual: 1.266e+00
  Point 78: [ 0.7865113 -0.9540962], Residual: 1.263e+00
  Point 79: [ 0.89889336 -0.9589473 ], Residual: 1.262e+00
  Point 80: [0.2770136 0.6451007], Residual: 1.261e+00
  Point 81: [ 0.47633523 -0.69942   ], Residual: 1.258e+00
  Point 82: [ 0.6132299 -0.8520669], Residual: 1.256e+00
  Point 83: [ 0.30703253 -0.7083218 ], Residual: 1.254e+00
  Point 84: [ 0.6789503  -0.72021747], Residual: 1.253e+00
  Point 85: [ 0.8068351 -0.9162915], Residual: 1.253e+00
  Point 86: [0.36702716 0.67006826], Residual: 1.251e+00
  Point 87: [ 0.7205832  -0.98917186], Residual: 1.249e+00
  Point 88: [ 0.6356444  -0.71904004], Residual: 1.248e+00
  Point 89: [0.1178233  0.63122535], Residual: 1.244e+00
  Point 90: [0.7401627  0.66613543], Residual: 1.244e+00
  Point 91: [ 0.6712985 -0.8233446], Residual: 1.236e+00
  Point 92: [ 0.8819587 -0.8960513], Residual: 1.234e+00
  Point 93: [ 0.5031132 -0.6165471], Residual: 1.234e+00
  Point 94: [ 0.7305586 -0.8175707], Residual: 1.230e+00
  Point 95: [ 0.5459667  -0.76426566], Residual: 1.229e+00
  Point 96: [0.38257968 0.60298693], Residual: 1.220e+00
  Point 97: [ 0.18228555 -0.5730326 ], Residual: 1.216e+00
  Point 98: [ 0.42050755 -0.65774477], Residual: 1.209e+00
  Point 99: [0.04890186 0.52233636], Residual: 1.209e+00
  Point 100: [0.63269323 0.5756525 ], Residual: 1.207e+00
Total adaptive points: 100

Iteration: 2100, loss_r = 1.7e-04 ,  loss_bc = 4.3e-06,  loss_ic = 2.0e-04,  lr = 1.0e-03, time_taken = 4.6e-01, rel_l2_error = 8.3e-02
Model state saved to ./checkpoints/burgers_exact\2026-03-04_12-30-16-219587\model.pth
Iteration: 2200, loss_r = 2.2e-04 ,  loss_bc = 2.1e-05,  loss_ic = 1.1e-04,  lr = 1.0e-03, time_taken = 4.5e-01, rel_l2_error = 8.6e-02
Model state saved to ./checkpoints/burgers_exact\2026-03-04_12-30-16-219587\model.pth
Iteration: 2300, loss_r = 1.1e-04 ,  loss_bc = 2.7e-06,  loss_ic = 2.0e-04,  lr = 1.0e-03, time_taken = 4.4e-01, rel_l2_error = 5.6e-02
Model state saved to ./checkpoints/burgers_exact\2026-03-04_12-30-16-219587\model.pth
Iteration: 2400, loss_r = 1.6e-04 ,  loss_bc = 1.5e-05,  loss_ic = 1.3e-04,  lr = 1.0e-03, time_taken = 4.6e-01, rel_l2_error = 6.1e-02
Model state saved to ./checkpoints/burgers_exact\2026-03-04_12-30-16-219587\model.pth
Iteration: 2500, loss_r = 1.2e-04 ,  loss_bc = 1.0e-05,  loss_ic = 7.1e-05,  lr = 1.0e-03, time_taken = 4.2e-01, rel_l2_error = 4.0e-02
Model state saved to ./checkpoints/burgers_exact\2026-03-04_12-30-16-219587\model.pth
Iteration: 2600, loss_r = 1.1e-04 ,  loss_bc = 1.4e-05,  loss_ic = 7.5e-05,  lr = 1.0e-03, time_taken = 4.1e-01, rel_l2_error = 4.0e-02
Model state saved to ./checkpoints/burgers_exact\2026-03-04_12-30-16-219587\model.pth
Iteration: 2700, loss_r = 8.4e-05 ,  loss_bc = 5.4e-06,  loss_ic = 8.6e-05,  lr = 1.0e-03, time_taken = 4.4e-01, rel_l2_error = 3.7e-02
Model state saved to ./checkpoints/burgers_exact\2026-03-04_12-30-16-219587\model.pth
Iteration: 2800, loss_r = 6.5e-05 ,  loss_bc = 1.5e-05,  loss_ic = 6.3e-05,  lr = 1.0e-03, time_taken = 4.7e-01, rel_l2_error = 3.5e-02
Model state saved to ./checkpoints/burgers_exact\2026-03-04_12-30-16-219587\model.pth
Iteration: 2900, loss_r = 1.1e-04 ,  loss_bc = 6.2e-06,  loss_ic = 4.3e-05,  lr = 1.0e-03, time_taken = 4.7e-01, rel_l2_error = 2.8e-02
Model state saved to ./checkpoints/burgers_exact\2026-03-04_12-30-16-219587\model.pth
Iteration: 3000, loss_r = 8.4e-05 ,  loss_bc = 6.9e-06,  loss_ic = 4.5e-05,  lr = 1.0e-03, time_taken = 4.0e-01, rel_l2_error = 4.1e-02
Model state saved to ./checkpoints/burgers_exact\2026-03-04_12-30-16-219587\model.pth
Iteration: 3100, loss_r = 5.2e-05 ,  loss_bc = 1.3e-05,  loss_ic = 6.9e-05,  lr = 1.0e-03, time_taken = 4.4e-01, rel_l2_error = 3.6e-02
Model state saved to ./checkpoints/burgers_exact\2026-03-04_12-30-16-219587\model.pth
Iteration: 3200, loss_r = 3.8e-05 ,  loss_bc = 5.6e-06,  loss_ic = 4.7e-05,  lr = 1.0e-03, time_taken = 4.6e-01, rel_l2_error = 3.4e-02
Model state saved to ./checkpoints/burgers_exact\2026-03-04_12-30-16-219587\model.pth
Iteration: 3300, loss_r = 5.8e-05 ,  loss_bc = 4.9e-06,  loss_ic = 2.6e-05,  lr = 1.0e-03, time_taken = 6.1e-01, rel_l2_error = 2.8e-02
Model state saved to ./checkpoints/burgers_exact\2026-03-04_12-30-16-219587\model.pth
Iteration: 3400, loss_r = 4.3e-05 ,  loss_bc = 7.3e-06,  loss_ic = 2.7e-05,  lr = 1.0e-03, time_taken = 3.8e-01, rel_l2_error = 2.8e-02
Model state saved to ./checkpoints/burgers_exact\2026-03-04_12-30-16-219587\model.pth
Iteration: 3500, loss_r = 4.4e-05 ,  loss_bc = 8.8e-06,  loss_ic = 3.8e-05,  lr = 1.0e-03, time_taken = 4.1e-01, rel_l2_error = 2.5e-02
Model state saved to ./checkpoints/burgers_exact\2026-03-04_12-30-16-219587\model.pth
Iteration: 3600, loss_r = 5.2e-05 ,  loss_bc = 8.3e-06,  loss_ic = 3.1e-05,  lr = 1.0e-03, time_taken = 4.4e-01, rel_l2_error = 2.6e-02
Model state saved to ./checkpoints/burgers_exact\2026-03-04_12-30-16-219587\model.pth
Iteration: 3700, loss_r = 4.6e-05 ,  loss_bc = 3.2e-06,  loss_ic = 2.4e-05,  lr = 1.0e-03, time_taken = 4.6e-01, rel_l2_error = 2.7e-02
Model state saved to ./checkpoints/burgers_exact\2026-03-04_12-30-16-219587\model.pth
Iteration: 3800, loss_r = 3.1e-05 ,  loss_bc = 1.1e-05,  loss_ic = 3.2e-05,  lr = 1.0e-03, time_taken = 4.2e-01, rel_l2_error = 2.9e-02
Model state saved to ./checkpoints/burgers_exact\2026-03-04_12-30-16-219587\model.pth
Iteration: 3900, loss_r = 4.9e-05 ,  loss_bc = 7.1e-06,  loss_ic = 3.6e-05,  lr = 1.0e-03, time_taken = 4.4e-01, rel_l2_error = 2.6e-02
Model state saved to ./checkpoints/burgers_exact\2026-03-04_12-30-16-219587\model.pth
Iteration: 4000, loss_r = 3.0e-05 ,  loss_bc = 3.5e-06,  loss_ic = 1.9e-05,  lr = 1.0e-03, time_taken = 4.5e-01, rel_l2_error = 2.3e-02
Model state saved to ./checkpoints/burgers_exact\2026-03-04_12-30-16-219587\model.pth

=== RAR Evaluation at iteration 4000 ===
Mean residual: 3.304e-01
Adding 100 new point(s) with highest residuals:
  Point 1: [ 0.19069558 -0.651278  ], Residual: 4.217e+00
  Point 2: [ 0.00855231 -0.6842867 ], Residual: 3.959e+00
  Point 3: [ 0.0201264 -0.5983223], Residual: 3.642e+00
  Point 4: [ 0.16456378 -0.60607684], Residual: 3.595e+00
  Point 5: [ 0.21012396 -0.58521235], Residual: 3.535e+00
  Point 6: [ 0.06559175 -0.5773468 ], Residual: 3.530e+00
  Point 7: [ 0.43024385 -0.7192571 ], Residual: 3.391e+00
  Point 8: [ 0.09149122 -0.4994638 ], Residual: 3.378e+00
  Point 9: [ 0.2403093 -0.7281312], Residual: 3.158e+00
  Point 10: [ 0.5676521  -0.86953306], Residual: 3.107e+00
  Point 11: [ 0.01258391 -0.6639502 ], Residual: 3.009e+00
  Point 12: [ 0.7505989  -0.90371835], Residual: 2.966e+00
  Point 13: [ 0.23216337 -0.80406713], Residual: 2.947e+00
  Point 14: [ 0.48136896 -0.68003464], Residual: 2.883e+00
  Point 15: [ 0.12736136 -0.5275289 ], Residual: 2.852e+00
  Point 16: [ 0.09795153 -0.6443418 ], Residual: 2.843e+00
  Point 17: [ 0.46709782 -0.770339  ], Residual: 2.822e+00
  Point 18: [ 0.1476869  -0.60796034], Residual: 2.801e+00
  Point 19: [ 0.7193618 -0.8077527], Residual: 2.741e+00
  Point 20: [ 0.48092055 -0.8643452 ], Residual: 2.681e+00
  Point 21: [ 0.7333658  -0.88717353], Residual: 2.672e+00
  Point 22: [ 0.212417  -0.7951082], Residual: 2.657e+00
  Point 23: [ 0.2792791 -0.6675322], Residual: 2.656e+00
  Point 24: [ 0.7048563  -0.78786755], Residual: 2.627e+00
  Point 25: [ 0.6040171 -0.6385832], Residual: 2.612e+00
  Point 26: [ 0.9590072  -0.72252285], Residual: 2.543e+00
  Point 27: [ 0.8471993  -0.90081406], Residual: 2.542e+00
  Point 28: [ 0.44780558 -0.7654972 ], Residual: 2.537e+00
  Point 29: [ 0.8347486  -0.93314743], Residual: 2.501e+00
  Point 30: [ 0.47615433 -0.68312013], Residual: 2.459e+00
  Point 31: [ 0.52830017 -0.7407223 ], Residual: 2.451e+00
  Point 32: [ 0.0663144 -0.7585225], Residual: 2.415e+00
  Point 33: [ 0.11624956 -0.4927472 ], Residual: 2.404e+00
  Point 34: [ 0.21478832 -0.71302116], Residual: 2.378e+00
  Point 35: [ 0.4508648  -0.81886375], Residual: 2.377e+00
  Point 36: [ 0.4527222  -0.92301774], Residual: 2.350e+00
  Point 37: [ 0.72660905 -0.7716296 ], Residual: 2.347e+00
  Point 38: [ 0.65230566 -0.9753082 ], Residual: 2.321e+00
  Point 39: [ 0.31439978 -0.7341417 ], Residual: 2.303e+00
  Point 40: [ 0.5426675  -0.84446025], Residual: 2.285e+00
  Point 41: [ 0.23402375 -0.7414051 ], Residual: 2.277e+00
  Point 42: [ 0.66387105 -0.71446013], Residual: 2.257e+00
  Point 43: [ 0.05230516 -0.51655126], Residual: 2.257e+00
  Point 44: [ 0.49351662 -0.7501104 ], Residual: 2.251e+00
  Point 45: [ 0.24750471 -0.5635357 ], Residual: 2.229e+00
  Point 46: [ 0.13243842 -0.42966008], Residual: 2.225e+00
  Point 47: [ 0.01833379 -0.67064023], Residual: 2.206e+00
  Point 48: [ 0.98741335 -0.8470626 ], Residual: 2.197e+00
  Point 49: [ 0.79544806 -0.93961453], Residual: 2.166e+00
  Point 50: [ 0.35112643 -0.8253957 ], Residual: 2.164e+00
  Point 51: [ 0.11213183 -0.7139803 ], Residual: 2.150e+00
  Point 52: [ 0.26684982 -0.69610405], Residual: 2.149e+00
  Point 53: [ 0.6212833 -0.7361628], Residual: 2.146e+00
  Point 54: [ 0.06236333 -0.5961181 ], Residual: 2.117e+00
  Point 55: [ 0.9752111 -0.8103746], Residual: 2.086e+00
  Point 56: [ 0.00226003 -0.6808976 ], Residual: 2.079e+00
  Point 57: [0.2579496 0.0366081], Residual: 2.077e+00
  Point 58: [ 0.29498005 -0.6810188 ], Residual: 2.064e+00
  Point 59: [ 0.37601554 -0.61502135], Residual: 2.061e+00
  Point 60: [ 0.06575012 -0.6019268 ], Residual: 2.058e+00
  Point 61: [ 0.39798135 -0.5717428 ], Residual: 2.053e+00
  Point 62: [ 0.7118491  -0.74895346], Residual: 2.046e+00
  Point 63: [ 0.9916175 -0.9986602], Residual: 2.037e+00
  Point 64: [ 0.09403723 -0.68197846], Residual: 2.037e+00
  Point 65: [0.03208482 0.02796543], Residual: 2.028e+00
  Point 66: [ 0.96130055 -0.7240654 ], Residual: 2.024e+00
  Point 67: [ 0.35162723 -0.71392894], Residual: 2.016e+00
  Point 68: [ 0.14704812 -0.5140246 ], Residual: 2.015e+00
  Point 69: [ 0.22843266 -0.6929343 ], Residual: 1.995e+00
  Point 70: [ 0.5663762 -0.9625312], Residual: 1.986e+00
  Point 71: [ 0.10655397 -0.5436646 ], Residual: 1.979e+00
  Point 72: [ 0.50074774 -0.62742174], Residual: 1.974e+00
  Point 73: [ 0.24033153 -0.6142545 ], Residual: 1.970e+00
  Point 74: [ 0.8627302  -0.98563194], Residual: 1.962e+00
  Point 75: [ 0.98074275 -0.11880434], Residual: 1.957e+00
  Point 76: [ 0.94595176 -0.95991313], Residual: 1.952e+00
  Point 77: [ 0.17123544 -0.8683212 ], Residual: 1.951e+00
  Point 78: [ 0.5601567 -0.7556914], Residual: 1.950e+00
  Point 79: [ 0.26377398 -0.72624075], Residual: 1.942e+00
  Point 80: [ 0.04117376 -0.647496  ], Residual: 1.939e+00
  Point 81: [ 0.66611964 -0.70499873], Residual: 1.933e+00
  Point 82: [ 0.38641948 -0.8863101 ], Residual: 1.925e+00
  Point 83: [0.1421125  0.13914323], Residual: 1.924e+00
  Point 84: [ 0.9411281  -0.98716974], Residual: 1.919e+00
  Point 85: [ 0.17142272 -0.57701826], Residual: 1.908e+00
  Point 86: [ 0.17000681 -0.53827024], Residual: 1.900e+00
  Point 87: [0.01024532 0.5153998 ], Residual: 1.889e+00
  Point 88: [ 0.81913656 -0.7718209 ], Residual: 1.889e+00
  Point 89: [ 0.6612032 -0.7659422], Residual: 1.887e+00
  Point 90: [ 0.00487363 -0.78267944], Residual: 1.884e+00
  Point 91: [ 0.41419464 -0.5672766 ], Residual: 1.881e+00
  Point 92: [ 0.1088416 -0.6703497], Residual: 1.881e+00
  Point 93: [ 0.42278588 -0.78662765], Residual: 1.878e+00
  Point 94: [ 0.44953966 -0.70940495], Residual: 1.876e+00
  Point 95: [ 0.87021494 -0.71030974], Residual: 1.869e+00
  Point 96: [ 0.06860662 -0.86235666], Residual: 1.869e+00
  Point 97: [ 0.5117536 -0.8609735], Residual: 1.866e+00
  Point 98: [ 0.9443918 -0.9549396], Residual: 1.853e+00
  Point 99: [ 0.0884679  -0.62263536], Residual: 1.842e+00
  Point 100: [ 0.4096219 -0.746874 ], Residual: 1.841e+00
Total adaptive points: 200

Iteration: 4100, loss_r = 2.1e-05 ,  loss_bc = 4.8e-06,  loss_ic = 2.2e-05,  lr = 1.0e-03, time_taken = 4.6e-01, rel_l2_error = 2.0e-02
Model state saved to ./checkpoints/burgers_exact\2026-03-04_12-30-16-219587\model.pth
Iteration: 4200, loss_r = 2.5e-05 ,  loss_bc = 1.2e-06,  loss_ic = 1.9e-05,  lr = 1.0e-03, time_taken = 5.8e-01, rel_l2_error = 3.2e-02
Model state saved to ./checkpoints/burgers_exact\2026-03-04_12-30-16-219587\model.pth
Iteration: 4300, loss_r = 2.0e-05 ,  loss_bc = 2.3e-06,  loss_ic = 2.5e-05,  lr = 1.0e-03, time_taken = 5.6e-01, rel_l2_error = 2.3e-02
Model state saved to ./checkpoints/burgers_exact\2026-03-04_12-30-16-219587\model.pth
Iteration: 4400, loss_r = 3.4e-05 ,  loss_bc = 6.3e-06,  loss_ic = 1.6e-05,  lr = 1.0e-03, time_taken = 6.0e-01, rel_l2_error = 2.3e-02
Model state saved to ./checkpoints/burgers_exact\2026-03-04_12-30-16-219587\model.pth
Iteration: 4500, loss_r = 1.7e-05 ,  loss_bc = 9.8e-06,  loss_ic = 1.2e-05,  lr = 1.0e-03, time_taken = 4.7e-01, rel_l2_error = 2.7e-02
Model state saved to ./checkpoints/burgers_exact\2026-03-04_12-30-16-219587\model.pth
Iteration: 4600, loss_r = 2.2e-05 ,  loss_bc = 7.2e-06,  loss_ic = 1.2e-05,  lr = 1.0e-03, time_taken = 4.9e-01, rel_l2_error = 1.7e-02
Model state saved to ./checkpoints/burgers_exact\2026-03-04_12-30-16-219587\model.pth
Iteration: 4700, loss_r = 1.1e-05 ,  loss_bc = 1.4e-06,  loss_ic = 1.8e-05,  lr = 1.0e-03, time_taken = 3.6e-01, rel_l2_error = 1.8e-02
Model state saved to ./checkpoints/burgers_exact\2026-03-04_12-30-16-219587\model.pth
Iteration: 4800, loss_r = 2.6e-05 ,  loss_bc = 3.1e-06,  loss_ic = 1.2e-05,  lr = 1.0e-03, time_taken = 4.6e-01, rel_l2_error = 1.7e-02
Model state saved to ./checkpoints/burgers_exact\2026-03-04_12-30-16-219587\model.pth
Iteration: 4900, loss_r = 1.3e-05 ,  loss_bc = 3.1e-06,  loss_ic = 5.7e-06,  lr = 1.0e-03, time_taken = 4.4e-01, rel_l2_error = 1.9e-02
Model state saved to ./checkpoints/burgers_exact\2026-03-04_12-30-16-219587\model.pth
Iteration: 5000, loss_r = 1.4e-05 ,  loss_bc = 1.9e-06,  loss_ic = 1.4e-05,  lr = 1.0e-03, time_taken = 4.8e-01, rel_l2_error = 1.5e-02
Model state saved to ./checkpoints/burgers_exact\2026-03-04_12-30-16-219587\model.pth
Iteration: 5100, loss_r = 1.9e-05 ,  loss_bc = 2.2e-06,  loss_ic = 7.7e-06,  lr = 1.0e-03, time_taken = 3.7e-01, rel_l2_error = 2.2e-02
Model state saved to ./checkpoints/burgers_exact\2026-03-04_12-30-16-219587\model.pth
Iteration: 5200, loss_r = 1.0e-05 ,  loss_bc = 4.7e-06,  loss_ic = 9.4e-06,  lr = 1.0e-03, time_taken = 4.2e-01, rel_l2_error = 1.6e-02
Model state saved to ./checkpoints/burgers_exact\2026-03-04_12-30-16-219587\model.pth
Iteration: 5300, loss_r = 1.5e-05 ,  loss_bc = 6.8e-07,  loss_ic = 7.2e-06,  lr = 1.0e-03, time_taken = 5.3e-01, rel_l2_error = 1.6e-02
Model state saved to ./checkpoints/burgers_exact\2026-03-04_12-30-16-219587\model.pth
Iteration: 5400, loss_r = 8.6e-06 ,  loss_bc = 9.8e-07,  loss_ic = 1.2e-05,  lr = 1.0e-03, time_taken = 4.4e-01, rel_l2_error = 1.6e-02
Model state saved to ./checkpoints/burgers_exact\2026-03-04_12-30-16-219587\model.pth
Iteration: 5500, loss_r = 1.3e-05 ,  loss_bc = 8.7e-07,  loss_ic = 1.2e-05,  lr = 1.0e-03, time_taken = 4.3e-01, rel_l2_error = 1.9e-02
Model state saved to ./checkpoints/burgers_exact\2026-03-04_12-30-16-219587\model.pth
Iteration: 5600, loss_r = 7.7e-06 ,  loss_bc = 5.2e-06,  loss_ic = 9.2e-06,  lr = 1.0e-03, time_taken = 3.8e-01, rel_l2_error = 1.3e-02
Model state saved to ./checkpoints/burgers_exact\2026-03-04_12-30-16-219587\model.pth
Iteration: 5700, loss_r = 1.2e-05 ,  loss_bc = 3.5e-06,  loss_ic = 5.1e-06,  lr = 1.0e-03, time_taken = 4.4e-01, rel_l2_error = 1.3e-02
Model state saved to ./checkpoints/burgers_exact\2026-03-04_12-30-16-219587\model.pth
Iteration: 5800, loss_r = 1.6e-05 ,  loss_bc = 3.8e-06,  loss_ic = 5.3e-06,  lr = 1.0e-03, time_taken = 4.5e-01, rel_l2_error = 1.6e-02
Model state saved to ./checkpoints/burgers_exact\2026-03-04_12-30-16-219587\model.pth
Iteration: 5900, loss_r = 6.4e-06 ,  loss_bc = 3.4e-07,  loss_ic = 4.1e-06,  lr = 1.0e-03, time_taken = 4.1e-01, rel_l2_error = 1.1e-02
Model state saved to ./checkpoints/burgers_exact\2026-03-04_12-30-16-219587\model.pth
Iteration: 6000, loss_r = 1.1e-05 ,  loss_bc = 1.4e-06,  loss_ic = 3.7e-06,  lr = 1.0e-03, time_taken = 4.6e-01, rel_l2_error = 1.7e-02
Model state saved to ./checkpoints/burgers_exact\2026-03-04_12-30-16-219587\model.pth

=== RAR Evaluation at iteration 6000 ===
Mean residual: 3.695e-01
Adding 100 new point(s) with highest residuals:
  Point 1: [ 0.06564629 -0.6223341 ], Residual: 5.219e+00
  Point 2: [ 0.26633793 -0.68647206], Residual: 4.972e+00
  Point 3: [ 0.3051496  -0.62291193], Residual: 4.684e+00
  Point 4: [ 0.32685554 -0.6226165 ], Residual: 4.442e+00
  Point 5: [ 0.18065286 -0.69282126], Residual: 4.396e+00
  Point 6: [ 0.57815886 -0.6327305 ], Residual: 4.253e+00
  Point 7: [ 0.04371452 -0.60829175], Residual: 4.087e+00
  Point 8: [ 0.04417688 -0.60614145], Residual: 4.075e+00
  Point 9: [ 0.04310793 -0.6830292 ], Residual: 4.041e+00
  Point 10: [ 0.20218384 -0.770473  ], Residual: 4.011e+00
  Point 11: [ 0.12667412 -0.6427604 ], Residual: 4.005e+00
  Point 12: [ 0.610006  -0.6090051], Residual: 3.944e+00
  Point 13: [ 0.27011204 -0.7167963 ], Residual: 3.926e+00
  Point 14: [ 0.46484977 -0.649109  ], Residual: 3.922e+00
  Point 15: [ 0.01695877 -0.69885385], Residual: 3.888e+00
  Point 16: [ 0.39079958 -0.81215537], Residual: 3.621e+00
  Point 17: [ 0.14193851 -0.70841336], Residual: 3.577e+00
  Point 18: [ 0.49694955 -0.7621715 ], Residual: 3.550e+00
  Point 19: [ 0.21757525 -0.51936877], Residual: 3.501e+00
  Point 20: [ 0.24776626 -0.7835146 ], Residual: 3.482e+00
  Point 21: [ 0.25116038 -0.78241396], Residual: 3.465e+00
  Point 22: [ 0.36241764 -0.69907117], Residual: 3.459e+00
  Point 23: [ 0.42465103 -0.8567971 ], Residual: 3.401e+00
  Point 24: [ 0.30161762 -0.69011796], Residual: 3.395e+00
  Point 25: [ 0.2777058  -0.86301243], Residual: 3.392e+00
  Point 26: [ 0.7180306  -0.85525954], Residual: 3.372e+00
  Point 27: [ 0.9792297 -0.9930897], Residual: 3.284e+00
  Point 28: [ 0.64047796 -0.6873132 ], Residual: 3.256e+00
  Point 29: [ 0.09908181 -0.7164128 ], Residual: 3.220e+00
  Point 30: [ 0.8055477 -0.8892151], Residual: 3.107e+00
  Point 31: [ 0.7196651  -0.97700524], Residual: 3.105e+00
  Point 32: [ 0.73488045 -0.8315928 ], Residual: 3.090e+00
  Point 33: [ 0.19787401 -0.54487514], Residual: 3.089e+00
  Point 34: [ 0.82186157 -0.83044946], Residual: 3.072e+00
  Point 35: [0.06634313 0.61099565], Residual: 3.043e+00
  Point 36: [ 0.68783176 -0.88780296], Residual: 3.031e+00
  Point 37: [ 0.39388198 -0.841205  ], Residual: 3.029e+00
  Point 38: [ 0.94412327 -0.87528896], Residual: 3.019e+00
  Point 39: [ 0.9361121  -0.75559914], Residual: 3.011e+00
  Point 40: [ 0.30258   -0.6050774], Residual: 3.000e+00
  Point 41: [ 0.05601281 -0.52106905], Residual: 2.999e+00
  Point 42: [ 0.5902523 -0.7907847], Residual: 2.987e+00
  Point 43: [ 0.08892435 -0.61614156], Residual: 2.979e+00
  Point 44: [ 0.20899826 -0.7358699 ], Residual: 2.968e+00
  Point 45: [ 0.3144846  -0.86001337], Residual: 2.960e+00
  Point 46: [ 0.28555226 -0.6684047 ], Residual: 2.946e+00
  Point 47: [ 0.4137596 -0.6997138], Residual: 2.891e+00
  Point 48: [ 0.25044453 -0.76755583], Residual: 2.874e+00
  Point 49: [ 0.48303396 -0.7372863 ], Residual: 2.871e+00
  Point 50: [ 0.32632607 -0.85371876], Residual: 2.852e+00
  Point 51: [ 0.4911449 -0.6937171], Residual: 2.850e+00
  Point 52: [ 0.3296579 -0.7587743], Residual: 2.834e+00
  Point 53: [ 0.16905499 -0.8135741 ], Residual: 2.824e+00
  Point 54: [ 0.12137043 -0.669886  ], Residual: 2.810e+00
  Point 55: [ 4.6145916e-04 -5.1115704e-01], Residual: 2.793e+00
  Point 56: [ 0.74330795 -0.9685458 ], Residual: 2.785e+00
  Point 57: [ 0.43293434 -0.74132776], Residual: 2.778e+00
  Point 58: [ 0.73469335 -0.9095199 ], Residual: 2.770e+00
  Point 59: [ 0.02255243 -0.5103035 ], Residual: 2.758e+00
  Point 60: [ 0.4182765 -0.7000351], Residual: 2.736e+00
  Point 61: [ 0.01114303 -0.5124893 ], Residual: 2.722e+00
  Point 62: [ 0.83372855 -0.9523674 ], Residual: 2.719e+00
  Point 63: [ 0.46907985 -0.90746474], Residual: 2.713e+00
  Point 64: [ 0.61270976 -0.6318259 ], Residual: 2.706e+00
  Point 65: [ 0.9378424  -0.80351317], Residual: 2.705e+00
  Point 66: [ 0.2938155  -0.54643905], Residual: 2.688e+00
  Point 67: [0.15383214 0.64188826], Residual: 2.681e+00
  Point 68: [ 0.10256845 -0.7765237 ], Residual: 2.669e+00
  Point 69: [ 0.662334   -0.86450446], Residual: 2.669e+00
  Point 70: [ 0.43521202 -0.78777134], Residual: 2.644e+00
  Point 71: [ 0.8142702  -0.72366357], Residual: 2.639e+00
  Point 72: [ 0.7436134  -0.94719255], Residual: 2.634e+00
  Point 73: [ 0.4711839  -0.88704026], Residual: 2.630e+00
  Point 74: [ 0.55405927 -0.9025345 ], Residual: 2.622e+00
  Point 75: [ 0.5922475  -0.84052455], Residual: 2.595e+00
  Point 76: [0.4035203  0.66621923], Residual: 2.577e+00
  Point 77: [ 0.13345033 -0.85204494], Residual: 2.577e+00
  Point 78: [ 0.7430327  -0.89334977], Residual: 2.570e+00
  Point 79: [ 0.8135091  -0.70114756], Residual: 2.564e+00
  Point 80: [ 0.41332835 -0.6267551 ], Residual: 2.554e+00
  Point 81: [ 0.26960647 -0.6061692 ], Residual: 2.552e+00
  Point 82: [ 0.35990673 -0.6941756 ], Residual: 2.545e+00
  Point 83: [ 0.41333503 -0.77689373], Residual: 2.541e+00
  Point 84: [ 0.6881699 -0.7381849], Residual: 2.540e+00
  Point 85: [0.18155676 0.07441545], Residual: 2.538e+00
  Point 86: [ 0.67969567 -0.90823674], Residual: 2.531e+00
  Point 87: [ 0.5165231 -0.6873611], Residual: 2.516e+00
  Point 88: [ 0.032538  -0.6369202], Residual: 2.515e+00
  Point 89: [ 0.8632996 -0.9372761], Residual: 2.506e+00
  Point 90: [ 0.4043622 -0.8315412], Residual: 2.500e+00
  Point 91: [0.7438038  0.05264378], Residual: 2.499e+00
  Point 92: [0.28711343 0.00648487], Residual: 2.498e+00
  Point 93: [ 0.01431584 -0.63340986], Residual: 2.489e+00
  Point 94: [ 0.7017919  -0.67082286], Residual: 2.485e+00
  Point 95: [ 0.21421272 -0.62813973], Residual: 2.484e+00
  Point 96: [ 0.80806285 -0.8399018 ], Residual: 2.483e+00
  Point 97: [0.19765043 0.03129852], Residual: 2.469e+00
  Point 98: [0.5682196 0.6897037], Residual: 2.465e+00
  Point 99: [ 0.8132223 -0.6179745], Residual: 2.452e+00
  Point 100: [ 0.11207962 -0.6749697 ], Residual: 2.452e+00
Total adaptive points: 300

Iteration: 6100, loss_r = 7.6e-06 ,  loss_bc = 2.8e-06,  loss_ic = 8.0e-06,  lr = 1.0e-03, time_taken = 4.7e-01, rel_l2_error = 1.7e-02
Model state saved to ./checkpoints/burgers_exact\2026-03-04_12-30-16-219587\model.pth
Iteration: 6200, loss_r = 6.9e-06 ,  loss_bc = 2.9e-06,  loss_ic = 3.2e-06,  lr = 1.0e-03, time_taken = 4.3e-01, rel_l2_error = 8.6e-03
Model state saved to ./checkpoints/burgers_exact\2026-03-04_12-30-16-219587\model.pth
Iteration: 6300, loss_r = 9.6e-06 ,  loss_bc = 5.4e-07,  loss_ic = 4.1e-06,  lr = 1.0e-03, time_taken = 4.5e-01, rel_l2_error = 1.0e-02
Model state saved to ./checkpoints/burgers_exact\2026-03-04_12-30-16-219587\model.pth
Iteration: 6400, loss_r = 1.3e-05 ,  loss_bc = 2.1e-06,  loss_ic = 3.2e-06,  lr = 1.0e-03, time_taken = 3.9e-01, rel_l2_error = 1.3e-02
Model state saved to ./checkpoints/burgers_exact\2026-03-04_12-30-16-219587\model.pth
Iteration: 6500, loss_r = 1.0e-05 ,  loss_bc = 2.9e-06,  loss_ic = 5.1e-06,  lr = 1.0e-03, time_taken = 4.5e-01, rel_l2_error = 1.8e-02
Model state saved to ./checkpoints/burgers_exact\2026-03-04_12-30-16-219587\model.pth
Iteration: 6600, loss_r = 8.1e-06 ,  loss_bc = 2.0e-06,  loss_ic = 3.4e-06,  lr = 1.0e-03, time_taken = 4.3e-01, rel_l2_error = 1.2e-02
Model state saved to ./checkpoints/burgers_exact\2026-03-04_12-30-16-219587\model.pth
Iteration: 6700, loss_r = 5.7e-06 ,  loss_bc = 2.8e-06,  loss_ic = 4.7e-06,  lr = 1.0e-03, time_taken = 5.5e-01, rel_l2_error = 9.9e-03
Model state saved to ./checkpoints/burgers_exact\2026-03-04_12-30-16-219587\model.pth
Iteration: 6800, loss_r = 7.3e-06 ,  loss_bc = 7.7e-07,  loss_ic = 3.2e-06,  lr = 1.0e-03, time_taken = 3.8e-01, rel_l2_error = 1.1e-02
Model state saved to ./checkpoints/burgers_exact\2026-03-04_12-30-16-219587\model.pth
Iteration: 6900, loss_r = 8.7e-06 ,  loss_bc = 1.1e-06,  loss_ic = 4.8e-06,  lr = 1.0e-03, time_taken = 4.5e-01, rel_l2_error = 1.3e-02
Model state saved to ./checkpoints/burgers_exact\2026-03-04_12-30-16-219587\model.pth
Iteration: 7000, loss_r = 1.2e-05 ,  loss_bc = 7.1e-06,  loss_ic = 6.0e-06,  lr = 1.0e-03, time_taken = 4.4e-01, rel_l2_error = 1.4e-02
Model state saved to ./checkpoints/burgers_exact\2026-03-04_12-30-16-219587\model.pth
Iteration: 7100, loss_r = 5.1e-06 ,  loss_bc = 5.2e-06,  loss_ic = 2.9e-06,  lr = 1.0e-03, time_taken = 4.2e-01, rel_l2_error = 9.4e-03
Model state saved to ./checkpoints/burgers_exact\2026-03-04_12-30-16-219587\model.pth
Iteration: 7200, loss_r = 5.7e-06 ,  loss_bc = 1.1e-05,  loss_ic = 4.9e-06,  lr = 1.0e-03, time_taken = 3.7e-01, rel_l2_error = 2.4e-02
Model state saved to ./checkpoints/burgers_exact\2026-03-04_12-30-16-219587\model.pth
Iteration: 7300, loss_r = 9.4e-06 ,  loss_bc = 4.6e-06,  loss_ic = 4.9e-06,  lr = 1.0e-03, time_taken = 4.6e-01, rel_l2_error = 1.4e-02
Model state saved to ./checkpoints/burgers_exact\2026-03-04_12-30-16-219587\model.pth
Iteration: 7400, loss_r = 6.0e-06 ,  loss_bc = 2.9e-06,  loss_ic = 4.3e-06,  lr = 1.0e-03, time_taken = 4.5e-01, rel_l2_error = 1.1e-02
Model state saved to ./checkpoints/burgers_exact\2026-03-04_12-30-16-219587\model.pth
Iteration: 7500, loss_r = 5.9e-06 ,  loss_bc = 1.0e-06,  loss_ic = 4.5e-06,  lr = 1.0e-03, time_taken = 4.2e-01, rel_l2_error = 1.3e-02
Model state saved to ./checkpoints/burgers_exact\2026-03-04_12-30-16-219587\model.pth
Iteration: 7600, loss_r = 6.4e-06 ,  loss_bc = 8.8e-07,  loss_ic = 2.3e-06,  lr = 1.0e-03, time_taken = 4.4e-01, rel_l2_error = 1.0e-02
Model state saved to ./checkpoints/burgers_exact\2026-03-04_12-30-16-219587\model.pth
Iteration: 7700, loss_r = 4.5e-06 ,  loss_bc = 2.0e-07,  loss_ic = 1.5e-06,  lr = 1.0e-03, time_taken = 4.8e-01, rel_l2_error = 1.5e-02
Model state saved to ./checkpoints/burgers_exact\2026-03-04_12-30-16-219587\model.pth
Iteration: 7800, loss_r = 5.9e-06 ,  loss_bc = 8.7e-06,  loss_ic = 7.0e-06,  lr = 1.0e-03, time_taken = 4.4e-01, rel_l2_error = 1.1e-02
Model state saved to ./checkpoints/burgers_exact\2026-03-04_12-30-16-219587\model.pth
Iteration: 7900, loss_r = 6.3e-06 ,  loss_bc = 8.6e-07,  loss_ic = 3.4e-06,  lr = 1.0e-03, time_taken = 4.4e-01, rel_l2_error = 2.4e-02
Model state saved to ./checkpoints/burgers_exact\2026-03-04_12-30-16-219587\model.pth
Iteration: 8000, loss_r = 6.8e-06 ,  loss_bc = 1.4e-07,  loss_ic = 2.5e-06,  lr = 1.0e-03, time_taken = 4.0e-01, rel_l2_error = 1.3e-02
Model state saved to ./checkpoints/burgers_exact\2026-03-04_12-30-16-219587\model.pth

=== RAR Evaluation at iteration 8000 ===
Mean residual: 4.035e-01
Adding 100 new point(s) with highest residuals:
  Point 1: [ 0.22873503 -0.7082169 ], Residual: 5.218e+00
  Point 2: [ 0.0201968  -0.50228035], Residual: 5.045e+00
  Point 3: [ 0.35315597 -0.6764376 ], Residual: 5.026e+00
  Point 4: [ 0.02804613 -0.63516927], Residual: 4.937e+00
  Point 5: [ 0.09425873 -0.56354225], Residual: 4.858e+00
  Point 6: [ 0.03592986 -0.598215  ], Residual: 4.757e+00
  Point 7: [ 0.40340966 -0.6978365 ], Residual: 4.657e+00
  Point 8: [ 0.72679836 -0.87042975], Residual: 4.632e+00
  Point 9: [ 0.446217  -0.6677315], Residual: 4.510e+00
  Point 10: [ 0.28002298 -0.7129091 ], Residual: 4.442e+00
  Point 11: [ 0.15679461 -0.5471026 ], Residual: 4.215e+00
  Point 12: [ 0.7698293 -0.8669076], Residual: 4.176e+00
  Point 13: [ 0.17645901 -0.5629412 ], Residual: 4.165e+00
  Point 14: [ 0.46391684 -0.7154516 ], Residual: 4.161e+00
  Point 15: [ 0.48634917 -0.77512455], Residual: 4.098e+00
  Point 16: [ 0.568473   -0.73783374], Residual: 4.092e+00
  Point 17: [ 0.29367948 -0.63183963], Residual: 4.071e+00
  Point 18: [ 0.15767503 -0.6137208 ], Residual: 4.066e+00
  Point 19: [ 0.7429684  -0.77575123], Residual: 4.062e+00
  Point 20: [ 0.44349736 -0.6524116 ], Residual: 3.916e+00
  Point 21: [ 0.59070987 -0.7962091 ], Residual: 3.911e+00
  Point 22: [ 0.0403682 -0.6767504], Residual: 3.908e+00
  Point 23: [ 0.08337921 -0.61347795], Residual: 3.891e+00
  Point 24: [ 0.08345509 -0.5731343 ], Residual: 3.882e+00
  Point 25: [ 0.59080315 -0.8688147 ], Residual: 3.860e+00
  Point 26: [ 0.5011726 -0.6849152], Residual: 3.800e+00
  Point 27: [ 0.01929617 -0.6238115 ], Residual: 3.753e+00
  Point 28: [ 0.93342024 -0.92073727], Residual: 3.743e+00
  Point 29: [ 0.09846228 -0.69614387], Residual: 3.718e+00
  Point 30: [ 0.48352587 -0.7375498 ], Residual: 3.714e+00
  Point 31: [ 0.70338863 -0.7362778 ], Residual: 3.710e+00
  Point 32: [ 0.11882311 -0.5728818 ], Residual: 3.688e+00
  Point 33: [ 0.3402993 -0.7799301], Residual: 3.660e+00
  Point 34: [ 0.5747409 -0.9235207], Residual: 3.658e+00
  Point 35: [ 0.63147306 -0.630129  ], Residual: 3.636e+00
  Point 36: [ 0.21332282 -0.7165643 ], Residual: 3.627e+00
  Point 37: [ 0.86675954 -0.94155216], Residual: 3.619e+00
  Point 38: [ 0.528611  -0.5772704], Residual: 3.606e+00
  Point 39: [ 0.32199562 -0.61783624], Residual: 3.572e+00
  Point 40: [ 0.6155793 -0.8307662], Residual: 3.556e+00
  Point 41: [ 0.2431637  -0.55750704], Residual: 3.512e+00
  Point 42: [ 0.2934054 -0.7285503], Residual: 3.470e+00
  Point 43: [ 0.6833776 -0.7219304], Residual: 3.443e+00
  Point 44: [ 0.5093679  -0.14811993], Residual: 3.417e+00
  Point 45: [ 0.58897096 -0.8432245 ], Residual: 3.384e+00
  Point 46: [ 0.42532516 -0.8549812 ], Residual: 3.383e+00
  Point 47: [ 0.0771845  -0.67733574], Residual: 3.378e+00
  Point 48: [ 0.88414925 -0.84498775], Residual: 3.377e+00
  Point 49: [ 0.27490932 -0.7554481 ], Residual: 3.376e+00
  Point 50: [ 0.3869118  -0.84978473], Residual: 3.352e+00
  Point 51: [ 0.6900694  -0.61847913], Residual: 3.331e+00
  Point 52: [ 0.49792755 -0.6291598 ], Residual: 3.317e+00
  Point 53: [ 0.70605224 -0.9137546 ], Residual: 3.303e+00
  Point 54: [ 0.94316465 -0.86675656], Residual: 3.260e+00
  Point 55: [ 0.42203945 -0.822086  ], Residual: 3.257e+00
  Point 56: [0.14550292 0.04323924], Residual: 3.184e+00
  Point 57: [ 0.36877346 -0.71108985], Residual: 3.176e+00
  Point 58: [ 0.2977714  -0.78712785], Residual: 3.160e+00
  Point 59: [ 0.20270592 -0.6349927 ], Residual: 3.152e+00
  Point 60: [ 0.34036833 -0.80219567], Residual: 3.111e+00
  Point 61: [ 0.05023223 -0.6209476 ], Residual: 3.102e+00
  Point 62: [ 0.7045514  -0.90670764], Residual: 3.074e+00
  Point 63: [ 0.6081282 -0.7291727], Residual: 3.066e+00
  Point 64: [ 0.2193076 -0.7377697], Residual: 3.056e+00
  Point 65: [0.5744312  0.06605113], Residual: 3.040e+00
  Point 66: [ 0.11452562 -0.81978464], Residual: 3.017e+00
  Point 67: [0.2083422  0.05613291], Residual: 3.011e+00
  Point 68: [ 0.813502  -0.8813871], Residual: 3.008e+00
  Point 69: [ 0.63993484 -0.92846406], Residual: 3.004e+00
  Point 70: [ 0.01787388 -0.4893191 ], Residual: 3.000e+00
  Point 71: [ 0.1853419  -0.68250215], Residual: 2.994e+00
  Point 72: [ 0.36718142 -0.87179446], Residual: 2.984e+00
  Point 73: [ 0.2233041  -0.60689247], Residual: 2.956e+00
  Point 74: [ 0.7570006  -0.90981185], Residual: 2.954e+00
  Point 75: [ 0.10671175 -0.6044285 ], Residual: 2.921e+00
  Point 76: [ 0.23164725 -0.0053494 ], Residual: 2.899e+00
  Point 77: [ 0.3352723 -0.8594843], Residual: 2.894e+00
  Point 78: [ 0.34765238 -0.47579253], Residual: 2.889e+00
  Point 79: [ 0.81184006 -0.09398854], Residual: 2.889e+00
  Point 80: [ 0.57701194 -0.8523418 ], Residual: 2.870e+00
  Point 81: [ 0.7194785 -0.803843 ], Residual: 2.824e+00
  Point 82: [ 0.11983591 -0.704811  ], Residual: 2.824e+00
  Point 83: [ 0.00628746 -0.5445298 ], Residual: 2.819e+00
  Point 84: [ 0.8986061  -0.04524338], Residual: 2.816e+00
  Point 85: [ 0.06894785 -0.62268305], Residual: 2.810e+00
  Point 86: [ 0.26661623 -0.5314634 ], Residual: 2.810e+00
  Point 87: [ 0.15745682 -0.79103744], Residual: 2.808e+00
  Point 88: [ 0.78507745 -0.67512095], Residual: 2.798e+00
  Point 89: [ 0.92247057 -0.6724882 ], Residual: 2.790e+00
  Point 90: [ 0.22562367 -0.8141402 ], Residual: 2.788e+00
  Point 91: [ 0.29794663 -0.8013408 ], Residual: 2.775e+00
  Point 92: [ 0.90068895 -0.9861661 ], Residual: 2.772e+00
  Point 93: [ 0.2798066  -0.13425267], Residual: 2.758e+00
  Point 94: [ 0.31394523 -0.60078096], Residual: 2.748e+00
  Point 95: [ 0.37808347 -0.8733969 ], Residual: 2.730e+00
  Point 96: [ 0.784306   -0.03737557], Residual: 2.719e+00
  Point 97: [ 0.4773727  -0.89173114], Residual: 2.711e+00
  Point 98: [ 0.593692   -0.70299613], Residual: 2.710e+00
  Point 99: [0.57976186 0.02028108], Residual: 2.705e+00
  Point 100: [ 0.73262924 -0.7794887 ], Residual: 2.699e+00
Total adaptive points: 400

Iteration: 8100, loss_r = 3.2e-06 ,  loss_bc = 3.5e-06,  loss_ic = 3.0e-06,  lr = 1.0e-03, time_taken = 5.8e-01, rel_l2_error = 1.2e-02
Model state saved to ./checkpoints/burgers_exact\2026-03-04_12-30-16-219587\model.pth
Iteration: 8200, loss_r = 5.0e-06 ,  loss_bc = 2.4e-06,  loss_ic = 2.2e-06,  lr = 1.0e-03, time_taken = 4.4e-01, rel_l2_error = 8.1e-03
Model state saved to ./checkpoints/burgers_exact\2026-03-04_12-30-16-219587\model.pth
Iteration: 8300, loss_r = 6.1e-06 ,  loss_bc = 6.2e-07,  loss_ic = 2.4e-06,  lr = 1.0e-03, time_taken = 4.6e-01, rel_l2_error = 6.2e-03
Model state saved to ./checkpoints/burgers_exact\2026-03-04_12-30-16-219587\model.pth
Iteration: 8400, loss_r = 6.4e-06 ,  loss_bc = 4.7e-06,  loss_ic = 7.6e-06,  lr = 1.0e-03, time_taken = 4.1e-01, rel_l2_error = 1.7e-02
Model state saved to ./checkpoints/burgers_exact\2026-03-04_12-30-16-219587\model.pth
Iteration: 8500, loss_r = 3.8e-06 ,  loss_bc = 9.8e-07,  loss_ic = 1.9e-06,  lr = 1.0e-03, time_taken = 5.3e-01, rel_l2_error = 8.7e-03
Model state saved to ./checkpoints/burgers_exact\2026-03-04_12-30-16-219587\model.pth
Iteration: 8600, loss_r = 1.0e-05 ,  loss_bc = 9.1e-06,  loss_ic = 5.7e-06,  lr = 1.0e-03, time_taken = 4.7e-01, rel_l2_error = 8.5e-03
Model state saved to ./checkpoints/burgers_exact\2026-03-04_12-30-16-219587\model.pth
Iteration: 8700, loss_r = 6.8e-06 ,  loss_bc = 7.8e-07,  loss_ic = 3.0e-06,  lr = 1.0e-03, time_taken = 4.4e-01, rel_l2_error = 1.2e-02
Model state saved to ./checkpoints/burgers_exact\2026-03-04_12-30-16-219587\model.pth
Iteration: 8800, loss_r = 6.4e-06 ,  loss_bc = 3.2e-07,  loss_ic = 2.7e-06,  lr = 1.0e-03, time_taken = 3.7e-01, rel_l2_error = 1.3e-02
Model state saved to ./checkpoints/burgers_exact\2026-03-04_12-30-16-219587\model.pth
Iteration: 8900, loss_r = 3.9e-06 ,  loss_bc = 3.6e-06,  loss_ic = 3.5e-06,  lr = 1.0e-03, time_taken = 4.5e-01, rel_l2_error = 7.9e-03
Model state saved to ./checkpoints/burgers_exact\2026-03-04_12-30-16-219587\model.pth
Iteration: 9000, loss_r = 5.1e-06 ,  loss_bc = 5.1e-07,  loss_ic = 1.3e-06,  lr = 1.0e-03, time_taken = 4.8e-01, rel_l2_error = 1.4e-02
Model state saved to ./checkpoints/burgers_exact\2026-03-04_12-30-16-219587\model.pth
Iteration: 9100, loss_r = 3.6e-06 ,  loss_bc = 1.3e-06,  loss_ic = 8.5e-07,  lr = 1.0e-03, time_taken = 4.2e-01, rel_l2_error = 7.5e-03
Model state saved to ./checkpoints/burgers_exact\2026-03-04_12-30-16-219587\model.pth
Iteration: 9200, loss_r = 4.0e-06 ,  loss_bc = 1.0e-05,  loss_ic = 3.9e-06,  lr = 1.0e-03, time_taken = 5.5e-01, rel_l2_error = 8.6e-03
Model state saved to ./checkpoints/burgers_exact\2026-03-04_12-30-16-219587\model.pth
Iteration: 9300, loss_r = 2.5e-06 ,  loss_bc = 2.1e-06,  loss_ic = 2.0e-06,  lr = 1.0e-03, time_taken = 4.8e-01, rel_l2_error = 8.1e-03
Model state saved to ./checkpoints/burgers_exact\2026-03-04_12-30-16-219587\model.pth
Iteration: 9400, loss_r = 2.8e-06 ,  loss_bc = 1.4e-06,  loss_ic = 1.7e-06,  lr = 1.0e-03, time_taken = 4.5e-01, rel_l2_error = 8.0e-03
Model state saved to ./checkpoints/burgers_exact\2026-03-04_12-30-16-219587\model.pth
Iteration: 9500, loss_r = 3.2e-06 ,  loss_bc = 5.9e-07,  loss_ic = 1.1e-06,  lr = 1.0e-03, time_taken = 4.4e-01, rel_l2_error = 6.9e-03
Model state saved to ./checkpoints/burgers_exact\2026-03-04_12-30-16-219587\model.pth
Iteration: 9600, loss_r = 3.9e-06 ,  loss_bc = 1.3e-06,  loss_ic = 1.3e-06,  lr = 1.0e-03, time_taken = 4.0e-01, rel_l2_error = 1.4e-02
Model state saved to ./checkpoints/burgers_exact\2026-03-04_12-30-16-219587\model.pth
Iteration: 9700, loss_r = 4.6e-06 ,  loss_bc = 8.7e-07,  loss_ic = 7.2e-07,  lr = 1.0e-03, time_taken = 4.3e-01, rel_l2_error = 5.9e-03
Model state saved to ./checkpoints/burgers_exact\2026-03-04_12-30-16-219587\model.pth
Iteration: 9800, loss_r = 5.2e-06 ,  loss_bc = 6.6e-07,  loss_ic = 3.5e-06,  lr = 1.0e-03, time_taken = 4.7e-01, rel_l2_error = 6.8e-03
Model state saved to ./checkpoints/burgers_exact\2026-03-04_12-30-16-219587\model.pth
Iteration: 9900, loss_r = 4.0e-06 ,  loss_bc = 1.1e-06,  loss_ic = 1.6e-06,  lr = 1.0e-03, time_taken = 4.5e-01, rel_l2_error = 9.6e-03
Model state saved to ./checkpoints/burgers_exact\2026-03-04_12-30-16-219587\model.pth

=== Switching to LBFGS optimizer at iteration 10000 ===
Using scipy L-BFGS-B optimizer (bburgers_hybrid_trainer.py approach)
Optimizer: L-BFGS-B (maxiter=10000, factr=1000.0, m=100, maxls=50, pgtol=1e-14)
L-BFGS Iteration: 0, Loss: 4.602406e-06
L-BFGS Iteration: 1, Loss: 4.338280e-06, Relative L2 Error: 6.831753e-03
L-BFGS: Time for 100 iterations = 424.4728 s
L-BFGS Iteration: 100, Loss: 2.034108e-06, Relative L2 Error: 3.069300e-03
L-BFGS Iteration: 200, Loss: 1.082263e-06, Relative L2 Error: 1.638019e-03
L-BFGS Iteration: 300, Loss: 6.064606e-07, Relative L2 Error: 9.079835e-04
L-BFGS Iteration: 400, Loss: 3.243128e-07, Relative L2 Error: 1.017577e-03
L-BFGS Iteration: 500, Loss: 2.306793e-07, Relative L2 Error: 9.817806e-04
L-BFGS Iteration: 600, Loss: 1.607320e-07, Relative L2 Error: 7.925534e-04
L-BFGS Iteration: 700, Loss: 1.038401e-07, Relative L2 Error: 5.933161e-04
L-BFGS Iteration: 800, Loss: 7.955418e-08, Relative L2 Error: 4.777476e-04
L-BFGS Iteration: 900, Loss: 6.487135e-08, Relative L2 Error: 5.446375e-04
L-BFGS Iteration: 1000, Loss: 4.674728e-08, Relative L2 Error: 4.204218e-04
L-BFGS optimization finished after 1031 iterations.
L-BFGS training completed after 1031 iterations
Model state saved to ./checkpoints/burgers_exact\2026-03-04_12-30-16-219587\model.pth
Training completed successfully!
Evaluating on 40000 points using chunk size 500
RelL2_U%  : 3.530e-02 
