Random seed set to: 68
Solving 3D heat equation u_t = alpha (u_{xx}+u_{yy}+u_{zz}) on [0,1]^3 with homogeneous Dirichlet BC
Using DV Solver
The settings used:
batch_size : 64
epochs : 20000
lr : 0.001
seed : 68
print_every : 100
log_path : ./checkpoints/heat3d_exact
input_dim : 4
output_dim : 1
num_qubits : 5
hidden_dim : 20
num_quantum_layers : 1
classic_network : [4, 20, 1]
q_ansatz : cross_mesh
mode : hybrid
activation : tanh
shots : None
problem : heat3d_exact
solver : DV
device : cpu
method : None
cutoff_dim : 20
class : CVNeuralNetwork1
encoding : angle
use_rar : True
rar_eval_freq : 2000
rar_threshold : 0.0005
rar_num_candidates : 10000
rar_num_add : 100
use_hybrid_optimizer : True
adam_iterations : 10000
use_scipy_lbfgs : True
lbfgs_lr : 1
lbfgs_line_search : strong_wolfe
lbfgs_tolerance_grad : 1e-05
lbfgs_tolerance_change : 1e-07
lbfgs_maxiter : 10000
lbfgs_factr : 1000.0
lbfgs_pgtol : 1e-14
lbfgs_maxls : 50
lbfgs_m : 100
lbfgs_eval_every : 100
domainN : 500
boundaryN : 50
initialN : 50
eval_total_points : 10000
nx : 200
nt : 200
y0 : 0.5
z0 : 0.5
alpha : 0.1
Total number of parameters: 1226
The circuit used in the study:
Iteration: 0, loss_r = 3.8e-05 ,  loss_bc = 8.7e-01,  loss_ic = 4.2e-01,  lr = 1.0e-03, time_taken = 3.2e+00, rel_l2_error = 3.0e+00
Model state saved to ./checkpoints/heat3d_exact\2026-03-08_23-22-33-074825\model.pth
Iteration: 100, loss_r = 3.4e-03 ,  loss_bc = 1.0e-02,  loss_ic = 6.7e-02,  lr = 1.0e-03, time_taken = 1.7e+00, rel_l2_error = 8.4e-01
Model state saved to ./checkpoints/heat3d_exact\2026-03-08_23-22-33-074825\model.pth
Iteration: 200, loss_r = 2.5e-03 ,  loss_bc = 1.3e-02,  loss_ic = 6.8e-02,  lr = 1.0e-03, time_taken = 1.6e+00, rel_l2_error = 7.7e-01
Model state saved to ./checkpoints/heat3d_exact\2026-03-08_23-22-33-074825\model.pth
Iteration: 300, loss_r = 3.2e-03 ,  loss_bc = 1.6e-02,  loss_ic = 6.8e-02,  lr = 1.0e-03, time_taken = 1.7e+00, rel_l2_error = 7.0e-01
Model state saved to ./checkpoints/heat3d_exact\2026-03-08_23-22-33-074825\model.pth
Iteration: 400, loss_r = 3.6e-03 ,  loss_bc = 1.3e-02,  loss_ic = 3.5e-02,  lr = 1.0e-03, time_taken = 1.7e+00, rel_l2_error = 5.3e-01
Model state saved to ./checkpoints/heat3d_exact\2026-03-08_23-22-33-074825\model.pth
Iteration: 500, loss_r = 5.1e-03 ,  loss_bc = 1.1e-02,  loss_ic = 1.4e-02,  lr = 1.0e-03, time_taken = 1.7e+00, rel_l2_error = 4.4e-01
Model state saved to ./checkpoints/heat3d_exact\2026-03-08_23-22-33-074825\model.pth
Iteration: 600, loss_r = 2.4e-03 ,  loss_bc = 8.5e-03,  loss_ic = 1.6e-02,  lr = 1.0e-03, time_taken = 1.7e+00, rel_l2_error = 3.7e-01
Model state saved to ./checkpoints/heat3d_exact\2026-03-08_23-22-33-074825\model.pth
Iteration: 700, loss_r = 5.7e-03 ,  loss_bc = 1.0e-02,  loss_ic = 8.0e-03,  lr = 1.0e-03, time_taken = 1.8e+00, rel_l2_error = 3.4e-01
Model state saved to ./checkpoints/heat3d_exact\2026-03-08_23-22-33-074825\model.pth
Iteration: 800, loss_r = 5.8e-03 ,  loss_bc = 7.9e-03,  loss_ic = 1.3e-02,  lr = 1.0e-03, time_taken = 1.6e+00, rel_l2_error = 3.1e-01
Model state saved to ./checkpoints/heat3d_exact\2026-03-08_23-22-33-074825\model.pth
Iteration: 900, loss_r = 4.3e-03 ,  loss_bc = 7.1e-03,  loss_ic = 7.9e-03,  lr = 1.0e-03, time_taken = 1.7e+00, rel_l2_error = 3.0e-01
Model state saved to ./checkpoints/heat3d_exact\2026-03-08_23-22-33-074825\model.pth
Iteration: 1000, loss_r = 6.9e-03 ,  loss_bc = 6.7e-03,  loss_ic = 9.5e-03,  lr = 1.0e-03, time_taken = 1.7e+00, rel_l2_error = 3.0e-01
Model state saved to ./checkpoints/heat3d_exact\2026-03-08_23-22-33-074825\model.pth
Iteration: 1100, loss_r = 5.1e-03 ,  loss_bc = 6.2e-03,  loss_ic = 4.1e-03,  lr = 1.0e-03, time_taken = 1.6e+00, rel_l2_error = 2.8e-01
Model state saved to ./checkpoints/heat3d_exact\2026-03-08_23-22-33-074825\model.pth
Iteration: 1200, loss_r = 4.5e-03 ,  loss_bc = 6.3e-03,  loss_ic = 4.7e-03,  lr = 1.0e-03, time_taken = 1.7e+00, rel_l2_error = 2.7e-01
Model state saved to ./checkpoints/heat3d_exact\2026-03-08_23-22-33-074825\model.pth
Iteration: 1300, loss_r = 5.5e-03 ,  loss_bc = 5.5e-03,  loss_ic = 5.3e-03,  lr = 1.0e-03, time_taken = 1.6e+00, rel_l2_error = 2.6e-01
Model state saved to ./checkpoints/heat3d_exact\2026-03-08_23-22-33-074825\model.pth
Iteration: 1400, loss_r = 4.9e-03 ,  loss_bc = 6.1e-03,  loss_ic = 4.4e-03,  lr = 1.0e-03, time_taken = 1.7e+00, rel_l2_error = 2.6e-01
Model state saved to ./checkpoints/heat3d_exact\2026-03-08_23-22-33-074825\model.pth
Iteration: 1500, loss_r = 5.4e-03 ,  loss_bc = 4.8e-03,  loss_ic = 3.7e-03,  lr = 1.0e-03, time_taken = 1.6e+00, rel_l2_error = 2.4e-01
Model state saved to ./checkpoints/heat3d_exact\2026-03-08_23-22-33-074825\model.pth
Iteration: 1600, loss_r = 4.6e-03 ,  loss_bc = 4.6e-03,  loss_ic = 2.7e-03,  lr = 1.0e-03, time_taken = 1.7e+00, rel_l2_error = 2.6e-01
Model state saved to ./checkpoints/heat3d_exact\2026-03-08_23-22-33-074825\model.pth
Iteration: 1700, loss_r = 3.9e-03 ,  loss_bc = 4.4e-03,  loss_ic = 4.0e-03,  lr = 1.0e-03, time_taken = 1.7e+00, rel_l2_error = 2.4e-01
Model state saved to ./checkpoints/heat3d_exact\2026-03-08_23-22-33-074825\model.pth
Iteration: 1800, loss_r = 5.0e-03 ,  loss_bc = 4.5e-03,  loss_ic = 3.3e-03,  lr = 1.0e-03, time_taken = 1.7e+00, rel_l2_error = 2.3e-01
Model state saved to ./checkpoints/heat3d_exact\2026-03-08_23-22-33-074825\model.pth
Iteration: 1900, loss_r = 3.9e-03 ,  loss_bc = 4.5e-03,  loss_ic = 2.9e-03,  lr = 1.0e-03, time_taken = 1.6e+00, rel_l2_error = 2.1e-01
Model state saved to ./checkpoints/heat3d_exact\2026-03-08_23-22-33-074825\model.pth
Iteration: 2000, loss_r = 4.4e-03 ,  loss_bc = 3.7e-03,  loss_ic = 2.0e-03,  lr = 1.0e-03, time_taken = 1.8e+00, rel_l2_error = 2.1e-01
Model state saved to ./checkpoints/heat3d_exact\2026-03-08_23-22-33-074825\model.pth

=== RAR Evaluation at iteration 2000 ===
Mean residual: 2.516e-01
Added 100 point(s). Total adaptive points: 100

Iteration: 2100, loss_r = 8.0e-03 ,  loss_bc = 4.1e-03,  loss_ic = 4.5e-03,  lr = 1.0e-03, time_taken = 1.8e+00, rel_l2_error = 2.5e-01
Model state saved to ./checkpoints/heat3d_exact\2026-03-08_23-22-33-074825\model.pth
Iteration: 2200, loss_r = 6.9e-03 ,  loss_bc = 6.6e-03,  loss_ic = 4.3e-03,  lr = 1.0e-03, time_taken = 1.7e+00, rel_l2_error = 2.2e-01
Model state saved to ./checkpoints/heat3d_exact\2026-03-08_23-22-33-074825\model.pth
Iteration: 2300, loss_r = 4.7e-03 ,  loss_bc = 4.7e-03,  loss_ic = 3.2e-03,  lr = 1.0e-03, time_taken = 1.6e+00, rel_l2_error = 2.1e-01
Model state saved to ./checkpoints/heat3d_exact\2026-03-08_23-22-33-074825\model.pth
Iteration: 2400, loss_r = 5.5e-03 ,  loss_bc = 4.3e-03,  loss_ic = 3.2e-03,  lr = 1.0e-03, time_taken = 1.7e+00, rel_l2_error = 2.2e-01
Model state saved to ./checkpoints/heat3d_exact\2026-03-08_23-22-33-074825\model.pth
Iteration: 2500, loss_r = 4.8e-03 ,  loss_bc = 2.9e-03,  loss_ic = 2.9e-03,  lr = 1.0e-03, time_taken = 1.7e+00, rel_l2_error = 2.2e-01
Model state saved to ./checkpoints/heat3d_exact\2026-03-08_23-22-33-074825\model.pth
Iteration: 2600, loss_r = 5.6e-03 ,  loss_bc = 3.3e-03,  loss_ic = 2.3e-03,  lr = 1.0e-03, time_taken = 1.7e+00, rel_l2_error = 1.9e-01
Model state saved to ./checkpoints/heat3d_exact\2026-03-08_23-22-33-074825\model.pth
Iteration: 2700, loss_r = 3.4e-03 ,  loss_bc = 3.8e-03,  loss_ic = 2.0e-03,  lr = 1.0e-03, time_taken = 1.7e+00, rel_l2_error = 1.9e-01
Model state saved to ./checkpoints/heat3d_exact\2026-03-08_23-22-33-074825\model.pth
Iteration: 2800, loss_r = 4.4e-03 ,  loss_bc = 3.0e-03,  loss_ic = 2.5e-03,  lr = 1.0e-03, time_taken = 1.7e+00, rel_l2_error = 1.9e-01
Model state saved to ./checkpoints/heat3d_exact\2026-03-08_23-22-33-074825\model.pth
Iteration: 2900, loss_r = 4.0e-03 ,  loss_bc = 2.9e-03,  loss_ic = 2.2e-03,  lr = 1.0e-03, time_taken = 1.7e+00, rel_l2_error = 2.0e-01
Model state saved to ./checkpoints/heat3d_exact\2026-03-08_23-22-33-074825\model.pth
Iteration: 3000, loss_r = 3.3e-03 ,  loss_bc = 3.2e-03,  loss_ic = 1.9e-03,  lr = 1.0e-03, time_taken = 1.7e+00, rel_l2_error = 1.9e-01
Model state saved to ./checkpoints/heat3d_exact\2026-03-08_23-22-33-074825\model.pth
Iteration: 3100, loss_r = 5.0e-03 ,  loss_bc = 2.5e-03,  loss_ic = 1.6e-03,  lr = 1.0e-03, time_taken = 1.6e+00, rel_l2_error = 2.0e-01
Model state saved to ./checkpoints/heat3d_exact\2026-03-08_23-22-33-074825\model.pth
Iteration: 3200, loss_r = 5.8e-03 ,  loss_bc = 2.4e-03,  loss_ic = 2.0e-03,  lr = 1.0e-03, time_taken = 1.7e+00, rel_l2_error = 1.8e-01
Model state saved to ./checkpoints/heat3d_exact\2026-03-08_23-22-33-074825\model.pth
Iteration: 3300, loss_r = 4.1e-03 ,  loss_bc = 3.0e-03,  loss_ic = 1.9e-03,  lr = 1.0e-03, time_taken = 1.6e+00, rel_l2_error = 1.7e-01
Model state saved to ./checkpoints/heat3d_exact\2026-03-08_23-22-33-074825\model.pth
Iteration: 3400, loss_r = 5.7e-03 ,  loss_bc = 2.6e-03,  loss_ic = 1.4e-03,  lr = 1.0e-03, time_taken = 1.6e+00, rel_l2_error = 1.7e-01
Model state saved to ./checkpoints/heat3d_exact\2026-03-08_23-22-33-074825\model.pth
Iteration: 3500, loss_r = 3.9e-03 ,  loss_bc = 2.1e-03,  loss_ic = 1.9e-03,  lr = 1.0e-03, time_taken = 1.6e+00, rel_l2_error = 1.7e-01
Model state saved to ./checkpoints/heat3d_exact\2026-03-08_23-22-33-074825\model.pth
Iteration: 3600, loss_r = 2.9e-03 ,  loss_bc = 2.4e-03,  loss_ic = 1.3e-03,  lr = 1.0e-03, time_taken = 1.6e+00, rel_l2_error = 1.6e-01
Model state saved to ./checkpoints/heat3d_exact\2026-03-08_23-22-33-074825\model.pth
Iteration: 3700, loss_r = 4.8e-03 ,  loss_bc = 2.2e-03,  loss_ic = 1.3e-03,  lr = 1.0e-03, time_taken = 1.7e+00, rel_l2_error = 1.5e-01
Model state saved to ./checkpoints/heat3d_exact\2026-03-08_23-22-33-074825\model.pth
Iteration: 3800, loss_r = 4.0e-03 ,  loss_bc = 2.0e-03,  loss_ic = 9.0e-04,  lr = 1.0e-03, time_taken = 1.6e+00, rel_l2_error = 1.4e-01
Model state saved to ./checkpoints/heat3d_exact\2026-03-08_23-22-33-074825\model.pth
Iteration: 3900, loss_r = 2.0e-03 ,  loss_bc = 2.1e-03,  loss_ic = 1.3e-03,  lr = 1.0e-03, time_taken = 1.6e+00, rel_l2_error = 1.5e-01
Model state saved to ./checkpoints/heat3d_exact\2026-03-08_23-22-33-074825\model.pth
Iteration: 4000, loss_r = 2.6e-03 ,  loss_bc = 1.8e-03,  loss_ic = 1.2e-03,  lr = 1.0e-03, time_taken = 1.7e+00, rel_l2_error = 1.5e-01
Model state saved to ./checkpoints/heat3d_exact\2026-03-08_23-22-33-074825\model.pth

=== RAR Evaluation at iteration 4000 ===
Mean residual: 4.757e-01
Added 100 point(s). Total adaptive points: 200

Iteration: 4100, loss_r = 3.2e-03 ,  loss_bc = 2.8e-03,  loss_ic = 9.1e-04,  lr = 1.0e-03, time_taken = 1.9e+00, rel_l2_error = 1.5e-01
Model state saved to ./checkpoints/heat3d_exact\2026-03-08_23-22-33-074825\model.pth
Iteration: 4200, loss_r = 3.0e-03 ,  loss_bc = 2.2e-03,  loss_ic = 6.8e-04,  lr = 1.0e-03, time_taken = 1.3e+00, rel_l2_error = 1.4e-01
Model state saved to ./checkpoints/heat3d_exact\2026-03-08_23-22-33-074825\model.pth
Iteration: 4300, loss_r = 3.5e-03 ,  loss_bc = 1.8e-03,  loss_ic = 7.1e-04,  lr = 1.0e-03, time_taken = 1.2e+00, rel_l2_error = 1.3e-01
Model state saved to ./checkpoints/heat3d_exact\2026-03-08_23-22-33-074825\model.pth
Iteration: 4400, loss_r = 2.1e-03 ,  loss_bc = 2.1e-03,  loss_ic = 9.0e-04,  lr = 1.0e-03, time_taken = 1.2e+00, rel_l2_error = 1.3e-01
Model state saved to ./checkpoints/heat3d_exact\2026-03-08_23-22-33-074825\model.pth
Iteration: 4500, loss_r = 2.7e-03 ,  loss_bc = 1.8e-03,  loss_ic = 1.1e-03,  lr = 1.0e-03, time_taken = 1.5e+00, rel_l2_error = 1.3e-01
Model state saved to ./checkpoints/heat3d_exact\2026-03-08_23-22-33-074825\model.pth
Iteration: 4600, loss_r = 3.8e-03 ,  loss_bc = 1.9e-03,  loss_ic = 6.8e-04,  lr = 1.0e-03, time_taken = 1.7e+00, rel_l2_error = 1.5e-01
Model state saved to ./checkpoints/heat3d_exact\2026-03-08_23-22-33-074825\model.pth
Iteration: 4700, loss_r = 2.7e-03 ,  loss_bc = 1.4e-03,  loss_ic = 6.6e-04,  lr = 1.0e-03, time_taken = 1.7e+00, rel_l2_error = 1.2e-01
Model state saved to ./checkpoints/heat3d_exact\2026-03-08_23-22-33-074825\model.pth
Iteration: 4800, loss_r = 3.3e-03 ,  loss_bc = 2.1e-03,  loss_ic = 8.4e-04,  lr = 1.0e-03, time_taken = 1.6e+00, rel_l2_error = 1.5e-01
Model state saved to ./checkpoints/heat3d_exact\2026-03-08_23-22-33-074825\model.pth
Iteration: 4900, loss_r = 2.3e-03 ,  loss_bc = 2.2e-03,  loss_ic = 6.1e-04,  lr = 1.0e-03, time_taken = 1.7e+00, rel_l2_error = 1.3e-01
Model state saved to ./checkpoints/heat3d_exact\2026-03-08_23-22-33-074825\model.pth
Iteration: 5000, loss_r = 3.7e-03 ,  loss_bc = 1.7e-03,  loss_ic = 4.9e-04,  lr = 1.0e-03, time_taken = 1.7e+00, rel_l2_error = 1.2e-01
Model state saved to ./checkpoints/heat3d_exact\2026-03-08_23-22-33-074825\model.pth
Iteration: 5100, loss_r = 1.3e-03 ,  loss_bc = 1.3e-03,  loss_ic = 6.0e-04,  lr = 1.0e-03, time_taken = 1.7e+00, rel_l2_error = 1.2e-01
Model state saved to ./checkpoints/heat3d_exact\2026-03-08_23-22-33-074825\model.pth
Iteration: 5200, loss_r = 3.0e-03 ,  loss_bc = 1.8e-03,  loss_ic = 5.4e-04,  lr = 1.0e-03, time_taken = 1.7e+00, rel_l2_error = 1.4e-01
Model state saved to ./checkpoints/heat3d_exact\2026-03-08_23-22-33-074825\model.pth
Iteration: 5300, loss_r = 3.9e-03 ,  loss_bc = 1.7e-03,  loss_ic = 7.6e-04,  lr = 1.0e-03, time_taken = 1.7e+00, rel_l2_error = 1.3e-01
Model state saved to ./checkpoints/heat3d_exact\2026-03-08_23-22-33-074825\model.pth
Iteration: 5400, loss_r = 2.0e-03 ,  loss_bc = 1.4e-03,  loss_ic = 6.5e-04,  lr = 1.0e-03, time_taken = 1.7e+00, rel_l2_error = 1.5e-01
Model state saved to ./checkpoints/heat3d_exact\2026-03-08_23-22-33-074825\model.pth
Iteration: 5500, loss_r = 2.3e-03 ,  loss_bc = 1.6e-03,  loss_ic = 8.0e-04,  lr = 1.0e-03, time_taken = 1.7e+00, rel_l2_error = 1.2e-01
Model state saved to ./checkpoints/heat3d_exact\2026-03-08_23-22-33-074825\model.pth
Iteration: 5600, loss_r = 2.3e-03 ,  loss_bc = 1.8e-03,  loss_ic = 5.7e-04,  lr = 1.0e-03, time_taken = 1.7e+00, rel_l2_error = 1.3e-01
Model state saved to ./checkpoints/heat3d_exact\2026-03-08_23-22-33-074825\model.pth
Iteration: 5700, loss_r = 1.2e-03 ,  loss_bc = 1.0e-03,  loss_ic = 5.0e-04,  lr = 1.0e-03, time_taken = 1.7e+00, rel_l2_error = 1.2e-01
Model state saved to ./checkpoints/heat3d_exact\2026-03-08_23-22-33-074825\model.pth
Iteration: 5800, loss_r = 2.1e-03 ,  loss_bc = 1.4e-03,  loss_ic = 7.0e-04,  lr = 1.0e-03, time_taken = 1.7e+00, rel_l2_error = 1.3e-01
Model state saved to ./checkpoints/heat3d_exact\2026-03-08_23-22-33-074825\model.pth
Iteration: 5900, loss_r = 2.9e-03 ,  loss_bc = 1.6e-03,  loss_ic = 7.1e-04,  lr = 1.0e-03, time_taken = 1.7e+00, rel_l2_error = 1.1e-01
Model state saved to ./checkpoints/heat3d_exact\2026-03-08_23-22-33-074825\model.pth
Iteration: 6000, loss_r = 2.2e-03 ,  loss_bc = 1.4e-03,  loss_ic = 5.1e-04,  lr = 1.0e-03, time_taken = 1.7e+00, rel_l2_error = 1.2e-01
Model state saved to ./checkpoints/heat3d_exact\2026-03-08_23-22-33-074825\model.pth

=== RAR Evaluation at iteration 6000 ===
Mean residual: 5.752e-01
Added 100 point(s). Total adaptive points: 300

Iteration: 6100, loss_r = 2.9e-03 ,  loss_bc = 2.0e-03,  loss_ic = 4.3e-04,  lr = 1.0e-03, time_taken = 1.7e+00, rel_l2_error = 1.8e-01
Model state saved to ./checkpoints/heat3d_exact\2026-03-08_23-22-33-074825\model.pth
Iteration: 6200, loss_r = 2.8e-03 ,  loss_bc = 2.0e-03,  loss_ic = 4.0e-04,  lr = 1.0e-03, time_taken = 1.6e+00, rel_l2_error = 1.3e-01
Model state saved to ./checkpoints/heat3d_exact\2026-03-08_23-22-33-074825\model.pth
Iteration: 6300, loss_r = 2.9e-03 ,  loss_bc = 1.6e-03,  loss_ic = 6.2e-04,  lr = 1.0e-03, time_taken = 1.7e+00, rel_l2_error = 1.2e-01
Model state saved to ./checkpoints/heat3d_exact\2026-03-08_23-22-33-074825\model.pth
Iteration: 6400, loss_r = 2.7e-03 ,  loss_bc = 1.4e-03,  loss_ic = 5.2e-04,  lr = 1.0e-03, time_taken = 1.6e+00, rel_l2_error = 1.2e-01
Model state saved to ./checkpoints/heat3d_exact\2026-03-08_23-22-33-074825\model.pth
Iteration: 6500, loss_r = 2.3e-03 ,  loss_bc = 1.4e-03,  loss_ic = 5.8e-04,  lr = 1.0e-03, time_taken = 1.7e+00, rel_l2_error = 1.3e-01
Model state saved to ./checkpoints/heat3d_exact\2026-03-08_23-22-33-074825\model.pth
Iteration: 6600, loss_r = 3.0e-03 ,  loss_bc = 2.2e-03,  loss_ic = 6.9e-04,  lr = 1.0e-03, time_taken = 1.7e+00, rel_l2_error = 1.4e-01
Model state saved to ./checkpoints/heat3d_exact\2026-03-08_23-22-33-074825\model.pth
Iteration: 6700, loss_r = 1.6e-03 ,  loss_bc = 1.4e-03,  loss_ic = 5.2e-04,  lr = 1.0e-03, time_taken = 1.7e+00, rel_l2_error = 1.3e-01
Model state saved to ./checkpoints/heat3d_exact\2026-03-08_23-22-33-074825\model.pth
Iteration: 6800, loss_r = 1.8e-03 ,  loss_bc = 1.5e-03,  loss_ic = 3.5e-04,  lr = 9.0e-04, time_taken = 1.7e+00, rel_l2_error = 1.5e-01
Model state saved to ./checkpoints/heat3d_exact\2026-03-08_23-22-33-074825\model.pth
Iteration: 6900, loss_r = 1.9e-03 ,  loss_bc = 1.5e-03,  loss_ic = 4.3e-04,  lr = 9.0e-04, time_taken = 1.9e+00, rel_l2_error = 1.3e-01
Model state saved to ./checkpoints/heat3d_exact\2026-03-08_23-22-33-074825\model.pth
Iteration: 7000, loss_r = 1.6e-03 ,  loss_bc = 1.1e-03,  loss_ic = 6.7e-04,  lr = 9.0e-04, time_taken = 1.7e+00, rel_l2_error = 1.2e-01
Model state saved to ./checkpoints/heat3d_exact\2026-03-08_23-22-33-074825\model.pth
Iteration: 7100, loss_r = 1.4e-03 ,  loss_bc = 1.3e-03,  loss_ic = 4.6e-04,  lr = 9.0e-04, time_taken = 1.9e+00, rel_l2_error = 1.3e-01
Model state saved to ./checkpoints/heat3d_exact\2026-03-08_23-22-33-074825\model.pth
Iteration: 7200, loss_r = 1.2e-03 ,  loss_bc = 1.4e-03,  loss_ic = 3.7e-04,  lr = 9.0e-04, time_taken = 1.7e+00, rel_l2_error = 1.1e-01
Model state saved to ./checkpoints/heat3d_exact\2026-03-08_23-22-33-074825\model.pth
Iteration: 7300, loss_r = 2.1e-03 ,  loss_bc = 2.2e-03,  loss_ic = 1.0e-03,  lr = 9.0e-04, time_taken = 1.7e+00, rel_l2_error = 1.3e-01
Model state saved to ./checkpoints/heat3d_exact\2026-03-08_23-22-33-074825\model.pth
Iteration: 7400, loss_r = 1.7e-03 ,  loss_bc = 1.2e-03,  loss_ic = 3.1e-04,  lr = 9.0e-04, time_taken = 1.6e+00, rel_l2_error = 1.1e-01
Model state saved to ./checkpoints/heat3d_exact\2026-03-08_23-22-33-074825\model.pth
Iteration: 7500, loss_r = 2.2e-03 ,  loss_bc = 1.4e-03,  loss_ic = 3.0e-04,  lr = 9.0e-04, time_taken = 1.7e+00, rel_l2_error = 1.2e-01
Model state saved to ./checkpoints/heat3d_exact\2026-03-08_23-22-33-074825\model.pth
Iteration: 7600, loss_r = 1.9e-03 ,  loss_bc = 1.1e-03,  loss_ic = 3.5e-04,  lr = 9.0e-04, time_taken = 1.7e+00, rel_l2_error = 1.1e-01
Model state saved to ./checkpoints/heat3d_exact\2026-03-08_23-22-33-074825\model.pth
Iteration: 7700, loss_r = 1.6e-03 ,  loss_bc = 1.6e-03,  loss_ic = 3.4e-04,  lr = 9.0e-04, time_taken = 1.7e+00, rel_l2_error = 1.1e-01
Model state saved to ./checkpoints/heat3d_exact\2026-03-08_23-22-33-074825\model.pth
Iteration: 7800, loss_r = 2.4e-03 ,  loss_bc = 1.4e-03,  loss_ic = 4.1e-04,  lr = 9.0e-04, time_taken = 1.6e+00, rel_l2_error = 1.1e-01
Model state saved to ./checkpoints/heat3d_exact\2026-03-08_23-22-33-074825\model.pth
Iteration: 7900, loss_r = 1.1e-03 ,  loss_bc = 1.4e-03,  loss_ic = 5.3e-04,  lr = 9.0e-04, time_taken = 1.7e+00, rel_l2_error = 1.2e-01
Model state saved to ./checkpoints/heat3d_exact\2026-03-08_23-22-33-074825\model.pth
Iteration: 8000, loss_r = 2.5e-03 ,  loss_bc = 1.5e-03,  loss_ic = 4.0e-04,  lr = 9.0e-04, time_taken = 1.7e+00, rel_l2_error = 1.3e-01
Model state saved to ./checkpoints/heat3d_exact\2026-03-08_23-22-33-074825\model.pth

=== RAR Evaluation at iteration 8000 ===
Mean residual: 6.775e-01
Added 100 point(s). Total adaptive points: 400

Iteration: 8100, loss_r = 1.1e-03 ,  loss_bc = 1.7e-03,  loss_ic = 6.3e-04,  lr = 9.0e-04, time_taken = 1.3e+00, rel_l2_error = 1.2e-01
Model state saved to ./checkpoints/heat3d_exact\2026-03-08_23-22-33-074825\model.pth
Iteration: 8200, loss_r = 1.5e-03 ,  loss_bc = 1.1e-03,  loss_ic = 3.7e-04,  lr = 9.0e-04, time_taken = 1.3e+00, rel_l2_error = 1.1e-01
Model state saved to ./checkpoints/heat3d_exact\2026-03-08_23-22-33-074825\model.pth
Iteration: 8300, loss_r = 1.9e-03 ,  loss_bc = 1.2e-03,  loss_ic = 5.0e-04,  lr = 9.0e-04, time_taken = 1.3e+00, rel_l2_error = 1.1e-01
Model state saved to ./checkpoints/heat3d_exact\2026-03-08_23-22-33-074825\model.pth
Iteration: 8400, loss_r = 1.4e-03 ,  loss_bc = 2.0e-03,  loss_ic = 4.4e-04,  lr = 9.0e-04, time_taken = 1.4e+00, rel_l2_error = 1.1e-01
Model state saved to ./checkpoints/heat3d_exact\2026-03-08_23-22-33-074825\model.pth
Iteration: 8500, loss_r = 1.2e-03 ,  loss_bc = 9.6e-04,  loss_ic = 4.5e-04,  lr = 9.0e-04, time_taken = 1.3e+00, rel_l2_error = 1.3e-01
Model state saved to ./checkpoints/heat3d_exact\2026-03-08_23-22-33-074825\model.pth
Iteration: 8600, loss_r = 1.7e-03 ,  loss_bc = 2.0e-03,  loss_ic = 3.3e-04,  lr = 9.0e-04, time_taken = 1.3e+00, rel_l2_error = 1.1e-01
Model state saved to ./checkpoints/heat3d_exact\2026-03-08_23-22-33-074825\model.pth
Iteration: 8700, loss_r = 1.8e-03 ,  loss_bc = 1.6e-03,  loss_ic = 3.8e-04,  lr = 9.0e-04, time_taken = 1.2e+00, rel_l2_error = 1.1e-01
Model state saved to ./checkpoints/heat3d_exact\2026-03-08_23-22-33-074825\model.pth
Iteration: 8800, loss_r = 1.7e-03 ,  loss_bc = 1.1e-03,  loss_ic = 4.5e-04,  lr = 9.0e-04, time_taken = 1.3e+00, rel_l2_error = 9.9e-02
Model state saved to ./checkpoints/heat3d_exact\2026-03-08_23-22-33-074825\model.pth
Iteration: 8900, loss_r = 1.2e-03 ,  loss_bc = 9.1e-04,  loss_ic = 2.8e-04,  lr = 9.0e-04, time_taken = 1.3e+00, rel_l2_error = 1.1e-01
Model state saved to ./checkpoints/heat3d_exact\2026-03-08_23-22-33-074825\model.pth
Iteration: 9000, loss_r = 2.0e-03 ,  loss_bc = 1.5e-03,  loss_ic = 3.9e-04,  lr = 9.0e-04, time_taken = 8.1e-01, rel_l2_error = 1.1e-01
Model state saved to ./checkpoints/heat3d_exact\2026-03-08_23-22-33-074825\model.pth
Iteration: 9100, loss_r = 2.0e-03 ,  loss_bc = 1.0e-03,  loss_ic = 3.7e-04,  lr = 9.0e-04, time_taken = 8.6e-01, rel_l2_error = 1.1e-01
Model state saved to ./checkpoints/heat3d_exact\2026-03-08_23-22-33-074825\model.pth
Iteration: 9200, loss_r = 1.1e-03 ,  loss_bc = 1.1e-03,  loss_ic = 4.0e-04,  lr = 9.0e-04, time_taken = 9.5e-01, rel_l2_error = 1.1e-01
Model state saved to ./checkpoints/heat3d_exact\2026-03-08_23-22-33-074825\model.pth
Iteration: 9300, loss_r = 2.2e-03 ,  loss_bc = 1.3e-03,  loss_ic = 3.9e-04,  lr = 9.0e-04, time_taken = 7.8e-01, rel_l2_error = 1.1e-01
Model state saved to ./checkpoints/heat3d_exact\2026-03-08_23-22-33-074825\model.pth
Iteration: 9400, loss_r = 9.8e-04 ,  loss_bc = 1.1e-03,  loss_ic = 3.1e-04,  lr = 9.0e-04, time_taken = 7.8e-01, rel_l2_error = 1.1e-01
Model state saved to ./checkpoints/heat3d_exact\2026-03-08_23-22-33-074825\model.pth
Iteration: 9500, loss_r = 2.0e-03 ,  loss_bc = 9.0e-04,  loss_ic = 2.8e-04,  lr = 9.0e-04, time_taken = 7.9e-01, rel_l2_error = 1.0e-01
Model state saved to ./checkpoints/heat3d_exact\2026-03-08_23-22-33-074825\model.pth
Iteration: 9600, loss_r = 1.9e-03 ,  loss_bc = 1.3e-03,  loss_ic = 3.0e-04,  lr = 9.0e-04, time_taken = 8.1e-01, rel_l2_error = 1.1e-01
Model state saved to ./checkpoints/heat3d_exact\2026-03-08_23-22-33-074825\model.pth
Iteration: 9700, loss_r = 1.6e-03 ,  loss_bc = 1.0e-03,  loss_ic = 2.9e-04,  lr = 9.0e-04, time_taken = 8.0e-01, rel_l2_error = 1.1e-01
Model state saved to ./checkpoints/heat3d_exact\2026-03-08_23-22-33-074825\model.pth
Iteration: 9800, loss_r = 9.1e-04 ,  loss_bc = 4.0e-03,  loss_ic = 1.1e-03,  lr = 9.0e-04, time_taken = 7.6e-01, rel_l2_error = 1.7e-01
Model state saved to ./checkpoints/heat3d_exact\2026-03-08_23-22-33-074825\model.pth
Iteration: 9900, loss_r = 1.5e-03 ,  loss_bc = 9.9e-04,  loss_ic = 3.3e-04,  lr = 9.0e-04, time_taken = 7.9e-01, rel_l2_error = 1.1e-01
Model state saved to ./checkpoints/heat3d_exact\2026-03-08_23-22-33-074825\model.pth

=== Switching to LBFGS optimizer at iteration 10000 ===
Using scipy L-BFGS-B optimizer
Optimizer: L-BFGS-B (maxiter=10000, factr=1000.0, m=100, maxls=50, pgtol=1e-14)
L-BFGS Iteration: 0, Loss: 2.354894e-03
L-BFGS Iteration: 1, Loss: 2.249277e-03, Relative L2 Error: 9.983291e-02
L-BFGS: Time for 100 iterations = 842.4311 s
L-BFGS Iteration: 100, Loss: 1.144059e-03, Relative L2 Error: 9.099611e-02
L-BFGS Iteration: 200, Loss: 7.787519e-04, Relative L2 Error: 7.848574e-02
L-BFGS Iteration: 300, Loss: 5.366758e-04, Relative L2 Error: 6.500309e-02
L-BFGS Iteration: 400, Loss: 3.888693e-04, Relative L2 Error: 5.618045e-02
L-BFGS Iteration: 500, Loss: 3.004005e-04, Relative L2 Error: 4.910832e-02
L-BFGS Iteration: 600, Loss: 2.494846e-04, Relative L2 Error: 4.437044e-02
L-BFGS Iteration: 700, Loss: 2.142449e-04, Relative L2 Error: 4.559926e-02
L-BFGS Iteration: 800, Loss: 1.853263e-04, Relative L2 Error: 4.503527e-02
L-BFGS Iteration: 900, Loss: 1.629562e-04, Relative L2 Error: 4.363592e-02
L-BFGS Iteration: 1000, Loss: 1.462544e-04, Relative L2 Error: 4.408911e-02
L-BFGS Iteration: 1100, Loss: 1.319874e-04, Relative L2 Error: 4.365630e-02
L-BFGS Iteration: 1200, Loss: 1.197756e-04, Relative L2 Error: 4.157444e-02
L-BFGS Iteration: 1300, Loss: 1.086810e-04, Relative L2 Error: 4.053418e-02
L-BFGS Iteration: 1400, Loss: 9.908396e-05, Relative L2 Error: 3.950833e-02
L-BFGS Iteration: 1500, Loss: 8.928064e-05, Relative L2 Error: 3.966758e-02
L-BFGS Iteration: 1600, Loss: 8.092468e-05, Relative L2 Error: 4.044046e-02
L-BFGS Iteration: 1700, Loss: 7.538674e-05, Relative L2 Error: 4.047993e-02
L-BFGS Iteration: 1800, Loss: 7.127133e-05, Relative L2 Error: 3.894224e-02
L-BFGS Iteration: 1900, Loss: 6.741847e-05, Relative L2 Error: 3.966370e-02
L-BFGS Iteration: 2000, Loss: 6.399707e-05, Relative L2 Error: 3.768621e-02
L-BFGS Iteration: 2100, Loss: 6.087757e-05, Relative L2 Error: 3.862019e-02
L-BFGS Iteration: 2200, Loss: 5.732696e-05, Relative L2 Error: 3.753671e-02
L-BFGS Iteration: 2300, Loss: 5.402194e-05, Relative L2 Error: 3.847453e-02
L-BFGS Iteration: 2400, Loss: 5.154916e-05, Relative L2 Error: 3.737286e-02
L-BFGS Iteration: 2500, Loss: 4.937227e-05, Relative L2 Error: 3.639013e-02
L-BFGS Iteration: 2600, Loss: 4.711938e-05, Relative L2 Error: 3.461178e-02
L-BFGS Iteration: 2700, Loss: 4.492686e-05, Relative L2 Error: 3.340355e-02
L-BFGS Iteration: 2800, Loss: 4.227414e-05, Relative L2 Error: 3.378740e-02
L-BFGS Iteration: 2900, Loss: 4.038142e-05, Relative L2 Error: 3.507394e-02
L-BFGS Iteration: 3000, Loss: 3.861172e-05, Relative L2 Error: 3.199789e-02
L-BFGS Iteration: 3100, Loss: 3.727225e-05, Relative L2 Error: 3.209385e-02
L-BFGS Iteration: 3200, Loss: 3.575776e-05, Relative L2 Error: 3.175107e-02
L-BFGS Iteration: 3300, Loss: 3.459690e-05, Relative L2 Error: 3.161149e-02
L-BFGS Iteration: 3400, Loss: 3.325205e-05, Relative L2 Error: 3.166376e-02
L-BFGS Iteration: 3500, Loss: 3.229109e-05, Relative L2 Error: 3.053145e-02
L-BFGS Iteration: 3600, Loss: 3.111274e-05, Relative L2 Error: 3.152112e-02
L-BFGS Iteration: 3700, Loss: 3.002326e-05, Relative L2 Error: 2.903507e-02
L-BFGS Iteration: 3800, Loss: 2.887962e-05, Relative L2 Error: 3.058945e-02
L-BFGS Iteration: 3900, Loss: 2.776091e-05, Relative L2 Error: 2.869071e-02
L-BFGS Iteration: 4000, Loss: 2.676291e-05, Relative L2 Error: 2.758472e-02
L-BFGS Iteration: 4100, Loss: 2.588677e-05, Relative L2 Error: 2.672277e-02
L-BFGS Iteration: 4200, Loss: 2.494532e-05, Relative L2 Error: 2.740681e-02
L-BFGS Iteration: 4300, Loss: 2.408761e-05, Relative L2 Error: 2.580447e-02
L-BFGS Iteration: 4400, Loss: 2.309261e-05, Relative L2 Error: 2.548219e-02
L-BFGS Iteration: 4500, Loss: 2.212313e-05, Relative L2 Error: 2.627078e-02
L-BFGS Iteration: 4600, Loss: 2.123023e-05, Relative L2 Error: 2.689266e-02
L-BFGS Iteration: 4700, Loss: 2.054830e-05, Relative L2 Error: 2.544378e-02
L-BFGS Iteration: 4800, Loss: 1.981257e-05, Relative L2 Error: 2.505382e-02
L-BFGS Iteration: 4900, Loss: 1.925034e-05, Relative L2 Error: 2.431111e-02
L-BFGS Iteration: 5000, Loss: 1.859399e-05, Relative L2 Error: 2.424306e-02
L-BFGS Iteration: 5100, Loss: 1.774984e-05, Relative L2 Error: 2.301754e-02
L-BFGS Iteration: 5200, Loss: 1.697371e-05, Relative L2 Error: 2.421786e-02
L-BFGS Iteration: 5300, Loss: 1.638506e-05, Relative L2 Error: 2.355842e-02
L-BFGS Iteration: 5400, Loss: 1.585666e-05, Relative L2 Error: 2.379747e-02
L-BFGS Iteration: 5500, Loss: 1.540962e-05, Relative L2 Error: 2.415285e-02
L-BFGS Iteration: 5600, Loss: 1.496970e-05, Relative L2 Error: 2.282581e-02
L-BFGS Iteration: 5700, Loss: 1.440498e-05, Relative L2 Error: 2.264401e-02
L-BFGS Iteration: 5800, Loss: 1.398010e-05, Relative L2 Error: 2.231830e-02
L-BFGS Iteration: 5900, Loss: 1.359085e-05, Relative L2 Error: 2.339684e-02
L-BFGS Iteration: 6000, Loss: 1.314363e-05, Relative L2 Error: 2.197392e-02
L-BFGS Iteration: 6100, Loss: 1.283789e-05, Relative L2 Error: 2.291405e-02
L-BFGS Iteration: 6200, Loss: 1.247131e-05, Relative L2 Error: 2.128290e-02
L-BFGS Iteration: 6300, Loss: 1.201869e-05, Relative L2 Error: 2.048963e-02
L-BFGS Iteration: 6400, Loss: 1.161829e-05, Relative L2 Error: 1.907817e-02
L-BFGS Iteration: 6500, Loss: 1.132012e-05, Relative L2 Error: 2.015124e-02
L-BFGS training completed after 6557 iterations
Model state saved to ./checkpoints/heat3d_exact\2026-03-08_23-22-33-074825\model.pth
Training completed successfully!
Relative L2 error (eval data): 2.03e-02
Saved solution comparison heatmaps to: ./checkpoints/heat3d_exact\2026-03-08_23-22-33-074825\solution_comparison_heat3d.png
