Random seed set to: 10
Solving 3D heat equation u_t = alpha (u_{xx}+u_{yy}+u_{zz}) on [0,1]^3 with homogeneous Dirichlet BC
checkpoint path: self.log_path='./checkpoints/heat3d_exact\\2026-03-11_10-59-08-269495'
Using Classical Solver2
The settings used:
batch_size : 64
epochs : 20000
lr : 0.001
seed : 10
print_every : 100
log_path : ./checkpoints/heat3d_exact
input_dim : 4
output_dim : 1
num_qubits : 5
hidden_dim : 20
num_quantum_layers : 1
classic_network : [4, 20, 1]
q_ansatz : cross_mesh
mode : hybrid
activation : tanh
shots : None
problem : heat3d_exact
solver : Classical2
device : cpu
method : None
cutoff_dim : 20
class : CVNeuralNetwork1
encoding : angle
use_rar : True
rar_eval_freq : 2000
rar_threshold : 0.0005
rar_num_candidates : 10000
rar_num_add : 100
use_hybrid_optimizer : True
adam_iterations : 10000
use_scipy_lbfgs : True
lbfgs_lr : 1
lbfgs_line_search : strong_wolfe
lbfgs_tolerance_grad : 1e-05
lbfgs_tolerance_change : 1e-07
lbfgs_maxiter : 10000
lbfgs_factr : 1000.0
lbfgs_pgtol : 1e-14
lbfgs_maxls : 50
lbfgs_m : 100
lbfgs_eval_every : 100
domainN : 500
boundaryN : 50
initialN : 50
eval_total_points : 10000
nx : 200
nt : 200
y0 : 0.5
z0 : 0.5
alpha : 0.1
Total number of parameters: 2221
Iteration: 0, loss_r = 2.0e-02 ,  loss_bc = 4.1e-01,  loss_ic = 9.3e-02,  lr = 1.0e-03, time_taken = 3.8e-02, rel_l2_error = 1.3e+00
Model state saved to ./checkpoints/heat3d_exact\2026-03-11_10-59-08-269495\model.pth
Iteration: 100, loss_r = 8.2e-03 ,  loss_bc = 1.3e-02,  loss_ic = 5.8e-02,  lr = 1.0e-03, time_taken = 1.9e-02, rel_l2_error = 7.1e-01
Model state saved to ./checkpoints/heat3d_exact\2026-03-11_10-59-08-269495\model.pth
Iteration: 200, loss_r = 3.5e-03 ,  loss_bc = 1.5e-02,  loss_ic = 6.3e-02,  lr = 1.0e-03, time_taken = 4.7e-02, rel_l2_error = 6.0e-01
Model state saved to ./checkpoints/heat3d_exact\2026-03-11_10-59-08-269495\model.pth
Iteration: 300, loss_r = 5.8e-03 ,  loss_bc = 1.1e-02,  loss_ic = 2.2e-02,  lr = 1.0e-03, time_taken = 2.4e-02, rel_l2_error = 5.5e-01
Model state saved to ./checkpoints/heat3d_exact\2026-03-11_10-59-08-269495\model.pth
Iteration: 400, loss_r = 4.5e-03 ,  loss_bc = 1.2e-02,  loss_ic = 2.8e-02,  lr = 1.0e-03, time_taken = 2.1e-02, rel_l2_error = 4.8e-01
Model state saved to ./checkpoints/heat3d_exact\2026-03-11_10-59-08-269495\model.pth
Iteration: 500, loss_r = 3.3e-03 ,  loss_bc = 1.3e-02,  loss_ic = 1.2e-02,  lr = 1.0e-03, time_taken = 5.7e-02, rel_l2_error = 4.4e-01
Model state saved to ./checkpoints/heat3d_exact\2026-03-11_10-59-08-269495\model.pth
Iteration: 600, loss_r = 2.6e-03 ,  loss_bc = 9.7e-03,  loss_ic = 1.7e-02,  lr = 1.0e-03, time_taken = 5.8e-02, rel_l2_error = 4.2e-01
Model state saved to ./checkpoints/heat3d_exact\2026-03-11_10-59-08-269495\model.pth
Iteration: 700, loss_r = 4.3e-03 ,  loss_bc = 7.5e-03,  loss_ic = 9.6e-03,  lr = 1.0e-03, time_taken = 3.8e-02, rel_l2_error = 3.8e-01
Model state saved to ./checkpoints/heat3d_exact\2026-03-11_10-59-08-269495\model.pth
Iteration: 800, loss_r = 2.8e-03 ,  loss_bc = 7.6e-03,  loss_ic = 5.8e-03,  lr = 1.0e-03, time_taken = 3.1e-02, rel_l2_error = 4.1e-01
Model state saved to ./checkpoints/heat3d_exact\2026-03-11_10-59-08-269495\model.pth
Iteration: 900, loss_r = 4.8e-03 ,  loss_bc = 8.6e-03,  loss_ic = 6.3e-03,  lr = 1.0e-03, time_taken = 3.0e-02, rel_l2_error = 3.5e-01
Model state saved to ./checkpoints/heat3d_exact\2026-03-11_10-59-08-269495\model.pth
Iteration: 1000, loss_r = 6.9e-03 ,  loss_bc = 4.1e-03,  loss_ic = 6.5e-03,  lr = 1.0e-03, time_taken = 3.1e-02, rel_l2_error = 3.5e-01
Model state saved to ./checkpoints/heat3d_exact\2026-03-11_10-59-08-269495\model.pth
Iteration: 1100, loss_r = 3.0e-03 ,  loss_bc = 6.6e-03,  loss_ic = 5.2e-03,  lr = 1.0e-03, time_taken = 2.5e-02, rel_l2_error = 3.3e-01
Model state saved to ./checkpoints/heat3d_exact\2026-03-11_10-59-08-269495\model.pth
Iteration: 1200, loss_r = 3.2e-03 ,  loss_bc = 6.2e-03,  loss_ic = 4.9e-03,  lr = 1.0e-03, time_taken = 2.7e-02, rel_l2_error = 3.2e-01
Model state saved to ./checkpoints/heat3d_exact\2026-03-11_10-59-08-269495\model.pth
Iteration: 1300, loss_r = 5.1e-03 ,  loss_bc = 5.0e-03,  loss_ic = 5.7e-03,  lr = 1.0e-03, time_taken = 3.7e-02, rel_l2_error = 3.1e-01
Model state saved to ./checkpoints/heat3d_exact\2026-03-11_10-59-08-269495\model.pth
Iteration: 1400, loss_r = 3.5e-03 ,  loss_bc = 4.9e-03,  loss_ic = 3.8e-03,  lr = 1.0e-03, time_taken = 3.5e-02, rel_l2_error = 3.2e-01
Model state saved to ./checkpoints/heat3d_exact\2026-03-11_10-59-08-269495\model.pth
Iteration: 1500, loss_r = 2.4e-03 ,  loss_bc = 4.2e-03,  loss_ic = 3.6e-03,  lr = 1.0e-03, time_taken = 2.2e-02, rel_l2_error = 3.2e-01
Model state saved to ./checkpoints/heat3d_exact\2026-03-11_10-59-08-269495\model.pth
Iteration: 1600, loss_r = 3.4e-03 ,  loss_bc = 5.5e-03,  loss_ic = 2.3e-03,  lr = 1.0e-03, time_taken = 4.3e-02, rel_l2_error = 3.1e-01
Model state saved to ./checkpoints/heat3d_exact\2026-03-11_10-59-08-269495\model.pth
Iteration: 1700, loss_r = 3.6e-03 ,  loss_bc = 5.7e-03,  loss_ic = 2.4e-03,  lr = 1.0e-03, time_taken = 3.5e-02, rel_l2_error = 3.0e-01
Model state saved to ./checkpoints/heat3d_exact\2026-03-11_10-59-08-269495\model.pth
Iteration: 1800, loss_r = 4.5e-03 ,  loss_bc = 3.2e-03,  loss_ic = 3.8e-03,  lr = 1.0e-03, time_taken = 2.6e-02, rel_l2_error = 3.1e-01
Model state saved to ./checkpoints/heat3d_exact\2026-03-11_10-59-08-269495\model.pth
Iteration: 1900, loss_r = 3.2e-03 ,  loss_bc = 4.2e-03,  loss_ic = 3.5e-03,  lr = 1.0e-03, time_taken = 2.2e-02, rel_l2_error = 3.0e-01
Model state saved to ./checkpoints/heat3d_exact\2026-03-11_10-59-08-269495\model.pth
Iteration: 2000, loss_r = 4.3e-03 ,  loss_bc = 4.5e-03,  loss_ic = 2.8e-03,  lr = 1.0e-03, time_taken = 3.6e-02, rel_l2_error = 3.0e-01
Model state saved to ./checkpoints/heat3d_exact\2026-03-11_10-59-08-269495\model.pth

=== RAR Evaluation at iteration 2000 ===
Mean residual: 4.462e-02
Added 100 point(s). Total adaptive points: 100

Iteration: 2100, loss_r = 7.0e-03 ,  loss_bc = 5.4e-03,  loss_ic = 4.2e-03,  lr = 1.0e-03, time_taken = 3.4e-02, rel_l2_error = 3.1e-01
Model state saved to ./checkpoints/heat3d_exact\2026-03-11_10-59-08-269495\model.pth
Iteration: 2200, loss_r = 3.2e-03 ,  loss_bc = 6.3e-03,  loss_ic = 5.7e-03,  lr = 1.0e-03, time_taken = 1.8e-02, rel_l2_error = 2.9e-01
Model state saved to ./checkpoints/heat3d_exact\2026-03-11_10-59-08-269495\model.pth
Iteration: 2300, loss_r = 5.9e-03 ,  loss_bc = 5.8e-03,  loss_ic = 5.5e-03,  lr = 1.0e-03, time_taken = 5.2e-02, rel_l2_error = 2.9e-01
Model state saved to ./checkpoints/heat3d_exact\2026-03-11_10-59-08-269495\model.pth
Iteration: 2400, loss_r = 4.1e-03 ,  loss_bc = 8.5e-03,  loss_ic = 2.6e-03,  lr = 1.0e-03, time_taken = 3.6e-02, rel_l2_error = 2.8e-01
Model state saved to ./checkpoints/heat3d_exact\2026-03-11_10-59-08-269495\model.pth
Iteration: 2500, loss_r = 3.9e-03 ,  loss_bc = 4.0e-03,  loss_ic = 4.2e-03,  lr = 1.0e-03, time_taken = 3.3e-02, rel_l2_error = 2.7e-01
Model state saved to ./checkpoints/heat3d_exact\2026-03-11_10-59-08-269495\model.pth
Iteration: 2600, loss_r = 3.8e-03 ,  loss_bc = 3.2e-03,  loss_ic = 2.7e-03,  lr = 1.0e-03, time_taken = 3.1e-02, rel_l2_error = 2.7e-01
Model state saved to ./checkpoints/heat3d_exact\2026-03-11_10-59-08-269495\model.pth
Iteration: 2700, loss_r = 2.6e-03 ,  loss_bc = 5.4e-03,  loss_ic = 4.6e-03,  lr = 1.0e-03, time_taken = 4.1e-02, rel_l2_error = 2.7e-01
Model state saved to ./checkpoints/heat3d_exact\2026-03-11_10-59-08-269495\model.pth
Iteration: 2800, loss_r = 2.7e-03 ,  loss_bc = 3.9e-03,  loss_ic = 2.6e-03,  lr = 1.0e-03, time_taken = 4.1e-02, rel_l2_error = 2.5e-01
Model state saved to ./checkpoints/heat3d_exact\2026-03-11_10-59-08-269495\model.pth
Iteration: 2900, loss_r = 2.5e-03 ,  loss_bc = 6.3e-03,  loss_ic = 2.6e-03,  lr = 1.0e-03, time_taken = 4.1e-02, rel_l2_error = 2.4e-01
Model state saved to ./checkpoints/heat3d_exact\2026-03-11_10-59-08-269495\model.pth
Iteration: 3000, loss_r = 2.1e-03 ,  loss_bc = 3.2e-03,  loss_ic = 3.1e-03,  lr = 1.0e-03, time_taken = 3.0e-02, rel_l2_error = 2.3e-01
Model state saved to ./checkpoints/heat3d_exact\2026-03-11_10-59-08-269495\model.pth
Iteration: 3100, loss_r = 2.1e-03 ,  loss_bc = 2.9e-03,  loss_ic = 1.7e-03,  lr = 1.0e-03, time_taken = 3.5e-02, rel_l2_error = 2.3e-01
Model state saved to ./checkpoints/heat3d_exact\2026-03-11_10-59-08-269495\model.pth
Iteration: 3200, loss_r = 2.5e-03 ,  loss_bc = 2.8e-03,  loss_ic = 2.1e-03,  lr = 1.0e-03, time_taken = 4.4e-02, rel_l2_error = 2.2e-01
Model state saved to ./checkpoints/heat3d_exact\2026-03-11_10-59-08-269495\model.pth
Iteration: 3300, loss_r = 1.5e-03 ,  loss_bc = 3.2e-03,  loss_ic = 1.7e-03,  lr = 1.0e-03, time_taken = 4.6e-02, rel_l2_error = 2.1e-01
Model state saved to ./checkpoints/heat3d_exact\2026-03-11_10-59-08-269495\model.pth
Iteration: 3400, loss_r = 1.7e-03 ,  loss_bc = 2.7e-03,  loss_ic = 1.6e-03,  lr = 1.0e-03, time_taken = 3.7e-02, rel_l2_error = 2.0e-01
Model state saved to ./checkpoints/heat3d_exact\2026-03-11_10-59-08-269495\model.pth
Iteration: 3500, loss_r = 1.7e-03 ,  loss_bc = 2.2e-03,  loss_ic = 1.4e-03,  lr = 1.0e-03, time_taken = 3.5e-02, rel_l2_error = 2.1e-01
Model state saved to ./checkpoints/heat3d_exact\2026-03-11_10-59-08-269495\model.pth
Iteration: 3600, loss_r = 2.1e-03 ,  loss_bc = 3.5e-03,  loss_ic = 1.5e-03,  lr = 1.0e-03, time_taken = 5.0e-02, rel_l2_error = 2.0e-01
Model state saved to ./checkpoints/heat3d_exact\2026-03-11_10-59-08-269495\model.pth
Iteration: 3700, loss_r = 1.4e-03 ,  loss_bc = 2.7e-03,  loss_ic = 1.3e-03,  lr = 1.0e-03, time_taken = 4.3e-02, rel_l2_error = 1.8e-01
Model state saved to ./checkpoints/heat3d_exact\2026-03-11_10-59-08-269495\model.pth
Iteration: 3800, loss_r = 2.1e-03 ,  loss_bc = 1.7e-03,  loss_ic = 1.0e-03,  lr = 1.0e-03, time_taken = 3.4e-02, rel_l2_error = 1.8e-01
Model state saved to ./checkpoints/heat3d_exact\2026-03-11_10-59-08-269495\model.pth
Iteration: 3900, loss_r = 1.6e-03 ,  loss_bc = 2.2e-03,  loss_ic = 6.2e-04,  lr = 1.0e-03, time_taken = 6.1e-02, rel_l2_error = 1.8e-01
Model state saved to ./checkpoints/heat3d_exact\2026-03-11_10-59-08-269495\model.pth
Iteration: 4000, loss_r = 1.5e-03 ,  loss_bc = 2.0e-03,  loss_ic = 9.6e-04,  lr = 1.0e-03, time_taken = 5.1e-02, rel_l2_error = 1.7e-01
Model state saved to ./checkpoints/heat3d_exact\2026-03-11_10-59-08-269495\model.pth

=== RAR Evaluation at iteration 4000 ===
Mean residual: 2.410e-02
Added 100 point(s). Total adaptive points: 200

Iteration: 4100, loss_r = 1.8e-03 ,  loss_bc = 2.3e-03,  loss_ic = 1.3e-03,  lr = 1.0e-03, time_taken = 5.6e-02, rel_l2_error = 1.8e-01
Model state saved to ./checkpoints/heat3d_exact\2026-03-11_10-59-08-269495\model.pth
Iteration: 4200, loss_r = 1.7e-03 ,  loss_bc = 2.7e-03,  loss_ic = 2.1e-03,  lr = 1.0e-03, time_taken = 5.5e-02, rel_l2_error = 1.7e-01
Model state saved to ./checkpoints/heat3d_exact\2026-03-11_10-59-08-269495\model.pth
Iteration: 4300, loss_r = 2.1e-03 ,  loss_bc = 1.7e-03,  loss_ic = 1.2e-03,  lr = 1.0e-03, time_taken = 5.5e-02, rel_l2_error = 1.8e-01
Model state saved to ./checkpoints/heat3d_exact\2026-03-11_10-59-08-269495\model.pth
Iteration: 4400, loss_r = 1.7e-03 ,  loss_bc = 2.5e-03,  loss_ic = 7.1e-04,  lr = 1.0e-03, time_taken = 6.7e-02, rel_l2_error = 1.7e-01
Model state saved to ./checkpoints/heat3d_exact\2026-03-11_10-59-08-269495\model.pth
Iteration: 4500, loss_r = 1.7e-03 ,  loss_bc = 1.8e-03,  loss_ic = 1.2e-03,  lr = 1.0e-03, time_taken = 5.8e-02, rel_l2_error = 1.6e-01
Model state saved to ./checkpoints/heat3d_exact\2026-03-11_10-59-08-269495\model.pth
Iteration: 4600, loss_r = 1.9e-03 ,  loss_bc = 1.9e-03,  loss_ic = 4.7e-04,  lr = 1.0e-03, time_taken = 9.7e-02, rel_l2_error = 1.6e-01
Model state saved to ./checkpoints/heat3d_exact\2026-03-11_10-59-08-269495\model.pth
Iteration: 4700, loss_r = 1.4e-03 ,  loss_bc = 1.9e-03,  loss_ic = 1.1e-03,  lr = 1.0e-03, time_taken = 9.1e-02, rel_l2_error = 1.6e-01
Model state saved to ./checkpoints/heat3d_exact\2026-03-11_10-59-08-269495\model.pth
Iteration: 4800, loss_r = 1.5e-03 ,  loss_bc = 2.3e-03,  loss_ic = 7.2e-04,  lr = 1.0e-03, time_taken = 6.4e-02, rel_l2_error = 1.4e-01
Model state saved to ./checkpoints/heat3d_exact\2026-03-11_10-59-08-269495\model.pth
Iteration: 4900, loss_r = 1.3e-03 ,  loss_bc = 1.7e-03,  loss_ic = 6.2e-04,  lr = 1.0e-03, time_taken = 5.7e-02, rel_l2_error = 1.6e-01
Model state saved to ./checkpoints/heat3d_exact\2026-03-11_10-59-08-269495\model.pth
Iteration: 5000, loss_r = 2.0e-03 ,  loss_bc = 1.7e-03,  loss_ic = 8.2e-04,  lr = 1.0e-03, time_taken = 7.6e-02, rel_l2_error = 1.6e-01
Model state saved to ./checkpoints/heat3d_exact\2026-03-11_10-59-08-269495\model.pth
Iteration: 5100, loss_r = 7.2e-04 ,  loss_bc = 1.5e-03,  loss_ic = 6.4e-04,  lr = 1.0e-03, time_taken = 7.7e-02, rel_l2_error = 1.6e-01
Model state saved to ./checkpoints/heat3d_exact\2026-03-11_10-59-08-269495\model.pth
Iteration: 5200, loss_r = 1.1e-03 ,  loss_bc = 1.8e-03,  loss_ic = 4.0e-04,  lr = 1.0e-03, time_taken = 4.4e-02, rel_l2_error = 1.5e-01
Model state saved to ./checkpoints/heat3d_exact\2026-03-11_10-59-08-269495\model.pth
Iteration: 5300, loss_r = 1.0e-03 ,  loss_bc = 2.0e-03,  loss_ic = 1.3e-03,  lr = 1.0e-03, time_taken = 7.3e-02, rel_l2_error = 1.5e-01
Model state saved to ./checkpoints/heat3d_exact\2026-03-11_10-59-08-269495\model.pth
Iteration: 5400, loss_r = 9.8e-04 ,  loss_bc = 1.0e-03,  loss_ic = 5.3e-04,  lr = 1.0e-03, time_taken = 1.3e-01, rel_l2_error = 1.4e-01
Model state saved to ./checkpoints/heat3d_exact\2026-03-11_10-59-08-269495\model.pth
Iteration: 5500, loss_r = 1.1e-03 ,  loss_bc = 2.1e-03,  loss_ic = 5.2e-04,  lr = 1.0e-03, time_taken = 5.6e-02, rel_l2_error = 1.5e-01
Model state saved to ./checkpoints/heat3d_exact\2026-03-11_10-59-08-269495\model.pth
Iteration: 5600, loss_r = 9.9e-04 ,  loss_bc = 1.3e-03,  loss_ic = 9.1e-04,  lr = 1.0e-03, time_taken = 9.3e-02, rel_l2_error = 1.4e-01
Model state saved to ./checkpoints/heat3d_exact\2026-03-11_10-59-08-269495\model.pth
Iteration: 5700, loss_r = 1.0e-03 ,  loss_bc = 1.5e-03,  loss_ic = 6.1e-04,  lr = 1.0e-03, time_taken = 5.8e-02, rel_l2_error = 1.3e-01
Model state saved to ./checkpoints/heat3d_exact\2026-03-11_10-59-08-269495\model.pth
Iteration: 5800, loss_r = 6.8e-04 ,  loss_bc = 1.8e-03,  loss_ic = 5.4e-04,  lr = 1.0e-03, time_taken = 5.6e-02, rel_l2_error = 1.4e-01
Model state saved to ./checkpoints/heat3d_exact\2026-03-11_10-59-08-269495\model.pth
Iteration: 5900, loss_r = 8.4e-04 ,  loss_bc = 1.1e-03,  loss_ic = 5.7e-04,  lr = 1.0e-03, time_taken = 4.6e-02, rel_l2_error = 1.3e-01
Model state saved to ./checkpoints/heat3d_exact\2026-03-11_10-59-08-269495\model.pth
Iteration: 6000, loss_r = 4.0e-04 ,  loss_bc = 1.7e-03,  loss_ic = 1.4e-03,  lr = 1.0e-03, time_taken = 5.3e-02, rel_l2_error = 1.4e-01
Model state saved to ./checkpoints/heat3d_exact\2026-03-11_10-59-08-269495\model.pth

=== RAR Evaluation at iteration 6000 ===
Mean residual: 1.864e-02
Added 100 point(s). Total adaptive points: 300

Iteration: 6100, loss_r = 1.1e-03 ,  loss_bc = 1.9e-03,  loss_ic = 6.1e-04,  lr = 1.0e-03, time_taken = 5.3e-02, rel_l2_error = 1.4e-01
Model state saved to ./checkpoints/heat3d_exact\2026-03-11_10-59-08-269495\model.pth
Iteration: 6200, loss_r = 1.0e-03 ,  loss_bc = 1.6e-03,  loss_ic = 3.9e-04,  lr = 1.0e-03, time_taken = 5.0e-02, rel_l2_error = 1.4e-01
Model state saved to ./checkpoints/heat3d_exact\2026-03-11_10-59-08-269495\model.pth
Iteration: 6300, loss_r = 1.3e-03 ,  loss_bc = 1.3e-03,  loss_ic = 5.3e-04,  lr = 1.0e-03, time_taken = 5.3e-02, rel_l2_error = 1.4e-01
Model state saved to ./checkpoints/heat3d_exact\2026-03-11_10-59-08-269495\model.pth
Iteration: 6400, loss_r = 1.2e-03 ,  loss_bc = 1.0e-03,  loss_ic = 1.2e-03,  lr = 1.0e-03, time_taken = 5.3e-02, rel_l2_error = 1.5e-01
Model state saved to ./checkpoints/heat3d_exact\2026-03-11_10-59-08-269495\model.pth
Iteration: 6500, loss_r = 1.3e-03 ,  loss_bc = 1.2e-03,  loss_ic = 8.4e-04,  lr = 1.0e-03, time_taken = 5.0e-02, rel_l2_error = 1.3e-01
Model state saved to ./checkpoints/heat3d_exact\2026-03-11_10-59-08-269495\model.pth
Iteration: 6600, loss_r = 8.1e-04 ,  loss_bc = 1.4e-03,  loss_ic = 4.8e-04,  lr = 1.0e-03, time_taken = 3.7e-02, rel_l2_error = 1.4e-01
Model state saved to ./checkpoints/heat3d_exact\2026-03-11_10-59-08-269495\model.pth
Iteration: 6700, loss_r = 7.4e-04 ,  loss_bc = 2.1e-03,  loss_ic = 6.5e-04,  lr = 1.0e-03, time_taken = 5.0e-02, rel_l2_error = 1.2e-01
Model state saved to ./checkpoints/heat3d_exact\2026-03-11_10-59-08-269495\model.pth
Iteration: 6800, loss_r = 8.4e-04 ,  loss_bc = 1.1e-03,  loss_ic = 5.3e-04,  lr = 1.0e-03, time_taken = 4.7e-02, rel_l2_error = 1.2e-01
Model state saved to ./checkpoints/heat3d_exact\2026-03-11_10-59-08-269495\model.pth
Iteration: 6900, loss_r = 6.2e-04 ,  loss_bc = 1.0e-03,  loss_ic = 5.3e-04,  lr = 1.0e-03, time_taken = 5.0e-02, rel_l2_error = 1.2e-01
Model state saved to ./checkpoints/heat3d_exact\2026-03-11_10-59-08-269495\model.pth
Iteration: 7000, loss_r = 4.8e-04 ,  loss_bc = 1.3e-03,  loss_ic = 4.0e-04,  lr = 1.0e-03, time_taken = 4.7e-02, rel_l2_error = 1.3e-01
Model state saved to ./checkpoints/heat3d_exact\2026-03-11_10-59-08-269495\model.pth
Iteration: 7100, loss_r = 5.3e-04 ,  loss_bc = 1.5e-03,  loss_ic = 5.0e-04,  lr = 1.0e-03, time_taken = 6.2e-02, rel_l2_error = 1.2e-01
Model state saved to ./checkpoints/heat3d_exact\2026-03-11_10-59-08-269495\model.pth
Iteration: 7200, loss_r = 8.9e-04 ,  loss_bc = 1.0e-03,  loss_ic = 3.7e-04,  lr = 1.0e-03, time_taken = 5.4e-02, rel_l2_error = 1.2e-01
Model state saved to ./checkpoints/heat3d_exact\2026-03-11_10-59-08-269495\model.pth
Iteration: 7300, loss_r = 5.6e-04 ,  loss_bc = 1.1e-03,  loss_ic = 3.9e-04,  lr = 1.0e-03, time_taken = 6.3e-02, rel_l2_error = 1.3e-01
Model state saved to ./checkpoints/heat3d_exact\2026-03-11_10-59-08-269495\model.pth
Iteration: 7400, loss_r = 6.4e-04 ,  loss_bc = 1.1e-03,  loss_ic = 5.1e-04,  lr = 1.0e-03, time_taken = 4.4e-02, rel_l2_error = 1.2e-01
Model state saved to ./checkpoints/heat3d_exact\2026-03-11_10-59-08-269495\model.pth
Iteration: 7500, loss_r = 5.0e-04 ,  loss_bc = 1.1e-03,  loss_ic = 2.8e-04,  lr = 1.0e-03, time_taken = 5.1e-02, rel_l2_error = 1.1e-01
Model state saved to ./checkpoints/heat3d_exact\2026-03-11_10-59-08-269495\model.pth
Iteration: 7600, loss_r = 4.8e-04 ,  loss_bc = 1.0e-03,  loss_ic = 3.3e-04,  lr = 1.0e-03, time_taken = 5.1e-02, rel_l2_error = 1.1e-01
Model state saved to ./checkpoints/heat3d_exact\2026-03-11_10-59-08-269495\model.pth
Iteration: 7700, loss_r = 6.7e-04 ,  loss_bc = 1.2e-03,  loss_ic = 3.8e-04,  lr = 1.0e-03, time_taken = 3.3e-02, rel_l2_error = 1.2e-01
Model state saved to ./checkpoints/heat3d_exact\2026-03-11_10-59-08-269495\model.pth
Iteration: 7800, loss_r = 4.5e-04 ,  loss_bc = 9.3e-04,  loss_ic = 4.4e-04,  lr = 1.0e-03, time_taken = 4.1e-02, rel_l2_error = 1.1e-01
Model state saved to ./checkpoints/heat3d_exact\2026-03-11_10-59-08-269495\model.pth
Iteration: 7900, loss_r = 5.5e-04 ,  loss_bc = 9.4e-04,  loss_ic = 3.1e-04,  lr = 1.0e-03, time_taken = 3.3e-02, rel_l2_error = 1.1e-01
Model state saved to ./checkpoints/heat3d_exact\2026-03-11_10-59-08-269495\model.pth
Iteration: 8000, loss_r = 4.5e-04 ,  loss_bc = 1.1e-03,  loss_ic = 2.9e-04,  lr = 1.0e-03, time_taken = 3.6e-02, rel_l2_error = 1.1e-01
Model state saved to ./checkpoints/heat3d_exact\2026-03-11_10-59-08-269495\model.pth

=== RAR Evaluation at iteration 8000 ===
Mean residual: 1.306e-02
Added 100 point(s). Total adaptive points: 400

Iteration: 8100, loss_r = 4.6e-04 ,  loss_bc = 1.1e-03,  loss_ic = 2.6e-04,  lr = 1.0e-03, time_taken = 5.0e-02, rel_l2_error = 1.2e-01
Model state saved to ./checkpoints/heat3d_exact\2026-03-11_10-59-08-269495\model.pth
Iteration: 8200, loss_r = 4.9e-04 ,  loss_bc = 8.5e-04,  loss_ic = 1.6e-04,  lr = 1.0e-03, time_taken = 3.8e-02, rel_l2_error = 1.1e-01
Model state saved to ./checkpoints/heat3d_exact\2026-03-11_10-59-08-269495\model.pth
Iteration: 8300, loss_r = 8.2e-04 ,  loss_bc = 1.4e-03,  loss_ic = 9.9e-04,  lr = 1.0e-03, time_taken = 4.6e-02, rel_l2_error = 1.0e-01
Model state saved to ./checkpoints/heat3d_exact\2026-03-11_10-59-08-269495\model.pth
Iteration: 8400, loss_r = 5.3e-04 ,  loss_bc = 7.3e-04,  loss_ic = 2.6e-04,  lr = 1.0e-03, time_taken = 3.0e-02, rel_l2_error = 1.2e-01
Model state saved to ./checkpoints/heat3d_exact\2026-03-11_10-59-08-269495\model.pth
Iteration: 8500, loss_r = 9.9e-04 ,  loss_bc = 6.6e-04,  loss_ic = 1.9e-04,  lr = 1.0e-03, time_taken = 1.7e-02, rel_l2_error = 1.1e-01
Model state saved to ./checkpoints/heat3d_exact\2026-03-11_10-59-08-269495\model.pth
Iteration: 8600, loss_r = 6.3e-04 ,  loss_bc = 7.7e-04,  loss_ic = 2.8e-04,  lr = 1.0e-03, time_taken = 2.6e-02, rel_l2_error = 1.1e-01
Model state saved to ./checkpoints/heat3d_exact\2026-03-11_10-59-08-269495\model.pth
Iteration: 8700, loss_r = 4.1e-04 ,  loss_bc = 6.1e-04,  loss_ic = 3.4e-04,  lr = 1.0e-03, time_taken = 4.6e-02, rel_l2_error = 1.0e-01
Model state saved to ./checkpoints/heat3d_exact\2026-03-11_10-59-08-269495\model.pth
Iteration: 8800, loss_r = 6.3e-04 ,  loss_bc = 5.8e-04,  loss_ic = 4.4e-04,  lr = 1.0e-03, time_taken = 2.6e-02, rel_l2_error = 1.1e-01
Model state saved to ./checkpoints/heat3d_exact\2026-03-11_10-59-08-269495\model.pth
Iteration: 8900, loss_r = 6.3e-04 ,  loss_bc = 5.2e-04,  loss_ic = 2.4e-04,  lr = 1.0e-03, time_taken = 3.5e-02, rel_l2_error = 1.2e-01
Model state saved to ./checkpoints/heat3d_exact\2026-03-11_10-59-08-269495\model.pth
Iteration: 9000, loss_r = 8.1e-04 ,  loss_bc = 1.0e-03,  loss_ic = 2.2e-04,  lr = 1.0e-03, time_taken = 2.6e-02, rel_l2_error = 1.0e-01
Model state saved to ./checkpoints/heat3d_exact\2026-03-11_10-59-08-269495\model.pth
Iteration: 9100, loss_r = 5.5e-04 ,  loss_bc = 7.6e-04,  loss_ic = 4.1e-04,  lr = 1.0e-03, time_taken = 3.4e-02, rel_l2_error = 1.2e-01
Model state saved to ./checkpoints/heat3d_exact\2026-03-11_10-59-08-269495\model.pth
Iteration: 9200, loss_r = 3.7e-04 ,  loss_bc = 7.5e-04,  loss_ic = 4.6e-04,  lr = 1.0e-03, time_taken = 3.6e-02, rel_l2_error = 1.1e-01
Model state saved to ./checkpoints/heat3d_exact\2026-03-11_10-59-08-269495\model.pth
Iteration: 9300, loss_r = 4.0e-04 ,  loss_bc = 1.4e-03,  loss_ic = 2.4e-04,  lr = 1.0e-03, time_taken = 4.0e-02, rel_l2_error = 9.6e-02
Model state saved to ./checkpoints/heat3d_exact\2026-03-11_10-59-08-269495\model.pth
Iteration: 9400, loss_r = 3.7e-04 ,  loss_bc = 6.9e-04,  loss_ic = 2.2e-04,  lr = 1.0e-03, time_taken = 4.8e-02, rel_l2_error = 9.7e-02
Model state saved to ./checkpoints/heat3d_exact\2026-03-11_10-59-08-269495\model.pth
Iteration: 9500, loss_r = 5.9e-04 ,  loss_bc = 1.0e-03,  loss_ic = 3.0e-04,  lr = 1.0e-03, time_taken = 3.4e-02, rel_l2_error = 9.9e-02
Model state saved to ./checkpoints/heat3d_exact\2026-03-11_10-59-08-269495\model.pth
Iteration: 9600, loss_r = 3.8e-04 ,  loss_bc = 7.7e-04,  loss_ic = 4.0e-04,  lr = 1.0e-03, time_taken = 4.0e-02, rel_l2_error = 9.9e-02
Model state saved to ./checkpoints/heat3d_exact\2026-03-11_10-59-08-269495\model.pth
Iteration: 9700, loss_r = 3.2e-04 ,  loss_bc = 4.6e-04,  loss_ic = 1.2e-04,  lr = 1.0e-03, time_taken = 2.4e-02, rel_l2_error = 8.8e-02
Model state saved to ./checkpoints/heat3d_exact\2026-03-11_10-59-08-269495\model.pth
Iteration: 9800, loss_r = 4.8e-04 ,  loss_bc = 7.9e-04,  loss_ic = 2.0e-04,  lr = 1.0e-03, time_taken = 2.1e-02, rel_l2_error = 9.1e-02
Model state saved to ./checkpoints/heat3d_exact\2026-03-11_10-59-08-269495\model.pth
Iteration: 9900, loss_r = 1.9e-04 ,  loss_bc = 6.6e-04,  loss_ic = 2.1e-04,  lr = 1.0e-03, time_taken = 3.5e-02, rel_l2_error = 1.1e-01
Model state saved to ./checkpoints/heat3d_exact\2026-03-11_10-59-08-269495\model.pth

=== Switching to LBFGS optimizer at iteration 10000 ===
Using scipy L-BFGS-B optimizer
Optimizer: L-BFGS-B (maxiter=10000, factr=1000.0, m=100, maxls=50, pgtol=1e-14)
L-BFGS Iteration: 0, Loss: 1.045679e-03
L-BFGS Iteration: 1, Loss: 1.021284e-03, Relative L2 Error: 9.574259e-02
L-BFGS: Time for 100 iterations = 12.9909 s
L-BFGS Iteration: 100, Loss: 4.001455e-04, Relative L2 Error: 6.573125e-02
L-BFGS Iteration: 200, Loss: 2.206056e-04, Relative L2 Error: 5.396106e-02
L-BFGS Iteration: 300, Loss: 1.385447e-04, Relative L2 Error: 4.921246e-02
L-BFGS Iteration: 400, Loss: 9.988534e-05, Relative L2 Error: 4.349045e-02
L-BFGS Iteration: 500, Loss: 7.785830e-05, Relative L2 Error: 3.935597e-02
L-BFGS Iteration: 600, Loss: 6.458579e-05, Relative L2 Error: 3.778259e-02
L-BFGS Iteration: 700, Loss: 5.216389e-05, Relative L2 Error: 3.900470e-02
L-BFGS Iteration: 800, Loss: 4.454518e-05, Relative L2 Error: 4.021322e-02
L-BFGS Iteration: 900, Loss: 3.846011e-05, Relative L2 Error: 3.882433e-02
L-BFGS Iteration: 1000, Loss: 3.348886e-05, Relative L2 Error: 3.676023e-02
L-BFGS Iteration: 1100, Loss: 2.960250e-05, Relative L2 Error: 3.609060e-02
L-BFGS Iteration: 1200, Loss: 2.701023e-05, Relative L2 Error: 3.557994e-02
L-BFGS Iteration: 1300, Loss: 2.459997e-05, Relative L2 Error: 3.345344e-02
L-BFGS Iteration: 1400, Loss: 2.243084e-05, Relative L2 Error: 3.470945e-02
L-BFGS Iteration: 1500, Loss: 2.086503e-05, Relative L2 Error: 3.116583e-02
L-BFGS Iteration: 1600, Loss: 1.939692e-05, Relative L2 Error: 3.193026e-02
L-BFGS Iteration: 1700, Loss: 1.818250e-05, Relative L2 Error: 2.924443e-02
L-BFGS Iteration: 1800, Loss: 1.722506e-05, Relative L2 Error: 2.777728e-02
L-BFGS Iteration: 1900, Loss: 1.631825e-05, Relative L2 Error: 2.798052e-02
L-BFGS Iteration: 2000, Loss: 1.560265e-05, Relative L2 Error: 2.745743e-02
L-BFGS Iteration: 2100, Loss: 1.441253e-05, Relative L2 Error: 2.607610e-02
L-BFGS Iteration: 2200, Loss: 1.351423e-05, Relative L2 Error: 2.595440e-02
L-BFGS Iteration: 2300, Loss: 1.280356e-05, Relative L2 Error: 2.493389e-02
L-BFGS Iteration: 2400, Loss: 1.190483e-05, Relative L2 Error: 2.496007e-02
L-BFGS Iteration: 2500, Loss: 1.114764e-05, Relative L2 Error: 2.305606e-02
L-BFGS Iteration: 2600, Loss: 1.053186e-05, Relative L2 Error: 2.110450e-02
L-BFGS Iteration: 2700, Loss: 9.937241e-06, Relative L2 Error: 2.096544e-02
L-BFGS Iteration: 2800, Loss: 9.395619e-06, Relative L2 Error: 2.029947e-02
L-BFGS Iteration: 2900, Loss: 8.989645e-06, Relative L2 Error: 2.020994e-02
L-BFGS Iteration: 3000, Loss: 8.557359e-06, Relative L2 Error: 1.905399e-02
L-BFGS Iteration: 3100, Loss: 8.174045e-06, Relative L2 Error: 1.970794e-02
L-BFGS Iteration: 3200, Loss: 7.777607e-06, Relative L2 Error: 1.929781e-02
L-BFGS Iteration: 3300, Loss: 7.350293e-06, Relative L2 Error: 1.905671e-02
L-BFGS Iteration: 3400, Loss: 6.995512e-06, Relative L2 Error: 1.888963e-02
L-BFGS Iteration: 3500, Loss: 6.678399e-06, Relative L2 Error: 1.817010e-02
L-BFGS Iteration: 3600, Loss: 6.421879e-06, Relative L2 Error: 1.749565e-02
L-BFGS Iteration: 3700, Loss: 6.177448e-06, Relative L2 Error: 1.723266e-02
L-BFGS Iteration: 3800, Loss: 5.874251e-06, Relative L2 Error: 1.739217e-02
L-BFGS Iteration: 3900, Loss: 5.609666e-06, Relative L2 Error: 1.739762e-02
L-BFGS Iteration: 4000, Loss: 5.341763e-06, Relative L2 Error: 1.655344e-02
L-BFGS Iteration: 4100, Loss: 5.165209e-06, Relative L2 Error: 1.762082e-02
L-BFGS Iteration: 4200, Loss: 4.942282e-06, Relative L2 Error: 1.672031e-02
L-BFGS Iteration: 4300, Loss: 4.742429e-06, Relative L2 Error: 1.633970e-02
L-BFGS Iteration: 4400, Loss: 4.605266e-06, Relative L2 Error: 1.614121e-02
L-BFGS Iteration: 4500, Loss: 4.431304e-06, Relative L2 Error: 1.619276e-02
L-BFGS Iteration: 4600, Loss: 4.272530e-06, Relative L2 Error: 1.569876e-02
L-BFGS Iteration: 4700, Loss: 4.141508e-06, Relative L2 Error: 1.563857e-02
L-BFGS Iteration: 4800, Loss: 3.999674e-06, Relative L2 Error: 1.614120e-02
L-BFGS Iteration: 4900, Loss: 3.898644e-06, Relative L2 Error: 1.630926e-02
L-BFGS Iteration: 5000, Loss: 3.805925e-06, Relative L2 Error: 1.526840e-02
L-BFGS Iteration: 5100, Loss: 3.699136e-06, Relative L2 Error: 1.499032e-02
L-BFGS Iteration: 5200, Loss: 3.594410e-06, Relative L2 Error: 1.603136e-02
L-BFGS Iteration: 5300, Loss: 3.478618e-06, Relative L2 Error: 1.497253e-02
L-BFGS Iteration: 5400, Loss: 3.405481e-06, Relative L2 Error: 1.568752e-02
L-BFGS Iteration: 5500, Loss: 3.315377e-06, Relative L2 Error: 1.562874e-02
L-BFGS training completed after 5574 iterations
Model state saved to ./checkpoints/heat3d_exact\2026-03-11_10-59-08-269495\model.pth
Training completed successfully!
Relative L2 error (eval data): 1.46e-02
Saved solution comparison heatmaps to: ./checkpoints/heat3d_exact\2026-03-11_10-59-08-269495\solution_comparison_heat3d.png
