Random seed set to: 68
Solving 3D heat equation u_t = alpha (u_{xx}+u_{yy}+u_{zz}) on [0,1]^3 with homogeneous Dirichlet BC
checkpoint path: self.log_path='./checkpoints/heat3d_exact\\2026-03-07_18-17-58-241977'
Using Classical Solver2
The settings used:
batch_size : 64
epochs : 20000
lr : 0.001
seed : 68
print_every : 100
log_path : ./checkpoints/heat3d_exact
input_dim : 4
output_dim : 1
num_qubits : 5
hidden_dim : 20
num_quantum_layers : 1
classic_network : [4, 20, 1]
q_ansatz : cross_mesh
mode : hybrid
activation : tanh
shots : None
problem : heat3d_exact
solver : Classical2
device : cpu
method : None
cutoff_dim : 20
class : CVNeuralNetwork1
encoding : angle
use_rar : False
rar_eval_freq : 2000
rar_threshold : 0.0005
rar_num_candidates : 10000
rar_num_add : 100
use_hybrid_optimizer : True
adam_iterations : 10000
use_scipy_lbfgs : True
lbfgs_lr : 1
lbfgs_line_search : strong_wolfe
lbfgs_tolerance_grad : 1e-05
lbfgs_tolerance_change : 1e-07
lbfgs_maxiter : 10000
lbfgs_factr : 1000.0
lbfgs_pgtol : 1e-14
lbfgs_maxls : 50
lbfgs_m : 100
lbfgs_eval_every : 100
domainN : 500
boundaryN : 50
initialN : 50
eval_total_points : 10000
nx : 200
nt : 200
y0 : 0.5
z0 : 0.5
alpha : 0.1
Total number of parameters: 2221
Iteration: 0, loss_r = 1.8e-02 ,  loss_bc = 3.9e-01,  loss_ic = 1.5e-01,  lr = 1.0e-03, time_taken = 5.2e-02, rel_l2_error = 1.4e+00
Model state saved to ./checkpoints/heat3d_exact\2026-03-07_18-17-58-241977\model.pth
Iteration: 100, loss_r = 4.1e-03 ,  loss_bc = 1.4e-02,  loss_ic = 5.0e-02,  lr = 1.0e-03, time_taken = 2.1e-02, rel_l2_error = 7.3e-01
Model state saved to ./checkpoints/heat3d_exact\2026-03-07_18-17-58-241977\model.pth
Iteration: 200, loss_r = 4.8e-03 ,  loss_bc = 1.0e-02,  loss_ic = 4.7e-02,  lr = 1.0e-03, time_taken = 2.9e-02, rel_l2_error = 6.7e-01
Model state saved to ./checkpoints/heat3d_exact\2026-03-07_18-17-58-241977\model.pth
Iteration: 300, loss_r = 4.8e-03 ,  loss_bc = 1.7e-02,  loss_ic = 4.8e-02,  lr = 1.0e-03, time_taken = 1.9e-02, rel_l2_error = 5.9e-01
Model state saved to ./checkpoints/heat3d_exact\2026-03-07_18-17-58-241977\model.pth
Iteration: 400, loss_r = 3.3e-03 ,  loss_bc = 1.0e-02,  loss_ic = 3.6e-02,  lr = 1.0e-03, time_taken = 2.6e-02, rel_l2_error = 5.2e-01
Model state saved to ./checkpoints/heat3d_exact\2026-03-07_18-17-58-241977\model.pth
Iteration: 500, loss_r = 5.2e-03 ,  loss_bc = 8.3e-03,  loss_ic = 1.3e-02,  lr = 1.0e-03, time_taken = 2.0e-02, rel_l2_error = 4.6e-01
Model state saved to ./checkpoints/heat3d_exact\2026-03-07_18-17-58-241977\model.pth
Iteration: 600, loss_r = 2.7e-03 ,  loss_bc = 1.1e-02,  loss_ic = 1.9e-02,  lr = 1.0e-03, time_taken = 2.8e-02, rel_l2_error = 4.1e-01
Model state saved to ./checkpoints/heat3d_exact\2026-03-07_18-17-58-241977\model.pth
Iteration: 700, loss_r = 6.8e-03 ,  loss_bc = 8.9e-03,  loss_ic = 8.8e-03,  lr = 1.0e-03, time_taken = 1.8e-02, rel_l2_error = 3.5e-01
Model state saved to ./checkpoints/heat3d_exact\2026-03-07_18-17-58-241977\model.pth
Iteration: 800, loss_r = 2.5e-03 ,  loss_bc = 5.4e-03,  loss_ic = 1.4e-02,  lr = 1.0e-03, time_taken = 1.8e-02, rel_l2_error = 3.0e-01
Model state saved to ./checkpoints/heat3d_exact\2026-03-07_18-17-58-241977\model.pth
Iteration: 900, loss_r = 3.4e-03 ,  loss_bc = 5.1e-03,  loss_ic = 6.8e-03,  lr = 1.0e-03, time_taken = 1.7e-02, rel_l2_error = 2.7e-01
Model state saved to ./checkpoints/heat3d_exact\2026-03-07_18-17-58-241977\model.pth
Iteration: 1000, loss_r = 4.2e-03 ,  loss_bc = 5.4e-03,  loss_ic = 6.5e-03,  lr = 1.0e-03, time_taken = 2.6e-02, rel_l2_error = 2.5e-01
Model state saved to ./checkpoints/heat3d_exact\2026-03-07_18-17-58-241977\model.pth
Iteration: 1100, loss_r = 3.0e-03 ,  loss_bc = 4.0e-03,  loss_ic = 2.8e-03,  lr = 1.0e-03, time_taken = 1.8e-02, rel_l2_error = 2.4e-01
Model state saved to ./checkpoints/heat3d_exact\2026-03-07_18-17-58-241977\model.pth
Iteration: 1200, loss_r = 2.6e-03 ,  loss_bc = 5.0e-03,  loss_ic = 3.6e-03,  lr = 1.0e-03, time_taken = 1.7e-02, rel_l2_error = 2.2e-01
Model state saved to ./checkpoints/heat3d_exact\2026-03-07_18-17-58-241977\model.pth
Iteration: 1300, loss_r = 4.2e-03 ,  loss_bc = 3.9e-03,  loss_ic = 2.3e-03,  lr = 1.0e-03, time_taken = 1.9e-02, rel_l2_error = 2.2e-01
Model state saved to ./checkpoints/heat3d_exact\2026-03-07_18-17-58-241977\model.pth
Iteration: 1400, loss_r = 2.2e-03 ,  loss_bc = 3.7e-03,  loss_ic = 2.9e-03,  lr = 1.0e-03, time_taken = 1.9e-02, rel_l2_error = 2.1e-01
Model state saved to ./checkpoints/heat3d_exact\2026-03-07_18-17-58-241977\model.pth
Iteration: 1500, loss_r = 1.6e-03 ,  loss_bc = 3.4e-03,  loss_ic = 2.1e-03,  lr = 1.0e-03, time_taken = 2.1e-02, rel_l2_error = 2.1e-01
Model state saved to ./checkpoints/heat3d_exact\2026-03-07_18-17-58-241977\model.pth
Iteration: 1600, loss_r = 2.5e-03 ,  loss_bc = 3.3e-03,  loss_ic = 1.7e-03,  lr = 1.0e-03, time_taken = 2.2e-02, rel_l2_error = 1.8e-01
Model state saved to ./checkpoints/heat3d_exact\2026-03-07_18-17-58-241977\model.pth
Iteration: 1700, loss_r = 1.8e-03 ,  loss_bc = 2.8e-03,  loss_ic = 1.9e-03,  lr = 1.0e-03, time_taken = 2.0e-02, rel_l2_error = 1.9e-01
Model state saved to ./checkpoints/heat3d_exact\2026-03-07_18-17-58-241977\model.pth
Iteration: 1800, loss_r = 2.1e-03 ,  loss_bc = 2.6e-03,  loss_ic = 1.7e-03,  lr = 1.0e-03, time_taken = 1.8e-02, rel_l2_error = 1.7e-01
Model state saved to ./checkpoints/heat3d_exact\2026-03-07_18-17-58-241977\model.pth
Iteration: 1900, loss_r = 2.7e-03 ,  loss_bc = 2.6e-03,  loss_ic = 1.0e-03,  lr = 1.0e-03, time_taken = 1.9e-02, rel_l2_error = 1.9e-01
Model state saved to ./checkpoints/heat3d_exact\2026-03-07_18-17-58-241977\model.pth
Iteration: 2000, loss_r = 1.8e-03 ,  loss_bc = 2.3e-03,  loss_ic = 2.1e-03,  lr = 1.0e-03, time_taken = 1.9e-02, rel_l2_error = 1.8e-01
Model state saved to ./checkpoints/heat3d_exact\2026-03-07_18-17-58-241977\model.pth
Iteration: 2100, loss_r = 3.3e-03 ,  loss_bc = 2.0e-03,  loss_ic = 1.5e-03,  lr = 1.0e-03, time_taken = 1.8e-02, rel_l2_error = 1.7e-01
Model state saved to ./checkpoints/heat3d_exact\2026-03-07_18-17-58-241977\model.pth
Iteration: 2200, loss_r = 2.7e-03 ,  loss_bc = 2.3e-03,  loss_ic = 7.9e-04,  lr = 1.0e-03, time_taken = 3.0e-02, rel_l2_error = 1.6e-01
Model state saved to ./checkpoints/heat3d_exact\2026-03-07_18-17-58-241977\model.pth
Iteration: 2300, loss_r = 1.4e-03 ,  loss_bc = 2.4e-03,  loss_ic = 7.5e-04,  lr = 1.0e-03, time_taken = 2.1e-02, rel_l2_error = 1.6e-01
Model state saved to ./checkpoints/heat3d_exact\2026-03-07_18-17-58-241977\model.pth
Iteration: 2400, loss_r = 1.4e-03 ,  loss_bc = 2.2e-03,  loss_ic = 8.7e-04,  lr = 1.0e-03, time_taken = 2.0e-02, rel_l2_error = 1.5e-01
Model state saved to ./checkpoints/heat3d_exact\2026-03-07_18-17-58-241977\model.pth
Iteration: 2500, loss_r = 1.4e-03 ,  loss_bc = 2.5e-03,  loss_ic = 8.4e-04,  lr = 1.0e-03, time_taken = 1.8e-02, rel_l2_error = 1.6e-01
Model state saved to ./checkpoints/heat3d_exact\2026-03-07_18-17-58-241977\model.pth
Iteration: 2600, loss_r = 1.4e-03 ,  loss_bc = 1.5e-03,  loss_ic = 1.4e-03,  lr = 1.0e-03, time_taken = 1.8e-02, rel_l2_error = 1.7e-01
Model state saved to ./checkpoints/heat3d_exact\2026-03-07_18-17-58-241977\model.pth
Iteration: 2700, loss_r = 1.7e-03 ,  loss_bc = 2.5e-03,  loss_ic = 8.8e-04,  lr = 1.0e-03, time_taken = 1.8e-02, rel_l2_error = 1.6e-01
Model state saved to ./checkpoints/heat3d_exact\2026-03-07_18-17-58-241977\model.pth
Iteration: 2800, loss_r = 8.8e-04 ,  loss_bc = 1.5e-03,  loss_ic = 6.9e-04,  lr = 1.0e-03, time_taken = 1.8e-02, rel_l2_error = 1.5e-01
Model state saved to ./checkpoints/heat3d_exact\2026-03-07_18-17-58-241977\model.pth
Iteration: 2900, loss_r = 1.6e-03 ,  loss_bc = 1.5e-03,  loss_ic = 5.8e-04,  lr = 1.0e-03, time_taken = 1.9e-02, rel_l2_error = 1.3e-01
Model state saved to ./checkpoints/heat3d_exact\2026-03-07_18-17-58-241977\model.pth
Iteration: 3000, loss_r = 1.5e-03 ,  loss_bc = 2.1e-03,  loss_ic = 6.6e-04,  lr = 1.0e-03, time_taken = 2.2e-02, rel_l2_error = 1.4e-01
Model state saved to ./checkpoints/heat3d_exact\2026-03-07_18-17-58-241977\model.pth
Iteration: 3100, loss_r = 9.2e-04 ,  loss_bc = 1.6e-03,  loss_ic = 4.8e-04,  lr = 1.0e-03, time_taken = 2.8e-02, rel_l2_error = 1.4e-01
Model state saved to ./checkpoints/heat3d_exact\2026-03-07_18-17-58-241977\model.pth
Iteration: 3200, loss_r = 1.1e-03 ,  loss_bc = 1.6e-03,  loss_ic = 8.4e-04,  lr = 1.0e-03, time_taken = 1.9e-02, rel_l2_error = 1.3e-01
Model state saved to ./checkpoints/heat3d_exact\2026-03-07_18-17-58-241977\model.pth
Iteration: 3300, loss_r = 1.2e-03 ,  loss_bc = 1.6e-03,  loss_ic = 4.9e-04,  lr = 1.0e-03, time_taken = 1.9e-02, rel_l2_error = 1.3e-01
Model state saved to ./checkpoints/heat3d_exact\2026-03-07_18-17-58-241977\model.pth
Iteration: 3400, loss_r = 1.5e-03 ,  loss_bc = 1.2e-03,  loss_ic = 4.8e-04,  lr = 1.0e-03, time_taken = 2.6e-02, rel_l2_error = 1.3e-01
Model state saved to ./checkpoints/heat3d_exact\2026-03-07_18-17-58-241977\model.pth
Iteration: 3500, loss_r = 1.0e-03 ,  loss_bc = 1.0e-03,  loss_ic = 4.6e-04,  lr = 1.0e-03, time_taken = 2.7e-02, rel_l2_error = 1.4e-01
Model state saved to ./checkpoints/heat3d_exact\2026-03-07_18-17-58-241977\model.pth
Iteration: 3600, loss_r = 8.7e-04 ,  loss_bc = 1.2e-03,  loss_ic = 3.9e-04,  lr = 1.0e-03, time_taken = 2.1e-02, rel_l2_error = 1.4e-01
Model state saved to ./checkpoints/heat3d_exact\2026-03-07_18-17-58-241977\model.pth
Iteration: 3700, loss_r = 1.0e-03 ,  loss_bc = 1.1e-03,  loss_ic = 5.1e-04,  lr = 1.0e-03, time_taken = 2.1e-02, rel_l2_error = 1.2e-01
Model state saved to ./checkpoints/heat3d_exact\2026-03-07_18-17-58-241977\model.pth
Iteration: 3800, loss_r = 1.7e-03 ,  loss_bc = 9.7e-04,  loss_ic = 2.7e-04,  lr = 1.0e-03, time_taken = 2.3e-02, rel_l2_error = 1.3e-01
Model state saved to ./checkpoints/heat3d_exact\2026-03-07_18-17-58-241977\model.pth
Iteration: 3900, loss_r = 9.0e-04 ,  loss_bc = 1.0e-03,  loss_ic = 3.6e-04,  lr = 1.0e-03, time_taken = 1.6e-02, rel_l2_error = 1.2e-01
Model state saved to ./checkpoints/heat3d_exact\2026-03-07_18-17-58-241977\model.pth
Iteration: 4000, loss_r = 8.3e-04 ,  loss_bc = 7.8e-04,  loss_ic = 3.5e-04,  lr = 1.0e-03, time_taken = 2.0e-02, rel_l2_error = 1.2e-01
Model state saved to ./checkpoints/heat3d_exact\2026-03-07_18-17-58-241977\model.pth
Iteration: 4100, loss_r = 4.6e-04 ,  loss_bc = 1.0e-03,  loss_ic = 2.9e-04,  lr = 1.0e-03, time_taken = 1.9e-02, rel_l2_error = 1.1e-01
Model state saved to ./checkpoints/heat3d_exact\2026-03-07_18-17-58-241977\model.pth
Iteration: 4200, loss_r = 5.9e-04 ,  loss_bc = 7.5e-04,  loss_ic = 4.9e-04,  lr = 1.0e-03, time_taken = 1.9e-02, rel_l2_error = 1.3e-01
Model state saved to ./checkpoints/heat3d_exact\2026-03-07_18-17-58-241977\model.pth
Iteration: 4300, loss_r = 6.6e-04 ,  loss_bc = 6.6e-04,  loss_ic = 2.8e-04,  lr = 1.0e-03, time_taken = 2.6e-02, rel_l2_error = 1.1e-01
Model state saved to ./checkpoints/heat3d_exact\2026-03-07_18-17-58-241977\model.pth
Iteration: 4400, loss_r = 8.8e-04 ,  loss_bc = 7.2e-04,  loss_ic = 4.1e-04,  lr = 1.0e-03, time_taken = 2.1e-02, rel_l2_error = 1.5e-01
Model state saved to ./checkpoints/heat3d_exact\2026-03-07_18-17-58-241977\model.pth
Iteration: 4500, loss_r = 6.7e-04 ,  loss_bc = 8.5e-04,  loss_ic = 4.4e-04,  lr = 1.0e-03, time_taken = 1.8e-02, rel_l2_error = 1.2e-01
Model state saved to ./checkpoints/heat3d_exact\2026-03-07_18-17-58-241977\model.pth
Iteration: 4600, loss_r = 6.5e-04 ,  loss_bc = 8.2e-04,  loss_ic = 2.7e-04,  lr = 1.0e-03, time_taken = 1.9e-02, rel_l2_error = 1.2e-01
Model state saved to ./checkpoints/heat3d_exact\2026-03-07_18-17-58-241977\model.pth
Iteration: 4700, loss_r = 5.0e-04 ,  loss_bc = 5.1e-04,  loss_ic = 2.9e-04,  lr = 1.0e-03, time_taken = 1.9e-02, rel_l2_error = 1.3e-01
Model state saved to ./checkpoints/heat3d_exact\2026-03-07_18-17-58-241977\model.pth
Iteration: 4800, loss_r = 3.4e-04 ,  loss_bc = 4.7e-04,  loss_ic = 4.8e-04,  lr = 1.0e-03, time_taken = 1.7e-02, rel_l2_error = 1.2e-01
Model state saved to ./checkpoints/heat3d_exact\2026-03-07_18-17-58-241977\model.pth
Iteration: 4900, loss_r = 6.0e-04 ,  loss_bc = 5.1e-04,  loss_ic = 1.8e-04,  lr = 1.0e-03, time_taken = 1.9e-02, rel_l2_error = 1.1e-01
Model state saved to ./checkpoints/heat3d_exact\2026-03-07_18-17-58-241977\model.pth
Iteration: 5000, loss_r = 7.3e-04 ,  loss_bc = 4.6e-04,  loss_ic = 2.3e-04,  lr = 1.0e-03, time_taken = 1.6e-02, rel_l2_error = 1.0e-01
Model state saved to ./checkpoints/heat3d_exact\2026-03-07_18-17-58-241977\model.pth
Iteration: 5100, loss_r = 7.1e-04 ,  loss_bc = 5.3e-04,  loss_ic = 3.6e-04,  lr = 1.0e-03, time_taken = 2.2e-02, rel_l2_error = 1.1e-01
Model state saved to ./checkpoints/heat3d_exact\2026-03-07_18-17-58-241977\model.pth
Iteration: 5200, loss_r = 3.9e-04 ,  loss_bc = 6.2e-04,  loss_ic = 2.1e-04,  lr = 1.0e-03, time_taken = 1.9e-02, rel_l2_error = 1.1e-01
Model state saved to ./checkpoints/heat3d_exact\2026-03-07_18-17-58-241977\model.pth
Iteration: 5300, loss_r = 3.0e-04 ,  loss_bc = 4.5e-04,  loss_ic = 2.1e-04,  lr = 1.0e-03, time_taken = 2.5e-02, rel_l2_error = 1.1e-01
Model state saved to ./checkpoints/heat3d_exact\2026-03-07_18-17-58-241977\model.pth
Iteration: 5400, loss_r = 2.2e-04 ,  loss_bc = 5.7e-04,  loss_ic = 2.0e-04,  lr = 1.0e-03, time_taken = 1.8e-02, rel_l2_error = 1.1e-01
Model state saved to ./checkpoints/heat3d_exact\2026-03-07_18-17-58-241977\model.pth
Iteration: 5500, loss_r = 5.9e-04 ,  loss_bc = 5.2e-04,  loss_ic = 3.1e-04,  lr = 1.0e-03, time_taken = 1.8e-02, rel_l2_error = 1.1e-01
Model state saved to ./checkpoints/heat3d_exact\2026-03-07_18-17-58-241977\model.pth
Iteration: 5600, loss_r = 5.2e-04 ,  loss_bc = 4.7e-04,  loss_ic = 3.1e-04,  lr = 1.0e-03, time_taken = 1.9e-02, rel_l2_error = 1.1e-01
Model state saved to ./checkpoints/heat3d_exact\2026-03-07_18-17-58-241977\model.pth
Iteration: 5700, loss_r = 5.2e-04 ,  loss_bc = 4.6e-04,  loss_ic = 2.1e-04,  lr = 1.0e-03, time_taken = 1.9e-02, rel_l2_error = 1.1e-01
Model state saved to ./checkpoints/heat3d_exact\2026-03-07_18-17-58-241977\model.pth
Iteration: 5800, loss_r = 4.0e-04 ,  loss_bc = 6.4e-04,  loss_ic = 3.9e-04,  lr = 1.0e-03, time_taken = 2.4e-02, rel_l2_error = 1.1e-01
Model state saved to ./checkpoints/heat3d_exact\2026-03-07_18-17-58-241977\model.pth
Iteration: 5900, loss_r = 3.5e-04 ,  loss_bc = 5.5e-04,  loss_ic = 4.1e-04,  lr = 1.0e-03, time_taken = 2.0e-02, rel_l2_error = 9.9e-02
Model state saved to ./checkpoints/heat3d_exact\2026-03-07_18-17-58-241977\model.pth
Iteration: 6000, loss_r = 4.9e-04 ,  loss_bc = 5.6e-04,  loss_ic = 3.1e-04,  lr = 1.0e-03, time_taken = 2.2e-02, rel_l2_error = 9.9e-02
Model state saved to ./checkpoints/heat3d_exact\2026-03-07_18-17-58-241977\model.pth
Iteration: 6100, loss_r = 3.0e-04 ,  loss_bc = 5.0e-04,  loss_ic = 3.9e-04,  lr = 1.0e-03, time_taken = 1.8e-02, rel_l2_error = 9.8e-02
Model state saved to ./checkpoints/heat3d_exact\2026-03-07_18-17-58-241977\model.pth
Iteration: 6200, loss_r = 5.0e-04 ,  loss_bc = 3.5e-04,  loss_ic = 1.2e-04,  lr = 1.0e-03, time_taken = 1.4e-02, rel_l2_error = 9.6e-02
Model state saved to ./checkpoints/heat3d_exact\2026-03-07_18-17-58-241977\model.pth
Iteration: 6300, loss_r = 3.0e-04 ,  loss_bc = 3.4e-04,  loss_ic = 1.3e-04,  lr = 1.0e-03, time_taken = 1.8e-02, rel_l2_error = 1.0e-01
Model state saved to ./checkpoints/heat3d_exact\2026-03-07_18-17-58-241977\model.pth
Iteration: 6400, loss_r = 4.2e-04 ,  loss_bc = 6.5e-04,  loss_ic = 2.2e-04,  lr = 1.0e-03, time_taken = 1.9e-02, rel_l2_error = 9.7e-02
Model state saved to ./checkpoints/heat3d_exact\2026-03-07_18-17-58-241977\model.pth
Iteration: 6500, loss_r = 3.9e-04 ,  loss_bc = 3.1e-04,  loss_ic = 2.6e-04,  lr = 1.0e-03, time_taken = 2.3e-02, rel_l2_error = 1.0e-01
Model state saved to ./checkpoints/heat3d_exact\2026-03-07_18-17-58-241977\model.pth
Iteration: 6600, loss_r = 3.3e-04 ,  loss_bc = 5.0e-04,  loss_ic = 9.6e-05,  lr = 1.0e-03, time_taken = 2.1e-02, rel_l2_error = 1.0e-01
Model state saved to ./checkpoints/heat3d_exact\2026-03-07_18-17-58-241977\model.pth
Iteration: 6700, loss_r = 2.3e-04 ,  loss_bc = 4.0e-04,  loss_ic = 1.6e-04,  lr = 1.0e-03, time_taken = 2.5e-02, rel_l2_error = 1.0e-01
Model state saved to ./checkpoints/heat3d_exact\2026-03-07_18-17-58-241977\model.pth
Iteration: 6800, loss_r = 1.6e-04 ,  loss_bc = 5.0e-04,  loss_ic = 2.4e-04,  lr = 1.0e-03, time_taken = 2.0e-02, rel_l2_error = 8.9e-02
Model state saved to ./checkpoints/heat3d_exact\2026-03-07_18-17-58-241977\model.pth
Iteration: 6900, loss_r = 1.8e-04 ,  loss_bc = 3.0e-04,  loss_ic = 1.4e-04,  lr = 1.0e-03, time_taken = 2.3e-02, rel_l2_error = 9.1e-02
Model state saved to ./checkpoints/heat3d_exact\2026-03-07_18-17-58-241977\model.pth
Iteration: 7000, loss_r = 3.5e-04 ,  loss_bc = 4.7e-04,  loss_ic = 1.7e-04,  lr = 1.0e-03, time_taken = 3.1e-02, rel_l2_error = 9.7e-02
Model state saved to ./checkpoints/heat3d_exact\2026-03-07_18-17-58-241977\model.pth
Iteration: 7100, loss_r = 2.5e-04 ,  loss_bc = 2.9e-04,  loss_ic = 1.3e-04,  lr = 1.0e-03, time_taken = 2.2e-02, rel_l2_error = 9.4e-02
Model state saved to ./checkpoints/heat3d_exact\2026-03-07_18-17-58-241977\model.pth
Iteration: 7200, loss_r = 1.3e-04 ,  loss_bc = 4.3e-04,  loss_ic = 3.1e-04,  lr = 1.0e-03, time_taken = 2.6e-02, rel_l2_error = 9.4e-02
Model state saved to ./checkpoints/heat3d_exact\2026-03-07_18-17-58-241977\model.pth
Iteration: 7300, loss_r = 1.8e-04 ,  loss_bc = 3.1e-04,  loss_ic = 4.7e-04,  lr = 1.0e-03, time_taken = 1.8e-02, rel_l2_error = 1.0e-01
Model state saved to ./checkpoints/heat3d_exact\2026-03-07_18-17-58-241977\model.pth
Iteration: 7400, loss_r = 2.7e-04 ,  loss_bc = 3.2e-04,  loss_ic = 1.0e-04,  lr = 1.0e-03, time_taken = 2.7e-02, rel_l2_error = 8.9e-02
Model state saved to ./checkpoints/heat3d_exact\2026-03-07_18-17-58-241977\model.pth
Iteration: 7500, loss_r = 1.7e-04 ,  loss_bc = 3.2e-04,  loss_ic = 1.1e-04,  lr = 1.0e-03, time_taken = 1.8e-02, rel_l2_error = 1.1e-01
Model state saved to ./checkpoints/heat3d_exact\2026-03-07_18-17-58-241977\model.pth
Iteration: 7600, loss_r = 1.6e-04 ,  loss_bc = 3.2e-04,  loss_ic = 3.9e-04,  lr = 1.0e-03, time_taken = 1.8e-02, rel_l2_error = 8.9e-02
Model state saved to ./checkpoints/heat3d_exact\2026-03-07_18-17-58-241977\model.pth
Iteration: 7700, loss_r = 1.8e-04 ,  loss_bc = 3.9e-04,  loss_ic = 1.9e-04,  lr = 1.0e-03, time_taken = 1.9e-02, rel_l2_error = 8.9e-02
Model state saved to ./checkpoints/heat3d_exact\2026-03-07_18-17-58-241977\model.pth
Iteration: 7800, loss_r = 3.4e-04 ,  loss_bc = 2.6e-04,  loss_ic = 7.9e-05,  lr = 1.0e-03, time_taken = 1.9e-02, rel_l2_error = 9.1e-02
Model state saved to ./checkpoints/heat3d_exact\2026-03-07_18-17-58-241977\model.pth
Iteration: 7900, loss_r = 4.4e-04 ,  loss_bc = 2.7e-04,  loss_ic = 1.6e-04,  lr = 1.0e-03, time_taken = 2.0e-02, rel_l2_error = 9.2e-02
Model state saved to ./checkpoints/heat3d_exact\2026-03-07_18-17-58-241977\model.pth
Iteration: 8000, loss_r = 2.7e-04 ,  loss_bc = 4.1e-04,  loss_ic = 1.3e-04,  lr = 1.0e-03, time_taken = 1.8e-02, rel_l2_error = 8.3e-02
Model state saved to ./checkpoints/heat3d_exact\2026-03-07_18-17-58-241977\model.pth
Iteration: 8100, loss_r = 1.2e-04 ,  loss_bc = 2.7e-04,  loss_ic = 1.5e-04,  lr = 1.0e-03, time_taken = 2.7e-02, rel_l2_error = 8.7e-02
Model state saved to ./checkpoints/heat3d_exact\2026-03-07_18-17-58-241977\model.pth
Iteration: 8200, loss_r = 3.2e-04 ,  loss_bc = 5.5e-04,  loss_ic = 1.3e-04,  lr = 1.0e-03, time_taken = 2.7e-02, rel_l2_error = 9.3e-02
Model state saved to ./checkpoints/heat3d_exact\2026-03-07_18-17-58-241977\model.pth
Iteration: 8300, loss_r = 1.2e-04 ,  loss_bc = 2.1e-04,  loss_ic = 8.3e-05,  lr = 1.0e-03, time_taken = 2.5e-02, rel_l2_error = 8.5e-02
Model state saved to ./checkpoints/heat3d_exact\2026-03-07_18-17-58-241977\model.pth
Iteration: 8400, loss_r = 2.0e-04 ,  loss_bc = 4.7e-04,  loss_ic = 1.8e-04,  lr = 1.0e-03, time_taken = 1.9e-02, rel_l2_error = 8.8e-02
Model state saved to ./checkpoints/heat3d_exact\2026-03-07_18-17-58-241977\model.pth
Iteration: 8500, loss_r = 2.0e-04 ,  loss_bc = 2.6e-04,  loss_ic = 1.5e-04,  lr = 1.0e-03, time_taken = 2.6e-02, rel_l2_error = 8.5e-02
Model state saved to ./checkpoints/heat3d_exact\2026-03-07_18-17-58-241977\model.pth
Iteration: 8600, loss_r = 7.0e-05 ,  loss_bc = 2.9e-04,  loss_ic = 1.4e-04,  lr = 1.0e-03, time_taken = 2.7e-02, rel_l2_error = 8.4e-02
Model state saved to ./checkpoints/heat3d_exact\2026-03-07_18-17-58-241977\model.pth
Iteration: 8700, loss_r = 2.2e-04 ,  loss_bc = 2.7e-04,  loss_ic = 8.7e-05,  lr = 1.0e-03, time_taken = 2.6e-02, rel_l2_error = 9.8e-02
Model state saved to ./checkpoints/heat3d_exact\2026-03-07_18-17-58-241977\model.pth
Iteration: 8800, loss_r = 1.5e-04 ,  loss_bc = 2.6e-04,  loss_ic = 1.1e-04,  lr = 1.0e-03, time_taken = 2.7e-02, rel_l2_error = 8.4e-02
Model state saved to ./checkpoints/heat3d_exact\2026-03-07_18-17-58-241977\model.pth
Iteration: 8900, loss_r = 3.3e-04 ,  loss_bc = 2.6e-04,  loss_ic = 1.1e-04,  lr = 1.0e-03, time_taken = 1.9e-02, rel_l2_error = 8.6e-02
Model state saved to ./checkpoints/heat3d_exact\2026-03-07_18-17-58-241977\model.pth
Iteration: 9000, loss_r = 1.9e-04 ,  loss_bc = 2.5e-04,  loss_ic = 6.3e-05,  lr = 1.0e-03, time_taken = 3.1e-02, rel_l2_error = 8.3e-02
Model state saved to ./checkpoints/heat3d_exact\2026-03-07_18-17-58-241977\model.pth
Iteration: 9100, loss_r = 1.3e-04 ,  loss_bc = 2.3e-04,  loss_ic = 1.5e-04,  lr = 1.0e-03, time_taken = 2.2e-02, rel_l2_error = 8.4e-02
Model state saved to ./checkpoints/heat3d_exact\2026-03-07_18-17-58-241977\model.pth
Iteration: 9200, loss_r = 1.4e-04 ,  loss_bc = 2.5e-04,  loss_ic = 1.3e-04,  lr = 1.0e-03, time_taken = 2.6e-02, rel_l2_error = 8.6e-02
Model state saved to ./checkpoints/heat3d_exact\2026-03-07_18-17-58-241977\model.pth
Iteration: 9300, loss_r = 1.1e-04 ,  loss_bc = 3.6e-04,  loss_ic = 1.4e-04,  lr = 1.0e-03, time_taken = 3.2e-02, rel_l2_error = 7.6e-02
Model state saved to ./checkpoints/heat3d_exact\2026-03-07_18-17-58-241977\model.pth
Iteration: 9400, loss_r = 1.1e-04 ,  loss_bc = 1.9e-04,  loss_ic = 7.6e-05,  lr = 1.0e-03, time_taken = 2.1e-02, rel_l2_error = 8.3e-02
Model state saved to ./checkpoints/heat3d_exact\2026-03-07_18-17-58-241977\model.pth
Iteration: 9500, loss_r = 1.8e-04 ,  loss_bc = 2.2e-04,  loss_ic = 1.0e-04,  lr = 1.0e-03, time_taken = 2.5e-02, rel_l2_error = 8.3e-02
Model state saved to ./checkpoints/heat3d_exact\2026-03-07_18-17-58-241977\model.pth
Iteration: 9600, loss_r = 1.9e-04 ,  loss_bc = 2.8e-04,  loss_ic = 1.7e-04,  lr = 1.0e-03, time_taken = 2.2e-02, rel_l2_error = 7.2e-02
Model state saved to ./checkpoints/heat3d_exact\2026-03-07_18-17-58-241977\model.pth
Iteration: 9700, loss_r = 1.8e-04 ,  loss_bc = 4.6e-04,  loss_ic = 1.6e-04,  lr = 1.0e-03, time_taken = 2.1e-02, rel_l2_error = 1.1e-01
Model state saved to ./checkpoints/heat3d_exact\2026-03-07_18-17-58-241977\model.pth
Iteration: 9800, loss_r = 2.8e-04 ,  loss_bc = 2.0e-04,  loss_ic = 5.5e-05,  lr = 1.0e-03, time_taken = 2.4e-02, rel_l2_error = 8.5e-02
Model state saved to ./checkpoints/heat3d_exact\2026-03-07_18-17-58-241977\model.pth
Iteration: 9900, loss_r = 1.4e-04 ,  loss_bc = 1.5e-04,  loss_ic = 5.1e-05,  lr = 1.0e-03, time_taken = 1.8e-02, rel_l2_error = 8.0e-02
Model state saved to ./checkpoints/heat3d_exact\2026-03-07_18-17-58-241977\model.pth

=== Switching to LBFGS optimizer at iteration 10000 ===
Using scipy L-BFGS-B optimizer
Optimizer: L-BFGS-B (maxiter=10000, factr=1000.0, m=100, maxls=50, pgtol=1e-14)
L-BFGS Iteration: 0, Loss: 4.329522e-04
L-BFGS Iteration: 1, Loss: 3.735991e-04, Relative L2 Error: 7.598620e-02
L-BFGS: Time for 100 iterations = 5.2408 s
L-BFGS Iteration: 100, Loss: 1.826704e-04, Relative L2 Error: 5.411636e-02
L-BFGS Iteration: 200, Loss: 1.205004e-04, Relative L2 Error: 5.049860e-02
L-BFGS Iteration: 300, Loss: 8.707583e-05, Relative L2 Error: 4.352043e-02
L-BFGS Iteration: 400, Loss: 6.360332e-05, Relative L2 Error: 3.980542e-02
L-BFGS Iteration: 500, Loss: 4.682868e-05, Relative L2 Error: 3.665181e-02
L-BFGS Iteration: 600, Loss: 3.541398e-05, Relative L2 Error: 3.446278e-02
L-BFGS Iteration: 700, Loss: 3.014718e-05, Relative L2 Error: 3.309240e-02
L-BFGS Iteration: 800, Loss: 2.500624e-05, Relative L2 Error: 3.274013e-02
L-BFGS Iteration: 900, Loss: 2.148889e-05, Relative L2 Error: 3.337993e-02
L-BFGS Iteration: 1000, Loss: 1.823178e-05, Relative L2 Error: 3.083028e-02
L-BFGS Iteration: 1100, Loss: 1.588029e-05, Relative L2 Error: 3.090392e-02
L-BFGS Iteration: 1200, Loss: 1.414030e-05, Relative L2 Error: 2.848402e-02
L-BFGS Iteration: 1300, Loss: 1.284958e-05, Relative L2 Error: 2.955935e-02
L-BFGS Iteration: 1400, Loss: 1.170617e-05, Relative L2 Error: 2.573675e-02
L-BFGS Iteration: 1500, Loss: 1.080282e-05, Relative L2 Error: 2.677669e-02
L-BFGS Iteration: 1600, Loss: 1.000334e-05, Relative L2 Error: 2.669329e-02
L-BFGS Iteration: 1700, Loss: 9.344076e-06, Relative L2 Error: 2.590731e-02
L-BFGS Iteration: 1800, Loss: 8.594494e-06, Relative L2 Error: 2.403000e-02
L-BFGS Iteration: 1900, Loss: 8.042261e-06, Relative L2 Error: 2.423389e-02
L-BFGS Iteration: 2000, Loss: 7.597512e-06, Relative L2 Error: 2.513456e-02
L-BFGS Iteration: 2100, Loss: 7.022429e-06, Relative L2 Error: 2.335784e-02
L-BFGS Iteration: 2200, Loss: 6.588439e-06, Relative L2 Error: 2.223428e-02
L-BFGS Iteration: 2300, Loss: 6.211615e-06, Relative L2 Error: 2.066042e-02
L-BFGS Iteration: 2400, Loss: 5.885866e-06, Relative L2 Error: 2.027470e-02
L-BFGS Iteration: 2500, Loss: 5.561915e-06, Relative L2 Error: 2.061239e-02
L-BFGS Iteration: 2600, Loss: 5.337276e-06, Relative L2 Error: 2.022198e-02
L-BFGS Iteration: 2700, Loss: 5.113651e-06, Relative L2 Error: 1.823744e-02
L-BFGS Iteration: 2800, Loss: 4.899733e-06, Relative L2 Error: 1.921909e-02
L-BFGS Iteration: 2900, Loss: 4.676941e-06, Relative L2 Error: 1.824478e-02
L-BFGS Iteration: 3000, Loss: 4.483566e-06, Relative L2 Error: 1.859183e-02
L-BFGS Iteration: 3100, Loss: 4.310373e-06, Relative L2 Error: 1.785952e-02
L-BFGS Iteration: 3200, Loss: 4.137517e-06, Relative L2 Error: 1.746901e-02
L-BFGS Iteration: 3300, Loss: 3.971525e-06, Relative L2 Error: 1.770968e-02
L-BFGS Iteration: 3400, Loss: 3.821677e-06, Relative L2 Error: 1.677735e-02
L-BFGS Iteration: 3500, Loss: 3.670121e-06, Relative L2 Error: 1.598352e-02
L-BFGS Iteration: 3600, Loss: 3.532288e-06, Relative L2 Error: 1.739372e-02
L-BFGS Iteration: 3700, Loss: 3.369727e-06, Relative L2 Error: 1.566236e-02
L-BFGS Iteration: 3800, Loss: 3.219409e-06, Relative L2 Error: 1.625030e-02
L-BFGS Iteration: 3900, Loss: 3.082999e-06, Relative L2 Error: 1.488296e-02
L-BFGS Iteration: 4000, Loss: 2.982361e-06, Relative L2 Error: 1.585554e-02
L-BFGS Iteration: 4100, Loss: 2.887012e-06, Relative L2 Error: 1.542433e-02
L-BFGS Iteration: 4200, Loss: 2.788138e-06, Relative L2 Error: 1.491815e-02
L-BFGS Iteration: 4300, Loss: 2.693326e-06, Relative L2 Error: 1.486171e-02
L-BFGS Iteration: 4400, Loss: 2.564915e-06, Relative L2 Error: 1.407589e-02
L-BFGS Iteration: 4500, Loss: 2.459296e-06, Relative L2 Error: 1.436636e-02
L-BFGS Iteration: 4600, Loss: 2.366923e-06, Relative L2 Error: 1.501433e-02
L-BFGS Iteration: 4700, Loss: 2.283399e-06, Relative L2 Error: 1.364554e-02
L-BFGS Iteration: 4800, Loss: 2.212599e-06, Relative L2 Error: 1.462985e-02
L-BFGS Iteration: 4900, Loss: 2.137831e-06, Relative L2 Error: 1.388938e-02
L-BFGS Iteration: 5000, Loss: 2.073126e-06, Relative L2 Error: 1.359283e-02
L-BFGS Iteration: 5100, Loss: 2.024613e-06, Relative L2 Error: 1.411130e-02
L-BFGS Iteration: 5200, Loss: 1.975001e-06, Relative L2 Error: 1.353670e-02
L-BFGS Iteration: 5300, Loss: 1.913290e-06, Relative L2 Error: 1.403940e-02
L-BFGS Iteration: 5400, Loss: 1.868926e-06, Relative L2 Error: 1.361356e-02
L-BFGS training completed after 5421 iterations
Model state saved to ./checkpoints/heat3d_exact\2026-03-07_18-17-58-241977\model.pth
Training completed successfully!
Relative L2 error (eval data): 1.32e-02
Saved solution comparison heatmaps to: ./checkpoints/heat3d_exact\2026-03-07_18-17-58-241977\solution_comparison_heat3d.png
