Random seed set to: 487
Solving Burgers equation: u_t + u*u_x = nu*u_xx with nu=0.01
Domain: (x, t) = [-1, 1] x [0, 1]
Using exact solution for boundary and initial conditions
Using DV Solver
The settings used:
batch_size : 64
epochs : 20000
lr : 0.001
seed : 487
print_every : 100
log_path : ./checkpoints/burgers_exact
input_dim : 2
output_dim : 1
num_qubits : 5
hidden_dim : 20
num_quantum_layers : 1
classic_network : [2, 20, 1]
q_ansatz : cross_mesh
mode : hybrid
activation : tanh
shots : None
problem : burgers_exact
solver : DV
device : cpu
method : None
cutoff_dim : 20
class : CVNeuralNetwork1
encoding : angle
use_rar : True
rar_eval_freq : 2000
rar_threshold : 0.0005
rar_num_candidates : 10000
rar_num_add : 100
use_hybrid_optimizer : True
adam_iterations : 10000
use_scipy_lbfgs : True
lbfgs_lr : 1
lbfgs_line_search : strong_wolfe
lbfgs_tolerance_grad : 1e-05
lbfgs_tolerance_change : 1e-07
lbfgs_maxiter : 10000
lbfgs_factr : 1000.0
lbfgs_pgtol : 1e-14
lbfgs_maxls : 50
lbfgs_m : 100
lbfgs_eval_every : 100
nx : 200
nt : 200
domainN : 500
leftN : 50
rightN : 50
initialN : 50
eval_total_points : 10000
Total number of parameters: 1186
The circuit used in the study:
Iteration: 0, loss_r = 7.9e-06 ,  loss_bc = 3.7e-02,  loss_ic = 3.4e-02,  lr = 1.0e-03, time_taken = 3.0e+00, rel_l2_error = 1.2e+00
Model state saved to ./checkpoints/burgers_exact\2026-03-09_11-19-05-950058\model.pth
Iteration: 100, loss_r = 7.4e-04 ,  loss_bc = 1.1e-03,  loss_ic = 2.6e-02,  lr = 1.0e-03, time_taken = 8.2e-01, rel_l2_error = 9.7e-01
Model state saved to ./checkpoints/burgers_exact\2026-03-09_11-19-05-950058\model.pth
Iteration: 200, loss_r = 1.1e-03 ,  loss_bc = 6.4e-04,  loss_ic = 5.5e-03,  lr = 1.0e-03, time_taken = 7.7e-01, rel_l2_error = 4.7e-01
Model state saved to ./checkpoints/burgers_exact\2026-03-09_11-19-05-950058\model.pth
Iteration: 300, loss_r = 1.3e-03 ,  loss_bc = 3.5e-04,  loss_ic = 4.1e-03,  lr = 1.0e-03, time_taken = 9.0e-01, rel_l2_error = 3.4e-01
Model state saved to ./checkpoints/burgers_exact\2026-03-09_11-19-05-950058\model.pth
Iteration: 400, loss_r = 7.4e-04 ,  loss_bc = 9.5e-05,  loss_ic = 3.0e-03,  lr = 1.0e-03, time_taken = 8.0e-01, rel_l2_error = 3.3e-01
Model state saved to ./checkpoints/burgers_exact\2026-03-09_11-19-05-950058\model.pth
Iteration: 500, loss_r = 4.9e-04 ,  loss_bc = 1.6e-04,  loss_ic = 1.8e-03,  lr = 1.0e-03, time_taken = 8.5e-01, rel_l2_error = 2.8e-01
Model state saved to ./checkpoints/burgers_exact\2026-03-09_11-19-05-950058\model.pth
Iteration: 600, loss_r = 7.0e-04 ,  loss_bc = 2.0e-04,  loss_ic = 2.4e-03,  lr = 1.0e-03, time_taken = 8.0e-01, rel_l2_error = 2.6e-01
Model state saved to ./checkpoints/burgers_exact\2026-03-09_11-19-05-950058\model.pth
Iteration: 700, loss_r = 5.1e-04 ,  loss_bc = 1.5e-04,  loss_ic = 3.0e-03,  lr = 1.0e-03, time_taken = 7.9e-01, rel_l2_error = 2.5e-01
Model state saved to ./checkpoints/burgers_exact\2026-03-09_11-19-05-950058\model.pth
Iteration: 800, loss_r = 4.3e-04 ,  loss_bc = 8.8e-05,  loss_ic = 2.9e-03,  lr = 1.0e-03, time_taken = 7.9e-01, rel_l2_error = 2.4e-01
Model state saved to ./checkpoints/burgers_exact\2026-03-09_11-19-05-950058\model.pth
Iteration: 900, loss_r = 3.2e-04 ,  loss_bc = 1.3e-04,  loss_ic = 2.0e-03,  lr = 1.0e-03, time_taken = 8.0e-01, rel_l2_error = 2.2e-01
Model state saved to ./checkpoints/burgers_exact\2026-03-09_11-19-05-950058\model.pth
Iteration: 1000, loss_r = 4.1e-04 ,  loss_bc = 1.7e-04,  loss_ic = 2.0e-03,  lr = 1.0e-03, time_taken = 7.8e-01, rel_l2_error = 2.1e-01
Model state saved to ./checkpoints/burgers_exact\2026-03-09_11-19-05-950058\model.pth
Iteration: 1100, loss_r = 3.4e-04 ,  loss_bc = 1.8e-04,  loss_ic = 1.2e-03,  lr = 1.0e-03, time_taken = 7.4e-01, rel_l2_error = 2.0e-01
Model state saved to ./checkpoints/burgers_exact\2026-03-09_11-19-05-950058\model.pth
Iteration: 1200, loss_r = 2.5e-04 ,  loss_bc = 6.9e-05,  loss_ic = 9.2e-04,  lr = 1.0e-03, time_taken = 7.2e-01, rel_l2_error = 1.8e-01
Model state saved to ./checkpoints/burgers_exact\2026-03-09_11-19-05-950058\model.pth
Iteration: 1300, loss_r = 3.6e-04 ,  loss_bc = 5.9e-05,  loss_ic = 1.3e-03,  lr = 1.0e-03, time_taken = 8.0e-01, rel_l2_error = 1.6e-01
Model state saved to ./checkpoints/burgers_exact\2026-03-09_11-19-05-950058\model.pth
Iteration: 1400, loss_r = 1.8e-04 ,  loss_bc = 5.2e-05,  loss_ic = 7.2e-04,  lr = 1.0e-03, time_taken = 7.9e-01, rel_l2_error = 1.2e-01
Model state saved to ./checkpoints/burgers_exact\2026-03-09_11-19-05-950058\model.pth
Iteration: 1500, loss_r = 2.5e-04 ,  loss_bc = 2.0e-05,  loss_ic = 8.6e-04,  lr = 1.0e-03, time_taken = 7.6e-01, rel_l2_error = 9.8e-02
Model state saved to ./checkpoints/burgers_exact\2026-03-09_11-19-05-950058\model.pth
Iteration: 1600, loss_r = 1.3e-04 ,  loss_bc = 9.6e-06,  loss_ic = 3.9e-04,  lr = 1.0e-03, time_taken = 7.6e-01, rel_l2_error = 7.1e-02
Model state saved to ./checkpoints/burgers_exact\2026-03-09_11-19-05-950058\model.pth
Iteration: 1700, loss_r = 1.5e-04 ,  loss_bc = 1.3e-05,  loss_ic = 1.2e-04,  lr = 1.0e-03, time_taken = 7.9e-01, rel_l2_error = 4.9e-02
Model state saved to ./checkpoints/burgers_exact\2026-03-09_11-19-05-950058\model.pth
Iteration: 1800, loss_r = 1.3e-04 ,  loss_bc = 7.5e-06,  loss_ic = 1.1e-04,  lr = 1.0e-03, time_taken = 8.4e-01, rel_l2_error = 4.1e-02
Model state saved to ./checkpoints/burgers_exact\2026-03-09_11-19-05-950058\model.pth
Iteration: 1900, loss_r = 7.8e-05 ,  loss_bc = 4.6e-06,  loss_ic = 1.0e-04,  lr = 1.0e-03, time_taken = 7.5e-01, rel_l2_error = 5.6e-02
Model state saved to ./checkpoints/burgers_exact\2026-03-09_11-19-05-950058\model.pth
Iteration: 2000, loss_r = 9.5e-05 ,  loss_bc = 2.3e-06,  loss_ic = 5.6e-05,  lr = 1.0e-03, time_taken = 7.5e-01, rel_l2_error = 3.2e-02
Model state saved to ./checkpoints/burgers_exact\2026-03-09_11-19-05-950058\model.pth

=== RAR Evaluation at iteration 2000 ===
Mean residual: 1.671e-01
Adding 100 new point(s) with highest residuals:
  Point 1: [ 0.17965466 -0.54024947], Residual: 1.728e+00
  Point 2: [0.26709783 0.37151873], Residual: 1.677e+00
  Point 3: [0.01227707 0.28349614], Residual: 1.638e+00
  Point 4: [0.019297   0.31404686], Residual: 1.635e+00
  Point 5: [0.00857234 0.2575811 ], Residual: 1.595e+00
  Point 6: [0.07730585 0.2960261 ], Residual: 1.588e+00
  Point 7: [ 0.1433059 -0.5948825], Residual: 1.578e+00
  Point 8: [0.32663977 0.3403014 ], Residual: 1.526e+00
  Point 9: [0.02590668 0.3608495 ], Residual: 1.524e+00
  Point 10: [0.12170923 0.27355814], Residual: 1.503e+00
  Point 11: [0.06526732 0.35928154], Residual: 1.482e+00
  Point 12: [ 0.9795408 -0.7511544], Residual: 1.482e+00
  Point 13: [ 0.2812059  -0.54243577], Residual: 1.472e+00
  Point 14: [0.3344528  0.40330172], Residual: 1.458e+00
  Point 15: [ 0.7091249 -0.7332951], Residual: 1.452e+00
  Point 16: [0.07088119 0.26302397], Residual: 1.446e+00
  Point 17: [0.03741342 0.27821982], Residual: 1.446e+00
  Point 18: [0.11641109 0.29160666], Residual: 1.425e+00
  Point 19: [ 0.558391   -0.62023664], Residual: 1.425e+00
  Point 20: [0.16742504 0.36116874], Residual: 1.421e+00
  Point 21: [ 0.44309944 -0.6466379 ], Residual: 1.412e+00
  Point 22: [0.26269108 0.41859615], Residual: 1.402e+00
  Point 23: [ 0.02030599 -0.59857285], Residual: 1.401e+00
  Point 24: [0.16908896 0.3871845 ], Residual: 1.385e+00
  Point 25: [0.48977464 0.39493763], Residual: 1.382e+00
  Point 26: [0.2120164 0.4074118], Residual: 1.382e+00
  Point 27: [0.34357285 0.4012128 ], Residual: 1.364e+00
  Point 28: [0.16762382 0.4112879 ], Residual: 1.337e+00
  Point 29: [0.05002928 0.28394663], Residual: 1.334e+00
  Point 30: [ 0.5264892  -0.58919525], Residual: 1.323e+00
  Point 31: [0.54409707 0.46516132], Residual: 1.309e+00
  Point 32: [ 0.5876136  -0.66734767], Residual: 1.303e+00
  Point 33: [0.67423075 0.43811905], Residual: 1.287e+00
  Point 34: [0.198039  0.3786366], Residual: 1.282e+00
  Point 35: [0.13926542 0.25989437], Residual: 1.278e+00
  Point 36: [0.18527919 0.26133466], Residual: 1.277e+00
  Point 37: [0.6058981  0.43450212], Residual: 1.276e+00
  Point 38: [ 0.08109003 -0.5192827 ], Residual: 1.276e+00
  Point 39: [0.26604915 0.38400972], Residual: 1.273e+00
  Point 40: [0.4654554  0.39456165], Residual: 1.263e+00
  Point 41: [0.04759777 0.28119314], Residual: 1.258e+00
  Point 42: [0.4252727  0.37217784], Residual: 1.258e+00
  Point 43: [0.39571595 0.3191018 ], Residual: 1.252e+00
  Point 44: [0.14550787 0.3553226 ], Residual: 1.249e+00
  Point 45: [0.25516558 0.28768563], Residual: 1.242e+00
  Point 46: [0.16493183 0.37614548], Residual: 1.239e+00
  Point 47: [0.03965998 0.28429246], Residual: 1.233e+00
  Point 48: [ 0.08909369 -0.49421346], Residual: 1.230e+00
  Point 49: [ 0.38510638 -0.64828205], Residual: 1.226e+00
  Point 50: [0.20374638 0.27037787], Residual: 1.224e+00
  Point 51: [ 0.34887648 -0.5579852 ], Residual: 1.223e+00
  Point 52: [0.00038743 0.36126316], Residual: 1.217e+00
  Point 53: [0.02949727 0.3726325 ], Residual: 1.174e+00
  Point 54: [ 0.907796   -0.75146973], Residual: 1.167e+00
  Point 55: [0.20416659 0.29067397], Residual: 1.167e+00
  Point 56: [0.08769166 0.40259826], Residual: 1.161e+00
  Point 57: [0.15669471 0.28909695], Residual: 1.156e+00
  Point 58: [0.29754072 0.35208845], Residual: 1.155e+00
  Point 59: [0.2197668  0.40875316], Residual: 1.149e+00
  Point 60: [0.15544885 0.5820751 ], Residual: 1.146e+00
  Point 61: [0.16449869 0.32731092], Residual: 1.144e+00
  Point 62: [0.05604953 0.41791046], Residual: 1.142e+00
  Point 63: [0.45247364 0.42089534], Residual: 1.136e+00
  Point 64: [0.5864097  0.45066965], Residual: 1.136e+00
  Point 65: [0.0850836 0.5859177], Residual: 1.132e+00
  Point 66: [0.17168152 0.2101295 ], Residual: 1.130e+00
  Point 67: [0.09625787 0.34281445], Residual: 1.129e+00
  Point 68: [ 0.8916949 -0.708318 ], Residual: 1.126e+00
  Point 69: [ 0.31004333 -0.5947858 ], Residual: 1.124e+00
  Point 70: [0.9778304  0.50437725], Residual: 1.122e+00
  Point 71: [ 0.2584917  -0.58579993], Residual: 1.119e+00
  Point 72: [0.2659055  0.30270755], Residual: 1.118e+00
  Point 73: [0.43613565 0.44847536], Residual: 1.116e+00
  Point 74: [ 0.36104274 -0.6429634 ], Residual: 1.113e+00
  Point 75: [0.7880536 0.5363418], Residual: 1.106e+00
  Point 76: [0.85071206 0.45314276], Residual: 1.106e+00
  Point 77: [0.30304217 0.36941957], Residual: 1.100e+00
  Point 78: [0.87757176 0.36310887], Residual: 1.092e+00
  Point 79: [0.6682493  0.43137455], Residual: 1.085e+00
  Point 80: [0.04134846 0.3622141 ], Residual: 1.082e+00
  Point 81: [ 0.7259701  -0.75565946], Residual: 1.077e+00
  Point 82: [0.00229883 0.23608208], Residual: 1.076e+00
  Point 83: [0.7173158  0.39510572], Residual: 1.069e+00
  Point 84: [ 0.6401128 -0.7315855], Residual: 1.069e+00
  Point 85: [0.21977669 0.43151915], Residual: 1.067e+00
  Point 86: [ 0.57448083 -0.75709665], Residual: 1.067e+00
  Point 87: [0.6903589  0.42120457], Residual: 1.062e+00
  Point 88: [0.9588798  0.48548257], Residual: 1.052e+00
  Point 89: [0.7114874 0.507782 ], Residual: 1.049e+00
  Point 90: [0.12019241 0.2690797 ], Residual: 1.045e+00
  Point 91: [0.4177177 0.3343147], Residual: 1.035e+00
  Point 92: [0.19772899 0.2813301 ], Residual: 1.032e+00
  Point 93: [ 0.04213065 -0.6121832 ], Residual: 1.027e+00
  Point 94: [ 0.04185182 -0.50114083], Residual: 1.017e+00
  Point 95: [0.18572205 0.429031  ], Residual: 1.016e+00
  Point 96: [0.21844238 0.30459702], Residual: 1.015e+00
  Point 97: [ 0.49019116 -0.6238984 ], Residual: 1.012e+00
  Point 98: [ 0.02371281 -0.65283847], Residual: 1.011e+00
  Point 99: [0.34515482 0.2924298 ], Residual: 1.011e+00
  Point 100: [0.6379027  0.44506323], Residual: 1.006e+00
Total adaptive points: 100

Iteration: 2100, loss_r = 5.6e-05 ,  loss_bc = 5.7e-06,  loss_ic = 4.4e-05,  lr = 1.0e-03, time_taken = 8.4e-01, rel_l2_error = 2.5e-02
Model state saved to ./checkpoints/burgers_exact\2026-03-09_11-19-05-950058\model.pth
Iteration: 2200, loss_r = 4.9e-05 ,  loss_bc = 1.1e-06,  loss_ic = 3.3e-05,  lr = 1.0e-03, time_taken = 7.6e-01, rel_l2_error = 2.8e-02
Model state saved to ./checkpoints/burgers_exact\2026-03-09_11-19-05-950058\model.pth
Iteration: 2300, loss_r = 4.7e-05 ,  loss_bc = 2.5e-06,  loss_ic = 4.0e-05,  lr = 1.0e-03, time_taken = 7.8e-01, rel_l2_error = 2.0e-02
Model state saved to ./checkpoints/burgers_exact\2026-03-09_11-19-05-950058\model.pth
Iteration: 2400, loss_r = 3.7e-05 ,  loss_bc = 2.0e-06,  loss_ic = 1.7e-05,  lr = 1.0e-03, time_taken = 7.6e-01, rel_l2_error = 2.0e-02
Model state saved to ./checkpoints/burgers_exact\2026-03-09_11-19-05-950058\model.pth
Iteration: 2500, loss_r = 3.5e-05 ,  loss_bc = 1.2e-06,  loss_ic = 1.5e-05,  lr = 1.0e-03, time_taken = 7.7e-01, rel_l2_error = 2.1e-02
Model state saved to ./checkpoints/burgers_exact\2026-03-09_11-19-05-950058\model.pth
Iteration: 2600, loss_r = 3.8e-05 ,  loss_bc = 1.1e-06,  loss_ic = 1.5e-05,  lr = 1.0e-03, time_taken = 7.8e-01, rel_l2_error = 2.1e-02
Model state saved to ./checkpoints/burgers_exact\2026-03-09_11-19-05-950058\model.pth
Iteration: 2700, loss_r = 2.8e-05 ,  loss_bc = 5.3e-06,  loss_ic = 1.6e-05,  lr = 1.0e-03, time_taken = 7.6e-01, rel_l2_error = 1.6e-02
Model state saved to ./checkpoints/burgers_exact\2026-03-09_11-19-05-950058\model.pth
Iteration: 2800, loss_r = 2.3e-05 ,  loss_bc = 1.1e-06,  loss_ic = 1.4e-05,  lr = 1.0e-03, time_taken = 8.0e-01, rel_l2_error = 1.5e-02
Model state saved to ./checkpoints/burgers_exact\2026-03-09_11-19-05-950058\model.pth
Iteration: 2900, loss_r = 2.6e-05 ,  loss_bc = 1.4e-06,  loss_ic = 1.4e-05,  lr = 1.0e-03, time_taken = 7.8e-01, rel_l2_error = 1.4e-02
Model state saved to ./checkpoints/burgers_exact\2026-03-09_11-19-05-950058\model.pth
Iteration: 3000, loss_r = 1.3e-05 ,  loss_bc = 1.0e-06,  loss_ic = 1.4e-05,  lr = 1.0e-03, time_taken = 7.5e-01, rel_l2_error = 1.1e-02
Model state saved to ./checkpoints/burgers_exact\2026-03-09_11-19-05-950058\model.pth
Iteration: 3100, loss_r = 2.3e-05 ,  loss_bc = 9.0e-07,  loss_ic = 1.3e-05,  lr = 1.0e-03, time_taken = 7.8e-01, rel_l2_error = 1.4e-02
Model state saved to ./checkpoints/burgers_exact\2026-03-09_11-19-05-950058\model.pth
Iteration: 3200, loss_r = 1.9e-05 ,  loss_bc = 2.5e-06,  loss_ic = 1.1e-05,  lr = 1.0e-03, time_taken = 7.8e-01, rel_l2_error = 1.4e-02
Model state saved to ./checkpoints/burgers_exact\2026-03-09_11-19-05-950058\model.pth
Iteration: 3300, loss_r = 1.7e-05 ,  loss_bc = 1.3e-06,  loss_ic = 1.1e-05,  lr = 1.0e-03, time_taken = 7.9e-01, rel_l2_error = 1.3e-02
Model state saved to ./checkpoints/burgers_exact\2026-03-09_11-19-05-950058\model.pth
Iteration: 3400, loss_r = 2.3e-05 ,  loss_bc = 2.8e-06,  loss_ic = 1.1e-05,  lr = 1.0e-03, time_taken = 7.9e-01, rel_l2_error = 1.4e-02
Model state saved to ./checkpoints/burgers_exact\2026-03-09_11-19-05-950058\model.pth
Iteration: 3500, loss_r = 1.8e-05 ,  loss_bc = 5.5e-06,  loss_ic = 1.1e-05,  lr = 1.0e-03, time_taken = 7.7e-01, rel_l2_error = 1.7e-02
Model state saved to ./checkpoints/burgers_exact\2026-03-09_11-19-05-950058\model.pth
Iteration: 3600, loss_r = 1.0e-05 ,  loss_bc = 8.7e-07,  loss_ic = 1.0e-05,  lr = 1.0e-03, time_taken = 7.4e-01, rel_l2_error = 1.7e-02
Model state saved to ./checkpoints/burgers_exact\2026-03-09_11-19-05-950058\model.pth
Iteration: 3700, loss_r = 1.1e-05 ,  loss_bc = 1.3e-06,  loss_ic = 7.1e-06,  lr = 1.0e-03, time_taken = 7.8e-01, rel_l2_error = 1.0e-02
Model state saved to ./checkpoints/burgers_exact\2026-03-09_11-19-05-950058\model.pth
Iteration: 3800, loss_r = 9.3e-06 ,  loss_bc = 1.1e-05,  loss_ic = 9.7e-06,  lr = 1.0e-03, time_taken = 7.8e-01, rel_l2_error = 1.1e-02
Model state saved to ./checkpoints/burgers_exact\2026-03-09_11-19-05-950058\model.pth
Iteration: 3900, loss_r = 1.5e-05 ,  loss_bc = 6.4e-07,  loss_ic = 7.2e-06,  lr = 1.0e-03, time_taken = 7.6e-01, rel_l2_error = 1.4e-02
Model state saved to ./checkpoints/burgers_exact\2026-03-09_11-19-05-950058\model.pth
Iteration: 4000, loss_r = 1.8e-05 ,  loss_bc = 5.1e-06,  loss_ic = 9.5e-06,  lr = 1.0e-03, time_taken = 7.5e-01, rel_l2_error = 1.5e-02
Model state saved to ./checkpoints/burgers_exact\2026-03-09_11-19-05-950058\model.pth

=== RAR Evaluation at iteration 4000 ===
Mean residual: 2.316e-01
Adding 100 new point(s) with highest residuals:
  Point 1: [ 0.09302258 -0.53007936], Residual: 2.624e+00
  Point 2: [ 0.73965704 -0.64259994], Residual: 2.289e+00
  Point 3: [ 0.15565771 -0.5574876 ], Residual: 2.233e+00
  Point 4: [0.0167349  0.34719634], Residual: 2.196e+00
  Point 5: [ 0.2433886 -0.5259621], Residual: 2.156e+00
  Point 6: [0.14243627 0.31813383], Residual: 1.902e+00
  Point 7: [ 0.1032446  -0.59465253], Residual: 1.895e+00
  Point 8: [0.04322982 0.39465892], Residual: 1.883e+00
  Point 9: [ 0.32538944 -0.6156479 ], Residual: 1.858e+00
  Point 10: [ 0.30223632 -0.5045855 ], Residual: 1.791e+00
  Point 11: [ 0.21631283 -0.57395566], Residual: 1.763e+00
  Point 12: [0.28479975 0.30504966], Residual: 1.750e+00
  Point 13: [ 0.27585697 -0.6420951 ], Residual: 1.736e+00
  Point 14: [0.17446828 0.31314683], Residual: 1.735e+00
  Point 15: [0.28459686 0.3825426 ], Residual: 1.727e+00
  Point 16: [0.02929449 0.31118333], Residual: 1.724e+00
  Point 17: [ 0.373999  -0.6490977], Residual: 1.721e+00
  Point 18: [0.2976356  0.32933843], Residual: 1.690e+00
  Point 19: [ 0.17229956 -0.5777049 ], Residual: 1.685e+00
  Point 20: [0.2556982  0.42558193], Residual: 1.661e+00
  Point 21: [0.38178962 0.65973866], Residual: 1.657e+00
  Point 22: [0.5529371  0.34219408], Residual: 1.646e+00
  Point 23: [0.07709509 0.2812847 ], Residual: 1.636e+00
  Point 24: [0.30864435 0.39583433], Residual: 1.634e+00
  Point 25: [0.02731383 0.5983542 ], Residual: 1.630e+00
  Point 26: [0.06024128 0.40043855], Residual: 1.623e+00
  Point 27: [ 0.81711376 -0.7850522 ], Residual: 1.617e+00
  Point 28: [0.07821476 0.31286228], Residual: 1.614e+00
  Point 29: [0.03965789 0.24094927], Residual: 1.604e+00
  Point 30: [0.00262654 0.2673558 ], Residual: 1.595e+00
  Point 31: [0.5266344  0.33216763], Residual: 1.589e+00
  Point 32: [0.3349443  0.39958894], Residual: 1.575e+00
  Point 33: [0.27728838 0.33981514], Residual: 1.570e+00
  Point 34: [0.28641045 0.42443419], Residual: 1.560e+00
  Point 35: [ 0.49331838 -0.7093848 ], Residual: 1.559e+00
  Point 36: [0.34027308 0.4276396 ], Residual: 1.555e+00
  Point 37: [0.24244374 0.6309887 ], Residual: 1.549e+00
  Point 38: [ 0.18183285 -0.44637525], Residual: 1.549e+00
  Point 39: [0.1153844 0.3640715], Residual: 1.542e+00
  Point 40: [0.22117811 0.3105712 ], Residual: 1.541e+00
  Point 41: [ 0.8982534  -0.81901836], Residual: 1.533e+00
  Point 42: [ 0.5705521  -0.72697425], Residual: 1.531e+00
  Point 43: [0.20223022 0.4219761 ], Residual: 1.531e+00
  Point 44: [ 0.4698155 -0.6156671], Residual: 1.525e+00
  Point 45: [0.11932224 0.29228055], Residual: 1.513e+00
  Point 46: [0.385014   0.43163884], Residual: 1.513e+00
  Point 47: [0.01222736 0.39238656], Residual: 1.506e+00
  Point 48: [ 0.996947   -0.67068934], Residual: 1.506e+00
  Point 49: [0.08397406 0.3367517 ], Residual: 1.502e+00
  Point 50: [ 0.37045395 -0.6729349 ], Residual: 1.500e+00
  Point 51: [ 0.07903063 -0.5500891 ], Residual: 1.490e+00
  Point 52: [0.20001131 0.39984107], Residual: 1.486e+00
  Point 53: [0.15214294 0.3110038 ], Residual: 1.484e+00
  Point 54: [0.11781579 0.5571637 ], Residual: 1.479e+00
  Point 55: [ 0.91491187 -0.6301404 ], Residual: 1.472e+00
  Point 56: [0.12362802 0.39195013], Residual: 1.453e+00
  Point 57: [0.03552222 0.35109568], Residual: 1.450e+00
  Point 58: [ 0.49273378 -0.62102926], Residual: 1.439e+00
  Point 59: [0.424852   0.75822234], Residual: 1.438e+00
  Point 60: [0.3258723  0.64772904], Residual: 1.434e+00
  Point 61: [0.18802428 0.58678365], Residual: 1.432e+00
  Point 62: [0.01584995 0.3137716 ], Residual: 1.431e+00
  Point 63: [0.5718456  0.67770064], Residual: 1.426e+00
  Point 64: [0.00312805 0.30292332], Residual: 1.423e+00
  Point 65: [ 0.46554446 -0.70007336], Residual: 1.416e+00
  Point 66: [0.16944629 0.43690276], Residual: 1.416e+00
  Point 67: [0.05946708 0.30171013], Residual: 1.413e+00
  Point 68: [0.08427083 0.2384311 ], Residual: 1.413e+00
  Point 69: [0.24988228 0.2620206 ], Residual: 1.413e+00
  Point 70: [0.55664897 0.4560418 ], Residual: 1.407e+00
  Point 71: [0.04827029 0.27834558], Residual: 1.404e+00
  Point 72: [0.4309889 0.375234 ], Residual: 1.402e+00
  Point 73: [0.2926364  0.38334405], Residual: 1.397e+00
  Point 74: [ 0.65763336 -0.7320647 ], Residual: 1.395e+00
  Point 75: [ 0.80966926 -0.66186774], Residual: 1.394e+00
  Point 76: [0.29212475 0.63519037], Residual: 1.392e+00
  Point 77: [0.22150856 0.2869017 ], Residual: 1.391e+00
  Point 78: [0.38532454 0.69581354], Residual: 1.383e+00
  Point 79: [0.2155379 0.6189357], Residual: 1.381e+00
  Point 80: [0.09563202 0.6061237 ], Residual: 1.380e+00
  Point 81: [0.7323488 0.7108555], Residual: 1.376e+00
  Point 82: [0.29098028 0.34315622], Residual: 1.372e+00
  Point 83: [ 0.29203403 -0.47453094], Residual: 1.365e+00
  Point 84: [0.01396179 0.17801464], Residual: 1.360e+00
  Point 85: [0.640506  0.7244842], Residual: 1.355e+00
  Point 86: [0.02153379 0.4110105 ], Residual: 1.355e+00
  Point 87: [0.6833775  0.41758454], Residual: 1.350e+00
  Point 88: [0.6465965  0.45865262], Residual: 1.338e+00
  Point 89: [0.47553897 0.71068835], Residual: 1.337e+00
  Point 90: [0.616687   0.37272966], Residual: 1.329e+00
  Point 91: [0.61938995 0.7026657 ], Residual: 1.328e+00
  Point 92: [ 0.74412674 -0.67481375], Residual: 1.323e+00
  Point 93: [ 0.05094844 -0.6035732 ], Residual: 1.323e+00
  Point 94: [ 0.9243524 -0.7542504], Residual: 1.322e+00
  Point 95: [ 0.35325325 -0.65791345], Residual: 1.322e+00
  Point 96: [0.14204186 0.4499191 ], Residual: 1.321e+00
  Point 97: [0.6313329 0.7442678], Residual: 1.318e+00
  Point 98: [0.5314975 0.6724795], Residual: 1.317e+00
  Point 99: [0.13080376 0.58126783], Residual: 1.316e+00
  Point 100: [ 0.42581403 -0.7039393 ], Residual: 1.316e+00
Total adaptive points: 200

Iteration: 4100, loss_r = 1.3e-05 ,  loss_bc = 3.9e-06,  loss_ic = 1.3e-05,  lr = 1.0e-03, time_taken = 8.5e-01, rel_l2_error = 2.3e-02
Model state saved to ./checkpoints/burgers_exact\2026-03-09_11-19-05-950058\model.pth
Iteration: 4200, loss_r = 9.6e-06 ,  loss_bc = 2.1e-06,  loss_ic = 4.8e-06,  lr = 1.0e-03, time_taken = 8.3e-01, rel_l2_error = 1.9e-02
Model state saved to ./checkpoints/burgers_exact\2026-03-09_11-19-05-950058\model.pth
Iteration: 4300, loss_r = 1.1e-05 ,  loss_bc = 4.7e-07,  loss_ic = 8.1e-06,  lr = 1.0e-03, time_taken = 7.7e-01, rel_l2_error = 1.4e-02
Model state saved to ./checkpoints/burgers_exact\2026-03-09_11-19-05-950058\model.pth
Iteration: 4400, loss_r = 1.6e-05 ,  loss_bc = 1.4e-05,  loss_ic = 1.0e-05,  lr = 1.0e-03, time_taken = 7.8e-01, rel_l2_error = 2.1e-02
Model state saved to ./checkpoints/burgers_exact\2026-03-09_11-19-05-950058\model.pth
Iteration: 4500, loss_r = 1.4e-05 ,  loss_bc = 4.6e-07,  loss_ic = 7.9e-06,  lr = 1.0e-03, time_taken = 8.0e-01, rel_l2_error = 9.4e-03
Model state saved to ./checkpoints/burgers_exact\2026-03-09_11-19-05-950058\model.pth
Iteration: 4600, loss_r = 8.0e-06 ,  loss_bc = 5.2e-06,  loss_ic = 5.8e-06,  lr = 1.0e-03, time_taken = 7.5e-01, rel_l2_error = 1.4e-02
Model state saved to ./checkpoints/burgers_exact\2026-03-09_11-19-05-950058\model.pth
Iteration: 4700, loss_r = 1.3e-05 ,  loss_bc = 6.4e-06,  loss_ic = 8.2e-06,  lr = 1.0e-03, time_taken = 7.4e-01, rel_l2_error = 1.5e-02
Model state saved to ./checkpoints/burgers_exact\2026-03-09_11-19-05-950058\model.pth
Iteration: 4800, loss_r = 1.1e-05 ,  loss_bc = 1.8e-06,  loss_ic = 6.4e-06,  lr = 1.0e-03, time_taken = 8.1e-01, rel_l2_error = 1.3e-02
Model state saved to ./checkpoints/burgers_exact\2026-03-09_11-19-05-950058\model.pth
Iteration: 4900, loss_r = 6.9e-06 ,  loss_bc = 4.1e-07,  loss_ic = 5.6e-06,  lr = 1.0e-03, time_taken = 7.9e-01, rel_l2_error = 1.0e-02
Model state saved to ./checkpoints/burgers_exact\2026-03-09_11-19-05-950058\model.pth
Iteration: 5000, loss_r = 9.8e-06 ,  loss_bc = 4.6e-07,  loss_ic = 4.1e-06,  lr = 1.0e-03, time_taken = 7.7e-01, rel_l2_error = 1.2e-02
Model state saved to ./checkpoints/burgers_exact\2026-03-09_11-19-05-950058\model.pth
Iteration: 5100, loss_r = 6.2e-06 ,  loss_bc = 6.1e-07,  loss_ic = 6.1e-06,  lr = 1.0e-03, time_taken = 7.8e-01, rel_l2_error = 1.1e-02
Model state saved to ./checkpoints/burgers_exact\2026-03-09_11-19-05-950058\model.pth
Iteration: 5200, loss_r = 1.1e-05 ,  loss_bc = 2.1e-06,  loss_ic = 4.9e-06,  lr = 1.0e-03, time_taken = 1.0e+00, rel_l2_error = 1.4e-02
Model state saved to ./checkpoints/burgers_exact\2026-03-09_11-19-05-950058\model.pth
Iteration: 5300, loss_r = 6.4e-06 ,  loss_bc = 5.1e-06,  loss_ic = 5.9e-06,  lr = 1.0e-03, time_taken = 8.6e-01, rel_l2_error = 1.1e-02
Model state saved to ./checkpoints/burgers_exact\2026-03-09_11-19-05-950058\model.pth
Iteration: 5400, loss_r = 5.2e-06 ,  loss_bc = 7.5e-07,  loss_ic = 4.2e-06,  lr = 1.0e-03, time_taken = 7.9e-01, rel_l2_error = 1.1e-02
Model state saved to ./checkpoints/burgers_exact\2026-03-09_11-19-05-950058\model.pth
Iteration: 5500, loss_r = 5.0e-06 ,  loss_bc = 7.2e-07,  loss_ic = 3.5e-06,  lr = 1.0e-03, time_taken = 8.1e-01, rel_l2_error = 1.0e-02
Model state saved to ./checkpoints/burgers_exact\2026-03-09_11-19-05-950058\model.pth
Iteration: 5600, loss_r = 6.9e-06 ,  loss_bc = 1.2e-06,  loss_ic = 5.3e-06,  lr = 1.0e-03, time_taken = 8.8e-01, rel_l2_error = 1.3e-02
Model state saved to ./checkpoints/burgers_exact\2026-03-09_11-19-05-950058\model.pth
Iteration: 5700, loss_r = 6.4e-06 ,  loss_bc = 2.4e-07,  loss_ic = 4.9e-06,  lr = 1.0e-03, time_taken = 8.0e-01, rel_l2_error = 1.2e-02
Model state saved to ./checkpoints/burgers_exact\2026-03-09_11-19-05-950058\model.pth
Iteration: 5800, loss_r = 6.7e-06 ,  loss_bc = 1.3e-06,  loss_ic = 4.2e-06,  lr = 1.0e-03, time_taken = 8.1e-01, rel_l2_error = 7.8e-03
Model state saved to ./checkpoints/burgers_exact\2026-03-09_11-19-05-950058\model.pth
Iteration: 5900, loss_r = 1.3e-05 ,  loss_bc = 2.3e-07,  loss_ic = 4.0e-06,  lr = 1.0e-03, time_taken = 8.1e-01, rel_l2_error = 8.4e-03
Model state saved to ./checkpoints/burgers_exact\2026-03-09_11-19-05-950058\model.pth
Iteration: 6000, loss_r = 5.8e-06 ,  loss_bc = 3.8e-07,  loss_ic = 2.6e-06,  lr = 1.0e-03, time_taken = 8.0e-01, rel_l2_error = 1.6e-02
Model state saved to ./checkpoints/burgers_exact\2026-03-09_11-19-05-950058\model.pth

=== RAR Evaluation at iteration 6000 ===
Mean residual: 2.337e-01
Adding 100 new point(s) with highest residuals:
  Point 1: [ 0.02519357 -0.52699935], Residual: 2.360e+00
  Point 2: [ 0.15285987 -0.53617084], Residual: 2.254e+00
  Point 3: [ 0.4322163 -0.6156826], Residual: 2.202e+00
  Point 4: [ 0.76655567 -0.74121606], Residual: 2.153e+00
  Point 5: [ 0.5266236 -0.7136508], Residual: 2.049e+00
  Point 6: [ 0.26805907 -0.6711799 ], Residual: 1.995e+00
  Point 7: [0.01707929 0.38215864], Residual: 1.985e+00
  Point 8: [0.04082626 0.33587015], Residual: 1.966e+00
  Point 9: [ 0.88663316 -0.6543734 ], Residual: 1.930e+00
  Point 10: [ 0.88070756 -0.73329866], Residual: 1.912e+00
  Point 11: [0.00628042 0.3067552 ], Residual: 1.874e+00
  Point 12: [ 0.30011493 -0.64624655], Residual: 1.866e+00
  Point 13: [ 0.7508493 -0.715359 ], Residual: 1.853e+00
  Point 14: [ 0.42940283 -0.69377196], Residual: 1.838e+00
  Point 15: [0.20089352 0.34559023], Residual: 1.827e+00
  Point 16: [ 0.7185988 -0.7264378], Residual: 1.802e+00
  Point 17: [ 0.15264708 -0.5238868 ], Residual: 1.779e+00
  Point 18: [ 0.8158089 -0.7883465], Residual: 1.763e+00
  Point 19: [ 0.11612064 -0.58258736], Residual: 1.754e+00
  Point 20: [0.3961885 0.7272364], Residual: 1.745e+00
  Point 21: [ 0.515622  -0.6893004], Residual: 1.741e+00
  Point 22: [0.3942911 0.4332075], Residual: 1.738e+00
  Point 23: [ 0.9596434 -0.6986865], Residual: 1.732e+00
  Point 24: [ 0.15370554 -0.45783103], Residual: 1.723e+00
  Point 25: [ 0.65982157 -0.69847536], Residual: 1.719e+00
  Point 26: [ 0.4695443  -0.70088017], Residual: 1.716e+00
  Point 27: [0.22380579 0.3439225 ], Residual: 1.694e+00
  Point 28: [ 0.07240433 -0.580871  ], Residual: 1.671e+00
  Point 29: [ 0.6284121 -0.6985996], Residual: 1.670e+00
  Point 30: [ 0.09871107 -0.6001303 ], Residual: 1.669e+00
  Point 31: [ 0.5516368 -0.6778643], Residual: 1.666e+00
  Point 32: [ 0.27237338 -0.47732186], Residual: 1.659e+00
  Point 33: [0.16888654 0.3245808 ], Residual: 1.646e+00
  Point 34: [ 0.30999416 -0.5323614 ], Residual: 1.641e+00
  Point 35: [0.18977141 0.42226017], Residual: 1.618e+00
  Point 36: [ 0.55761147 -0.6407337 ], Residual: 1.617e+00
  Point 37: [0.26729196 0.4175893 ], Residual: 1.615e+00
  Point 38: [0.0402751 0.280792 ], Residual: 1.611e+00
  Point 39: [0.00830454 0.2509439 ], Residual: 1.586e+00
  Point 40: [ 0.11621273 -0.600132  ], Residual: 1.577e+00
  Point 41: [0.26945883 0.3897047 ], Residual: 1.561e+00
  Point 42: [0.18548828 0.3085692 ], Residual: 1.558e+00
  Point 43: [ 0.94919205 -0.80232334], Residual: 1.541e+00
  Point 44: [0.15715945 0.32645595], Residual: 1.540e+00
  Point 45: [0.14472622 0.6765207 ], Residual: 1.539e+00
  Point 46: [0.16830325 0.39294195], Residual: 1.539e+00
  Point 47: [ 0.29111862 -0.57595754], Residual: 1.522e+00
  Point 48: [0.09543335 0.39901853], Residual: 1.511e+00
  Point 49: [ 0.3117488  -0.66841245], Residual: 1.505e+00
  Point 50: [0.29199845 0.41129863], Residual: 1.504e+00
  Point 51: [0.17311049 0.37097752], Residual: 1.499e+00
  Point 52: [ 0.28770405 -0.642951  ], Residual: 1.495e+00
  Point 53: [ 0.12141925 -0.5988244 ], Residual: 1.494e+00
  Point 54: [0.07457393 0.3504938 ], Residual: 1.489e+00
  Point 55: [ 0.93887687 -0.74222827], Residual: 1.479e+00
  Point 56: [ 0.7939823 -0.6188222], Residual: 1.478e+00
  Point 57: [ 0.05608505 -0.58442116], Residual: 1.472e+00
  Point 58: [0.27999175 0.35589445], Residual: 1.466e+00
  Point 59: [0.17859101 0.6131438 ], Residual: 1.456e+00
  Point 60: [0.19330102 0.27711904], Residual: 1.432e+00
  Point 61: [0.10379982 0.64047694], Residual: 1.430e+00
  Point 62: [ 0.55180156 -0.74524283], Residual: 1.427e+00
  Point 63: [0.36704916 0.45607483], Residual: 1.422e+00
  Point 64: [ 0.31242502 -0.67494357], Residual: 1.412e+00
  Point 65: [ 0.9902052 -0.8056954], Residual: 1.399e+00
  Point 66: [0.2596556  0.41387546], Residual: 1.398e+00
  Point 67: [ 0.66252    -0.72322774], Residual: 1.396e+00
  Point 68: [ 0.04073292 -0.6201179 ], Residual: 1.390e+00
  Point 69: [0.26725352 0.30390906], Residual: 1.388e+00
  Point 70: [0.5614581  0.48155093], Residual: 1.386e+00
  Point 71: [0.08554232 0.31539083], Residual: 1.378e+00
  Point 72: [0.672033   0.41076756], Residual: 1.375e+00
  Point 73: [0.43731117 0.6801691 ], Residual: 1.375e+00
  Point 74: [ 0.1475442  -0.43780017], Residual: 1.374e+00
  Point 75: [0.12731308 0.6401812 ], Residual: 1.372e+00
  Point 76: [0.2738788 0.34481  ], Residual: 1.371e+00
  Point 77: [0.27025032 0.33713818], Residual: 1.369e+00
  Point 78: [0.05272746 0.3709389 ], Residual: 1.369e+00
  Point 79: [0.3090266  0.46966112], Residual: 1.368e+00
  Point 80: [0.29517698 0.41576695], Residual: 1.365e+00
  Point 81: [0.10089892 0.32865262], Residual: 1.363e+00
  Point 82: [0.89943254 0.7909888 ], Residual: 1.363e+00
  Point 83: [ 0.81974196 -0.8026397 ], Residual: 1.363e+00
  Point 84: [0.04971641 0.3114916 ], Residual: 1.360e+00
  Point 85: [ 0.6593354 -0.7033508], Residual: 1.359e+00
  Point 86: [0.94720846 0.43542838], Residual: 1.350e+00
  Point 87: [0.30095494 0.6788043 ], Residual: 1.350e+00
  Point 88: [0.43492985 0.6970539 ], Residual: 1.345e+00
  Point 89: [0.15035588 0.617041  ], Residual: 1.344e+00
  Point 90: [0.15312028 0.65805805], Residual: 1.344e+00
  Point 91: [0.46908015 0.44840705], Residual: 1.343e+00
  Point 92: [ 0.5608137  -0.54328024], Residual: 1.340e+00
  Point 93: [0.4710657  0.64216745], Residual: 1.339e+00
  Point 94: [ 0.16275889 -0.5722859 ], Residual: 1.338e+00
  Point 95: [0.62643313 0.7249702 ], Residual: 1.335e+00
  Point 96: [0.70307547 0.37047148], Residual: 1.331e+00
  Point 97: [0.00458938 0.27347457], Residual: 1.324e+00
  Point 98: [ 0.10482347 -0.44719636], Residual: 1.315e+00
  Point 99: [ 0.7891991 -0.6970414], Residual: 1.315e+00
  Point 100: [0.30283636 0.35115516], Residual: 1.308e+00
Total adaptive points: 300

Iteration: 6100, loss_r = 4.3e-06 ,  loss_bc = 2.4e-06,  loss_ic = 3.5e-06,  lr = 1.0e-03, time_taken = 8.3e-01, rel_l2_error = 1.1e-02
Model state saved to ./checkpoints/burgers_exact\2026-03-09_11-19-05-950058\model.pth
Iteration: 6200, loss_r = 6.7e-06 ,  loss_bc = 1.2e-06,  loss_ic = 2.8e-06,  lr = 1.0e-03, time_taken = 8.1e-01, rel_l2_error = 6.2e-03
Model state saved to ./checkpoints/burgers_exact\2026-03-09_11-19-05-950058\model.pth
Iteration: 6300, loss_r = 3.8e-06 ,  loss_bc = 7.8e-06,  loss_ic = 4.9e-06,  lr = 1.0e-03, time_taken = 8.5e-01, rel_l2_error = 9.1e-03
Model state saved to ./checkpoints/burgers_exact\2026-03-09_11-19-05-950058\model.pth
Iteration: 6400, loss_r = 4.9e-06 ,  loss_bc = 4.1e-06,  loss_ic = 7.0e-06,  lr = 1.0e-03, time_taken = 8.2e-01, rel_l2_error = 1.1e-02
Model state saved to ./checkpoints/burgers_exact\2026-03-09_11-19-05-950058\model.pth
Iteration: 6500, loss_r = 5.3e-06 ,  loss_bc = 2.4e-06,  loss_ic = 3.1e-06,  lr = 1.0e-03, time_taken = 1.1e+00, rel_l2_error = 1.0e-02
Model state saved to ./checkpoints/burgers_exact\2026-03-09_11-19-05-950058\model.pth
Iteration: 6600, loss_r = 4.8e-06 ,  loss_bc = 6.0e-07,  loss_ic = 3.0e-06,  lr = 1.0e-03, time_taken = 1.0e+00, rel_l2_error = 6.3e-03
Model state saved to ./checkpoints/burgers_exact\2026-03-09_11-19-05-950058\model.pth
Iteration: 6700, loss_r = 3.9e-06 ,  loss_bc = 3.3e-07,  loss_ic = 2.6e-06,  lr = 1.0e-03, time_taken = 1.0e+00, rel_l2_error = 9.0e-03
Model state saved to ./checkpoints/burgers_exact\2026-03-09_11-19-05-950058\model.pth
Iteration: 6800, loss_r = 6.3e-06 ,  loss_bc = 1.7e-05,  loss_ic = 1.0e-05,  lr = 1.0e-03, time_taken = 1.0e+00, rel_l2_error = 9.8e-03
Model state saved to ./checkpoints/burgers_exact\2026-03-09_11-19-05-950058\model.pth
Iteration: 6900, loss_r = 2.9e-06 ,  loss_bc = 2.0e-06,  loss_ic = 2.1e-06,  lr = 1.0e-03, time_taken = 1.0e+00, rel_l2_error = 6.2e-03
Model state saved to ./checkpoints/burgers_exact\2026-03-09_11-19-05-950058\model.pth
Iteration: 7000, loss_r = 8.2e-06 ,  loss_bc = 3.1e-07,  loss_ic = 3.6e-06,  lr = 1.0e-03, time_taken = 1.0e+00, rel_l2_error = 7.4e-03
Model state saved to ./checkpoints/burgers_exact\2026-03-09_11-19-05-950058\model.pth
Iteration: 7100, loss_r = 3.3e-06 ,  loss_bc = 2.5e-07,  loss_ic = 2.5e-06,  lr = 1.0e-03, time_taken = 1.0e+00, rel_l2_error = 9.1e-03
Model state saved to ./checkpoints/burgers_exact\2026-03-09_11-19-05-950058\model.pth
Iteration: 7200, loss_r = 5.4e-06 ,  loss_bc = 5.1e-06,  loss_ic = 4.8e-06,  lr = 1.0e-03, time_taken = 1.0e+00, rel_l2_error = 1.4e-02
Model state saved to ./checkpoints/burgers_exact\2026-03-09_11-19-05-950058\model.pth
Iteration: 7300, loss_r = 6.3e-06 ,  loss_bc = 7.6e-06,  loss_ic = 6.4e-06,  lr = 1.0e-03, time_taken = 1.0e+00, rel_l2_error = 1.2e-02
Model state saved to ./checkpoints/burgers_exact\2026-03-09_11-19-05-950058\model.pth
Iteration: 7400, loss_r = 3.7e-06 ,  loss_bc = 8.3e-07,  loss_ic = 1.9e-06,  lr = 1.0e-03, time_taken = 8.1e-01, rel_l2_error = 7.1e-03
Model state saved to ./checkpoints/burgers_exact\2026-03-09_11-19-05-950058\model.pth
Iteration: 7500, loss_r = 3.0e-06 ,  loss_bc = 6.4e-06,  loss_ic = 5.6e-06,  lr = 1.0e-03, time_taken = 1.2e+00, rel_l2_error = 1.4e-02
Model state saved to ./checkpoints/burgers_exact\2026-03-09_11-19-05-950058\model.pth
Iteration: 7600, loss_r = 6.0e-06 ,  loss_bc = 6.3e-06,  loss_ic = 3.0e-06,  lr = 1.0e-03, time_taken = 8.2e-01, rel_l2_error = 1.1e-02
Model state saved to ./checkpoints/burgers_exact\2026-03-09_11-19-05-950058\model.pth
Iteration: 7700, loss_r = 3.6e-06 ,  loss_bc = 6.7e-08,  loss_ic = 2.3e-06,  lr = 1.0e-03, time_taken = 9.4e-01, rel_l2_error = 8.5e-03
Model state saved to ./checkpoints/burgers_exact\2026-03-09_11-19-05-950058\model.pth
Iteration: 7800, loss_r = 3.8e-06 ,  loss_bc = 8.7e-08,  loss_ic = 2.0e-06,  lr = 1.0e-03, time_taken = 9.4e-01, rel_l2_error = 7.2e-03
Model state saved to ./checkpoints/burgers_exact\2026-03-09_11-19-05-950058\model.pth
Iteration: 7900, loss_r = 2.7e-06 ,  loss_bc = 1.2e-07,  loss_ic = 2.2e-06,  lr = 1.0e-03, time_taken = 8.2e-01, rel_l2_error = 5.0e-03
Model state saved to ./checkpoints/burgers_exact\2026-03-09_11-19-05-950058\model.pth
Iteration: 8000, loss_r = 3.1e-06 ,  loss_bc = 9.5e-06,  loss_ic = 6.1e-06,  lr = 1.0e-03, time_taken = 7.8e-01, rel_l2_error = 7.8e-03
Model state saved to ./checkpoints/burgers_exact\2026-03-09_11-19-05-950058\model.pth

=== RAR Evaluation at iteration 8000 ===
Mean residual: 2.387e-01
Adding 100 new point(s) with highest residuals:
  Point 1: [ 0.07127267 -0.55274475], Residual: 2.560e+00
  Point 2: [ 0.8342791 -0.7046615], Residual: 2.455e+00
  Point 3: [ 0.00781721 -0.4530815 ], Residual: 2.343e+00
  Point 4: [ 0.8216724  -0.60857356], Residual: 2.271e+00
  Point 5: [ 0.35232633 -0.6050862 ], Residual: 2.210e+00
  Point 6: [ 0.20183331 -0.44850397], Residual: 2.063e+00
  Point 7: [0.04014838 0.3364539 ], Residual: 2.052e+00
  Point 8: [ 0.08905941 -0.561941  ], Residual: 2.044e+00
  Point 9: [ 0.9736439 -0.6986642], Residual: 2.039e+00
  Point 10: [ 0.5201691 -0.6306844], Residual: 2.037e+00
  Point 11: [ 0.25903338 -0.65344155], Residual: 2.019e+00
  Point 12: [0.00360781 0.31492817], Residual: 1.964e+00
  Point 13: [0.0746851  0.40548158], Residual: 1.897e+00
  Point 14: [0.02906972 0.31354773], Residual: 1.890e+00
  Point 15: [ 0.01442611 -0.52736044], Residual: 1.863e+00
  Point 16: [ 0.5387045  -0.51539946], Residual: 1.812e+00
  Point 17: [ 0.44912636 -0.64167273], Residual: 1.796e+00
  Point 18: [0.34915417 0.66870797], Residual: 1.783e+00
  Point 19: [ 0.65208334 -0.7523289 ], Residual: 1.763e+00
  Point 20: [0.29979295 0.6422514 ], Residual: 1.723e+00
  Point 21: [0.3328976  0.62672067], Residual: 1.722e+00
  Point 22: [ 0.5534317 -0.6246222], Residual: 1.692e+00
  Point 23: [0.32945955 0.34367943], Residual: 1.686e+00
  Point 24: [0.04720473 0.3626418 ], Residual: 1.680e+00
  Point 25: [0.22475702 0.31225324], Residual: 1.665e+00
  Point 26: [0.29932243 0.6113156 ], Residual: 1.665e+00
  Point 27: [ 0.7694739 -0.7167705], Residual: 1.654e+00
  Point 28: [ 0.35399836 -0.56253016], Residual: 1.654e+00
  Point 29: [0.46529144 0.73228085], Residual: 1.647e+00
  Point 30: [0.11967599 0.34183156], Residual: 1.637e+00
  Point 31: [ 0.82780087 -0.6664759 ], Residual: 1.632e+00
  Point 32: [ 0.3463552 -0.6338669], Residual: 1.627e+00
  Point 33: [0.5048398  0.64391494], Residual: 1.623e+00
  Point 34: [0.01693672 0.38028204], Residual: 1.620e+00
  Point 35: [0.22489399 0.3711902 ], Residual: 1.581e+00
  Point 36: [0.5539759 0.720145 ], Residual: 1.581e+00
  Point 37: [0.04050249 0.3036512 ], Residual: 1.579e+00
  Point 38: [0.33873552 0.37760556], Residual: 1.576e+00
  Point 39: [0.36332065 0.3564787 ], Residual: 1.555e+00
  Point 40: [ 0.47620362 -0.54144394], Residual: 1.546e+00
  Point 41: [0.85329294 0.78054905], Residual: 1.541e+00
  Point 42: [0.24646866 0.37234104], Residual: 1.523e+00
  Point 43: [ 0.7378554 -0.61281  ], Residual: 1.521e+00
  Point 44: [ 0.1065523 -0.6601436], Residual: 1.507e+00
  Point 45: [0.09896255 0.6523696 ], Residual: 1.505e+00
  Point 46: [0.3961323  0.36279774], Residual: 1.503e+00
  Point 47: [ 0.6526447 -0.7350135], Residual: 1.502e+00
  Point 48: [0.23220193 0.26963603], Residual: 1.500e+00
  Point 49: [0.05225813 0.3032198 ], Residual: 1.499e+00
  Point 50: [ 0.0689283  -0.51081634], Residual: 1.487e+00
  Point 51: [0.5201563  0.41900766], Residual: 1.481e+00
  Point 52: [0.05215681 0.41308498], Residual: 1.477e+00
  Point 53: [0.13540655 0.29302514], Residual: 1.470e+00
  Point 54: [ 0.42016375 -0.60279787], Residual: 1.467e+00
  Point 55: [0.03376746 0.28074598], Residual: 1.466e+00
  Point 56: [0.03366029 0.21297157], Residual: 1.453e+00
  Point 57: [0.13104343 0.36595488], Residual: 1.446e+00
  Point 58: [ 0.0299502  -0.63892245], Residual: 1.437e+00
  Point 59: [0.38527137 0.3232963 ], Residual: 1.435e+00
  Point 60: [0.30349064 0.36551857], Residual: 1.435e+00
  Point 61: [ 0.48625165 -0.6944308 ], Residual: 1.435e+00
  Point 62: [0.2446841  0.36536133], Residual: 1.423e+00
  Point 63: [0.02420884 0.2841288 ], Residual: 1.421e+00
  Point 64: [ 0.49162292 -0.43824363], Residual: 1.419e+00
  Point 65: [0.0884698  0.39648652], Residual: 1.416e+00
  Point 66: [ 0.05290169 -0.631912  ], Residual: 1.413e+00
  Point 67: [0.7275959  0.43222892], Residual: 1.412e+00
  Point 68: [0.61460125 0.7497637 ], Residual: 1.409e+00
  Point 69: [0.02770042 0.26115847], Residual: 1.403e+00
  Point 70: [0.00259191 0.6571833 ], Residual: 1.394e+00
  Point 71: [0.26500547 0.31106937], Residual: 1.388e+00
  Point 72: [0.12268716 0.5868038 ], Residual: 1.385e+00
  Point 73: [0.71787906 0.49950266], Residual: 1.384e+00
  Point 74: [0.16300285 0.26563144], Residual: 1.383e+00
  Point 75: [0.08950979 0.43023276], Residual: 1.382e+00
  Point 76: [0.47247738 0.35118318], Residual: 1.379e+00
  Point 77: [0.31320918 0.71433413], Residual: 1.370e+00
  Point 78: [0.00824094 0.31414545], Residual: 1.369e+00
  Point 79: [ 0.51175725 -0.703809  ], Residual: 1.367e+00
  Point 80: [0.55928284 0.41242254], Residual: 1.367e+00
  Point 81: [0.40170884 0.6551467 ], Residual: 1.365e+00
  Point 82: [0.07001597 0.5717342 ], Residual: 1.358e+00
  Point 83: [ 0.35928547 -0.6085746 ], Residual: 1.351e+00
  Point 84: [0.87278545 0.77870727], Residual: 1.350e+00
  Point 85: [ 0.35381895 -0.6268698 ], Residual: 1.344e+00
  Point 86: [ 0.2983967 -0.5144656], Residual: 1.343e+00
  Point 87: [ 0.56099856 -0.4733634 ], Residual: 1.339e+00
  Point 88: [ 0.06930214 -0.581977  ], Residual: 1.338e+00
  Point 89: [ 0.65302247 -0.7666079 ], Residual: 1.335e+00
  Point 90: [0.18370843 0.29967833], Residual: 1.335e+00
  Point 91: [0.16923976 0.6680869 ], Residual: 1.333e+00
  Point 92: [0.81541544 0.39600635], Residual: 1.332e+00
  Point 93: [ 0.39610535 -0.56937516], Residual: 1.331e+00
  Point 94: [ 0.60610217 -0.7013202 ], Residual: 1.323e+00
  Point 95: [0.61159354 0.42116654], Residual: 1.322e+00
  Point 96: [0.41932118 0.45000052], Residual: 1.322e+00
  Point 97: [0.788465 0.774832], Residual: 1.320e+00
  Point 98: [ 0.6460266  -0.71126306], Residual: 1.319e+00
  Point 99: [ 0.2619794 -0.5266695], Residual: 1.319e+00
  Point 100: [0.20353949 0.3857422 ], Residual: 1.317e+00
Total adaptive points: 400

Iteration: 8100, loss_r = 1.5e-05 ,  loss_bc = 3.5e-05,  loss_ic = 1.6e-05,  lr = 1.0e-03, time_taken = 8.3e-01, rel_l2_error = 1.6e-02
Model state saved to ./checkpoints/burgers_exact\2026-03-09_11-19-05-950058\model.pth
Iteration: 8200, loss_r = 3.3e-06 ,  loss_bc = 4.6e-07,  loss_ic = 1.6e-06,  lr = 1.0e-03, time_taken = 9.1e-01, rel_l2_error = 6.4e-03
Model state saved to ./checkpoints/burgers_exact\2026-03-09_11-19-05-950058\model.pth
Iteration: 8300, loss_r = 1.8e-06 ,  loss_bc = 1.9e-06,  loss_ic = 1.2e-06,  lr = 1.0e-03, time_taken = 8.0e-01, rel_l2_error = 7.8e-03
Model state saved to ./checkpoints/burgers_exact\2026-03-09_11-19-05-950058\model.pth
Iteration: 8400, loss_r = 2.6e-06 ,  loss_bc = 3.1e-06,  loss_ic = 2.6e-06,  lr = 1.0e-03, time_taken = 8.2e-01, rel_l2_error = 9.7e-03
Model state saved to ./checkpoints/burgers_exact\2026-03-09_11-19-05-950058\model.pth
Iteration: 8500, loss_r = 3.3e-06 ,  loss_bc = 6.6e-07,  loss_ic = 1.6e-06,  lr = 1.0e-03, time_taken = 7.7e-01, rel_l2_error = 8.1e-03
Model state saved to ./checkpoints/burgers_exact\2026-03-09_11-19-05-950058\model.pth
Iteration: 8600, loss_r = 2.5e-06 ,  loss_bc = 9.5e-06,  loss_ic = 2.8e-06,  lr = 1.0e-03, time_taken = 8.5e-01, rel_l2_error = 9.7e-03
Model state saved to ./checkpoints/burgers_exact\2026-03-09_11-19-05-950058\model.pth
Iteration: 8700, loss_r = 3.5e-06 ,  loss_bc = 1.4e-06,  loss_ic = 3.2e-06,  lr = 1.0e-03, time_taken = 8.1e-01, rel_l2_error = 5.2e-03
Model state saved to ./checkpoints/burgers_exact\2026-03-09_11-19-05-950058\model.pth
Iteration: 8800, loss_r = 3.3e-06 ,  loss_bc = 9.9e-07,  loss_ic = 2.4e-06,  lr = 1.0e-03, time_taken = 8.3e-01, rel_l2_error = 6.0e-03
Model state saved to ./checkpoints/burgers_exact\2026-03-09_11-19-05-950058\model.pth
Iteration: 8900, loss_r = 2.2e-06 ,  loss_bc = 4.3e-07,  loss_ic = 1.3e-06,  lr = 1.0e-03, time_taken = 8.2e-01, rel_l2_error = 7.3e-03
Model state saved to ./checkpoints/burgers_exact\2026-03-09_11-19-05-950058\model.pth
Iteration: 9000, loss_r = 4.9e-06 ,  loss_bc = 2.0e-07,  loss_ic = 1.7e-06,  lr = 1.0e-03, time_taken = 8.0e-01, rel_l2_error = 8.9e-03
Model state saved to ./checkpoints/burgers_exact\2026-03-09_11-19-05-950058\model.pth
Iteration: 9100, loss_r = 5.4e-06 ,  loss_bc = 2.4e-06,  loss_ic = 3.6e-06,  lr = 1.0e-03, time_taken = 7.9e-01, rel_l2_error = 3.4e-03
Model state saved to ./checkpoints/burgers_exact\2026-03-09_11-19-05-950058\model.pth
Iteration: 9200, loss_r = 3.9e-06 ,  loss_bc = 1.6e-07,  loss_ic = 3.5e-06,  lr = 1.0e-03, time_taken = 9.4e-01, rel_l2_error = 6.2e-03
Model state saved to ./checkpoints/burgers_exact\2026-03-09_11-19-05-950058\model.pth
Iteration: 9300, loss_r = 1.6e-06 ,  loss_bc = 1.9e-06,  loss_ic = 1.5e-06,  lr = 1.0e-03, time_taken = 8.8e-01, rel_l2_error = 7.1e-03
Model state saved to ./checkpoints/burgers_exact\2026-03-09_11-19-05-950058\model.pth
Iteration: 9400, loss_r = 2.6e-06 ,  loss_bc = 2.1e-07,  loss_ic = 2.5e-06,  lr = 1.0e-03, time_taken = 8.0e-01, rel_l2_error = 7.6e-03
Model state saved to ./checkpoints/burgers_exact\2026-03-09_11-19-05-950058\model.pth
Iteration: 9500, loss_r = 4.4e-06 ,  loss_bc = 4.9e-06,  loss_ic = 3.9e-06,  lr = 1.0e-03, time_taken = 8.1e-01, rel_l2_error = 8.7e-03
Model state saved to ./checkpoints/burgers_exact\2026-03-09_11-19-05-950058\model.pth
Iteration: 9600, loss_r = 2.4e-06 ,  loss_bc = 3.2e-06,  loss_ic = 1.5e-06,  lr = 1.0e-03, time_taken = 9.1e-01, rel_l2_error = 5.8e-03
Model state saved to ./checkpoints/burgers_exact\2026-03-09_11-19-05-950058\model.pth
Iteration: 9700, loss_r = 5.8e-06 ,  loss_bc = 8.2e-06,  loss_ic = 4.8e-06,  lr = 1.0e-03, time_taken = 8.8e-01, rel_l2_error = 1.2e-02
Model state saved to ./checkpoints/burgers_exact\2026-03-09_11-19-05-950058\model.pth
Iteration: 9800, loss_r = 3.3e-06 ,  loss_bc = 1.7e-07,  loss_ic = 1.4e-06,  lr = 1.0e-03, time_taken = 7.8e-01, rel_l2_error = 7.6e-03
Model state saved to ./checkpoints/burgers_exact\2026-03-09_11-19-05-950058\model.pth
Iteration: 9900, loss_r = 2.4e-06 ,  loss_bc = 1.7e-07,  loss_ic = 8.8e-07,  lr = 9.0e-04, time_taken = 8.6e-01, rel_l2_error = 4.4e-03
Model state saved to ./checkpoints/burgers_exact\2026-03-09_11-19-05-950058\model.pth

=== Switching to LBFGS optimizer at iteration 10000 ===
Using scipy L-BFGS-B optimizer (bburgers_hybrid_trainer.py approach)
Optimizer: L-BFGS-B (maxiter=10000, factr=1000.0, m=100, maxls=50, pgtol=1e-14)
L-BFGS Iteration: 0, Loss: 5.268927e-06
L-BFGS Iteration: 1, Loss: 3.755888e-06, Relative L2 Error: 6.880248e-03
L-BFGS: Time for 100 iterations = 624.6650 s
L-BFGS Iteration: 100, Loss: 1.265078e-06, Relative L2 Error: 3.003873e-03
L-BFGS Iteration: 200, Loss: 8.268961e-07, Relative L2 Error: 2.312086e-03
L-BFGS Iteration: 300, Loss: 4.753365e-07, Relative L2 Error: 1.864496e-03
L-BFGS Iteration: 400, Loss: 2.613957e-07, Relative L2 Error: 1.348933e-03
L-BFGS Iteration: 500, Loss: 1.629587e-07, Relative L2 Error: 1.154868e-03
L-BFGS Iteration: 600, Loss: 1.026339e-07, Relative L2 Error: 1.004742e-03
L-BFGS Iteration: 700, Loss: 7.534737e-08, Relative L2 Error: 8.588647e-04
L-BFGS Iteration: 800, Loss: 6.288290e-08, Relative L2 Error: 7.472336e-04
L-BFGS Iteration: 900, Loss: 5.666702e-08, Relative L2 Error: 6.678547e-04
L-BFGS optimization finished after 954 iterations.
L-BFGS training completed after 954 iterations
Model state saved to ./checkpoints/burgers_exact\2026-03-09_11-19-05-950058\model.pth
Training completed successfully!
Evaluating on 40000 points using chunk size 500
RelL2_U%  : 5.914e-02 
Saved solution comparison heatmaps to: ./checkpoints/burgers_exact\2026-03-09_11-19-05-950058\solution_comparison_burgers_exact.png
