Random seed set to: 3407
Solving 3D heat equation u_t = alpha (u_{xx}+u_{yy}+u_{zz}) on [0,1]^3 with homogeneous Dirichlet BC
checkpoint path: self.log_path='./checkpoints/heat3d_exact\\2026-03-05_17-55-27-744842'
Using Classical Solver2
The settings used:
batch_size : 64
epochs : 20000
lr : 0.001
seed : 3407
print_every : 100
log_path : ./checkpoints/heat3d_exact
input_dim : 4
output_dim : 1
num_qubits : 5
hidden_dim : 20
num_quantum_layers : 1
classic_network : [4, 20, 1]
q_ansatz : cross_mesh
mode : hybrid
activation : tanh
shots : None
problem : heat3d_exact
solver : Classical2
device : cpu
method : None
cutoff_dim : 20
class : CVNeuralNetwork1
encoding : angle
use_rar : True
rar_eval_freq : 2000
rar_threshold : 0.0005
rar_num_candidates : 10000
rar_num_add : 100
use_hybrid_optimizer : True
adam_iterations : 10000
use_scipy_lbfgs : True
lbfgs_lr : 1
lbfgs_line_search : strong_wolfe
lbfgs_tolerance_grad : 1e-05
lbfgs_tolerance_change : 1e-07
lbfgs_maxiter : 10000
lbfgs_factr : 1000.0
lbfgs_pgtol : 1e-14
lbfgs_maxls : 50
lbfgs_m : 100
lbfgs_eval_every : 100
domainN : 500
boundaryN : 50
initialN : 50
eval_total_points : 10000
nx : 200
nt : 200
y0 : 0.5
z0 : 0.5
alpha : 0.1
Total number of parameters: 2221
Iteration: 0, loss_r = 1.0e-02 ,  loss_bc = 5.5e-02,  loss_ic = 2.0e-01,  lr = 1.0e-03, time_taken = 7.1e-02, rel_l2_error = 1.2e+00
Model state saved to ./checkpoints/heat3d_exact\2026-03-05_17-55-27-744842\model.pth
Iteration: 100, loss_r = 3.3e-03 ,  loss_bc = 1.6e-02,  loss_ic = 6.5e-02,  lr = 1.0e-03, time_taken = 6.7e-02, rel_l2_error = 7.5e-01
Model state saved to ./checkpoints/heat3d_exact\2026-03-05_17-55-27-744842\model.pth
Iteration: 200, loss_r = 4.8e-03 ,  loss_bc = 1.2e-02,  loss_ic = 3.5e-02,  lr = 1.0e-03, time_taken = 6.3e-02, rel_l2_error = 7.2e-01
Model state saved to ./checkpoints/heat3d_exact\2026-03-05_17-55-27-744842\model.pth
Iteration: 300, loss_r = 8.2e-03 ,  loss_bc = 1.2e-02,  loss_ic = 5.0e-02,  lr = 1.0e-03, time_taken = 6.0e-02, rel_l2_error = 6.1e-01
Model state saved to ./checkpoints/heat3d_exact\2026-03-05_17-55-27-744842\model.pth
Iteration: 400, loss_r = 7.0e-03 ,  loss_bc = 1.1e-02,  loss_ic = 3.9e-02,  lr = 1.0e-03, time_taken = 4.4e-02, rel_l2_error = 5.9e-01
Model state saved to ./checkpoints/heat3d_exact\2026-03-05_17-55-27-744842\model.pth
Iteration: 500, loss_r = 4.0e-03 ,  loss_bc = 1.1e-02,  loss_ic = 3.3e-02,  lr = 1.0e-03, time_taken = 4.5e-02, rel_l2_error = 5.4e-01
Model state saved to ./checkpoints/heat3d_exact\2026-03-05_17-55-27-744842\model.pth
Iteration: 600, loss_r = 6.5e-03 ,  loss_bc = 1.1e-02,  loss_ic = 1.6e-02,  lr = 1.0e-03, time_taken = 4.8e-02, rel_l2_error = 4.6e-01
Model state saved to ./checkpoints/heat3d_exact\2026-03-05_17-55-27-744842\model.pth
Iteration: 700, loss_r = 5.8e-03 ,  loss_bc = 7.0e-03,  loss_ic = 1.4e-02,  lr = 1.0e-03, time_taken = 4.8e-02, rel_l2_error = 4.2e-01
Model state saved to ./checkpoints/heat3d_exact\2026-03-05_17-55-27-744842\model.pth
Iteration: 800, loss_r = 7.3e-03 ,  loss_bc = 4.7e-03,  loss_ic = 8.2e-03,  lr = 1.0e-03, time_taken = 3.5e-02, rel_l2_error = 3.8e-01
Model state saved to ./checkpoints/heat3d_exact\2026-03-05_17-55-27-744842\model.pth
Iteration: 900, loss_r = 5.9e-03 ,  loss_bc = 5.8e-03,  loss_ic = 7.3e-03,  lr = 1.0e-03, time_taken = 5.5e-02, rel_l2_error = 3.4e-01
Model state saved to ./checkpoints/heat3d_exact\2026-03-05_17-55-27-744842\model.pth
Iteration: 1000, loss_r = 2.5e-03 ,  loss_bc = 4.8e-03,  loss_ic = 8.6e-03,  lr = 1.0e-03, time_taken = 5.2e-02, rel_l2_error = 3.2e-01
Model state saved to ./checkpoints/heat3d_exact\2026-03-05_17-55-27-744842\model.pth
Iteration: 1100, loss_r = 4.6e-03 ,  loss_bc = 3.9e-03,  loss_ic = 6.3e-03,  lr = 1.0e-03, time_taken = 5.5e-02, rel_l2_error = 2.9e-01
Model state saved to ./checkpoints/heat3d_exact\2026-03-05_17-55-27-744842\model.pth
Iteration: 1200, loss_r = 2.4e-03 ,  loss_bc = 3.3e-03,  loss_ic = 5.1e-03,  lr = 1.0e-03, time_taken = 7.2e-02, rel_l2_error = 3.0e-01
Model state saved to ./checkpoints/heat3d_exact\2026-03-05_17-55-27-744842\model.pth
Iteration: 1300, loss_r = 1.8e-03 ,  loss_bc = 5.5e-03,  loss_ic = 3.9e-03,  lr = 1.0e-03, time_taken = 4.3e-02, rel_l2_error = 2.7e-01
Model state saved to ./checkpoints/heat3d_exact\2026-03-05_17-55-27-744842\model.pth
Iteration: 1400, loss_r = 3.7e-03 ,  loss_bc = 5.9e-03,  loss_ic = 3.1e-03,  lr = 1.0e-03, time_taken = 5.6e-02, rel_l2_error = 2.5e-01
Model state saved to ./checkpoints/heat3d_exact\2026-03-05_17-55-27-744842\model.pth
Iteration: 1500, loss_r = 2.8e-03 ,  loss_bc = 4.0e-03,  loss_ic = 3.3e-03,  lr = 1.0e-03, time_taken = 5.6e-02, rel_l2_error = 2.4e-01
Model state saved to ./checkpoints/heat3d_exact\2026-03-05_17-55-27-744842\model.pth
Iteration: 1600, loss_r = 1.5e-03 ,  loss_bc = 3.1e-03,  loss_ic = 2.8e-03,  lr = 1.0e-03, time_taken = 5.8e-02, rel_l2_error = 2.4e-01
Model state saved to ./checkpoints/heat3d_exact\2026-03-05_17-55-27-744842\model.pth
Iteration: 1700, loss_r = 1.6e-03 ,  loss_bc = 3.0e-03,  loss_ic = 1.6e-03,  lr = 1.0e-03, time_taken = 6.0e-02, rel_l2_error = 2.2e-01
Model state saved to ./checkpoints/heat3d_exact\2026-03-05_17-55-27-744842\model.pth
Iteration: 1800, loss_r = 2.2e-03 ,  loss_bc = 2.5e-03,  loss_ic = 1.8e-03,  lr = 1.0e-03, time_taken = 5.0e-02, rel_l2_error = 2.3e-01
Model state saved to ./checkpoints/heat3d_exact\2026-03-05_17-55-27-744842\model.pth
Iteration: 1900, loss_r = 2.6e-03 ,  loss_bc = 2.8e-03,  loss_ic = 1.4e-03,  lr = 1.0e-03, time_taken = 8.2e-02, rel_l2_error = 2.2e-01
Model state saved to ./checkpoints/heat3d_exact\2026-03-05_17-55-27-744842\model.pth
Iteration: 2000, loss_r = 1.7e-03 ,  loss_bc = 2.4e-03,  loss_ic = 1.2e-03,  lr = 1.0e-03, time_taken = 8.0e-02, rel_l2_error = 2.0e-01
Model state saved to ./checkpoints/heat3d_exact\2026-03-05_17-55-27-744842\model.pth

=== RAR Evaluation at iteration 2000 ===
Mean residual: 3.237e-02
Added 100 point(s). Total adaptive points: 100

Iteration: 2100, loss_r = 2.4e-03 ,  loss_bc = 2.9e-03,  loss_ic = 2.0e-03,  lr = 1.0e-03, time_taken = 7.8e-02, rel_l2_error = 2.2e-01
Model state saved to ./checkpoints/heat3d_exact\2026-03-05_17-55-27-744842\model.pth
Iteration: 2200, loss_r = 1.6e-03 ,  loss_bc = 3.2e-03,  loss_ic = 1.3e-03,  lr = 1.0e-03, time_taken = 7.3e-02, rel_l2_error = 2.0e-01
Model state saved to ./checkpoints/heat3d_exact\2026-03-05_17-55-27-744842\model.pth
Iteration: 2300, loss_r = 1.5e-03 ,  loss_bc = 2.7e-03,  loss_ic = 1.2e-03,  lr = 1.0e-03, time_taken = 7.5e-02, rel_l2_error = 1.9e-01
Model state saved to ./checkpoints/heat3d_exact\2026-03-05_17-55-27-744842\model.pth
Iteration: 2400, loss_r = 1.2e-03 ,  loss_bc = 3.9e-03,  loss_ic = 3.9e-04,  lr = 1.0e-03, time_taken = 8.1e-02, rel_l2_error = 1.9e-01
Model state saved to ./checkpoints/heat3d_exact\2026-03-05_17-55-27-744842\model.pth
Iteration: 2500, loss_r = 8.9e-04 ,  loss_bc = 2.4e-03,  loss_ic = 1.2e-03,  lr = 1.0e-03, time_taken = 1.6e-01, rel_l2_error = 1.8e-01
Model state saved to ./checkpoints/heat3d_exact\2026-03-05_17-55-27-744842\model.pth
Iteration: 2600, loss_r = 1.7e-03 ,  loss_bc = 2.2e-03,  loss_ic = 4.9e-04,  lr = 1.0e-03, time_taken = 8.9e-02, rel_l2_error = 1.7e-01
Model state saved to ./checkpoints/heat3d_exact\2026-03-05_17-55-27-744842\model.pth
Iteration: 2700, loss_r = 1.8e-03 ,  loss_bc = 2.3e-03,  loss_ic = 6.5e-04,  lr = 1.0e-03, time_taken = 8.3e-02, rel_l2_error = 1.8e-01
Model state saved to ./checkpoints/heat3d_exact\2026-03-05_17-55-27-744842\model.pth
Iteration: 2800, loss_r = 1.1e-03 ,  loss_bc = 2.3e-03,  loss_ic = 8.0e-04,  lr = 1.0e-03, time_taken = 8.4e-02, rel_l2_error = 1.7e-01
Model state saved to ./checkpoints/heat3d_exact\2026-03-05_17-55-27-744842\model.pth
Iteration: 2900, loss_r = 6.0e-04 ,  loss_bc = 1.7e-03,  loss_ic = 5.5e-04,  lr = 1.0e-03, time_taken = 6.7e-02, rel_l2_error = 1.6e-01
Model state saved to ./checkpoints/heat3d_exact\2026-03-05_17-55-27-744842\model.pth
Iteration: 3000, loss_r = 7.6e-04 ,  loss_bc = 2.2e-03,  loss_ic = 3.7e-04,  lr = 1.0e-03, time_taken = 8.2e-02, rel_l2_error = 1.6e-01
Model state saved to ./checkpoints/heat3d_exact\2026-03-05_17-55-27-744842\model.pth
Iteration: 3100, loss_r = 5.2e-04 ,  loss_bc = 1.7e-03,  loss_ic = 4.8e-04,  lr = 1.0e-03, time_taken = 6.3e-02, rel_l2_error = 1.5e-01
Model state saved to ./checkpoints/heat3d_exact\2026-03-05_17-55-27-744842\model.pth
Iteration: 3200, loss_r = 6.4e-04 ,  loss_bc = 1.8e-03,  loss_ic = 3.2e-04,  lr = 1.0e-03, time_taken = 9.8e-02, rel_l2_error = 1.5e-01
Model state saved to ./checkpoints/heat3d_exact\2026-03-05_17-55-27-744842\model.pth
Iteration: 3300, loss_r = 9.1e-04 ,  loss_bc = 1.7e-03,  loss_ic = 4.0e-04,  lr = 1.0e-03, time_taken = 6.5e-02, rel_l2_error = 1.5e-01
Model state saved to ./checkpoints/heat3d_exact\2026-03-05_17-55-27-744842\model.pth
Iteration: 3400, loss_r = 1.3e-03 ,  loss_bc = 1.0e-03,  loss_ic = 4.5e-04,  lr = 1.0e-03, time_taken = 6.8e-02, rel_l2_error = 1.5e-01
Model state saved to ./checkpoints/heat3d_exact\2026-03-05_17-55-27-744842\model.pth
Iteration: 3500, loss_r = 1.2e-03 ,  loss_bc = 1.3e-03,  loss_ic = 2.5e-04,  lr = 1.0e-03, time_taken = 1.1e-01, rel_l2_error = 1.5e-01
Model state saved to ./checkpoints/heat3d_exact\2026-03-05_17-55-27-744842\model.pth
Iteration: 3600, loss_r = 6.0e-04 ,  loss_bc = 1.4e-03,  loss_ic = 2.5e-04,  lr = 1.0e-03, time_taken = 1.0e-01, rel_l2_error = 1.5e-01
Model state saved to ./checkpoints/heat3d_exact\2026-03-05_17-55-27-744842\model.pth
Iteration: 3700, loss_r = 8.5e-04 ,  loss_bc = 1.1e-03,  loss_ic = 5.4e-04,  lr = 1.0e-03, time_taken = 9.2e-02, rel_l2_error = 1.3e-01
Model state saved to ./checkpoints/heat3d_exact\2026-03-05_17-55-27-744842\model.pth
Iteration: 3800, loss_r = 7.2e-04 ,  loss_bc = 1.1e-03,  loss_ic = 3.2e-04,  lr = 1.0e-03, time_taken = 1.3e-01, rel_l2_error = 1.4e-01
Model state saved to ./checkpoints/heat3d_exact\2026-03-05_17-55-27-744842\model.pth
Iteration: 3900, loss_r = 5.5e-04 ,  loss_bc = 2.6e-03,  loss_ic = 5.8e-04,  lr = 1.0e-03, time_taken = 6.5e-02, rel_l2_error = 1.3e-01
Model state saved to ./checkpoints/heat3d_exact\2026-03-05_17-55-27-744842\model.pth
Iteration: 4000, loss_r = 6.5e-04 ,  loss_bc = 1.1e-03,  loss_ic = 3.2e-04,  lr = 1.0e-03, time_taken = 1.0e-01, rel_l2_error = 1.3e-01
Model state saved to ./checkpoints/heat3d_exact\2026-03-05_17-55-27-744842\model.pth

=== RAR Evaluation at iteration 4000 ===
Mean residual: 2.049e-02
Added 100 point(s). Total adaptive points: 200

Iteration: 4100, loss_r = 1.4e-03 ,  loss_bc = 1.8e-03,  loss_ic = 8.0e-04,  lr = 1.0e-03, time_taken = 8.4e-02, rel_l2_error = 1.5e-01
Model state saved to ./checkpoints/heat3d_exact\2026-03-05_17-55-27-744842\model.pth
Iteration: 4200, loss_r = 7.3e-04 ,  loss_bc = 1.6e-03,  loss_ic = 3.3e-04,  lr = 1.0e-03, time_taken = 7.5e-02, rel_l2_error = 1.4e-01
Model state saved to ./checkpoints/heat3d_exact\2026-03-05_17-55-27-744842\model.pth
Iteration: 4300, loss_r = 8.8e-04 ,  loss_bc = 1.2e-03,  loss_ic = 2.7e-04,  lr = 1.0e-03, time_taken = 8.0e-02, rel_l2_error = 1.3e-01
Model state saved to ./checkpoints/heat3d_exact\2026-03-05_17-55-27-744842\model.pth
Iteration: 4400, loss_r = 8.8e-04 ,  loss_bc = 1.3e-03,  loss_ic = 3.2e-04,  lr = 1.0e-03, time_taken = 6.9e-02, rel_l2_error = 1.4e-01
Model state saved to ./checkpoints/heat3d_exact\2026-03-05_17-55-27-744842\model.pth
Iteration: 4500, loss_r = 8.4e-04 ,  loss_bc = 1.1e-03,  loss_ic = 1.6e-04,  lr = 1.0e-03, time_taken = 1.0e-01, rel_l2_error = 1.5e-01
Model state saved to ./checkpoints/heat3d_exact\2026-03-05_17-55-27-744842\model.pth
Iteration: 4600, loss_r = 8.1e-04 ,  loss_bc = 1.2e-03,  loss_ic = 2.1e-04,  lr = 1.0e-03, time_taken = 9.2e-02, rel_l2_error = 1.4e-01
Model state saved to ./checkpoints/heat3d_exact\2026-03-05_17-55-27-744842\model.pth
Iteration: 4700, loss_r = 7.8e-04 ,  loss_bc = 1.2e-03,  loss_ic = 3.5e-04,  lr = 1.0e-03, time_taken = 1.0e-01, rel_l2_error = 1.3e-01
Model state saved to ./checkpoints/heat3d_exact\2026-03-05_17-55-27-744842\model.pth
Iteration: 4800, loss_r = 1.1e-03 ,  loss_bc = 7.4e-04,  loss_ic = 5.4e-04,  lr = 1.0e-03, time_taken = 1.0e-01, rel_l2_error = 1.2e-01
Model state saved to ./checkpoints/heat3d_exact\2026-03-05_17-55-27-744842\model.pth
Iteration: 4900, loss_r = 5.6e-04 ,  loss_bc = 6.9e-04,  loss_ic = 4.7e-04,  lr = 1.0e-03, time_taken = 7.1e-02, rel_l2_error = 1.2e-01
Model state saved to ./checkpoints/heat3d_exact\2026-03-05_17-55-27-744842\model.pth
Iteration: 5000, loss_r = 8.3e-04 ,  loss_bc = 9.5e-04,  loss_ic = 1.9e-04,  lr = 9.0e-04, time_taken = 6.4e-02, rel_l2_error = 1.2e-01
Model state saved to ./checkpoints/heat3d_exact\2026-03-05_17-55-27-744842\model.pth
Iteration: 5100, loss_r = 8.5e-04 ,  loss_bc = 7.3e-04,  loss_ic = 1.1e-04,  lr = 9.0e-04, time_taken = 7.5e-02, rel_l2_error = 1.3e-01
Model state saved to ./checkpoints/heat3d_exact\2026-03-05_17-55-27-744842\model.pth
Iteration: 5200, loss_r = 4.3e-04 ,  loss_bc = 9.2e-04,  loss_ic = 2.3e-04,  lr = 9.0e-04, time_taken = 1.0e-01, rel_l2_error = 1.2e-01
Model state saved to ./checkpoints/heat3d_exact\2026-03-05_17-55-27-744842\model.pth
Iteration: 5300, loss_r = 5.9e-04 ,  loss_bc = 8.0e-04,  loss_ic = 1.7e-04,  lr = 9.0e-04, time_taken = 8.6e-02, rel_l2_error = 1.2e-01
Model state saved to ./checkpoints/heat3d_exact\2026-03-05_17-55-27-744842\model.pth
Iteration: 5400, loss_r = 6.5e-04 ,  loss_bc = 1.1e-03,  loss_ic = 1.5e-04,  lr = 9.0e-04, time_taken = 6.4e-02, rel_l2_error = 1.1e-01
Model state saved to ./checkpoints/heat3d_exact\2026-03-05_17-55-27-744842\model.pth
Iteration: 5500, loss_r = 8.7e-04 ,  loss_bc = 7.9e-04,  loss_ic = 2.1e-04,  lr = 9.0e-04, time_taken = 6.7e-02, rel_l2_error = 1.2e-01
Model state saved to ./checkpoints/heat3d_exact\2026-03-05_17-55-27-744842\model.pth
Iteration: 5600, loss_r = 8.9e-04 ,  loss_bc = 1.1e-03,  loss_ic = 1.7e-04,  lr = 9.0e-04, time_taken = 6.9e-02, rel_l2_error = 1.2e-01
Model state saved to ./checkpoints/heat3d_exact\2026-03-05_17-55-27-744842\model.pth
Iteration: 5700, loss_r = 6.5e-04 ,  loss_bc = 6.9e-04,  loss_ic = 1.9e-04,  lr = 9.0e-04, time_taken = 8.6e-02, rel_l2_error = 1.1e-01
Model state saved to ./checkpoints/heat3d_exact\2026-03-05_17-55-27-744842\model.pth
Iteration: 5800, loss_r = 4.9e-04 ,  loss_bc = 4.9e-04,  loss_ic = 2.9e-04,  lr = 9.0e-04, time_taken = 7.1e-02, rel_l2_error = 1.2e-01
Model state saved to ./checkpoints/heat3d_exact\2026-03-05_17-55-27-744842\model.pth
Iteration: 5900, loss_r = 6.9e-04 ,  loss_bc = 6.7e-04,  loss_ic = 1.5e-04,  lr = 9.0e-04, time_taken = 6.6e-02, rel_l2_error = 1.1e-01
Model state saved to ./checkpoints/heat3d_exact\2026-03-05_17-55-27-744842\model.pth
Iteration: 6000, loss_r = 6.8e-04 ,  loss_bc = 5.4e-04,  loss_ic = 1.1e-04,  lr = 9.0e-04, time_taken = 1.3e-01, rel_l2_error = 9.9e-02
Model state saved to ./checkpoints/heat3d_exact\2026-03-05_17-55-27-744842\model.pth

=== RAR Evaluation at iteration 6000 ===
Mean residual: 1.706e-02
Added 100 point(s). Total adaptive points: 300

Iteration: 6100, loss_r = 9.5e-04 ,  loss_bc = 9.8e-04,  loss_ic = 3.2e-04,  lr = 9.0e-04, time_taken = 8.1e-02, rel_l2_error = 1.2e-01
Model state saved to ./checkpoints/heat3d_exact\2026-03-05_17-55-27-744842\model.pth
Iteration: 6200, loss_r = 9.1e-04 ,  loss_bc = 1.2e-03,  loss_ic = 1.9e-04,  lr = 9.0e-04, time_taken = 1.1e-01, rel_l2_error = 1.1e-01
Model state saved to ./checkpoints/heat3d_exact\2026-03-05_17-55-27-744842\model.pth
Iteration: 6300, loss_r = 6.9e-04 ,  loss_bc = 1.2e-03,  loss_ic = 2.0e-04,  lr = 9.0e-04, time_taken = 9.0e-02, rel_l2_error = 1.2e-01
Model state saved to ./checkpoints/heat3d_exact\2026-03-05_17-55-27-744842\model.pth
Iteration: 6400, loss_r = 6.8e-04 ,  loss_bc = 6.9e-04,  loss_ic = 2.1e-04,  lr = 9.0e-04, time_taken = 9.3e-02, rel_l2_error = 1.1e-01
Model state saved to ./checkpoints/heat3d_exact\2026-03-05_17-55-27-744842\model.pth
Iteration: 6500, loss_r = 7.1e-04 ,  loss_bc = 5.3e-04,  loss_ic = 1.4e-04,  lr = 9.0e-04, time_taken = 8.5e-02, rel_l2_error = 1.1e-01
Model state saved to ./checkpoints/heat3d_exact\2026-03-05_17-55-27-744842\model.pth
Iteration: 6600, loss_r = 6.5e-04 ,  loss_bc = 5.4e-04,  loss_ic = 2.9e-04,  lr = 9.0e-04, time_taken = 1.2e-01, rel_l2_error = 1.2e-01
Model state saved to ./checkpoints/heat3d_exact\2026-03-05_17-55-27-744842\model.pth
Iteration: 6700, loss_r = 6.0e-04 ,  loss_bc = 6.0e-04,  loss_ic = 1.2e-04,  lr = 9.0e-04, time_taken = 5.7e-02, rel_l2_error = 1.2e-01
Model state saved to ./checkpoints/heat3d_exact\2026-03-05_17-55-27-744842\model.pth
Iteration: 6800, loss_r = 6.5e-04 ,  loss_bc = 9.7e-04,  loss_ic = 3.7e-04,  lr = 9.0e-04, time_taken = 6.5e-02, rel_l2_error = 1.2e-01
Model state saved to ./checkpoints/heat3d_exact\2026-03-05_17-55-27-744842\model.pth
Iteration: 6900, loss_r = 4.2e-04 ,  loss_bc = 5.3e-04,  loss_ic = 1.3e-04,  lr = 9.0e-04, time_taken = 5.1e-02, rel_l2_error = 1.0e-01
Model state saved to ./checkpoints/heat3d_exact\2026-03-05_17-55-27-744842\model.pth
Iteration: 7000, loss_r = 5.8e-04 ,  loss_bc = 7.3e-04,  loss_ic = 1.4e-04,  lr = 9.0e-04, time_taken = 1.0e-01, rel_l2_error = 1.1e-01
Model state saved to ./checkpoints/heat3d_exact\2026-03-05_17-55-27-744842\model.pth
Iteration: 7100, loss_r = 3.8e-04 ,  loss_bc = 6.8e-04,  loss_ic = 1.3e-04,  lr = 9.0e-04, time_taken = 9.2e-02, rel_l2_error = 1.0e-01
Model state saved to ./checkpoints/heat3d_exact\2026-03-05_17-55-27-744842\model.pth
Iteration: 7200, loss_r = 5.7e-04 ,  loss_bc = 4.3e-04,  loss_ic = 1.1e-04,  lr = 9.0e-04, time_taken = 1.2e-01, rel_l2_error = 1.1e-01
Model state saved to ./checkpoints/heat3d_exact\2026-03-05_17-55-27-744842\model.pth
Iteration: 7300, loss_r = 4.3e-04 ,  loss_bc = 5.7e-04,  loss_ic = 1.3e-04,  lr = 9.0e-04, time_taken = 7.5e-02, rel_l2_error = 1.0e-01
Model state saved to ./checkpoints/heat3d_exact\2026-03-05_17-55-27-744842\model.pth
Iteration: 7400, loss_r = 3.9e-04 ,  loss_bc = 6.4e-04,  loss_ic = 1.3e-04,  lr = 9.0e-04, time_taken = 9.5e-02, rel_l2_error = 9.8e-02
Model state saved to ./checkpoints/heat3d_exact\2026-03-05_17-55-27-744842\model.pth
Iteration: 7500, loss_r = 7.1e-04 ,  loss_bc = 4.1e-04,  loss_ic = 1.6e-04,  lr = 9.0e-04, time_taken = 1.1e-01, rel_l2_error = 1.0e-01
Model state saved to ./checkpoints/heat3d_exact\2026-03-05_17-55-27-744842\model.pth
Iteration: 7600, loss_r = 5.2e-04 ,  loss_bc = 4.0e-04,  loss_ic = 1.3e-04,  lr = 9.0e-04, time_taken = 8.6e-02, rel_l2_error = 9.5e-02
Model state saved to ./checkpoints/heat3d_exact\2026-03-05_17-55-27-744842\model.pth
Iteration: 7700, loss_r = 3.6e-04 ,  loss_bc = 4.9e-04,  loss_ic = 1.3e-04,  lr = 9.0e-04, time_taken = 7.8e-02, rel_l2_error = 1.0e-01
Model state saved to ./checkpoints/heat3d_exact\2026-03-05_17-55-27-744842\model.pth
Iteration: 7800, loss_r = 3.9e-04 ,  loss_bc = 4.7e-04,  loss_ic = 1.1e-04,  lr = 9.0e-04, time_taken = 7.0e-02, rel_l2_error = 9.1e-02
Model state saved to ./checkpoints/heat3d_exact\2026-03-05_17-55-27-744842\model.pth
Iteration: 7900, loss_r = 3.0e-04 ,  loss_bc = 3.9e-04,  loss_ic = 1.4e-04,  lr = 9.0e-04, time_taken = 6.1e-02, rel_l2_error = 9.5e-02
Model state saved to ./checkpoints/heat3d_exact\2026-03-05_17-55-27-744842\model.pth
Iteration: 8000, loss_r = 6.1e-04 ,  loss_bc = 4.5e-04,  loss_ic = 2.3e-04,  lr = 9.0e-04, time_taken = 8.4e-02, rel_l2_error = 9.0e-02
Model state saved to ./checkpoints/heat3d_exact\2026-03-05_17-55-27-744842\model.pth

=== RAR Evaluation at iteration 8000 ===
Mean residual: 1.102e-02
Added 100 point(s). Total adaptive points: 400

Iteration: 8100, loss_r = 7.1e-04 ,  loss_bc = 5.7e-04,  loss_ic = 2.1e-04,  lr = 9.0e-04, time_taken = 1.0e-01, rel_l2_error = 1.1e-01
Model state saved to ./checkpoints/heat3d_exact\2026-03-05_17-55-27-744842\model.pth
Iteration: 8200, loss_r = 5.3e-04 ,  loss_bc = 4.6e-04,  loss_ic = 1.4e-04,  lr = 9.0e-04, time_taken = 6.7e-02, rel_l2_error = 9.4e-02
Model state saved to ./checkpoints/heat3d_exact\2026-03-05_17-55-27-744842\model.pth
Iteration: 8300, loss_r = 4.0e-04 ,  loss_bc = 4.9e-04,  loss_ic = 1.3e-04,  lr = 9.0e-04, time_taken = 1.1e-01, rel_l2_error = 1.1e-01
Model state saved to ./checkpoints/heat3d_exact\2026-03-05_17-55-27-744842\model.pth
Iteration: 8400, loss_r = 5.5e-04 ,  loss_bc = 4.7e-04,  loss_ic = 3.0e-04,  lr = 9.0e-04, time_taken = 8.0e-02, rel_l2_error = 1.0e-01
Model state saved to ./checkpoints/heat3d_exact\2026-03-05_17-55-27-744842\model.pth
Iteration: 8500, loss_r = 3.6e-04 ,  loss_bc = 4.4e-04,  loss_ic = 1.2e-04,  lr = 9.0e-04, time_taken = 1.0e-01, rel_l2_error = 9.6e-02
Model state saved to ./checkpoints/heat3d_exact\2026-03-05_17-55-27-744842\model.pth
Iteration: 8600, loss_r = 5.4e-04 ,  loss_bc = 4.1e-04,  loss_ic = 1.4e-04,  lr = 9.0e-04, time_taken = 7.8e-02, rel_l2_error = 9.2e-02
Model state saved to ./checkpoints/heat3d_exact\2026-03-05_17-55-27-744842\model.pth
Iteration: 8700, loss_r = 1.1e-03 ,  loss_bc = 4.5e-04,  loss_ic = 7.6e-05,  lr = 9.0e-04, time_taken = 4.9e-02, rel_l2_error = 9.5e-02
Model state saved to ./checkpoints/heat3d_exact\2026-03-05_17-55-27-744842\model.pth
Iteration: 8800, loss_r = 4.3e-04 ,  loss_bc = 3.8e-04,  loss_ic = 1.2e-04,  lr = 9.0e-04, time_taken = 8.6e-02, rel_l2_error = 9.6e-02
Model state saved to ./checkpoints/heat3d_exact\2026-03-05_17-55-27-744842\model.pth
Iteration: 8900, loss_r = 3.8e-04 ,  loss_bc = 4.0e-04,  loss_ic = 2.3e-04,  lr = 9.0e-04, time_taken = 4.9e-02, rel_l2_error = 1.0e-01
Model state saved to ./checkpoints/heat3d_exact\2026-03-05_17-55-27-744842\model.pth
Iteration: 9000, loss_r = 8.4e-04 ,  loss_bc = 5.3e-04,  loss_ic = 1.1e-04,  lr = 8.1e-04, time_taken = 5.8e-02, rel_l2_error = 9.8e-02
Model state saved to ./checkpoints/heat3d_exact\2026-03-05_17-55-27-744842\model.pth
Iteration: 9100, loss_r = 5.7e-04 ,  loss_bc = 4.8e-04,  loss_ic = 8.1e-05,  lr = 8.1e-04, time_taken = 5.4e-02, rel_l2_error = 9.9e-02
Model state saved to ./checkpoints/heat3d_exact\2026-03-05_17-55-27-744842\model.pth
Iteration: 9200, loss_r = 2.6e-04 ,  loss_bc = 4.4e-04,  loss_ic = 1.0e-04,  lr = 8.1e-04, time_taken = 5.9e-02, rel_l2_error = 9.5e-02
Model state saved to ./checkpoints/heat3d_exact\2026-03-05_17-55-27-744842\model.pth
Iteration: 9300, loss_r = 2.9e-04 ,  loss_bc = 5.4e-04,  loss_ic = 1.2e-04,  lr = 8.1e-04, time_taken = 5.1e-02, rel_l2_error = 9.2e-02
Model state saved to ./checkpoints/heat3d_exact\2026-03-05_17-55-27-744842\model.pth
Iteration: 9400, loss_r = 4.2e-04 ,  loss_bc = 4.0e-04,  loss_ic = 1.1e-04,  lr = 8.1e-04, time_taken = 6.5e-02, rel_l2_error = 9.5e-02
Model state saved to ./checkpoints/heat3d_exact\2026-03-05_17-55-27-744842\model.pth
Iteration: 9500, loss_r = 4.4e-04 ,  loss_bc = 3.8e-04,  loss_ic = 8.2e-05,  lr = 8.1e-04, time_taken = 5.0e-02, rel_l2_error = 9.5e-02
Model state saved to ./checkpoints/heat3d_exact\2026-03-05_17-55-27-744842\model.pth
Iteration: 9600, loss_r = 3.5e-04 ,  loss_bc = 3.2e-04,  loss_ic = 1.4e-04,  lr = 8.1e-04, time_taken = 5.9e-02, rel_l2_error = 9.7e-02
Model state saved to ./checkpoints/heat3d_exact\2026-03-05_17-55-27-744842\model.pth
Iteration: 9700, loss_r = 6.1e-04 ,  loss_bc = 4.7e-04,  loss_ic = 1.2e-04,  lr = 8.1e-04, time_taken = 4.3e-02, rel_l2_error = 9.0e-02
Model state saved to ./checkpoints/heat3d_exact\2026-03-05_17-55-27-744842\model.pth
Iteration: 9800, loss_r = 3.5e-04 ,  loss_bc = 4.4e-04,  loss_ic = 1.5e-04,  lr = 8.1e-04, time_taken = 5.5e-02, rel_l2_error = 8.4e-02
Model state saved to ./checkpoints/heat3d_exact\2026-03-05_17-55-27-744842\model.pth
Iteration: 9900, loss_r = 2.2e-04 ,  loss_bc = 4.2e-04,  loss_ic = 9.9e-05,  lr = 8.1e-04, time_taken = 4.0e-02, rel_l2_error = 9.3e-02
Model state saved to ./checkpoints/heat3d_exact\2026-03-05_17-55-27-744842\model.pth

=== Switching to LBFGS optimizer at iteration 10000 ===
Using scipy L-BFGS-B optimizer
Optimizer: L-BFGS-B (maxiter=10000, factr=1000.0, m=100, maxls=50, pgtol=1e-14)
L-BFGS Iteration: 0, Loss: 8.450834e-04
L-BFGS Iteration: 1, Loss: 7.665546e-04, Relative L2 Error: 9.325983e-02
L-BFGS: Time for 100 iterations = 182.4072 s
L-BFGS Iteration: 100, Loss: 2.029814e-04, Relative L2 Error: 6.705550e-02
L-BFGS Iteration: 200, Loss: 1.125637e-04, Relative L2 Error: 5.985774e-02
L-BFGS Iteration: 300, Loss: 7.780959e-05, Relative L2 Error: 5.037182e-02
L-BFGS Iteration: 400, Loss: 5.960104e-05, Relative L2 Error: 4.613084e-02
L-BFGS Iteration: 500, Loss: 4.742249e-05, Relative L2 Error: 4.380330e-02
L-BFGS Iteration: 600, Loss: 3.975865e-05, Relative L2 Error: 4.367993e-02
L-BFGS Iteration: 700, Loss: 3.305554e-05, Relative L2 Error: 4.319698e-02
L-BFGS Iteration: 800, Loss: 2.806419e-05, Relative L2 Error: 4.272978e-02
L-BFGS Iteration: 900, Loss: 2.412955e-05, Relative L2 Error: 4.129653e-02
L-BFGS Iteration: 1000, Loss: 2.113968e-05, Relative L2 Error: 3.990028e-02
L-BFGS Iteration: 1100, Loss: 1.910088e-05, Relative L2 Error: 4.065610e-02
L-BFGS Iteration: 1200, Loss: 1.727710e-05, Relative L2 Error: 3.728673e-02
L-BFGS Iteration: 1300, Loss: 1.507533e-05, Relative L2 Error: 3.491609e-02
L-BFGS Iteration: 1400, Loss: 1.330256e-05, Relative L2 Error: 3.276603e-02
L-BFGS Iteration: 1500, Loss: 1.196034e-05, Relative L2 Error: 3.329419e-02
L-BFGS Iteration: 1600, Loss: 1.074352e-05, Relative L2 Error: 3.192881e-02
L-BFGS Iteration: 1700, Loss: 9.761519e-06, Relative L2 Error: 3.212604e-02
L-BFGS Iteration: 1800, Loss: 9.068410e-06, Relative L2 Error: 3.337254e-02
L-BFGS Iteration: 1900, Loss: 8.416075e-06, Relative L2 Error: 3.024099e-02
L-BFGS Iteration: 2000, Loss: 7.708387e-06, Relative L2 Error: 3.162447e-02
L-BFGS Iteration: 2100, Loss: 7.167581e-06, Relative L2 Error: 3.121186e-02
L-BFGS Iteration: 2200, Loss: 6.714282e-06, Relative L2 Error: 3.280557e-02
L-BFGS Iteration: 2300, Loss: 6.273660e-06, Relative L2 Error: 3.071207e-02
L-BFGS Iteration: 2400, Loss: 5.869397e-06, Relative L2 Error: 3.072073e-02
L-BFGS Iteration: 2500, Loss: 5.512943e-06, Relative L2 Error: 3.021239e-02
L-BFGS Iteration: 2600, Loss: 5.136587e-06, Relative L2 Error: 3.140928e-02
L-BFGS Iteration: 2700, Loss: 4.759129e-06, Relative L2 Error: 3.147075e-02
L-BFGS Iteration: 2800, Loss: 4.449042e-06, Relative L2 Error: 3.065181e-02
L-BFGS Iteration: 2900, Loss: 4.134827e-06, Relative L2 Error: 3.005542e-02
L-BFGS Iteration: 3000, Loss: 3.891520e-06, Relative L2 Error: 3.172445e-02
L-BFGS Iteration: 3100, Loss: 3.645460e-06, Relative L2 Error: 3.291741e-02
L-BFGS Iteration: 3200, Loss: 3.419856e-06, Relative L2 Error: 3.375941e-02
L-BFGS Iteration: 3300, Loss: 3.266258e-06, Relative L2 Error: 3.574023e-02
L-BFGS Iteration: 3400, Loss: 3.109818e-06, Relative L2 Error: 3.499796e-02
L-BFGS Iteration: 3500, Loss: 2.963593e-06, Relative L2 Error: 3.357725e-02
L-BFGS Iteration: 3600, Loss: 2.811041e-06, Relative L2 Error: 3.394950e-02
L-BFGS Iteration: 3700, Loss: 2.664174e-06, Relative L2 Error: 3.196572e-02
L-BFGS Iteration: 3800, Loss: 2.539026e-06, Relative L2 Error: 3.283582e-02
L-BFGS Iteration: 3900, Loss: 2.430870e-06, Relative L2 Error: 3.209683e-02
L-BFGS Iteration: 4000, Loss: 2.310476e-06, Relative L2 Error: 3.206966e-02
L-BFGS Iteration: 4100, Loss: 2.190246e-06, Relative L2 Error: 3.285599e-02
L-BFGS Iteration: 4200, Loss: 2.089545e-06, Relative L2 Error: 3.169859e-02
L-BFGS Iteration: 4300, Loss: 2.008969e-06, Relative L2 Error: 3.133361e-02
L-BFGS Iteration: 4400, Loss: 1.916128e-06, Relative L2 Error: 3.204678e-02
L-BFGS Iteration: 4500, Loss: 1.831351e-06, Relative L2 Error: 3.017921e-02
L-BFGS Iteration: 4600, Loss: 1.756335e-06, Relative L2 Error: 2.963965e-02
L-BFGS Iteration: 4700, Loss: 1.683046e-06, Relative L2 Error: 2.844841e-02
L-BFGS Iteration: 4800, Loss: 1.619257e-06, Relative L2 Error: 2.971023e-02
L-BFGS Iteration: 4900, Loss: 1.556508e-06, Relative L2 Error: 2.851632e-02
L-BFGS Iteration: 5000, Loss: 1.488541e-06, Relative L2 Error: 2.945582e-02
L-BFGS Iteration: 5100, Loss: 1.438437e-06, Relative L2 Error: 2.803000e-02
L-BFGS Iteration: 5200, Loss: 1.386889e-06, Relative L2 Error: 3.029095e-02
L-BFGS Iteration: 5300, Loss: 1.327832e-06, Relative L2 Error: 2.745554e-02
L-BFGS Iteration: 5400, Loss: 1.294188e-06, Relative L2 Error: 2.786031e-02
L-BFGS Iteration: 5500, Loss: 1.247926e-06, Relative L2 Error: 2.770513e-02
L-BFGS Iteration: 5600, Loss: 1.209578e-06, Relative L2 Error: 2.641460e-02
L-BFGS Iteration: 5700, Loss: 1.172014e-06, Relative L2 Error: 2.639206e-02
L-BFGS Iteration: 5800, Loss: 1.141104e-06, Relative L2 Error: 2.616911e-02
L-BFGS Iteration: 5900, Loss: 1.109004e-06, Relative L2 Error: 2.656878e-02
L-BFGS Iteration: 6000, Loss: 1.084500e-06, Relative L2 Error: 2.601078e-02
L-BFGS Iteration: 6100, Loss: 1.053356e-06, Relative L2 Error: 2.734881e-02
L-BFGS Iteration: 6200, Loss: 1.019594e-06, Relative L2 Error: 2.548102e-02
L-BFGS Iteration: 6300, Loss: 9.896244e-07, Relative L2 Error: 2.586976e-02
L-BFGS Iteration: 6400, Loss: 9.595241e-07, Relative L2 Error: 2.552648e-02
L-BFGS Iteration: 6500, Loss: 9.352511e-07, Relative L2 Error: 2.540320e-02
L-BFGS training completed after 6520 iterations
Model state saved to ./checkpoints/heat3d_exact\2026-03-05_17-55-27-744842\model.pth
Training completed successfully!
Relative L2 error (eval data): 2.48e-02
Saved solution comparison heatmaps to: ./checkpoints/heat3d_exact\2026-03-05_17-55-27-744842\solution_comparison_heat3d.png
