Random seed set to: 88
Solving 3D heat equation u_t = alpha (u_{xx}+u_{yy}+u_{zz}) on [0,1]^3 with homogeneous Dirichlet BC
Using DV Solver
The settings used:
batch_size : 64
epochs : 20000
lr : 0.001
seed : 88
print_every : 100
log_path : ./checkpoints/heat3d_exact
input_dim : 4
output_dim : 1
num_qubits : 5
hidden_dim : 20
num_quantum_layers : 1
classic_network : [4, 20, 1]
q_ansatz : cross_mesh
mode : hybrid
activation : tanh
shots : None
problem : heat3d_exact
solver : DV
device : cuda
method : None
cutoff_dim : 20
class : CVNeuralNetwork1
encoding : angle
use_rar : False
rar_eval_freq : 2000
rar_threshold : 0.0005
rar_num_candidates : 10000
rar_num_add : 100
use_hybrid_optimizer : True
adam_iterations : 10000
use_scipy_lbfgs : True
lbfgs_lr : 1
lbfgs_line_search : strong_wolfe
lbfgs_tolerance_grad : 1e-05
lbfgs_tolerance_change : 1e-07
lbfgs_maxiter : 10000
lbfgs_factr : 1000.0
lbfgs_pgtol : 1e-14
lbfgs_maxls : 50
lbfgs_m : 100
lbfgs_eval_every : 100
domainN : 500
boundaryN : 50
initialN : 50
eval_total_points : 10000
nx : 200
nt : 200
y0 : 0.5
z0 : 0.5
alpha : 0.1
Total number of parameters: 1226
The circuit used in the study:
Iteration: 0, loss_r = 4.7e-03 ,  loss_bc = 2.2e-01,  loss_ic = 4.0e-02,  lr = 1.0e-03, time_taken = 2.4e+00, rel_l2_error = 1.1e+00
Model state saved to ./checkpoints/heat3d_exact/2026-05-29_08-36-01-339004/model.pth
Iteration: 100, loss_r = 3.4e-03 ,  loss_bc = 2.0e-02,  loss_ic = 9.1e-02,  lr = 1.0e-03, time_taken = 1.3e+00, rel_l2_error = 7.6e-01
Model state saved to ./checkpoints/heat3d_exact/2026-05-29_08-36-01-339004/model.pth
Iteration: 200, loss_r = 2.2e-03 ,  loss_bc = 1.6e-02,  loss_ic = 5.0e-02,  lr = 1.0e-03, time_taken = 1.3e+00, rel_l2_error = 6.6e-01
Model state saved to ./checkpoints/heat3d_exact/2026-05-29_08-36-01-339004/model.pth
Iteration: 300, loss_r = 1.8e-03 ,  loss_bc = 1.5e-02,  loss_ic = 3.9e-02,  lr = 1.0e-03, time_taken = 1.3e+00, rel_l2_error = 5.7e-01
Model state saved to ./checkpoints/heat3d_exact/2026-05-29_08-36-01-339004/model.pth
Iteration: 400, loss_r = 2.7e-03 ,  loss_bc = 1.0e-02,  loss_ic = 3.8e-02,  lr = 1.0e-03, time_taken = 1.3e+00, rel_l2_error = 5.2e-01
Model state saved to ./checkpoints/heat3d_exact/2026-05-29_08-36-01-339004/model.pth
Iteration: 500, loss_r = 3.9e-03 ,  loss_bc = 1.3e-02,  loss_ic = 1.2e-02,  lr = 1.0e-03, time_taken = 1.3e+00, rel_l2_error = 4.6e-01
Model state saved to ./checkpoints/heat3d_exact/2026-05-29_08-36-01-339004/model.pth
Iteration: 600, loss_r = 1.2e-03 ,  loss_bc = 8.7e-03,  loss_ic = 8.9e-03,  lr = 1.0e-03, time_taken = 1.3e+00, rel_l2_error = 4.0e-01
Model state saved to ./checkpoints/heat3d_exact/2026-05-29_08-36-01-339004/model.pth
Iteration: 700, loss_r = 2.6e-03 ,  loss_bc = 9.5e-03,  loss_ic = 7.9e-03,  lr = 1.0e-03, time_taken = 1.3e+00, rel_l2_error = 3.6e-01
Model state saved to ./checkpoints/heat3d_exact/2026-05-29_08-36-01-339004/model.pth
Iteration: 800, loss_r = 2.1e-03 ,  loss_bc = 8.5e-03,  loss_ic = 9.8e-03,  lr = 1.0e-03, time_taken = 1.3e+00, rel_l2_error = 3.3e-01
Model state saved to ./checkpoints/heat3d_exact/2026-05-29_08-36-01-339004/model.pth
Iteration: 900, loss_r = 3.4e-03 ,  loss_bc = 6.4e-03,  loss_ic = 1.0e-02,  lr = 1.0e-03, time_taken = 1.3e+00, rel_l2_error = 3.3e-01
Model state saved to ./checkpoints/heat3d_exact/2026-05-29_08-36-01-339004/model.pth
Iteration: 1000, loss_r = 3.9e-03 ,  loss_bc = 6.3e-03,  loss_ic = 4.4e-03,  lr = 1.0e-03, time_taken = 1.3e+00, rel_l2_error = 3.0e-01
Model state saved to ./checkpoints/heat3d_exact/2026-05-29_08-36-01-339004/model.pth
Iteration: 1100, loss_r = 3.7e-03 ,  loss_bc = 6.1e-03,  loss_ic = 5.1e-03,  lr = 1.0e-03, time_taken = 2.3e+00, rel_l2_error = 2.9e-01
Model state saved to ./checkpoints/heat3d_exact/2026-05-29_08-36-01-339004/model.pth
Iteration: 1200, loss_r = 3.1e-03 ,  loss_bc = 5.2e-03,  loss_ic = 3.5e-03,  lr = 1.0e-03, time_taken = 2.2e+00, rel_l2_error = 2.9e-01
Model state saved to ./checkpoints/heat3d_exact/2026-05-29_08-36-01-339004/model.pth
Iteration: 1300, loss_r = 2.6e-03 ,  loss_bc = 4.8e-03,  loss_ic = 3.9e-03,  lr = 1.0e-03, time_taken = 2.5e+00, rel_l2_error = 2.7e-01
Model state saved to ./checkpoints/heat3d_exact/2026-05-29_08-36-01-339004/model.pth
Iteration: 1400, loss_r = 2.9e-03 ,  loss_bc = 4.1e-03,  loss_ic = 4.7e-03,  lr = 1.0e-03, time_taken = 2.3e+00, rel_l2_error = 2.6e-01
Model state saved to ./checkpoints/heat3d_exact/2026-05-29_08-36-01-339004/model.pth
Iteration: 1500, loss_r = 2.2e-03 ,  loss_bc = 3.8e-03,  loss_ic = 3.3e-03,  lr = 1.0e-03, time_taken = 2.5e+00, rel_l2_error = 2.4e-01
Model state saved to ./checkpoints/heat3d_exact/2026-05-29_08-36-01-339004/model.pth
Iteration: 1600, loss_r = 3.5e-03 ,  loss_bc = 4.7e-03,  loss_ic = 4.0e-03,  lr = 1.0e-03, time_taken = 2.2e+00, rel_l2_error = 2.3e-01
Model state saved to ./checkpoints/heat3d_exact/2026-05-29_08-36-01-339004/model.pth
Iteration: 1700, loss_r = 3.2e-03 ,  loss_bc = 4.1e-03,  loss_ic = 2.1e-03,  lr = 1.0e-03, time_taken = 2.1e+00, rel_l2_error = 2.3e-01
Model state saved to ./checkpoints/heat3d_exact/2026-05-29_08-36-01-339004/model.pth
Iteration: 1800, loss_r = 2.8e-03 ,  loss_bc = 4.0e-03,  loss_ic = 2.2e-03,  lr = 1.0e-03, time_taken = 2.4e+00, rel_l2_error = 2.2e-01
Model state saved to ./checkpoints/heat3d_exact/2026-05-29_08-36-01-339004/model.pth
Iteration: 1900, loss_r = 4.1e-03 ,  loss_bc = 3.7e-03,  loss_ic = 1.8e-03,  lr = 1.0e-03, time_taken = 2.4e+00, rel_l2_error = 2.3e-01
Model state saved to ./checkpoints/heat3d_exact/2026-05-29_08-36-01-339004/model.pth
Iteration: 2000, loss_r = 3.8e-03 ,  loss_bc = 2.6e-03,  loss_ic = 1.2e-03,  lr = 1.0e-03, time_taken = 2.2e+00, rel_l2_error = 2.3e-01
Model state saved to ./checkpoints/heat3d_exact/2026-05-29_08-36-01-339004/model.pth
Iteration: 2100, loss_r = 3.2e-03 ,  loss_bc = 4.2e-03,  loss_ic = 1.7e-03,  lr = 1.0e-03, time_taken = 2.4e+00, rel_l2_error = 2.2e-01
Model state saved to ./checkpoints/heat3d_exact/2026-05-29_08-36-01-339004/model.pth
Iteration: 2200, loss_r = 3.8e-03 ,  loss_bc = 3.2e-03,  loss_ic = 1.1e-03,  lr = 1.0e-03, time_taken = 2.4e+00, rel_l2_error = 2.2e-01
Model state saved to ./checkpoints/heat3d_exact/2026-05-29_08-36-01-339004/model.pth
Iteration: 2300, loss_r = 4.1e-03 ,  loss_bc = 3.7e-03,  loss_ic = 1.1e-03,  lr = 1.0e-03, time_taken = 2.4e+00, rel_l2_error = 2.1e-01
Model state saved to ./checkpoints/heat3d_exact/2026-05-29_08-36-01-339004/model.pth
Iteration: 2400, loss_r = 1.9e-03 ,  loss_bc = 2.3e-03,  loss_ic = 1.3e-03,  lr = 1.0e-03, time_taken = 2.4e+00, rel_l2_error = 2.1e-01
Model state saved to ./checkpoints/heat3d_exact/2026-05-29_08-36-01-339004/model.pth
Iteration: 2500, loss_r = 2.3e-03 ,  loss_bc = 3.6e-03,  loss_ic = 1.6e-03,  lr = 1.0e-03, time_taken = 2.2e+00, rel_l2_error = 2.0e-01
Model state saved to ./checkpoints/heat3d_exact/2026-05-29_08-36-01-339004/model.pth
Iteration: 2600, loss_r = 8.5e-04 ,  loss_bc = 3.7e-03,  loss_ic = 1.0e-03,  lr = 1.0e-03, time_taken = 2.5e+00, rel_l2_error = 2.1e-01
Model state saved to ./checkpoints/heat3d_exact/2026-05-29_08-36-01-339004/model.pth
Iteration: 2700, loss_r = 1.1e-03 ,  loss_bc = 2.7e-03,  loss_ic = 1.1e-03,  lr = 1.0e-03, time_taken = 2.2e+00, rel_l2_error = 1.9e-01
Model state saved to ./checkpoints/heat3d_exact/2026-05-29_08-36-01-339004/model.pth
Iteration: 2800, loss_r = 1.8e-03 ,  loss_bc = 2.8e-03,  loss_ic = 1.1e-03,  lr = 1.0e-03, time_taken = 2.5e+00, rel_l2_error = 2.1e-01
Model state saved to ./checkpoints/heat3d_exact/2026-05-29_08-36-01-339004/model.pth
Iteration: 2900, loss_r = 3.5e-03 ,  loss_bc = 2.7e-03,  loss_ic = 1.0e-03,  lr = 1.0e-03, time_taken = 2.1e+00, rel_l2_error = 1.9e-01
Model state saved to ./checkpoints/heat3d_exact/2026-05-29_08-36-01-339004/model.pth
Iteration: 3000, loss_r = 1.2e-03 ,  loss_bc = 3.0e-03,  loss_ic = 7.6e-04,  lr = 1.0e-03, time_taken = 2.0e+00, rel_l2_error = 1.9e-01
Model state saved to ./checkpoints/heat3d_exact/2026-05-29_08-36-01-339004/model.pth
Iteration: 3100, loss_r = 2.2e-03 ,  loss_bc = 2.5e-03,  loss_ic = 8.5e-04,  lr = 1.0e-03, time_taken = 2.4e+00, rel_l2_error = 1.9e-01
Model state saved to ./checkpoints/heat3d_exact/2026-05-29_08-36-01-339004/model.pth
Iteration: 3200, loss_r = 8.1e-04 ,  loss_bc = 2.1e-03,  loss_ic = 1.1e-03,  lr = 1.0e-03, time_taken = 2.2e+00, rel_l2_error = 1.9e-01
Model state saved to ./checkpoints/heat3d_exact/2026-05-29_08-36-01-339004/model.pth
Iteration: 3300, loss_r = 1.9e-03 ,  loss_bc = 2.6e-03,  loss_ic = 1.2e-03,  lr = 1.0e-03, time_taken = 2.3e+00, rel_l2_error = 1.9e-01
Model state saved to ./checkpoints/heat3d_exact/2026-05-29_08-36-01-339004/model.pth
Iteration: 3400, loss_r = 1.9e-03 ,  loss_bc = 2.5e-03,  loss_ic = 9.6e-04,  lr = 1.0e-03, time_taken = 2.4e+00, rel_l2_error = 1.9e-01
Model state saved to ./checkpoints/heat3d_exact/2026-05-29_08-36-01-339004/model.pth
Iteration: 3500, loss_r = 1.2e-03 ,  loss_bc = 2.7e-03,  loss_ic = 7.8e-04,  lr = 1.0e-03, time_taken = 2.4e+00, rel_l2_error = 1.9e-01
Model state saved to ./checkpoints/heat3d_exact/2026-05-29_08-36-01-339004/model.pth
Iteration: 3600, loss_r = 2.3e-03 ,  loss_bc = 2.1e-03,  loss_ic = 9.0e-04,  lr = 1.0e-03, time_taken = 2.2e+00, rel_l2_error = 1.9e-01
Model state saved to ./checkpoints/heat3d_exact/2026-05-29_08-36-01-339004/model.pth
Iteration: 3700, loss_r = 1.5e-03 ,  loss_bc = 2.0e-03,  loss_ic = 1.0e-03,  lr = 1.0e-03, time_taken = 2.4e+00, rel_l2_error = 1.9e-01
Model state saved to ./checkpoints/heat3d_exact/2026-05-29_08-36-01-339004/model.pth
Iteration: 3800, loss_r = 1.2e-03 ,  loss_bc = 2.3e-03,  loss_ic = 7.0e-04,  lr = 1.0e-03, time_taken = 2.0e+00, rel_l2_error = 2.0e-01
Model state saved to ./checkpoints/heat3d_exact/2026-05-29_08-36-01-339004/model.pth
Iteration: 3900, loss_r = 8.7e-04 ,  loss_bc = 2.6e-03,  loss_ic = 5.7e-04,  lr = 1.0e-03, time_taken = 2.7e+00, rel_l2_error = 1.9e-01
Model state saved to ./checkpoints/heat3d_exact/2026-05-29_08-36-01-339004/model.pth
Iteration: 4000, loss_r = 1.2e-03 ,  loss_bc = 2.2e-03,  loss_ic = 1.1e-03,  lr = 1.0e-03, time_taken = 2.3e+00, rel_l2_error = 1.9e-01
Model state saved to ./checkpoints/heat3d_exact/2026-05-29_08-36-01-339004/model.pth
Iteration: 4100, loss_r = 1.5e-03 ,  loss_bc = 2.5e-03,  loss_ic = 6.9e-04,  lr = 1.0e-03, time_taken = 2.3e+00, rel_l2_error = 1.8e-01
Model state saved to ./checkpoints/heat3d_exact/2026-05-29_08-36-01-339004/model.pth
Iteration: 4200, loss_r = 1.1e-03 ,  loss_bc = 2.4e-03,  loss_ic = 9.5e-04,  lr = 1.0e-03, time_taken = 2.3e+00, rel_l2_error = 1.8e-01
Model state saved to ./checkpoints/heat3d_exact/2026-05-29_08-36-01-339004/model.pth
Iteration: 4300, loss_r = 7.4e-04 ,  loss_bc = 1.8e-03,  loss_ic = 1.1e-03,  lr = 1.0e-03, time_taken = 2.5e+00, rel_l2_error = 1.8e-01
Model state saved to ./checkpoints/heat3d_exact/2026-05-29_08-36-01-339004/model.pth
Iteration: 4400, loss_r = 1.3e-03 ,  loss_bc = 1.7e-03,  loss_ic = 4.6e-04,  lr = 1.0e-03, time_taken = 2.4e+00, rel_l2_error = 1.8e-01
Model state saved to ./checkpoints/heat3d_exact/2026-05-29_08-36-01-339004/model.pth
Iteration: 4500, loss_r = 9.0e-04 ,  loss_bc = 2.0e-03,  loss_ic = 5.6e-04,  lr = 1.0e-03, time_taken = 2.6e+00, rel_l2_error = 1.9e-01
Model state saved to ./checkpoints/heat3d_exact/2026-05-29_08-36-01-339004/model.pth
Iteration: 4600, loss_r = 1.5e-03 ,  loss_bc = 1.2e-03,  loss_ic = 1.0e-03,  lr = 1.0e-03, time_taken = 2.5e+00, rel_l2_error = 1.8e-01
Model state saved to ./checkpoints/heat3d_exact/2026-05-29_08-36-01-339004/model.pth
Iteration: 4700, loss_r = 9.1e-04 ,  loss_bc = 1.5e-03,  loss_ic = 1.1e-03,  lr = 1.0e-03, time_taken = 2.6e+00, rel_l2_error = 1.8e-01
Model state saved to ./checkpoints/heat3d_exact/2026-05-29_08-36-01-339004/model.pth
Iteration: 4800, loss_r = 1.1e-03 ,  loss_bc = 1.9e-03,  loss_ic = 9.5e-04,  lr = 1.0e-03, time_taken = 2.3e+00, rel_l2_error = 1.8e-01
Model state saved to ./checkpoints/heat3d_exact/2026-05-29_08-36-01-339004/model.pth
Iteration: 4900, loss_r = 8.1e-04 ,  loss_bc = 1.7e-03,  loss_ic = 1.3e-03,  lr = 1.0e-03, time_taken = 2.0e+00, rel_l2_error = 1.8e-01
Model state saved to ./checkpoints/heat3d_exact/2026-05-29_08-36-01-339004/model.pth
Iteration: 5000, loss_r = 4.8e-04 ,  loss_bc = 1.8e-03,  loss_ic = 6.0e-04,  lr = 1.0e-03, time_taken = 2.8e+00, rel_l2_error = 1.8e-01
Model state saved to ./checkpoints/heat3d_exact/2026-05-29_08-36-01-339004/model.pth
Iteration: 5100, loss_r = 4.1e-04 ,  loss_bc = 1.4e-03,  loss_ic = 6.2e-04,  lr = 1.0e-03, time_taken = 2.3e+00, rel_l2_error = 1.8e-01
Model state saved to ./checkpoints/heat3d_exact/2026-05-29_08-36-01-339004/model.pth
Iteration: 5200, loss_r = 6.9e-04 ,  loss_bc = 1.4e-03,  loss_ic = 6.6e-04,  lr = 1.0e-03, time_taken = 2.0e+00, rel_l2_error = 1.8e-01
Model state saved to ./checkpoints/heat3d_exact/2026-05-29_08-36-01-339004/model.pth
Iteration: 5300, loss_r = 8.8e-04 ,  loss_bc = 1.6e-03,  loss_ic = 4.7e-04,  lr = 1.0e-03, time_taken = 2.3e+00, rel_l2_error = 1.7e-01
Model state saved to ./checkpoints/heat3d_exact/2026-05-29_08-36-01-339004/model.pth
Iteration: 5400, loss_r = 8.2e-04 ,  loss_bc = 1.3e-03,  loss_ic = 6.0e-04,  lr = 1.0e-03, time_taken = 2.0e+00, rel_l2_error = 1.8e-01
Model state saved to ./checkpoints/heat3d_exact/2026-05-29_08-36-01-339004/model.pth
Iteration: 5500, loss_r = 1.0e-03 ,  loss_bc = 9.5e-04,  loss_ic = 9.2e-04,  lr = 1.0e-03, time_taken = 2.0e+00, rel_l2_error = 1.6e-01
Model state saved to ./checkpoints/heat3d_exact/2026-05-29_08-36-01-339004/model.pth
Iteration: 5600, loss_r = 7.5e-04 ,  loss_bc = 1.7e-03,  loss_ic = 6.1e-04,  lr = 1.0e-03, time_taken = 2.5e+00, rel_l2_error = 1.8e-01
Model state saved to ./checkpoints/heat3d_exact/2026-05-29_08-36-01-339004/model.pth
Iteration: 5700, loss_r = 6.3e-04 ,  loss_bc = 1.3e-03,  loss_ic = 6.8e-04,  lr = 1.0e-03, time_taken = 2.3e+00, rel_l2_error = 1.7e-01
Model state saved to ./checkpoints/heat3d_exact/2026-05-29_08-36-01-339004/model.pth
Iteration: 5800, loss_r = 7.6e-04 ,  loss_bc = 1.3e-03,  loss_ic = 6.4e-04,  lr = 1.0e-03, time_taken = 2.3e+00, rel_l2_error = 1.8e-01
Model state saved to ./checkpoints/heat3d_exact/2026-05-29_08-36-01-339004/model.pth
Iteration: 5900, loss_r = 6.7e-04 ,  loss_bc = 1.1e-03,  loss_ic = 6.9e-04,  lr = 1.0e-03, time_taken = 2.5e+00, rel_l2_error = 1.7e-01
Model state saved to ./checkpoints/heat3d_exact/2026-05-29_08-36-01-339004/model.pth
Iteration: 6000, loss_r = 6.8e-04 ,  loss_bc = 1.2e-03,  loss_ic = 9.9e-04,  lr = 1.0e-03, time_taken = 2.6e+00, rel_l2_error = 1.6e-01
Model state saved to ./checkpoints/heat3d_exact/2026-05-29_08-36-01-339004/model.pth
Iteration: 6100, loss_r = 5.0e-04 ,  loss_bc = 1.0e-03,  loss_ic = 8.0e-04,  lr = 1.0e-03, time_taken = 2.7e+00, rel_l2_error = 1.7e-01
Model state saved to ./checkpoints/heat3d_exact/2026-05-29_08-36-01-339004/model.pth
Iteration: 6200, loss_r = 5.0e-04 ,  loss_bc = 1.2e-03,  loss_ic = 4.9e-04,  lr = 1.0e-03, time_taken = 2.2e+00, rel_l2_error = 1.5e-01
Model state saved to ./checkpoints/heat3d_exact/2026-05-29_08-36-01-339004/model.pth
Iteration: 6300, loss_r = 8.7e-04 ,  loss_bc = 1.0e-03,  loss_ic = 4.8e-04,  lr = 1.0e-03, time_taken = 2.3e+00, rel_l2_error = 1.8e-01
Model state saved to ./checkpoints/heat3d_exact/2026-05-29_08-36-01-339004/model.pth
Iteration: 6400, loss_r = 5.3e-04 ,  loss_bc = 9.3e-04,  loss_ic = 3.5e-04,  lr = 1.0e-03, time_taken = 2.5e+00, rel_l2_error = 1.6e-01
Model state saved to ./checkpoints/heat3d_exact/2026-05-29_08-36-01-339004/model.pth
Iteration: 6500, loss_r = 6.1e-04 ,  loss_bc = 9.2e-04,  loss_ic = 4.3e-04,  lr = 1.0e-03, time_taken = 2.4e+00, rel_l2_error = 1.6e-01
Model state saved to ./checkpoints/heat3d_exact/2026-05-29_08-36-01-339004/model.pth
Iteration: 6600, loss_r = 8.0e-04 ,  loss_bc = 1.1e-03,  loss_ic = 4.6e-04,  lr = 1.0e-03, time_taken = 2.7e+00, rel_l2_error = 1.6e-01
Model state saved to ./checkpoints/heat3d_exact/2026-05-29_08-36-01-339004/model.pth
Iteration: 6700, loss_r = 1.0e-03 ,  loss_bc = 1.1e-03,  loss_ic = 3.1e-04,  lr = 1.0e-03, time_taken = 2.5e+00, rel_l2_error = 1.6e-01
Model state saved to ./checkpoints/heat3d_exact/2026-05-29_08-36-01-339004/model.pth
Iteration: 6800, loss_r = 6.9e-04 ,  loss_bc = 9.6e-04,  loss_ic = 3.6e-04,  lr = 1.0e-03, time_taken = 2.2e+00, rel_l2_error = 1.5e-01
Model state saved to ./checkpoints/heat3d_exact/2026-05-29_08-36-01-339004/model.pth
Iteration: 6900, loss_r = 3.5e-04 ,  loss_bc = 1.1e-03,  loss_ic = 4.2e-04,  lr = 1.0e-03, time_taken = 2.5e+00, rel_l2_error = 1.5e-01
Model state saved to ./checkpoints/heat3d_exact/2026-05-29_08-36-01-339004/model.pth
Iteration: 7000, loss_r = 4.5e-04 ,  loss_bc = 1.1e-03,  loss_ic = 1.8e-04,  lr = 1.0e-03, time_taken = 2.6e+00, rel_l2_error = 1.4e-01
Model state saved to ./checkpoints/heat3d_exact/2026-05-29_08-36-01-339004/model.pth
Iteration: 7100, loss_r = 8.5e-04 ,  loss_bc = 1.3e-03,  loss_ic = 2.3e-04,  lr = 1.0e-03, time_taken = 2.3e+00, rel_l2_error = 1.6e-01
Model state saved to ./checkpoints/heat3d_exact/2026-05-29_08-36-01-339004/model.pth
Iteration: 7200, loss_r = 8.7e-04 ,  loss_bc = 9.4e-04,  loss_ic = 3.4e-04,  lr = 1.0e-03, time_taken = 2.4e+00, rel_l2_error = 1.6e-01
Model state saved to ./checkpoints/heat3d_exact/2026-05-29_08-36-01-339004/model.pth
Iteration: 7300, loss_r = 3.9e-04 ,  loss_bc = 9.4e-04,  loss_ic = 2.1e-04,  lr = 1.0e-03, time_taken = 2.2e+00, rel_l2_error = 1.5e-01
Model state saved to ./checkpoints/heat3d_exact/2026-05-29_08-36-01-339004/model.pth
Iteration: 7400, loss_r = 4.3e-04 ,  loss_bc = 1.0e-03,  loss_ic = 4.1e-04,  lr = 1.0e-03, time_taken = 2.3e+00, rel_l2_error = 1.5e-01
Model state saved to ./checkpoints/heat3d_exact/2026-05-29_08-36-01-339004/model.pth
Iteration: 7500, loss_r = 6.9e-04 ,  loss_bc = 9.0e-04,  loss_ic = 4.8e-04,  lr = 1.0e-03, time_taken = 2.2e+00, rel_l2_error = 1.5e-01
Model state saved to ./checkpoints/heat3d_exact/2026-05-29_08-36-01-339004/model.pth
Iteration: 7600, loss_r = 4.9e-04 ,  loss_bc = 8.4e-04,  loss_ic = 3.7e-04,  lr = 1.0e-03, time_taken = 2.4e+00, rel_l2_error = 1.6e-01
Model state saved to ./checkpoints/heat3d_exact/2026-05-29_08-36-01-339004/model.pth
Iteration: 7700, loss_r = 5.7e-04 ,  loss_bc = 1.0e-03,  loss_ic = 3.8e-04,  lr = 1.0e-03, time_taken = 2.2e+00, rel_l2_error = 1.4e-01
Model state saved to ./checkpoints/heat3d_exact/2026-05-29_08-36-01-339004/model.pth
Iteration: 7800, loss_r = 9.3e-04 ,  loss_bc = 8.6e-04,  loss_ic = 2.0e-04,  lr = 1.0e-03, time_taken = 2.3e+00, rel_l2_error = 1.5e-01
Model state saved to ./checkpoints/heat3d_exact/2026-05-29_08-36-01-339004/model.pth
Iteration: 7900, loss_r = 3.2e-04 ,  loss_bc = 9.1e-04,  loss_ic = 2.8e-04,  lr = 1.0e-03, time_taken = 2.4e+00, rel_l2_error = 1.5e-01
Model state saved to ./checkpoints/heat3d_exact/2026-05-29_08-36-01-339004/model.pth
Iteration: 8000, loss_r = 6.6e-04 ,  loss_bc = 8.8e-04,  loss_ic = 2.1e-04,  lr = 1.0e-03, time_taken = 2.2e+00, rel_l2_error = 1.5e-01
Model state saved to ./checkpoints/heat3d_exact/2026-05-29_08-36-01-339004/model.pth
Iteration: 8100, loss_r = 3.7e-04 ,  loss_bc = 9.2e-04,  loss_ic = 2.9e-04,  lr = 1.0e-03, time_taken = 2.7e+00, rel_l2_error = 1.3e-01
Model state saved to ./checkpoints/heat3d_exact/2026-05-29_08-36-01-339004/model.pth
Iteration: 8200, loss_r = 5.8e-04 ,  loss_bc = 9.9e-04,  loss_ic = 4.1e-04,  lr = 1.0e-03, time_taken = 2.6e+00, rel_l2_error = 1.4e-01
Model state saved to ./checkpoints/heat3d_exact/2026-05-29_08-36-01-339004/model.pth
Iteration: 8300, loss_r = 8.5e-04 ,  loss_bc = 1.0e-03,  loss_ic = 3.0e-04,  lr = 1.0e-03, time_taken = 2.6e+00, rel_l2_error = 1.5e-01
Model state saved to ./checkpoints/heat3d_exact/2026-05-29_08-36-01-339004/model.pth
Iteration: 8400, loss_r = 5.8e-04 ,  loss_bc = 1.2e-03,  loss_ic = 3.7e-04,  lr = 1.0e-03, time_taken = 2.3e+00, rel_l2_error = 1.4e-01
Model state saved to ./checkpoints/heat3d_exact/2026-05-29_08-36-01-339004/model.pth
Iteration: 8500, loss_r = 6.7e-04 ,  loss_bc = 7.6e-04,  loss_ic = 2.5e-04,  lr = 1.0e-03, time_taken = 2.6e+00, rel_l2_error = 1.3e-01
Model state saved to ./checkpoints/heat3d_exact/2026-05-29_08-36-01-339004/model.pth
Iteration: 8600, loss_r = 9.1e-04 ,  loss_bc = 7.9e-04,  loss_ic = 3.1e-04,  lr = 1.0e-03, time_taken = 2.3e+00, rel_l2_error = 1.4e-01
Model state saved to ./checkpoints/heat3d_exact/2026-05-29_08-36-01-339004/model.pth
Iteration: 8700, loss_r = 7.7e-04 ,  loss_bc = 7.9e-04,  loss_ic = 2.9e-04,  lr = 1.0e-03, time_taken = 2.2e+00, rel_l2_error = 1.4e-01
Model state saved to ./checkpoints/heat3d_exact/2026-05-29_08-36-01-339004/model.pth
Iteration: 8800, loss_r = 4.0e-04 ,  loss_bc = 8.4e-04,  loss_ic = 4.0e-04,  lr = 1.0e-03, time_taken = 2.5e+00, rel_l2_error = 1.4e-01
Model state saved to ./checkpoints/heat3d_exact/2026-05-29_08-36-01-339004/model.pth
Iteration: 8900, loss_r = 3.8e-04 ,  loss_bc = 8.9e-04,  loss_ic = 1.7e-04,  lr = 1.0e-03, time_taken = 2.6e+00, rel_l2_error = 1.3e-01
Model state saved to ./checkpoints/heat3d_exact/2026-05-29_08-36-01-339004/model.pth
Iteration: 9000, loss_r = 5.2e-04 ,  loss_bc = 7.0e-04,  loss_ic = 1.7e-04,  lr = 1.0e-03, time_taken = 2.6e+00, rel_l2_error = 1.4e-01
Model state saved to ./checkpoints/heat3d_exact/2026-05-29_08-36-01-339004/model.pth
Iteration: 9100, loss_r = 3.1e-04 ,  loss_bc = 8.0e-04,  loss_ic = 2.1e-04,  lr = 1.0e-03, time_taken = 2.1e+00, rel_l2_error = 1.4e-01
Model state saved to ./checkpoints/heat3d_exact/2026-05-29_08-36-01-339004/model.pth
Iteration: 9200, loss_r = 3.2e-04 ,  loss_bc = 7.9e-04,  loss_ic = 3.6e-04,  lr = 1.0e-03, time_taken = 2.7e+00, rel_l2_error = 1.4e-01
Model state saved to ./checkpoints/heat3d_exact/2026-05-29_08-36-01-339004/model.pth
Iteration: 9300, loss_r = 4.0e-04 ,  loss_bc = 6.9e-04,  loss_ic = 3.2e-04,  lr = 1.0e-03, time_taken = 2.2e+00, rel_l2_error = 1.3e-01
Model state saved to ./checkpoints/heat3d_exact/2026-05-29_08-36-01-339004/model.pth
Iteration: 9400, loss_r = 6.2e-04 ,  loss_bc = 6.9e-04,  loss_ic = 2.7e-04,  lr = 1.0e-03, time_taken = 2.8e+00, rel_l2_error = 1.3e-01
Model state saved to ./checkpoints/heat3d_exact/2026-05-29_08-36-01-339004/model.pth
Iteration: 9500, loss_r = 3.5e-04 ,  loss_bc = 8.2e-04,  loss_ic = 3.5e-04,  lr = 1.0e-03, time_taken = 2.2e+00, rel_l2_error = 1.4e-01
Model state saved to ./checkpoints/heat3d_exact/2026-05-29_08-36-01-339004/model.pth
Iteration: 9600, loss_r = 1.9e-04 ,  loss_bc = 5.6e-04,  loss_ic = 3.3e-04,  lr = 1.0e-03, time_taken = 2.4e+00, rel_l2_error = 1.3e-01
Model state saved to ./checkpoints/heat3d_exact/2026-05-29_08-36-01-339004/model.pth
Iteration: 9700, loss_r = 5.8e-04 ,  loss_bc = 5.3e-04,  loss_ic = 1.4e-04,  lr = 1.0e-03, time_taken = 2.2e+00, rel_l2_error = 1.4e-01
Model state saved to ./checkpoints/heat3d_exact/2026-05-29_08-36-01-339004/model.pth
Iteration: 9800, loss_r = 1.1e-03 ,  loss_bc = 8.2e-04,  loss_ic = 2.4e-04,  lr = 1.0e-03, time_taken = 2.1e+00, rel_l2_error = 1.3e-01
Model state saved to ./checkpoints/heat3d_exact/2026-05-29_08-36-01-339004/model.pth
Iteration: 9900, loss_r = 5.6e-04 ,  loss_bc = 8.1e-04,  loss_ic = 1.9e-04,  lr = 1.0e-03, time_taken = 2.7e+00, rel_l2_error = 1.4e-01
Model state saved to ./checkpoints/heat3d_exact/2026-05-29_08-36-01-339004/model.pth

=== Switching to LBFGS optimizer at iteration 10000 ===
Using scipy L-BFGS-B optimizer
Optimizer: L-BFGS-B (maxiter=10000, factr=1000.0, m=100, maxls=50, pgtol=1e-14)
L-BFGS Iteration: 0, Loss: 1.581387e-03
L-BFGS Iteration: 1, Loss: 1.480339e-03, Relative L2 Error: 1.240750e-01
L-BFGS: Time for 100 iterations = 1115.9447 s
L-BFGS Iteration: 100, Loss: 8.217327e-04, Relative L2 Error: 1.134143e-01
L-BFGS Iteration: 200, Loss: 5.616015e-04, Relative L2 Error: 8.542954e-02
L-BFGS Iteration: 300, Loss: 3.690945e-04, Relative L2 Error: 7.191305e-02
L-BFGS Iteration: 400, Loss: 2.554803e-04, Relative L2 Error: 5.642704e-02
L-BFGS Iteration: 500, Loss: 1.872131e-04, Relative L2 Error: 5.617549e-02
L-BFGS Iteration: 600, Loss: 1.509285e-04, Relative L2 Error: 4.492964e-02
L-BFGS Iteration: 700, Loss: 1.231164e-04, Relative L2 Error: 4.029825e-02
L-BFGS Iteration: 800, Loss: 1.034911e-04, Relative L2 Error: 4.356851e-02
L-BFGS Iteration: 900, Loss: 8.769581e-05, Relative L2 Error: 4.222864e-02
L-BFGS Iteration: 1000, Loss: 7.657855e-05, Relative L2 Error: 4.151269e-02
L-BFGS Iteration: 1100, Loss: 6.543417e-05, Relative L2 Error: 3.930660e-02
L-BFGS Iteration: 1200, Loss: 5.925116e-05, Relative L2 Error: 3.729554e-02
L-BFGS Iteration: 1300, Loss: 5.257582e-05, Relative L2 Error: 3.517574e-02
L-BFGS Iteration: 1400, Loss: 4.641875e-05, Relative L2 Error: 3.201468e-02
L-BFGS Iteration: 1500, Loss: 4.183576e-05, Relative L2 Error: 3.039500e-02
L-BFGS Iteration: 1600, Loss: 3.804154e-05, Relative L2 Error: 3.060718e-02
L-BFGS Iteration: 1700, Loss: 3.597744e-05, Relative L2 Error: 2.907311e-02
L-BFGS Iteration: 1800, Loss: 3.375289e-05, Relative L2 Error: 3.090407e-02
L-BFGS Iteration: 1900, Loss: 3.183121e-05, Relative L2 Error: 2.679219e-02
L-BFGS Iteration: 2000, Loss: 2.984944e-05, Relative L2 Error: 2.619069e-02
L-BFGS Iteration: 2100, Loss: 2.812285e-05, Relative L2 Error: 2.738352e-02
L-BFGS Iteration: 2200, Loss: 2.642269e-05, Relative L2 Error: 2.565291e-02
L-BFGS Iteration: 2300, Loss: 2.484774e-05, Relative L2 Error: 2.509183e-02
L-BFGS Iteration: 2400, Loss: 2.367093e-05, Relative L2 Error: 2.525641e-02
L-BFGS Iteration: 2500, Loss: 2.269277e-05, Relative L2 Error: 2.475108e-02
L-BFGS Iteration: 2600, Loss: 2.178242e-05, Relative L2 Error: 2.373705e-02
L-BFGS Iteration: 2700, Loss: 2.051015e-05, Relative L2 Error: 2.370492e-02
L-BFGS Iteration: 2800, Loss: 1.943457e-05, Relative L2 Error: 2.344254e-02
L-BFGS Iteration: 2900, Loss: 1.842589e-05, Relative L2 Error: 2.190263e-02
L-BFGS Iteration: 3000, Loss: 1.762429e-05, Relative L2 Error: 2.085767e-02
L-BFGS Iteration: 3100, Loss: 1.695726e-05, Relative L2 Error: 2.154912e-02
L-BFGS Iteration: 3200, Loss: 1.645568e-05, Relative L2 Error: 2.027016e-02
L-BFGS Iteration: 3300, Loss: 1.580835e-05, Relative L2 Error: 2.051690e-02
L-BFGS Iteration: 3400, Loss: 1.510646e-05, Relative L2 Error: 2.008333e-02
L-BFGS Iteration: 3500, Loss: 1.439625e-05, Relative L2 Error: 2.079399e-02
L-BFGS Iteration: 3600, Loss: 1.379368e-05, Relative L2 Error: 1.870756e-02
L-BFGS Iteration: 3700, Loss: 1.315279e-05, Relative L2 Error: 1.953378e-02
L-BFGS Iteration: 3800, Loss: 1.257654e-05, Relative L2 Error: 1.970439e-02
L-BFGS Iteration: 3900, Loss: 1.222700e-05, Relative L2 Error: 1.837394e-02
L-BFGS Iteration: 4000, Loss: 1.186391e-05, Relative L2 Error: 2.014811e-02
L-BFGS Iteration: 4100, Loss: 1.155427e-05, Relative L2 Error: 2.051492e-02
L-BFGS Iteration: 4200, Loss: 1.127009e-05, Relative L2 Error: 2.017168e-02
L-BFGS Iteration: 4300, Loss: 1.089940e-05, Relative L2 Error: 1.962063e-02
L-BFGS Iteration: 4400, Loss: 1.049951e-05, Relative L2 Error: 2.051481e-02
L-BFGS Iteration: 4500, Loss: 1.017991e-05, Relative L2 Error: 1.938395e-02
L-BFGS Iteration: 4600, Loss: 9.861735e-06, Relative L2 Error: 2.013253e-02
L-BFGS Iteration: 4700, Loss: 9.593085e-06, Relative L2 Error: 1.885143e-02
L-BFGS Iteration: 4800, Loss: 9.213242e-06, Relative L2 Error: 1.994442e-02
L-BFGS Iteration: 4900, Loss: 8.863322e-06, Relative L2 Error: 1.867508e-02
L-BFGS Iteration: 5000, Loss: 8.564959e-06, Relative L2 Error: 2.036876e-02
L-BFGS Iteration: 5100, Loss: 8.355248e-06, Relative L2 Error: 1.974360e-02
L-BFGS Iteration: 5200, Loss: 8.125963e-06, Relative L2 Error: 1.923200e-02
L-BFGS Iteration: 5300, Loss: 7.930661e-06, Relative L2 Error: 1.945803e-02
L-BFGS Iteration: 5400, Loss: 7.793550e-06, Relative L2 Error: 2.113711e-02
L-BFGS Iteration: 5500, Loss: 7.661978e-06, Relative L2 Error: 2.073075e-02
L-BFGS Iteration: 5600, Loss: 7.504790e-06, Relative L2 Error: 1.831499e-02
L-BFGS Iteration: 5700, Loss: 7.346229e-06, Relative L2 Error: 1.935889e-02
L-BFGS Iteration: 5800, Loss: 7.223597e-06, Relative L2 Error: 1.943577e-02
L-BFGS training completed after 5862 iterations
Model state saved to ./checkpoints/heat3d_exact/2026-05-29_08-36-01-339004/model.pth
Training completed successfully!
Relative L2 error (eval data): 1.85e-02
Saved solution comparison heatmaps to: ./checkpoints/heat3d_exact/2026-05-29_08-36-01-339004/solution_comparison_heat3d.png
