Random seed set to: 79
Solving 3D heat equation u_t = alpha (u_{xx}+u_{yy}+u_{zz}) on [0,1]^3 with homogeneous Dirichlet BC
checkpoint path: self.log_path='./checkpoints/heat3d_exact\\2026-03-07_11-55-00-703642'
Using Classical Solver2
The settings used:
batch_size : 64
epochs : 20000
lr : 0.001
seed : 79
print_every : 100
log_path : ./checkpoints/heat3d_exact
input_dim : 4
output_dim : 1
num_qubits : 5
hidden_dim : 20
num_quantum_layers : 1
classic_network : [4, 20, 1]
q_ansatz : cross_mesh
mode : hybrid
activation : tanh
shots : None
problem : heat3d_exact
solver : Classical2
device : cpu
method : None
cutoff_dim : 20
class : CVNeuralNetwork1
encoding : angle
use_rar : True
rar_eval_freq : 2000
rar_threshold : 0.0005
rar_num_candidates : 10000
rar_num_add : 100
use_hybrid_optimizer : True
adam_iterations : 10000
use_scipy_lbfgs : True
lbfgs_lr : 1
lbfgs_line_search : strong_wolfe
lbfgs_tolerance_grad : 1e-05
lbfgs_tolerance_change : 1e-07
lbfgs_maxiter : 10000
lbfgs_factr : 1000.0
lbfgs_pgtol : 1e-14
lbfgs_maxls : 50
lbfgs_m : 100
lbfgs_eval_every : 100
domainN : 500
boundaryN : 50
initialN : 50
eval_total_points : 10000
nx : 200
nt : 200
y0 : 0.5
z0 : 0.5
alpha : 0.1
Total number of parameters: 2221
Iteration: 0, loss_r = 4.5e-02 ,  loss_bc = 6.2e-01,  loss_ic = 3.3e-01,  lr = 1.0e-03, time_taken = 6.9e-02, rel_l2_error = 2.0e+00
Model state saved to ./checkpoints/heat3d_exact\2026-03-07_11-55-00-703642\model.pth
Iteration: 100, loss_r = 8.7e-03 ,  loss_bc = 2.2e-02,  loss_ic = 9.7e-02,  lr = 1.0e-03, time_taken = 6.7e-02, rel_l2_error = 7.4e-01
Model state saved to ./checkpoints/heat3d_exact\2026-03-07_11-55-00-703642\model.pth
Iteration: 200, loss_r = 5.9e-03 ,  loss_bc = 1.9e-02,  loss_ic = 5.0e-02,  lr = 1.0e-03, time_taken = 5.5e-02, rel_l2_error = 6.0e-01
Model state saved to ./checkpoints/heat3d_exact\2026-03-07_11-55-00-703642\model.pth
Iteration: 300, loss_r = 6.1e-03 ,  loss_bc = 1.3e-02,  loss_ic = 2.6e-02,  lr = 1.0e-03, time_taken = 6.4e-02, rel_l2_error = 4.9e-01
Model state saved to ./checkpoints/heat3d_exact\2026-03-07_11-55-00-703642\model.pth
Iteration: 400, loss_r = 7.2e-03 ,  loss_bc = 1.4e-02,  loss_ic = 1.4e-02,  lr = 1.0e-03, time_taken = 5.9e-02, rel_l2_error = 4.4e-01
Model state saved to ./checkpoints/heat3d_exact\2026-03-07_11-55-00-703642\model.pth
Iteration: 500, loss_r = 6.9e-03 ,  loss_bc = 1.3e-02,  loss_ic = 9.0e-03,  lr = 1.0e-03, time_taken = 4.5e-02, rel_l2_error = 4.1e-01
Model state saved to ./checkpoints/heat3d_exact\2026-03-07_11-55-00-703642\model.pth
Iteration: 600, loss_r = 5.3e-03 ,  loss_bc = 1.2e-02,  loss_ic = 6.8e-03,  lr = 1.0e-03, time_taken = 5.7e-02, rel_l2_error = 4.3e-01
Model state saved to ./checkpoints/heat3d_exact\2026-03-07_11-55-00-703642\model.pth
Iteration: 700, loss_r = 6.4e-03 ,  loss_bc = 7.2e-03,  loss_ic = 6.0e-03,  lr = 1.0e-03, time_taken = 6.0e-02, rel_l2_error = 3.6e-01
Model state saved to ./checkpoints/heat3d_exact\2026-03-07_11-55-00-703642\model.pth
Iteration: 800, loss_r = 5.0e-03 ,  loss_bc = 7.3e-03,  loss_ic = 4.9e-03,  lr = 1.0e-03, time_taken = 5.6e-02, rel_l2_error = 3.4e-01
Model state saved to ./checkpoints/heat3d_exact\2026-03-07_11-55-00-703642\model.pth
Iteration: 900, loss_r = 3.3e-03 ,  loss_bc = 6.0e-03,  loss_ic = 3.0e-03,  lr = 1.0e-03, time_taken = 3.9e-02, rel_l2_error = 3.2e-01
Model state saved to ./checkpoints/heat3d_exact\2026-03-07_11-55-00-703642\model.pth
Iteration: 1000, loss_r = 3.1e-03 ,  loss_bc = 5.4e-03,  loss_ic = 2.7e-03,  lr = 1.0e-03, time_taken = 5.1e-02, rel_l2_error = 3.1e-01
Model state saved to ./checkpoints/heat3d_exact\2026-03-07_11-55-00-703642\model.pth
Iteration: 1100, loss_r = 5.3e-03 ,  loss_bc = 7.9e-03,  loss_ic = 3.5e-03,  lr = 1.0e-03, time_taken = 4.1e-02, rel_l2_error = 3.2e-01
Model state saved to ./checkpoints/heat3d_exact\2026-03-07_11-55-00-703642\model.pth
Iteration: 1200, loss_r = 2.1e-03 ,  loss_bc = 6.4e-03,  loss_ic = 1.5e-03,  lr = 1.0e-03, time_taken = 4.7e-02, rel_l2_error = 3.5e-01
Model state saved to ./checkpoints/heat3d_exact\2026-03-07_11-55-00-703642\model.pth
Iteration: 1300, loss_r = 3.0e-03 ,  loss_bc = 4.7e-03,  loss_ic = 2.1e-03,  lr = 1.0e-03, time_taken = 5.3e-02, rel_l2_error = 3.0e-01
Model state saved to ./checkpoints/heat3d_exact\2026-03-07_11-55-00-703642\model.pth
Iteration: 1400, loss_r = 2.9e-03 ,  loss_bc = 5.1e-03,  loss_ic = 1.3e-03,  lr = 1.0e-03, time_taken = 5.4e-02, rel_l2_error = 2.8e-01
Model state saved to ./checkpoints/heat3d_exact\2026-03-07_11-55-00-703642\model.pth
Iteration: 1500, loss_r = 2.0e-03 ,  loss_bc = 4.9e-03,  loss_ic = 1.9e-03,  lr = 1.0e-03, time_taken = 5.1e-02, rel_l2_error = 3.0e-01
Model state saved to ./checkpoints/heat3d_exact\2026-03-07_11-55-00-703642\model.pth
Iteration: 1600, loss_r = 1.8e-03 ,  loss_bc = 4.2e-03,  loss_ic = 2.4e-03,  lr = 1.0e-03, time_taken = 4.9e-02, rel_l2_error = 2.8e-01
Model state saved to ./checkpoints/heat3d_exact\2026-03-07_11-55-00-703642\model.pth
Iteration: 1700, loss_r = 1.7e-03 ,  loss_bc = 4.5e-03,  loss_ic = 4.4e-03,  lr = 1.0e-03, time_taken = 5.0e-02, rel_l2_error = 2.9e-01
Model state saved to ./checkpoints/heat3d_exact\2026-03-07_11-55-00-703642\model.pth
Iteration: 1800, loss_r = 1.7e-03 ,  loss_bc = 3.5e-03,  loss_ic = 2.1e-03,  lr = 1.0e-03, time_taken = 4.6e-02, rel_l2_error = 2.9e-01
Model state saved to ./checkpoints/heat3d_exact\2026-03-07_11-55-00-703642\model.pth
Iteration: 1900, loss_r = 2.8e-03 ,  loss_bc = 4.2e-03,  loss_ic = 1.6e-03,  lr = 1.0e-03, time_taken = 5.3e-02, rel_l2_error = 2.9e-01
Model state saved to ./checkpoints/heat3d_exact\2026-03-07_11-55-00-703642\model.pth
Iteration: 2000, loss_r = 1.2e-03 ,  loss_bc = 3.2e-03,  loss_ic = 2.2e-03,  lr = 1.0e-03, time_taken = 4.5e-02, rel_l2_error = 2.6e-01
Model state saved to ./checkpoints/heat3d_exact\2026-03-07_11-55-00-703642\model.pth

=== RAR Evaluation at iteration 2000 ===
Mean residual: 3.232e-02
Added 100 point(s). Total adaptive points: 100

Iteration: 2100, loss_r = 3.5e-03 ,  loss_bc = 4.3e-03,  loss_ic = 1.9e-03,  lr = 1.0e-03, time_taken = 5.2e-02, rel_l2_error = 2.7e-01
Model state saved to ./checkpoints/heat3d_exact\2026-03-07_11-55-00-703642\model.pth
Iteration: 2200, loss_r = 3.1e-03 ,  loss_bc = 5.5e-03,  loss_ic = 1.6e-03,  lr = 1.0e-03, time_taken = 7.2e-02, rel_l2_error = 2.4e-01
Model state saved to ./checkpoints/heat3d_exact\2026-03-07_11-55-00-703642\model.pth
Iteration: 2300, loss_r = 1.7e-03 ,  loss_bc = 4.7e-03,  loss_ic = 1.2e-03,  lr = 1.0e-03, time_taken = 5.4e-02, rel_l2_error = 2.4e-01
Model state saved to ./checkpoints/heat3d_exact\2026-03-07_11-55-00-703642\model.pth
Iteration: 2400, loss_r = 1.9e-03 ,  loss_bc = 3.8e-03,  loss_ic = 1.5e-03,  lr = 1.0e-03, time_taken = 4.1e-02, rel_l2_error = 2.4e-01
Model state saved to ./checkpoints/heat3d_exact\2026-03-07_11-55-00-703642\model.pth
Iteration: 2500, loss_r = 1.3e-03 ,  loss_bc = 3.6e-03,  loss_ic = 7.2e-04,  lr = 1.0e-03, time_taken = 4.9e-02, rel_l2_error = 2.7e-01
Model state saved to ./checkpoints/heat3d_exact\2026-03-07_11-55-00-703642\model.pth
Iteration: 2600, loss_r = 1.7e-03 ,  loss_bc = 3.0e-03,  loss_ic = 1.6e-03,  lr = 1.0e-03, time_taken = 4.6e-02, rel_l2_error = 2.3e-01
Model state saved to ./checkpoints/heat3d_exact\2026-03-07_11-55-00-703642\model.pth
Iteration: 2700, loss_r = 1.5e-03 ,  loss_bc = 3.4e-03,  loss_ic = 1.0e-03,  lr = 1.0e-03, time_taken = 4.9e-02, rel_l2_error = 2.3e-01
Model state saved to ./checkpoints/heat3d_exact\2026-03-07_11-55-00-703642\model.pth
Iteration: 2800, loss_r = 1.7e-03 ,  loss_bc = 3.0e-03,  loss_ic = 1.3e-03,  lr = 1.0e-03, time_taken = 4.0e-02, rel_l2_error = 2.5e-01
Model state saved to ./checkpoints/heat3d_exact\2026-03-07_11-55-00-703642\model.pth
Iteration: 2900, loss_r = 1.3e-03 ,  loss_bc = 2.7e-03,  loss_ic = 1.1e-03,  lr = 1.0e-03, time_taken = 6.7e-02, rel_l2_error = 2.2e-01
Model state saved to ./checkpoints/heat3d_exact\2026-03-07_11-55-00-703642\model.pth
Iteration: 3000, loss_r = 1.7e-03 ,  loss_bc = 2.7e-03,  loss_ic = 9.6e-04,  lr = 1.0e-03, time_taken = 5.1e-02, rel_l2_error = 2.3e-01
Model state saved to ./checkpoints/heat3d_exact\2026-03-07_11-55-00-703642\model.pth
Iteration: 3100, loss_r = 2.1e-03 ,  loss_bc = 3.2e-03,  loss_ic = 9.2e-04,  lr = 1.0e-03, time_taken = 4.7e-02, rel_l2_error = 2.4e-01
Model state saved to ./checkpoints/heat3d_exact\2026-03-07_11-55-00-703642\model.pth
Iteration: 3200, loss_r = 1.9e-03 ,  loss_bc = 2.5e-03,  loss_ic = 7.8e-04,  lr = 1.0e-03, time_taken = 4.7e-02, rel_l2_error = 2.2e-01
Model state saved to ./checkpoints/heat3d_exact\2026-03-07_11-55-00-703642\model.pth
Iteration: 3300, loss_r = 1.9e-03 ,  loss_bc = 2.4e-03,  loss_ic = 8.7e-04,  lr = 1.0e-03, time_taken = 4.3e-02, rel_l2_error = 2.3e-01
Model state saved to ./checkpoints/heat3d_exact\2026-03-07_11-55-00-703642\model.pth
Iteration: 3400, loss_r = 1.1e-03 ,  loss_bc = 2.3e-03,  loss_ic = 7.6e-04,  lr = 1.0e-03, time_taken = 4.1e-02, rel_l2_error = 1.9e-01
Model state saved to ./checkpoints/heat3d_exact\2026-03-07_11-55-00-703642\model.pth
Iteration: 3500, loss_r = 1.7e-03 ,  loss_bc = 2.5e-03,  loss_ic = 9.1e-04,  lr = 1.0e-03, time_taken = 4.4e-02, rel_l2_error = 2.0e-01
Model state saved to ./checkpoints/heat3d_exact\2026-03-07_11-55-00-703642\model.pth
Iteration: 3600, loss_r = 1.0e-03 ,  loss_bc = 2.6e-03,  loss_ic = 7.6e-04,  lr = 1.0e-03, time_taken = 3.9e-02, rel_l2_error = 2.0e-01
Model state saved to ./checkpoints/heat3d_exact\2026-03-07_11-55-00-703642\model.pth
Iteration: 3700, loss_r = 1.2e-03 ,  loss_bc = 2.1e-03,  loss_ic = 5.5e-04,  lr = 1.0e-03, time_taken = 4.4e-02, rel_l2_error = 1.9e-01
Model state saved to ./checkpoints/heat3d_exact\2026-03-07_11-55-00-703642\model.pth
Iteration: 3800, loss_r = 1.2e-03 ,  loss_bc = 1.3e-03,  loss_ic = 1.2e-03,  lr = 1.0e-03, time_taken = 4.5e-02, rel_l2_error = 2.2e-01
Model state saved to ./checkpoints/heat3d_exact\2026-03-07_11-55-00-703642\model.pth
Iteration: 3900, loss_r = 9.7e-04 ,  loss_bc = 1.9e-03,  loss_ic = 1.0e-03,  lr = 1.0e-03, time_taken = 4.6e-02, rel_l2_error = 1.9e-01
Model state saved to ./checkpoints/heat3d_exact\2026-03-07_11-55-00-703642\model.pth
Iteration: 4000, loss_r = 8.1e-04 ,  loss_bc = 2.0e-03,  loss_ic = 9.1e-04,  lr = 1.0e-03, time_taken = 4.7e-02, rel_l2_error = 1.8e-01
Model state saved to ./checkpoints/heat3d_exact\2026-03-07_11-55-00-703642\model.pth

=== RAR Evaluation at iteration 4000 ===
Mean residual: 2.517e-02
Added 100 point(s). Total adaptive points: 200

Iteration: 4100, loss_r = 1.5e-03 ,  loss_bc = 2.2e-03,  loss_ic = 1.1e-03,  lr = 1.0e-03, time_taken = 4.4e-02, rel_l2_error = 1.9e-01
Model state saved to ./checkpoints/heat3d_exact\2026-03-07_11-55-00-703642\model.pth
Iteration: 4200, loss_r = 2.3e-03 ,  loss_bc = 2.2e-03,  loss_ic = 1.1e-03,  lr = 1.0e-03, time_taken = 4.1e-02, rel_l2_error = 2.0e-01
Model state saved to ./checkpoints/heat3d_exact\2026-03-07_11-55-00-703642\model.pth
Iteration: 4300, loss_r = 1.4e-03 ,  loss_bc = 1.7e-03,  loss_ic = 8.0e-04,  lr = 1.0e-03, time_taken = 4.5e-02, rel_l2_error = 1.9e-01
Model state saved to ./checkpoints/heat3d_exact\2026-03-07_11-55-00-703642\model.pth
Iteration: 4400, loss_r = 1.6e-03 ,  loss_bc = 1.6e-03,  loss_ic = 7.9e-04,  lr = 1.0e-03, time_taken = 4.9e-02, rel_l2_error = 1.8e-01
Model state saved to ./checkpoints/heat3d_exact\2026-03-07_11-55-00-703642\model.pth
Iteration: 4500, loss_r = 2.0e-03 ,  loss_bc = 2.4e-03,  loss_ic = 7.2e-04,  lr = 1.0e-03, time_taken = 4.9e-02, rel_l2_error = 1.9e-01
Model state saved to ./checkpoints/heat3d_exact\2026-03-07_11-55-00-703642\model.pth
Iteration: 4600, loss_r = 1.1e-03 ,  loss_bc = 1.6e-03,  loss_ic = 7.2e-04,  lr = 1.0e-03, time_taken = 5.1e-02, rel_l2_error = 1.8e-01
Model state saved to ./checkpoints/heat3d_exact\2026-03-07_11-55-00-703642\model.pth
Iteration: 4700, loss_r = 1.3e-03 ,  loss_bc = 1.9e-03,  loss_ic = 7.7e-04,  lr = 1.0e-03, time_taken = 5.1e-02, rel_l2_error = 1.8e-01
Model state saved to ./checkpoints/heat3d_exact\2026-03-07_11-55-00-703642\model.pth
Iteration: 4800, loss_r = 1.5e-03 ,  loss_bc = 1.6e-03,  loss_ic = 1.0e-03,  lr = 1.0e-03, time_taken = 5.2e-02, rel_l2_error = 1.8e-01
Model state saved to ./checkpoints/heat3d_exact\2026-03-07_11-55-00-703642\model.pth
Iteration: 4900, loss_r = 1.3e-03 ,  loss_bc = 1.5e-03,  loss_ic = 6.2e-04,  lr = 1.0e-03, time_taken = 4.6e-02, rel_l2_error = 1.9e-01
Model state saved to ./checkpoints/heat3d_exact\2026-03-07_11-55-00-703642\model.pth
Iteration: 5000, loss_r = 7.3e-04 ,  loss_bc = 1.7e-03,  loss_ic = 5.3e-04,  lr = 9.0e-04, time_taken = 5.0e-02, rel_l2_error = 1.9e-01
Model state saved to ./checkpoints/heat3d_exact\2026-03-07_11-55-00-703642\model.pth
Iteration: 5100, loss_r = 1.4e-03 ,  loss_bc = 1.7e-03,  loss_ic = 7.3e-04,  lr = 9.0e-04, time_taken = 5.1e-02, rel_l2_error = 1.8e-01
Model state saved to ./checkpoints/heat3d_exact\2026-03-07_11-55-00-703642\model.pth
Iteration: 5200, loss_r = 1.3e-03 ,  loss_bc = 2.2e-03,  loss_ic = 5.5e-04,  lr = 9.0e-04, time_taken = 4.7e-02, rel_l2_error = 1.7e-01
Model state saved to ./checkpoints/heat3d_exact\2026-03-07_11-55-00-703642\model.pth
Iteration: 5300, loss_r = 1.1e-03 ,  loss_bc = 9.5e-04,  loss_ic = 1.1e-03,  lr = 9.0e-04, time_taken = 5.0e-02, rel_l2_error = 1.7e-01
Model state saved to ./checkpoints/heat3d_exact\2026-03-07_11-55-00-703642\model.pth
Iteration: 5400, loss_r = 1.1e-03 ,  loss_bc = 1.9e-03,  loss_ic = 5.1e-04,  lr = 9.0e-04, time_taken = 4.5e-02, rel_l2_error = 1.7e-01
Model state saved to ./checkpoints/heat3d_exact\2026-03-07_11-55-00-703642\model.pth
Iteration: 5500, loss_r = 1.2e-03 ,  loss_bc = 1.1e-03,  loss_ic = 6.3e-04,  lr = 9.0e-04, time_taken = 5.0e-02, rel_l2_error = 1.8e-01
Model state saved to ./checkpoints/heat3d_exact\2026-03-07_11-55-00-703642\model.pth
Iteration: 5600, loss_r = 9.6e-04 ,  loss_bc = 1.6e-03,  loss_ic = 5.2e-04,  lr = 9.0e-04, time_taken = 5.0e-02, rel_l2_error = 1.6e-01
Model state saved to ./checkpoints/heat3d_exact\2026-03-07_11-55-00-703642\model.pth
Iteration: 5700, loss_r = 6.6e-04 ,  loss_bc = 1.3e-03,  loss_ic = 5.7e-04,  lr = 9.0e-04, time_taken = 4.7e-02, rel_l2_error = 1.6e-01
Model state saved to ./checkpoints/heat3d_exact\2026-03-07_11-55-00-703642\model.pth
Iteration: 5800, loss_r = 1.1e-03 ,  loss_bc = 1.2e-03,  loss_ic = 5.0e-04,  lr = 9.0e-04, time_taken = 4.6e-02, rel_l2_error = 1.8e-01
Model state saved to ./checkpoints/heat3d_exact\2026-03-07_11-55-00-703642\model.pth
Iteration: 5900, loss_r = 9.9e-04 ,  loss_bc = 1.3e-03,  loss_ic = 6.2e-04,  lr = 9.0e-04, time_taken = 5.1e-02, rel_l2_error = 1.7e-01
Model state saved to ./checkpoints/heat3d_exact\2026-03-07_11-55-00-703642\model.pth
Iteration: 6000, loss_r = 9.3e-04 ,  loss_bc = 1.2e-03,  loss_ic = 4.2e-04,  lr = 9.0e-04, time_taken = 5.0e-02, rel_l2_error = 1.6e-01
Model state saved to ./checkpoints/heat3d_exact\2026-03-07_11-55-00-703642\model.pth

=== RAR Evaluation at iteration 6000 ===
Mean residual: 1.888e-02
Added 100 point(s). Total adaptive points: 300

Iteration: 6100, loss_r = 1.2e-03 ,  loss_bc = 1.1e-03,  loss_ic = 4.6e-04,  lr = 9.0e-04, time_taken = 5.4e-02, rel_l2_error = 1.7e-01
Model state saved to ./checkpoints/heat3d_exact\2026-03-07_11-55-00-703642\model.pth
Iteration: 6200, loss_r = 1.2e-03 ,  loss_bc = 1.4e-03,  loss_ic = 6.0e-04,  lr = 9.0e-04, time_taken = 5.2e-02, rel_l2_error = 1.7e-01
Model state saved to ./checkpoints/heat3d_exact\2026-03-07_11-55-00-703642\model.pth
Iteration: 6300, loss_r = 9.7e-04 ,  loss_bc = 1.7e-03,  loss_ic = 4.7e-04,  lr = 9.0e-04, time_taken = 5.0e-02, rel_l2_error = 1.6e-01
Model state saved to ./checkpoints/heat3d_exact\2026-03-07_11-55-00-703642\model.pth
Iteration: 6400, loss_r = 1.0e-03 ,  loss_bc = 1.0e-03,  loss_ic = 6.1e-04,  lr = 9.0e-04, time_taken = 4.5e-02, rel_l2_error = 1.6e-01
Model state saved to ./checkpoints/heat3d_exact\2026-03-07_11-55-00-703642\model.pth
Iteration: 6500, loss_r = 7.8e-04 ,  loss_bc = 1.0e-03,  loss_ic = 6.0e-04,  lr = 9.0e-04, time_taken = 5.1e-02, rel_l2_error = 1.7e-01
Model state saved to ./checkpoints/heat3d_exact\2026-03-07_11-55-00-703642\model.pth
Iteration: 6600, loss_r = 9.1e-04 ,  loss_bc = 1.2e-03,  loss_ic = 7.5e-04,  lr = 8.1e-04, time_taken = 4.9e-02, rel_l2_error = 1.5e-01
Model state saved to ./checkpoints/heat3d_exact\2026-03-07_11-55-00-703642\model.pth
Iteration: 6700, loss_r = 7.3e-04 ,  loss_bc = 9.6e-04,  loss_ic = 6.2e-04,  lr = 8.1e-04, time_taken = 5.0e-02, rel_l2_error = 1.6e-01
Model state saved to ./checkpoints/heat3d_exact\2026-03-07_11-55-00-703642\model.pth
Iteration: 6800, loss_r = 8.4e-04 ,  loss_bc = 1.0e-03,  loss_ic = 8.0e-04,  lr = 8.1e-04, time_taken = 5.0e-02, rel_l2_error = 1.5e-01
Model state saved to ./checkpoints/heat3d_exact\2026-03-07_11-55-00-703642\model.pth
Iteration: 6900, loss_r = 7.4e-04 ,  loss_bc = 1.0e-03,  loss_ic = 4.9e-04,  lr = 8.1e-04, time_taken = 5.0e-02, rel_l2_error = 1.6e-01
Model state saved to ./checkpoints/heat3d_exact\2026-03-07_11-55-00-703642\model.pth
Iteration: 7000, loss_r = 6.1e-04 ,  loss_bc = 1.2e-03,  loss_ic = 4.4e-04,  lr = 8.1e-04, time_taken = 4.5e-02, rel_l2_error = 1.5e-01
Model state saved to ./checkpoints/heat3d_exact\2026-03-07_11-55-00-703642\model.pth
Iteration: 7100, loss_r = 7.0e-04 ,  loss_bc = 9.6e-04,  loss_ic = 5.0e-04,  lr = 8.1e-04, time_taken = 4.8e-02, rel_l2_error = 1.4e-01
Model state saved to ./checkpoints/heat3d_exact\2026-03-07_11-55-00-703642\model.pth
Iteration: 7200, loss_r = 8.0e-04 ,  loss_bc = 1.1e-03,  loss_ic = 3.6e-04,  lr = 8.1e-04, time_taken = 5.1e-02, rel_l2_error = 1.4e-01
Model state saved to ./checkpoints/heat3d_exact\2026-03-07_11-55-00-703642\model.pth
Iteration: 7300, loss_r = 7.8e-04 ,  loss_bc = 1.1e-03,  loss_ic = 3.9e-04,  lr = 8.1e-04, time_taken = 4.2e-02, rel_l2_error = 1.5e-01
Model state saved to ./checkpoints/heat3d_exact\2026-03-07_11-55-00-703642\model.pth
Iteration: 7400, loss_r = 8.2e-04 ,  loss_bc = 1.1e-03,  loss_ic = 3.4e-04,  lr = 8.1e-04, time_taken = 5.0e-02, rel_l2_error = 1.5e-01
Model state saved to ./checkpoints/heat3d_exact\2026-03-07_11-55-00-703642\model.pth
Iteration: 7500, loss_r = 5.2e-04 ,  loss_bc = 9.4e-04,  loss_ic = 3.1e-04,  lr = 8.1e-04, time_taken = 5.0e-02, rel_l2_error = 1.4e-01
Model state saved to ./checkpoints/heat3d_exact\2026-03-07_11-55-00-703642\model.pth
Iteration: 7600, loss_r = 4.7e-04 ,  loss_bc = 1.5e-03,  loss_ic = 2.7e-04,  lr = 8.1e-04, time_taken = 4.8e-02, rel_l2_error = 1.4e-01
Model state saved to ./checkpoints/heat3d_exact\2026-03-07_11-55-00-703642\model.pth
Iteration: 7700, loss_r = 4.4e-04 ,  loss_bc = 1.6e-03,  loss_ic = 5.7e-04,  lr = 8.1e-04, time_taken = 5.2e-02, rel_l2_error = 1.7e-01
Model state saved to ./checkpoints/heat3d_exact\2026-03-07_11-55-00-703642\model.pth
Iteration: 7800, loss_r = 6.9e-04 ,  loss_bc = 1.0e-03,  loss_ic = 3.0e-04,  lr = 8.1e-04, time_taken = 5.2e-02, rel_l2_error = 1.4e-01
Model state saved to ./checkpoints/heat3d_exact\2026-03-07_11-55-00-703642\model.pth
Iteration: 7900, loss_r = 3.7e-04 ,  loss_bc = 7.4e-04,  loss_ic = 2.8e-04,  lr = 8.1e-04, time_taken = 4.8e-02, rel_l2_error = 1.3e-01
Model state saved to ./checkpoints/heat3d_exact\2026-03-07_11-55-00-703642\model.pth
Iteration: 8000, loss_r = 8.9e-04 ,  loss_bc = 1.4e-03,  loss_ic = 5.4e-04,  lr = 8.1e-04, time_taken = 5.1e-02, rel_l2_error = 1.7e-01
Model state saved to ./checkpoints/heat3d_exact\2026-03-07_11-55-00-703642\model.pth

=== RAR Evaluation at iteration 8000 ===
Mean residual: 1.301e-02
Added 100 point(s). Total adaptive points: 400

Iteration: 8100, loss_r = 8.6e-04 ,  loss_bc = 1.2e-03,  loss_ic = 2.6e-04,  lr = 8.1e-04, time_taken = 5.0e-02, rel_l2_error = 1.4e-01
Model state saved to ./checkpoints/heat3d_exact\2026-03-07_11-55-00-703642\model.pth
Iteration: 8200, loss_r = 1.2e-03 ,  loss_bc = 9.4e-04,  loss_ic = 3.2e-04,  lr = 8.1e-04, time_taken = 5.0e-02, rel_l2_error = 1.3e-01
Model state saved to ./checkpoints/heat3d_exact\2026-03-07_11-55-00-703642\model.pth
Iteration: 8300, loss_r = 6.7e-04 ,  loss_bc = 1.1e-03,  loss_ic = 3.1e-04,  lr = 8.1e-04, time_taken = 4.8e-02, rel_l2_error = 1.4e-01
Model state saved to ./checkpoints/heat3d_exact\2026-03-07_11-55-00-703642\model.pth
Iteration: 8400, loss_r = 6.5e-04 ,  loss_bc = 5.8e-04,  loss_ic = 1.7e-04,  lr = 8.1e-04, time_taken = 5.6e-02, rel_l2_error = 1.4e-01
Model state saved to ./checkpoints/heat3d_exact\2026-03-07_11-55-00-703642\model.pth
Iteration: 8500, loss_r = 7.5e-04 ,  loss_bc = 8.8e-04,  loss_ic = 2.7e-04,  lr = 8.1e-04, time_taken = 4.6e-02, rel_l2_error = 1.3e-01
Model state saved to ./checkpoints/heat3d_exact\2026-03-07_11-55-00-703642\model.pth
Iteration: 8600, loss_r = 5.0e-04 ,  loss_bc = 9.4e-04,  loss_ic = 5.1e-04,  lr = 8.1e-04, time_taken = 5.1e-02, rel_l2_error = 1.3e-01
Model state saved to ./checkpoints/heat3d_exact\2026-03-07_11-55-00-703642\model.pth
Iteration: 8700, loss_r = 7.8e-04 ,  loss_bc = 1.3e-03,  loss_ic = 3.9e-04,  lr = 8.1e-04, time_taken = 5.0e-02, rel_l2_error = 1.4e-01
Model state saved to ./checkpoints/heat3d_exact\2026-03-07_11-55-00-703642\model.pth
Iteration: 8800, loss_r = 5.3e-04 ,  loss_bc = 7.0e-04,  loss_ic = 2.2e-04,  lr = 8.1e-04, time_taken = 5.0e-02, rel_l2_error = 1.2e-01
Model state saved to ./checkpoints/heat3d_exact\2026-03-07_11-55-00-703642\model.pth
Iteration: 8900, loss_r = 4.9e-04 ,  loss_bc = 2.1e-03,  loss_ic = 6.8e-04,  lr = 8.1e-04, time_taken = 5.0e-02, rel_l2_error = 1.5e-01
Model state saved to ./checkpoints/heat3d_exact\2026-03-07_11-55-00-703642\model.pth
Iteration: 9000, loss_r = 5.2e-04 ,  loss_bc = 3.2e-03,  loss_ic = 5.9e-04,  lr = 8.1e-04, time_taken = 5.0e-02, rel_l2_error = 1.3e-01
Model state saved to ./checkpoints/heat3d_exact\2026-03-07_11-55-00-703642\model.pth
Iteration: 9100, loss_r = 4.3e-04 ,  loss_bc = 7.6e-04,  loss_ic = 3.0e-04,  lr = 8.1e-04, time_taken = 4.4e-02, rel_l2_error = 1.3e-01
Model state saved to ./checkpoints/heat3d_exact\2026-03-07_11-55-00-703642\model.pth
Iteration: 9200, loss_r = 4.4e-04 ,  loss_bc = 7.1e-04,  loss_ic = 4.8e-04,  lr = 8.1e-04, time_taken = 5.1e-02, rel_l2_error = 1.3e-01
Model state saved to ./checkpoints/heat3d_exact\2026-03-07_11-55-00-703642\model.pth
Iteration: 9300, loss_r = 4.1e-04 ,  loss_bc = 7.4e-04,  loss_ic = 2.7e-04,  lr = 8.1e-04, time_taken = 5.0e-02, rel_l2_error = 1.4e-01
Model state saved to ./checkpoints/heat3d_exact\2026-03-07_11-55-00-703642\model.pth
Iteration: 9400, loss_r = 3.8e-04 ,  loss_bc = 6.4e-04,  loss_ic = 3.6e-04,  lr = 8.1e-04, time_taken = 5.2e-02, rel_l2_error = 1.2e-01
Model state saved to ./checkpoints/heat3d_exact\2026-03-07_11-55-00-703642\model.pth
Iteration: 9500, loss_r = 5.5e-04 ,  loss_bc = 6.5e-04,  loss_ic = 2.7e-04,  lr = 8.1e-04, time_taken = 4.9e-02, rel_l2_error = 1.3e-01
Model state saved to ./checkpoints/heat3d_exact\2026-03-07_11-55-00-703642\model.pth
Iteration: 9600, loss_r = 7.2e-04 ,  loss_bc = 5.6e-04,  loss_ic = 2.0e-04,  lr = 8.1e-04, time_taken = 4.8e-02, rel_l2_error = 1.2e-01
Model state saved to ./checkpoints/heat3d_exact\2026-03-07_11-55-00-703642\model.pth
Iteration: 9700, loss_r = 3.3e-04 ,  loss_bc = 9.0e-04,  loss_ic = 3.5e-04,  lr = 8.1e-04, time_taken = 4.7e-02, rel_l2_error = 1.3e-01
Model state saved to ./checkpoints/heat3d_exact\2026-03-07_11-55-00-703642\model.pth
Iteration: 9800, loss_r = 4.0e-04 ,  loss_bc = 7.6e-04,  loss_ic = 2.7e-04,  lr = 8.1e-04, time_taken = 5.0e-02, rel_l2_error = 1.4e-01
Model state saved to ./checkpoints/heat3d_exact\2026-03-07_11-55-00-703642\model.pth
Iteration: 9900, loss_r = 4.4e-04 ,  loss_bc = 6.9e-04,  loss_ic = 2.9e-04,  lr = 8.1e-04, time_taken = 5.1e-02, rel_l2_error = 1.5e-01
Model state saved to ./checkpoints/heat3d_exact\2026-03-07_11-55-00-703642\model.pth

=== Switching to LBFGS optimizer at iteration 10000 ===
Using scipy L-BFGS-B optimizer
Optimizer: L-BFGS-B (maxiter=10000, factr=1000.0, m=100, maxls=50, pgtol=1e-14)
L-BFGS Iteration: 0, Loss: 9.793434e-04
L-BFGS Iteration: 1, Loss: 9.542049e-04, Relative L2 Error: 1.183225e-01
L-BFGS: Time for 100 iterations = 15.4431 s
L-BFGS Iteration: 100, Loss: 4.949257e-04, Relative L2 Error: 8.790332e-02
L-BFGS Iteration: 200, Loss: 3.355880e-04, Relative L2 Error: 7.518822e-02
L-BFGS Iteration: 300, Loss: 2.278850e-04, Relative L2 Error: 6.573457e-02
L-BFGS Iteration: 400, Loss: 1.640709e-04, Relative L2 Error: 6.055160e-02
L-BFGS Iteration: 500, Loss: 1.309056e-04, Relative L2 Error: 5.568797e-02
L-BFGS Iteration: 600, Loss: 1.053683e-04, Relative L2 Error: 5.261176e-02
L-BFGS Iteration: 700, Loss: 8.612317e-05, Relative L2 Error: 5.189358e-02
L-BFGS Iteration: 800, Loss: 7.051234e-05, Relative L2 Error: 4.709496e-02
L-BFGS Iteration: 900, Loss: 5.923049e-05, Relative L2 Error: 4.387155e-02
L-BFGS Iteration: 1000, Loss: 5.100204e-05, Relative L2 Error: 4.195774e-02
L-BFGS Iteration: 1100, Loss: 4.496262e-05, Relative L2 Error: 3.924448e-02
L-BFGS Iteration: 1200, Loss: 3.965501e-05, Relative L2 Error: 3.708206e-02
L-BFGS Iteration: 1300, Loss: 3.358009e-05, Relative L2 Error: 3.633869e-02
L-BFGS Iteration: 1400, Loss: 2.961973e-05, Relative L2 Error: 3.460690e-02
L-BFGS Iteration: 1500, Loss: 2.582373e-05, Relative L2 Error: 3.285678e-02
L-BFGS Iteration: 1600, Loss: 2.342190e-05, Relative L2 Error: 3.329325e-02
L-BFGS Iteration: 1700, Loss: 2.106739e-05, Relative L2 Error: 3.652003e-02
L-BFGS Iteration: 1800, Loss: 1.921996e-05, Relative L2 Error: 3.487906e-02
L-BFGS Iteration: 1900, Loss: 1.770954e-05, Relative L2 Error: 3.269964e-02
L-BFGS Iteration: 2000, Loss: 1.645603e-05, Relative L2 Error: 3.244758e-02
L-BFGS Iteration: 2100, Loss: 1.531040e-05, Relative L2 Error: 3.205575e-02
L-BFGS Iteration: 2200, Loss: 1.412778e-05, Relative L2 Error: 2.970657e-02
L-BFGS Iteration: 2300, Loss: 1.294541e-05, Relative L2 Error: 3.097619e-02
L-BFGS Iteration: 2400, Loss: 1.210961e-05, Relative L2 Error: 2.981433e-02
L-BFGS Iteration: 2500, Loss: 1.130875e-05, Relative L2 Error: 2.902825e-02
L-BFGS Iteration: 2600, Loss: 1.043942e-05, Relative L2 Error: 2.887709e-02
L-BFGS Iteration: 2700, Loss: 9.618666e-06, Relative L2 Error: 2.923265e-02
L-BFGS Iteration: 2800, Loss: 9.022258e-06, Relative L2 Error: 2.787885e-02
L-BFGS Iteration: 2900, Loss: 8.344170e-06, Relative L2 Error: 3.016989e-02
L-BFGS Iteration: 3000, Loss: 7.763862e-06, Relative L2 Error: 2.814535e-02
L-BFGS Iteration: 3100, Loss: 7.309928e-06, Relative L2 Error: 2.878017e-02
L-BFGS Iteration: 3200, Loss: 6.960996e-06, Relative L2 Error: 2.760101e-02
L-BFGS Iteration: 3300, Loss: 6.668269e-06, Relative L2 Error: 2.800180e-02
L-BFGS Iteration: 3400, Loss: 6.418712e-06, Relative L2 Error: 2.653276e-02
L-BFGS Iteration: 3500, Loss: 6.021653e-06, Relative L2 Error: 2.871205e-02
L-BFGS Iteration: 3600, Loss: 5.653900e-06, Relative L2 Error: 2.697121e-02
L-BFGS Iteration: 3700, Loss: 5.430491e-06, Relative L2 Error: 2.618006e-02
L-BFGS Iteration: 3800, Loss: 5.154127e-06, Relative L2 Error: 2.597095e-02
L-BFGS Iteration: 3900, Loss: 4.893839e-06, Relative L2 Error: 2.621864e-02
L-BFGS Iteration: 4000, Loss: 4.697819e-06, Relative L2 Error: 2.640736e-02
L-BFGS Iteration: 4100, Loss: 4.475335e-06, Relative L2 Error: 2.389716e-02
L-BFGS Iteration: 4200, Loss: 4.313543e-06, Relative L2 Error: 2.459223e-02
L-BFGS Iteration: 4300, Loss: 4.121893e-06, Relative L2 Error: 2.632021e-02
L-BFGS Iteration: 4400, Loss: 3.977555e-06, Relative L2 Error: 2.639677e-02
L-BFGS Iteration: 4500, Loss: 3.858137e-06, Relative L2 Error: 2.529760e-02
L-BFGS Iteration: 4600, Loss: 3.736840e-06, Relative L2 Error: 2.611341e-02
L-BFGS Iteration: 4700, Loss: 3.618324e-06, Relative L2 Error: 2.539094e-02
L-BFGS Iteration: 4800, Loss: 3.527165e-06, Relative L2 Error: 2.439501e-02
L-BFGS Iteration: 4900, Loss: 3.431525e-06, Relative L2 Error: 2.448863e-02
L-BFGS Iteration: 5000, Loss: 3.336577e-06, Relative L2 Error: 2.571151e-02
L-BFGS Iteration: 5100, Loss: 3.246444e-06, Relative L2 Error: 2.491584e-02
L-BFGS Iteration: 5200, Loss: 3.142397e-06, Relative L2 Error: 2.321395e-02
L-BFGS Iteration: 5300, Loss: 3.048156e-06, Relative L2 Error: 2.384951e-02
L-BFGS Iteration: 5400, Loss: 2.945330e-06, Relative L2 Error: 2.245593e-02
L-BFGS training completed after 5448 iterations
Model state saved to ./checkpoints/heat3d_exact\2026-03-07_11-55-00-703642\model.pth
Training completed successfully!
Relative L2 error (eval data): 2.54e-02
Saved solution comparison heatmaps to: ./checkpoints/heat3d_exact\2026-03-07_11-55-00-703642\solution_comparison_heat3d.png
