Random seed set to: 672
Solving Burgers equation: u_t + u*u_x = nu*u_xx with nu=0.01
Domain: (x, t) = [-1, 1] x [0, 1]
Using exact solution for boundary and initial conditions
Using DV Solver
The settings used:
batch_size : 64
epochs : 20000
lr : 0.001
seed : 672
print_every : 100
log_path : ./checkpoints/burgers_exact
input_dim : 2
output_dim : 1
num_qubits : 5
hidden_dim : 20
num_quantum_layers : 1
classic_network : [2, 20, 1]
q_ansatz : cross_mesh
mode : hybrid
activation : tanh
shots : None
problem : burgers_exact
solver : DV
device : cpu
method : None
cutoff_dim : 20
class : CVNeuralNetwork1
encoding : angle
use_rar : True
rar_eval_freq : 2000
rar_threshold : 0.0005
rar_num_candidates : 10000
rar_num_add : 100
use_hybrid_optimizer : True
adam_iterations : 10000
use_scipy_lbfgs : True
lbfgs_lr : 1
lbfgs_line_search : strong_wolfe
lbfgs_tolerance_grad : 1e-05
lbfgs_tolerance_change : 1e-07
lbfgs_maxiter : 10000
lbfgs_factr : 1000.0
lbfgs_pgtol : 1e-14
lbfgs_maxls : 50
lbfgs_m : 100
lbfgs_eval_every : 100
nx : 200
nt : 200
domainN : 500
leftN : 50
rightN : 50
initialN : 50
eval_total_points : 10000
Total number of parameters: 1186
The circuit used in the study:
Iteration: 0, loss_r = 2.3e-05 ,  loss_bc = 1.2e-02,  loss_ic = 4.8e-02,  lr = 1.0e-03, time_taken = 1.6e+00, rel_l2_error = 1.0e+00
Model state saved to ./checkpoints/burgers_exact\2026-03-09_21-51-10-239025\model.pth
Iteration: 100, loss_r = 4.3e-04 ,  loss_bc = 5.4e-04,  loss_ic = 2.0e-02,  lr = 1.0e-03, time_taken = 3.8e-01, rel_l2_error = 9.5e-01
Model state saved to ./checkpoints/burgers_exact\2026-03-09_21-51-10-239025\model.pth
Iteration: 200, loss_r = 2.4e-03 ,  loss_bc = 1.5e-04,  loss_ic = 5.5e-03,  lr = 1.0e-03, time_taken = 3.4e-01, rel_l2_error = 4.1e-01
Model state saved to ./checkpoints/burgers_exact\2026-03-09_21-51-10-239025\model.pth
Iteration: 300, loss_r = 8.1e-04 ,  loss_bc = 3.4e-04,  loss_ic = 3.3e-03,  lr = 1.0e-03, time_taken = 3.5e-01, rel_l2_error = 3.5e-01
Model state saved to ./checkpoints/burgers_exact\2026-03-09_21-51-10-239025\model.pth
Iteration: 400, loss_r = 8.1e-04 ,  loss_bc = 1.8e-04,  loss_ic = 2.7e-03,  lr = 1.0e-03, time_taken = 3.4e-01, rel_l2_error = 3.5e-01
Model state saved to ./checkpoints/burgers_exact\2026-03-09_21-51-10-239025\model.pth
Iteration: 500, loss_r = 7.6e-04 ,  loss_bc = 2.2e-04,  loss_ic = 3.4e-03,  lr = 1.0e-03, time_taken = 3.5e-01, rel_l2_error = 3.4e-01
Model state saved to ./checkpoints/burgers_exact\2026-03-09_21-51-10-239025\model.pth
Iteration: 600, loss_r = 5.4e-04 ,  loss_bc = 1.2e-04,  loss_ic = 3.5e-03,  lr = 1.0e-03, time_taken = 3.3e-01, rel_l2_error = 3.2e-01
Model state saved to ./checkpoints/burgers_exact\2026-03-09_21-51-10-239025\model.pth
Iteration: 700, loss_r = 5.2e-04 ,  loss_bc = 2.5e-04,  loss_ic = 3.1e-03,  lr = 1.0e-03, time_taken = 3.5e-01, rel_l2_error = 3.1e-01
Model state saved to ./checkpoints/burgers_exact\2026-03-09_21-51-10-239025\model.pth
Iteration: 800, loss_r = 2.8e-04 ,  loss_bc = 1.1e-04,  loss_ic = 2.6e-03,  lr = 1.0e-03, time_taken = 3.5e-01, rel_l2_error = 2.9e-01
Model state saved to ./checkpoints/burgers_exact\2026-03-09_21-51-10-239025\model.pth
Iteration: 900, loss_r = 2.9e-04 ,  loss_bc = 2.6e-05,  loss_ic = 3.4e-03,  lr = 1.0e-03, time_taken = 3.4e-01, rel_l2_error = 2.8e-01
Model state saved to ./checkpoints/burgers_exact\2026-03-09_21-51-10-239025\model.pth
Iteration: 1000, loss_r = 3.4e-04 ,  loss_bc = 1.8e-04,  loss_ic = 2.0e-03,  lr = 1.0e-03, time_taken = 3.4e-01, rel_l2_error = 2.5e-01
Model state saved to ./checkpoints/burgers_exact\2026-03-09_21-51-10-239025\model.pth
Iteration: 1100, loss_r = 2.7e-04 ,  loss_bc = 2.1e-04,  loss_ic = 1.3e-03,  lr = 1.0e-03, time_taken = 3.3e-01, rel_l2_error = 2.3e-01
Model state saved to ./checkpoints/burgers_exact\2026-03-09_21-51-10-239025\model.pth
Iteration: 1200, loss_r = 3.2e-04 ,  loss_bc = 1.6e-04,  loss_ic = 2.3e-03,  lr = 1.0e-03, time_taken = 3.7e-01, rel_l2_error = 2.1e-01
Model state saved to ./checkpoints/burgers_exact\2026-03-09_21-51-10-239025\model.pth
Iteration: 1300, loss_r = 4.9e-04 ,  loss_bc = 4.0e-05,  loss_ic = 1.4e-03,  lr = 1.0e-03, time_taken = 3.5e-01, rel_l2_error = 1.9e-01
Model state saved to ./checkpoints/burgers_exact\2026-03-09_21-51-10-239025\model.pth
Iteration: 1400, loss_r = 2.6e-04 ,  loss_bc = 1.6e-05,  loss_ic = 1.2e-03,  lr = 1.0e-03, time_taken = 3.5e-01, rel_l2_error = 1.7e-01
Model state saved to ./checkpoints/burgers_exact\2026-03-09_21-51-10-239025\model.pth
Iteration: 1500, loss_r = 4.2e-04 ,  loss_bc = 4.1e-05,  loss_ic = 1.4e-03,  lr = 1.0e-03, time_taken = 3.5e-01, rel_l2_error = 1.6e-01
Model state saved to ./checkpoints/burgers_exact\2026-03-09_21-51-10-239025\model.pth
Iteration: 1600, loss_r = 4.6e-04 ,  loss_bc = 2.2e-04,  loss_ic = 1.2e-03,  lr = 1.0e-03, time_taken = 3.4e-01, rel_l2_error = 1.4e-01
Model state saved to ./checkpoints/burgers_exact\2026-03-09_21-51-10-239025\model.pth
Iteration: 1700, loss_r = 4.2e-04 ,  loss_bc = 2.0e-05,  loss_ic = 8.0e-04,  lr = 1.0e-03, time_taken = 3.4e-01, rel_l2_error = 1.4e-01
Model state saved to ./checkpoints/burgers_exact\2026-03-09_21-51-10-239025\model.pth
Iteration: 1800, loss_r = 3.8e-04 ,  loss_bc = 4.2e-05,  loss_ic = 5.2e-04,  lr = 1.0e-03, time_taken = 3.6e-01, rel_l2_error = 1.1e-01
Model state saved to ./checkpoints/burgers_exact\2026-03-09_21-51-10-239025\model.pth
Iteration: 1900, loss_r = 5.8e-04 ,  loss_bc = 3.1e-05,  loss_ic = 3.0e-04,  lr = 1.0e-03, time_taken = 3.6e-01, rel_l2_error = 1.0e-01
Model state saved to ./checkpoints/burgers_exact\2026-03-09_21-51-10-239025\model.pth
Iteration: 2000, loss_r = 3.0e-04 ,  loss_bc = 1.9e-05,  loss_ic = 4.7e-04,  lr = 1.0e-03, time_taken = 3.4e-01, rel_l2_error = 8.5e-02
Model state saved to ./checkpoints/burgers_exact\2026-03-09_21-51-10-239025\model.pth

=== RAR Evaluation at iteration 2000 ===
Mean residual: 2.736e-01
Adding 100 new point(s) with highest residuals:
  Point 1: [ 0.01775199 -0.45870507], Residual: 2.909e+00
  Point 2: [ 0.23305172 -0.5479295 ], Residual: 2.797e+00
  Point 3: [ 0.63719344 -0.58654165], Residual: 2.769e+00
  Point 4: [ 0.01797235 -0.4382677 ], Residual: 2.765e+00
  Point 5: [ 0.37596375 -0.53771675], Residual: 2.732e+00
  Point 6: [ 0.1936205 -0.5393672], Residual: 2.717e+00
  Point 7: [ 0.962744   -0.61449134], Residual: 2.692e+00
  Point 8: [ 0.32066143 -0.5425118 ], Residual: 2.691e+00
  Point 9: [ 0.90603817 -0.65748286], Residual: 2.674e+00
  Point 10: [ 0.50706464 -0.5647706 ], Residual: 2.623e+00
  Point 11: [ 0.44674122 -0.54447675], Residual: 2.562e+00
  Point 12: [ 0.8166039 -0.5806565], Residual: 2.554e+00
  Point 13: [ 0.7303555 -0.591467 ], Residual: 2.538e+00
  Point 14: [ 0.12417316 -0.5932387 ], Residual: 2.482e+00
  Point 15: [ 0.13619697 -0.54990554], Residual: 2.478e+00
  Point 16: [ 0.6033249 -0.5973102], Residual: 2.472e+00
  Point 17: [ 0.38093007 -0.5045551 ], Residual: 2.397e+00
  Point 18: [ 0.6175821 -0.5149517], Residual: 2.358e+00
  Point 19: [ 0.82425827 -0.5986408 ], Residual: 2.348e+00
  Point 20: [ 0.06625319 -0.4278543 ], Residual: 2.316e+00
  Point 21: [ 0.307396   -0.61975205], Residual: 2.186e+00
  Point 22: [ 0.04113352 -0.57285607], Residual: 2.182e+00
  Point 23: [ 0.33285987 -0.43233764], Residual: 2.126e+00
  Point 24: [ 0.03626329 -0.42409766], Residual: 2.122e+00
  Point 25: [ 0.6701041 -0.5475135], Residual: 2.106e+00
  Point 26: [ 0.910002  -0.5300869], Residual: 2.104e+00
  Point 27: [ 0.04870653 -0.5891609 ], Residual: 2.077e+00
  Point 28: [ 0.80108565 -0.59559166], Residual: 2.059e+00
  Point 29: [0.30586666 0.36481547], Residual: 2.044e+00
  Point 30: [ 0.00759685 -0.364519  ], Residual: 2.021e+00
  Point 31: [ 0.03888702 -0.58599544], Residual: 1.975e+00
  Point 32: [ 0.4606173 -0.4652872], Residual: 1.950e+00
  Point 33: [ 0.52766925 -0.5832912 ], Residual: 1.941e+00
  Point 34: [ 0.05566621 -0.60429573], Residual: 1.894e+00
  Point 35: [0.11279756 0.32795596], Residual: 1.884e+00
  Point 36: [ 0.68694955 -0.61991084], Residual: 1.864e+00
  Point 37: [ 0.1274131 -0.5573051], Residual: 1.858e+00
  Point 38: [ 0.99165154 -0.74482095], Residual: 1.857e+00
  Point 39: [ 0.47006834 -0.6465733 ], Residual: 1.854e+00
  Point 40: [0.38560498 0.24045932], Residual: 1.837e+00
  Point 41: [ 0.5068633 -0.6262268], Residual: 1.829e+00
  Point 42: [ 0.86686    -0.54022765], Residual: 1.806e+00
  Point 43: [ 0.5248602 -0.6799902], Residual: 1.804e+00
  Point 44: [ 0.5207104  -0.49212325], Residual: 1.793e+00
  Point 45: [ 0.43451232 -0.6444626 ], Residual: 1.791e+00
  Point 46: [ 0.4303013  -0.63083446], Residual: 1.770e+00
  Point 47: [ 0.09555411 -0.5178894 ], Residual: 1.769e+00
  Point 48: [ 0.05206227 -0.58526146], Residual: 1.765e+00
  Point 49: [ 0.16503745 -0.42642403], Residual: 1.742e+00
  Point 50: [ 0.1859783  -0.56930065], Residual: 1.730e+00
  Point 51: [ 0.87895375 -0.6048006 ], Residual: 1.721e+00
  Point 52: [0.10324425 0.2702589 ], Residual: 1.718e+00
  Point 53: [0.36478513 0.28400266], Residual: 1.716e+00
  Point 54: [ 0.4400118  -0.42955697], Residual: 1.714e+00
  Point 55: [0.3795743 0.2742368], Residual: 1.701e+00
  Point 56: [0.09633642 0.18736339], Residual: 1.698e+00
  Point 57: [ 0.6075512  -0.42838037], Residual: 1.698e+00
  Point 58: [0.10721707 0.21988392], Residual: 1.693e+00
  Point 59: [ 0.21740544 -0.573146  ], Residual: 1.691e+00
  Point 60: [ 0.35745692 -0.38798463], Residual: 1.688e+00
  Point 61: [0.05434334 0.16242862], Residual: 1.684e+00
  Point 62: [ 0.6420405  -0.66765666], Residual: 1.676e+00
  Point 63: [0.15843385 0.25632238], Residual: 1.671e+00
  Point 64: [0.6651085  0.34091222], Residual: 1.657e+00
  Point 65: [ 0.16417849 -0.5412508 ], Residual: 1.653e+00
  Point 66: [ 0.37630653 -0.51683795], Residual: 1.649e+00
  Point 67: [0.1688602  0.17331946], Residual: 1.645e+00
  Point 68: [ 0.03968227 -0.44375658], Residual: 1.644e+00
  Point 69: [0.8138211  0.38982534], Residual: 1.641e+00
  Point 70: [0.11372811 0.18988371], Residual: 1.637e+00
  Point 71: [ 0.80354184 -0.591802  ], Residual: 1.629e+00
  Point 72: [ 0.81609863 -0.5566474 ], Residual: 1.622e+00
  Point 73: [ 0.05411589 -0.46996844], Residual: 1.614e+00
  Point 74: [ 0.75521827 -0.5904323 ], Residual: 1.609e+00
  Point 75: [ 0.44946915 -0.5003327 ], Residual: 1.594e+00
  Point 76: [ 0.38717604 -0.6214558 ], Residual: 1.592e+00
  Point 77: [ 0.3787986  -0.49741125], Residual: 1.591e+00
  Point 78: [0.24527389 0.31437206], Residual: 1.589e+00
  Point 79: [0.3642239 0.2451204], Residual: 1.588e+00
  Point 80: [0.23037833 0.40154147], Residual: 1.588e+00
  Point 81: [0.25337195 0.26486158], Residual: 1.588e+00
  Point 82: [ 0.66004306 -0.7077699 ], Residual: 1.562e+00
  Point 83: [ 0.01432955 -0.38382673], Residual: 1.560e+00
  Point 84: [0.40097463 0.27060807], Residual: 1.558e+00
  Point 85: [ 0.03910041 -0.51354706], Residual: 1.548e+00
  Point 86: [0.6550961 0.4244709], Residual: 1.542e+00
  Point 87: [0.10885352 0.27344644], Residual: 1.540e+00
  Point 88: [ 0.00193763 -0.47501528], Residual: 1.531e+00
  Point 89: [ 0.4938622 -0.4856025], Residual: 1.529e+00
  Point 90: [0.28314888 0.23785639], Residual: 1.525e+00
  Point 91: [0.05022562 0.25719535], Residual: 1.524e+00
  Point 92: [ 0.73203796 -0.6218929 ], Residual: 1.520e+00
  Point 93: [ 0.22524393 -0.519449  ], Residual: 1.510e+00
  Point 94: [ 0.7882049  -0.61699164], Residual: 1.510e+00
  Point 95: [ 0.657439  -0.6937034], Residual: 1.510e+00
  Point 96: [0.73625386 0.49120092], Residual: 1.501e+00
  Point 97: [ 0.9249984  -0.58480895], Residual: 1.501e+00
  Point 98: [ 0.13505268 -0.45442498], Residual: 1.500e+00
  Point 99: [0.7652396 0.4485997], Residual: 1.498e+00
  Point 100: [ 0.32138282 -0.3707962 ], Residual: 1.497e+00
Total adaptive points: 100

Iteration: 2100, loss_r = 2.4e-04 ,  loss_bc = 2.6e-05,  loss_ic = 2.4e-04,  lr = 1.0e-03, time_taken = 3.3e-01, rel_l2_error = 7.7e-02
Model state saved to ./checkpoints/burgers_exact\2026-03-09_21-51-10-239025\model.pth
Iteration: 2200, loss_r = 1.7e-04 ,  loss_bc = 1.5e-05,  loss_ic = 1.4e-04,  lr = 1.0e-03, time_taken = 3.5e-01, rel_l2_error = 6.6e-02
Model state saved to ./checkpoints/burgers_exact\2026-03-09_21-51-10-239025\model.pth
Iteration: 2300, loss_r = 1.4e-04 ,  loss_bc = 2.1e-05,  loss_ic = 1.8e-04,  lr = 1.0e-03, time_taken = 3.5e-01, rel_l2_error = 6.4e-02
Model state saved to ./checkpoints/burgers_exact\2026-03-09_21-51-10-239025\model.pth
Iteration: 2400, loss_r = 1.4e-04 ,  loss_bc = 4.7e-06,  loss_ic = 2.3e-04,  lr = 1.0e-03, time_taken = 3.5e-01, rel_l2_error = 6.0e-02
Model state saved to ./checkpoints/burgers_exact\2026-03-09_21-51-10-239025\model.pth
Iteration: 2500, loss_r = 1.0e-04 ,  loss_bc = 6.7e-06,  loss_ic = 1.8e-04,  lr = 1.0e-03, time_taken = 3.9e-01, rel_l2_error = 4.8e-02
Model state saved to ./checkpoints/burgers_exact\2026-03-09_21-51-10-239025\model.pth
Iteration: 2600, loss_r = 1.0e-04 ,  loss_bc = 5.7e-06,  loss_ic = 7.9e-05,  lr = 1.0e-03, time_taken = 3.5e-01, rel_l2_error = 6.5e-02
Model state saved to ./checkpoints/burgers_exact\2026-03-09_21-51-10-239025\model.pth
Iteration: 2700, loss_r = 7.2e-05 ,  loss_bc = 5.1e-06,  loss_ic = 8.8e-05,  lr = 1.0e-03, time_taken = 3.4e-01, rel_l2_error = 4.2e-02
Model state saved to ./checkpoints/burgers_exact\2026-03-09_21-51-10-239025\model.pth
Iteration: 2800, loss_r = 7.2e-05 ,  loss_bc = 4.6e-06,  loss_ic = 8.1e-05,  lr = 1.0e-03, time_taken = 3.6e-01, rel_l2_error = 3.6e-02
Model state saved to ./checkpoints/burgers_exact\2026-03-09_21-51-10-239025\model.pth
Iteration: 2900, loss_r = 1.1e-04 ,  loss_bc = 1.9e-05,  loss_ic = 5.2e-05,  lr = 1.0e-03, time_taken = 3.9e-01, rel_l2_error = 4.2e-02
Model state saved to ./checkpoints/burgers_exact\2026-03-09_21-51-10-239025\model.pth
Iteration: 3000, loss_r = 4.8e-05 ,  loss_bc = 1.7e-06,  loss_ic = 4.8e-05,  lr = 1.0e-03, time_taken = 3.7e-01, rel_l2_error = 2.8e-02
Model state saved to ./checkpoints/burgers_exact\2026-03-09_21-51-10-239025\model.pth
Iteration: 3100, loss_r = 5.3e-05 ,  loss_bc = 3.2e-06,  loss_ic = 7.1e-05,  lr = 1.0e-03, time_taken = 3.6e-01, rel_l2_error = 3.9e-02
Model state saved to ./checkpoints/burgers_exact\2026-03-09_21-51-10-239025\model.pth
Iteration: 3200, loss_r = 3.2e-05 ,  loss_bc = 3.1e-06,  loss_ic = 3.5e-05,  lr = 1.0e-03, time_taken = 3.4e-01, rel_l2_error = 4.1e-02
Model state saved to ./checkpoints/burgers_exact\2026-03-09_21-51-10-239025\model.pth
Iteration: 3300, loss_r = 3.1e-05 ,  loss_bc = 1.9e-06,  loss_ic = 4.0e-05,  lr = 1.0e-03, time_taken = 3.3e-01, rel_l2_error = 2.6e-02
Model state saved to ./checkpoints/burgers_exact\2026-03-09_21-51-10-239025\model.pth
Iteration: 3400, loss_r = 3.5e-05 ,  loss_bc = 1.3e-06,  loss_ic = 4.2e-05,  lr = 1.0e-03, time_taken = 3.5e-01, rel_l2_error = 2.5e-02
Model state saved to ./checkpoints/burgers_exact\2026-03-09_21-51-10-239025\model.pth
Iteration: 3500, loss_r = 3.8e-05 ,  loss_bc = 4.5e-06,  loss_ic = 5.3e-05,  lr = 1.0e-03, time_taken = 4.4e-01, rel_l2_error = 2.5e-02
Model state saved to ./checkpoints/burgers_exact\2026-03-09_21-51-10-239025\model.pth
Iteration: 3600, loss_r = 2.8e-05 ,  loss_bc = 1.4e-06,  loss_ic = 3.3e-05,  lr = 1.0e-03, time_taken = 3.5e-01, rel_l2_error = 2.3e-02
Model state saved to ./checkpoints/burgers_exact\2026-03-09_21-51-10-239025\model.pth
Iteration: 3700, loss_r = 3.1e-05 ,  loss_bc = 5.7e-07,  loss_ic = 2.1e-05,  lr = 1.0e-03, time_taken = 3.4e-01, rel_l2_error = 2.9e-02
Model state saved to ./checkpoints/burgers_exact\2026-03-09_21-51-10-239025\model.pth
Iteration: 3800, loss_r = 4.6e-05 ,  loss_bc = 3.1e-06,  loss_ic = 2.6e-05,  lr = 1.0e-03, time_taken = 3.5e-01, rel_l2_error = 2.4e-02
Model state saved to ./checkpoints/burgers_exact\2026-03-09_21-51-10-239025\model.pth
Iteration: 3900, loss_r = 2.3e-05 ,  loss_bc = 1.2e-06,  loss_ic = 1.6e-05,  lr = 1.0e-03, time_taken = 3.6e-01, rel_l2_error = 2.6e-02
Model state saved to ./checkpoints/burgers_exact\2026-03-09_21-51-10-239025\model.pth
Iteration: 4000, loss_r = 3.5e-05 ,  loss_bc = 2.2e-05,  loss_ic = 1.5e-05,  lr = 1.0e-03, time_taken = 3.6e-01, rel_l2_error = 2.2e-02
Model state saved to ./checkpoints/burgers_exact\2026-03-09_21-51-10-239025\model.pth

=== RAR Evaluation at iteration 4000 ===
Mean residual: 2.703e-01
Adding 100 new point(s) with highest residuals:
  Point 1: [ 0.30168527 -0.5135716 ], Residual: 4.378e+00
  Point 2: [ 0.264547  -0.5126262], Residual: 4.270e+00
  Point 3: [ 0.777765   -0.57634366], Residual: 4.055e+00
  Point 4: [ 0.8266387  -0.56902564], Residual: 4.002e+00
  Point 5: [ 0.07523781 -0.48510814], Residual: 3.960e+00
  Point 6: [ 0.3608336 -0.477278 ], Residual: 3.796e+00
  Point 7: [ 0.6051934  -0.48505676], Residual: 3.771e+00
  Point 8: [ 0.6861702 -0.5253967], Residual: 3.722e+00
  Point 9: [ 0.01427698 -0.44159222], Residual: 3.715e+00
  Point 10: [ 0.6963465 -0.5148263], Residual: 3.714e+00
  Point 11: [ 0.367101 -0.485628], Residual: 3.702e+00
  Point 12: [ 0.8436575  -0.53602934], Residual: 3.636e+00
  Point 13: [ 0.6390017  -0.57093036], Residual: 3.594e+00
  Point 14: [ 0.88477135 -0.64023304], Residual: 3.594e+00
  Point 15: [ 0.19370311 -0.501086  ], Residual: 3.559e+00
  Point 16: [ 0.10044539 -0.51561785], Residual: 3.553e+00
  Point 17: [ 0.7074653 -0.5208031], Residual: 3.548e+00
  Point 18: [ 0.35401207 -0.46733987], Residual: 3.539e+00
  Point 19: [ 0.91679054 -0.6173909 ], Residual: 3.531e+00
  Point 20: [ 0.12116659 -0.45092165], Residual: 3.494e+00
  Point 21: [ 0.27098697 -0.46818674], Residual: 3.357e+00
  Point 22: [ 0.36210036 -0.45426953], Residual: 3.354e+00
  Point 23: [ 0.7852729 -0.5311184], Residual: 3.341e+00
  Point 24: [ 0.4802451 -0.5125748], Residual: 3.315e+00
  Point 25: [ 0.81192154 -0.5689565 ], Residual: 3.273e+00
  Point 26: [ 0.97013664 -0.588315  ], Residual: 3.249e+00
  Point 27: [ 0.5702043 -0.5031357], Residual: 3.226e+00
  Point 28: [ 0.51828486 -0.4804585 ], Residual: 3.204e+00
  Point 29: [ 0.6527739 -0.4930352], Residual: 3.180e+00
  Point 30: [ 0.73350114 -0.5875603 ], Residual: 3.160e+00
  Point 31: [ 0.93691176 -0.5608535 ], Residual: 3.160e+00
  Point 32: [ 0.8189656 -0.6420108], Residual: 3.140e+00
  Point 33: [ 0.03418225 -0.42992294], Residual: 3.137e+00
  Point 34: [ 0.9042509  -0.65686214], Residual: 3.135e+00
  Point 35: [ 0.17730391 -0.4056437 ], Residual: 3.125e+00
  Point 36: [ 0.8219078  -0.52209675], Residual: 3.054e+00
  Point 37: [ 0.94212437 -0.5683558 ], Residual: 3.034e+00
  Point 38: [ 0.93727547 -0.55284965], Residual: 3.031e+00
  Point 39: [ 0.9228797 -0.5189676], Residual: 3.030e+00
  Point 40: [ 0.11018533 -0.4591607 ], Residual: 3.001e+00
  Point 41: [ 0.35120046 -0.49075913], Residual: 2.999e+00
  Point 42: [ 0.35364562 -0.42942417], Residual: 2.993e+00
  Point 43: [ 0.13448608 -0.39483905], Residual: 2.982e+00
  Point 44: [ 0.6144591  -0.49787617], Residual: 2.978e+00
  Point 45: [ 0.27507794 -0.54371727], Residual: 2.973e+00
  Point 46: [ 0.16177404 -0.4431044 ], Residual: 2.946e+00
  Point 47: [ 0.6107495  -0.49206233], Residual: 2.905e+00
  Point 48: [ 0.78800714 -0.6250787 ], Residual: 2.890e+00
  Point 49: [ 0.772534  -0.5114831], Residual: 2.883e+00
  Point 50: [ 0.04704148 -0.38734543], Residual: 2.844e+00
  Point 51: [ 0.8064347  -0.52655876], Residual: 2.828e+00
  Point 52: [ 0.4810049  -0.45489192], Residual: 2.827e+00
  Point 53: [ 0.8823697 -0.4880525], Residual: 2.823e+00
  Point 54: [ 0.12852591 -0.5349982 ], Residual: 2.815e+00
  Point 55: [ 0.02365655 -0.38862348], Residual: 2.809e+00
  Point 56: [ 0.83290493 -0.54887414], Residual: 2.789e+00
  Point 57: [ 0.75126654 -0.5111568 ], Residual: 2.783e+00
  Point 58: [ 0.13804364 -0.36831856], Residual: 2.779e+00
  Point 59: [ 0.8565481  -0.60820985], Residual: 2.778e+00
  Point 60: [ 0.5573467  -0.49490237], Residual: 2.775e+00
  Point 61: [ 0.42894316 -0.60074854], Residual: 2.751e+00
  Point 62: [ 0.17547232 -0.49680603], Residual: 2.748e+00
  Point 63: [ 0.57382447 -0.58063865], Residual: 2.747e+00
  Point 64: [ 0.575335   -0.45311248], Residual: 2.725e+00
  Point 65: [ 0.78473014 -0.6132461 ], Residual: 2.690e+00
  Point 66: [ 0.52191126 -0.54266894], Residual: 2.675e+00
  Point 67: [ 0.84828836 -0.59737504], Residual: 2.670e+00
  Point 68: [ 0.96045244 -0.48170257], Residual: 2.659e+00
  Point 69: [ 0.00793928 -0.43585896], Residual: 2.636e+00
  Point 70: [ 0.39158404 -0.5504595 ], Residual: 2.610e+00
  Point 71: [ 0.2265203 -0.411847 ], Residual: 2.596e+00
  Point 72: [ 0.93414223 -0.49720109], Residual: 2.594e+00
  Point 73: [ 0.35966325 -0.4711591 ], Residual: 2.593e+00
  Point 74: [ 0.4757715 -0.5718193], Residual: 2.574e+00
  Point 75: [ 0.20088893 -0.5417452 ], Residual: 2.568e+00
  Point 76: [ 0.49630356 -0.4641403 ], Residual: 2.530e+00
  Point 77: [ 0.5268779  -0.42334747], Residual: 2.517e+00
  Point 78: [ 0.75435674 -0.47366214], Residual: 2.484e+00
  Point 79: [ 0.68555415 -0.47034764], Residual: 2.473e+00
  Point 80: [ 0.6520514  -0.60326767], Residual: 2.458e+00
  Point 81: [ 0.48223293 -0.59545684], Residual: 2.444e+00
  Point 82: [ 0.7332725  -0.46428943], Residual: 2.440e+00
  Point 83: [ 0.35817653 -0.5095625 ], Residual: 2.404e+00
  Point 84: [ 0.86086535 -0.5848367 ], Residual: 2.400e+00
  Point 85: [ 0.88908976 -0.5121684 ], Residual: 2.380e+00
  Point 86: [ 0.5613271 -0.4245782], Residual: 2.375e+00
  Point 87: [ 0.36365098 -0.50048566], Residual: 2.367e+00
  Point 88: [ 0.6150668 -0.5819111], Residual: 2.354e+00
  Point 89: [ 0.13439494 -0.5025065 ], Residual: 2.348e+00
  Point 90: [ 0.73678946 -0.4983033 ], Residual: 2.317e+00
  Point 91: [ 0.19812453 -0.37647617], Residual: 2.309e+00
  Point 92: [ 0.27635038 -0.4775046 ], Residual: 2.309e+00
  Point 93: [ 0.4351961  -0.51728284], Residual: 2.294e+00
  Point 94: [ 0.15554571 -0.38049364], Residual: 2.290e+00
  Point 95: [ 0.42824453 -0.40784812], Residual: 2.267e+00
  Point 96: [ 0.9031325  -0.47381723], Residual: 2.241e+00
  Point 97: [ 0.27511418 -0.42860973], Residual: 2.234e+00
  Point 98: [ 0.533371  -0.5914203], Residual: 2.233e+00
  Point 99: [ 0.33211416 -0.3876884 ], Residual: 2.231e+00
  Point 100: [ 0.36491656 -0.49020255], Residual: 2.219e+00
Total adaptive points: 200

Iteration: 4100, loss_r = 3.6e-05 ,  loss_bc = 5.7e-07,  loss_ic = 1.4e-05,  lr = 1.0e-03, time_taken = 3.3e-01, rel_l2_error = 2.2e-02
Model state saved to ./checkpoints/burgers_exact\2026-03-09_21-51-10-239025\model.pth
Iteration: 4200, loss_r = 2.3e-05 ,  loss_bc = 7.5e-07,  loss_ic = 1.1e-05,  lr = 1.0e-03, time_taken = 3.6e-01, rel_l2_error = 1.5e-02
Model state saved to ./checkpoints/burgers_exact\2026-03-09_21-51-10-239025\model.pth
Iteration: 4300, loss_r = 2.0e-05 ,  loss_bc = 4.0e-07,  loss_ic = 1.1e-05,  lr = 1.0e-03, time_taken = 3.4e-01, rel_l2_error = 1.5e-02
Model state saved to ./checkpoints/burgers_exact\2026-03-09_21-51-10-239025\model.pth
Iteration: 4400, loss_r = 1.1e-05 ,  loss_bc = 9.7e-07,  loss_ic = 1.9e-05,  lr = 1.0e-03, time_taken = 3.5e-01, rel_l2_error = 1.8e-02
Model state saved to ./checkpoints/burgers_exact\2026-03-09_21-51-10-239025\model.pth
Iteration: 4500, loss_r = 1.7e-05 ,  loss_bc = 2.3e-06,  loss_ic = 8.4e-06,  lr = 1.0e-03, time_taken = 3.4e-01, rel_l2_error = 2.0e-02
Model state saved to ./checkpoints/burgers_exact\2026-03-09_21-51-10-239025\model.pth
Iteration: 4600, loss_r = 1.6e-05 ,  loss_bc = 5.0e-06,  loss_ic = 1.3e-05,  lr = 1.0e-03, time_taken = 3.5e-01, rel_l2_error = 1.5e-02
Model state saved to ./checkpoints/burgers_exact\2026-03-09_21-51-10-239025\model.pth
Iteration: 4700, loss_r = 1.9e-05 ,  loss_bc = 1.2e-06,  loss_ic = 7.5e-06,  lr = 1.0e-03, time_taken = 3.5e-01, rel_l2_error = 1.8e-02
Model state saved to ./checkpoints/burgers_exact\2026-03-09_21-51-10-239025\model.pth
Iteration: 4800, loss_r = 1.6e-05 ,  loss_bc = 8.5e-06,  loss_ic = 1.2e-05,  lr = 1.0e-03, time_taken = 3.4e-01, rel_l2_error = 1.1e-02
Model state saved to ./checkpoints/burgers_exact\2026-03-09_21-51-10-239025\model.pth
Iteration: 4900, loss_r = 1.5e-05 ,  loss_bc = 3.5e-06,  loss_ic = 1.0e-05,  lr = 1.0e-03, time_taken = 3.5e-01, rel_l2_error = 1.3e-02
Model state saved to ./checkpoints/burgers_exact\2026-03-09_21-51-10-239025\model.pth
Iteration: 5000, loss_r = 1.3e-05 ,  loss_bc = 1.3e-06,  loss_ic = 1.1e-05,  lr = 1.0e-03, time_taken = 3.7e-01, rel_l2_error = 1.8e-02
Model state saved to ./checkpoints/burgers_exact\2026-03-09_21-51-10-239025\model.pth
Iteration: 5100, loss_r = 1.0e-05 ,  loss_bc = 8.2e-07,  loss_ic = 7.4e-06,  lr = 1.0e-03, time_taken = 3.5e-01, rel_l2_error = 1.4e-02
Model state saved to ./checkpoints/burgers_exact\2026-03-09_21-51-10-239025\model.pth
Iteration: 5200, loss_r = 6.7e-06 ,  loss_bc = 1.9e-06,  loss_ic = 9.0e-06,  lr = 1.0e-03, time_taken = 3.4e-01, rel_l2_error = 1.2e-02
Model state saved to ./checkpoints/burgers_exact\2026-03-09_21-51-10-239025\model.pth
Iteration: 5300, loss_r = 1.1e-05 ,  loss_bc = 4.6e-06,  loss_ic = 5.9e-06,  lr = 1.0e-03, time_taken = 3.3e-01, rel_l2_error = 1.4e-02
Model state saved to ./checkpoints/burgers_exact\2026-03-09_21-51-10-239025\model.pth
Iteration: 5400, loss_r = 8.2e-06 ,  loss_bc = 4.0e-07,  loss_ic = 4.0e-06,  lr = 1.0e-03, time_taken = 3.4e-01, rel_l2_error = 1.5e-02
Model state saved to ./checkpoints/burgers_exact\2026-03-09_21-51-10-239025\model.pth
Iteration: 5500, loss_r = 1.1e-05 ,  loss_bc = 7.3e-07,  loss_ic = 3.3e-06,  lr = 1.0e-03, time_taken = 3.4e-01, rel_l2_error = 1.3e-02
Model state saved to ./checkpoints/burgers_exact\2026-03-09_21-51-10-239025\model.pth
Iteration: 5600, loss_r = 1.1e-05 ,  loss_bc = 4.8e-06,  loss_ic = 6.1e-06,  lr = 1.0e-03, time_taken = 3.4e-01, rel_l2_error = 1.5e-02
Model state saved to ./checkpoints/burgers_exact\2026-03-09_21-51-10-239025\model.pth
Iteration: 5700, loss_r = 7.9e-06 ,  loss_bc = 6.2e-07,  loss_ic = 4.6e-06,  lr = 1.0e-03, time_taken = 3.4e-01, rel_l2_error = 1.2e-02
Model state saved to ./checkpoints/burgers_exact\2026-03-09_21-51-10-239025\model.pth
Iteration: 5800, loss_r = 1.1e-05 ,  loss_bc = 9.0e-06,  loss_ic = 4.0e-06,  lr = 1.0e-03, time_taken = 3.4e-01, rel_l2_error = 1.6e-02
Model state saved to ./checkpoints/burgers_exact\2026-03-09_21-51-10-239025\model.pth
Iteration: 5900, loss_r = 7.0e-06 ,  loss_bc = 2.4e-06,  loss_ic = 4.4e-06,  lr = 1.0e-03, time_taken = 3.5e-01, rel_l2_error = 9.8e-03
Model state saved to ./checkpoints/burgers_exact\2026-03-09_21-51-10-239025\model.pth
Iteration: 6000, loss_r = 7.0e-06 ,  loss_bc = 7.4e-06,  loss_ic = 7.7e-06,  lr = 1.0e-03, time_taken = 3.4e-01, rel_l2_error = 1.8e-02
Model state saved to ./checkpoints/burgers_exact\2026-03-09_21-51-10-239025\model.pth

=== RAR Evaluation at iteration 6000 ===
Mean residual: 2.814e-01
Adding 100 new point(s) with highest residuals:
  Point 1: [ 0.03946674 -0.4622854 ], Residual: 5.609e+00
  Point 2: [ 0.05584037 -0.4707023 ], Residual: 4.848e+00
  Point 3: [ 0.18202311 -0.48239434], Residual: 4.505e+00
  Point 4: [ 0.42936534 -0.5435761 ], Residual: 4.481e+00
  Point 5: [ 0.66864437 -0.5288564 ], Residual: 4.481e+00
  Point 6: [ 0.5787124  -0.53045106], Residual: 4.412e+00
  Point 7: [ 0.19295871 -0.5143424 ], Residual: 4.384e+00
  Point 8: [ 0.9815753  -0.61131394], Residual: 4.259e+00
  Point 9: [ 0.431646  -0.5060569], Residual: 4.168e+00
  Point 10: [ 0.6899408 -0.5555084], Residual: 4.152e+00
  Point 11: [ 0.1117335 -0.4272833], Residual: 4.144e+00
  Point 12: [ 0.5627591 -0.5776285], Residual: 4.117e+00
  Point 13: [ 0.87009287 -0.52614367], Residual: 4.105e+00
  Point 14: [ 0.05262417 -0.4295498 ], Residual: 4.043e+00
  Point 15: [ 0.30753517 -0.5328225 ], Residual: 3.929e+00
  Point 16: [ 0.38670266 -0.54211915], Residual: 3.785e+00
  Point 17: [ 0.99130833 -0.6574931 ], Residual: 3.758e+00
  Point 18: [ 0.18502474 -0.42670548], Residual: 3.736e+00
  Point 19: [ 0.0701921  -0.43577898], Residual: 3.705e+00
  Point 20: [ 0.8759823 -0.6148925], Residual: 3.686e+00
  Point 21: [ 0.92060226 -0.5301068 ], Residual: 3.633e+00
  Point 22: [ 0.50790656 -0.5235894 ], Residual: 3.606e+00
  Point 23: [ 0.1831072  -0.45439053], Residual: 3.536e+00
  Point 24: [ 0.46862322 -0.54665494], Residual: 3.531e+00
  Point 25: [ 0.2489655 -0.5009314], Residual: 3.524e+00
  Point 26: [ 0.19449115 -0.45552647], Residual: 3.516e+00
  Point 27: [ 0.56417465 -0.466493  ], Residual: 3.496e+00
  Point 28: [ 0.6462793 -0.5560217], Residual: 3.496e+00
  Point 29: [ 0.88864136 -0.64072716], Residual: 3.492e+00
  Point 30: [ 0.6617811 -0.5273541], Residual: 3.475e+00
  Point 31: [ 0.93399245 -0.5959133 ], Residual: 3.465e+00
  Point 32: [ 0.19739318 -0.46475744], Residual: 3.449e+00
  Point 33: [ 0.07267225 -0.45785093], Residual: 3.419e+00
  Point 34: [ 0.82519484 -0.5303345 ], Residual: 3.401e+00
  Point 35: [ 0.44403458 -0.4487636 ], Residual: 3.391e+00
  Point 36: [ 0.44516188 -0.577726  ], Residual: 3.381e+00
  Point 37: [ 0.45856148 -0.5415484 ], Residual: 3.378e+00
  Point 38: [ 0.78557825 -0.53351367], Residual: 3.373e+00
  Point 39: [ 0.38825244 -0.51341224], Residual: 3.364e+00
  Point 40: [ 0.44241196 -0.55295885], Residual: 3.343e+00
  Point 41: [ 0.36759937 -0.45471442], Residual: 3.312e+00
  Point 42: [ 0.6001065 -0.5531435], Residual: 3.290e+00
  Point 43: [ 0.37734896 -0.44537163], Residual: 3.269e+00
  Point 44: [ 0.163032   -0.39982152], Residual: 3.258e+00
  Point 45: [ 0.15989423 -0.5260848 ], Residual: 3.223e+00
  Point 46: [ 0.29375136 -0.46809113], Residual: 3.205e+00
  Point 47: [ 0.05912298 -0.39553535], Residual: 3.199e+00
  Point 48: [ 0.06241757 -0.41027713], Residual: 3.197e+00
  Point 49: [ 0.80332994 -0.49225056], Residual: 3.195e+00
  Point 50: [ 0.6337332 -0.629696 ], Residual: 3.151e+00
  Point 51: [ 0.71722835 -0.55338514], Residual: 3.137e+00
  Point 52: [ 0.5559962 -0.5475781], Residual: 3.134e+00
  Point 53: [ 0.9359322 -0.5868182], Residual: 3.130e+00
  Point 54: [ 0.8908078  -0.65035284], Residual: 3.097e+00
  Point 55: [ 0.17763734 -0.458596  ], Residual: 3.082e+00
  Point 56: [ 0.82519484 -0.48274338], Residual: 3.080e+00
  Point 57: [ 0.69099796 -0.5469874 ], Residual: 3.034e+00
  Point 58: [ 0.8194309  -0.54843974], Residual: 3.030e+00
  Point 59: [ 0.7592501 -0.5242498], Residual: 3.025e+00
  Point 60: [ 0.48147303 -0.6107348 ], Residual: 3.022e+00
  Point 61: [ 0.18325078 -0.54691124], Residual: 3.020e+00
  Point 62: [ 0.5179284 -0.5763334], Residual: 2.984e+00
  Point 63: [ 0.65315354 -0.4675864 ], Residual: 2.969e+00
  Point 64: [ 0.3780055 -0.5259199], Residual: 2.966e+00
  Point 65: [ 0.6912817 -0.5128368], Residual: 2.963e+00
  Point 66: [ 0.3571692 -0.4434601], Residual: 2.919e+00
  Point 67: [ 0.3025688  -0.42692792], Residual: 2.910e+00
  Point 68: [ 0.74249476 -0.61293864], Residual: 2.899e+00
  Point 69: [ 0.07274371 -0.46035492], Residual: 2.857e+00
  Point 70: [ 0.13393813 -0.43121898], Residual: 2.842e+00
  Point 71: [ 0.20620626 -0.3862884 ], Residual: 2.835e+00
  Point 72: [ 0.9380719 -0.6359501], Residual: 2.827e+00
  Point 73: [ 0.78173435 -0.6316569 ], Residual: 2.825e+00
  Point 74: [ 0.36406416 -0.46676064], Residual: 2.790e+00
  Point 75: [ 0.3834374  -0.50230026], Residual: 2.785e+00
  Point 76: [ 0.81726354 -0.60972154], Residual: 2.785e+00
  Point 77: [ 0.06102014 -0.5156126 ], Residual: 2.780e+00
  Point 78: [ 0.7761834 -0.47086  ], Residual: 2.753e+00
  Point 79: [ 0.20175761 -0.49651372], Residual: 2.747e+00
  Point 80: [ 0.02758974 -0.37714338], Residual: 2.743e+00
  Point 81: [ 0.9110046  -0.61823046], Residual: 2.739e+00
  Point 82: [ 0.6795473 -0.5335976], Residual: 2.735e+00
  Point 83: [ 0.06695044 -0.47839475], Residual: 2.722e+00
  Point 84: [ 0.00879538 -0.42702723], Residual: 2.715e+00
  Point 85: [ 0.96329844 -0.55968165], Residual: 2.714e+00
  Point 86: [ 0.87535536 -0.47650158], Residual: 2.712e+00
  Point 87: [ 0.48094738 -0.43565273], Residual: 2.712e+00
  Point 88: [ 0.95833063 -0.7059665 ], Residual: 2.695e+00
  Point 89: [ 0.8463317  -0.51666665], Residual: 2.680e+00
  Point 90: [ 0.92955685 -0.57326376], Residual: 2.628e+00
  Point 91: [ 0.5533289  -0.61123836], Residual: 2.617e+00
  Point 92: [ 0.11016589 -0.490932  ], Residual: 2.614e+00
  Point 93: [ 0.85936886 -0.6527908 ], Residual: 2.603e+00
  Point 94: [ 0.09690553 -0.48955464], Residual: 2.586e+00
  Point 95: [ 0.27838224 -0.44260824], Residual: 2.585e+00
  Point 96: [ 0.09544003 -0.48763633], Residual: 2.584e+00
  Point 97: [ 0.3628829 -0.5819087], Residual: 2.577e+00
  Point 98: [ 0.522806  -0.5486791], Residual: 2.573e+00
  Point 99: [ 0.36089504 -0.5046414 ], Residual: 2.571e+00
  Point 100: [ 0.69195914 -0.5134758 ], Residual: 2.546e+00
Total adaptive points: 300

Iteration: 6100, loss_r = 7.1e-06 ,  loss_bc = 5.7e-06,  loss_ic = 6.4e-06,  lr = 1.0e-03, time_taken = 3.7e-01, rel_l2_error = 1.5e-02
Model state saved to ./checkpoints/burgers_exact\2026-03-09_21-51-10-239025\model.pth
Iteration: 6200, loss_r = 7.7e-06 ,  loss_bc = 3.8e-06,  loss_ic = 4.3e-06,  lr = 1.0e-03, time_taken = 3.3e-01, rel_l2_error = 1.4e-02
Model state saved to ./checkpoints/burgers_exact\2026-03-09_21-51-10-239025\model.pth
Iteration: 6300, loss_r = 6.1e-06 ,  loss_bc = 3.1e-06,  loss_ic = 6.1e-06,  lr = 1.0e-03, time_taken = 3.7e-01, rel_l2_error = 1.5e-02
Model state saved to ./checkpoints/burgers_exact\2026-03-09_21-51-10-239025\model.pth
Iteration: 6400, loss_r = 6.8e-06 ,  loss_bc = 2.4e-06,  loss_ic = 1.8e-06,  lr = 1.0e-03, time_taken = 3.5e-01, rel_l2_error = 8.4e-03
Model state saved to ./checkpoints/burgers_exact\2026-03-09_21-51-10-239025\model.pth
Iteration: 6500, loss_r = 1.1e-05 ,  loss_bc = 3.1e-06,  loss_ic = 1.9e-06,  lr = 1.0e-03, time_taken = 3.6e-01, rel_l2_error = 1.6e-02
Model state saved to ./checkpoints/burgers_exact\2026-03-09_21-51-10-239025\model.pth
Iteration: 6600, loss_r = 6.4e-06 ,  loss_bc = 2.2e-06,  loss_ic = 3.8e-06,  lr = 1.0e-03, time_taken = 4.3e-01, rel_l2_error = 8.5e-03
Model state saved to ./checkpoints/burgers_exact\2026-03-09_21-51-10-239025\model.pth
Iteration: 6700, loss_r = 1.3e-05 ,  loss_bc = 1.7e-06,  loss_ic = 9.6e-06,  lr = 1.0e-03, time_taken = 3.8e-01, rel_l2_error = 8.4e-03
Model state saved to ./checkpoints/burgers_exact\2026-03-09_21-51-10-239025\model.pth
Iteration: 6800, loss_r = 6.8e-06 ,  loss_bc = 1.1e-05,  loss_ic = 5.2e-06,  lr = 1.0e-03, time_taken = 4.6e-01, rel_l2_error = 1.7e-02
Model state saved to ./checkpoints/burgers_exact\2026-03-09_21-51-10-239025\model.pth
Iteration: 6900, loss_r = 3.6e-06 ,  loss_bc = 1.2e-06,  loss_ic = 2.6e-06,  lr = 1.0e-03, time_taken = 3.6e-01, rel_l2_error = 1.0e-02
Model state saved to ./checkpoints/burgers_exact\2026-03-09_21-51-10-239025\model.pth
Iteration: 7000, loss_r = 6.5e-06 ,  loss_bc = 8.3e-06,  loss_ic = 4.3e-06,  lr = 1.0e-03, time_taken = 4.2e-01, rel_l2_error = 1.3e-02
Model state saved to ./checkpoints/burgers_exact\2026-03-09_21-51-10-239025\model.pth
Iteration: 7100, loss_r = 6.1e-06 ,  loss_bc = 1.6e-07,  loss_ic = 2.7e-06,  lr = 1.0e-03, time_taken = 4.1e-01, rel_l2_error = 1.4e-02
Model state saved to ./checkpoints/burgers_exact\2026-03-09_21-51-10-239025\model.pth
Iteration: 7200, loss_r = 4.6e-06 ,  loss_bc = 7.7e-07,  loss_ic = 4.8e-06,  lr = 1.0e-03, time_taken = 4.3e-01, rel_l2_error = 8.4e-03
Model state saved to ./checkpoints/burgers_exact\2026-03-09_21-51-10-239025\model.pth
Iteration: 7300, loss_r = 5.9e-06 ,  loss_bc = 2.6e-07,  loss_ic = 3.0e-06,  lr = 1.0e-03, time_taken = 3.9e-01, rel_l2_error = 1.2e-02
Model state saved to ./checkpoints/burgers_exact\2026-03-09_21-51-10-239025\model.pth
Iteration: 7400, loss_r = 4.8e-06 ,  loss_bc = 4.5e-07,  loss_ic = 2.5e-06,  lr = 1.0e-03, time_taken = 4.2e-01, rel_l2_error = 8.4e-03
Model state saved to ./checkpoints/burgers_exact\2026-03-09_21-51-10-239025\model.pth
Iteration: 7500, loss_r = 3.2e-06 ,  loss_bc = 5.7e-07,  loss_ic = 2.8e-06,  lr = 1.0e-03, time_taken = 3.8e-01, rel_l2_error = 8.2e-03
Model state saved to ./checkpoints/burgers_exact\2026-03-09_21-51-10-239025\model.pth
Iteration: 7600, loss_r = 5.6e-06 ,  loss_bc = 1.3e-06,  loss_ic = 3.2e-06,  lr = 1.0e-03, time_taken = 4.1e-01, rel_l2_error = 8.1e-03
Model state saved to ./checkpoints/burgers_exact\2026-03-09_21-51-10-239025\model.pth
Iteration: 7700, loss_r = 6.1e-06 ,  loss_bc = 3.5e-07,  loss_ic = 3.3e-06,  lr = 1.0e-03, time_taken = 4.1e-01, rel_l2_error = 1.0e-02
Model state saved to ./checkpoints/burgers_exact\2026-03-09_21-51-10-239025\model.pth
Iteration: 7800, loss_r = 4.4e-06 ,  loss_bc = 3.5e-07,  loss_ic = 3.5e-06,  lr = 1.0e-03, time_taken = 4.4e-01, rel_l2_error = 6.7e-03
Model state saved to ./checkpoints/burgers_exact\2026-03-09_21-51-10-239025\model.pth
Iteration: 7900, loss_r = 6.0e-06 ,  loss_bc = 2.8e-06,  loss_ic = 8.2e-06,  lr = 1.0e-03, time_taken = 3.9e-01, rel_l2_error = 7.2e-03
Model state saved to ./checkpoints/burgers_exact\2026-03-09_21-51-10-239025\model.pth
Iteration: 8000, loss_r = 5.9e-06 ,  loss_bc = 1.8e-05,  loss_ic = 4.1e-06,  lr = 1.0e-03, time_taken = 4.0e-01, rel_l2_error = 1.5e-02
Model state saved to ./checkpoints/burgers_exact\2026-03-09_21-51-10-239025\model.pth

=== RAR Evaluation at iteration 8000 ===
Mean residual: 2.789e-01
Adding 100 new point(s) with highest residuals:
  Point 1: [ 0.5194698  -0.53310573], Residual: 5.017e+00
  Point 2: [ 0.964877  -0.6550636], Residual: 4.821e+00
  Point 3: [ 0.34228998 -0.4882921 ], Residual: 4.564e+00
  Point 4: [ 0.8415759 -0.5653428], Residual: 4.458e+00
  Point 5: [ 0.78508794 -0.5871043 ], Residual: 4.447e+00
  Point 6: [ 0.6310501 -0.5054914], Residual: 4.440e+00
  Point 7: [ 0.45256817 -0.5162679 ], Residual: 4.305e+00
  Point 8: [ 0.6121834  -0.57585347], Residual: 4.278e+00
  Point 9: [ 0.88730854 -0.5952729 ], Residual: 4.060e+00
  Point 10: [ 0.8488036  -0.58544374], Residual: 3.935e+00
  Point 11: [ 0.99257773 -0.5935732 ], Residual: 3.742e+00
  Point 12: [ 0.45013827 -0.53900886], Residual: 3.733e+00
  Point 13: [ 0.8282829  -0.53234756], Residual: 3.720e+00
  Point 14: [ 0.8926547 -0.6378205], Residual: 3.709e+00
  Point 15: [ 0.34177005 -0.54268134], Residual: 3.642e+00
  Point 16: [ 0.33633554 -0.44399893], Residual: 3.576e+00
  Point 17: [ 0.80053884 -0.614799  ], Residual: 3.547e+00
  Point 18: [ 0.6771465  -0.53123283], Residual: 3.487e+00
  Point 19: [ 0.35086703 -0.47944498], Residual: 3.481e+00
  Point 20: [ 0.5967288  -0.48223937], Residual: 3.466e+00
  Point 21: [ 0.4791463 -0.4678266], Residual: 3.411e+00
  Point 22: [ 0.99702376 -0.6090056 ], Residual: 3.387e+00
  Point 23: [ 0.70443225 -0.5156857 ], Residual: 3.382e+00
  Point 24: [ 0.6620662  -0.47672606], Residual: 3.347e+00
  Point 25: [ 0.8533491  -0.61864805], Residual: 3.326e+00
  Point 26: [ 0.04053253 -0.4048158 ], Residual: 3.288e+00
  Point 27: [ 0.8252545 -0.6241622], Residual: 3.274e+00
  Point 28: [ 0.52945524 -0.52819514], Residual: 3.240e+00
  Point 29: [ 0.753823  -0.5291331], Residual: 3.188e+00
  Point 30: [ 0.35762882 -0.47014034], Residual: 3.169e+00
  Point 31: [ 0.47907072 -0.52320373], Residual: 3.165e+00
  Point 32: [ 0.29541403 -0.53061056], Residual: 3.142e+00
  Point 33: [ 0.04424864 -0.3803959 ], Residual: 3.133e+00
  Point 34: [ 0.9708826 -0.5667089], Residual: 3.128e+00
  Point 35: [ 0.7366024 -0.51511  ], Residual: 3.105e+00
  Point 36: [ 0.23118854 -0.4581504 ], Residual: 3.104e+00
  Point 37: [ 0.6557833 -0.5062182], Residual: 3.099e+00
  Point 38: [ 0.4189151  -0.57391536], Residual: 3.096e+00
  Point 39: [ 0.8963991 -0.5861763], Residual: 3.069e+00
  Point 40: [ 0.5752804 -0.5748489], Residual: 3.063e+00
  Point 41: [ 0.5687835 -0.5381855], Residual: 3.060e+00
  Point 42: [ 0.3789922  -0.55906534], Residual: 3.033e+00
  Point 43: [ 0.25616688 -0.4193151 ], Residual: 3.014e+00
  Point 44: [ 0.81914073 -0.5354687 ], Residual: 2.992e+00
  Point 45: [ 0.9929342 -0.6583371], Residual: 2.987e+00
  Point 46: [ 0.714791   -0.49299574], Residual: 2.979e+00
  Point 47: [ 0.45641297 -0.5403379 ], Residual: 2.977e+00
  Point 48: [ 0.201038   -0.44570494], Residual: 2.893e+00
  Point 49: [ 0.19334829 -0.5087913 ], Residual: 2.891e+00
  Point 50: [ 0.9435068  -0.57511556], Residual: 2.872e+00
  Point 51: [ 0.24391216 -0.44542944], Residual: 2.848e+00
  Point 52: [ 0.57215756 -0.4600618 ], Residual: 2.845e+00
  Point 53: [ 0.77554697 -0.5437734 ], Residual: 2.838e+00
  Point 54: [ 0.7067938  -0.51636016], Residual: 2.807e+00
  Point 55: [ 0.2591346 -0.4124652], Residual: 2.801e+00
  Point 56: [ 0.74426717 -0.45710075], Residual: 2.799e+00
  Point 57: [ 0.91068584 -0.545722  ], Residual: 2.790e+00
  Point 58: [ 0.58364236 -0.4785825 ], Residual: 2.772e+00
  Point 59: [ 0.4839263 -0.6001395], Residual: 2.771e+00
  Point 60: [ 0.7374831  -0.53389657], Residual: 2.738e+00
  Point 61: [ 0.9152222 -0.612319 ], Residual: 2.731e+00
  Point 62: [ 0.29030937 -0.4642583 ], Residual: 2.723e+00
  Point 63: [ 0.14130503 -0.40656042], Residual: 2.714e+00
  Point 64: [ 0.80036384 -0.6974838 ], Residual: 2.699e+00
  Point 65: [ 0.4307859  -0.50280416], Residual: 2.698e+00
  Point 66: [ 0.9468443 -0.6457597], Residual: 2.696e+00
  Point 67: [ 0.21648186 -0.49771   ], Residual: 2.690e+00
  Point 68: [ 0.5061913 -0.5696471], Residual: 2.686e+00
  Point 69: [ 0.54320085 -0.53096855], Residual: 2.682e+00
  Point 70: [ 0.11438805 -0.46424663], Residual: 2.664e+00
  Point 71: [ 0.29825467 -0.43472695], Residual: 2.617e+00
  Point 72: [ 0.7290803  -0.48849797], Residual: 2.616e+00
  Point 73: [ 0.37796718 -0.57135606], Residual: 2.565e+00
  Point 74: [ 0.97949547 -0.6288605 ], Residual: 2.553e+00
  Point 75: [ 0.8898846 -0.5358584], Residual: 2.549e+00
  Point 76: [ 0.07001442 -0.47804356], Residual: 2.539e+00
  Point 77: [ 0.7933453 -0.550334 ], Residual: 2.530e+00
  Point 78: [ 0.15857434 -0.47746038], Residual: 2.510e+00
  Point 79: [ 0.89336586 -0.6922829 ], Residual: 2.509e+00
  Point 80: [ 0.9003478 -0.6447394], Residual: 2.494e+00
  Point 81: [ 0.25231582 -0.437127  ], Residual: 2.493e+00
  Point 82: [0.01287729 0.5686753 ], Residual: 2.483e+00
  Point 83: [ 0.5809513 -0.4971372], Residual: 2.475e+00
  Point 84: [ 0.34634626 -0.4424901 ], Residual: 2.420e+00
  Point 85: [ 0.40679955 -0.52210474], Residual: 2.412e+00
  Point 86: [ 0.65157497 -0.4870124 ], Residual: 2.410e+00
  Point 87: [ 0.9722626  -0.67249846], Residual: 2.407e+00
  Point 88: [ 0.00245929 -0.47413218], Residual: 2.397e+00
  Point 89: [ 0.4825477 -0.5711534], Residual: 2.378e+00
  Point 90: [ 0.30966008 -0.6113682 ], Residual: 2.373e+00
  Point 91: [ 0.26257396 -0.40710568], Residual: 2.372e+00
  Point 92: [ 0.45992023 -0.5841235 ], Residual: 2.371e+00
  Point 93: [ 0.78373754 -0.6486372 ], Residual: 2.356e+00
  Point 94: [ 0.9705688  -0.69749105], Residual: 2.353e+00
  Point 95: [ 0.87582815 -0.6012019 ], Residual: 2.351e+00
  Point 96: [ 0.2385953  -0.51098263], Residual: 2.340e+00
  Point 97: [ 0.55733734 -0.4674964 ], Residual: 2.336e+00
  Point 98: [ 0.5147916 -0.6051799], Residual: 2.312e+00
  Point 99: [ 0.9525243 -0.6679646], Residual: 2.297e+00
  Point 100: [ 0.28358382 -0.5979066 ], Residual: 2.294e+00
Total adaptive points: 400

Iteration: 8100, loss_r = 5.4e-06 ,  loss_bc = 9.7e-07,  loss_ic = 2.9e-06,  lr = 1.0e-03, time_taken = 3.9e-01, rel_l2_error = 7.5e-03
Model state saved to ./checkpoints/burgers_exact\2026-03-09_21-51-10-239025\model.pth
Iteration: 8200, loss_r = 7.9e-06 ,  loss_bc = 1.3e-05,  loss_ic = 4.4e-06,  lr = 1.0e-03, time_taken = 3.8e-01, rel_l2_error = 7.0e-03
Model state saved to ./checkpoints/burgers_exact\2026-03-09_21-51-10-239025\model.pth
Iteration: 8300, loss_r = 3.7e-06 ,  loss_bc = 8.3e-06,  loss_ic = 3.6e-06,  lr = 1.0e-03, time_taken = 4.1e-01, rel_l2_error = 1.1e-02
Model state saved to ./checkpoints/burgers_exact\2026-03-09_21-51-10-239025\model.pth
Iteration: 8400, loss_r = 4.1e-06 ,  loss_bc = 4.3e-06,  loss_ic = 2.4e-06,  lr = 1.0e-03, time_taken = 3.9e-01, rel_l2_error = 1.0e-02
Model state saved to ./checkpoints/burgers_exact\2026-03-09_21-51-10-239025\model.pth
Iteration: 8500, loss_r = 4.7e-06 ,  loss_bc = 2.1e-06,  loss_ic = 2.1e-06,  lr = 1.0e-03, time_taken = 3.9e-01, rel_l2_error = 1.4e-02
Model state saved to ./checkpoints/burgers_exact\2026-03-09_21-51-10-239025\model.pth
Iteration: 8600, loss_r = 2.6e-06 ,  loss_bc = 2.6e-07,  loss_ic = 1.3e-06,  lr = 1.0e-03, time_taken = 3.6e-01, rel_l2_error = 6.2e-03
Model state saved to ./checkpoints/burgers_exact\2026-03-09_21-51-10-239025\model.pth
Iteration: 8700, loss_r = 3.4e-06 ,  loss_bc = 2.0e-07,  loss_ic = 1.8e-06,  lr = 1.0e-03, time_taken = 3.8e-01, rel_l2_error = 6.9e-03
Model state saved to ./checkpoints/burgers_exact\2026-03-09_21-51-10-239025\model.pth
Iteration: 8800, loss_r = 3.8e-06 ,  loss_bc = 3.9e-06,  loss_ic = 3.2e-06,  lr = 1.0e-03, time_taken = 3.6e-01, rel_l2_error = 6.6e-03
Model state saved to ./checkpoints/burgers_exact\2026-03-09_21-51-10-239025\model.pth
Iteration: 8900, loss_r = 8.9e-06 ,  loss_bc = 5.9e-07,  loss_ic = 5.1e-06,  lr = 1.0e-03, time_taken = 4.0e-01, rel_l2_error = 5.6e-03
Model state saved to ./checkpoints/burgers_exact\2026-03-09_21-51-10-239025\model.pth
Iteration: 9000, loss_r = 3.9e-06 ,  loss_bc = 5.9e-07,  loss_ic = 5.2e-06,  lr = 1.0e-03, time_taken = 3.9e-01, rel_l2_error = 1.0e-02
Model state saved to ./checkpoints/burgers_exact\2026-03-09_21-51-10-239025\model.pth
Iteration: 9100, loss_r = 3.8e-06 ,  loss_bc = 1.2e-05,  loss_ic = 4.4e-06,  lr = 1.0e-03, time_taken = 3.9e-01, rel_l2_error = 9.7e-03
Model state saved to ./checkpoints/burgers_exact\2026-03-09_21-51-10-239025\model.pth
Iteration: 9200, loss_r = 3.3e-06 ,  loss_bc = 7.3e-07,  loss_ic = 1.8e-06,  lr = 1.0e-03, time_taken = 3.9e-01, rel_l2_error = 8.7e-03
Model state saved to ./checkpoints/burgers_exact\2026-03-09_21-51-10-239025\model.pth
Iteration: 9300, loss_r = 3.0e-06 ,  loss_bc = 1.3e-06,  loss_ic = 2.9e-06,  lr = 1.0e-03, time_taken = 4.0e-01, rel_l2_error = 7.2e-03
Model state saved to ./checkpoints/burgers_exact\2026-03-09_21-51-10-239025\model.pth
Iteration: 9400, loss_r = 3.4e-06 ,  loss_bc = 1.2e-06,  loss_ic = 1.7e-06,  lr = 1.0e-03, time_taken = 4.1e-01, rel_l2_error = 1.1e-02
Model state saved to ./checkpoints/burgers_exact\2026-03-09_21-51-10-239025\model.pth
Iteration: 9500, loss_r = 9.4e-06 ,  loss_bc = 5.9e-06,  loss_ic = 3.0e-06,  lr = 1.0e-03, time_taken = 4.1e-01, rel_l2_error = 1.3e-02
Model state saved to ./checkpoints/burgers_exact\2026-03-09_21-51-10-239025\model.pth
Iteration: 9600, loss_r = 4.7e-06 ,  loss_bc = 6.5e-06,  loss_ic = 4.3e-06,  lr = 1.0e-03, time_taken = 4.2e-01, rel_l2_error = 2.1e-02
Model state saved to ./checkpoints/burgers_exact\2026-03-09_21-51-10-239025\model.pth
Iteration: 9700, loss_r = 7.7e-06 ,  loss_bc = 5.5e-07,  loss_ic = 5.7e-06,  lr = 1.0e-03, time_taken = 4.0e-01, rel_l2_error = 7.7e-03
Model state saved to ./checkpoints/burgers_exact\2026-03-09_21-51-10-239025\model.pth
Iteration: 9800, loss_r = 2.5e-06 ,  loss_bc = 8.0e-07,  loss_ic = 2.0e-06,  lr = 1.0e-03, time_taken = 3.9e-01, rel_l2_error = 6.7e-03
Model state saved to ./checkpoints/burgers_exact\2026-03-09_21-51-10-239025\model.pth
Iteration: 9900, loss_r = 2.9e-06 ,  loss_bc = 1.9e-07,  loss_ic = 8.7e-07,  lr = 1.0e-03, time_taken = 4.3e-01, rel_l2_error = 8.5e-03
Model state saved to ./checkpoints/burgers_exact\2026-03-09_21-51-10-239025\model.pth

=== Switching to LBFGS optimizer at iteration 10000 ===
Using scipy L-BFGS-B optimizer (bburgers_hybrid_trainer.py approach)
Optimizer: L-BFGS-B (maxiter=10000, factr=1000.0, m=100, maxls=50, pgtol=1e-14)
L-BFGS Iteration: 0, Loss: 1.432914e-05
L-BFGS Iteration: 1, Loss: 1.026070e-05, Relative L2 Error: 1.286422e-02
L-BFGS: Time for 100 iterations = 351.8052 s
L-BFGS Iteration: 100, Loss: 2.053470e-06, Relative L2 Error: 2.511577e-03
L-BFGS Iteration: 200, Loss: 1.262954e-06, Relative L2 Error: 2.275353e-03
L-BFGS Iteration: 300, Loss: 8.469506e-07, Relative L2 Error: 1.996425e-03
L-BFGS Iteration: 400, Loss: 5.233999e-07, Relative L2 Error: 1.355275e-03
L-BFGS Iteration: 500, Loss: 3.476936e-07, Relative L2 Error: 1.030254e-03
L-BFGS Iteration: 600, Loss: 2.783338e-07, Relative L2 Error: 8.518702e-04
L-BFGS Iteration: 700, Loss: 2.175615e-07, Relative L2 Error: 8.124857e-04
L-BFGS Iteration: 800, Loss: 1.497268e-07, Relative L2 Error: 7.103783e-04
L-BFGS Iteration: 900, Loss: 1.248443e-07, Relative L2 Error: 7.121051e-04
L-BFGS Iteration: 1000, Loss: 1.022984e-07, Relative L2 Error: 6.857013e-04
L-BFGS optimization finished after 1035 iterations.
L-BFGS training completed after 1035 iterations
Model state saved to ./checkpoints/burgers_exact\2026-03-09_21-51-10-239025\model.pth
Training completed successfully!
Evaluating on 40000 points using chunk size 500
RelL2_U%  : 6.602e-02 
Saved solution comparison heatmaps to: ./checkpoints/burgers_exact\2026-03-09_21-51-10-239025\solution_comparison_burgers_exact.png
