Random seed set to: 1
Solving 3D heat equation u_t = alpha (u_{xx}+u_{yy}+u_{zz}) on [0,1]^3 with homogeneous Dirichlet BC
checkpoint path: self.log_path='./checkpoints/heat3d_exact\\2026-03-05_17-05-21-499429'
Using Classical Solver2
The settings used:
batch_size : 64
epochs : 20000
lr : 0.001
seed : 1
print_every : 100
log_path : ./checkpoints/heat3d_exact
input_dim : 4
output_dim : 1
num_qubits : 5
hidden_dim : 20
num_quantum_layers : 1
classic_network : [4, 20, 1]
q_ansatz : cross_mesh
mode : hybrid
activation : tanh
shots : None
problem : heat3d_exact
solver : Classical2
device : cpu
method : None
cutoff_dim : 20
class : CVNeuralNetwork1
encoding : angle
use_rar : True
rar_eval_freq : 2000
rar_threshold : 0.0005
rar_num_candidates : 10000
rar_num_add : 100
use_hybrid_optimizer : True
adam_iterations : 10000
use_scipy_lbfgs : True
lbfgs_lr : 1
lbfgs_line_search : strong_wolfe
lbfgs_tolerance_grad : 1e-05
lbfgs_tolerance_change : 1e-07
lbfgs_maxiter : 10000
lbfgs_factr : 1000.0
lbfgs_pgtol : 1e-14
lbfgs_maxls : 50
lbfgs_m : 100
lbfgs_eval_every : 100
domainN : 500
boundaryN : 50
initialN : 50
eval_total_points : 10000
nx : 200
nt : 200
y0 : 0.5
z0 : 0.5
alpha : 0.1
Total number of parameters: 2221
Iteration: 0, loss_r = 3.6e-03 ,  loss_bc = 6.5e-01,  loss_ic = 1.1e-01,  lr = 1.0e-03, time_taken = 6.3e-02, rel_l2_error = 1.7e+00
Model state saved to ./checkpoints/heat3d_exact\2026-03-05_17-05-21-499429\model.pth
Iteration: 100, loss_r = 6.1e-03 ,  loss_bc = 1.3e-02,  loss_ic = 3.2e-02,  lr = 1.0e-03, time_taken = 3.8e-02, rel_l2_error = 7.7e-01
Model state saved to ./checkpoints/heat3d_exact\2026-03-05_17-05-21-499429\model.pth
Iteration: 200, loss_r = 4.6e-03 ,  loss_bc = 1.3e-02,  loss_ic = 4.3e-02,  lr = 1.0e-03, time_taken = 4.5e-02, rel_l2_error = 7.1e-01
Model state saved to ./checkpoints/heat3d_exact\2026-03-05_17-05-21-499429\model.pth
Iteration: 300, loss_r = 3.4e-03 ,  loss_bc = 1.0e-02,  loss_ic = 3.5e-02,  lr = 1.0e-03, time_taken = 4.3e-02, rel_l2_error = 7.0e-01
Model state saved to ./checkpoints/heat3d_exact\2026-03-05_17-05-21-499429\model.pth
Iteration: 400, loss_r = 2.8e-03 ,  loss_bc = 9.9e-03,  loss_ic = 2.7e-02,  lr = 1.0e-03, time_taken = 3.9e-02, rel_l2_error = 6.2e-01
Model state saved to ./checkpoints/heat3d_exact\2026-03-05_17-05-21-499429\model.pth
Iteration: 500, loss_r = 3.2e-03 ,  loss_bc = 7.8e-03,  loss_ic = 1.7e-02,  lr = 1.0e-03, time_taken = 4.1e-02, rel_l2_error = 5.0e-01
Model state saved to ./checkpoints/heat3d_exact\2026-03-05_17-05-21-499429\model.pth
Iteration: 600, loss_r = 3.1e-03 ,  loss_bc = 7.8e-03,  loss_ic = 1.6e-02,  lr = 1.0e-03, time_taken = 4.0e-02, rel_l2_error = 4.3e-01
Model state saved to ./checkpoints/heat3d_exact\2026-03-05_17-05-21-499429\model.pth
Iteration: 700, loss_r = 4.4e-03 ,  loss_bc = 5.9e-03,  loss_ic = 1.8e-02,  lr = 1.0e-03, time_taken = 3.5e-02, rel_l2_error = 3.7e-01
Model state saved to ./checkpoints/heat3d_exact\2026-03-05_17-05-21-499429\model.pth
Iteration: 800, loss_r = 4.1e-03 ,  loss_bc = 6.5e-03,  loss_ic = 8.5e-03,  lr = 1.0e-03, time_taken = 3.7e-02, rel_l2_error = 3.7e-01
Model state saved to ./checkpoints/heat3d_exact\2026-03-05_17-05-21-499429\model.pth
Iteration: 900, loss_r = 5.7e-03 ,  loss_bc = 6.7e-03,  loss_ic = 1.3e-02,  lr = 1.0e-03, time_taken = 4.0e-02, rel_l2_error = 3.1e-01
Model state saved to ./checkpoints/heat3d_exact\2026-03-05_17-05-21-499429\model.pth
Iteration: 1000, loss_r = 3.1e-03 ,  loss_bc = 4.6e-03,  loss_ic = 5.0e-03,  lr = 1.0e-03, time_taken = 4.2e-02, rel_l2_error = 3.2e-01
Model state saved to ./checkpoints/heat3d_exact\2026-03-05_17-05-21-499429\model.pth
Iteration: 1100, loss_r = 2.9e-03 ,  loss_bc = 4.0e-03,  loss_ic = 6.5e-03,  lr = 1.0e-03, time_taken = 3.7e-02, rel_l2_error = 2.8e-01
Model state saved to ./checkpoints/heat3d_exact\2026-03-05_17-05-21-499429\model.pth
Iteration: 1200, loss_r = 3.3e-03 ,  loss_bc = 4.5e-03,  loss_ic = 3.4e-03,  lr = 1.0e-03, time_taken = 3.8e-02, rel_l2_error = 2.9e-01
Model state saved to ./checkpoints/heat3d_exact\2026-03-05_17-05-21-499429\model.pth
Iteration: 1300, loss_r = 4.5e-03 ,  loss_bc = 4.0e-03,  loss_ic = 1.8e-03,  lr = 1.0e-03, time_taken = 3.6e-02, rel_l2_error = 2.7e-01
Model state saved to ./checkpoints/heat3d_exact\2026-03-05_17-05-21-499429\model.pth
Iteration: 1400, loss_r = 3.4e-03 ,  loss_bc = 3.8e-03,  loss_ic = 1.7e-03,  lr = 1.0e-03, time_taken = 4.1e-02, rel_l2_error = 2.6e-01
Model state saved to ./checkpoints/heat3d_exact\2026-03-05_17-05-21-499429\model.pth
Iteration: 1500, loss_r = 3.9e-03 ,  loss_bc = 4.2e-03,  loss_ic = 1.9e-03,  lr = 1.0e-03, time_taken = 3.3e-02, rel_l2_error = 2.2e-01
Model state saved to ./checkpoints/heat3d_exact\2026-03-05_17-05-21-499429\model.pth
Iteration: 1600, loss_r = 2.6e-03 ,  loss_bc = 2.5e-03,  loss_ic = 3.1e-03,  lr = 1.0e-03, time_taken = 4.3e-02, rel_l2_error = 2.2e-01
Model state saved to ./checkpoints/heat3d_exact\2026-03-05_17-05-21-499429\model.pth
Iteration: 1700, loss_r = 1.5e-03 ,  loss_bc = 2.2e-03,  loss_ic = 1.8e-03,  lr = 1.0e-03, time_taken = 3.7e-02, rel_l2_error = 2.2e-01
Model state saved to ./checkpoints/heat3d_exact\2026-03-05_17-05-21-499429\model.pth
Iteration: 1800, loss_r = 1.6e-03 ,  loss_bc = 2.6e-03,  loss_ic = 1.9e-03,  lr = 1.0e-03, time_taken = 4.2e-02, rel_l2_error = 2.2e-01
Model state saved to ./checkpoints/heat3d_exact\2026-03-05_17-05-21-499429\model.pth
Iteration: 1900, loss_r = 2.6e-03 ,  loss_bc = 2.2e-03,  loss_ic = 1.4e-03,  lr = 1.0e-03, time_taken = 3.3e-02, rel_l2_error = 2.2e-01
Model state saved to ./checkpoints/heat3d_exact\2026-03-05_17-05-21-499429\model.pth
Iteration: 2000, loss_r = 1.5e-03 ,  loss_bc = 2.6e-03,  loss_ic = 9.9e-04,  lr = 1.0e-03, time_taken = 3.9e-02, rel_l2_error = 1.8e-01
Model state saved to ./checkpoints/heat3d_exact\2026-03-05_17-05-21-499429\model.pth

=== RAR Evaluation at iteration 2000 ===
Mean residual: 3.948e-02
Added 100 point(s). Total adaptive points: 100

Iteration: 2100, loss_r = 5.0e-03 ,  loss_bc = 4.8e-03,  loss_ic = 3.4e-03,  lr = 1.0e-03, time_taken = 4.6e-02, rel_l2_error = 2.6e-01
Model state saved to ./checkpoints/heat3d_exact\2026-03-05_17-05-21-499429\model.pth
Iteration: 2200, loss_r = 5.3e-03 ,  loss_bc = 3.6e-03,  loss_ic = 5.1e-03,  lr = 1.0e-03, time_taken = 3.8e-02, rel_l2_error = 2.3e-01
Model state saved to ./checkpoints/heat3d_exact\2026-03-05_17-05-21-499429\model.pth
Iteration: 2300, loss_r = 2.8e-03 ,  loss_bc = 3.3e-03,  loss_ic = 1.6e-03,  lr = 1.0e-03, time_taken = 4.3e-02, rel_l2_error = 2.0e-01
Model state saved to ./checkpoints/heat3d_exact\2026-03-05_17-05-21-499429\model.pth
Iteration: 2400, loss_r = 4.2e-03 ,  loss_bc = 2.9e-03,  loss_ic = 1.7e-03,  lr = 1.0e-03, time_taken = 3.6e-02, rel_l2_error = 2.0e-01
Model state saved to ./checkpoints/heat3d_exact\2026-03-05_17-05-21-499429\model.pth
Iteration: 2500, loss_r = 3.0e-03 ,  loss_bc = 3.7e-03,  loss_ic = 1.1e-03,  lr = 1.0e-03, time_taken = 3.4e-02, rel_l2_error = 1.9e-01
Model state saved to ./checkpoints/heat3d_exact\2026-03-05_17-05-21-499429\model.pth
Iteration: 2600, loss_r = 2.5e-03 ,  loss_bc = 3.2e-03,  loss_ic = 1.3e-03,  lr = 1.0e-03, time_taken = 5.0e-02, rel_l2_error = 1.9e-01
Model state saved to ./checkpoints/heat3d_exact\2026-03-05_17-05-21-499429\model.pth
Iteration: 2700, loss_r = 8.6e-04 ,  loss_bc = 2.6e-03,  loss_ic = 1.8e-03,  lr = 1.0e-03, time_taken = 3.7e-02, rel_l2_error = 1.9e-01
Model state saved to ./checkpoints/heat3d_exact\2026-03-05_17-05-21-499429\model.pth
Iteration: 2800, loss_r = 1.7e-03 ,  loss_bc = 3.4e-03,  loss_ic = 9.7e-04,  lr = 1.0e-03, time_taken = 4.2e-02, rel_l2_error = 1.7e-01
Model state saved to ./checkpoints/heat3d_exact\2026-03-05_17-05-21-499429\model.pth
Iteration: 2900, loss_r = 2.1e-03 ,  loss_bc = 2.8e-03,  loss_ic = 7.8e-04,  lr = 9.0e-04, time_taken = 4.2e-02, rel_l2_error = 1.7e-01
Model state saved to ./checkpoints/heat3d_exact\2026-03-05_17-05-21-499429\model.pth
Iteration: 3000, loss_r = 2.9e-03 ,  loss_bc = 3.3e-03,  loss_ic = 8.0e-04,  lr = 9.0e-04, time_taken = 4.8e-02, rel_l2_error = 1.6e-01
Model state saved to ./checkpoints/heat3d_exact\2026-03-05_17-05-21-499429\model.pth
Iteration: 3100, loss_r = 9.6e-04 ,  loss_bc = 1.8e-03,  loss_ic = 1.3e-03,  lr = 9.0e-04, time_taken = 5.4e-02, rel_l2_error = 1.9e-01
Model state saved to ./checkpoints/heat3d_exact\2026-03-05_17-05-21-499429\model.pth
Iteration: 3200, loss_r = 2.4e-03 ,  loss_bc = 1.8e-03,  loss_ic = 1.0e-03,  lr = 9.0e-04, time_taken = 4.9e-02, rel_l2_error = 1.6e-01
Model state saved to ./checkpoints/heat3d_exact\2026-03-05_17-05-21-499429\model.pth
Iteration: 3300, loss_r = 2.3e-03 ,  loss_bc = 2.0e-03,  loss_ic = 7.5e-04,  lr = 9.0e-04, time_taken = 5.4e-02, rel_l2_error = 1.6e-01
Model state saved to ./checkpoints/heat3d_exact\2026-03-05_17-05-21-499429\model.pth
Iteration: 3400, loss_r = 1.4e-03 ,  loss_bc = 2.1e-03,  loss_ic = 6.4e-04,  lr = 9.0e-04, time_taken = 3.7e-02, rel_l2_error = 1.6e-01
Model state saved to ./checkpoints/heat3d_exact\2026-03-05_17-05-21-499429\model.pth
Iteration: 3500, loss_r = 2.8e-03 ,  loss_bc = 1.4e-03,  loss_ic = 6.5e-04,  lr = 9.0e-04, time_taken = 5.1e-02, rel_l2_error = 1.5e-01
Model state saved to ./checkpoints/heat3d_exact\2026-03-05_17-05-21-499429\model.pth
Iteration: 3600, loss_r = 1.4e-03 ,  loss_bc = 1.1e-03,  loss_ic = 6.9e-04,  lr = 9.0e-04, time_taken = 4.8e-02, rel_l2_error = 1.5e-01
Model state saved to ./checkpoints/heat3d_exact\2026-03-05_17-05-21-499429\model.pth
Iteration: 3700, loss_r = 2.0e-03 ,  loss_bc = 1.1e-03,  loss_ic = 5.5e-04,  lr = 9.0e-04, time_taken = 4.4e-02, rel_l2_error = 1.4e-01
Model state saved to ./checkpoints/heat3d_exact\2026-03-05_17-05-21-499429\model.pth
Iteration: 3800, loss_r = 7.7e-04 ,  loss_bc = 1.8e-03,  loss_ic = 7.2e-04,  lr = 9.0e-04, time_taken = 4.3e-02, rel_l2_error = 1.5e-01
Model state saved to ./checkpoints/heat3d_exact\2026-03-05_17-05-21-499429\model.pth
Iteration: 3900, loss_r = 7.1e-04 ,  loss_bc = 1.5e-03,  loss_ic = 5.7e-04,  lr = 9.0e-04, time_taken = 4.9e-02, rel_l2_error = 1.5e-01
Model state saved to ./checkpoints/heat3d_exact\2026-03-05_17-05-21-499429\model.pth
Iteration: 4000, loss_r = 1.5e-03 ,  loss_bc = 1.3e-03,  loss_ic = 4.7e-04,  lr = 9.0e-04, time_taken = 4.7e-02, rel_l2_error = 1.4e-01
Model state saved to ./checkpoints/heat3d_exact\2026-03-05_17-05-21-499429\model.pth

=== RAR Evaluation at iteration 4000 ===
Mean residual: 2.015e-02
Added 100 point(s). Total adaptive points: 200

Iteration: 4100, loss_r = 2.0e-03 ,  loss_bc = 1.8e-03,  loss_ic = 8.5e-04,  lr = 9.0e-04, time_taken = 4.9e-02, rel_l2_error = 1.5e-01
Model state saved to ./checkpoints/heat3d_exact\2026-03-05_17-05-21-499429\model.pth
Iteration: 4200, loss_r = 1.9e-03 ,  loss_bc = 1.8e-03,  loss_ic = 7.4e-04,  lr = 9.0e-04, time_taken = 4.4e-02, rel_l2_error = 1.7e-01
Model state saved to ./checkpoints/heat3d_exact\2026-03-05_17-05-21-499429\model.pth
Iteration: 4300, loss_r = 1.9e-03 ,  loss_bc = 1.7e-03,  loss_ic = 1.1e-03,  lr = 9.0e-04, time_taken = 4.7e-02, rel_l2_error = 1.5e-01
Model state saved to ./checkpoints/heat3d_exact\2026-03-05_17-05-21-499429\model.pth
Iteration: 4400, loss_r = 9.1e-04 ,  loss_bc = 1.4e-03,  loss_ic = 5.7e-04,  lr = 9.0e-04, time_taken = 3.6e-02, rel_l2_error = 1.5e-01
Model state saved to ./checkpoints/heat3d_exact\2026-03-05_17-05-21-499429\model.pth
Iteration: 4500, loss_r = 1.1e-03 ,  loss_bc = 1.9e-03,  loss_ic = 4.3e-04,  lr = 9.0e-04, time_taken = 4.3e-02, rel_l2_error = 1.4e-01
Model state saved to ./checkpoints/heat3d_exact\2026-03-05_17-05-21-499429\model.pth
Iteration: 4600, loss_r = 5.9e-04 ,  loss_bc = 1.1e-03,  loss_ic = 6.0e-04,  lr = 9.0e-04, time_taken = 4.5e-02, rel_l2_error = 1.4e-01
Model state saved to ./checkpoints/heat3d_exact\2026-03-05_17-05-21-499429\model.pth
Iteration: 4700, loss_r = 1.1e-03 ,  loss_bc = 2.0e-03,  loss_ic = 3.5e-04,  lr = 9.0e-04, time_taken = 4.4e-02, rel_l2_error = 1.3e-01
Model state saved to ./checkpoints/heat3d_exact\2026-03-05_17-05-21-499429\model.pth
Iteration: 4800, loss_r = 1.1e-03 ,  loss_bc = 1.3e-03,  loss_ic = 5.4e-04,  lr = 9.0e-04, time_taken = 4.2e-02, rel_l2_error = 1.4e-01
Model state saved to ./checkpoints/heat3d_exact\2026-03-05_17-05-21-499429\model.pth
Iteration: 4900, loss_r = 7.4e-04 ,  loss_bc = 1.4e-03,  loss_ic = 2.9e-04,  lr = 8.1e-04, time_taken = 4.5e-02, rel_l2_error = 1.3e-01
Model state saved to ./checkpoints/heat3d_exact\2026-03-05_17-05-21-499429\model.pth
Iteration: 5000, loss_r = 8.9e-04 ,  loss_bc = 1.3e-03,  loss_ic = 5.0e-04,  lr = 8.1e-04, time_taken = 3.5e-02, rel_l2_error = 1.3e-01
Model state saved to ./checkpoints/heat3d_exact\2026-03-05_17-05-21-499429\model.pth
Iteration: 5100, loss_r = 1.3e-03 ,  loss_bc = 1.4e-03,  loss_ic = 3.9e-04,  lr = 8.1e-04, time_taken = 5.5e-02, rel_l2_error = 1.5e-01
Model state saved to ./checkpoints/heat3d_exact\2026-03-05_17-05-21-499429\model.pth
Iteration: 5200, loss_r = 7.7e-04 ,  loss_bc = 9.1e-04,  loss_ic = 4.3e-04,  lr = 8.1e-04, time_taken = 3.4e-02, rel_l2_error = 1.3e-01
Model state saved to ./checkpoints/heat3d_exact\2026-03-05_17-05-21-499429\model.pth
Iteration: 5300, loss_r = 6.8e-04 ,  loss_bc = 1.0e-03,  loss_ic = 2.9e-04,  lr = 8.1e-04, time_taken = 5.3e-02, rel_l2_error = 1.4e-01
Model state saved to ./checkpoints/heat3d_exact\2026-03-05_17-05-21-499429\model.pth
Iteration: 5400, loss_r = 7.7e-04 ,  loss_bc = 1.5e-03,  loss_ic = 3.1e-04,  lr = 8.1e-04, time_taken = 3.3e-02, rel_l2_error = 1.3e-01
Model state saved to ./checkpoints/heat3d_exact\2026-03-05_17-05-21-499429\model.pth
Iteration: 5500, loss_r = 6.8e-04 ,  loss_bc = 8.9e-04,  loss_ic = 5.9e-04,  lr = 8.1e-04, time_taken = 4.4e-02, rel_l2_error = 1.2e-01
Model state saved to ./checkpoints/heat3d_exact\2026-03-05_17-05-21-499429\model.pth
Iteration: 5600, loss_r = 5.9e-04 ,  loss_bc = 8.6e-04,  loss_ic = 5.6e-04,  lr = 8.1e-04, time_taken = 5.8e-02, rel_l2_error = 1.3e-01
Model state saved to ./checkpoints/heat3d_exact\2026-03-05_17-05-21-499429\model.pth
Iteration: 5700, loss_r = 1.1e-03 ,  loss_bc = 1.0e-03,  loss_ic = 3.5e-04,  lr = 8.1e-04, time_taken = 4.9e-02, rel_l2_error = 1.2e-01
Model state saved to ./checkpoints/heat3d_exact\2026-03-05_17-05-21-499429\model.pth
Iteration: 5800, loss_r = 8.3e-04 ,  loss_bc = 9.1e-04,  loss_ic = 2.0e-04,  lr = 8.1e-04, time_taken = 4.9e-02, rel_l2_error = 1.2e-01
Model state saved to ./checkpoints/heat3d_exact\2026-03-05_17-05-21-499429\model.pth
Iteration: 5900, loss_r = 6.2e-04 ,  loss_bc = 7.0e-04,  loss_ic = 4.9e-04,  lr = 8.1e-04, time_taken = 4.3e-02, rel_l2_error = 1.2e-01
Model state saved to ./checkpoints/heat3d_exact\2026-03-05_17-05-21-499429\model.pth
Iteration: 6000, loss_r = 5.1e-04 ,  loss_bc = 9.4e-04,  loss_ic = 3.4e-04,  lr = 8.1e-04, time_taken = 4.2e-02, rel_l2_error = 1.1e-01
Model state saved to ./checkpoints/heat3d_exact\2026-03-05_17-05-21-499429\model.pth

=== RAR Evaluation at iteration 6000 ===
Mean residual: 1.519e-02
Added 100 point(s). Total adaptive points: 300

Iteration: 6100, loss_r = 1.1e-03 ,  loss_bc = 1.3e-03,  loss_ic = 3.3e-04,  lr = 8.1e-04, time_taken = 4.6e-02, rel_l2_error = 1.3e-01
Model state saved to ./checkpoints/heat3d_exact\2026-03-05_17-05-21-499429\model.pth
Iteration: 6200, loss_r = 7.0e-04 ,  loss_bc = 9.6e-04,  loss_ic = 3.1e-04,  lr = 8.1e-04, time_taken = 3.5e-02, rel_l2_error = 1.3e-01
Model state saved to ./checkpoints/heat3d_exact\2026-03-05_17-05-21-499429\model.pth
Iteration: 6300, loss_r = 7.2e-04 ,  loss_bc = 1.1e-03,  loss_ic = 3.1e-04,  lr = 8.1e-04, time_taken = 4.0e-02, rel_l2_error = 1.2e-01
Model state saved to ./checkpoints/heat3d_exact\2026-03-05_17-05-21-499429\model.pth
Iteration: 6400, loss_r = 6.9e-04 ,  loss_bc = 8.0e-04,  loss_ic = 4.7e-04,  lr = 8.1e-04, time_taken = 5.0e-02, rel_l2_error = 1.4e-01
Model state saved to ./checkpoints/heat3d_exact\2026-03-05_17-05-21-499429\model.pth
Iteration: 6500, loss_r = 8.5e-04 ,  loss_bc = 1.3e-03,  loss_ic = 2.8e-04,  lr = 8.1e-04, time_taken = 3.8e-02, rel_l2_error = 1.2e-01
Model state saved to ./checkpoints/heat3d_exact\2026-03-05_17-05-21-499429\model.pth
Iteration: 6600, loss_r = 4.7e-04 ,  loss_bc = 6.8e-04,  loss_ic = 1.6e-04,  lr = 8.1e-04, time_taken = 3.8e-02, rel_l2_error = 1.1e-01
Model state saved to ./checkpoints/heat3d_exact\2026-03-05_17-05-21-499429\model.pth
Iteration: 6700, loss_r = 7.2e-04 ,  loss_bc = 1.1e-03,  loss_ic = 1.8e-04,  lr = 8.1e-04, time_taken = 3.3e-02, rel_l2_error = 1.1e-01
Model state saved to ./checkpoints/heat3d_exact\2026-03-05_17-05-21-499429\model.pth
Iteration: 6800, loss_r = 3.7e-04 ,  loss_bc = 1.2e-03,  loss_ic = 2.1e-04,  lr = 8.1e-04, time_taken = 3.4e-02, rel_l2_error = 1.2e-01
Model state saved to ./checkpoints/heat3d_exact\2026-03-05_17-05-21-499429\model.pth
Iteration: 6900, loss_r = 5.7e-04 ,  loss_bc = 1.0e-03,  loss_ic = 2.9e-04,  lr = 8.1e-04, time_taken = 4.1e-02, rel_l2_error = 1.1e-01
Model state saved to ./checkpoints/heat3d_exact\2026-03-05_17-05-21-499429\model.pth
Iteration: 7000, loss_r = 8.7e-04 ,  loss_bc = 7.7e-04,  loss_ic = 2.8e-04,  lr = 8.1e-04, time_taken = 4.8e-02, rel_l2_error = 1.1e-01
Model state saved to ./checkpoints/heat3d_exact\2026-03-05_17-05-21-499429\model.pth
Iteration: 7100, loss_r = 7.6e-04 ,  loss_bc = 1.0e-03,  loss_ic = 2.6e-04,  lr = 8.1e-04, time_taken = 5.0e-02, rel_l2_error = 1.1e-01
Model state saved to ./checkpoints/heat3d_exact\2026-03-05_17-05-21-499429\model.pth
Iteration: 7200, loss_r = 5.2e-04 ,  loss_bc = 7.6e-04,  loss_ic = 1.5e-04,  lr = 8.1e-04, time_taken = 4.1e-02, rel_l2_error = 1.0e-01
Model state saved to ./checkpoints/heat3d_exact\2026-03-05_17-05-21-499429\model.pth
Iteration: 7300, loss_r = 3.6e-04 ,  loss_bc = 8.2e-04,  loss_ic = 2.5e-04,  lr = 8.1e-04, time_taken = 4.9e-02, rel_l2_error = 1.2e-01
Model state saved to ./checkpoints/heat3d_exact\2026-03-05_17-05-21-499429\model.pth
Iteration: 7400, loss_r = 5.9e-04 ,  loss_bc = 7.2e-04,  loss_ic = 1.3e-04,  lr = 8.1e-04, time_taken = 3.9e-02, rel_l2_error = 1.0e-01
Model state saved to ./checkpoints/heat3d_exact\2026-03-05_17-05-21-499429\model.pth
Iteration: 7500, loss_r = 6.6e-04 ,  loss_bc = 8.4e-04,  loss_ic = 5.2e-04,  lr = 8.1e-04, time_taken = 4.1e-02, rel_l2_error = 1.1e-01
Model state saved to ./checkpoints/heat3d_exact\2026-03-05_17-05-21-499429\model.pth
Iteration: 7600, loss_r = 5.4e-04 ,  loss_bc = 8.0e-04,  loss_ic = 2.7e-04,  lr = 8.1e-04, time_taken = 5.5e-02, rel_l2_error = 1.0e-01
Model state saved to ./checkpoints/heat3d_exact\2026-03-05_17-05-21-499429\model.pth
Iteration: 7700, loss_r = 4.5e-04 ,  loss_bc = 5.0e-04,  loss_ic = 1.9e-04,  lr = 8.1e-04, time_taken = 5.3e-02, rel_l2_error = 9.9e-02
Model state saved to ./checkpoints/heat3d_exact\2026-03-05_17-05-21-499429\model.pth
Iteration: 7800, loss_r = 5.3e-04 ,  loss_bc = 8.2e-04,  loss_ic = 1.4e-04,  lr = 8.1e-04, time_taken = 4.4e-02, rel_l2_error = 9.9e-02
Model state saved to ./checkpoints/heat3d_exact\2026-03-05_17-05-21-499429\model.pth
Iteration: 7900, loss_r = 5.5e-04 ,  loss_bc = 6.2e-04,  loss_ic = 1.8e-04,  lr = 8.1e-04, time_taken = 4.9e-02, rel_l2_error = 1.1e-01
Model state saved to ./checkpoints/heat3d_exact\2026-03-05_17-05-21-499429\model.pth
Iteration: 8000, loss_r = 7.0e-04 ,  loss_bc = 9.3e-04,  loss_ic = 2.0e-04,  lr = 8.1e-04, time_taken = 3.5e-02, rel_l2_error = 1.0e-01
Model state saved to ./checkpoints/heat3d_exact\2026-03-05_17-05-21-499429\model.pth

=== RAR Evaluation at iteration 8000 ===
Mean residual: 1.078e-02
Added 100 point(s). Total adaptive points: 400

Iteration: 8100, loss_r = 3.3e-04 ,  loss_bc = 6.4e-04,  loss_ic = 1.6e-04,  lr = 8.1e-04, time_taken = 4.8e-02, rel_l2_error = 9.9e-02
Model state saved to ./checkpoints/heat3d_exact\2026-03-05_17-05-21-499429\model.pth
Iteration: 8200, loss_r = 6.3e-04 ,  loss_bc = 6.8e-04,  loss_ic = 1.7e-04,  lr = 8.1e-04, time_taken = 4.6e-02, rel_l2_error = 1.1e-01
Model state saved to ./checkpoints/heat3d_exact\2026-03-05_17-05-21-499429\model.pth
Iteration: 8300, loss_r = 6.5e-04 ,  loss_bc = 6.8e-04,  loss_ic = 1.1e-04,  lr = 8.1e-04, time_taken = 4.5e-02, rel_l2_error = 9.5e-02
Model state saved to ./checkpoints/heat3d_exact\2026-03-05_17-05-21-499429\model.pth
Iteration: 8400, loss_r = 7.6e-04 ,  loss_bc = 6.8e-04,  loss_ic = 2.3e-04,  lr = 8.1e-04, time_taken = 4.6e-02, rel_l2_error = 1.0e-01
Model state saved to ./checkpoints/heat3d_exact\2026-03-05_17-05-21-499429\model.pth
Iteration: 8500, loss_r = 6.1e-04 ,  loss_bc = 4.8e-04,  loss_ic = 1.6e-04,  lr = 8.1e-04, time_taken = 5.3e-02, rel_l2_error = 9.5e-02
Model state saved to ./checkpoints/heat3d_exact\2026-03-05_17-05-21-499429\model.pth
Iteration: 8600, loss_r = 5.9e-04 ,  loss_bc = 6.5e-04,  loss_ic = 7.4e-05,  lr = 8.1e-04, time_taken = 4.3e-02, rel_l2_error = 1.0e-01
Model state saved to ./checkpoints/heat3d_exact\2026-03-05_17-05-21-499429\model.pth
Iteration: 8700, loss_r = 4.1e-04 ,  loss_bc = 7.2e-04,  loss_ic = 1.6e-04,  lr = 8.1e-04, time_taken = 3.9e-02, rel_l2_error = 1.0e-01
Model state saved to ./checkpoints/heat3d_exact\2026-03-05_17-05-21-499429\model.pth
Iteration: 8800, loss_r = 2.0e-04 ,  loss_bc = 7.1e-04,  loss_ic = 9.3e-05,  lr = 8.1e-04, time_taken = 4.7e-02, rel_l2_error = 9.1e-02
Model state saved to ./checkpoints/heat3d_exact\2026-03-05_17-05-21-499429\model.pth
Iteration: 8900, loss_r = 3.1e-04 ,  loss_bc = 5.8e-04,  loss_ic = 2.2e-04,  lr = 8.1e-04, time_taken = 3.3e-02, rel_l2_error = 1.0e-01
Model state saved to ./checkpoints/heat3d_exact\2026-03-05_17-05-21-499429\model.pth
Iteration: 9000, loss_r = 4.0e-04 ,  loss_bc = 6.4e-04,  loss_ic = 1.1e-04,  lr = 8.1e-04, time_taken = 4.5e-02, rel_l2_error = 9.5e-02
Model state saved to ./checkpoints/heat3d_exact\2026-03-05_17-05-21-499429\model.pth
Iteration: 9100, loss_r = 3.9e-04 ,  loss_bc = 1.1e-03,  loss_ic = 3.4e-04,  lr = 8.1e-04, time_taken = 4.1e-02, rel_l2_error = 9.8e-02
Model state saved to ./checkpoints/heat3d_exact\2026-03-05_17-05-21-499429\model.pth
Iteration: 9200, loss_r = 4.3e-04 ,  loss_bc = 4.6e-04,  loss_ic = 1.2e-04,  lr = 8.1e-04, time_taken = 4.6e-02, rel_l2_error = 9.1e-02
Model state saved to ./checkpoints/heat3d_exact\2026-03-05_17-05-21-499429\model.pth
Iteration: 9300, loss_r = 2.7e-04 ,  loss_bc = 7.0e-04,  loss_ic = 1.4e-04,  lr = 8.1e-04, time_taken = 4.4e-02, rel_l2_error = 8.8e-02
Model state saved to ./checkpoints/heat3d_exact\2026-03-05_17-05-21-499429\model.pth
Iteration: 9400, loss_r = 3.4e-04 ,  loss_bc = 6.9e-04,  loss_ic = 7.7e-05,  lr = 8.1e-04, time_taken = 5.0e-02, rel_l2_error = 8.5e-02
Model state saved to ./checkpoints/heat3d_exact\2026-03-05_17-05-21-499429\model.pth
Iteration: 9500, loss_r = 2.1e-04 ,  loss_bc = 5.4e-04,  loss_ic = 1.3e-04,  lr = 8.1e-04, time_taken = 5.3e-02, rel_l2_error = 9.3e-02
Model state saved to ./checkpoints/heat3d_exact\2026-03-05_17-05-21-499429\model.pth
Iteration: 9600, loss_r = 2.4e-04 ,  loss_bc = 5.4e-04,  loss_ic = 1.1e-04,  lr = 8.1e-04, time_taken = 9.5e-02, rel_l2_error = 9.1e-02
Model state saved to ./checkpoints/heat3d_exact\2026-03-05_17-05-21-499429\model.pth
Iteration: 9700, loss_r = 4.4e-04 ,  loss_bc = 5.3e-04,  loss_ic = 1.0e-04,  lr = 8.1e-04, time_taken = 7.8e-02, rel_l2_error = 1.1e-01
Model state saved to ./checkpoints/heat3d_exact\2026-03-05_17-05-21-499429\model.pth
Iteration: 9800, loss_r = 3.2e-04 ,  loss_bc = 7.9e-04,  loss_ic = 2.2e-04,  lr = 8.1e-04, time_taken = 5.6e-02, rel_l2_error = 1.0e-01
Model state saved to ./checkpoints/heat3d_exact\2026-03-05_17-05-21-499429\model.pth
Iteration: 9900, loss_r = 3.0e-04 ,  loss_bc = 5.2e-04,  loss_ic = 8.4e-05,  lr = 8.1e-04, time_taken = 5.2e-02, rel_l2_error = 9.0e-02
Model state saved to ./checkpoints/heat3d_exact\2026-03-05_17-05-21-499429\model.pth

=== Switching to LBFGS optimizer at iteration 10000 ===
Using scipy L-BFGS-B optimizer
Optimizer: L-BFGS-B (maxiter=10000, factr=1000.0, m=100, maxls=50, pgtol=1e-14)
L-BFGS Iteration: 0, Loss: 7.085087e-04
L-BFGS Iteration: 1, Loss: 6.980717e-04, Relative L2 Error: 8.501472e-02
L-BFGS: Time for 100 iterations = 14.6464 s
L-BFGS Iteration: 100, Loss: 2.631347e-04, Relative L2 Error: 6.351967e-02
L-BFGS Iteration: 200, Loss: 1.561645e-04, Relative L2 Error: 5.802849e-02
L-BFGS Iteration: 300, Loss: 1.138868e-04, Relative L2 Error: 5.830504e-02
L-BFGS Iteration: 400, Loss: 8.257892e-05, Relative L2 Error: 5.001841e-02
L-BFGS Iteration: 500, Loss: 6.487311e-05, Relative L2 Error: 4.550152e-02
L-BFGS Iteration: 600, Loss: 5.452324e-05, Relative L2 Error: 4.939331e-02
L-BFGS Iteration: 700, Loss: 4.562220e-05, Relative L2 Error: 4.339378e-02
L-BFGS Iteration: 800, Loss: 3.738440e-05, Relative L2 Error: 4.481087e-02
L-BFGS Iteration: 900, Loss: 3.176839e-05, Relative L2 Error: 4.567332e-02
L-BFGS Iteration: 1000, Loss: 2.736736e-05, Relative L2 Error: 3.971171e-02
L-BFGS Iteration: 1100, Loss: 2.376985e-05, Relative L2 Error: 3.485478e-02
L-BFGS Iteration: 1200, Loss: 2.113604e-05, Relative L2 Error: 3.608267e-02
L-BFGS Iteration: 1300, Loss: 1.938134e-05, Relative L2 Error: 3.662086e-02
L-BFGS Iteration: 1400, Loss: 1.800443e-05, Relative L2 Error: 3.524980e-02
L-BFGS Iteration: 1500, Loss: 1.627092e-05, Relative L2 Error: 3.495955e-02
L-BFGS Iteration: 1600, Loss: 1.479456e-05, Relative L2 Error: 3.364265e-02
L-BFGS Iteration: 1700, Loss: 1.366708e-05, Relative L2 Error: 3.071970e-02
L-BFGS Iteration: 1800, Loss: 1.275574e-05, Relative L2 Error: 3.304702e-02
L-BFGS Iteration: 1900, Loss: 1.194267e-05, Relative L2 Error: 3.214757e-02
L-BFGS Iteration: 2000, Loss: 1.123124e-05, Relative L2 Error: 3.227920e-02
L-BFGS Iteration: 2100, Loss: 1.047416e-05, Relative L2 Error: 3.201408e-02
L-BFGS Iteration: 2200, Loss: 9.854323e-06, Relative L2 Error: 2.962867e-02
L-BFGS Iteration: 2300, Loss: 9.392884e-06, Relative L2 Error: 2.988229e-02
L-BFGS Iteration: 2400, Loss: 8.943446e-06, Relative L2 Error: 3.007196e-02
L-BFGS Iteration: 2500, Loss: 8.510508e-06, Relative L2 Error: 3.035850e-02
L-BFGS Iteration: 2600, Loss: 8.015059e-06, Relative L2 Error: 2.620474e-02
L-BFGS Iteration: 2700, Loss: 7.621431e-06, Relative L2 Error: 2.660321e-02
L-BFGS Iteration: 2800, Loss: 7.195432e-06, Relative L2 Error: 2.761634e-02
L-BFGS Iteration: 2900, Loss: 6.802538e-06, Relative L2 Error: 2.571183e-02
L-BFGS Iteration: 3000, Loss: 6.508573e-06, Relative L2 Error: 2.569164e-02
L-BFGS Iteration: 3100, Loss: 6.253712e-06, Relative L2 Error: 2.584226e-02
L-BFGS Iteration: 3200, Loss: 6.001353e-06, Relative L2 Error: 2.483428e-02
L-BFGS Iteration: 3300, Loss: 5.755931e-06, Relative L2 Error: 2.500320e-02
L-BFGS Iteration: 3400, Loss: 5.509576e-06, Relative L2 Error: 2.390463e-02
L-BFGS Iteration: 3500, Loss: 5.264792e-06, Relative L2 Error: 2.315418e-02
L-BFGS Iteration: 3600, Loss: 5.039062e-06, Relative L2 Error: 2.152395e-02
L-BFGS Iteration: 3700, Loss: 4.832473e-06, Relative L2 Error: 2.175217e-02
L-BFGS Iteration: 3800, Loss: 4.667915e-06, Relative L2 Error: 2.261868e-02
L-BFGS Iteration: 3900, Loss: 4.469925e-06, Relative L2 Error: 2.109505e-02
L-BFGS Iteration: 4000, Loss: 4.276359e-06, Relative L2 Error: 2.144174e-02
L-BFGS Iteration: 4100, Loss: 4.104427e-06, Relative L2 Error: 2.095985e-02
L-BFGS Iteration: 4200, Loss: 3.962001e-06, Relative L2 Error: 2.041029e-02
L-BFGS Iteration: 4300, Loss: 3.797009e-06, Relative L2 Error: 2.113790e-02
L-BFGS Iteration: 4400, Loss: 3.680160e-06, Relative L2 Error: 2.147927e-02
L-BFGS Iteration: 4500, Loss: 3.557332e-06, Relative L2 Error: 2.039457e-02
L-BFGS Iteration: 4600, Loss: 3.467047e-06, Relative L2 Error: 2.251441e-02
L-BFGS Iteration: 4700, Loss: 3.362622e-06, Relative L2 Error: 2.099427e-02
L-BFGS Iteration: 4800, Loss: 3.259035e-06, Relative L2 Error: 2.009569e-02
L-BFGS Iteration: 4900, Loss: 3.166273e-06, Relative L2 Error: 2.046875e-02
L-BFGS Iteration: 5000, Loss: 3.060427e-06, Relative L2 Error: 2.146010e-02
L-BFGS Iteration: 5100, Loss: 2.981770e-06, Relative L2 Error: 2.027544e-02
L-BFGS Iteration: 5200, Loss: 2.901873e-06, Relative L2 Error: 2.043476e-02
L-BFGS Iteration: 5300, Loss: 2.802025e-06, Relative L2 Error: 1.888961e-02
L-BFGS Iteration: 5400, Loss: 2.691735e-06, Relative L2 Error: 1.968618e-02
L-BFGS Iteration: 5500, Loss: 2.617248e-06, Relative L2 Error: 1.979436e-02
L-BFGS Iteration: 5600, Loss: 2.534961e-06, Relative L2 Error: 1.938104e-02
L-BFGS Iteration: 5700, Loss: 2.467938e-06, Relative L2 Error: 1.995977e-02
L-BFGS Iteration: 5800, Loss: 2.401042e-06, Relative L2 Error: 1.814865e-02
L-BFGS Iteration: 5900, Loss: 2.338546e-06, Relative L2 Error: 1.990874e-02
L-BFGS Iteration: 6000, Loss: 2.256478e-06, Relative L2 Error: 1.995059e-02
L-BFGS training completed after 6064 iterations
Model state saved to ./checkpoints/heat3d_exact\2026-03-05_17-05-21-499429\model.pth
Training completed successfully!
Relative L2 error (eval data): 1.95e-02
Saved solution comparison heatmaps to: ./checkpoints/heat3d_exact\2026-03-05_17-05-21-499429\solution_comparison_heat3d.png
