Random seed set to: 10
Solving 3D heat equation u_t = alpha (u_{xx}+u_{yy}+u_{zz}) on [0,1]^3 with homogeneous Dirichlet BC
checkpoint path: self.log_path='./checkpoints/heat3d_exact\\2026-03-11_11-00-38-053130'
Using Classical Solver2
The settings used:
batch_size : 64
epochs : 20000
lr : 0.001
seed : 10
print_every : 100
log_path : ./checkpoints/heat3d_exact
input_dim : 4
output_dim : 1
num_qubits : 5
hidden_dim : 20
num_quantum_layers : 1
classic_network : [4, 20, 1]
q_ansatz : cross_mesh
mode : hybrid
activation : tanh
shots : None
problem : heat3d_exact
solver : Classical2
device : cpu
method : None
cutoff_dim : 20
class : CVNeuralNetwork1
encoding : angle
use_rar : False
rar_eval_freq : 2000
rar_threshold : 0.0005
rar_num_candidates : 10000
rar_num_add : 100
use_hybrid_optimizer : True
adam_iterations : 10000
use_scipy_lbfgs : True
lbfgs_lr : 1
lbfgs_line_search : strong_wolfe
lbfgs_tolerance_grad : 1e-05
lbfgs_tolerance_change : 1e-07
lbfgs_maxiter : 10000
lbfgs_factr : 1000.0
lbfgs_pgtol : 1e-14
lbfgs_maxls : 50
lbfgs_m : 100
lbfgs_eval_every : 100
domainN : 500
boundaryN : 50
initialN : 50
eval_total_points : 10000
nx : 200
nt : 200
y0 : 0.5
z0 : 0.5
alpha : 0.1
Total number of parameters: 2221
Iteration: 0, loss_r = 2.0e-02 ,  loss_bc = 4.1e-01,  loss_ic = 9.3e-02,  lr = 1.0e-03, time_taken = 5.1e-02, rel_l2_error = 1.3e+00
Model state saved to ./checkpoints/heat3d_exact\2026-03-11_11-00-38-053130\model.pth
Iteration: 100, loss_r = 8.2e-03 ,  loss_bc = 1.3e-02,  loss_ic = 5.8e-02,  lr = 1.0e-03, time_taken = 4.2e-02, rel_l2_error = 7.1e-01
Model state saved to ./checkpoints/heat3d_exact\2026-03-11_11-00-38-053130\model.pth
Iteration: 200, loss_r = 3.5e-03 ,  loss_bc = 1.5e-02,  loss_ic = 6.3e-02,  lr = 1.0e-03, time_taken = 3.9e-02, rel_l2_error = 6.0e-01
Model state saved to ./checkpoints/heat3d_exact\2026-03-11_11-00-38-053130\model.pth
Iteration: 300, loss_r = 5.8e-03 ,  loss_bc = 1.1e-02,  loss_ic = 2.2e-02,  lr = 1.0e-03, time_taken = 4.0e-02, rel_l2_error = 5.5e-01
Model state saved to ./checkpoints/heat3d_exact\2026-03-11_11-00-38-053130\model.pth
Iteration: 400, loss_r = 4.5e-03 ,  loss_bc = 1.2e-02,  loss_ic = 2.8e-02,  lr = 1.0e-03, time_taken = 3.7e-02, rel_l2_error = 4.8e-01
Model state saved to ./checkpoints/heat3d_exact\2026-03-11_11-00-38-053130\model.pth
Iteration: 500, loss_r = 3.3e-03 ,  loss_bc = 1.3e-02,  loss_ic = 1.2e-02,  lr = 1.0e-03, time_taken = 3.9e-02, rel_l2_error = 4.4e-01
Model state saved to ./checkpoints/heat3d_exact\2026-03-11_11-00-38-053130\model.pth
Iteration: 600, loss_r = 2.6e-03 ,  loss_bc = 9.7e-03,  loss_ic = 1.7e-02,  lr = 1.0e-03, time_taken = 4.0e-02, rel_l2_error = 4.2e-01
Model state saved to ./checkpoints/heat3d_exact\2026-03-11_11-00-38-053130\model.pth
Iteration: 700, loss_r = 4.3e-03 ,  loss_bc = 7.5e-03,  loss_ic = 9.6e-03,  lr = 1.0e-03, time_taken = 4.6e-02, rel_l2_error = 3.8e-01
Model state saved to ./checkpoints/heat3d_exact\2026-03-11_11-00-38-053130\model.pth
Iteration: 800, loss_r = 2.8e-03 ,  loss_bc = 7.6e-03,  loss_ic = 5.8e-03,  lr = 1.0e-03, time_taken = 4.0e-02, rel_l2_error = 4.1e-01
Model state saved to ./checkpoints/heat3d_exact\2026-03-11_11-00-38-053130\model.pth
Iteration: 900, loss_r = 4.8e-03 ,  loss_bc = 8.6e-03,  loss_ic = 6.3e-03,  lr = 1.0e-03, time_taken = 4.9e-02, rel_l2_error = 3.5e-01
Model state saved to ./checkpoints/heat3d_exact\2026-03-11_11-00-38-053130\model.pth
Iteration: 1000, loss_r = 6.9e-03 ,  loss_bc = 4.1e-03,  loss_ic = 6.5e-03,  lr = 1.0e-03, time_taken = 5.1e-02, rel_l2_error = 3.5e-01
Model state saved to ./checkpoints/heat3d_exact\2026-03-11_11-00-38-053130\model.pth
Iteration: 1100, loss_r = 3.0e-03 ,  loss_bc = 6.6e-03,  loss_ic = 5.2e-03,  lr = 1.0e-03, time_taken = 5.0e-02, rel_l2_error = 3.3e-01
Model state saved to ./checkpoints/heat3d_exact\2026-03-11_11-00-38-053130\model.pth
Iteration: 1200, loss_r = 3.2e-03 ,  loss_bc = 6.2e-03,  loss_ic = 4.9e-03,  lr = 1.0e-03, time_taken = 6.8e-02, rel_l2_error = 3.2e-01
Model state saved to ./checkpoints/heat3d_exact\2026-03-11_11-00-38-053130\model.pth
Iteration: 1300, loss_r = 5.1e-03 ,  loss_bc = 5.0e-03,  loss_ic = 5.7e-03,  lr = 1.0e-03, time_taken = 5.1e-02, rel_l2_error = 3.1e-01
Model state saved to ./checkpoints/heat3d_exact\2026-03-11_11-00-38-053130\model.pth
Iteration: 1400, loss_r = 3.5e-03 ,  loss_bc = 4.9e-03,  loss_ic = 3.8e-03,  lr = 1.0e-03, time_taken = 5.5e-02, rel_l2_error = 3.2e-01
Model state saved to ./checkpoints/heat3d_exact\2026-03-11_11-00-38-053130\model.pth
Iteration: 1500, loss_r = 2.4e-03 ,  loss_bc = 4.2e-03,  loss_ic = 3.6e-03,  lr = 1.0e-03, time_taken = 6.0e-02, rel_l2_error = 3.2e-01
Model state saved to ./checkpoints/heat3d_exact\2026-03-11_11-00-38-053130\model.pth
Iteration: 1600, loss_r = 3.4e-03 ,  loss_bc = 5.5e-03,  loss_ic = 2.3e-03,  lr = 1.0e-03, time_taken = 7.9e-02, rel_l2_error = 3.1e-01
Model state saved to ./checkpoints/heat3d_exact\2026-03-11_11-00-38-053130\model.pth
Iteration: 1700, loss_r = 3.6e-03 ,  loss_bc = 5.7e-03,  loss_ic = 2.4e-03,  lr = 1.0e-03, time_taken = 7.5e-02, rel_l2_error = 3.0e-01
Model state saved to ./checkpoints/heat3d_exact\2026-03-11_11-00-38-053130\model.pth
Iteration: 1800, loss_r = 4.5e-03 ,  loss_bc = 3.2e-03,  loss_ic = 3.8e-03,  lr = 1.0e-03, time_taken = 1.0e-01, rel_l2_error = 3.1e-01
Model state saved to ./checkpoints/heat3d_exact\2026-03-11_11-00-38-053130\model.pth
Iteration: 1900, loss_r = 3.2e-03 ,  loss_bc = 4.2e-03,  loss_ic = 3.5e-03,  lr = 1.0e-03, time_taken = 9.8e-02, rel_l2_error = 3.0e-01
Model state saved to ./checkpoints/heat3d_exact\2026-03-11_11-00-38-053130\model.pth
Iteration: 2000, loss_r = 4.3e-03 ,  loss_bc = 4.5e-03,  loss_ic = 2.8e-03,  lr = 1.0e-03, time_taken = 6.0e-02, rel_l2_error = 3.0e-01
Model state saved to ./checkpoints/heat3d_exact\2026-03-11_11-00-38-053130\model.pth
Iteration: 2100, loss_r = 3.9e-03 ,  loss_bc = 3.1e-03,  loss_ic = 3.5e-03,  lr = 1.0e-03, time_taken = 6.9e-02, rel_l2_error = 3.1e-01
Model state saved to ./checkpoints/heat3d_exact\2026-03-11_11-00-38-053130\model.pth
Iteration: 2200, loss_r = 4.9e-03 ,  loss_bc = 3.7e-03,  loss_ic = 2.7e-03,  lr = 1.0e-03, time_taken = 6.9e-02, rel_l2_error = 3.1e-01
Model state saved to ./checkpoints/heat3d_exact\2026-03-11_11-00-38-053130\model.pth
Iteration: 2300, loss_r = 3.4e-03 ,  loss_bc = 3.1e-03,  loss_ic = 3.5e-03,  lr = 1.0e-03, time_taken = 6.4e-02, rel_l2_error = 2.8e-01
Model state saved to ./checkpoints/heat3d_exact\2026-03-11_11-00-38-053130\model.pth
Iteration: 2400, loss_r = 3.2e-03 ,  loss_bc = 2.9e-03,  loss_ic = 4.4e-03,  lr = 1.0e-03, time_taken = 6.5e-02, rel_l2_error = 2.8e-01
Model state saved to ./checkpoints/heat3d_exact\2026-03-11_11-00-38-053130\model.pth
Iteration: 2500, loss_r = 2.3e-03 ,  loss_bc = 4.0e-03,  loss_ic = 3.2e-03,  lr = 1.0e-03, time_taken = 5.7e-02, rel_l2_error = 2.7e-01
Model state saved to ./checkpoints/heat3d_exact\2026-03-11_11-00-38-053130\model.pth
Iteration: 2600, loss_r = 3.1e-03 ,  loss_bc = 3.7e-03,  loss_ic = 1.8e-03,  lr = 1.0e-03, time_taken = 7.1e-02, rel_l2_error = 2.5e-01
Model state saved to ./checkpoints/heat3d_exact\2026-03-11_11-00-38-053130\model.pth
Iteration: 2700, loss_r = 3.5e-03 ,  loss_bc = 3.1e-03,  loss_ic = 1.2e-03,  lr = 1.0e-03, time_taken = 6.7e-02, rel_l2_error = 2.6e-01
Model state saved to ./checkpoints/heat3d_exact\2026-03-11_11-00-38-053130\model.pth
Iteration: 2800, loss_r = 3.3e-03 ,  loss_bc = 4.1e-03,  loss_ic = 2.1e-03,  lr = 1.0e-03, time_taken = 4.9e-02, rel_l2_error = 2.6e-01
Model state saved to ./checkpoints/heat3d_exact\2026-03-11_11-00-38-053130\model.pth
Iteration: 2900, loss_r = 3.1e-03 ,  loss_bc = 2.9e-03,  loss_ic = 1.9e-03,  lr = 1.0e-03, time_taken = 5.8e-02, rel_l2_error = 2.5e-01
Model state saved to ./checkpoints/heat3d_exact\2026-03-11_11-00-38-053130\model.pth
Iteration: 3000, loss_r = 3.7e-03 ,  loss_bc = 2.9e-03,  loss_ic = 2.0e-03,  lr = 1.0e-03, time_taken = 4.8e-02, rel_l2_error = 2.5e-01
Model state saved to ./checkpoints/heat3d_exact\2026-03-11_11-00-38-053130\model.pth
Iteration: 3100, loss_r = 1.4e-03 ,  loss_bc = 2.7e-03,  loss_ic = 1.5e-03,  lr = 1.0e-03, time_taken = 5.2e-02, rel_l2_error = 2.3e-01
Model state saved to ./checkpoints/heat3d_exact\2026-03-11_11-00-38-053130\model.pth
Iteration: 3200, loss_r = 2.5e-03 ,  loss_bc = 3.1e-03,  loss_ic = 1.3e-03,  lr = 1.0e-03, time_taken = 6.5e-02, rel_l2_error = 2.4e-01
Model state saved to ./checkpoints/heat3d_exact\2026-03-11_11-00-38-053130\model.pth
Iteration: 3300, loss_r = 9.2e-04 ,  loss_bc = 2.6e-03,  loss_ic = 2.0e-03,  lr = 1.0e-03, time_taken = 5.5e-02, rel_l2_error = 2.4e-01
Model state saved to ./checkpoints/heat3d_exact\2026-03-11_11-00-38-053130\model.pth
Iteration: 3400, loss_r = 9.9e-04 ,  loss_bc = 1.5e-03,  loss_ic = 9.1e-04,  lr = 1.0e-03, time_taken = 5.4e-02, rel_l2_error = 2.2e-01
Model state saved to ./checkpoints/heat3d_exact\2026-03-11_11-00-38-053130\model.pth
Iteration: 3500, loss_r = 1.4e-03 ,  loss_bc = 2.6e-03,  loss_ic = 1.7e-03,  lr = 1.0e-03, time_taken = 5.2e-02, rel_l2_error = 2.2e-01
Model state saved to ./checkpoints/heat3d_exact\2026-03-11_11-00-38-053130\model.pth
Iteration: 3600, loss_r = 1.1e-03 ,  loss_bc = 3.2e-03,  loss_ic = 1.2e-03,  lr = 1.0e-03, time_taken = 5.7e-02, rel_l2_error = 2.1e-01
Model state saved to ./checkpoints/heat3d_exact\2026-03-11_11-00-38-053130\model.pth
Iteration: 3700, loss_r = 2.4e-03 ,  loss_bc = 2.0e-03,  loss_ic = 1.2e-03,  lr = 1.0e-03, time_taken = 6.7e-02, rel_l2_error = 2.1e-01
Model state saved to ./checkpoints/heat3d_exact\2026-03-11_11-00-38-053130\model.pth
Iteration: 3800, loss_r = 1.2e-03 ,  loss_bc = 2.4e-03,  loss_ic = 1.1e-03,  lr = 1.0e-03, time_taken = 4.5e-02, rel_l2_error = 2.0e-01
Model state saved to ./checkpoints/heat3d_exact\2026-03-11_11-00-38-053130\model.pth
Iteration: 3900, loss_r = 6.4e-04 ,  loss_bc = 1.7e-03,  loss_ic = 1.2e-03,  lr = 1.0e-03, time_taken = 6.2e-02, rel_l2_error = 2.2e-01
Model state saved to ./checkpoints/heat3d_exact\2026-03-11_11-00-38-053130\model.pth
Iteration: 4000, loss_r = 6.8e-04 ,  loss_bc = 1.7e-03,  loss_ic = 1.3e-03,  lr = 1.0e-03, time_taken = 4.9e-02, rel_l2_error = 1.9e-01
Model state saved to ./checkpoints/heat3d_exact\2026-03-11_11-00-38-053130\model.pth
Iteration: 4100, loss_r = 1.1e-03 ,  loss_bc = 1.4e-03,  loss_ic = 6.2e-04,  lr = 1.0e-03, time_taken = 3.1e-02, rel_l2_error = 1.9e-01
Model state saved to ./checkpoints/heat3d_exact\2026-03-11_11-00-38-053130\model.pth
Iteration: 4200, loss_r = 1.5e-03 ,  loss_bc = 1.8e-03,  loss_ic = 1.4e-03,  lr = 1.0e-03, time_taken = 5.4e-02, rel_l2_error = 1.8e-01
Model state saved to ./checkpoints/heat3d_exact\2026-03-11_11-00-38-053130\model.pth
Iteration: 4300, loss_r = 8.3e-04 ,  loss_bc = 1.1e-03,  loss_ic = 1.0e-03,  lr = 1.0e-03, time_taken = 4.6e-02, rel_l2_error = 2.0e-01
Model state saved to ./checkpoints/heat3d_exact\2026-03-11_11-00-38-053130\model.pth
Iteration: 4400, loss_r = 5.3e-04 ,  loss_bc = 1.8e-03,  loss_ic = 1.1e-03,  lr = 1.0e-03, time_taken = 4.1e-02, rel_l2_error = 1.7e-01
Model state saved to ./checkpoints/heat3d_exact\2026-03-11_11-00-38-053130\model.pth
Iteration: 4500, loss_r = 1.4e-03 ,  loss_bc = 1.6e-03,  loss_ic = 9.1e-04,  lr = 1.0e-03, time_taken = 4.9e-02, rel_l2_error = 1.6e-01
Model state saved to ./checkpoints/heat3d_exact\2026-03-11_11-00-38-053130\model.pth
Iteration: 4600, loss_r = 1.2e-03 ,  loss_bc = 1.3e-03,  loss_ic = 5.9e-04,  lr = 1.0e-03, time_taken = 3.5e-02, rel_l2_error = 1.7e-01
Model state saved to ./checkpoints/heat3d_exact\2026-03-11_11-00-38-053130\model.pth
Iteration: 4700, loss_r = 1.3e-03 ,  loss_bc = 1.5e-03,  loss_ic = 9.2e-04,  lr = 1.0e-03, time_taken = 5.0e-02, rel_l2_error = 1.7e-01
Model state saved to ./checkpoints/heat3d_exact\2026-03-11_11-00-38-053130\model.pth
Iteration: 4800, loss_r = 5.4e-04 ,  loss_bc = 1.2e-03,  loss_ic = 7.5e-04,  lr = 1.0e-03, time_taken = 3.0e-02, rel_l2_error = 1.7e-01
Model state saved to ./checkpoints/heat3d_exact\2026-03-11_11-00-38-053130\model.pth
Iteration: 4900, loss_r = 1.1e-03 ,  loss_bc = 9.9e-04,  loss_ic = 8.1e-04,  lr = 1.0e-03, time_taken = 2.9e-02, rel_l2_error = 1.8e-01
Model state saved to ./checkpoints/heat3d_exact\2026-03-11_11-00-38-053130\model.pth
Iteration: 5000, loss_r = 6.0e-04 ,  loss_bc = 1.2e-03,  loss_ic = 1.1e-03,  lr = 1.0e-03, time_taken = 3.5e-02, rel_l2_error = 1.6e-01
Model state saved to ./checkpoints/heat3d_exact\2026-03-11_11-00-38-053130\model.pth
Iteration: 5100, loss_r = 7.5e-04 ,  loss_bc = 1.1e-03,  loss_ic = 6.3e-04,  lr = 1.0e-03, time_taken = 3.4e-02, rel_l2_error = 1.6e-01
Model state saved to ./checkpoints/heat3d_exact\2026-03-11_11-00-38-053130\model.pth
Iteration: 5200, loss_r = 1.2e-03 ,  loss_bc = 1.7e-03,  loss_ic = 1.1e-03,  lr = 1.0e-03, time_taken = 3.2e-02, rel_l2_error = 1.5e-01
Model state saved to ./checkpoints/heat3d_exact\2026-03-11_11-00-38-053130\model.pth
Iteration: 5300, loss_r = 1.3e-03 ,  loss_bc = 8.6e-04,  loss_ic = 6.5e-04,  lr = 1.0e-03, time_taken = 4.3e-02, rel_l2_error = 1.6e-01
Model state saved to ./checkpoints/heat3d_exact\2026-03-11_11-00-38-053130\model.pth
Iteration: 5400, loss_r = 7.0e-04 ,  loss_bc = 9.6e-04,  loss_ic = 6.3e-04,  lr = 1.0e-03, time_taken = 4.1e-02, rel_l2_error = 1.4e-01
Model state saved to ./checkpoints/heat3d_exact\2026-03-11_11-00-38-053130\model.pth
Iteration: 5500, loss_r = 6.6e-04 ,  loss_bc = 1.1e-03,  loss_ic = 1.7e-03,  lr = 1.0e-03, time_taken = 4.1e-02, rel_l2_error = 1.5e-01
Model state saved to ./checkpoints/heat3d_exact\2026-03-11_11-00-38-053130\model.pth
Iteration: 5600, loss_r = 5.4e-04 ,  loss_bc = 5.2e-04,  loss_ic = 7.8e-04,  lr = 1.0e-03, time_taken = 6.2e-02, rel_l2_error = 1.4e-01
Model state saved to ./checkpoints/heat3d_exact\2026-03-11_11-00-38-053130\model.pth
Iteration: 5700, loss_r = 9.3e-04 ,  loss_bc = 8.2e-04,  loss_ic = 7.7e-04,  lr = 1.0e-03, time_taken = 3.8e-02, rel_l2_error = 1.3e-01
Model state saved to ./checkpoints/heat3d_exact\2026-03-11_11-00-38-053130\model.pth
Iteration: 5800, loss_r = 3.2e-04 ,  loss_bc = 7.1e-04,  loss_ic = 4.5e-04,  lr = 1.0e-03, time_taken = 4.6e-02, rel_l2_error = 1.3e-01
Model state saved to ./checkpoints/heat3d_exact\2026-03-11_11-00-38-053130\model.pth
Iteration: 5900, loss_r = 5.1e-04 ,  loss_bc = 6.9e-04,  loss_ic = 4.8e-04,  lr = 1.0e-03, time_taken = 5.4e-02, rel_l2_error = 1.3e-01
Model state saved to ./checkpoints/heat3d_exact\2026-03-11_11-00-38-053130\model.pth
Iteration: 6000, loss_r = 4.5e-04 ,  loss_bc = 8.1e-04,  loss_ic = 3.5e-04,  lr = 1.0e-03, time_taken = 4.9e-02, rel_l2_error = 1.3e-01
Model state saved to ./checkpoints/heat3d_exact\2026-03-11_11-00-38-053130\model.pth
Iteration: 6100, loss_r = 7.8e-04 ,  loss_bc = 6.1e-04,  loss_ic = 6.5e-04,  lr = 1.0e-03, time_taken = 3.9e-02, rel_l2_error = 1.3e-01
Model state saved to ./checkpoints/heat3d_exact\2026-03-11_11-00-38-053130\model.pth
Iteration: 6200, loss_r = 4.4e-04 ,  loss_bc = 6.2e-04,  loss_ic = 4.6e-04,  lr = 1.0e-03, time_taken = 4.3e-02, rel_l2_error = 1.3e-01
Model state saved to ./checkpoints/heat3d_exact\2026-03-11_11-00-38-053130\model.pth
Iteration: 6300, loss_r = 4.4e-04 ,  loss_bc = 7.1e-04,  loss_ic = 7.1e-04,  lr = 1.0e-03, time_taken = 4.1e-02, rel_l2_error = 1.2e-01
Model state saved to ./checkpoints/heat3d_exact\2026-03-11_11-00-38-053130\model.pth
Iteration: 6400, loss_r = 3.0e-04 ,  loss_bc = 7.3e-04,  loss_ic = 8.0e-04,  lr = 1.0e-03, time_taken = 4.9e-02, rel_l2_error = 1.3e-01
Model state saved to ./checkpoints/heat3d_exact\2026-03-11_11-00-38-053130\model.pth
Iteration: 6500, loss_r = 4.3e-04 ,  loss_bc = 8.3e-04,  loss_ic = 4.9e-04,  lr = 1.0e-03, time_taken = 3.3e-02, rel_l2_error = 1.2e-01
Model state saved to ./checkpoints/heat3d_exact\2026-03-11_11-00-38-053130\model.pth
Iteration: 6600, loss_r = 7.4e-04 ,  loss_bc = 7.4e-04,  loss_ic = 3.0e-04,  lr = 1.0e-03, time_taken = 4.1e-02, rel_l2_error = 1.2e-01
Model state saved to ./checkpoints/heat3d_exact\2026-03-11_11-00-38-053130\model.pth
Iteration: 6700, loss_r = 5.9e-04 ,  loss_bc = 5.7e-04,  loss_ic = 7.9e-04,  lr = 1.0e-03, time_taken = 3.7e-02, rel_l2_error = 1.2e-01
Model state saved to ./checkpoints/heat3d_exact\2026-03-11_11-00-38-053130\model.pth
Iteration: 6800, loss_r = 5.0e-04 ,  loss_bc = 5.2e-04,  loss_ic = 5.4e-04,  lr = 1.0e-03, time_taken = 2.4e-02, rel_l2_error = 1.1e-01
Model state saved to ./checkpoints/heat3d_exact\2026-03-11_11-00-38-053130\model.pth
Iteration: 6900, loss_r = 6.2e-04 ,  loss_bc = 5.1e-04,  loss_ic = 8.9e-04,  lr = 1.0e-03, time_taken = 3.7e-02, rel_l2_error = 1.1e-01
Model state saved to ./checkpoints/heat3d_exact\2026-03-11_11-00-38-053130\model.pth
Iteration: 7000, loss_r = 3.4e-04 ,  loss_bc = 6.4e-04,  loss_ic = 3.3e-04,  lr = 1.0e-03, time_taken = 4.3e-02, rel_l2_error = 1.2e-01
Model state saved to ./checkpoints/heat3d_exact\2026-03-11_11-00-38-053130\model.pth
Iteration: 7100, loss_r = 2.8e-04 ,  loss_bc = 5.3e-04,  loss_ic = 5.1e-04,  lr = 1.0e-03, time_taken = 4.4e-02, rel_l2_error = 1.1e-01
Model state saved to ./checkpoints/heat3d_exact\2026-03-11_11-00-38-053130\model.pth
Iteration: 7200, loss_r = 4.5e-04 ,  loss_bc = 6.7e-04,  loss_ic = 3.2e-04,  lr = 1.0e-03, time_taken = 2.5e-02, rel_l2_error = 1.2e-01
Model state saved to ./checkpoints/heat3d_exact\2026-03-11_11-00-38-053130\model.pth
Iteration: 7300, loss_r = 3.8e-04 ,  loss_bc = 5.5e-04,  loss_ic = 4.3e-04,  lr = 1.0e-03, time_taken = 4.6e-02, rel_l2_error = 1.0e-01
Model state saved to ./checkpoints/heat3d_exact\2026-03-11_11-00-38-053130\model.pth
Iteration: 7400, loss_r = 7.5e-04 ,  loss_bc = 7.2e-04,  loss_ic = 4.2e-04,  lr = 1.0e-03, time_taken = 3.4e-02, rel_l2_error = 1.1e-01
Model state saved to ./checkpoints/heat3d_exact\2026-03-11_11-00-38-053130\model.pth
Iteration: 7500, loss_r = 4.0e-04 ,  loss_bc = 6.3e-04,  loss_ic = 2.7e-04,  lr = 1.0e-03, time_taken = 4.8e-02, rel_l2_error = 1.2e-01
Model state saved to ./checkpoints/heat3d_exact\2026-03-11_11-00-38-053130\model.pth
Iteration: 7600, loss_r = 5.3e-04 ,  loss_bc = 3.2e-04,  loss_ic = 3.2e-04,  lr = 1.0e-03, time_taken = 3.9e-02, rel_l2_error = 1.0e-01
Model state saved to ./checkpoints/heat3d_exact\2026-03-11_11-00-38-053130\model.pth
Iteration: 7700, loss_r = 2.9e-04 ,  loss_bc = 3.9e-04,  loss_ic = 3.0e-04,  lr = 1.0e-03, time_taken = 5.6e-02, rel_l2_error = 9.2e-02
Model state saved to ./checkpoints/heat3d_exact\2026-03-11_11-00-38-053130\model.pth
Iteration: 7800, loss_r = 3.6e-04 ,  loss_bc = 4.0e-04,  loss_ic = 3.5e-04,  lr = 1.0e-03, time_taken = 4.9e-02, rel_l2_error = 1.1e-01
Model state saved to ./checkpoints/heat3d_exact\2026-03-11_11-00-38-053130\model.pth
Iteration: 7900, loss_r = 3.4e-04 ,  loss_bc = 4.2e-04,  loss_ic = 3.5e-04,  lr = 1.0e-03, time_taken = 5.6e-02, rel_l2_error = 1.0e-01
Model state saved to ./checkpoints/heat3d_exact\2026-03-11_11-00-38-053130\model.pth
Iteration: 8000, loss_r = 2.3e-04 ,  loss_bc = 4.3e-04,  loss_ic = 2.5e-04,  lr = 1.0e-03, time_taken = 4.6e-02, rel_l2_error = 9.6e-02
Model state saved to ./checkpoints/heat3d_exact\2026-03-11_11-00-38-053130\model.pth
Iteration: 8100, loss_r = 2.6e-04 ,  loss_bc = 4.5e-04,  loss_ic = 3.2e-04,  lr = 1.0e-03, time_taken = 4.7e-02, rel_l2_error = 9.8e-02
Model state saved to ./checkpoints/heat3d_exact\2026-03-11_11-00-38-053130\model.pth
Iteration: 8200, loss_r = 3.4e-04 ,  loss_bc = 5.3e-04,  loss_ic = 1.9e-04,  lr = 1.0e-03, time_taken = 5.1e-02, rel_l2_error = 9.9e-02
Model state saved to ./checkpoints/heat3d_exact\2026-03-11_11-00-38-053130\model.pth
Iteration: 8300, loss_r = 4.8e-04 ,  loss_bc = 3.8e-04,  loss_ic = 3.2e-04,  lr = 1.0e-03, time_taken = 5.0e-02, rel_l2_error = 1.1e-01
Model state saved to ./checkpoints/heat3d_exact\2026-03-11_11-00-38-053130\model.pth
Iteration: 8400, loss_r = 2.7e-04 ,  loss_bc = 3.9e-04,  loss_ic = 4.0e-04,  lr = 1.0e-03, time_taken = 4.8e-02, rel_l2_error = 9.5e-02
Model state saved to ./checkpoints/heat3d_exact\2026-03-11_11-00-38-053130\model.pth
Iteration: 8500, loss_r = 2.7e-04 ,  loss_bc = 6.7e-04,  loss_ic = 2.0e-04,  lr = 1.0e-03, time_taken = 6.0e-02, rel_l2_error = 1.0e-01
Model state saved to ./checkpoints/heat3d_exact\2026-03-11_11-00-38-053130\model.pth
Iteration: 8600, loss_r = 1.2e-04 ,  loss_bc = 3.4e-04,  loss_ic = 3.0e-04,  lr = 1.0e-03, time_taken = 4.0e-02, rel_l2_error = 9.3e-02
Model state saved to ./checkpoints/heat3d_exact\2026-03-11_11-00-38-053130\model.pth
Iteration: 8700, loss_r = 3.4e-04 ,  loss_bc = 3.4e-04,  loss_ic = 2.7e-04,  lr = 1.0e-03, time_taken = 2.1e-02, rel_l2_error = 9.6e-02
Model state saved to ./checkpoints/heat3d_exact\2026-03-11_11-00-38-053130\model.pth
Iteration: 8800, loss_r = 3.3e-04 ,  loss_bc = 3.3e-04,  loss_ic = 2.4e-04,  lr = 1.0e-03, time_taken = 4.5e-02, rel_l2_error = 9.4e-02
Model state saved to ./checkpoints/heat3d_exact\2026-03-11_11-00-38-053130\model.pth
Iteration: 8900, loss_r = 5.2e-04 ,  loss_bc = 3.3e-04,  loss_ic = 2.1e-04,  lr = 1.0e-03, time_taken = 4.3e-02, rel_l2_error = 9.9e-02
Model state saved to ./checkpoints/heat3d_exact\2026-03-11_11-00-38-053130\model.pth
Iteration: 9000, loss_r = 2.9e-04 ,  loss_bc = 4.2e-04,  loss_ic = 2.0e-04,  lr = 1.0e-03, time_taken = 4.2e-02, rel_l2_error = 8.6e-02
Model state saved to ./checkpoints/heat3d_exact\2026-03-11_11-00-38-053130\model.pth
Iteration: 9100, loss_r = 1.9e-04 ,  loss_bc = 3.5e-04,  loss_ic = 3.7e-04,  lr = 1.0e-03, time_taken = 5.0e-02, rel_l2_error = 8.8e-02
Model state saved to ./checkpoints/heat3d_exact\2026-03-11_11-00-38-053130\model.pth
Iteration: 9200, loss_r = 8.5e-04 ,  loss_bc = 7.2e-04,  loss_ic = 2.3e-04,  lr = 1.0e-03, time_taken = 4.5e-02, rel_l2_error = 1.0e-01
Model state saved to ./checkpoints/heat3d_exact\2026-03-11_11-00-38-053130\model.pth
Iteration: 9300, loss_r = 1.8e-04 ,  loss_bc = 3.6e-04,  loss_ic = 2.0e-04,  lr = 1.0e-03, time_taken = 3.4e-02, rel_l2_error = 9.1e-02
Model state saved to ./checkpoints/heat3d_exact\2026-03-11_11-00-38-053130\model.pth
Iteration: 9400, loss_r = 3.8e-04 ,  loss_bc = 4.1e-04,  loss_ic = 3.1e-04,  lr = 1.0e-03, time_taken = 4.5e-02, rel_l2_error = 8.7e-02
Model state saved to ./checkpoints/heat3d_exact\2026-03-11_11-00-38-053130\model.pth
Iteration: 9500, loss_r = 1.6e-04 ,  loss_bc = 2.7e-04,  loss_ic = 2.0e-04,  lr = 1.0e-03, time_taken = 5.3e-02, rel_l2_error = 8.0e-02
Model state saved to ./checkpoints/heat3d_exact\2026-03-11_11-00-38-053130\model.pth
Iteration: 9600, loss_r = 2.8e-04 ,  loss_bc = 5.4e-04,  loss_ic = 2.1e-04,  lr = 1.0e-03, time_taken = 5.9e-02, rel_l2_error = 1.2e-01
Model state saved to ./checkpoints/heat3d_exact\2026-03-11_11-00-38-053130\model.pth
Iteration: 9700, loss_r = 5.2e-04 ,  loss_bc = 3.5e-04,  loss_ic = 1.3e-04,  lr = 1.0e-03, time_taken = 4.7e-02, rel_l2_error = 9.1e-02
Model state saved to ./checkpoints/heat3d_exact\2026-03-11_11-00-38-053130\model.pth
Iteration: 9800, loss_r = 2.1e-04 ,  loss_bc = 2.9e-04,  loss_ic = 2.0e-04,  lr = 1.0e-03, time_taken = 5.2e-02, rel_l2_error = 8.8e-02
Model state saved to ./checkpoints/heat3d_exact\2026-03-11_11-00-38-053130\model.pth
Iteration: 9900, loss_r = 1.6e-04 ,  loss_bc = 3.1e-04,  loss_ic = 1.2e-04,  lr = 1.0e-03, time_taken = 6.7e-02, rel_l2_error = 1.1e-01
Model state saved to ./checkpoints/heat3d_exact\2026-03-11_11-00-38-053130\model.pth

=== Switching to LBFGS optimizer at iteration 10000 ===
Using scipy L-BFGS-B optimizer
Optimizer: L-BFGS-B (maxiter=10000, factr=1000.0, m=100, maxls=50, pgtol=1e-14)
L-BFGS Iteration: 0, Loss: 5.699256e-04
L-BFGS Iteration: 1, Loss: 5.566851e-04, Relative L2 Error: 8.400865e-02
L-BFGS: Time for 100 iterations = 41.1464 s
L-BFGS Iteration: 100, Loss: 2.541145e-04, Relative L2 Error: 7.323309e-02
L-BFGS Iteration: 200, Loss: 1.534169e-04, Relative L2 Error: 6.410347e-02
L-BFGS Iteration: 300, Loss: 1.105167e-04, Relative L2 Error: 6.686870e-02
L-BFGS Iteration: 400, Loss: 8.173825e-05, Relative L2 Error: 5.747001e-02
L-BFGS Iteration: 500, Loss: 6.385531e-05, Relative L2 Error: 5.686761e-02
L-BFGS Iteration: 600, Loss: 5.291395e-05, Relative L2 Error: 5.272753e-02
L-BFGS Iteration: 700, Loss: 4.483464e-05, Relative L2 Error: 5.375998e-02
L-BFGS Iteration: 800, Loss: 3.922760e-05, Relative L2 Error: 5.031846e-02
L-BFGS Iteration: 900, Loss: 3.489328e-05, Relative L2 Error: 5.393851e-02
L-BFGS Iteration: 1000, Loss: 3.120707e-05, Relative L2 Error: 4.967748e-02
L-BFGS Iteration: 1100, Loss: 2.805607e-05, Relative L2 Error: 5.033102e-02
L-BFGS Iteration: 1200, Loss: 2.541753e-05, Relative L2 Error: 4.909762e-02
L-BFGS Iteration: 1300, Loss: 2.354262e-05, Relative L2 Error: 5.002347e-02
L-BFGS Iteration: 1400, Loss: 2.180614e-05, Relative L2 Error: 4.866913e-02
L-BFGS Iteration: 1500, Loss: 2.030884e-05, Relative L2 Error: 4.954572e-02
L-BFGS Iteration: 1600, Loss: 1.893002e-05, Relative L2 Error: 4.772693e-02
L-BFGS Iteration: 1700, Loss: 1.751196e-05, Relative L2 Error: 4.789499e-02
L-BFGS Iteration: 1800, Loss: 1.643130e-05, Relative L2 Error: 4.752865e-02
L-BFGS Iteration: 1900, Loss: 1.534075e-05, Relative L2 Error: 4.674658e-02
L-BFGS Iteration: 2000, Loss: 1.430256e-05, Relative L2 Error: 4.828526e-02
L-BFGS Iteration: 2100, Loss: 1.363642e-05, Relative L2 Error: 4.648440e-02
L-BFGS Iteration: 2200, Loss: 1.299933e-05, Relative L2 Error: 4.811556e-02
L-BFGS Iteration: 2300, Loss: 1.216671e-05, Relative L2 Error: 4.569124e-02
L-BFGS Iteration: 2400, Loss: 1.154102e-05, Relative L2 Error: 4.442717e-02
L-BFGS Iteration: 2500, Loss: 1.097033e-05, Relative L2 Error: 4.611320e-02
L-BFGS Iteration: 2600, Loss: 1.053353e-05, Relative L2 Error: 4.591197e-02
L-BFGS Iteration: 2700, Loss: 1.020129e-05, Relative L2 Error: 4.644447e-02
L-BFGS Iteration: 2800, Loss: 9.873827e-06, Relative L2 Error: 4.490356e-02
L-BFGS Iteration: 2900, Loss: 9.631778e-06, Relative L2 Error: 4.500138e-02
L-BFGS Iteration: 3000, Loss: 9.376959e-06, Relative L2 Error: 4.407196e-02
L-BFGS Iteration: 3100, Loss: 9.083767e-06, Relative L2 Error: 4.525460e-02
L-BFGS Iteration: 3200, Loss: 8.811388e-06, Relative L2 Error: 4.214003e-02
L-BFGS Iteration: 3300, Loss: 8.439901e-06, Relative L2 Error: 4.527432e-02
L-BFGS Iteration: 3400, Loss: 8.092293e-06, Relative L2 Error: 4.434308e-02
L-BFGS Iteration: 3500, Loss: 7.822650e-06, Relative L2 Error: 4.244064e-02
L-BFGS Iteration: 3600, Loss: 7.556428e-06, Relative L2 Error: 4.154063e-02
L-BFGS Iteration: 3700, Loss: 7.299317e-06, Relative L2 Error: 4.461290e-02
L-BFGS Iteration: 3800, Loss: 7.043045e-06, Relative L2 Error: 4.143403e-02
L-BFGS Iteration: 3900, Loss: 6.798873e-06, Relative L2 Error: 4.186076e-02
L-BFGS Iteration: 4000, Loss: 6.571127e-06, Relative L2 Error: 4.302879e-02
L-BFGS Iteration: 4100, Loss: 6.376988e-06, Relative L2 Error: 4.221585e-02
L-BFGS Iteration: 4200, Loss: 6.197763e-06, Relative L2 Error: 4.404553e-02
L-BFGS Iteration: 4300, Loss: 6.045395e-06, Relative L2 Error: 3.918371e-02
L-BFGS Iteration: 4400, Loss: 5.895081e-06, Relative L2 Error: 4.339955e-02
L-BFGS Iteration: 4500, Loss: 5.741705e-06, Relative L2 Error: 3.969942e-02
L-BFGS Iteration: 4600, Loss: 5.583933e-06, Relative L2 Error: 4.022301e-02
L-BFGS Iteration: 4700, Loss: 5.447568e-06, Relative L2 Error: 3.697039e-02
L-BFGS Iteration: 4800, Loss: 5.307077e-06, Relative L2 Error: 3.927752e-02
L-BFGS Iteration: 4900, Loss: 5.202550e-06, Relative L2 Error: 3.841019e-02
L-BFGS Iteration: 5000, Loss: 5.109641e-06, Relative L2 Error: 3.700349e-02
L-BFGS Iteration: 5100, Loss: 4.985498e-06, Relative L2 Error: 3.811084e-02
L-BFGS Iteration: 5200, Loss: 4.859384e-06, Relative L2 Error: 3.536435e-02
L-BFGS Iteration: 5300, Loss: 4.732656e-06, Relative L2 Error: 3.658502e-02
L-BFGS Iteration: 5400, Loss: 4.604721e-06, Relative L2 Error: 3.711686e-02
L-BFGS Iteration: 5500, Loss: 4.488152e-06, Relative L2 Error: 3.783120e-02
L-BFGS Iteration: 5600, Loss: 4.389911e-06, Relative L2 Error: 3.756827e-02
L-BFGS Iteration: 5700, Loss: 4.290694e-06, Relative L2 Error: 3.565795e-02
L-BFGS Iteration: 5800, Loss: 4.182768e-06, Relative L2 Error: 3.525823e-02
L-BFGS Iteration: 5900, Loss: 4.070835e-06, Relative L2 Error: 3.689121e-02
L-BFGS Iteration: 6000, Loss: 3.976356e-06, Relative L2 Error: 3.686379e-02
L-BFGS Iteration: 6100, Loss: 3.862581e-06, Relative L2 Error: 3.544154e-02
L-BFGS Iteration: 6200, Loss: 3.732920e-06, Relative L2 Error: 3.560736e-02
L-BFGS Iteration: 6300, Loss: 3.656107e-06, Relative L2 Error: 3.336615e-02
L-BFGS Iteration: 6400, Loss: 3.587895e-06, Relative L2 Error: 3.572201e-02
L-BFGS training completed after 6484 iterations
Model state saved to ./checkpoints/heat3d_exact\2026-03-11_11-00-38-053130\model.pth
Training completed successfully!
Relative L2 error (eval data): 3.70e-02
Saved solution comparison heatmaps to: ./checkpoints/heat3d_exact\2026-03-11_11-00-38-053130\solution_comparison_heat3d.png
