Random seed set to: 487
Solving Burgers equation: u_t + u*u_x = nu*u_xx with nu=0.01
Domain: (x, t) = [-1, 1] x [0, 1]
Using exact solution for boundary and initial conditions
checkpoint path: self.log_path='./checkpoints/burgers_exact\\2026-03-07_19-53-33-714252'
Using Classical Solver2
The settings used:
batch_size : 64
epochs : 20000
lr : 0.001
seed : 487
print_every : 100
log_path : ./checkpoints/burgers_exact
input_dim : 2
output_dim : 1
num_qubits : 5
hidden_dim : 20
num_quantum_layers : 1
classic_network : [2, 20, 1]
q_ansatz : cross_mesh
mode : hybrid
activation : tanh
shots : None
problem : burgers_exact
solver : Classical2
device : cpu
method : None
cutoff_dim : 20
class : CVNeuralNetwork1
encoding : angle
use_rar : True
rar_eval_freq : 2000
rar_threshold : 0.0005
rar_num_candidates : 10000
rar_num_add : 100
use_hybrid_optimizer : True
adam_iterations : 10000
use_scipy_lbfgs : True
lbfgs_lr : 1
lbfgs_line_search : strong_wolfe
lbfgs_tolerance_grad : 1e-05
lbfgs_tolerance_change : 1e-07
lbfgs_maxiter : 10000
lbfgs_factr : 1000.0
lbfgs_pgtol : 1e-14
lbfgs_maxls : 50
lbfgs_m : 100
lbfgs_eval_every : 100
nx : 200
nt : 200
domainN : 500
leftN : 50
rightN : 50
initialN : 50
eval_total_points : 10000
Total number of parameters: 2181
Iteration: 0, loss_r = 2.6e-02 ,  loss_bc = 4.6e-02,  loss_ic = 3.1e-02,  lr = 1.0e-03, time_taken = 2.4e-02, rel_l2_error = 9.6e-01
Model state saved to ./checkpoints/burgers_exact\2026-03-07_19-53-33-714252\model.pth
Iteration: 100, loss_r = 9.4e-04 ,  loss_bc = 4.8e-04,  loss_ic = 1.7e-02,  lr = 1.0e-03, time_taken = 8.8e-03, rel_l2_error = 7.6e-01
Model state saved to ./checkpoints/burgers_exact\2026-03-07_19-53-33-714252\model.pth
Iteration: 200, loss_r = 1.6e-03 ,  loss_bc = 1.5e-04,  loss_ic = 4.7e-03,  lr = 1.0e-03, time_taken = 9.9e-03, rel_l2_error = 4.0e-01
Model state saved to ./checkpoints/burgers_exact\2026-03-07_19-53-33-714252\model.pth
Iteration: 300, loss_r = 1.3e-03 ,  loss_bc = 4.7e-04,  loss_ic = 5.4e-03,  lr = 1.0e-03, time_taken = 1.3e-02, rel_l2_error = 3.9e-01
Model state saved to ./checkpoints/burgers_exact\2026-03-07_19-53-33-714252\model.pth
Iteration: 400, loss_r = 1.2e-03 ,  loss_bc = 3.7e-04,  loss_ic = 3.8e-03,  lr = 1.0e-03, time_taken = 1.0e-02, rel_l2_error = 3.9e-01
Model state saved to ./checkpoints/burgers_exact\2026-03-07_19-53-33-714252\model.pth
Iteration: 500, loss_r = 8.9e-04 ,  loss_bc = 3.5e-04,  loss_ic = 3.3e-03,  lr = 1.0e-03, time_taken = 1.0e-02, rel_l2_error = 3.8e-01
Model state saved to ./checkpoints/burgers_exact\2026-03-07_19-53-33-714252\model.pth
Iteration: 600, loss_r = 7.7e-04 ,  loss_bc = 6.2e-04,  loss_ic = 3.7e-03,  lr = 1.0e-03, time_taken = 9.0e-03, rel_l2_error = 3.5e-01
Model state saved to ./checkpoints/burgers_exact\2026-03-07_19-53-33-714252\model.pth
Iteration: 700, loss_r = 5.1e-04 ,  loss_bc = 2.5e-04,  loss_ic = 4.7e-03,  lr = 1.0e-03, time_taken = 1.1e-02, rel_l2_error = 3.5e-01
Model state saved to ./checkpoints/burgers_exact\2026-03-07_19-53-33-714252\model.pth
Iteration: 800, loss_r = 4.3e-04 ,  loss_bc = 2.9e-04,  loss_ic = 4.1e-03,  lr = 1.0e-03, time_taken = 1.1e-02, rel_l2_error = 2.9e-01
Model state saved to ./checkpoints/burgers_exact\2026-03-07_19-53-33-714252\model.pth
Iteration: 900, loss_r = 3.0e-04 ,  loss_bc = 1.2e-04,  loss_ic = 2.8e-03,  lr = 1.0e-03, time_taken = 7.6e-03, rel_l2_error = 2.9e-01
Model state saved to ./checkpoints/burgers_exact\2026-03-07_19-53-33-714252\model.pth
Iteration: 1000, loss_r = 3.6e-04 ,  loss_bc = 7.7e-05,  loss_ic = 3.2e-03,  lr = 1.0e-03, time_taken = 1.6e-02, rel_l2_error = 3.0e-01
Model state saved to ./checkpoints/burgers_exact\2026-03-07_19-53-33-714252\model.pth
Iteration: 1100, loss_r = 2.8e-04 ,  loss_bc = 5.9e-05,  loss_ic = 1.9e-03,  lr = 1.0e-03, time_taken = 9.9e-03, rel_l2_error = 2.9e-01
Model state saved to ./checkpoints/burgers_exact\2026-03-07_19-53-33-714252\model.pth
Iteration: 1200, loss_r = 3.7e-04 ,  loss_bc = 8.1e-05,  loss_ic = 1.3e-03,  lr = 1.0e-03, time_taken = 1.3e-02, rel_l2_error = 2.3e-01
Model state saved to ./checkpoints/burgers_exact\2026-03-07_19-53-33-714252\model.pth
Iteration: 1300, loss_r = 4.0e-04 ,  loss_bc = 6.6e-05,  loss_ic = 1.7e-03,  lr = 1.0e-03, time_taken = 1.3e-02, rel_l2_error = 2.4e-01
Model state saved to ./checkpoints/burgers_exact\2026-03-07_19-53-33-714252\model.pth
Iteration: 1400, loss_r = 3.2e-04 ,  loss_bc = 1.1e-04,  loss_ic = 1.2e-03,  lr = 1.0e-03, time_taken = 1.4e-02, rel_l2_error = 2.0e-01
Model state saved to ./checkpoints/burgers_exact\2026-03-07_19-53-33-714252\model.pth
Iteration: 1500, loss_r = 3.6e-04 ,  loss_bc = 2.7e-05,  loss_ic = 1.3e-03,  lr = 1.0e-03, time_taken = 6.5e-03, rel_l2_error = 1.9e-01
Model state saved to ./checkpoints/burgers_exact\2026-03-07_19-53-33-714252\model.pth
Iteration: 1600, loss_r = 2.6e-04 ,  loss_bc = 7.8e-05,  loss_ic = 8.1e-04,  lr = 1.0e-03, time_taken = 2.0e-02, rel_l2_error = 1.5e-01
Model state saved to ./checkpoints/burgers_exact\2026-03-07_19-53-33-714252\model.pth
Iteration: 1700, loss_r = 1.8e-04 ,  loss_bc = 1.3e-05,  loss_ic = 3.9e-04,  lr = 1.0e-03, time_taken = 1.4e-02, rel_l2_error = 1.3e-01
Model state saved to ./checkpoints/burgers_exact\2026-03-07_19-53-33-714252\model.pth
Iteration: 1800, loss_r = 1.8e-04 ,  loss_bc = 1.6e-05,  loss_ic = 3.1e-04,  lr = 1.0e-03, time_taken = 1.7e-02, rel_l2_error = 1.0e-01
Model state saved to ./checkpoints/burgers_exact\2026-03-07_19-53-33-714252\model.pth
Iteration: 1900, loss_r = 1.2e-04 ,  loss_bc = 7.4e-06,  loss_ic = 2.6e-04,  lr = 1.0e-03, time_taken = 1.2e-02, rel_l2_error = 1.1e-01
Model state saved to ./checkpoints/burgers_exact\2026-03-07_19-53-33-714252\model.pth
Iteration: 2000, loss_r = 1.8e-04 ,  loss_bc = 6.6e-06,  loss_ic = 1.4e-04,  lr = 1.0e-03, time_taken = 1.4e-02, rel_l2_error = 6.8e-02
Model state saved to ./checkpoints/burgers_exact\2026-03-07_19-53-33-714252\model.pth

=== RAR Evaluation at iteration 2000 ===
Mean residual: 7.773e-03
Adding 100 new point(s) with highest residuals:
  Point 1: [0.0044753 0.5434468], Residual: 4.665e-02
  Point 2: [0.01174247 0.56772196], Residual: 4.609e-02
  Point 3: [0.00499105 0.5380994 ], Residual: 4.358e-02
  Point 4: [0.03722864 0.56256115], Residual: 4.192e-02
  Point 5: [0.04258603 0.5668644 ], Residual: 4.072e-02
  Point 6: [0.05101514 0.5719348 ], Residual: 3.859e-02
  Point 7: [0.04062557 0.550033  ], Residual: 3.770e-02
  Point 8: [ 0.0015772  -0.40504324], Residual: 3.769e-02
  Point 9: [ 0.02172863 -0.50694394], Residual: 3.730e-02
  Point 10: [0.00514513 0.58542943], Residual: 3.715e-02
  Point 11: [ 0.00380319 -0.3977133 ], Residual: 3.606e-02
  Point 12: [ 0.01660526 -0.40610182], Residual: 3.591e-02
  Point 13: [ 0.00643897 -0.5164212 ], Residual: 3.587e-02
  Point 14: [ 0.02857953 -0.50610745], Residual: 3.584e-02
  Point 15: [0.0013997 0.5879843], Residual: 3.544e-02
  Point 16: [0.01237416 0.5308908 ], Residual: 3.523e-02
  Point 17: [ 0.03199345 -0.41421866], Residual: 3.514e-02
  Point 18: [ 0.0337795  -0.41650403], Residual: 3.513e-02
  Point 19: [ 0.0248521 -0.4941243], Residual: 3.437e-02
  Point 20: [ 0.04583514 -0.4232415 ], Residual: 3.431e-02
  Point 21: [ 0.04571486 -0.4256389 ], Residual: 3.409e-02
  Point 22: [0.03503877 0.5881314 ], Residual: 3.409e-02
  Point 23: [0.9881354  0.65857613], Residual: 3.368e-02
  Point 24: [ 0.06076324 -0.4296416 ], Residual: 3.331e-02
  Point 25: [0.06945044 0.56028473], Residual: 3.324e-02
  Point 26: [0.9803898 0.6689068], Residual: 3.316e-02
  Point 27: [0.9752868 0.6589663], Residual: 3.315e-02
  Point 28: [0.07106781 0.5608071 ], Residual: 3.297e-02
  Point 29: [0.9682621 0.6544368], Residual: 3.272e-02
  Point 30: [ 0.06956983 -0.42509937], Residual: 3.270e-02
  Point 31: [ 0.03680468 -0.5156884 ], Residual: 3.251e-02
  Point 32: [0.988832   0.68166447], Residual: 3.236e-02
  Point 33: [0.99307895 0.68403983], Residual: 3.234e-02
  Point 34: [ 0.02242947 -0.42814505], Residual: 3.234e-02
  Point 35: [0.08372974 0.5763205 ], Residual: 3.220e-02
  Point 36: [0.9908876  0.68424463], Residual: 3.211e-02
  Point 37: [0.95115125 0.6529107 ], Residual: 3.194e-02
  Point 38: [ 0.09088045 -0.43409848], Residual: 3.191e-02
  Point 39: [ 0.08836192 -0.4318546 ], Residual: 3.189e-02
  Point 40: [0.98223615 0.64397204], Residual: 3.181e-02
  Point 41: [ 0.277021   -0.65980506], Residual: 3.177e-02
  Point 42: [ 0.29129195 -0.6611676 ], Residual: 3.176e-02
  Point 43: [ 0.29113573 -0.6613362 ], Residual: 3.176e-02
  Point 44: [ 0.29665    -0.66136456], Residual: 3.173e-02
  Point 45: [ 0.2480067 -0.6514306], Residual: 3.172e-02
  Point 46: [ 0.00803167 -0.42620432], Residual: 3.170e-02
  Point 47: [0.9680677  0.67428184], Residual: 3.168e-02
  Point 48: [ 0.31814182 -0.6671488 ], Residual: 3.155e-02
  Point 49: [ 0.10114902 -0.44018996], Residual: 3.155e-02
  Point 50: [ 0.26904732 -0.64879227], Residual: 3.148e-02
  Point 51: [ 0.21860701 -0.64429426], Residual: 3.140e-02
  Point 52: [ 0.31888676 -0.6716472 ], Residual: 3.138e-02
  Point 53: [ 0.3348894 -0.6680616], Residual: 3.134e-02
  Point 54: [ 0.2953915 -0.6697105], Residual: 3.134e-02
  Point 55: [ 0.3042351  -0.67113304], Residual: 3.132e-02
  Point 56: [ 0.31803703 -0.67281413], Residual: 3.129e-02
  Point 57: [ 0.32233196 -0.6732391 ], Residual: 3.128e-02
  Point 58: [ 0.26894552 -0.64672995], Residual: 3.126e-02
  Point 59: [ 0.34256482 -0.67020905], Residual: 3.123e-02
  Point 60: [ 0.26141483 -0.64496994], Residual: 3.122e-02
  Point 61: [ 0.20269495 -0.64463866], Residual: 3.115e-02
  Point 62: [ 0.32743388 -0.66060126], Residual: 3.111e-02
  Point 63: [ 0.26233286 -0.6438829 ], Residual: 3.105e-02
  Point 64: [ 0.28983432 -0.6495042 ], Residual: 3.104e-02
  Point 65: [ 0.19619888 -0.64294255], Residual: 3.103e-02
  Point 66: [ 0.29058218 -0.6492382 ], Residual: 3.098e-02
  Point 67: [ 0.2915544 -0.672405 ], Residual: 3.097e-02
  Point 68: [ 0.34284312 -0.6644944 ], Residual: 3.095e-02
  Point 69: [0.93125004 0.65277886], Residual: 3.090e-02
  Point 70: [ 0.24035865 -0.63932014], Residual: 3.090e-02
  Point 71: [ 0.19948131 -0.64916337], Residual: 3.086e-02
  Point 72: [ 0.35725427 -0.6697285 ], Residual: 3.086e-02
  Point 73: [ 0.35796666 -0.6690463 ], Residual: 3.079e-02
  Point 74: [ 0.23958445 -0.66288424], Residual: 3.078e-02
  Point 75: [ 0.24774528 -0.6651499 ], Residual: 3.074e-02
  Point 76: [ 0.01950419 -0.4850458 ], Residual: 3.070e-02
  Point 77: [0.08134389 0.5866822 ], Residual: 3.061e-02
  Point 78: [ 0.28650385 -0.6741712 ], Residual: 3.060e-02
  Point 79: [ 0.35505903 -0.6655178 ], Residual: 3.060e-02
  Point 80: [ 0.3410492 -0.6820029], Residual: 3.056e-02
  Point 81: [ 0.29275    -0.67552876], Residual: 3.056e-02
  Point 82: [ 0.19857132 -0.63221383], Residual: 3.041e-02
  Point 83: [ 0.24698222 -0.66733205], Residual: 3.039e-02
  Point 84: [ 0.09219408 -0.4263153 ], Residual: 3.037e-02
  Point 85: [ 0.33441818 -0.6563487 ], Residual: 3.027e-02
  Point 86: [ 0.13570255 -0.45351017], Residual: 3.018e-02
  Point 87: [ 0.38011658 -0.68731964], Residual: 3.016e-02
  Point 88: [ 0.16621578 -0.6424854 ], Residual: 3.013e-02
  Point 89: [0.96240693 0.635584  ], Residual: 3.011e-02
  Point 90: [0.9170532  0.63964427], Residual: 3.006e-02
  Point 91: [ 0.34743607 -0.658751  ], Residual: 3.001e-02
  Point 92: [ 0.20108807 -0.65767217], Residual: 3.000e-02
  Point 93: [ 0.261662  -0.6729233], Residual: 2.999e-02
  Point 94: [ 0.13940543 -0.45539474], Residual: 2.998e-02
  Point 95: [ 0.20446885 -0.6588985 ], Residual: 2.997e-02
  Point 96: [ 0.3106643  -0.68230164], Residual: 2.992e-02
  Point 97: [0.06056088 0.5478926 ], Residual: 2.991e-02
  Point 98: [ 0.01342493 -0.5242076 ], Residual: 2.988e-02
  Point 99: [0.930324 0.664287], Residual: 2.988e-02
  Point 100: [ 0.2593904  -0.63695216], Residual: 2.987e-02
Total adaptive points: 100

Iteration: 2100, loss_r = 1.5e-04 ,  loss_bc = 5.3e-05,  loss_ic = 1.4e-04,  lr = 1.0e-03, time_taken = 1.1e-02, rel_l2_error = 4.2e-02
Model state saved to ./checkpoints/burgers_exact\2026-03-07_19-53-33-714252\model.pth
Iteration: 2200, loss_r = 1.3e-04 ,  loss_bc = 7.1e-06,  loss_ic = 9.6e-05,  lr = 1.0e-03, time_taken = 1.5e-02, rel_l2_error = 4.4e-02
Model state saved to ./checkpoints/burgers_exact\2026-03-07_19-53-33-714252\model.pth
Iteration: 2300, loss_r = 9.6e-05 ,  loss_bc = 2.9e-05,  loss_ic = 8.0e-05,  lr = 1.0e-03, time_taken = 1.3e-02, rel_l2_error = 2.6e-02
Model state saved to ./checkpoints/burgers_exact\2026-03-07_19-53-33-714252\model.pth
Iteration: 2400, loss_r = 6.2e-05 ,  loss_bc = 4.1e-06,  loss_ic = 3.0e-05,  lr = 1.0e-03, time_taken = 1.7e-02, rel_l2_error = 3.9e-02
Model state saved to ./checkpoints/burgers_exact\2026-03-07_19-53-33-714252\model.pth
Iteration: 2500, loss_r = 6.3e-05 ,  loss_bc = 3.1e-06,  loss_ic = 3.1e-05,  lr = 1.0e-03, time_taken = 1.3e-02, rel_l2_error = 2.5e-02
Model state saved to ./checkpoints/burgers_exact\2026-03-07_19-53-33-714252\model.pth
Iteration: 2600, loss_r = 4.1e-05 ,  loss_bc = 1.9e-06,  loss_ic = 1.8e-05,  lr = 1.0e-03, time_taken = 9.9e-03, rel_l2_error = 2.6e-02
Model state saved to ./checkpoints/burgers_exact\2026-03-07_19-53-33-714252\model.pth
Iteration: 2700, loss_r = 3.2e-05 ,  loss_bc = 4.6e-06,  loss_ic = 2.0e-05,  lr = 1.0e-03, time_taken = 1.5e-02, rel_l2_error = 2.5e-02
Model state saved to ./checkpoints/burgers_exact\2026-03-07_19-53-33-714252\model.pth
Iteration: 2800, loss_r = 2.3e-05 ,  loss_bc = 1.1e-06,  loss_ic = 1.4e-05,  lr = 1.0e-03, time_taken = 1.9e-02, rel_l2_error = 1.9e-02
Model state saved to ./checkpoints/burgers_exact\2026-03-07_19-53-33-714252\model.pth
Iteration: 2900, loss_r = 2.0e-05 ,  loss_bc = 1.4e-06,  loss_ic = 1.4e-05,  lr = 1.0e-03, time_taken = 1.3e-02, rel_l2_error = 1.8e-02
Model state saved to ./checkpoints/burgers_exact\2026-03-07_19-53-33-714252\model.pth
Iteration: 3000, loss_r = 1.9e-05 ,  loss_bc = 1.7e-06,  loss_ic = 1.2e-05,  lr = 1.0e-03, time_taken = 1.3e-02, rel_l2_error = 1.4e-02
Model state saved to ./checkpoints/burgers_exact\2026-03-07_19-53-33-714252\model.pth
Iteration: 3100, loss_r = 1.6e-05 ,  loss_bc = 2.6e-06,  loss_ic = 8.6e-06,  lr = 1.0e-03, time_taken = 1.6e-02, rel_l2_error = 1.4e-02
Model state saved to ./checkpoints/burgers_exact\2026-03-07_19-53-33-714252\model.pth
Iteration: 3200, loss_r = 1.2e-05 ,  loss_bc = 2.2e-06,  loss_ic = 7.1e-06,  lr = 1.0e-03, time_taken = 1.3e-02, rel_l2_error = 1.6e-02
Model state saved to ./checkpoints/burgers_exact\2026-03-07_19-53-33-714252\model.pth
Iteration: 3300, loss_r = 1.4e-05 ,  loss_bc = 2.1e-06,  loss_ic = 8.5e-06,  lr = 1.0e-03, time_taken = 1.4e-02, rel_l2_error = 1.6e-02
Model state saved to ./checkpoints/burgers_exact\2026-03-07_19-53-33-714252\model.pth
Iteration: 3400, loss_r = 1.2e-05 ,  loss_bc = 6.6e-07,  loss_ic = 5.2e-06,  lr = 1.0e-03, time_taken = 1.5e-02, rel_l2_error = 1.4e-02
Model state saved to ./checkpoints/burgers_exact\2026-03-07_19-53-33-714252\model.pth
Iteration: 3500, loss_r = 1.1e-05 ,  loss_bc = 6.9e-07,  loss_ic = 6.2e-06,  lr = 1.0e-03, time_taken = 1.8e-02, rel_l2_error = 1.7e-02
Model state saved to ./checkpoints/burgers_exact\2026-03-07_19-53-33-714252\model.pth
Iteration: 3600, loss_r = 9.8e-06 ,  loss_bc = 3.7e-06,  loss_ic = 6.9e-06,  lr = 1.0e-03, time_taken = 1.3e-02, rel_l2_error = 9.5e-03
Model state saved to ./checkpoints/burgers_exact\2026-03-07_19-53-33-714252\model.pth
Iteration: 3700, loss_r = 1.5e-05 ,  loss_bc = 4.1e-05,  loss_ic = 1.2e-05,  lr = 1.0e-03, time_taken = 1.7e-02, rel_l2_error = 2.6e-02
Model state saved to ./checkpoints/burgers_exact\2026-03-07_19-53-33-714252\model.pth
Iteration: 3800, loss_r = 2.0e-05 ,  loss_bc = 1.3e-05,  loss_ic = 6.5e-06,  lr = 1.0e-03, time_taken = 1.3e-02, rel_l2_error = 1.2e-02
Model state saved to ./checkpoints/burgers_exact\2026-03-07_19-53-33-714252\model.pth
Iteration: 3900, loss_r = 1.0e-05 ,  loss_bc = 5.5e-07,  loss_ic = 5.5e-06,  lr = 1.0e-03, time_taken = 1.2e-02, rel_l2_error = 8.6e-03
Model state saved to ./checkpoints/burgers_exact\2026-03-07_19-53-33-714252\model.pth
Iteration: 4000, loss_r = 1.1e-05 ,  loss_bc = 4.7e-06,  loss_ic = 6.0e-06,  lr = 1.0e-03, time_taken = 1.1e-02, rel_l2_error = 1.4e-02
Model state saved to ./checkpoints/burgers_exact\2026-03-07_19-53-33-714252\model.pth

=== RAR Evaluation at iteration 4000 ===
Mean residual: 2.924e-03
Adding 100 new point(s) with highest residuals:
  Point 1: [0.00776035 0.4925822 ], Residual: 1.739e-02
  Point 2: [0.0155623 0.5008153], Residual: 1.716e-02
  Point 3: [0.02997965 0.501451  ], Residual: 1.714e-02
  Point 4: [0.05587465 0.50824356], Residual: 1.681e-02
  Point 5: [0.01817846 0.49090588], Residual: 1.676e-02
  Point 6: [0.04680842 0.5109651 ], Residual: 1.663e-02
  Point 7: [0.03816688 0.49626946], Residual: 1.647e-02
  Point 8: [0.08235997 0.5199226 ], Residual: 1.630e-02
  Point 9: [0.0240404 0.5083679], Residual: 1.630e-02
  Point 10: [0.10474896 0.51767683], Residual: 1.599e-02
  Point 11: [0.10066265 0.5263356 ], Residual: 1.596e-02
  Point 12: [0.09046656 0.50832164], Residual: 1.541e-02
  Point 13: [0.16348398 0.53680754], Residual: 1.537e-02
  Point 14: [0.1685366 0.5431093], Residual: 1.523e-02
  Point 15: [0.18289149 0.5401647 ], Residual: 1.502e-02
  Point 16: [0.01774454 0.48343349], Residual: 1.501e-02
  Point 17: [0.19648665 0.54989505], Residual: 1.486e-02
  Point 18: [0.2023862 0.5490619], Residual: 1.482e-02
  Point 19: [0.18242359 0.5367502 ], Residual: 1.476e-02
  Point 20: [0.1682018 0.5483942], Residual: 1.473e-02
  Point 21: [0.00125033 0.5086229 ], Residual: 1.469e-02
  Point 22: [0.18666577 0.55223846], Residual: 1.462e-02
  Point 23: [0.10338348 0.53528893], Residual: 1.460e-02
  Point 24: [0.0415979 0.5201589], Residual: 1.444e-02
  Point 25: [0.09777135 0.5350715 ], Residual: 1.434e-02
  Point 26: [0.10519469 0.50828004], Residual: 1.432e-02
  Point 27: [0.18335152 0.5544833 ], Residual: 1.426e-02
  Point 28: [0.22333884 0.560742  ], Residual: 1.420e-02
  Point 29: [0.12964529 0.5154375 ], Residual: 1.418e-02
  Point 30: [0.18911207 0.5342636 ], Residual: 1.406e-02
  Point 31: [0.06296754 0.528358  ], Residual: 1.370e-02
  Point 32: [0.0414474 0.4867412], Residual: 1.369e-02
  Point 33: [0.25822437 0.56909657], Residual: 1.368e-02
  Point 34: [0.19216645 0.5608177 ], Residual: 1.350e-02
  Point 35: [0.03867817 0.5223987 ], Residual: 1.349e-02
  Point 36: [0.20662731 0.56381917], Residual: 1.348e-02
  Point 37: [0.13990957 0.51583576], Residual: 1.346e-02
  Point 38: [0.24125701 0.5477122 ], Residual: 1.332e-02
  Point 39: [0.14394099 0.55089116], Residual: 1.330e-02
  Point 40: [0.24760956 0.571772  ], Residual: 1.330e-02
  Point 41: [0.28247547 0.5628754 ], Residual: 1.322e-02
  Point 42: [0.24795318 0.5726708 ], Residual: 1.319e-02
  Point 43: [0.2036789 0.5345441], Residual: 1.317e-02
  Point 44: [0.28657627 0.5633786 ], Residual: 1.311e-02
  Point 45: [0.25518686 0.57461524], Residual: 1.306e-02
  Point 46: [0.21787375 0.5685978 ], Residual: 1.302e-02
  Point 47: [0.16354507 0.5573468 ], Residual: 1.291e-02
  Point 48: [0.05650532 0.48880792], Residual: 1.281e-02
  Point 49: [0.00650483 0.40267086], Residual: 1.279e-02
  Point 50: [0.18823326 0.5640657 ], Residual: 1.270e-02
  Point 51: [0.29086804 0.5818521 ], Residual: 1.268e-02
  Point 52: [0.00213063 0.60503745], Residual: 1.267e-02
  Point 53: [0.12376082 0.5081166 ], Residual: 1.261e-02
  Point 54: [0.00560093 0.609388  ], Residual: 1.260e-02
  Point 55: [ 0.00429004 -0.5216254 ], Residual: 1.258e-02
  Point 56: [0.2552603  0.54815984], Residual: 1.256e-02
  Point 57: [0.00839156 0.40691268], Residual: 1.250e-02
  Point 58: [0.30554956 0.5853889 ], Residual: 1.242e-02
  Point 59: [0.24596334 0.57752   ], Residual: 1.238e-02
  Point 60: [0.006069   0.51628697], Residual: 1.237e-02
  Point 61: [0.31937677 0.5695728 ], Residual: 1.235e-02
  Point 62: [0.3010708 0.5624248], Residual: 1.234e-02
  Point 63: [0.25131112 0.54552007], Residual: 1.228e-02
  Point 64: [0.23171484 0.5393716 ], Residual: 1.226e-02
  Point 65: [0.3222803 0.5698998], Residual: 1.226e-02
  Point 66: [0.05056   0.4855876], Residual: 1.224e-02
  Point 67: [0.01539993 0.40076888], Residual: 1.221e-02
  Point 68: [0.30458117 0.5881864 ], Residual: 1.207e-02
  Point 69: [0.01807564 0.61188924], Residual: 1.204e-02
  Point 70: [0.05279708 0.48573446], Residual: 1.204e-02
  Point 71: [0.02016383 0.613194  ], Residual: 1.195e-02
  Point 72: [0.02430642 0.47727954], Residual: 1.193e-02
  Point 73: [0.22366762 0.5756854 ], Residual: 1.191e-02
  Point 74: [0.0090186  0.59878075], Residual: 1.176e-02
  Point 75: [0.2538342  0.58253753], Residual: 1.175e-02
  Point 76: [0.02167356 0.52247965], Residual: 1.172e-02
  Point 77: [0.01085979 0.41455758], Residual: 1.169e-02
  Point 78: [0.01852643 0.5217022 ], Residual: 1.167e-02
  Point 79: [0.02428329 0.60783947], Residual: 1.165e-02
  Point 80: [0.20678759 0.57341933], Residual: 1.161e-02
  Point 81: [0.34225482 0.5722139 ], Residual: 1.161e-02
  Point 82: [ 0.0215385 -0.5336971], Residual: 1.147e-02
  Point 83: [0.0223068  0.41330433], Residual: 1.146e-02
  Point 84: [0.05549508 0.53324175], Residual: 1.143e-02
  Point 85: [0.3183515 0.5945815], Residual: 1.141e-02
  Point 86: [0.00667429 0.38121974], Residual: 1.140e-02
  Point 87: [0.02549863 0.39806402], Residual: 1.139e-02
  Point 88: [0.00085062 0.41757357], Residual: 1.136e-02
  Point 89: [0.2355668 0.5811496], Residual: 1.132e-02
  Point 90: [0.14225703 0.5584513 ], Residual: 1.132e-02
  Point 91: [0.3803954 0.5992985], Residual: 1.126e-02
  Point 92: [0.00721347 0.62832046], Residual: 1.125e-02
  Point 93: [0.34135872 0.59867847], Residual: 1.119e-02
  Point 94: [0.3905627  0.58820903], Residual: 1.114e-02
  Point 95: [0.31764477 0.5609262 ], Residual: 1.112e-02
  Point 96: [0.02975869 0.6042291 ], Residual: 1.111e-02
  Point 97: [0.2928142  0.55301607], Residual: 1.107e-02
  Point 98: [0.06955379 0.4881953 ], Residual: 1.107e-02
  Point 99: [0.27838236 0.590773  ], Residual: 1.107e-02
  Point 100: [0.00480634 0.233783  ], Residual: 1.106e-02
Total adaptive points: 200

Iteration: 4100, loss_r = 1.2e-05 ,  loss_bc = 9.6e-06,  loss_ic = 5.9e-06,  lr = 1.0e-03, time_taken = 1.0e-02, rel_l2_error = 1.3e-02
Model state saved to ./checkpoints/burgers_exact\2026-03-07_19-53-33-714252\model.pth
Iteration: 4200, loss_r = 3.5e-05 ,  loss_bc = 1.2e-05,  loss_ic = 1.1e-05,  lr = 1.0e-03, time_taken = 1.3e-02, rel_l2_error = 1.4e-02
Model state saved to ./checkpoints/burgers_exact\2026-03-07_19-53-33-714252\model.pth
Iteration: 4300, loss_r = 1.2e-05 ,  loss_bc = 1.2e-05,  loss_ic = 6.7e-06,  lr = 1.0e-03, time_taken = 1.1e-02, rel_l2_error = 1.9e-02
Model state saved to ./checkpoints/burgers_exact\2026-03-07_19-53-33-714252\model.pth
Iteration: 4400, loss_r = 2.3e-05 ,  loss_bc = 1.7e-05,  loss_ic = 1.8e-05,  lr = 1.0e-03, time_taken = 1.0e-02, rel_l2_error = 1.8e-02
Model state saved to ./checkpoints/burgers_exact\2026-03-07_19-53-33-714252\model.pth
Iteration: 4500, loss_r = 9.8e-06 ,  loss_bc = 6.1e-07,  loss_ic = 3.7e-06,  lr = 1.0e-03, time_taken = 1.0e-02, rel_l2_error = 1.2e-02
Model state saved to ./checkpoints/burgers_exact\2026-03-07_19-53-33-714252\model.pth
Iteration: 4600, loss_r = 1.3e-05 ,  loss_bc = 2.8e-05,  loss_ic = 1.2e-05,  lr = 1.0e-03, time_taken = 1.7e-02, rel_l2_error = 2.2e-02
Model state saved to ./checkpoints/burgers_exact\2026-03-07_19-53-33-714252\model.pth
Iteration: 4700, loss_r = 6.4e-06 ,  loss_bc = 9.8e-07,  loss_ic = 4.5e-06,  lr = 1.0e-03, time_taken = 1.5e-02, rel_l2_error = 1.2e-02
Model state saved to ./checkpoints/burgers_exact\2026-03-07_19-53-33-714252\model.pth
Iteration: 4800, loss_r = 5.8e-06 ,  loss_bc = 1.6e-07,  loss_ic = 3.2e-06,  lr = 1.0e-03, time_taken = 1.1e-02, rel_l2_error = 6.3e-03
Model state saved to ./checkpoints/burgers_exact\2026-03-07_19-53-33-714252\model.pth
Iteration: 4900, loss_r = 6.2e-06 ,  loss_bc = 1.5e-06,  loss_ic = 2.4e-06,  lr = 1.0e-03, time_taken = 1.2e-02, rel_l2_error = 1.0e-02
Model state saved to ./checkpoints/burgers_exact\2026-03-07_19-53-33-714252\model.pth
Iteration: 5000, loss_r = 7.0e-06 ,  loss_bc = 1.9e-06,  loss_ic = 2.8e-06,  lr = 1.0e-03, time_taken = 1.5e-02, rel_l2_error = 1.0e-02
Model state saved to ./checkpoints/burgers_exact\2026-03-07_19-53-33-714252\model.pth
Iteration: 5100, loss_r = 1.1e-05 ,  loss_bc = 1.2e-06,  loss_ic = 6.8e-06,  lr = 1.0e-03, time_taken = 1.4e-02, rel_l2_error = 1.5e-02
Model state saved to ./checkpoints/burgers_exact\2026-03-07_19-53-33-714252\model.pth
Iteration: 5200, loss_r = 7.3e-06 ,  loss_bc = 1.8e-06,  loss_ic = 3.0e-06,  lr = 1.0e-03, time_taken = 1.0e-02, rel_l2_error = 5.2e-03
Model state saved to ./checkpoints/burgers_exact\2026-03-07_19-53-33-714252\model.pth
Iteration: 5300, loss_r = 6.6e-06 ,  loss_bc = 1.7e-07,  loss_ic = 1.6e-06,  lr = 1.0e-03, time_taken = 1.2e-02, rel_l2_error = 9.7e-03
Model state saved to ./checkpoints/burgers_exact\2026-03-07_19-53-33-714252\model.pth
Iteration: 5400, loss_r = 1.2e-05 ,  loss_bc = 1.4e-06,  loss_ic = 1.1e-05,  lr = 1.0e-03, time_taken = 9.0e-03, rel_l2_error = 1.5e-02
Model state saved to ./checkpoints/burgers_exact\2026-03-07_19-53-33-714252\model.pth
Iteration: 5500, loss_r = 5.9e-06 ,  loss_bc = 1.5e-07,  loss_ic = 1.5e-06,  lr = 1.0e-03, time_taken = 8.5e-03, rel_l2_error = 1.1e-02
Model state saved to ./checkpoints/burgers_exact\2026-03-07_19-53-33-714252\model.pth
Iteration: 5600, loss_r = 4.0e-06 ,  loss_bc = 2.6e-06,  loss_ic = 2.5e-06,  lr = 1.0e-03, time_taken = 1.2e-02, rel_l2_error = 1.4e-02
Model state saved to ./checkpoints/burgers_exact\2026-03-07_19-53-33-714252\model.pth
Iteration: 5700, loss_r = 4.1e-06 ,  loss_bc = 2.8e-06,  loss_ic = 2.7e-06,  lr = 1.0e-03, time_taken = 1.1e-02, rel_l2_error = 9.8e-03
Model state saved to ./checkpoints/burgers_exact\2026-03-07_19-53-33-714252\model.pth
Iteration: 5800, loss_r = 6.4e-06 ,  loss_bc = 3.3e-06,  loss_ic = 3.0e-06,  lr = 1.0e-03, time_taken = 1.3e-02, rel_l2_error = 1.7e-02
Model state saved to ./checkpoints/burgers_exact\2026-03-07_19-53-33-714252\model.pth
Iteration: 5900, loss_r = 1.1e-05 ,  loss_bc = 5.3e-06,  loss_ic = 8.1e-06,  lr = 1.0e-03, time_taken = 1.6e-02, rel_l2_error = 3.1e-02
Model state saved to ./checkpoints/burgers_exact\2026-03-07_19-53-33-714252\model.pth
Iteration: 6000, loss_r = 5.0e-06 ,  loss_bc = 7.7e-07,  loss_ic = 2.2e-06,  lr = 1.0e-03, time_taken = 1.6e-02, rel_l2_error = 1.1e-02
Model state saved to ./checkpoints/burgers_exact\2026-03-07_19-53-33-714252\model.pth

=== RAR Evaluation at iteration 6000 ===
Mean residual: 1.769e-03
Adding 100 new point(s) with highest residuals:
  Point 1: [ 0.01316291 -0.45570898], Residual: 8.242e-03
  Point 2: [ 0.01376319 -0.45560622], Residual: 8.181e-03
  Point 3: [ 0.9960038 -0.5515125], Residual: 7.959e-03
  Point 4: [ 0.00981879 -0.450526  ], Residual: 7.866e-03
  Point 5: [ 0.00148857 -0.44492555], Residual: 7.833e-03
  Point 6: [ 0.9967183 -0.5846245], Residual: 7.621e-03
  Point 7: [ 0.98214525 -0.5478337 ], Residual: 7.611e-03
  Point 8: [ 0.97149044 -0.55548394], Residual: 7.484e-03
  Point 9: [ 0.97941285 -0.57791364], Residual: 7.391e-03
  Point 10: [ 0.9809912 -0.5797726], Residual: 7.371e-03
  Point 11: [ 0.99880147 -0.5307708 ], Residual: 7.369e-03
  Point 12: [ 0.04778183 -0.47295225], Residual: 7.337e-03
  Point 13: [ 0.9972905 -0.527573 ], Residual: 7.209e-03
  Point 14: [ 0.9922518  -0.52929866], Residual: 7.204e-03
  Point 15: [ 0.9568687  -0.56300724], Residual: 7.120e-03
  Point 16: [ 0.00735366 -0.47951794], Residual: 7.116e-03
  Point 17: [ 0.976935   -0.53301024], Residual: 7.094e-03
  Point 18: [ 0.9715356 -0.5342704], Residual: 7.043e-03
  Point 19: [ 0.0050531  -0.44218493], Residual: 7.009e-03
  Point 20: [ 0.98554015 -0.5911516 ], Residual: 6.986e-03
  Point 21: [ 0.9665747  -0.57977843], Residual: 6.967e-03
  Point 22: [ 0.95976543 -0.5389011 ], Residual: 6.965e-03
  Point 23: [ 0.99138606 -0.52399695], Residual: 6.960e-03
  Point 24: [ 0.01569408 -0.4820466 ], Residual: 6.920e-03
  Point 25: [ 0.99023104 -0.5950526 ], Residual: 6.902e-03
  Point 26: [ 0.9464712 -0.5579324], Residual: 6.901e-03
  Point 27: [ 0.9870184 -0.522447 ], Residual: 6.824e-03
  Point 28: [ 0.95833534 -0.53392017], Residual: 6.795e-03
  Point 29: [ 0.06586528 -0.48048007], Residual: 6.729e-03
  Point 30: [ 0.9748514 -0.523733 ], Residual: 6.695e-03
  Point 31: [ 0.00039572 -0.07280588], Residual: 6.679e-03
  Point 32: [0.00045431 0.04145467], Residual: 6.677e-03
  Point 33: [ 0.93674326 -0.55921495], Residual: 6.652e-03
  Point 34: [ 0.94538456 -0.5725237 ], Residual: 6.621e-03
  Point 35: [ 0.9524462 -0.5314443], Residual: 6.610e-03
  Point 36: [ 0.9531963 -0.5304818], Residual: 6.592e-03
  Point 37: [ 0.9332862  -0.54961145], Residual: 6.583e-03
  Point 38: [ 0.96327716 -0.5254592 ], Residual: 6.580e-03
  Point 39: [ 0.94620264 -0.57482815], Residual: 6.569e-03
  Point 40: [ 0.96657956 -0.523594  ], Residual: 6.558e-03
  Point 41: [0.00222224 0.05476558], Residual: 6.544e-03
  Point 42: [ 0.00357527 -0.09537685], Residual: 6.524e-03
  Point 43: [ 0.05107385 -0.46674073], Residual: 6.515e-03
  Point 44: [0.00060302 0.05849767], Residual: 6.513e-03
  Point 45: [ 0.9308405 -0.5596713], Residual: 6.498e-03
  Point 46: [ 0.9832888 -0.516358 ], Residual: 6.485e-03
  Point 47: [ 0.00836003 -0.02055645], Residual: 6.480e-03
  Point 48: [ 0.01150477 -0.00121319], Residual: 6.466e-03
  Point 49: [ 0.9909379 -0.6021584], Residual: 6.464e-03
  Point 50: [0.01198983 0.05398297], Residual: 6.450e-03
  Point 51: [ 0.00727713 -0.05609918], Residual: 6.448e-03
  Point 52: [ 0.00702947 -0.06675303], Residual: 6.447e-03
  Point 53: [0.01528025 0.0163734 ], Residual: 6.446e-03
  Point 54: [0.01678419 0.04890633], Residual: 6.423e-03
  Point 55: [0.01925725 0.03777921], Residual: 6.412e-03
  Point 56: [ 0.01169366 -0.01539183], Residual: 6.406e-03
  Point 57: [ 0.02286547 -0.4857875 ], Residual: 6.370e-03
  Point 58: [0.01805073 0.00932586], Residual: 6.357e-03
  Point 59: [ 0.01056576 -0.04979217], Residual: 6.346e-03
  Point 60: [ 0.00775629 -0.10084581], Residual: 6.342e-03
  Point 61: [ 0.9266376  -0.56468666], Residual: 6.306e-03
  Point 62: [ 0.9971239 -0.6072191], Residual: 6.291e-03
  Point 63: [ 0.9650162 -0.5171201], Residual: 6.255e-03
  Point 64: [ 0.9321364  -0.57315695], Residual: 6.226e-03
  Point 65: [ 0.00642467 -0.1216929 ], Residual: 6.222e-03
  Point 66: [ 0.00362712 -0.13059342], Residual: 6.205e-03
  Point 67: [ 0.92973655 -0.5724641 ], Residual: 6.181e-03
  Point 68: [0.02798665 0.0163902 ], Residual: 6.175e-03
  Point 69: [0.02890748 0.01889706], Residual: 6.170e-03
  Point 70: [ 0.01604831 -0.0553087 ], Residual: 6.153e-03
  Point 71: [0.02861553 0.01428354], Residual: 6.148e-03
  Point 72: [0.03611171 0.04658532], Residual: 6.146e-03
  Point 73: [0.03637111 0.04760218], Residual: 6.142e-03
  Point 74: [ 0.01775247 -0.04529905], Residual: 6.122e-03
  Point 75: [ 0.9278635 -0.5728406], Residual: 6.114e-03
  Point 76: [ 0.9134309  -0.55618846], Residual: 6.088e-03
  Point 77: [0.0065468  0.08027852], Residual: 6.074e-03
  Point 78: [ 0.00784773 -0.13075244], Residual: 6.040e-03
  Point 79: [ 0.02499402 -0.01932609], Residual: 6.017e-03
  Point 80: [ 0.02769232 -0.01314461], Residual: 5.981e-03
  Point 81: [ 0.02209127 -0.04617894], Residual: 5.979e-03
  Point 82: [0.98616314 0.5949843 ], Residual: 5.968e-03
  Point 83: [ 0.07592201 -0.4779303 ], Residual: 5.954e-03
  Point 84: [ 0.00761425 -0.13674319], Residual: 5.943e-03
  Point 85: [0.0403437  0.01997018], Residual: 5.930e-03
  Point 86: [ 0.08860826 -0.49234998], Residual: 5.929e-03
  Point 87: [0.04650992 0.0367806 ], Residual: 5.928e-03
  Point 88: [0.0477621  0.03891373], Residual: 5.918e-03
  Point 89: [ 0.00081116 -0.14960253], Residual: 5.901e-03
  Point 90: [ 0.02024966 -0.09600699], Residual: 5.896e-03
  Point 91: [0.04889518 0.07368994], Residual: 5.888e-03
  Point 92: [0.9841856 0.598925 ], Residual: 5.868e-03
  Point 93: [ 0.92122185 -0.5255834 ], Residual: 5.861e-03
  Point 94: [0.98288506 0.58372223], Residual: 5.852e-03
  Point 95: [ 0.05362242 -0.49387074], Residual: 5.852e-03
  Point 96: [0.02141631 0.08765638], Residual: 5.846e-03
  Point 97: [ 0.09130424 -0.49157727], Residual: 5.843e-03
  Point 98: [ 0.9628989 -0.508229 ], Residual: 5.812e-03
  Point 99: [0.99079186 0.6042421 ], Residual: 5.808e-03
  Point 100: [0.04010332 0.08576274], Residual: 5.800e-03
Total adaptive points: 300

Iteration: 6100, loss_r = 1.0e-05 ,  loss_bc = 1.3e-05,  loss_ic = 6.8e-06,  lr = 1.0e-03, time_taken = 1.4e-02, rel_l2_error = 2.0e-02
Model state saved to ./checkpoints/burgers_exact\2026-03-07_19-53-33-714252\model.pth
Iteration: 6200, loss_r = 7.0e-06 ,  loss_bc = 3.5e-06,  loss_ic = 3.3e-06,  lr = 1.0e-03, time_taken = 1.1e-02, rel_l2_error = 6.7e-03
Model state saved to ./checkpoints/burgers_exact\2026-03-07_19-53-33-714252\model.pth
Iteration: 6300, loss_r = 5.1e-06 ,  loss_bc = 7.7e-07,  loss_ic = 2.2e-06,  lr = 1.0e-03, time_taken = 1.3e-02, rel_l2_error = 8.7e-03
Model state saved to ./checkpoints/burgers_exact\2026-03-07_19-53-33-714252\model.pth
Iteration: 6400, loss_r = 1.7e-05 ,  loss_bc = 1.5e-05,  loss_ic = 5.0e-06,  lr = 1.0e-03, time_taken = 1.3e-02, rel_l2_error = 2.3e-02
Model state saved to ./checkpoints/burgers_exact\2026-03-07_19-53-33-714252\model.pth
Iteration: 6500, loss_r = 1.0e-05 ,  loss_bc = 1.2e-05,  loss_ic = 5.9e-06,  lr = 1.0e-03, time_taken = 1.1e-02, rel_l2_error = 1.8e-02
Model state saved to ./checkpoints/burgers_exact\2026-03-07_19-53-33-714252\model.pth
Iteration: 6600, loss_r = 4.3e-06 ,  loss_bc = 8.5e-07,  loss_ic = 4.8e-06,  lr = 9.0e-04, time_taken = 1.7e-02, rel_l2_error = 1.1e-02
Model state saved to ./checkpoints/burgers_exact\2026-03-07_19-53-33-714252\model.pth
Iteration: 6700, loss_r = 5.0e-06 ,  loss_bc = 7.3e-07,  loss_ic = 2.4e-06,  lr = 9.0e-04, time_taken = 1.1e-02, rel_l2_error = 1.0e-02
Model state saved to ./checkpoints/burgers_exact\2026-03-07_19-53-33-714252\model.pth
Iteration: 6800, loss_r = 8.1e-06 ,  loss_bc = 5.2e-06,  loss_ic = 3.6e-06,  lr = 9.0e-04, time_taken = 1.3e-02, rel_l2_error = 1.3e-02
Model state saved to ./checkpoints/burgers_exact\2026-03-07_19-53-33-714252\model.pth
Iteration: 6900, loss_r = 4.5e-06 ,  loss_bc = 3.2e-07,  loss_ic = 1.9e-06,  lr = 9.0e-04, time_taken = 1.7e-02, rel_l2_error = 7.5e-03
Model state saved to ./checkpoints/burgers_exact\2026-03-07_19-53-33-714252\model.pth
Iteration: 7000, loss_r = 3.9e-06 ,  loss_bc = 8.1e-07,  loss_ic = 1.9e-06,  lr = 9.0e-04, time_taken = 1.5e-02, rel_l2_error = 9.5e-03
Model state saved to ./checkpoints/burgers_exact\2026-03-07_19-53-33-714252\model.pth
Iteration: 7100, loss_r = 5.5e-06 ,  loss_bc = 6.1e-07,  loss_ic = 4.4e-06,  lr = 9.0e-04, time_taken = 1.2e-02, rel_l2_error = 6.5e-03
Model state saved to ./checkpoints/burgers_exact\2026-03-07_19-53-33-714252\model.pth
Iteration: 7200, loss_r = 2.2e-05 ,  loss_bc = 2.4e-05,  loss_ic = 2.6e-05,  lr = 9.0e-04, time_taken = 1.1e-02, rel_l2_error = 4.7e-02
Model state saved to ./checkpoints/burgers_exact\2026-03-07_19-53-33-714252\model.pth
Iteration: 7300, loss_r = 9.8e-06 ,  loss_bc = 7.0e-06,  loss_ic = 4.5e-06,  lr = 9.0e-04, time_taken = 8.6e-03, rel_l2_error = 1.6e-02
Model state saved to ./checkpoints/burgers_exact\2026-03-07_19-53-33-714252\model.pth
Iteration: 7400, loss_r = 6.8e-06 ,  loss_bc = 4.4e-07,  loss_ic = 2.3e-06,  lr = 9.0e-04, time_taken = 9.6e-03, rel_l2_error = 7.2e-03
Model state saved to ./checkpoints/burgers_exact\2026-03-07_19-53-33-714252\model.pth
Iteration: 7500, loss_r = 2.7e-06 ,  loss_bc = 2.2e-07,  loss_ic = 1.7e-06,  lr = 9.0e-04, time_taken = 1.2e-02, rel_l2_error = 5.8e-03
Model state saved to ./checkpoints/burgers_exact\2026-03-07_19-53-33-714252\model.pth
Iteration: 7600, loss_r = 2.9e-06 ,  loss_bc = 8.5e-07,  loss_ic = 2.0e-06,  lr = 9.0e-04, time_taken = 1.2e-02, rel_l2_error = 9.6e-03
Model state saved to ./checkpoints/burgers_exact\2026-03-07_19-53-33-714252\model.pth
Iteration: 7700, loss_r = 2.6e-06 ,  loss_bc = 2.0e-06,  loss_ic = 3.2e-06,  lr = 9.0e-04, time_taken = 5.0e-03, rel_l2_error = 1.3e-02
Model state saved to ./checkpoints/burgers_exact\2026-03-07_19-53-33-714252\model.pth
Iteration: 7800, loss_r = 8.2e-06 ,  loss_bc = 3.2e-06,  loss_ic = 5.3e-06,  lr = 9.0e-04, time_taken = 1.0e-02, rel_l2_error = 2.2e-02
Model state saved to ./checkpoints/burgers_exact\2026-03-07_19-53-33-714252\model.pth
Iteration: 7900, loss_r = 4.2e-06 ,  loss_bc = 1.0e-06,  loss_ic = 1.9e-06,  lr = 9.0e-04, time_taken = 1.7e-02, rel_l2_error = 1.4e-02
Model state saved to ./checkpoints/burgers_exact\2026-03-07_19-53-33-714252\model.pth
Iteration: 8000, loss_r = 4.0e-06 ,  loss_bc = 8.5e-08,  loss_ic = 1.5e-06,  lr = 9.0e-04, time_taken = 1.6e-02, rel_l2_error = 1.2e-02
Model state saved to ./checkpoints/burgers_exact\2026-03-07_19-53-33-714252\model.pth

=== RAR Evaluation at iteration 8000 ===
Mean residual: 1.720e-03
Adding 100 new point(s) with highest residuals:
  Point 1: [ 0.00081986 -0.5277206 ], Residual: 1.204e-02
  Point 2: [ 0.00263613 -0.52578676], Residual: 1.190e-02
  Point 3: [ 0.00222301 -0.52997863], Residual: 1.183e-02
  Point 4: [ 0.00466084 -0.52426696], Residual: 1.168e-02
  Point 5: [ 0.00413632 -0.53027844], Residual: 1.167e-02
  Point 6: [ 0.01708823 -0.53622735], Residual: 1.045e-02
  Point 7: [ 0.01791906 -0.53611624], Residual: 1.041e-02
  Point 8: [ 0.0211271 -0.5358404], Residual: 1.024e-02
  Point 9: [ 0.02608371 -0.5273379 ], Residual: 9.846e-03
  Point 10: [ 0.01528567 -0.5174861 ], Residual: 9.817e-03
  Point 11: [ 0.03696972 -0.5380111 ], Residual: 9.215e-03
  Point 12: [ 0.03309536 -0.54682803], Residual: 8.680e-03
  Point 13: [ 0.01736963 -0.55048597], Residual: 8.555e-03
  Point 14: [ 0.04773861 -0.5339515 ], Residual: 8.492e-03
  Point 15: [ 0.01526779 -0.51052403], Residual: 8.362e-03
  Point 16: [ 0.03805345 -0.52357864], Residual: 8.313e-03
  Point 17: [ 0.03771985 -0.5490415 ], Residual: 8.273e-03
  Point 18: [ 0.04069692 -0.5487281 ], Residual: 8.225e-03
  Point 19: [ 0.0198611  -0.51209474], Residual: 8.152e-03
  Point 20: [ 0.05586696 -0.5425942 ], Residual: 8.090e-03
  Point 21: [ 0.01618767 -0.55356276], Residual: 8.057e-03
  Point 22: [ 0.01759756 -0.55401456], Residual: 7.957e-03
  Point 23: [ 0.03861368 -0.52109087], Residual: 7.859e-03
  Point 24: [ 0.05884719 -0.5477394 ], Residual: 7.728e-03
  Point 25: [ 0.06017637 -0.53505707], Residual: 7.689e-03
  Point 26: [ 0.05258375 -0.5521184 ], Residual: 7.529e-03
  Point 27: [ 0.07250547 -0.54117   ], Residual: 7.233e-03
  Point 28: [ 0.0589236 -0.553776 ], Residual: 7.205e-03
  Point 29: [ 0.03020561 -0.55852175], Residual: 7.043e-03
  Point 30: [ 0.01692623 -0.50631857], Residual: 7.038e-03
  Point 31: [ 0.05154055 -0.55879486], Residual: 6.727e-03
  Point 32: [ 0.06557608 -0.55767965], Residual: 6.654e-03
  Point 33: [ 0.09043431 -0.54605067], Residual: 6.490e-03
  Point 34: [ 0.07660937 -0.53366673], Residual: 6.428e-03
  Point 35: [ 0.03989887 -0.5620867 ], Residual: 6.401e-03
  Point 36: [ 0.03080511 -0.563015  ], Residual: 6.360e-03
  Point 37: [ 0.09475619 -0.5474384 ], Residual: 6.336e-03
  Point 38: [ 0.07210267 -0.55994856], Residual: 6.305e-03
  Point 39: [ 0.13541543 -0.31095958], Residual: 6.217e-03
  Point 40: [ 0.13990861 -0.30216157], Residual: 6.200e-03
  Point 41: [ 0.16099226 -0.3102932 ], Residual: 6.199e-03
  Point 42: [ 0.14335722 -0.3016292 ], Residual: 6.193e-03
  Point 43: [ 0.16368425 -0.3116058 ], Residual: 6.190e-03
  Point 44: [ 0.11306095 -0.31067944], Residual: 6.184e-03
  Point 45: [ 0.13410848 -0.31582928], Residual: 6.175e-03
  Point 46: [ 0.17697418 -0.30539036], Residual: 6.135e-03
  Point 47: [ 0.1041342 -0.2994188], Residual: 6.134e-03
  Point 48: [ 0.17691511 -0.30509531], Residual: 6.133e-03
  Point 49: [ 0.15564567 -0.3204646 ], Residual: 6.112e-03
  Point 50: [ 0.17187828 -0.31920052], Residual: 6.109e-03
  Point 51: [ 0.07656026 -0.5612675 ], Residual: 6.104e-03
  Point 52: [ 0.05575609 -0.5632051 ], Residual: 6.093e-03
  Point 53: [ 0.18658054 -0.31692445], Residual: 6.087e-03
  Point 54: [ 0.08419669 -0.302032  ], Residual: 6.085e-03
  Point 55: [ 0.14161474 -0.32190847], Residual: 6.079e-03
  Point 56: [ 0.16139913 -0.32232738], Residual: 6.074e-03
  Point 57: [ 0.15654272 -0.29447365], Residual: 6.071e-03
  Point 58: [ 0.1757291  -0.29860985], Residual: 6.069e-03
  Point 59: [ 0.17012733 -0.29568744], Residual: 6.046e-03
  Point 60: [ 0.11387533 -0.29203725], Residual: 6.043e-03
  Point 61: [ 0.16418582 -0.2940601 ], Residual: 6.040e-03
  Point 62: [ 0.10053039 -0.545547  ], Residual: 6.021e-03
  Point 63: [ 0.16200465 -0.29222202], Residual: 6.011e-03
  Point 64: [ 0.14642572 -0.32522392], Residual: 6.005e-03
  Point 65: [ 0.07391155 -0.2969793 ], Residual: 5.989e-03
  Point 66: [ 0.20790046 -0.31298065], Residual: 5.987e-03
  Point 67: [ 0.20120221 -0.32049942], Residual: 5.983e-03
  Point 68: [ 0.11955667 -0.28799784], Residual: 5.962e-03
  Point 69: [ 0.14165747 -0.2879423 ], Residual: 5.961e-03
  Point 70: [ 0.05377215 -0.30758643], Residual: 5.947e-03
  Point 71: [ 0.42487812 -0.5206877 ], Residual: 5.940e-03
  Point 72: [0.00896639 0.26239657], Residual: 5.940e-03
  Point 73: [ 0.06333762 -0.29723763], Residual: 5.938e-03
  Point 74: [ 0.05050009 -0.3072952 ], Residual: 5.931e-03
  Point 75: [ 0.04875189 -0.3072511 ], Residual: 5.922e-03
  Point 76: [ 0.12823302 -0.28589022], Residual: 5.915e-03
  Point 77: [ 0.46814638 -0.5376959 ], Residual: 5.908e-03
  Point 78: [ 0.21873492 -0.31483173], Residual: 5.907e-03
  Point 79: [0.02279037 0.2561519 ], Residual: 5.900e-03
  Point 80: [ 0.10805517 -0.286227  ], Residual: 5.898e-03
  Point 81: [0.02357161 0.2667513 ], Residual: 5.892e-03
  Point 82: [ 0.15614438 -0.28618693], Residual: 5.888e-03
  Point 83: [ 0.10624599 -0.32547474], Residual: 5.888e-03
  Point 84: [0.02924383 0.26438642], Residual: 5.888e-03
  Point 85: [ 0.06475949 -0.29351473], Residual: 5.887e-03
  Point 86: [ 0.04199976 -0.3048365 ], Residual: 5.886e-03
  Point 87: [ 0.06029058 -0.3171736 ], Residual: 5.881e-03
  Point 88: [ 0.21878278 -0.30690312], Residual: 5.880e-03
  Point 89: [ 0.00346178 -0.6280457 ], Residual: 5.879e-03
  Point 90: [ 0.03941476 -0.30940402], Residual: 5.871e-03
  Point 91: [ 0.04070967 -0.30093944], Residual: 5.857e-03
  Point 92: [ 0.18453336 -0.33018553], Residual: 5.848e-03
  Point 93: [ 0.48691708 -0.53961575], Residual: 5.839e-03
  Point 94: [ 0.05374962 -0.29382932], Residual: 5.832e-03
  Point 95: [ 0.3584209 -0.5123627], Residual: 5.830e-03
  Point 96: [ 0.352539  -0.5088308], Residual: 5.822e-03
  Point 97: [ 0.0307712  -0.30227852], Residual: 5.818e-03
  Point 98: [ 0.03380424 -0.30050242], Residual: 5.817e-03
  Point 99: [ 0.46661198 -0.55015266], Residual: 5.809e-03
  Point 100: [0.03960508 0.26145434], Residual: 5.798e-03
Total adaptive points: 400

Iteration: 8100, loss_r = 4.6e-06 ,  loss_bc = 5.1e-07,  loss_ic = 2.3e-06,  lr = 9.0e-04, time_taken = 1.7e-02, rel_l2_error = 1.5e-02
Model state saved to ./checkpoints/burgers_exact\2026-03-07_19-53-33-714252\model.pth
Iteration: 8200, loss_r = 1.1e-05 ,  loss_bc = 1.3e-05,  loss_ic = 9.1e-06,  lr = 9.0e-04, time_taken = 1.7e-02, rel_l2_error = 2.2e-02
Model state saved to ./checkpoints/burgers_exact\2026-03-07_19-53-33-714252\model.pth
Iteration: 8300, loss_r = 3.8e-06 ,  loss_bc = 1.0e-07,  loss_ic = 1.5e-06,  lr = 9.0e-04, time_taken = 1.5e-02, rel_l2_error = 8.4e-03
Model state saved to ./checkpoints/burgers_exact\2026-03-07_19-53-33-714252\model.pth
Iteration: 8400, loss_r = 2.6e-06 ,  loss_bc = 7.2e-07,  loss_ic = 2.5e-06,  lr = 9.0e-04, time_taken = 1.7e-02, rel_l2_error = 1.3e-02
Model state saved to ./checkpoints/burgers_exact\2026-03-07_19-53-33-714252\model.pth
Iteration: 8500, loss_r = 4.2e-06 ,  loss_bc = 2.3e-06,  loss_ic = 4.5e-06,  lr = 9.0e-04, time_taken = 1.8e-02, rel_l2_error = 1.2e-02
Model state saved to ./checkpoints/burgers_exact\2026-03-07_19-53-33-714252\model.pth
Iteration: 8600, loss_r = 3.0e-06 ,  loss_bc = 7.3e-07,  loss_ic = 1.0e-06,  lr = 8.1e-04, time_taken = 1.7e-02, rel_l2_error = 1.3e-02
Model state saved to ./checkpoints/burgers_exact\2026-03-07_19-53-33-714252\model.pth
Iteration: 8700, loss_r = 2.6e-06 ,  loss_bc = 4.1e-07,  loss_ic = 2.0e-06,  lr = 8.1e-04, time_taken = 1.6e-02, rel_l2_error = 6.8e-03
Model state saved to ./checkpoints/burgers_exact\2026-03-07_19-53-33-714252\model.pth
Iteration: 8800, loss_r = 3.8e-06 ,  loss_bc = 3.0e-07,  loss_ic = 1.6e-06,  lr = 8.1e-04, time_taken = 1.0e-02, rel_l2_error = 1.2e-02
Model state saved to ./checkpoints/burgers_exact\2026-03-07_19-53-33-714252\model.pth
Iteration: 8900, loss_r = 6.4e-06 ,  loss_bc = 3.8e-06,  loss_ic = 2.5e-06,  lr = 8.1e-04, time_taken = 1.8e-02, rel_l2_error = 1.2e-02
Model state saved to ./checkpoints/burgers_exact\2026-03-07_19-53-33-714252\model.pth
Iteration: 9000, loss_r = 6.8e-06 ,  loss_bc = 1.4e-07,  loss_ic = 5.8e-06,  lr = 8.1e-04, time_taken = 1.4e-02, rel_l2_error = 9.4e-03
Model state saved to ./checkpoints/burgers_exact\2026-03-07_19-53-33-714252\model.pth
Iteration: 9100, loss_r = 3.3e-06 ,  loss_bc = 2.8e-07,  loss_ic = 1.7e-06,  lr = 8.1e-04, time_taken = 1.6e-02, rel_l2_error = 7.7e-03
Model state saved to ./checkpoints/burgers_exact\2026-03-07_19-53-33-714252\model.pth
Iteration: 9200, loss_r = 3.2e-06 ,  loss_bc = 1.1e-06,  loss_ic = 3.1e-06,  lr = 8.1e-04, time_taken = 1.6e-02, rel_l2_error = 1.5e-02
Model state saved to ./checkpoints/burgers_exact\2026-03-07_19-53-33-714252\model.pth
Iteration: 9300, loss_r = 5.2e-06 ,  loss_bc = 8.9e-08,  loss_ic = 1.5e-06,  lr = 8.1e-04, time_taken = 1.5e-02, rel_l2_error = 9.1e-03
Model state saved to ./checkpoints/burgers_exact\2026-03-07_19-53-33-714252\model.pth
Iteration: 9400, loss_r = 1.2e-05 ,  loss_bc = 7.8e-06,  loss_ic = 5.4e-06,  lr = 8.1e-04, time_taken = 1.7e-02, rel_l2_error = 2.3e-02
Model state saved to ./checkpoints/burgers_exact\2026-03-07_19-53-33-714252\model.pth
Iteration: 9500, loss_r = 2.5e-06 ,  loss_bc = 6.4e-08,  loss_ic = 1.1e-06,  lr = 8.1e-04, time_taken = 1.9e-02, rel_l2_error = 7.3e-03
Model state saved to ./checkpoints/burgers_exact\2026-03-07_19-53-33-714252\model.pth
Iteration: 9600, loss_r = 4.2e-06 ,  loss_bc = 3.7e-06,  loss_ic = 4.8e-06,  lr = 8.1e-04, time_taken = 1.9e-02, rel_l2_error = 1.9e-02
Model state saved to ./checkpoints/burgers_exact\2026-03-07_19-53-33-714252\model.pth
Iteration: 9700, loss_r = 2.6e-06 ,  loss_bc = 3.1e-07,  loss_ic = 1.1e-06,  lr = 8.1e-04, time_taken = 1.8e-02, rel_l2_error = 6.8e-03
Model state saved to ./checkpoints/burgers_exact\2026-03-07_19-53-33-714252\model.pth
Iteration: 9800, loss_r = 2.6e-06 ,  loss_bc = 7.5e-07,  loss_ic = 3.9e-06,  lr = 8.1e-04, time_taken = 1.7e-02, rel_l2_error = 8.1e-03
Model state saved to ./checkpoints/burgers_exact\2026-03-07_19-53-33-714252\model.pth
Iteration: 9900, loss_r = 3.6e-06 ,  loss_bc = 7.1e-07,  loss_ic = 2.4e-06,  lr = 8.1e-04, time_taken = 1.8e-02, rel_l2_error = 8.0e-03
Model state saved to ./checkpoints/burgers_exact\2026-03-07_19-53-33-714252\model.pth

=== Switching to LBFGS optimizer at iteration 10000 ===
Using scipy L-BFGS-B optimizer (bburgers_hybrid_trainer.py approach)
Optimizer: L-BFGS-B (maxiter=10000, factr=1000.0, m=100, maxls=50, pgtol=1e-14)
L-BFGS Iteration: 0, Loss: 8.002531e-06
L-BFGS Iteration: 1, Loss: 3.800593e-06, Relative L2 Error: 6.923567e-03
L-BFGS: Time for 100 iterations = 4.6539 s
L-BFGS Iteration: 100, Loss: 1.439240e-06, Relative L2 Error: 3.618509e-03
L-BFGS Iteration: 200, Loss: 6.594897e-07, Relative L2 Error: 2.080380e-03
L-BFGS Iteration: 300, Loss: 3.676755e-07, Relative L2 Error: 1.342949e-03
L-BFGS Iteration: 400, Loss: 2.162419e-07, Relative L2 Error: 7.989898e-04
L-BFGS Iteration: 500, Loss: 1.108426e-07, Relative L2 Error: 5.842199e-04
L-BFGS Iteration: 600, Loss: 5.679946e-08, Relative L2 Error: 3.859697e-04
L-BFGS Iteration: 700, Loss: 4.334284e-08, Relative L2 Error: 3.204502e-04
L-BFGS Iteration: 800, Loss: 2.978412e-08, Relative L2 Error: 3.035947e-04
L-BFGS optimization finished after 827 iterations.
L-BFGS training completed after 827 iterations
Model state saved to ./checkpoints/burgers_exact\2026-03-07_19-53-33-714252\model.pth
Training completed successfully!
Evaluating on 40000 points using chunk size 500
RelL2_U%  : 3.083e-02 
Saved solution comparison heatmaps to: ./checkpoints/burgers_exact\2026-03-07_19-53-33-714252\solution_comparison_burgers_exact.png
