Random seed set to: 3407
Solving 3D heat equation u_t = alpha (u_{xx}+u_{yy}+u_{zz}) on [0,1]^3 with homogeneous Dirichlet BC
Using DV Solver
The settings used:
batch_size : 64
epochs : 20000
lr : 0.001
seed : 3407
print_every : 100
log_path : ./checkpoints/heat3d_exact
input_dim : 4
output_dim : 1
num_qubits : 5
hidden_dim : 20
num_quantum_layers : 1
classic_network : [4, 20, 1]
q_ansatz : cross_mesh
mode : hybrid
activation : tanh
shots : None
problem : heat3d_exact
solver : DV
device : cpu
method : None
cutoff_dim : 20
class : CVNeuralNetwork1
encoding : angle
use_rar : True
rar_eval_freq : 2000
rar_threshold : 0.0005
rar_num_candidates : 10000
rar_num_add : 100
use_hybrid_optimizer : True
adam_iterations : 10000
use_scipy_lbfgs : True
lbfgs_lr : 1
lbfgs_line_search : strong_wolfe
lbfgs_tolerance_grad : 1e-05
lbfgs_tolerance_change : 1e-07
lbfgs_maxiter : 10000
lbfgs_factr : 1000.0
lbfgs_pgtol : 1e-14
lbfgs_maxls : 50
lbfgs_m : 100
lbfgs_eval_every : 100
domainN : 500
boundaryN : 50
initialN : 50
eval_total_points : 10000
nx : 200
nt : 200
y0 : 0.5
z0 : 0.5
alpha : 0.1
Total number of parameters: 1226
The circuit used in the study:
Iteration: 0, loss_r = 5.7e-05 ,  loss_bc = 1.9e-01,  loss_ic = 2.5e-01,  lr = 1.0e-03, time_taken = 2.5e+00, rel_l2_error = 1.7e+00
Model state saved to ./checkpoints/heat3d_exact\2026-03-06_12-13-28-106103\model.pth
Iteration: 100, loss_r = 4.9e-03 ,  loss_bc = 1.1e-02,  loss_ic = 6.9e-02,  lr = 1.0e-03, time_taken = 8.8e-01, rel_l2_error = 7.5e-01
Model state saved to ./checkpoints/heat3d_exact\2026-03-06_12-13-28-106103\model.pth
Iteration: 200, loss_r = 5.8e-03 ,  loss_bc = 2.0e-02,  loss_ic = 3.6e-02,  lr = 1.0e-03, time_taken = 8.3e-01, rel_l2_error = 7.2e-01
Model state saved to ./checkpoints/heat3d_exact\2026-03-06_12-13-28-106103\model.pth
Iteration: 300, loss_r = 8.0e-03 ,  loss_bc = 1.6e-02,  loss_ic = 6.3e-02,  lr = 1.0e-03, time_taken = 8.6e-01, rel_l2_error = 6.9e-01
Model state saved to ./checkpoints/heat3d_exact\2026-03-06_12-13-28-106103\model.pth
Iteration: 400, loss_r = 8.7e-03 ,  loss_bc = 1.2e-02,  loss_ic = 5.3e-02,  lr = 1.0e-03, time_taken = 1.0e+00, rel_l2_error = 6.9e-01
Model state saved to ./checkpoints/heat3d_exact\2026-03-06_12-13-28-106103\model.pth
Iteration: 500, loss_r = 9.3e-03 ,  loss_bc = 1.3e-02,  loss_ic = 5.2e-02,  lr = 1.0e-03, time_taken = 1.2e+00, rel_l2_error = 6.6e-01
Model state saved to ./checkpoints/heat3d_exact\2026-03-06_12-13-28-106103\model.pth
Iteration: 600, loss_r = 1.3e-02 ,  loss_bc = 1.5e-02,  loss_ic = 3.1e-02,  lr = 1.0e-03, time_taken = 8.8e-01, rel_l2_error = 6.1e-01
Model state saved to ./checkpoints/heat3d_exact\2026-03-06_12-13-28-106103\model.pth
Iteration: 700, loss_r = 7.4e-03 ,  loss_bc = 8.5e-03,  loss_ic = 2.3e-02,  lr = 1.0e-03, time_taken = 9.9e-01, rel_l2_error = 5.2e-01
Model state saved to ./checkpoints/heat3d_exact\2026-03-06_12-13-28-106103\model.pth
Iteration: 800, loss_r = 1.6e-02 ,  loss_bc = 5.2e-03,  loss_ic = 1.4e-02,  lr = 1.0e-03, time_taken = 9.9e-01, rel_l2_error = 4.4e-01
Model state saved to ./checkpoints/heat3d_exact\2026-03-06_12-13-28-106103\model.pth
Iteration: 900, loss_r = 9.6e-03 ,  loss_bc = 5.1e-03,  loss_ic = 1.0e-02,  lr = 1.0e-03, time_taken = 9.1e-01, rel_l2_error = 3.5e-01
Model state saved to ./checkpoints/heat3d_exact\2026-03-06_12-13-28-106103\model.pth
Iteration: 1000, loss_r = 2.0e-03 ,  loss_bc = 4.2e-03,  loss_ic = 9.1e-03,  lr = 1.0e-03, time_taken = 8.8e-01, rel_l2_error = 3.3e-01
Model state saved to ./checkpoints/heat3d_exact\2026-03-06_12-13-28-106103\model.pth
Iteration: 1100, loss_r = 3.7e-03 ,  loss_bc = 4.4e-03,  loss_ic = 6.5e-03,  lr = 1.0e-03, time_taken = 9.2e-01, rel_l2_error = 3.1e-01
Model state saved to ./checkpoints/heat3d_exact\2026-03-06_12-13-28-106103\model.pth
Iteration: 1200, loss_r = 2.5e-03 ,  loss_bc = 4.2e-03,  loss_ic = 3.7e-03,  lr = 1.0e-03, time_taken = 1.0e+00, rel_l2_error = 2.8e-01
Model state saved to ./checkpoints/heat3d_exact\2026-03-06_12-13-28-106103\model.pth
Iteration: 1300, loss_r = 2.5e-03 ,  loss_bc = 4.3e-03,  loss_ic = 3.2e-03,  lr = 1.0e-03, time_taken = 1.2e+00, rel_l2_error = 2.8e-01
Model state saved to ./checkpoints/heat3d_exact\2026-03-06_12-13-28-106103\model.pth
Iteration: 1400, loss_r = 3.0e-03 ,  loss_bc = 4.6e-03,  loss_ic = 3.0e-03,  lr = 1.0e-03, time_taken = 9.6e-01, rel_l2_error = 2.6e-01
Model state saved to ./checkpoints/heat3d_exact\2026-03-06_12-13-28-106103\model.pth
Iteration: 1500, loss_r = 2.1e-03 ,  loss_bc = 4.0e-03,  loss_ic = 2.0e-03,  lr = 1.0e-03, time_taken = 9.7e-01, rel_l2_error = 2.5e-01
Model state saved to ./checkpoints/heat3d_exact\2026-03-06_12-13-28-106103\model.pth
Iteration: 1600, loss_r = 2.2e-03 ,  loss_bc = 4.0e-03,  loss_ic = 2.1e-03,  lr = 1.0e-03, time_taken = 8.7e-01, rel_l2_error = 2.4e-01
Model state saved to ./checkpoints/heat3d_exact\2026-03-06_12-13-28-106103\model.pth
Iteration: 1700, loss_r = 1.8e-03 ,  loss_bc = 3.4e-03,  loss_ic = 2.1e-03,  lr = 1.0e-03, time_taken = 8.6e-01, rel_l2_error = 2.4e-01
Model state saved to ./checkpoints/heat3d_exact\2026-03-06_12-13-28-106103\model.pth
Iteration: 1800, loss_r = 1.4e-03 ,  loss_bc = 2.9e-03,  loss_ic = 2.5e-03,  lr = 1.0e-03, time_taken = 9.9e-01, rel_l2_error = 2.6e-01
Model state saved to ./checkpoints/heat3d_exact\2026-03-06_12-13-28-106103\model.pth
Iteration: 1900, loss_r = 2.0e-03 ,  loss_bc = 3.5e-03,  loss_ic = 2.0e-03,  lr = 1.0e-03, time_taken = 1.0e+00, rel_l2_error = 2.6e-01
Model state saved to ./checkpoints/heat3d_exact\2026-03-06_12-13-28-106103\model.pth
Iteration: 2000, loss_r = 1.0e-03 ,  loss_bc = 3.7e-03,  loss_ic = 1.6e-03,  lr = 1.0e-03, time_taken = 8.9e-01, rel_l2_error = 2.3e-01
Model state saved to ./checkpoints/heat3d_exact\2026-03-06_12-13-28-106103\model.pth

=== RAR Evaluation at iteration 2000 ===
Mean residual: 3.257e-01
Added 100 point(s). Total adaptive points: 100

Iteration: 2100, loss_r = 3.2e-03 ,  loss_bc = 3.7e-03,  loss_ic = 2.0e-03,  lr = 1.0e-03, time_taken = 1.3e+00, rel_l2_error = 2.4e-01
Model state saved to ./checkpoints/heat3d_exact\2026-03-06_12-13-28-106103\model.pth
Iteration: 2200, loss_r = 1.3e-03 ,  loss_bc = 5.1e-03,  loss_ic = 1.6e-03,  lr = 1.0e-03, time_taken = 8.8e-01, rel_l2_error = 2.5e-01
Model state saved to ./checkpoints/heat3d_exact\2026-03-06_12-13-28-106103\model.pth
Iteration: 2300, loss_r = 2.9e-03 ,  loss_bc = 4.2e-03,  loss_ic = 2.1e-03,  lr = 1.0e-03, time_taken = 1.0e+00, rel_l2_error = 2.5e-01
Model state saved to ./checkpoints/heat3d_exact\2026-03-06_12-13-28-106103\model.pth
Iteration: 2400, loss_r = 1.5e-03 ,  loss_bc = 3.8e-03,  loss_ic = 1.4e-03,  lr = 1.0e-03, time_taken = 1.0e+00, rel_l2_error = 2.5e-01
Model state saved to ./checkpoints/heat3d_exact\2026-03-06_12-13-28-106103\model.pth
Iteration: 2500, loss_r = 2.2e-03 ,  loss_bc = 3.7e-03,  loss_ic = 1.3e-03,  lr = 1.0e-03, time_taken = 8.6e-01, rel_l2_error = 2.4e-01
Model state saved to ./checkpoints/heat3d_exact\2026-03-06_12-13-28-106103\model.pth
Iteration: 2600, loss_r = 2.0e-03 ,  loss_bc = 4.4e-03,  loss_ic = 1.1e-03,  lr = 1.0e-03, time_taken = 8.6e-01, rel_l2_error = 2.4e-01
Model state saved to ./checkpoints/heat3d_exact\2026-03-06_12-13-28-106103\model.pth
Iteration: 2700, loss_r = 1.2e-03 ,  loss_bc = 3.6e-03,  loss_ic = 1.0e-03,  lr = 9.0e-04, time_taken = 1.0e+00, rel_l2_error = 2.4e-01
Model state saved to ./checkpoints/heat3d_exact\2026-03-06_12-13-28-106103\model.pth
Iteration: 2800, loss_r = 1.4e-03 ,  loss_bc = 3.5e-03,  loss_ic = 1.7e-03,  lr = 9.0e-04, time_taken = 9.3e-01, rel_l2_error = 2.5e-01
Model state saved to ./checkpoints/heat3d_exact\2026-03-06_12-13-28-106103\model.pth
Iteration: 2900, loss_r = 1.8e-03 ,  loss_bc = 3.1e-03,  loss_ic = 1.8e-03,  lr = 9.0e-04, time_taken = 8.9e-01, rel_l2_error = 2.4e-01
Model state saved to ./checkpoints/heat3d_exact\2026-03-06_12-13-28-106103\model.pth
Iteration: 3000, loss_r = 4.0e-03 ,  loss_bc = 3.7e-03,  loss_ic = 1.3e-03,  lr = 9.0e-04, time_taken = 9.8e-01, rel_l2_error = 2.3e-01
Model state saved to ./checkpoints/heat3d_exact\2026-03-06_12-13-28-106103\model.pth
Iteration: 3100, loss_r = 8.9e-04 ,  loss_bc = 3.7e-03,  loss_ic = 1.1e-03,  lr = 9.0e-04, time_taken = 1.0e+00, rel_l2_error = 2.2e-01
Model state saved to ./checkpoints/heat3d_exact\2026-03-06_12-13-28-106103\model.pth
Iteration: 3200, loss_r = 1.1e-03 ,  loss_bc = 4.2e-03,  loss_ic = 1.7e-03,  lr = 9.0e-04, time_taken = 9.0e-01, rel_l2_error = 2.3e-01
Model state saved to ./checkpoints/heat3d_exact\2026-03-06_12-13-28-106103\model.pth
Iteration: 3300, loss_r = 1.4e-03 ,  loss_bc = 2.8e-03,  loss_ic = 1.8e-03,  lr = 9.0e-04, time_taken = 1.3e+00, rel_l2_error = 2.2e-01
Model state saved to ./checkpoints/heat3d_exact\2026-03-06_12-13-28-106103\model.pth
Iteration: 3400, loss_r = 1.0e-03 ,  loss_bc = 2.8e-03,  loss_ic = 1.2e-03,  lr = 9.0e-04, time_taken = 9.6e-01, rel_l2_error = 2.3e-01
Model state saved to ./checkpoints/heat3d_exact\2026-03-06_12-13-28-106103\model.pth
Iteration: 3500, loss_r = 1.4e-03 ,  loss_bc = 4.2e-03,  loss_ic = 8.8e-04,  lr = 9.0e-04, time_taken = 9.1e-01, rel_l2_error = 2.1e-01
Model state saved to ./checkpoints/heat3d_exact\2026-03-06_12-13-28-106103\model.pth
Iteration: 3600, loss_r = 1.4e-03 ,  loss_bc = 3.0e-03,  loss_ic = 1.6e-03,  lr = 9.0e-04, time_taken = 8.1e-01, rel_l2_error = 2.3e-01
Model state saved to ./checkpoints/heat3d_exact\2026-03-06_12-13-28-106103\model.pth
Iteration: 3700, loss_r = 1.4e-03 ,  loss_bc = 3.0e-03,  loss_ic = 9.6e-04,  lr = 9.0e-04, time_taken = 1.0e+00, rel_l2_error = 2.1e-01
Model state saved to ./checkpoints/heat3d_exact\2026-03-06_12-13-28-106103\model.pth
Iteration: 3800, loss_r = 1.3e-03 ,  loss_bc = 3.1e-03,  loss_ic = 1.4e-03,  lr = 9.0e-04, time_taken = 9.8e-01, rel_l2_error = 2.2e-01
Model state saved to ./checkpoints/heat3d_exact\2026-03-06_12-13-28-106103\model.pth
Iteration: 3900, loss_r = 6.1e-04 ,  loss_bc = 3.2e-03,  loss_ic = 9.3e-04,  lr = 9.0e-04, time_taken = 9.7e-01, rel_l2_error = 2.2e-01
Model state saved to ./checkpoints/heat3d_exact\2026-03-06_12-13-28-106103\model.pth
Iteration: 4000, loss_r = 1.0e-03 ,  loss_bc = 3.0e-03,  loss_ic = 7.9e-04,  lr = 9.0e-04, time_taken = 9.1e-01, rel_l2_error = 2.2e-01
Model state saved to ./checkpoints/heat3d_exact\2026-03-06_12-13-28-106103\model.pth

=== RAR Evaluation at iteration 4000 ===
Mean residual: 3.405e-01
Added 100 point(s). Total adaptive points: 200

Iteration: 4100, loss_r = 1.0e-03 ,  loss_bc = 3.2e-03,  loss_ic = 1.1e-03,  lr = 9.0e-04, time_taken = 1.2e+00, rel_l2_error = 2.2e-01
Model state saved to ./checkpoints/heat3d_exact\2026-03-06_12-13-28-106103\model.pth
Iteration: 4200, loss_r = 7.1e-04 ,  loss_bc = 3.3e-03,  loss_ic = 1.1e-03,  lr = 9.0e-04, time_taken = 1.1e+00, rel_l2_error = 2.1e-01
Model state saved to ./checkpoints/heat3d_exact\2026-03-06_12-13-28-106103\model.pth
Iteration: 4300, loss_r = 1.1e-03 ,  loss_bc = 3.1e-03,  loss_ic = 9.7e-04,  lr = 9.0e-04, time_taken = 8.5e-01, rel_l2_error = 2.0e-01
Model state saved to ./checkpoints/heat3d_exact\2026-03-06_12-13-28-106103\model.pth
Iteration: 4400, loss_r = 5.8e-04 ,  loss_bc = 3.2e-03,  loss_ic = 1.2e-03,  lr = 9.0e-04, time_taken = 9.7e-01, rel_l2_error = 2.2e-01
Model state saved to ./checkpoints/heat3d_exact\2026-03-06_12-13-28-106103\model.pth
Iteration: 4500, loss_r = 7.3e-04 ,  loss_bc = 2.4e-03,  loss_ic = 7.9e-04,  lr = 9.0e-04, time_taken = 1.3e+00, rel_l2_error = 2.1e-01
Model state saved to ./checkpoints/heat3d_exact\2026-03-06_12-13-28-106103\model.pth
Iteration: 4600, loss_r = 1.2e-03 ,  loss_bc = 3.5e-03,  loss_ic = 7.4e-04,  lr = 9.0e-04, time_taken = 1.2e+00, rel_l2_error = 2.1e-01
Model state saved to ./checkpoints/heat3d_exact\2026-03-06_12-13-28-106103\model.pth
Iteration: 4700, loss_r = 6.7e-04 ,  loss_bc = 2.7e-03,  loss_ic = 1.3e-03,  lr = 9.0e-04, time_taken = 9.7e-01, rel_l2_error = 2.0e-01
Model state saved to ./checkpoints/heat3d_exact\2026-03-06_12-13-28-106103\model.pth
Iteration: 4800, loss_r = 1.1e-03 ,  loss_bc = 2.2e-03,  loss_ic = 1.3e-03,  lr = 9.0e-04, time_taken = 1.0e+00, rel_l2_error = 2.0e-01
Model state saved to ./checkpoints/heat3d_exact\2026-03-06_12-13-28-106103\model.pth
Iteration: 4900, loss_r = 6.0e-04 ,  loss_bc = 2.0e-03,  loss_ic = 9.8e-04,  lr = 9.0e-04, time_taken = 9.6e-01, rel_l2_error = 2.0e-01
Model state saved to ./checkpoints/heat3d_exact\2026-03-06_12-13-28-106103\model.pth
Iteration: 5000, loss_r = 7.6e-04 ,  loss_bc = 2.8e-03,  loss_ic = 9.7e-04,  lr = 9.0e-04, time_taken = 9.8e-01, rel_l2_error = 2.1e-01
Model state saved to ./checkpoints/heat3d_exact\2026-03-06_12-13-28-106103\model.pth
Iteration: 5100, loss_r = 1.2e-03 ,  loss_bc = 2.4e-03,  loss_ic = 7.9e-04,  lr = 9.0e-04, time_taken = 1.3e+00, rel_l2_error = 2.1e-01
Model state saved to ./checkpoints/heat3d_exact\2026-03-06_12-13-28-106103\model.pth
Iteration: 5200, loss_r = 6.9e-04 ,  loss_bc = 3.6e-03,  loss_ic = 8.6e-04,  lr = 9.0e-04, time_taken = 9.8e-01, rel_l2_error = 2.0e-01
Model state saved to ./checkpoints/heat3d_exact\2026-03-06_12-13-28-106103\model.pth
Iteration: 5300, loss_r = 5.4e-04 ,  loss_bc = 3.3e-03,  loss_ic = 7.1e-04,  lr = 9.0e-04, time_taken = 1.0e+00, rel_l2_error = 2.0e-01
Model state saved to ./checkpoints/heat3d_exact\2026-03-06_12-13-28-106103\model.pth
Iteration: 5400, loss_r = 6.1e-04 ,  loss_bc = 3.0e-03,  loss_ic = 1.1e-03,  lr = 9.0e-04, time_taken = 1.1e+00, rel_l2_error = 2.0e-01
Model state saved to ./checkpoints/heat3d_exact\2026-03-06_12-13-28-106103\model.pth
Iteration: 5500, loss_r = 8.4e-04 ,  loss_bc = 2.9e-03,  loss_ic = 9.2e-04,  lr = 9.0e-04, time_taken = 1.0e+00, rel_l2_error = 2.1e-01
Model state saved to ./checkpoints/heat3d_exact\2026-03-06_12-13-28-106103\model.pth
Iteration: 5600, loss_r = 5.7e-04 ,  loss_bc = 2.6e-03,  loss_ic = 7.6e-04,  lr = 9.0e-04, time_taken = 9.3e-01, rel_l2_error = 2.1e-01
Model state saved to ./checkpoints/heat3d_exact\2026-03-06_12-13-28-106103\model.pth
Iteration: 5700, loss_r = 1.0e-03 ,  loss_bc = 3.3e-03,  loss_ic = 6.9e-04,  lr = 9.0e-04, time_taken = 1.0e+00, rel_l2_error = 1.9e-01
Model state saved to ./checkpoints/heat3d_exact\2026-03-06_12-13-28-106103\model.pth
Iteration: 5800, loss_r = 6.6e-04 ,  loss_bc = 2.2e-03,  loss_ic = 5.0e-04,  lr = 9.0e-04, time_taken = 9.6e-01, rel_l2_error = 2.0e-01
Model state saved to ./checkpoints/heat3d_exact\2026-03-06_12-13-28-106103\model.pth
Iteration: 5900, loss_r = 9.3e-04 ,  loss_bc = 2.5e-03,  loss_ic = 9.3e-04,  lr = 9.0e-04, time_taken = 9.8e-01, rel_l2_error = 2.1e-01
Model state saved to ./checkpoints/heat3d_exact\2026-03-06_12-13-28-106103\model.pth
Iteration: 6000, loss_r = 7.6e-04 ,  loss_bc = 2.2e-03,  loss_ic = 9.1e-04,  lr = 9.0e-04, time_taken = 9.7e-01, rel_l2_error = 1.9e-01
Model state saved to ./checkpoints/heat3d_exact\2026-03-06_12-13-28-106103\model.pth

=== RAR Evaluation at iteration 6000 ===
Mean residual: 3.411e-01
Added 100 point(s). Total adaptive points: 300

Iteration: 6100, loss_r = 5.7e-04 ,  loss_bc = 3.1e-03,  loss_ic = 6.2e-04,  lr = 9.0e-04, time_taken = 1.1e+00, rel_l2_error = 1.9e-01
Model state saved to ./checkpoints/heat3d_exact\2026-03-06_12-13-28-106103\model.pth
Iteration: 6200, loss_r = 8.3e-04 ,  loss_bc = 2.5e-03,  loss_ic = 7.3e-04,  lr = 9.0e-04, time_taken = 1.0e+00, rel_l2_error = 2.0e-01
Model state saved to ./checkpoints/heat3d_exact\2026-03-06_12-13-28-106103\model.pth
Iteration: 6300, loss_r = 6.0e-04 ,  loss_bc = 2.6e-03,  loss_ic = 6.9e-04,  lr = 9.0e-04, time_taken = 9.1e-01, rel_l2_error = 1.9e-01
Model state saved to ./checkpoints/heat3d_exact\2026-03-06_12-13-28-106103\model.pth
Iteration: 6400, loss_r = 6.0e-04 ,  loss_bc = 2.8e-03,  loss_ic = 7.5e-04,  lr = 9.0e-04, time_taken = 9.5e-01, rel_l2_error = 1.9e-01
Model state saved to ./checkpoints/heat3d_exact\2026-03-06_12-13-28-106103\model.pth
Iteration: 6500, loss_r = 9.6e-04 ,  loss_bc = 2.1e-03,  loss_ic = 4.4e-04,  lr = 9.0e-04, time_taken = 1.0e+00, rel_l2_error = 1.9e-01
Model state saved to ./checkpoints/heat3d_exact\2026-03-06_12-13-28-106103\model.pth
Iteration: 6600, loss_r = 7.0e-04 ,  loss_bc = 2.5e-03,  loss_ic = 7.6e-04,  lr = 9.0e-04, time_taken = 1.0e+00, rel_l2_error = 1.9e-01
Model state saved to ./checkpoints/heat3d_exact\2026-03-06_12-13-28-106103\model.pth
Iteration: 6700, loss_r = 4.7e-04 ,  loss_bc = 2.4e-03,  loss_ic = 1.0e-03,  lr = 9.0e-04, time_taken = 8.7e-01, rel_l2_error = 1.9e-01
Model state saved to ./checkpoints/heat3d_exact\2026-03-06_12-13-28-106103\model.pth
Iteration: 6800, loss_r = 6.3e-04 ,  loss_bc = 2.8e-03,  loss_ic = 6.6e-04,  lr = 9.0e-04, time_taken = 1.0e+00, rel_l2_error = 1.9e-01
Model state saved to ./checkpoints/heat3d_exact\2026-03-06_12-13-28-106103\model.pth
Iteration: 6900, loss_r = 9.5e-04 ,  loss_bc = 1.8e-03,  loss_ic = 6.8e-04,  lr = 9.0e-04, time_taken = 1.1e+00, rel_l2_error = 1.9e-01
Model state saved to ./checkpoints/heat3d_exact\2026-03-06_12-13-28-106103\model.pth
Iteration: 7000, loss_r = 9.0e-04 ,  loss_bc = 2.3e-03,  loss_ic = 6.8e-04,  lr = 9.0e-04, time_taken = 1.0e+00, rel_l2_error = 2.0e-01
Model state saved to ./checkpoints/heat3d_exact\2026-03-06_12-13-28-106103\model.pth
Iteration: 7100, loss_r = 6.1e-04 ,  loss_bc = 2.0e-03,  loss_ic = 5.2e-04,  lr = 9.0e-04, time_taken = 8.6e-01, rel_l2_error = 1.9e-01
Model state saved to ./checkpoints/heat3d_exact\2026-03-06_12-13-28-106103\model.pth
Iteration: 7200, loss_r = 1.0e-03 ,  loss_bc = 2.7e-03,  loss_ic = 4.1e-04,  lr = 9.0e-04, time_taken = 1.1e+00, rel_l2_error = 1.8e-01
Model state saved to ./checkpoints/heat3d_exact\2026-03-06_12-13-28-106103\model.pth
Iteration: 7300, loss_r = 1.1e-03 ,  loss_bc = 1.8e-03,  loss_ic = 5.8e-04,  lr = 9.0e-04, time_taken = 9.0e-01, rel_l2_error = 1.9e-01
Model state saved to ./checkpoints/heat3d_exact\2026-03-06_12-13-28-106103\model.pth
Iteration: 7400, loss_r = 5.1e-04 ,  loss_bc = 1.9e-03,  loss_ic = 9.3e-04,  lr = 9.0e-04, time_taken = 9.9e-01, rel_l2_error = 1.9e-01
Model state saved to ./checkpoints/heat3d_exact\2026-03-06_12-13-28-106103\model.pth
Iteration: 7500, loss_r = 4.8e-04 ,  loss_bc = 1.9e-03,  loss_ic = 5.9e-04,  lr = 9.0e-04, time_taken = 1.0e+00, rel_l2_error = 1.9e-01
Model state saved to ./checkpoints/heat3d_exact\2026-03-06_12-13-28-106103\model.pth
Iteration: 7600, loss_r = 6.8e-04 ,  loss_bc = 1.9e-03,  loss_ic = 7.0e-04,  lr = 9.0e-04, time_taken = 9.3e-01, rel_l2_error = 1.8e-01
Model state saved to ./checkpoints/heat3d_exact\2026-03-06_12-13-28-106103\model.pth
Iteration: 7700, loss_r = 6.8e-04 ,  loss_bc = 2.4e-03,  loss_ic = 8.4e-04,  lr = 9.0e-04, time_taken = 9.9e-01, rel_l2_error = 1.8e-01
Model state saved to ./checkpoints/heat3d_exact\2026-03-06_12-13-28-106103\model.pth
Iteration: 7800, loss_r = 7.1e-04 ,  loss_bc = 2.3e-03,  loss_ic = 5.6e-04,  lr = 9.0e-04, time_taken = 1.0e+00, rel_l2_error = 1.8e-01
Model state saved to ./checkpoints/heat3d_exact\2026-03-06_12-13-28-106103\model.pth
Iteration: 7900, loss_r = 9.3e-04 ,  loss_bc = 1.7e-03,  loss_ic = 6.3e-04,  lr = 9.0e-04, time_taken = 8.7e-01, rel_l2_error = 1.9e-01
Model state saved to ./checkpoints/heat3d_exact\2026-03-06_12-13-28-106103\model.pth
Iteration: 8000, loss_r = 9.5e-04 ,  loss_bc = 2.3e-03,  loss_ic = 4.5e-04,  lr = 9.0e-04, time_taken = 1.0e+00, rel_l2_error = 1.7e-01
Model state saved to ./checkpoints/heat3d_exact\2026-03-06_12-13-28-106103\model.pth

=== RAR Evaluation at iteration 8000 ===
Mean residual: 3.418e-01
Added 100 point(s). Total adaptive points: 400

Iteration: 8100, loss_r = 9.9e-04 ,  loss_bc = 2.0e-03,  loss_ic = 4.0e-04,  lr = 9.0e-04, time_taken = 1.2e+00, rel_l2_error = 1.8e-01
Model state saved to ./checkpoints/heat3d_exact\2026-03-06_12-13-28-106103\model.pth
Iteration: 8200, loss_r = 1.2e-03 ,  loss_bc = 2.4e-03,  loss_ic = 5.4e-04,  lr = 9.0e-04, time_taken = 1.0e+00, rel_l2_error = 1.9e-01
Model state saved to ./checkpoints/heat3d_exact\2026-03-06_12-13-28-106103\model.pth
Iteration: 8300, loss_r = 1.0e-03 ,  loss_bc = 2.8e-03,  loss_ic = 4.1e-04,  lr = 9.0e-04, time_taken = 8.9e-01, rel_l2_error = 1.9e-01
Model state saved to ./checkpoints/heat3d_exact\2026-03-06_12-13-28-106103\model.pth
Iteration: 8400, loss_r = 1.3e-03 ,  loss_bc = 2.4e-03,  loss_ic = 4.9e-04,  lr = 9.0e-04, time_taken = 1.0e+00, rel_l2_error = 1.8e-01
Model state saved to ./checkpoints/heat3d_exact\2026-03-06_12-13-28-106103\model.pth
Iteration: 8500, loss_r = 6.1e-04 ,  loss_bc = 1.9e-03,  loss_ic = 7.5e-04,  lr = 9.0e-04, time_taken = 1.0e+00, rel_l2_error = 1.8e-01
Model state saved to ./checkpoints/heat3d_exact\2026-03-06_12-13-28-106103\model.pth
Iteration: 8600, loss_r = 9.3e-04 ,  loss_bc = 1.6e-03,  loss_ic = 8.6e-04,  lr = 9.0e-04, time_taken = 1.0e+00, rel_l2_error = 1.7e-01
Model state saved to ./checkpoints/heat3d_exact\2026-03-06_12-13-28-106103\model.pth
Iteration: 8700, loss_r = 1.0e-03 ,  loss_bc = 1.7e-03,  loss_ic = 8.1e-04,  lr = 9.0e-04, time_taken = 9.1e-01, rel_l2_error = 1.9e-01
Model state saved to ./checkpoints/heat3d_exact\2026-03-06_12-13-28-106103\model.pth
Iteration: 8800, loss_r = 1.3e-03 ,  loss_bc = 2.2e-03,  loss_ic = 4.3e-04,  lr = 9.0e-04, time_taken = 1.0e+00, rel_l2_error = 1.7e-01
Model state saved to ./checkpoints/heat3d_exact\2026-03-06_12-13-28-106103\model.pth
Iteration: 8900, loss_r = 7.0e-04 ,  loss_bc = 1.5e-03,  loss_ic = 4.9e-04,  lr = 9.0e-04, time_taken = 1.0e+00, rel_l2_error = 1.9e-01
Model state saved to ./checkpoints/heat3d_exact\2026-03-06_12-13-28-106103\model.pth
Iteration: 9000, loss_r = 4.7e-04 ,  loss_bc = 1.9e-03,  loss_ic = 4.3e-04,  lr = 9.0e-04, time_taken = 8.6e-01, rel_l2_error = 1.7e-01
Model state saved to ./checkpoints/heat3d_exact\2026-03-06_12-13-28-106103\model.pth
Iteration: 9100, loss_r = 7.8e-04 ,  loss_bc = 2.2e-03,  loss_ic = 3.9e-04,  lr = 9.0e-04, time_taken = 1.0e+00, rel_l2_error = 1.8e-01
Model state saved to ./checkpoints/heat3d_exact\2026-03-06_12-13-28-106103\model.pth
Iteration: 9200, loss_r = 6.0e-04 ,  loss_bc = 1.6e-03,  loss_ic = 4.1e-04,  lr = 9.0e-04, time_taken = 9.7e-01, rel_l2_error = 1.6e-01
Model state saved to ./checkpoints/heat3d_exact\2026-03-06_12-13-28-106103\model.pth
Iteration: 9300, loss_r = 1.1e-03 ,  loss_bc = 1.5e-03,  loss_ic = 3.3e-04,  lr = 9.0e-04, time_taken = 9.8e-01, rel_l2_error = 1.7e-01
Model state saved to ./checkpoints/heat3d_exact\2026-03-06_12-13-28-106103\model.pth
Iteration: 9400, loss_r = 9.4e-04 ,  loss_bc = 1.9e-03,  loss_ic = 5.8e-04,  lr = 9.0e-04, time_taken = 9.0e-01, rel_l2_error = 1.7e-01
Model state saved to ./checkpoints/heat3d_exact\2026-03-06_12-13-28-106103\model.pth
Iteration: 9500, loss_r = 9.9e-04 ,  loss_bc = 2.1e-03,  loss_ic = 4.6e-04,  lr = 9.0e-04, time_taken = 9.2e-01, rel_l2_error = 1.8e-01
Model state saved to ./checkpoints/heat3d_exact\2026-03-06_12-13-28-106103\model.pth
Iteration: 9600, loss_r = 9.5e-04 ,  loss_bc = 1.9e-03,  loss_ic = 3.8e-04,  lr = 9.0e-04, time_taken = 9.7e-01, rel_l2_error = 1.7e-01
Model state saved to ./checkpoints/heat3d_exact\2026-03-06_12-13-28-106103\model.pth
Iteration: 9700, loss_r = 7.9e-04 ,  loss_bc = 2.0e-03,  loss_ic = 4.3e-04,  lr = 9.0e-04, time_taken = 9.7e-01, rel_l2_error = 1.8e-01
Model state saved to ./checkpoints/heat3d_exact\2026-03-06_12-13-28-106103\model.pth
Iteration: 9800, loss_r = 5.4e-04 ,  loss_bc = 1.8e-03,  loss_ic = 3.4e-04,  lr = 9.0e-04, time_taken = 9.1e-01, rel_l2_error = 1.6e-01
Model state saved to ./checkpoints/heat3d_exact\2026-03-06_12-13-28-106103\model.pth
Iteration: 9900, loss_r = 7.9e-04 ,  loss_bc = 2.0e-03,  loss_ic = 4.1e-04,  lr = 9.0e-04, time_taken = 1.0e+00, rel_l2_error = 1.7e-01
Model state saved to ./checkpoints/heat3d_exact\2026-03-06_12-13-28-106103\model.pth

=== Switching to LBFGS optimizer at iteration 10000 ===
Using scipy L-BFGS-B optimizer
Optimizer: L-BFGS-B (maxiter=10000, factr=1000.0, m=100, maxls=50, pgtol=1e-14)
L-BFGS Iteration: 0, Loss: 2.859190e-03
L-BFGS Iteration: 1, Loss: 2.497827e-03, Relative L2 Error: 1.608823e-01
L-BFGS: Time for 100 iterations = 962.4147 s
L-BFGS Iteration: 100, Loss: 8.991635e-04, Relative L2 Error: 1.052189e-01
L-BFGS Iteration: 200, Loss: 4.387737e-04, Relative L2 Error: 8.867516e-02
L-BFGS Iteration: 300, Loss: 2.630438e-04, Relative L2 Error: 6.897760e-02
L-BFGS Iteration: 400, Loss: 1.910949e-04, Relative L2 Error: 5.617075e-02
L-BFGS Iteration: 500, Loss: 1.500277e-04, Relative L2 Error: 5.292191e-02
L-BFGS Iteration: 600, Loss: 1.194090e-04, Relative L2 Error: 5.294196e-02
L-BFGS Iteration: 700, Loss: 1.013015e-04, Relative L2 Error: 5.322208e-02
L-BFGS Iteration: 800, Loss: 8.763312e-05, Relative L2 Error: 4.879740e-02
L-BFGS Iteration: 900, Loss: 7.378597e-05, Relative L2 Error: 4.189129e-02
L-BFGS Iteration: 1000, Loss: 6.402588e-05, Relative L2 Error: 3.736861e-02
L-BFGS Iteration: 1100, Loss: 5.504224e-05, Relative L2 Error: 3.515227e-02
L-BFGS Iteration: 1200, Loss: 4.808538e-05, Relative L2 Error: 3.146198e-02
L-BFGS Iteration: 1300, Loss: 4.216442e-05, Relative L2 Error: 2.928471e-02
L-BFGS Iteration: 1400, Loss: 3.845600e-05, Relative L2 Error: 2.813162e-02
L-BFGS Iteration: 1500, Loss: 3.543398e-05, Relative L2 Error: 2.898797e-02
L-BFGS Iteration: 1600, Loss: 3.257367e-05, Relative L2 Error: 2.778514e-02
L-BFGS Iteration: 1700, Loss: 2.983866e-05, Relative L2 Error: 2.695240e-02
L-BFGS Iteration: 1800, Loss: 2.736346e-05, Relative L2 Error: 2.671311e-02
L-BFGS Iteration: 1900, Loss: 2.536654e-05, Relative L2 Error: 2.455992e-02
L-BFGS Iteration: 2000, Loss: 2.313301e-05, Relative L2 Error: 2.413599e-02
L-BFGS Iteration: 2100, Loss: 2.119504e-05, Relative L2 Error: 2.405993e-02
L-BFGS Iteration: 2200, Loss: 1.983841e-05, Relative L2 Error: 2.198301e-02
L-BFGS Iteration: 2300, Loss: 1.836379e-05, Relative L2 Error: 2.090140e-02
L-BFGS Iteration: 2400, Loss: 1.720071e-05, Relative L2 Error: 2.105550e-02
L-BFGS Iteration: 2500, Loss: 1.574166e-05, Relative L2 Error: 2.046741e-02
L-BFGS Iteration: 2600, Loss: 1.455582e-05, Relative L2 Error: 1.906393e-02
L-BFGS Iteration: 2700, Loss: 1.366679e-05, Relative L2 Error: 1.920854e-02
L-BFGS Iteration: 2800, Loss: 1.271300e-05, Relative L2 Error: 1.940791e-02
L-BFGS Iteration: 2900, Loss: 1.169756e-05, Relative L2 Error: 1.784811e-02
L-BFGS Iteration: 3000, Loss: 1.104176e-05, Relative L2 Error: 1.904631e-02
L-BFGS Iteration: 3100, Loss: 1.043797e-05, Relative L2 Error: 1.844030e-02
L-BFGS Iteration: 3200, Loss: 9.810179e-06, Relative L2 Error: 1.830977e-02
L-BFGS Iteration: 3300, Loss: 9.159303e-06, Relative L2 Error: 1.814808e-02
L-BFGS Iteration: 3400, Loss: 8.647276e-06, Relative L2 Error: 1.705468e-02
L-BFGS Iteration: 3500, Loss: 8.093016e-06, Relative L2 Error: 1.711593e-02
L-BFGS Iteration: 3600, Loss: 7.675452e-06, Relative L2 Error: 1.669948e-02
L-BFGS Iteration: 3700, Loss: 7.373473e-06, Relative L2 Error: 1.644514e-02
L-BFGS Iteration: 3800, Loss: 6.987663e-06, Relative L2 Error: 1.668563e-02
L-BFGS Iteration: 3900, Loss: 6.666122e-06, Relative L2 Error: 1.663742e-02
L-BFGS Iteration: 4000, Loss: 6.416947e-06, Relative L2 Error: 1.592597e-02
L-BFGS Iteration: 4100, Loss: 6.200753e-06, Relative L2 Error: 1.662630e-02
L-BFGS Iteration: 4200, Loss: 5.931242e-06, Relative L2 Error: 1.599948e-02
L-BFGS Iteration: 4300, Loss: 5.715954e-06, Relative L2 Error: 1.561046e-02
L-BFGS Iteration: 4400, Loss: 5.539638e-06, Relative L2 Error: 1.608668e-02
L-BFGS Iteration: 4500, Loss: 5.328856e-06, Relative L2 Error: 1.489009e-02
L-BFGS Iteration: 4600, Loss: 5.164348e-06, Relative L2 Error: 1.589499e-02
L-BFGS Iteration: 4700, Loss: 4.999707e-06, Relative L2 Error: 1.392846e-02
L-BFGS Iteration: 4800, Loss: 4.853482e-06, Relative L2 Error: 1.519464e-02
L-BFGS Iteration: 4900, Loss: 4.739818e-06, Relative L2 Error: 1.462488e-02
L-BFGS Iteration: 5000, Loss: 4.616635e-06, Relative L2 Error: 1.451781e-02
L-BFGS Iteration: 5100, Loss: 4.499090e-06, Relative L2 Error: 1.405510e-02
L-BFGS Iteration: 5200, Loss: 4.413183e-06, Relative L2 Error: 1.511794e-02
L-BFGS Iteration: 5300, Loss: 4.333245e-06, Relative L2 Error: 1.433942e-02
L-BFGS Iteration: 5400, Loss: 4.224400e-06, Relative L2 Error: 1.462655e-02
L-BFGS Iteration: 5500, Loss: 4.116976e-06, Relative L2 Error: 1.413539e-02
L-BFGS Iteration: 5600, Loss: 4.016137e-06, Relative L2 Error: 1.390210e-02
L-BFGS Iteration: 5700, Loss: 3.895670e-06, Relative L2 Error: 1.368997e-02
L-BFGS Iteration: 5800, Loss: 3.783273e-06, Relative L2 Error: 1.337368e-02
L-BFGS Iteration: 5900, Loss: 3.683724e-06, Relative L2 Error: 1.383915e-02
L-BFGS Iteration: 6000, Loss: 3.590856e-06, Relative L2 Error: 1.318368e-02
L-BFGS Iteration: 6100, Loss: 3.488936e-06, Relative L2 Error: 1.338714e-02
L-BFGS Iteration: 6200, Loss: 3.422627e-06, Relative L2 Error: 1.276096e-02
L-BFGS Iteration: 6300, Loss: 3.343308e-06, Relative L2 Error: 1.337450e-02
L-BFGS Iteration: 6400, Loss: 3.286838e-06, Relative L2 Error: 1.267155e-02
L-BFGS Iteration: 6500, Loss: 3.215288e-06, Relative L2 Error: 1.311539e-02
L-BFGS Iteration: 6600, Loss: 3.134315e-06, Relative L2 Error: 1.290394e-02
L-BFGS Iteration: 6700, Loss: 3.070299e-06, Relative L2 Error: 1.253806e-02
L-BFGS Iteration: 6800, Loss: 2.992033e-06, Relative L2 Error: 1.284247e-02
L-BFGS training completed after 6883 iterations
Model state saved to ./checkpoints/heat3d_exact\2026-03-06_12-13-28-106103\model.pth
Training completed successfully!
Relative L2 error (eval data): 1.20e-02
Saved solution comparison heatmaps to: ./checkpoints/heat3d_exact\2026-03-06_12-13-28-106103\solution_comparison_heat3d.png
