Random seed set to: 10
Solving 3D heat equation u_t = alpha (u_{xx}+u_{yy}+u_{zz}) on [0,1]^3 with homogeneous Dirichlet BC
Using DV Solver
The settings used:
batch_size : 64
epochs : 20000
lr : 0.001
seed : 10
print_every : 100
log_path : ./checkpoints/heat3d_exact
input_dim : 4
output_dim : 1
num_qubits : 5
hidden_dim : 20
num_quantum_layers : 1
classic_network : [4, 20, 1]
q_ansatz : cross_mesh
mode : hybrid
activation : tanh
shots : None
problem : heat3d_exact
solver : DV
device : cuda
method : None
cutoff_dim : 20
class : CVNeuralNetwork1
encoding : angle
use_rar : False
rar_eval_freq : 2000
rar_threshold : 0.0005
rar_num_candidates : 10000
rar_num_add : 100
use_hybrid_optimizer : True
adam_iterations : 10000
use_scipy_lbfgs : True
lbfgs_lr : 1
lbfgs_line_search : strong_wolfe
lbfgs_tolerance_grad : 1e-05
lbfgs_tolerance_change : 1e-07
lbfgs_maxiter : 10000
lbfgs_factr : 1000.0
lbfgs_pgtol : 1e-14
lbfgs_maxls : 50
lbfgs_m : 100
lbfgs_eval_every : 100
domainN : 500
boundaryN : 50
initialN : 50
eval_total_points : 10000
nx : 200
nt : 200
y0 : 0.5
z0 : 0.5
alpha : 0.1
Total number of parameters: 1226
The circuit used in the study:
Iteration: 0, loss_r = 8.3e-06 ,  loss_bc = 7.3e-01,  loss_ic = 7.1e-02,  lr = 1.0e-03, time_taken = 5.0e+00, rel_l2_error = 2.1e+00
Model state saved to ./checkpoints/heat3d_exact/2026-05-29_09-00-23-961000/model.pth
Iteration: 100, loss_r = 8.8e-03 ,  loss_bc = 1.3e-02,  loss_ic = 6.7e-02,  lr = 1.0e-03, time_taken = 2.3e+00, rel_l2_error = 7.5e-01
Model state saved to ./checkpoints/heat3d_exact/2026-05-29_09-00-23-961000/model.pth
Iteration: 200, loss_r = 5.3e-03 ,  loss_bc = 1.9e-02,  loss_ic = 8.2e-02,  lr = 1.0e-03, time_taken = 2.7e+00, rel_l2_error = 7.0e-01
Model state saved to ./checkpoints/heat3d_exact/2026-05-29_09-00-23-961000/model.pth
Iteration: 300, loss_r = 8.0e-03 ,  loss_bc = 1.6e-02,  loss_ic = 3.7e-02,  lr = 1.0e-03, time_taken = 2.2e+00, rel_l2_error = 6.8e-01
Model state saved to ./checkpoints/heat3d_exact/2026-05-29_09-00-23-961000/model.pth
Iteration: 400, loss_r = 6.5e-03 ,  loss_bc = 1.9e-02,  loss_ic = 7.3e-02,  lr = 1.0e-03, time_taken = 2.1e+00, rel_l2_error = 6.6e-01
Model state saved to ./checkpoints/heat3d_exact/2026-05-29_09-00-23-961000/model.pth
Iteration: 500, loss_r = 3.3e-03 ,  loss_bc = 1.8e-02,  loss_ic = 3.9e-02,  lr = 1.0e-03, time_taken = 2.5e+00, rel_l2_error = 6.3e-01
Model state saved to ./checkpoints/heat3d_exact/2026-05-29_09-00-23-961000/model.pth
Iteration: 600, loss_r = 6.6e-03 ,  loss_bc = 2.1e-02,  loss_ic = 4.3e-02,  lr = 1.0e-03, time_taken = 2.1e+00, rel_l2_error = 5.3e-01
Model state saved to ./checkpoints/heat3d_exact/2026-05-29_09-00-23-961000/model.pth
Iteration: 700, loss_r = 5.3e-03 ,  loss_bc = 1.0e-02,  loss_ic = 1.6e-02,  lr = 1.0e-03, time_taken = 2.2e+00, rel_l2_error = 4.1e-01
Model state saved to ./checkpoints/heat3d_exact/2026-05-29_09-00-23-961000/model.pth
Iteration: 800, loss_r = 3.5e-03 ,  loss_bc = 1.0e-02,  loss_ic = 6.4e-03,  lr = 1.0e-03, time_taken = 2.1e+00, rel_l2_error = 3.7e-01
Model state saved to ./checkpoints/heat3d_exact/2026-05-29_09-00-23-961000/model.pth
Iteration: 900, loss_r = 3.5e-03 ,  loss_bc = 1.1e-02,  loss_ic = 1.0e-02,  lr = 1.0e-03, time_taken = 2.6e+00, rel_l2_error = 3.6e-01
Model state saved to ./checkpoints/heat3d_exact/2026-05-29_09-00-23-961000/model.pth
Iteration: 1000, loss_r = 4.0e-03 ,  loss_bc = 6.9e-03,  loss_ic = 7.2e-03,  lr = 1.0e-03, time_taken = 2.4e+00, rel_l2_error = 3.1e-01
Model state saved to ./checkpoints/heat3d_exact/2026-05-29_09-00-23-961000/model.pth
Iteration: 1100, loss_r = 1.7e-03 ,  loss_bc = 8.3e-03,  loss_ic = 6.1e-03,  lr = 1.0e-03, time_taken = 2.3e+00, rel_l2_error = 3.0e-01
Model state saved to ./checkpoints/heat3d_exact/2026-05-29_09-00-23-961000/model.pth
Iteration: 1200, loss_r = 2.5e-03 ,  loss_bc = 8.7e-03,  loss_ic = 4.5e-03,  lr = 1.0e-03, time_taken = 2.1e+00, rel_l2_error = 2.9e-01
Model state saved to ./checkpoints/heat3d_exact/2026-05-29_09-00-23-961000/model.pth
Iteration: 1300, loss_r = 2.5e-03 ,  loss_bc = 6.3e-03,  loss_ic = 4.0e-03,  lr = 1.0e-03, time_taken = 2.4e+00, rel_l2_error = 2.9e-01
Model state saved to ./checkpoints/heat3d_exact/2026-05-29_09-00-23-961000/model.pth
Iteration: 1400, loss_r = 2.0e-03 ,  loss_bc = 7.4e-03,  loss_ic = 3.2e-03,  lr = 1.0e-03, time_taken = 2.5e+00, rel_l2_error = 2.7e-01
Model state saved to ./checkpoints/heat3d_exact/2026-05-29_09-00-23-961000/model.pth
Iteration: 1500, loss_r = 2.6e-03 ,  loss_bc = 6.7e-03,  loss_ic = 3.5e-03,  lr = 1.0e-03, time_taken = 2.4e+00, rel_l2_error = 2.7e-01
Model state saved to ./checkpoints/heat3d_exact/2026-05-29_09-00-23-961000/model.pth
Iteration: 1600, loss_r = 1.6e-03 ,  loss_bc = 5.4e-03,  loss_ic = 1.8e-03,  lr = 1.0e-03, time_taken = 2.4e+00, rel_l2_error = 2.5e-01
Model state saved to ./checkpoints/heat3d_exact/2026-05-29_09-00-23-961000/model.pth
Iteration: 1700, loss_r = 2.7e-03 ,  loss_bc = 5.0e-03,  loss_ic = 3.6e-03,  lr = 1.0e-03, time_taken = 2.2e+00, rel_l2_error = 2.4e-01
Model state saved to ./checkpoints/heat3d_exact/2026-05-29_09-00-23-961000/model.pth
Iteration: 1800, loss_r = 3.2e-03 ,  loss_bc = 4.4e-03,  loss_ic = 3.4e-03,  lr = 1.0e-03, time_taken = 1.8e+00, rel_l2_error = 2.4e-01
Model state saved to ./checkpoints/heat3d_exact/2026-05-29_09-00-23-961000/model.pth
Iteration: 1900, loss_r = 1.8e-03 ,  loss_bc = 3.6e-03,  loss_ic = 3.4e-03,  lr = 1.0e-03, time_taken = 2.2e+00, rel_l2_error = 2.5e-01
Model state saved to ./checkpoints/heat3d_exact/2026-05-29_09-00-23-961000/model.pth
Iteration: 2000, loss_r = 1.8e-03 ,  loss_bc = 4.3e-03,  loss_ic = 2.9e-03,  lr = 1.0e-03, time_taken = 2.4e+00, rel_l2_error = 2.3e-01
Model state saved to ./checkpoints/heat3d_exact/2026-05-29_09-00-23-961000/model.pth
Iteration: 2100, loss_r = 1.3e-03 ,  loss_bc = 3.4e-03,  loss_ic = 1.7e-03,  lr = 1.0e-03, time_taken = 2.5e+00, rel_l2_error = 2.2e-01
Model state saved to ./checkpoints/heat3d_exact/2026-05-29_09-00-23-961000/model.pth
Iteration: 2200, loss_r = 1.5e-03 ,  loss_bc = 3.4e-03,  loss_ic = 2.8e-03,  lr = 1.0e-03, time_taken = 2.4e+00, rel_l2_error = 2.3e-01
Model state saved to ./checkpoints/heat3d_exact/2026-05-29_09-00-23-961000/model.pth
Iteration: 2300, loss_r = 2.1e-03 ,  loss_bc = 3.6e-03,  loss_ic = 1.9e-03,  lr = 1.0e-03, time_taken = 2.6e+00, rel_l2_error = 2.2e-01
Model state saved to ./checkpoints/heat3d_exact/2026-05-29_09-00-23-961000/model.pth
Iteration: 2400, loss_r = 2.2e-03 ,  loss_bc = 3.7e-03,  loss_ic = 2.3e-03,  lr = 1.0e-03, time_taken = 2.4e+00, rel_l2_error = 2.3e-01
Model state saved to ./checkpoints/heat3d_exact/2026-05-29_09-00-23-961000/model.pth
Iteration: 2500, loss_r = 1.8e-03 ,  loss_bc = 4.1e-03,  loss_ic = 1.9e-03,  lr = 1.0e-03, time_taken = 2.5e+00, rel_l2_error = 2.0e-01
Model state saved to ./checkpoints/heat3d_exact/2026-05-29_09-00-23-961000/model.pth
Iteration: 2600, loss_r = 1.3e-03 ,  loss_bc = 3.7e-03,  loss_ic = 1.5e-03,  lr = 1.0e-03, time_taken = 2.6e+00, rel_l2_error = 2.1e-01
Model state saved to ./checkpoints/heat3d_exact/2026-05-29_09-00-23-961000/model.pth
Iteration: 2700, loss_r = 1.6e-03 ,  loss_bc = 3.4e-03,  loss_ic = 1.5e-03,  lr = 1.0e-03, time_taken = 2.2e+00, rel_l2_error = 2.0e-01
Model state saved to ./checkpoints/heat3d_exact/2026-05-29_09-00-23-961000/model.pth
Iteration: 2800, loss_r = 1.3e-03 ,  loss_bc = 4.0e-03,  loss_ic = 1.7e-03,  lr = 1.0e-03, time_taken = 2.5e+00, rel_l2_error = 2.0e-01
Model state saved to ./checkpoints/heat3d_exact/2026-05-29_09-00-23-961000/model.pth
Iteration: 2900, loss_r = 2.6e-03 ,  loss_bc = 3.3e-03,  loss_ic = 1.5e-03,  lr = 1.0e-03, time_taken = 2.5e+00, rel_l2_error = 2.0e-01
Model state saved to ./checkpoints/heat3d_exact/2026-05-29_09-00-23-961000/model.pth
Iteration: 3000, loss_r = 2.4e-03 ,  loss_bc = 3.2e-03,  loss_ic = 1.1e-03,  lr = 1.0e-03, time_taken = 2.5e+00, rel_l2_error = 2.0e-01
Model state saved to ./checkpoints/heat3d_exact/2026-05-29_09-00-23-961000/model.pth
Iteration: 3100, loss_r = 2.0e-03 ,  loss_bc = 3.3e-03,  loss_ic = 1.4e-03,  lr = 1.0e-03, time_taken = 2.4e+00, rel_l2_error = 2.0e-01
Model state saved to ./checkpoints/heat3d_exact/2026-05-29_09-00-23-961000/model.pth
Iteration: 3200, loss_r = 1.3e-03 ,  loss_bc = 4.0e-03,  loss_ic = 1.3e-03,  lr = 1.0e-03, time_taken = 2.4e+00, rel_l2_error = 1.9e-01
Model state saved to ./checkpoints/heat3d_exact/2026-05-29_09-00-23-961000/model.pth
Iteration: 3300, loss_r = 9.5e-04 ,  loss_bc = 3.3e-03,  loss_ic = 1.3e-03,  lr = 1.0e-03, time_taken = 2.6e+00, rel_l2_error = 2.0e-01
Model state saved to ./checkpoints/heat3d_exact/2026-05-29_09-00-23-961000/model.pth
Iteration: 3400, loss_r = 1.1e-03 ,  loss_bc = 2.8e-03,  loss_ic = 9.1e-04,  lr = 1.0e-03, time_taken = 2.5e+00, rel_l2_error = 2.0e-01
Model state saved to ./checkpoints/heat3d_exact/2026-05-29_09-00-23-961000/model.pth
Iteration: 3500, loss_r = 9.7e-04 ,  loss_bc = 2.9e-03,  loss_ic = 1.7e-03,  lr = 1.0e-03, time_taken = 2.5e+00, rel_l2_error = 2.0e-01
Model state saved to ./checkpoints/heat3d_exact/2026-05-29_09-00-23-961000/model.pth
Iteration: 3600, loss_r = 7.6e-04 ,  loss_bc = 3.7e-03,  loss_ic = 9.9e-04,  lr = 1.0e-03, time_taken = 2.7e+00, rel_l2_error = 1.9e-01
Model state saved to ./checkpoints/heat3d_exact/2026-05-29_09-00-23-961000/model.pth
Iteration: 3700, loss_r = 9.8e-04 ,  loss_bc = 2.9e-03,  loss_ic = 1.3e-03,  lr = 1.0e-03, time_taken = 2.5e+00, rel_l2_error = 1.9e-01
Model state saved to ./checkpoints/heat3d_exact/2026-05-29_09-00-23-961000/model.pth
Iteration: 3800, loss_r = 4.1e-04 ,  loss_bc = 3.0e-03,  loss_ic = 9.2e-04,  lr = 1.0e-03, time_taken = 2.4e+00, rel_l2_error = 1.8e-01
Model state saved to ./checkpoints/heat3d_exact/2026-05-29_09-00-23-961000/model.pth
Iteration: 3900, loss_r = 4.9e-04 ,  loss_bc = 3.0e-03,  loss_ic = 1.8e-03,  lr = 1.0e-03, time_taken = 2.5e+00, rel_l2_error = 1.9e-01
Model state saved to ./checkpoints/heat3d_exact/2026-05-29_09-00-23-961000/model.pth
Iteration: 4000, loss_r = 6.7e-04 ,  loss_bc = 2.6e-03,  loss_ic = 1.3e-03,  lr = 1.0e-03, time_taken = 2.0e+00, rel_l2_error = 1.9e-01
Model state saved to ./checkpoints/heat3d_exact/2026-05-29_09-00-23-961000/model.pth
Iteration: 4100, loss_r = 6.3e-04 ,  loss_bc = 3.5e-03,  loss_ic = 7.4e-04,  lr = 1.0e-03, time_taken = 2.4e+00, rel_l2_error = 1.9e-01
Model state saved to ./checkpoints/heat3d_exact/2026-05-29_09-00-23-961000/model.pth
Iteration: 4200, loss_r = 1.1e-03 ,  loss_bc = 3.7e-03,  loss_ic = 1.3e-03,  lr = 1.0e-03, time_taken = 2.0e+00, rel_l2_error = 1.9e-01
Model state saved to ./checkpoints/heat3d_exact/2026-05-29_09-00-23-961000/model.pth
Iteration: 4300, loss_r = 4.7e-04 ,  loss_bc = 2.0e-03,  loss_ic = 2.1e-03,  lr = 1.0e-03, time_taken = 2.3e+00, rel_l2_error = 1.9e-01
Model state saved to ./checkpoints/heat3d_exact/2026-05-29_09-00-23-961000/model.pth
Iteration: 4400, loss_r = 7.0e-04 ,  loss_bc = 2.3e-03,  loss_ic = 1.5e-03,  lr = 1.0e-03, time_taken = 2.6e+00, rel_l2_error = 1.8e-01
Model state saved to ./checkpoints/heat3d_exact/2026-05-29_09-00-23-961000/model.pth
Iteration: 4500, loss_r = 1.4e-03 ,  loss_bc = 2.5e-03,  loss_ic = 2.0e-03,  lr = 1.0e-03, time_taken = 2.3e+00, rel_l2_error = 1.8e-01
Model state saved to ./checkpoints/heat3d_exact/2026-05-29_09-00-23-961000/model.pth
Iteration: 4600, loss_r = 7.6e-04 ,  loss_bc = 2.3e-03,  loss_ic = 9.8e-04,  lr = 1.0e-03, time_taken = 2.3e+00, rel_l2_error = 1.8e-01
Model state saved to ./checkpoints/heat3d_exact/2026-05-29_09-00-23-961000/model.pth
Iteration: 4700, loss_r = 1.6e-03 ,  loss_bc = 2.8e-03,  loss_ic = 1.1e-03,  lr = 1.0e-03, time_taken = 2.4e+00, rel_l2_error = 1.8e-01
Model state saved to ./checkpoints/heat3d_exact/2026-05-29_09-00-23-961000/model.pth
Iteration: 4800, loss_r = 6.1e-04 ,  loss_bc = 2.4e-03,  loss_ic = 9.9e-04,  lr = 1.0e-03, time_taken = 2.4e+00, rel_l2_error = 1.8e-01
Model state saved to ./checkpoints/heat3d_exact/2026-05-29_09-00-23-961000/model.pth
Iteration: 4900, loss_r = 7.9e-04 ,  loss_bc = 2.0e-03,  loss_ic = 1.7e-03,  lr = 1.0e-03, time_taken = 2.3e+00, rel_l2_error = 1.8e-01
Model state saved to ./checkpoints/heat3d_exact/2026-05-29_09-00-23-961000/model.pth
Iteration: 5000, loss_r = 8.6e-04 ,  loss_bc = 2.7e-03,  loss_ic = 1.6e-03,  lr = 1.0e-03, time_taken = 2.2e+00, rel_l2_error = 1.8e-01
Model state saved to ./checkpoints/heat3d_exact/2026-05-29_09-00-23-961000/model.pth
Iteration: 5100, loss_r = 6.2e-04 ,  loss_bc = 3.0e-03,  loss_ic = 1.3e-03,  lr = 1.0e-03, time_taken = 2.1e+00, rel_l2_error = 1.8e-01
Model state saved to ./checkpoints/heat3d_exact/2026-05-29_09-00-23-961000/model.pth
Iteration: 5200, loss_r = 6.2e-04 ,  loss_bc = 2.5e-03,  loss_ic = 1.4e-03,  lr = 1.0e-03, time_taken = 2.6e+00, rel_l2_error = 1.8e-01
Model state saved to ./checkpoints/heat3d_exact/2026-05-29_09-00-23-961000/model.pth
Iteration: 5300, loss_r = 1.6e-03 ,  loss_bc = 1.9e-03,  loss_ic = 9.3e-04,  lr = 1.0e-03, time_taken = 2.6e+00, rel_l2_error = 1.7e-01
Model state saved to ./checkpoints/heat3d_exact/2026-05-29_09-00-23-961000/model.pth
Iteration: 5400, loss_r = 6.3e-04 ,  loss_bc = 2.6e-03,  loss_ic = 1.0e-03,  lr = 1.0e-03, time_taken = 2.3e+00, rel_l2_error = 1.7e-01
Model state saved to ./checkpoints/heat3d_exact/2026-05-29_09-00-23-961000/model.pth
Iteration: 5500, loss_r = 5.1e-04 ,  loss_bc = 2.1e-03,  loss_ic = 1.2e-03,  lr = 1.0e-03, time_taken = 2.3e+00, rel_l2_error = 1.8e-01
Model state saved to ./checkpoints/heat3d_exact/2026-05-29_09-00-23-961000/model.pth
Iteration: 5600, loss_r = 1.2e-03 ,  loss_bc = 2.4e-03,  loss_ic = 1.3e-03,  lr = 1.0e-03, time_taken = 2.1e+00, rel_l2_error = 1.7e-01
Model state saved to ./checkpoints/heat3d_exact/2026-05-29_09-00-23-961000/model.pth
Iteration: 5700, loss_r = 1.5e-03 ,  loss_bc = 2.3e-03,  loss_ic = 1.3e-03,  lr = 1.0e-03, time_taken = 2.3e+00, rel_l2_error = 1.6e-01
Model state saved to ./checkpoints/heat3d_exact/2026-05-29_09-00-23-961000/model.pth
Iteration: 5800, loss_r = 1.0e-03 ,  loss_bc = 2.9e-03,  loss_ic = 7.4e-04,  lr = 1.0e-03, time_taken = 2.4e+00, rel_l2_error = 1.8e-01
Model state saved to ./checkpoints/heat3d_exact/2026-05-29_09-00-23-961000/model.pth
Iteration: 5900, loss_r = 3.3e-04 ,  loss_bc = 1.8e-03,  loss_ic = 7.6e-04,  lr = 1.0e-03, time_taken = 2.2e+00, rel_l2_error = 1.7e-01
Model state saved to ./checkpoints/heat3d_exact/2026-05-29_09-00-23-961000/model.pth
Iteration: 6000, loss_r = 1.2e-03 ,  loss_bc = 2.7e-03,  loss_ic = 9.1e-04,  lr = 1.0e-03, time_taken = 2.3e+00, rel_l2_error = 1.9e-01
Model state saved to ./checkpoints/heat3d_exact/2026-05-29_09-00-23-961000/model.pth
Iteration: 6100, loss_r = 1.3e-03 ,  loss_bc = 2.2e-03,  loss_ic = 1.3e-03,  lr = 1.0e-03, time_taken = 2.5e+00, rel_l2_error = 1.7e-01
Model state saved to ./checkpoints/heat3d_exact/2026-05-29_09-00-23-961000/model.pth
Iteration: 6200, loss_r = 1.2e-03 ,  loss_bc = 2.0e-03,  loss_ic = 9.4e-04,  lr = 1.0e-03, time_taken = 2.5e+00, rel_l2_error = 1.6e-01
Model state saved to ./checkpoints/heat3d_exact/2026-05-29_09-00-23-961000/model.pth
Iteration: 6300, loss_r = 2.3e-03 ,  loss_bc = 1.8e-03,  loss_ic = 1.1e-03,  lr = 1.0e-03, time_taken = 2.6e+00, rel_l2_error = 1.7e-01
Model state saved to ./checkpoints/heat3d_exact/2026-05-29_09-00-23-961000/model.pth
Iteration: 6400, loss_r = 7.3e-04 ,  loss_bc = 2.2e-03,  loss_ic = 1.0e-03,  lr = 1.0e-03, time_taken = 2.3e+00, rel_l2_error = 1.7e-01
Model state saved to ./checkpoints/heat3d_exact/2026-05-29_09-00-23-961000/model.pth
Iteration: 6500, loss_r = 3.8e-04 ,  loss_bc = 2.8e-03,  loss_ic = 7.8e-04,  lr = 1.0e-03, time_taken = 2.2e+00, rel_l2_error = 1.7e-01
Model state saved to ./checkpoints/heat3d_exact/2026-05-29_09-00-23-961000/model.pth
Iteration: 6600, loss_r = 1.2e-03 ,  loss_bc = 1.7e-03,  loss_ic = 7.6e-04,  lr = 1.0e-03, time_taken = 2.3e+00, rel_l2_error = 1.6e-01
Model state saved to ./checkpoints/heat3d_exact/2026-05-29_09-00-23-961000/model.pth
Iteration: 6700, loss_r = 5.9e-04 ,  loss_bc = 2.1e-03,  loss_ic = 8.3e-04,  lr = 1.0e-03, time_taken = 2.3e+00, rel_l2_error = 1.5e-01
Model state saved to ./checkpoints/heat3d_exact/2026-05-29_09-00-23-961000/model.pth
Iteration: 6800, loss_r = 8.2e-04 ,  loss_bc = 2.2e-03,  loss_ic = 1.4e-03,  lr = 1.0e-03, time_taken = 2.5e+00, rel_l2_error = 1.8e-01
Model state saved to ./checkpoints/heat3d_exact/2026-05-29_09-00-23-961000/model.pth
Iteration: 6900, loss_r = 7.3e-04 ,  loss_bc = 2.0e-03,  loss_ic = 1.1e-03,  lr = 9.0e-04, time_taken = 2.5e+00, rel_l2_error = 1.5e-01
Model state saved to ./checkpoints/heat3d_exact/2026-05-29_09-00-23-961000/model.pth
Iteration: 7000, loss_r = 3.6e-04 ,  loss_bc = 2.0e-03,  loss_ic = 9.8e-04,  lr = 9.0e-04, time_taken = 2.2e+00, rel_l2_error = 1.7e-01
Model state saved to ./checkpoints/heat3d_exact/2026-05-29_09-00-23-961000/model.pth
Iteration: 7100, loss_r = 6.2e-04 ,  loss_bc = 2.3e-03,  loss_ic = 8.2e-04,  lr = 9.0e-04, time_taken = 2.3e+00, rel_l2_error = 1.7e-01
Model state saved to ./checkpoints/heat3d_exact/2026-05-29_09-00-23-961000/model.pth
Iteration: 7200, loss_r = 1.0e-03 ,  loss_bc = 3.4e-03,  loss_ic = 6.0e-04,  lr = 9.0e-04, time_taken = 2.3e+00, rel_l2_error = 1.6e-01
Model state saved to ./checkpoints/heat3d_exact/2026-05-29_09-00-23-961000/model.pth
Iteration: 7300, loss_r = 1.2e-03 ,  loss_bc = 1.4e-03,  loss_ic = 9.7e-04,  lr = 9.0e-04, time_taken = 2.7e+00, rel_l2_error = 1.6e-01
Model state saved to ./checkpoints/heat3d_exact/2026-05-29_09-00-23-961000/model.pth
Iteration: 7400, loss_r = 7.7e-04 ,  loss_bc = 1.9e-03,  loss_ic = 7.7e-04,  lr = 9.0e-04, time_taken = 2.1e+00, rel_l2_error = 1.7e-01
Model state saved to ./checkpoints/heat3d_exact/2026-05-29_09-00-23-961000/model.pth
Iteration: 7500, loss_r = 3.1e-04 ,  loss_bc = 3.0e-03,  loss_ic = 4.8e-04,  lr = 9.0e-04, time_taken = 2.4e+00, rel_l2_error = 1.7e-01
Model state saved to ./checkpoints/heat3d_exact/2026-05-29_09-00-23-961000/model.pth
Iteration: 7600, loss_r = 5.0e-04 ,  loss_bc = 1.4e-03,  loss_ic = 6.5e-04,  lr = 9.0e-04, time_taken = 2.1e+00, rel_l2_error = 1.5e-01
Model state saved to ./checkpoints/heat3d_exact/2026-05-29_09-00-23-961000/model.pth
Iteration: 7700, loss_r = 9.1e-04 ,  loss_bc = 1.7e-03,  loss_ic = 7.2e-04,  lr = 9.0e-04, time_taken = 2.4e+00, rel_l2_error = 1.6e-01
Model state saved to ./checkpoints/heat3d_exact/2026-05-29_09-00-23-961000/model.pth
Iteration: 7800, loss_r = 4.5e-04 ,  loss_bc = 1.6e-03,  loss_ic = 6.4e-04,  lr = 9.0e-04, time_taken = 2.5e+00, rel_l2_error = 1.7e-01
Model state saved to ./checkpoints/heat3d_exact/2026-05-29_09-00-23-961000/model.pth
Iteration: 7900, loss_r = 4.5e-04 ,  loss_bc = 1.7e-03,  loss_ic = 1.7e-03,  lr = 9.0e-04, time_taken = 2.3e+00, rel_l2_error = 1.5e-01
Model state saved to ./checkpoints/heat3d_exact/2026-05-29_09-00-23-961000/model.pth
Iteration: 8000, loss_r = 7.1e-04 ,  loss_bc = 1.8e-03,  loss_ic = 8.4e-04,  lr = 9.0e-04, time_taken = 2.4e+00, rel_l2_error = 1.7e-01
Model state saved to ./checkpoints/heat3d_exact/2026-05-29_09-00-23-961000/model.pth
Iteration: 8100, loss_r = 6.7e-04 ,  loss_bc = 1.6e-03,  loss_ic = 7.9e-04,  lr = 9.0e-04, time_taken = 2.6e+00, rel_l2_error = 1.6e-01
Model state saved to ./checkpoints/heat3d_exact/2026-05-29_09-00-23-961000/model.pth
Iteration: 8200, loss_r = 6.4e-04 ,  loss_bc = 1.9e-03,  loss_ic = 9.2e-04,  lr = 9.0e-04, time_taken = 2.2e+00, rel_l2_error = 1.6e-01
Model state saved to ./checkpoints/heat3d_exact/2026-05-29_09-00-23-961000/model.pth
Iteration: 8300, loss_r = 4.0e-04 ,  loss_bc = 1.9e-03,  loss_ic = 1.3e-03,  lr = 9.0e-04, time_taken = 2.3e+00, rel_l2_error = 1.6e-01
Model state saved to ./checkpoints/heat3d_exact/2026-05-29_09-00-23-961000/model.pth
Iteration: 8400, loss_r = 3.9e-04 ,  loss_bc = 1.4e-03,  loss_ic = 1.1e-03,  lr = 9.0e-04, time_taken = 2.6e+00, rel_l2_error = 1.5e-01
Model state saved to ./checkpoints/heat3d_exact/2026-05-29_09-00-23-961000/model.pth
Iteration: 8500, loss_r = 3.0e-04 ,  loss_bc = 2.5e-03,  loss_ic = 5.8e-04,  lr = 9.0e-04, time_taken = 2.7e+00, rel_l2_error = 1.5e-01
Model state saved to ./checkpoints/heat3d_exact/2026-05-29_09-00-23-961000/model.pth
Iteration: 8600, loss_r = 7.0e-04 ,  loss_bc = 1.2e-03,  loss_ic = 1.1e-03,  lr = 9.0e-04, time_taken = 2.5e+00, rel_l2_error = 1.6e-01
Model state saved to ./checkpoints/heat3d_exact/2026-05-29_09-00-23-961000/model.pth
Iteration: 8700, loss_r = 5.0e-04 ,  loss_bc = 1.3e-03,  loss_ic = 5.6e-04,  lr = 9.0e-04, time_taken = 2.5e+00, rel_l2_error = 1.6e-01
Model state saved to ./checkpoints/heat3d_exact/2026-05-29_09-00-23-961000/model.pth
Iteration: 8800, loss_r = 6.4e-04 ,  loss_bc = 1.6e-03,  loss_ic = 8.4e-04,  lr = 8.1e-04, time_taken = 2.7e+00, rel_l2_error = 1.5e-01
Model state saved to ./checkpoints/heat3d_exact/2026-05-29_09-00-23-961000/model.pth
Iteration: 8900, loss_r = 9.0e-04 ,  loss_bc = 1.9e-03,  loss_ic = 6.5e-04,  lr = 8.1e-04, time_taken = 2.4e+00, rel_l2_error = 1.6e-01
Model state saved to ./checkpoints/heat3d_exact/2026-05-29_09-00-23-961000/model.pth
Iteration: 9000, loss_r = 6.6e-04 ,  loss_bc = 1.8e-03,  loss_ic = 7.5e-04,  lr = 8.1e-04, time_taken = 2.1e+00, rel_l2_error = 1.5e-01
Model state saved to ./checkpoints/heat3d_exact/2026-05-29_09-00-23-961000/model.pth
Iteration: 9100, loss_r = 4.9e-04 ,  loss_bc = 2.1e-03,  loss_ic = 1.1e-03,  lr = 8.1e-04, time_taken = 2.2e+00, rel_l2_error = 1.7e-01
Model state saved to ./checkpoints/heat3d_exact/2026-05-29_09-00-23-961000/model.pth
Iteration: 9200, loss_r = 6.1e-04 ,  loss_bc = 1.3e-03,  loss_ic = 6.4e-04,  lr = 8.1e-04, time_taken = 2.3e+00, rel_l2_error = 1.6e-01
Model state saved to ./checkpoints/heat3d_exact/2026-05-29_09-00-23-961000/model.pth
Iteration: 9300, loss_r = 4.2e-04 ,  loss_bc = 1.4e-03,  loss_ic = 6.8e-04,  lr = 8.1e-04, time_taken = 2.6e+00, rel_l2_error = 1.6e-01
Model state saved to ./checkpoints/heat3d_exact/2026-05-29_09-00-23-961000/model.pth
Iteration: 9400, loss_r = 4.2e-04 ,  loss_bc = 1.6e-03,  loss_ic = 5.8e-04,  lr = 8.1e-04, time_taken = 2.9e+00, rel_l2_error = 1.5e-01
Model state saved to ./checkpoints/heat3d_exact/2026-05-29_09-00-23-961000/model.pth
Iteration: 9500, loss_r = 4.2e-04 ,  loss_bc = 1.6e-03,  loss_ic = 1.4e-03,  lr = 8.1e-04, time_taken = 2.8e+00, rel_l2_error = 1.5e-01
Model state saved to ./checkpoints/heat3d_exact/2026-05-29_09-00-23-961000/model.pth
Iteration: 9600, loss_r = 7.1e-04 ,  loss_bc = 2.0e-03,  loss_ic = 5.1e-04,  lr = 8.1e-04, time_taken = 2.5e+00, rel_l2_error = 1.5e-01
Model state saved to ./checkpoints/heat3d_exact/2026-05-29_09-00-23-961000/model.pth
Iteration: 9700, loss_r = 8.1e-04 ,  loss_bc = 1.5e-03,  loss_ic = 9.2e-04,  lr = 8.1e-04, time_taken = 2.4e+00, rel_l2_error = 1.6e-01
Model state saved to ./checkpoints/heat3d_exact/2026-05-29_09-00-23-961000/model.pth
Iteration: 9800, loss_r = 3.3e-04 ,  loss_bc = 1.5e-03,  loss_ic = 5.7e-04,  lr = 8.1e-04, time_taken = 2.5e+00, rel_l2_error = 1.5e-01
Model state saved to ./checkpoints/heat3d_exact/2026-05-29_09-00-23-961000/model.pth
Iteration: 9900, loss_r = 4.4e-04 ,  loss_bc = 1.8e-03,  loss_ic = 7.7e-04,  lr = 8.1e-04, time_taken = 2.5e+00, rel_l2_error = 1.5e-01
Model state saved to ./checkpoints/heat3d_exact/2026-05-29_09-00-23-961000/model.pth

=== Switching to LBFGS optimizer at iteration 10000 ===
Using scipy L-BFGS-B optimizer
Optimizer: L-BFGS-B (maxiter=10000, factr=1000.0, m=100, maxls=50, pgtol=1e-14)
L-BFGS Iteration: 0, Loss: 2.746788e-03
L-BFGS Iteration: 1, Loss: 2.723560e-03, Relative L2 Error: 1.519727e-01
L-BFGS: Time for 100 iterations = 1155.8708 s
L-BFGS Iteration: 100, Loss: 1.635388e-03, Relative L2 Error: 1.241796e-01
L-BFGS Iteration: 200, Loss: 1.032748e-03, Relative L2 Error: 1.090287e-01
L-BFGS Iteration: 300, Loss: 7.014608e-04, Relative L2 Error: 1.010372e-01
L-BFGS Iteration: 400, Loss: 4.862903e-04, Relative L2 Error: 7.653023e-02
L-BFGS Iteration: 500, Loss: 3.172360e-04, Relative L2 Error: 6.309356e-02
L-BFGS Iteration: 600, Loss: 2.355415e-04, Relative L2 Error: 5.261245e-02
L-BFGS Iteration: 700, Loss: 1.895760e-04, Relative L2 Error: 4.821650e-02
L-BFGS Iteration: 800, Loss: 1.553813e-04, Relative L2 Error: 4.492513e-02
L-BFGS Iteration: 900, Loss: 1.259319e-04, Relative L2 Error: 4.748015e-02
L-BFGS Iteration: 1000, Loss: 1.045970e-04, Relative L2 Error: 4.379354e-02
L-BFGS Iteration: 1100, Loss: 8.712676e-05, Relative L2 Error: 4.374908e-02
L-BFGS Iteration: 1200, Loss: 7.608229e-05, Relative L2 Error: 4.378232e-02
L-BFGS Iteration: 1300, Loss: 6.577039e-05, Relative L2 Error: 4.218800e-02
L-BFGS Iteration: 1400, Loss: 5.729188e-05, Relative L2 Error: 4.154501e-02
L-BFGS Iteration: 1500, Loss: 4.996502e-05, Relative L2 Error: 4.085094e-02
L-BFGS Iteration: 1600, Loss: 4.475741e-05, Relative L2 Error: 3.715627e-02
L-BFGS Iteration: 1700, Loss: 4.131675e-05, Relative L2 Error: 3.566390e-02
L-BFGS Iteration: 1800, Loss: 3.844158e-05, Relative L2 Error: 3.548775e-02
L-BFGS Iteration: 1900, Loss: 3.532935e-05, Relative L2 Error: 3.761069e-02
L-BFGS Iteration: 2000, Loss: 3.257778e-05, Relative L2 Error: 3.505719e-02
L-BFGS Iteration: 2100, Loss: 3.061306e-05, Relative L2 Error: 3.535681e-02
L-BFGS Iteration: 2200, Loss: 2.872467e-05, Relative L2 Error: 3.309114e-02
L-BFGS Iteration: 2300, Loss: 2.665641e-05, Relative L2 Error: 3.143313e-02
L-BFGS Iteration: 2400, Loss: 2.487093e-05, Relative L2 Error: 3.146808e-02
L-BFGS Iteration: 2500, Loss: 2.308665e-05, Relative L2 Error: 3.099084e-02
L-BFGS Iteration: 2600, Loss: 2.116982e-05, Relative L2 Error: 2.905387e-02
L-BFGS Iteration: 2700, Loss: 1.952959e-05, Relative L2 Error: 2.656101e-02
L-BFGS Iteration: 2800, Loss: 1.772904e-05, Relative L2 Error: 2.615018e-02
L-BFGS Iteration: 2900, Loss: 1.658998e-05, Relative L2 Error: 2.370054e-02
L-BFGS Iteration: 3000, Loss: 1.546618e-05, Relative L2 Error: 2.260389e-02
L-BFGS Iteration: 3100, Loss: 1.447470e-05, Relative L2 Error: 2.356666e-02
L-BFGS Iteration: 3200, Loss: 1.342032e-05, Relative L2 Error: 2.128462e-02
L-BFGS Iteration: 3300, Loss: 1.266081e-05, Relative L2 Error: 2.018220e-02
L-BFGS Iteration: 3400, Loss: 1.211661e-05, Relative L2 Error: 2.152929e-02
L-BFGS Iteration: 3500, Loss: 1.164582e-05, Relative L2 Error: 1.983151e-02
L-BFGS Iteration: 3600, Loss: 1.126131e-05, Relative L2 Error: 2.034205e-02
L-BFGS Iteration: 3700, Loss: 1.076325e-05, Relative L2 Error: 2.039921e-02
L-BFGS Iteration: 3800, Loss: 1.022371e-05, Relative L2 Error: 1.944929e-02
L-BFGS Iteration: 3900, Loss: 9.764433e-06, Relative L2 Error: 1.964819e-02
L-BFGS Iteration: 4000, Loss: 9.300232e-06, Relative L2 Error: 1.916177e-02
L-BFGS Iteration: 4100, Loss: 9.003034e-06, Relative L2 Error: 1.719747e-02
L-BFGS Iteration: 4200, Loss: 8.697768e-06, Relative L2 Error: 1.822833e-02
L-BFGS Iteration: 4300, Loss: 8.384774e-06, Relative L2 Error: 1.825452e-02
L-BFGS Iteration: 4400, Loss: 8.034599e-06, Relative L2 Error: 1.798266e-02
L-BFGS Iteration: 4500, Loss: 7.710545e-06, Relative L2 Error: 1.677336e-02
L-BFGS Iteration: 4600, Loss: 7.409577e-06, Relative L2 Error: 1.777123e-02
L-BFGS Iteration: 4700, Loss: 7.102876e-06, Relative L2 Error: 1.638594e-02
L-BFGS Iteration: 4800, Loss: 6.789905e-06, Relative L2 Error: 1.823608e-02
L-BFGS Iteration: 4900, Loss: 6.546624e-06, Relative L2 Error: 1.692456e-02
L-BFGS Iteration: 5000, Loss: 6.310704e-06, Relative L2 Error: 1.726476e-02
L-BFGS Iteration: 5100, Loss: 6.028220e-06, Relative L2 Error: 1.644885e-02
L-BFGS Iteration: 5200, Loss: 5.846355e-06, Relative L2 Error: 1.719592e-02
L-BFGS Iteration: 5300, Loss: 5.681994e-06, Relative L2 Error: 1.550869e-02
L-BFGS Iteration: 5400, Loss: 5.522244e-06, Relative L2 Error: 1.756330e-02
L-BFGS Iteration: 5500, Loss: 5.302675e-06, Relative L2 Error: 1.641132e-02
L-BFGS Iteration: 5600, Loss: 5.116962e-06, Relative L2 Error: 1.627784e-02
L-BFGS Iteration: 5700, Loss: 4.884147e-06, Relative L2 Error: 1.647082e-02
L-BFGS Iteration: 5800, Loss: 4.730142e-06, Relative L2 Error: 1.568727e-02
L-BFGS Iteration: 5900, Loss: 4.580482e-06, Relative L2 Error: 1.594797e-02
L-BFGS Iteration: 6000, Loss: 4.391337e-06, Relative L2 Error: 1.502771e-02
L-BFGS Iteration: 6100, Loss: 4.245456e-06, Relative L2 Error: 1.640438e-02
L-BFGS Iteration: 6200, Loss: 4.068245e-06, Relative L2 Error: 1.606557e-02
L-BFGS Iteration: 6300, Loss: 3.987793e-06, Relative L2 Error: 1.468760e-02
L-BFGS Iteration: 6400, Loss: 3.921588e-06, Relative L2 Error: 1.503021e-02
L-BFGS Iteration: 6500, Loss: 3.834724e-06, Relative L2 Error: 1.464810e-02
L-BFGS Iteration: 6600, Loss: 3.727615e-06, Relative L2 Error: 1.477026e-02
L-BFGS Iteration: 6700, Loss: 3.609076e-06, Relative L2 Error: 1.402408e-02
L-BFGS Iteration: 6800, Loss: 3.503016e-06, Relative L2 Error: 1.445285e-02
L-BFGS Iteration: 6900, Loss: 3.406530e-06, Relative L2 Error: 1.399586e-02
L-BFGS Iteration: 7000, Loss: 3.316783e-06, Relative L2 Error: 1.325297e-02
L-BFGS training completed after 7012 iterations
Model state saved to ./checkpoints/heat3d_exact/2026-05-29_09-00-23-961000/model.pth
Training completed successfully!
Relative L2 error (eval data): 1.31e-02
Saved solution comparison heatmaps to: ./checkpoints/heat3d_exact/2026-05-29_09-00-23-961000/solution_comparison_heat3d.png
