Random seed set to: 88
Solving Burgers equation: u_t + u*u_x = nu*u_xx with nu=0.01
Domain: (x, t) = [-1, 1] x [0, 1]
Using exact solution for boundary and initial conditions
Using DV Solver
The settings used:
batch_size : 64
epochs : 20000
lr : 0.001
seed : 88
print_every : 100
log_path : ./checkpoints/burgers_exact
input_dim : 2
output_dim : 1
num_qubits : 5
hidden_dim : 20
num_quantum_layers : 1
classic_network : [2, 20, 1]
q_ansatz : cross_mesh
mode : hybrid
activation : tanh
shots : None
problem : burgers_exact
solver : DV
device : cpu
method : None
cutoff_dim : 20
class : CVNeuralNetwork1
encoding : angle
use_rar : True
rar_eval_freq : 2000
rar_threshold : 0.0005
rar_num_candidates : 10000
rar_num_add : 100
use_hybrid_optimizer : True
adam_iterations : 10000
use_scipy_lbfgs : True
lbfgs_lr : 1
lbfgs_line_search : strong_wolfe
lbfgs_tolerance_grad : 1e-05
lbfgs_tolerance_change : 1e-07
lbfgs_maxiter : 10000
lbfgs_factr : 1000.0
lbfgs_pgtol : 1e-14
lbfgs_maxls : 50
lbfgs_m : 100
lbfgs_eval_every : 100
nx : 200
nt : 200
domainN : 500
leftN : 50
rightN : 50
initialN : 50
eval_total_points : 10000
Total number of parameters: 1186
The circuit used in the study:
Iteration: 0, loss_r = 3.8e-04 ,  loss_bc = 4.2e-03,  loss_ic = 3.2e-02,  lr = 1.0e-03, time_taken = 2.2e+00, rel_l2_error = 1.0e+00
Model state saved to ./checkpoints/burgers_exact\2026-03-04_14-59-13-573289\model.pth
Iteration: 100, loss_r = 5.7e-04 ,  loss_bc = 7.7e-04,  loss_ic = 2.7e-02,  lr = 1.0e-03, time_taken = 4.0e-01, rel_l2_error = 9.7e-01
Model state saved to ./checkpoints/burgers_exact\2026-03-04_14-59-13-573289\model.pth
Iteration: 200, loss_r = 3.2e-03 ,  loss_bc = 5.7e-04,  loss_ic = 6.5e-03,  lr = 1.0e-03, time_taken = 3.9e-01, rel_l2_error = 4.5e-01
Model state saved to ./checkpoints/burgers_exact\2026-03-04_14-59-13-573289\model.pth
Iteration: 300, loss_r = 1.1e-03 ,  loss_bc = 3.5e-04,  loss_ic = 5.5e-03,  lr = 1.0e-03, time_taken = 3.5e-01, rel_l2_error = 3.8e-01
Model state saved to ./checkpoints/burgers_exact\2026-03-04_14-59-13-573289\model.pth
Iteration: 400, loss_r = 9.2e-04 ,  loss_bc = 3.4e-04,  loss_ic = 4.2e-03,  lr = 1.0e-03, time_taken = 4.1e-01, rel_l2_error = 3.5e-01
Model state saved to ./checkpoints/burgers_exact\2026-03-04_14-59-13-573289\model.pth
Iteration: 500, loss_r = 8.6e-04 ,  loss_bc = 2.6e-04,  loss_ic = 4.7e-03,  lr = 1.0e-03, time_taken = 3.2e-01, rel_l2_error = 3.4e-01
Model state saved to ./checkpoints/burgers_exact\2026-03-04_14-59-13-573289\model.pth
Iteration: 600, loss_r = 6.5e-04 ,  loss_bc = 3.1e-04,  loss_ic = 4.4e-03,  lr = 1.0e-03, time_taken = 3.2e-01, rel_l2_error = 3.2e-01
Model state saved to ./checkpoints/burgers_exact\2026-03-04_14-59-13-573289\model.pth
Iteration: 700, loss_r = 3.6e-04 ,  loss_bc = 6.0e-05,  loss_ic = 2.3e-03,  lr = 1.0e-03, time_taken = 3.2e-01, rel_l2_error = 3.0e-01
Model state saved to ./checkpoints/burgers_exact\2026-03-04_14-59-13-573289\model.pth
Iteration: 800, loss_r = 6.0e-04 ,  loss_bc = 7.0e-05,  loss_ic = 3.5e-03,  lr = 1.0e-03, time_taken = 3.2e-01, rel_l2_error = 2.8e-01
Model state saved to ./checkpoints/burgers_exact\2026-03-04_14-59-13-573289\model.pth
Iteration: 900, loss_r = 3.7e-04 ,  loss_bc = 1.2e-04,  loss_ic = 2.7e-03,  lr = 1.0e-03, time_taken = 3.2e-01, rel_l2_error = 2.4e-01
Model state saved to ./checkpoints/burgers_exact\2026-03-04_14-59-13-573289\model.pth
Iteration: 1000, loss_r = 4.0e-04 ,  loss_bc = 3.5e-05,  loss_ic = 2.6e-03,  lr = 1.0e-03, time_taken = 3.2e-01, rel_l2_error = 2.5e-01
Model state saved to ./checkpoints/burgers_exact\2026-03-04_14-59-13-573289\model.pth
Iteration: 1100, loss_r = 5.4e-04 ,  loss_bc = 7.1e-05,  loss_ic = 1.8e-03,  lr = 1.0e-03, time_taken = 3.2e-01, rel_l2_error = 2.1e-01
Model state saved to ./checkpoints/burgers_exact\2026-03-04_14-59-13-573289\model.pth
Iteration: 1200, loss_r = 3.1e-04 ,  loss_bc = 5.7e-05,  loss_ic = 1.1e-03,  lr = 1.0e-03, time_taken = 4.8e-01, rel_l2_error = 1.8e-01
Model state saved to ./checkpoints/burgers_exact\2026-03-04_14-59-13-573289\model.pth
Iteration: 1300, loss_r = 3.1e-04 ,  loss_bc = 3.0e-05,  loss_ic = 1.1e-03,  lr = 1.0e-03, time_taken = 3.6e-01, rel_l2_error = 1.8e-01
Model state saved to ./checkpoints/burgers_exact\2026-03-04_14-59-13-573289\model.pth
Iteration: 1400, loss_r = 3.5e-04 ,  loss_bc = 2.5e-05,  loss_ic = 5.4e-04,  lr = 1.0e-03, time_taken = 4.0e-01, rel_l2_error = 1.4e-01
Model state saved to ./checkpoints/burgers_exact\2026-03-04_14-59-13-573289\model.pth
Iteration: 1500, loss_r = 4.0e-04 ,  loss_bc = 3.0e-05,  loss_ic = 9.8e-04,  lr = 1.0e-03, time_taken = 4.3e-01, rel_l2_error = 1.3e-01
Model state saved to ./checkpoints/burgers_exact\2026-03-04_14-59-13-573289\model.pth
Iteration: 1600, loss_r = 3.0e-04 ,  loss_bc = 1.9e-05,  loss_ic = 3.9e-04,  lr = 1.0e-03, time_taken = 5.4e-01, rel_l2_error = 1.2e-01
Model state saved to ./checkpoints/burgers_exact\2026-03-04_14-59-13-573289\model.pth
Iteration: 1700, loss_r = 3.5e-04 ,  loss_bc = 4.7e-05,  loss_ic = 3.7e-04,  lr = 1.0e-03, time_taken = 4.7e-01, rel_l2_error = 9.2e-02
Model state saved to ./checkpoints/burgers_exact\2026-03-04_14-59-13-573289\model.pth
Iteration: 1800, loss_r = 3.1e-04 ,  loss_bc = 1.5e-05,  loss_ic = 5.2e-04,  lr = 1.0e-03, time_taken = 3.4e-01, rel_l2_error = 9.1e-02
Model state saved to ./checkpoints/burgers_exact\2026-03-04_14-59-13-573289\model.pth
Iteration: 1900, loss_r = 1.9e-04 ,  loss_bc = 5.9e-06,  loss_ic = 3.4e-04,  lr = 1.0e-03, time_taken = 5.6e-01, rel_l2_error = 8.2e-02
Model state saved to ./checkpoints/burgers_exact\2026-03-04_14-59-13-573289\model.pth
Iteration: 2000, loss_r = 1.2e-04 ,  loss_bc = 1.2e-05,  loss_ic = 2.6e-04,  lr = 1.0e-03, time_taken = 5.8e-01, rel_l2_error = 6.3e-02
Model state saved to ./checkpoints/burgers_exact\2026-03-04_14-59-13-573289\model.pth

=== RAR Evaluation at iteration 2000 ===
Mean residual: 2.677e-01
Adding 100 new point(s) with highest residuals:
  Point 1: [ 0.0949387  -0.62324476], Residual: 3.573e+00
  Point 2: [ 0.6630125  -0.68911207], Residual: 3.311e+00
  Point 3: [ 0.2945956 -0.7078607], Residual: 3.289e+00
  Point 4: [ 0.09572059 -0.52073157], Residual: 3.201e+00
  Point 5: [ 0.11745232 -0.61450064], Residual: 3.181e+00
  Point 6: [ 0.10326165 -0.61583996], Residual: 3.115e+00
  Point 7: [ 0.7473322 -0.7093177], Residual: 3.079e+00
  Point 8: [ 0.586331   -0.71721137], Residual: 3.054e+00
  Point 9: [ 0.449952 -0.74334 ], Residual: 2.964e+00
  Point 10: [ 0.08890224 -0.6360655 ], Residual: 2.907e+00
  Point 11: [ 0.34268206 -0.6046461 ], Residual: 2.838e+00
  Point 12: [ 0.1557638  -0.62973547], Residual: 2.811e+00
  Point 13: [ 0.09760833 -0.537362  ], Residual: 2.783e+00
  Point 14: [ 0.49278432 -0.7100469 ], Residual: 2.777e+00
  Point 15: [ 0.02064055 -0.6103476 ], Residual: 2.746e+00
  Point 16: [ 0.02318448 -0.48872995], Residual: 2.741e+00
  Point 17: [ 0.02040106 -0.5991373 ], Residual: 2.609e+00
  Point 18: [ 0.15275133 -0.6596745 ], Residual: 2.597e+00
  Point 19: [ 0.49058288 -0.7669302 ], Residual: 2.593e+00
  Point 20: [ 0.39996207 -0.56177354], Residual: 2.588e+00
  Point 21: [ 0.02332759 -0.5605662 ], Residual: 2.579e+00
  Point 22: [ 0.6835947  -0.66396606], Residual: 2.577e+00
  Point 23: [ 0.3158509  -0.70751846], Residual: 2.521e+00
  Point 24: [ 0.988913  -0.8095516], Residual: 2.473e+00
  Point 25: [ 0.08526254 -0.669889  ], Residual: 2.458e+00
  Point 26: [ 0.37240708 -0.6832905 ], Residual: 2.450e+00
  Point 27: [ 0.39398056 -0.7494556 ], Residual: 2.367e+00
  Point 28: [ 0.0382911  -0.54035676], Residual: 2.363e+00
  Point 29: [ 0.59156674 -0.7737888 ], Residual: 2.350e+00
  Point 30: [ 0.27055037 -0.7142967 ], Residual: 2.339e+00
  Point 31: [ 0.01244473 -0.47595263], Residual: 2.336e+00
  Point 32: [ 0.28602856 -0.6138308 ], Residual: 2.335e+00
  Point 33: [ 0.16238552 -0.5942271 ], Residual: 2.333e+00
  Point 34: [ 0.2969665 -0.6131743], Residual: 2.301e+00
  Point 35: [ 0.04146034 -0.583115  ], Residual: 2.262e+00
  Point 36: [0.6958062 0.6884023], Residual: 2.237e+00
  Point 37: [ 0.23602349 -0.67351866], Residual: 2.228e+00
  Point 38: [ 0.70047677 -0.80610967], Residual: 2.209e+00
  Point 39: [ 0.9544814 -0.7751193], Residual: 2.207e+00
  Point 40: [0.3880114 0.6166519], Residual: 2.181e+00
  Point 41: [ 0.3120699  -0.73535955], Residual: 2.172e+00
  Point 42: [ 0.77879786 -0.70052576], Residual: 2.160e+00
  Point 43: [ 0.64108104 -0.7003344 ], Residual: 2.157e+00
  Point 44: [ 0.26573867 -0.6182114 ], Residual: 2.152e+00
  Point 45: [0.27610648 0.62282395], Residual: 2.149e+00
  Point 46: [ 0.2654391  -0.72822213], Residual: 2.139e+00
  Point 47: [ 0.33476555 -0.62253   ], Residual: 2.118e+00
  Point 48: [ 0.7172084 -0.7258115], Residual: 2.114e+00
  Point 49: [0.37658876 0.6058723 ], Residual: 2.107e+00
  Point 50: [ 0.8849823  -0.87263095], Residual: 2.061e+00
  Point 51: [ 0.5353456  -0.74993515], Residual: 2.054e+00
  Point 52: [ 0.11674082 -0.5399991 ], Residual: 2.046e+00
  Point 53: [0.54986036 0.6780559 ], Residual: 2.041e+00
  Point 54: [ 0.35111618 -0.7069633 ], Residual: 2.022e+00
  Point 55: [ 0.36364144 -0.59906125], Residual: 2.019e+00
  Point 56: [ 0.09675294 -0.5778378 ], Residual: 2.014e+00
  Point 57: [ 0.24268216 -0.71966565], Residual: 2.014e+00
  Point 58: [ 0.04237944 -0.5031301 ], Residual: 2.013e+00
  Point 59: [0.70548624 0.68073726], Residual: 2.011e+00
  Point 60: [ 0.3554675 -0.5496433], Residual: 2.005e+00
  Point 61: [ 0.8051791 -0.7846551], Residual: 1.993e+00
  Point 62: [ 0.70407575 -0.7464541 ], Residual: 1.992e+00
  Point 63: [0.02194017 0.5231986 ], Residual: 1.985e+00
  Point 64: [ 0.31669253 -0.5847814 ], Residual: 1.965e+00
  Point 65: [ 0.8156926  -0.79249585], Residual: 1.963e+00
  Point 66: [ 0.45353812 -0.72028995], Residual: 1.962e+00
  Point 67: [ 0.0626269  -0.53254914], Residual: 1.961e+00
  Point 68: [ 0.48318708 -0.72458196], Residual: 1.949e+00
  Point 69: [ 0.50162226 -0.6558037 ], Residual: 1.937e+00
  Point 70: [ 0.4548447 -0.8091985], Residual: 1.932e+00
  Point 71: [ 0.6222276 -0.6987474], Residual: 1.916e+00
  Point 72: [ 0.36042953 -0.608817  ], Residual: 1.905e+00
  Point 73: [0.6313941  0.72239625], Residual: 1.902e+00
  Point 74: [ 0.92913806 -0.795321  ], Residual: 1.889e+00
  Point 75: [0.219006  0.6604847], Residual: 1.886e+00
  Point 76: [0.9433459 0.7537793], Residual: 1.885e+00
  Point 77: [ 0.563525  -0.6509954], Residual: 1.885e+00
  Point 78: [ 0.18004662 -0.5352895 ], Residual: 1.885e+00
  Point 79: [0.58556056 0.66444266], Residual: 1.878e+00
  Point 80: [ 0.0061124  -0.44156373], Residual: 1.854e+00
  Point 81: [ 0.6596961  -0.70896196], Residual: 1.853e+00
  Point 82: [ 0.5871972 -0.7761314], Residual: 1.853e+00
  Point 83: [ 0.5933968  -0.80457926], Residual: 1.842e+00
  Point 84: [ 0.49460745 -0.65679574], Residual: 1.839e+00
  Point 85: [ 0.6169443  -0.58493257], Residual: 1.829e+00
  Point 86: [ 0.10914499 -0.74825037], Residual: 1.823e+00
  Point 87: [ 0.2690323 -0.7535722], Residual: 1.823e+00
  Point 88: [ 0.4027931  -0.81655395], Residual: 1.821e+00
  Point 89: [0.719588  0.7771894], Residual: 1.816e+00
  Point 90: [0.59800494 0.668578  ], Residual: 1.816e+00
  Point 91: [ 0.2848261 -0.6036608], Residual: 1.814e+00
  Point 92: [0.1945684  0.69717586], Residual: 1.806e+00
  Point 93: [ 0.05542427 -0.6732209 ], Residual: 1.802e+00
  Point 94: [ 0.6961465 -0.699347 ], Residual: 1.801e+00
  Point 95: [ 0.6673416 -0.7586484], Residual: 1.786e+00
  Point 96: [ 0.7846416  -0.71181464], Residual: 1.774e+00
  Point 97: [ 0.7030558 -0.811499 ], Residual: 1.774e+00
  Point 98: [ 0.16184628 -0.50343025], Residual: 1.764e+00
  Point 99: [ 0.61045843 -0.84286106], Residual: 1.763e+00
  Point 100: [ 0.8587234 -0.7062235], Residual: 1.762e+00
Total adaptive points: 100

Iteration: 2100, loss_r = 1.2e-04 ,  loss_bc = 1.2e-05,  loss_ic = 1.7e-04,  lr = 1.0e-03, time_taken = 6.2e-01, rel_l2_error = 5.5e-02
Model state saved to ./checkpoints/burgers_exact\2026-03-04_14-59-13-573289\model.pth
Iteration: 2200, loss_r = 1.4e-04 ,  loss_bc = 1.4e-05,  loss_ic = 1.1e-04,  lr = 1.0e-03, time_taken = 5.1e-01, rel_l2_error = 5.7e-02
Model state saved to ./checkpoints/burgers_exact\2026-03-04_14-59-13-573289\model.pth
Iteration: 2300, loss_r = 8.8e-05 ,  loss_bc = 2.1e-06,  loss_ic = 1.0e-04,  lr = 1.0e-03, time_taken = 5.8e-01, rel_l2_error = 4.8e-02
Model state saved to ./checkpoints/burgers_exact\2026-03-04_14-59-13-573289\model.pth
Iteration: 2400, loss_r = 8.1e-05 ,  loss_bc = 2.8e-06,  loss_ic = 3.6e-05,  lr = 1.0e-03, time_taken = 5.8e-01, rel_l2_error = 4.7e-02
Model state saved to ./checkpoints/burgers_exact\2026-03-04_14-59-13-573289\model.pth
Iteration: 2500, loss_r = 7.5e-05 ,  loss_bc = 7.7e-06,  loss_ic = 5.1e-05,  lr = 1.0e-03, time_taken = 4.4e-01, rel_l2_error = 5.2e-02
Model state saved to ./checkpoints/burgers_exact\2026-03-04_14-59-13-573289\model.pth
Iteration: 2600, loss_r = 7.3e-05 ,  loss_bc = 1.6e-06,  loss_ic = 8.6e-05,  lr = 1.0e-03, time_taken = 3.8e-01, rel_l2_error = 4.3e-02
Model state saved to ./checkpoints/burgers_exact\2026-03-04_14-59-13-573289\model.pth
Iteration: 2700, loss_r = 1.2e-04 ,  loss_bc = 6.3e-06,  loss_ic = 5.3e-05,  lr = 1.0e-03, time_taken = 4.0e-01, rel_l2_error = 3.2e-02
Model state saved to ./checkpoints/burgers_exact\2026-03-04_14-59-13-573289\model.pth
Iteration: 2800, loss_r = 5.0e-05 ,  loss_bc = 1.9e-05,  loss_ic = 3.8e-05,  lr = 1.0e-03, time_taken = 6.3e-01, rel_l2_error = 3.2e-02
Model state saved to ./checkpoints/burgers_exact\2026-03-04_14-59-13-573289\model.pth
Iteration: 2900, loss_r = 7.7e-05 ,  loss_bc = 3.5e-06,  loss_ic = 5.8e-05,  lr = 1.0e-03, time_taken = 6.2e-01, rel_l2_error = 3.5e-02
Model state saved to ./checkpoints/burgers_exact\2026-03-04_14-59-13-573289\model.pth
Iteration: 3000, loss_r = 5.3e-05 ,  loss_bc = 2.7e-06,  loss_ic = 3.1e-05,  lr = 1.0e-03, time_taken = 3.6e-01, rel_l2_error = 3.4e-02
Model state saved to ./checkpoints/burgers_exact\2026-03-04_14-59-13-573289\model.pth
Iteration: 3100, loss_r = 6.1e-05 ,  loss_bc = 6.8e-06,  loss_ic = 3.0e-05,  lr = 1.0e-03, time_taken = 3.6e-01, rel_l2_error = 3.7e-02
Model state saved to ./checkpoints/burgers_exact\2026-03-04_14-59-13-573289\model.pth
Iteration: 3200, loss_r = 5.3e-05 ,  loss_bc = 2.2e-06,  loss_ic = 4.4e-05,  lr = 1.0e-03, time_taken = 4.5e-01, rel_l2_error = 2.4e-02
Model state saved to ./checkpoints/burgers_exact\2026-03-04_14-59-13-573289\model.pth
Iteration: 3300, loss_r = 4.4e-05 ,  loss_bc = 7.1e-06,  loss_ic = 2.5e-05,  lr = 1.0e-03, time_taken = 3.8e-01, rel_l2_error = 3.6e-02
Model state saved to ./checkpoints/burgers_exact\2026-03-04_14-59-13-573289\model.pth
Iteration: 3400, loss_r = 6.9e-05 ,  loss_bc = 3.6e-06,  loss_ic = 2.3e-05,  lr = 1.0e-03, time_taken = 3.2e-01, rel_l2_error = 2.7e-02
Model state saved to ./checkpoints/burgers_exact\2026-03-04_14-59-13-573289\model.pth
Iteration: 3500, loss_r = 2.5e-05 ,  loss_bc = 3.6e-06,  loss_ic = 2.8e-05,  lr = 1.0e-03, time_taken = 3.9e-01, rel_l2_error = 2.9e-02
Model state saved to ./checkpoints/burgers_exact\2026-03-04_14-59-13-573289\model.pth
Iteration: 3600, loss_r = 3.9e-05 ,  loss_bc = 1.9e-06,  loss_ic = 3.0e-05,  lr = 1.0e-03, time_taken = 4.0e-01, rel_l2_error = 2.5e-02
Model state saved to ./checkpoints/burgers_exact\2026-03-04_14-59-13-573289\model.pth
Iteration: 3700, loss_r = 3.9e-05 ,  loss_bc = 7.6e-06,  loss_ic = 1.4e-05,  lr = 1.0e-03, time_taken = 5.0e-01, rel_l2_error = 2.1e-02
Model state saved to ./checkpoints/burgers_exact\2026-03-04_14-59-13-573289\model.pth
Iteration: 3800, loss_r = 3.4e-05 ,  loss_bc = 3.3e-06,  loss_ic = 3.8e-05,  lr = 1.0e-03, time_taken = 3.8e-01, rel_l2_error = 2.9e-02
Model state saved to ./checkpoints/burgers_exact\2026-03-04_14-59-13-573289\model.pth
Iteration: 3900, loss_r = 2.3e-05 ,  loss_bc = 3.7e-06,  loss_ic = 3.6e-05,  lr = 1.0e-03, time_taken = 4.5e-01, rel_l2_error = 2.5e-02
Model state saved to ./checkpoints/burgers_exact\2026-03-04_14-59-13-573289\model.pth
Iteration: 4000, loss_r = 3.7e-05 ,  loss_bc = 1.8e-06,  loss_ic = 2.1e-05,  lr = 1.0e-03, time_taken = 4.1e-01, rel_l2_error = 2.3e-02
Model state saved to ./checkpoints/burgers_exact\2026-03-04_14-59-13-573289\model.pth

=== RAR Evaluation at iteration 4000 ===
Mean residual: 3.121e-01
Adding 100 new point(s) with highest residuals:
  Point 1: [ 0.18657768 -0.58376706], Residual: 4.901e+00
  Point 2: [ 0.20487046 -0.5801835 ], Residual: 3.877e+00
  Point 3: [ 0.43237913 -0.65521467], Residual: 3.703e+00
  Point 4: [ 0.42687124 -0.6168437 ], Residual: 3.508e+00
  Point 5: [ 0.11905813 -0.5715518 ], Residual: 3.411e+00
  Point 6: [ 0.16394997 -0.6607945 ], Residual: 3.336e+00
  Point 7: [ 0.31622493 -0.609264  ], Residual: 3.296e+00
  Point 8: [ 0.5223095  -0.63440084], Residual: 3.072e+00
  Point 9: [ 0.61820924 -0.68566465], Residual: 3.029e+00
  Point 10: [ 0.73063874 -0.71060145], Residual: 3.008e+00
  Point 11: [0.05366111 0.55493677], Residual: 2.976e+00
  Point 12: [ 0.6391116 -0.6280153], Residual: 2.921e+00
  Point 13: [0.7248787  0.71746385], Residual: 2.910e+00
  Point 14: [0.3048433 0.5773455], Residual: 2.908e+00
  Point 15: [ 0.36582017 -0.6491332 ], Residual: 2.899e+00
  Point 16: [ 0.00356191 -0.56473434], Residual: 2.793e+00
  Point 17: [ 0.31791717 -0.5519848 ], Residual: 2.785e+00
  Point 18: [ 0.6233643  -0.70123947], Residual: 2.770e+00
  Point 19: [ 0.23355228 -0.67261267], Residual: 2.765e+00
  Point 20: [ 0.02065104 -0.6114639 ], Residual: 2.751e+00
  Point 21: [ 0.87769073 -0.7509799 ], Residual: 2.744e+00
  Point 22: [ 0.12780702 -0.50353634], Residual: 2.741e+00
  Point 23: [0.44952613 0.6803167 ], Residual: 2.740e+00
  Point 24: [ 0.15845293 -0.6108197 ], Residual: 2.734e+00
  Point 25: [ 0.32844436 -0.577965  ], Residual: 2.692e+00
  Point 26: [ 0.4728824  -0.65895796], Residual: 2.690e+00
  Point 27: [0.21381003 0.5644058 ], Residual: 2.669e+00
  Point 28: [ 0.80454344 -0.77778244], Residual: 2.668e+00
  Point 29: [0.8736159  0.75007486], Residual: 2.661e+00
  Point 30: [ 0.8494276 -0.7181457], Residual: 2.648e+00
  Point 31: [0.66556287 0.69350016], Residual: 2.647e+00
  Point 32: [ 0.78998816 -0.6786635 ], Residual: 2.632e+00
  Point 33: [0.0761416  0.56099355], Residual: 2.631e+00
  Point 34: [ 0.1094569  -0.58039105], Residual: 2.596e+00
  Point 35: [ 0.55039173 -0.73163366], Residual: 2.563e+00
  Point 36: [ 0.24413145 -0.696879  ], Residual: 2.550e+00
  Point 37: [ 0.51184773 -0.72195363], Residual: 2.547e+00
  Point 38: [0.0612365  0.59388375], Residual: 2.546e+00
  Point 39: [ 0.91160107 -0.72477055], Residual: 2.542e+00
  Point 40: [ 0.43050027 -0.5916641 ], Residual: 2.540e+00
  Point 41: [ 0.8036239 -0.6255647], Residual: 2.531e+00
  Point 42: [0.2068224  0.61392057], Residual: 2.510e+00
  Point 43: [ 0.07426256 -0.6570556 ], Residual: 2.488e+00
  Point 44: [0.15359408 0.56887746], Residual: 2.481e+00
  Point 45: [ 0.19640708 -0.5621637 ], Residual: 2.459e+00
  Point 46: [ 0.50503945 -0.6895715 ], Residual: 2.444e+00
  Point 47: [ 0.51051295 -0.65217626], Residual: 2.428e+00
  Point 48: [ 0.58916825 -0.7048197 ], Residual: 2.426e+00
  Point 49: [0.32644117 0.5736965 ], Residual: 2.418e+00
  Point 50: [0.3666352 0.6318761], Residual: 2.418e+00
  Point 51: [0.95564073 0.8291478 ], Residual: 2.415e+00
  Point 52: [0.7713393 0.6716473], Residual: 2.414e+00
  Point 53: [ 0.5004334 -0.693722 ], Residual: 2.411e+00
  Point 54: [0.38210124 0.58601475], Residual: 2.394e+00
  Point 55: [ 0.648013  -0.6780714], Residual: 2.389e+00
  Point 56: [ 0.05325013 -0.48899996], Residual: 2.367e+00
  Point 57: [ 0.74717396 -0.63682747], Residual: 2.362e+00
  Point 58: [ 0.87133354 -0.7893939 ], Residual: 2.346e+00
  Point 59: [ 0.5630095 -0.6107652], Residual: 2.337e+00
  Point 60: [0.12648797 0.603081  ], Residual: 2.330e+00
  Point 61: [0.339302  0.6738732], Residual: 2.323e+00
  Point 62: [ 0.31924194 -0.5644138 ], Residual: 2.322e+00
  Point 63: [ 0.5788315 -0.7101593], Residual: 2.303e+00
  Point 64: [ 0.2993111 -0.603868 ], Residual: 2.288e+00
  Point 65: [ 0.93308747 -0.7307441 ], Residual: 2.273e+00
  Point 66: [ 0.09339333 -0.6403338 ], Residual: 2.271e+00
  Point 67: [0.00222147 0.5975721 ], Residual: 2.261e+00
  Point 68: [ 0.11481261 -0.5470644 ], Residual: 2.243e+00
  Point 69: [0.7325573  0.72410095], Residual: 2.230e+00
  Point 70: [ 0.03374368 -0.51579034], Residual: 2.224e+00
  Point 71: [0.23491305 0.65464854], Residual: 2.216e+00
  Point 72: [0.5240509 0.6409564], Residual: 2.200e+00
  Point 73: [0.3736483 0.6258489], Residual: 2.195e+00
  Point 74: [0.9574827 0.723173 ], Residual: 2.191e+00
  Point 75: [ 0.01278502 -0.60390997], Residual: 2.185e+00
  Point 76: [ 0.28666395 -0.6926174 ], Residual: 2.184e+00
  Point 77: [ 0.49772185 -0.7153213 ], Residual: 2.173e+00
  Point 78: [0.6796118 0.7574494], Residual: 2.169e+00
  Point 79: [ 0.8338313  -0.67311263], Residual: 2.162e+00
  Point 80: [ 0.00142318 -0.61263275], Residual: 2.154e+00
  Point 81: [ 0.17574531 -0.6431005 ], Residual: 2.141e+00
  Point 82: [0.39236712 0.6243938 ], Residual: 2.140e+00
  Point 83: [ 0.17031682 -0.57401085], Residual: 2.139e+00
  Point 84: [0.87544644 0.70875394], Residual: 2.138e+00
  Point 85: [0.45328134 0.71360445], Residual: 2.135e+00
  Point 86: [ 0.47236168 -0.62989676], Residual: 2.134e+00
  Point 87: [0.8219869  0.74989045], Residual: 2.131e+00
  Point 88: [ 0.24265403 -0.52904   ], Residual: 2.129e+00
  Point 89: [ 0.212497  -0.5392544], Residual: 2.124e+00
  Point 90: [0.11800784 0.5467349 ], Residual: 2.120e+00
  Point 91: [0.7841717  0.75316393], Residual: 2.117e+00
  Point 92: [0.10824096 0.61367977], Residual: 2.098e+00
  Point 93: [0.2471171  0.55944157], Residual: 2.090e+00
  Point 94: [ 0.21748692 -0.4893496 ], Residual: 2.088e+00
  Point 95: [0.14744145 0.6621611 ], Residual: 2.085e+00
  Point 96: [ 0.5072963  -0.75210977], Residual: 2.081e+00
  Point 97: [ 0.7821056 -0.7784995], Residual: 2.080e+00
  Point 98: [ 0.61819077 -0.6813786 ], Residual: 2.058e+00
  Point 99: [ 0.6814237  -0.71034503], Residual: 2.050e+00
  Point 100: [ 0.13118422 -0.5883168 ], Residual: 2.048e+00
Total adaptive points: 200

Iteration: 4100, loss_r = 2.7e-05 ,  loss_bc = 2.9e-06,  loss_ic = 2.7e-05,  lr = 1.0e-03, time_taken = 3.4e-01, rel_l2_error = 2.2e-02
Model state saved to ./checkpoints/burgers_exact\2026-03-04_14-59-13-573289\model.pth
Iteration: 4200, loss_r = 2.8e-05 ,  loss_bc = 4.1e-06,  loss_ic = 1.3e-05,  lr = 1.0e-03, time_taken = 3.7e-01, rel_l2_error = 2.1e-02
Model state saved to ./checkpoints/burgers_exact\2026-03-04_14-59-13-573289\model.pth
Iteration: 4300, loss_r = 4.5e-05 ,  loss_bc = 1.1e-05,  loss_ic = 2.1e-05,  lr = 1.0e-03, time_taken = 3.7e-01, rel_l2_error = 2.2e-02
Model state saved to ./checkpoints/burgers_exact\2026-03-04_14-59-13-573289\model.pth
Iteration: 4400, loss_r = 2.5e-05 ,  loss_bc = 2.0e-06,  loss_ic = 2.4e-05,  lr = 1.0e-03, time_taken = 5.2e-01, rel_l2_error = 2.2e-02
Model state saved to ./checkpoints/burgers_exact\2026-03-04_14-59-13-573289\model.pth
Iteration: 4500, loss_r = 2.6e-05 ,  loss_bc = 3.0e-05,  loss_ic = 1.9e-05,  lr = 1.0e-03, time_taken = 4.2e-01, rel_l2_error = 1.8e-02
Model state saved to ./checkpoints/burgers_exact\2026-03-04_14-59-13-573289\model.pth
Iteration: 4600, loss_r = 2.3e-05 ,  loss_bc = 7.5e-07,  loss_ic = 1.8e-05,  lr = 1.0e-03, time_taken = 3.5e-01, rel_l2_error = 2.0e-02
Model state saved to ./checkpoints/burgers_exact\2026-03-04_14-59-13-573289\model.pth
Iteration: 4700, loss_r = 1.7e-05 ,  loss_bc = 8.4e-07,  loss_ic = 9.2e-06,  lr = 1.0e-03, time_taken = 3.4e-01, rel_l2_error = 1.8e-02
Model state saved to ./checkpoints/burgers_exact\2026-03-04_14-59-13-573289\model.pth
Iteration: 4800, loss_r = 1.3e-05 ,  loss_bc = 2.6e-06,  loss_ic = 7.8e-06,  lr = 1.0e-03, time_taken = 4.2e-01, rel_l2_error = 1.8e-02
Model state saved to ./checkpoints/burgers_exact\2026-03-04_14-59-13-573289\model.pth
Iteration: 4900, loss_r = 1.6e-05 ,  loss_bc = 1.5e-06,  loss_ic = 8.8e-06,  lr = 1.0e-03, time_taken = 3.4e-01, rel_l2_error = 1.9e-02
Model state saved to ./checkpoints/burgers_exact\2026-03-04_14-59-13-573289\model.pth
Iteration: 5000, loss_r = 2.2e-05 ,  loss_bc = 9.6e-06,  loss_ic = 1.6e-05,  lr = 1.0e-03, time_taken = 3.3e-01, rel_l2_error = 1.9e-02
Model state saved to ./checkpoints/burgers_exact\2026-03-04_14-59-13-573289\model.pth
Iteration: 5100, loss_r = 1.8e-05 ,  loss_bc = 3.9e-06,  loss_ic = 9.1e-06,  lr = 1.0e-03, time_taken = 4.0e-01, rel_l2_error = 1.7e-02
Model state saved to ./checkpoints/burgers_exact\2026-03-04_14-59-13-573289\model.pth
Iteration: 5200, loss_r = 1.2e-05 ,  loss_bc = 9.4e-06,  loss_ic = 1.4e-05,  lr = 1.0e-03, time_taken = 4.9e-01, rel_l2_error = 1.9e-02
Model state saved to ./checkpoints/burgers_exact\2026-03-04_14-59-13-573289\model.pth
Iteration: 5300, loss_r = 1.4e-05 ,  loss_bc = 4.3e-06,  loss_ic = 1.0e-05,  lr = 1.0e-03, time_taken = 4.1e-01, rel_l2_error = 2.3e-02
Model state saved to ./checkpoints/burgers_exact\2026-03-04_14-59-13-573289\model.pth
Iteration: 5400, loss_r = 1.9e-05 ,  loss_bc = 2.1e-05,  loss_ic = 1.8e-05,  lr = 1.0e-03, time_taken = 3.6e-01, rel_l2_error = 2.3e-02
Model state saved to ./checkpoints/burgers_exact\2026-03-04_14-59-13-573289\model.pth
Iteration: 5500, loss_r = 7.8e-06 ,  loss_bc = 1.9e-06,  loss_ic = 8.0e-06,  lr = 1.0e-03, time_taken = 4.0e-01, rel_l2_error = 1.8e-02
Model state saved to ./checkpoints/burgers_exact\2026-03-04_14-59-13-573289\model.pth
Iteration: 5600, loss_r = 6.1e-06 ,  loss_bc = 2.5e-06,  loss_ic = 7.7e-06,  lr = 1.0e-03, time_taken = 3.7e-01, rel_l2_error = 1.5e-02
Model state saved to ./checkpoints/burgers_exact\2026-03-04_14-59-13-573289\model.pth
Iteration: 5700, loss_r = 1.1e-05 ,  loss_bc = 2.7e-06,  loss_ic = 9.7e-06,  lr = 1.0e-03, time_taken = 3.7e-01, rel_l2_error = 1.6e-02
Model state saved to ./checkpoints/burgers_exact\2026-03-04_14-59-13-573289\model.pth
Iteration: 5800, loss_r = 7.9e-06 ,  loss_bc = 3.2e-06,  loss_ic = 3.6e-06,  lr = 1.0e-03, time_taken = 3.6e-01, rel_l2_error = 1.2e-02
Model state saved to ./checkpoints/burgers_exact\2026-03-04_14-59-13-573289\model.pth
Iteration: 5900, loss_r = 1.6e-05 ,  loss_bc = 7.1e-06,  loss_ic = 1.1e-05,  lr = 1.0e-03, time_taken = 4.7e-01, rel_l2_error = 2.3e-02
Model state saved to ./checkpoints/burgers_exact\2026-03-04_14-59-13-573289\model.pth
Iteration: 6000, loss_r = 7.2e-06 ,  loss_bc = 1.9e-06,  loss_ic = 5.4e-06,  lr = 1.0e-03, time_taken = 4.4e-01, rel_l2_error = 1.2e-02
Model state saved to ./checkpoints/burgers_exact\2026-03-04_14-59-13-573289\model.pth

=== RAR Evaluation at iteration 6000 ===
Mean residual: 3.427e-01
Adding 100 new point(s) with highest residuals:
  Point 1: [ 0.3005255 -0.6125978], Residual: 4.442e+00
  Point 2: [ 0.08230996 -0.56478703], Residual: 4.016e+00
  Point 3: [ 0.2565397 -0.6068212], Residual: 3.926e+00
  Point 4: [0.3039018  0.58617926], Residual: 3.825e+00
  Point 5: [ 0.18049705 -0.5188086 ], Residual: 3.678e+00
  Point 6: [ 0.2722662 -0.6192324], Residual: 3.607e+00
  Point 7: [ 0.61008006 -0.6920061 ], Residual: 3.565e+00
  Point 8: [ 0.08944058 -0.56706166], Residual: 3.445e+00
  Point 9: [ 0.66884935 -0.62838304], Residual: 3.437e+00
  Point 10: [ 0.03621501 -0.4635657 ], Residual: 3.416e+00
  Point 11: [ 0.40030724 -0.63856745], Residual: 3.352e+00
  Point 12: [ 0.3362304  -0.66380215], Residual: 3.322e+00
  Point 13: [ 0.19502097 -0.6107465 ], Residual: 3.207e+00
  Point 14: [0.77106845 0.67460513], Residual: 3.163e+00
  Point 15: [ 0.45699275 -0.6093559 ], Residual: 3.148e+00
  Point 16: [0.5124263  0.71421397], Residual: 3.112e+00
  Point 17: [0.4125771  0.61297286], Residual: 3.100e+00
  Point 18: [ 0.4593588  -0.67417157], Residual: 3.078e+00
  Point 19: [ 0.00607747 -0.47814238], Residual: 3.069e+00
  Point 20: [ 0.46868867 -0.6548619 ], Residual: 3.018e+00
  Point 21: [ 0.11036104 -0.53557384], Residual: 2.982e+00
  Point 22: [ 0.53274375 -0.66555905], Residual: 2.975e+00
  Point 23: [ 0.02477175 -0.5069145 ], Residual: 2.882e+00
  Point 24: [0.539238  0.6957778], Residual: 2.862e+00
  Point 25: [ 0.16672838 -0.50545263], Residual: 2.846e+00
  Point 26: [ 0.50638914 -0.67275083], Residual: 2.837e+00
  Point 27: [0.14388382 0.55981934], Residual: 2.837e+00
  Point 28: [0.6805553 0.6441411], Residual: 2.815e+00
  Point 29: [0.23283488 0.6366035 ], Residual: 2.812e+00
  Point 30: [0.9868274 0.7478529], Residual: 2.807e+00
  Point 31: [0.5615069  0.68150795], Residual: 2.801e+00
  Point 32: [ 0.6754915 -0.6832473], Residual: 2.794e+00
  Point 33: [0.6963447  0.74670446], Residual: 2.789e+00
  Point 34: [0.8861043 0.7302489], Residual: 2.786e+00
  Point 35: [ 0.1874196  -0.62325275], Residual: 2.751e+00
  Point 36: [ 0.37308133 -0.58758247], Residual: 2.751e+00
  Point 37: [ 0.7810015 -0.7202282], Residual: 2.690e+00
  Point 38: [ 0.4869545  -0.60792243], Residual: 2.683e+00
  Point 39: [ 0.78109145 -0.72492254], Residual: 2.676e+00
  Point 40: [0.01046741 0.6061263 ], Residual: 2.672e+00
  Point 41: [0.18198371 0.67838573], Residual: 2.671e+00
  Point 42: [ 0.4056034  -0.60110784], Residual: 2.646e+00
  Point 43: [0.5262257 0.6944519], Residual: 2.644e+00
  Point 44: [0.6344748 0.6918576], Residual: 2.635e+00
  Point 45: [0.8147116  0.75120866], Residual: 2.623e+00
  Point 46: [ 0.16083151 -0.51960766], Residual: 2.608e+00
  Point 47: [0.12720406 0.65641046], Residual: 2.606e+00
  Point 48: [ 0.5699931  -0.75382066], Residual: 2.573e+00
  Point 49: [ 0.9968375  -0.75375044], Residual: 2.567e+00
  Point 50: [0.6878575 0.696347 ], Residual: 2.559e+00
  Point 51: [ 0.4156291  -0.62412035], Residual: 2.537e+00
  Point 52: [0.6425771 0.6875732], Residual: 2.528e+00
  Point 53: [ 0.18914598 -0.5914737 ], Residual: 2.522e+00
  Point 54: [0.711293  0.7091485], Residual: 2.516e+00
  Point 55: [0.9657017  0.74719465], Residual: 2.479e+00
  Point 56: [ 0.48050934 -0.7049824 ], Residual: 2.471e+00
  Point 57: [ 0.2657736 -0.5753896], Residual: 2.464e+00
  Point 58: [ 0.93318886 -0.7845732 ], Residual: 2.456e+00
  Point 59: [0.01255018 0.4954605 ], Residual: 2.427e+00
  Point 60: [ 0.93873924 -0.7532729 ], Residual: 2.410e+00
  Point 61: [ 0.13078642 -0.5347973 ], Residual: 2.398e+00
  Point 62: [ 0.20326948 -0.52411366], Residual: 2.397e+00
  Point 63: [ 0.2631204  -0.59389925], Residual: 2.373e+00
  Point 64: [ 0.51311785 -0.6422466 ], Residual: 2.369e+00
  Point 65: [0.7770507  0.78034353], Residual: 2.362e+00
  Point 66: [ 0.45054412 -0.5779704 ], Residual: 2.347e+00
  Point 67: [0.84816134 0.70405245], Residual: 2.325e+00
  Point 68: [0.01491457 0.56299996], Residual: 2.321e+00
  Point 69: [0.7130829  0.71391225], Residual: 2.313e+00
  Point 70: [ 0.1768145 -0.5374774], Residual: 2.296e+00
  Point 71: [0.2595209 0.6440573], Residual: 2.274e+00
  Point 72: [ 0.9779351  -0.83300936], Residual: 2.261e+00
  Point 73: [0.25030905 0.54527855], Residual: 2.259e+00
  Point 74: [0.42445624 0.5765933 ], Residual: 2.245e+00
  Point 75: [0.07350957 0.6088506 ], Residual: 2.239e+00
  Point 76: [ 0.84947985 -0.7569566 ], Residual: 2.237e+00
  Point 77: [ 0.72153723 -0.6974236 ], Residual: 2.229e+00
  Point 78: [ 0.12522817 -0.5480362 ], Residual: 2.227e+00
  Point 79: [ 0.9962922 -0.8140038], Residual: 2.226e+00
  Point 80: [0.28641063 0.59439576], Residual: 2.221e+00
  Point 81: [0.9571263 0.7597436], Residual: 2.220e+00
  Point 82: [0.5955311 0.7448193], Residual: 2.201e+00
  Point 83: [ 0.7257432 -0.6543201], Residual: 2.197e+00
  Point 84: [0.76068515 0.7855203 ], Residual: 2.178e+00
  Point 85: [ 0.18518776 -0.5700196 ], Residual: 2.157e+00
  Point 86: [ 0.6079239  -0.61042726], Residual: 2.149e+00
  Point 87: [ 0.25704634 -0.676203  ], Residual: 2.147e+00
  Point 88: [ 0.17075688 -0.6169611 ], Residual: 2.146e+00
  Point 89: [0.3071019 0.708923 ], Residual: 2.135e+00
  Point 90: [ 0.33333838 -0.67921007], Residual: 2.119e+00
  Point 91: [0.7413168 0.7350222], Residual: 2.118e+00
  Point 92: [0.32794273 0.61703444], Residual: 2.117e+00
  Point 93: [ 0.72088146 -0.7390436 ], Residual: 2.113e+00
  Point 94: [0.37277573 0.649999  ], Residual: 2.104e+00
  Point 95: [0.2479425  0.66271555], Residual: 2.102e+00
  Point 96: [ 0.5991733  -0.68808055], Residual: 2.101e+00
  Point 97: [ 0.19389367 -0.58299696], Residual: 2.099e+00
  Point 98: [ 0.20835572 -0.5021062 ], Residual: 2.096e+00
  Point 99: [0.08033884 0.5873537 ], Residual: 2.091e+00
  Point 100: [0.00716972 0.49720955], Residual: 2.072e+00
Total adaptive points: 300

Iteration: 6100, loss_r = 5.0e-06 ,  loss_bc = 1.1e-06,  loss_ic = 3.9e-06,  lr = 1.0e-03, time_taken = 3.4e-01, rel_l2_error = 1.9e-02
Model state saved to ./checkpoints/burgers_exact\2026-03-04_14-59-13-573289\model.pth
Iteration: 6200, loss_r = 9.1e-06 ,  loss_bc = 2.3e-06,  loss_ic = 1.1e-05,  lr = 1.0e-03, time_taken = 4.1e-01, rel_l2_error = 1.4e-02
Model state saved to ./checkpoints/burgers_exact\2026-03-04_14-59-13-573289\model.pth
Iteration: 6300, loss_r = 1.4e-05 ,  loss_bc = 1.1e-05,  loss_ic = 9.8e-06,  lr = 1.0e-03, time_taken = 4.5e-01, rel_l2_error = 1.8e-02
Model state saved to ./checkpoints/burgers_exact\2026-03-04_14-59-13-573289\model.pth
Iteration: 6400, loss_r = 9.9e-06 ,  loss_bc = 1.1e-06,  loss_ic = 2.7e-06,  lr = 1.0e-03, time_taken = 3.4e-01, rel_l2_error = 1.8e-02
Model state saved to ./checkpoints/burgers_exact\2026-03-04_14-59-13-573289\model.pth
Iteration: 6500, loss_r = 7.6e-06 ,  loss_bc = 7.6e-07,  loss_ic = 3.0e-06,  lr = 1.0e-03, time_taken = 4.6e-01, rel_l2_error = 1.6e-02
Model state saved to ./checkpoints/burgers_exact\2026-03-04_14-59-13-573289\model.pth
Iteration: 6600, loss_r = 9.5e-06 ,  loss_bc = 1.5e-06,  loss_ic = 6.5e-06,  lr = 1.0e-03, time_taken = 4.4e-01, rel_l2_error = 1.4e-02
Model state saved to ./checkpoints/burgers_exact\2026-03-04_14-59-13-573289\model.pth
Iteration: 6700, loss_r = 8.7e-06 ,  loss_bc = 1.4e-06,  loss_ic = 5.7e-06,  lr = 1.0e-03, time_taken = 3.4e-01, rel_l2_error = 1.1e-02
Model state saved to ./checkpoints/burgers_exact\2026-03-04_14-59-13-573289\model.pth
Iteration: 6800, loss_r = 1.2e-05 ,  loss_bc = 4.0e-06,  loss_ic = 4.4e-06,  lr = 1.0e-03, time_taken = 4.6e-01, rel_l2_error = 1.6e-02
Model state saved to ./checkpoints/burgers_exact\2026-03-04_14-59-13-573289\model.pth
Iteration: 6900, loss_r = 8.4e-06 ,  loss_bc = 6.0e-07,  loss_ic = 5.9e-06,  lr = 1.0e-03, time_taken = 4.1e-01, rel_l2_error = 1.1e-02
Model state saved to ./checkpoints/burgers_exact\2026-03-04_14-59-13-573289\model.pth
Iteration: 7000, loss_r = 1.1e-05 ,  loss_bc = 3.1e-06,  loss_ic = 5.0e-06,  lr = 1.0e-03, time_taken = 3.5e-01, rel_l2_error = 1.5e-02
Model state saved to ./checkpoints/burgers_exact\2026-03-04_14-59-13-573289\model.pth
Iteration: 7100, loss_r = 7.2e-06 ,  loss_bc = 9.1e-07,  loss_ic = 5.2e-06,  lr = 1.0e-03, time_taken = 3.5e-01, rel_l2_error = 1.3e-02
Model state saved to ./checkpoints/burgers_exact\2026-03-04_14-59-13-573289\model.pth
Iteration: 7200, loss_r = 8.4e-06 ,  loss_bc = 6.3e-07,  loss_ic = 7.2e-06,  lr = 1.0e-03, time_taken = 3.5e-01, rel_l2_error = 1.3e-02
Model state saved to ./checkpoints/burgers_exact\2026-03-04_14-59-13-573289\model.pth
Iteration: 7300, loss_r = 9.6e-06 ,  loss_bc = 4.7e-07,  loss_ic = 6.2e-06,  lr = 1.0e-03, time_taken = 5.4e-01, rel_l2_error = 1.3e-02
Model state saved to ./checkpoints/burgers_exact\2026-03-04_14-59-13-573289\model.pth
Iteration: 7400, loss_r = 7.0e-06 ,  loss_bc = 2.1e-07,  loss_ic = 1.8e-06,  lr = 1.0e-03, time_taken = 3.7e-01, rel_l2_error = 1.3e-02
Model state saved to ./checkpoints/burgers_exact\2026-03-04_14-59-13-573289\model.pth
Iteration: 7500, loss_r = 6.6e-06 ,  loss_bc = 1.9e-06,  loss_ic = 3.4e-06,  lr = 1.0e-03, time_taken = 3.8e-01, rel_l2_error = 1.4e-02
Model state saved to ./checkpoints/burgers_exact\2026-03-04_14-59-13-573289\model.pth
Iteration: 7600, loss_r = 6.0e-06 ,  loss_bc = 1.9e-07,  loss_ic = 3.4e-06,  lr = 1.0e-03, time_taken = 3.5e-01, rel_l2_error = 9.6e-03
Model state saved to ./checkpoints/burgers_exact\2026-03-04_14-59-13-573289\model.pth
Iteration: 7700, loss_r = 1.0e-05 ,  loss_bc = 3.0e-06,  loss_ic = 5.0e-06,  lr = 1.0e-03, time_taken = 4.9e-01, rel_l2_error = 1.5e-02
Model state saved to ./checkpoints/burgers_exact\2026-03-04_14-59-13-573289\model.pth
Iteration: 7800, loss_r = 6.1e-06 ,  loss_bc = 6.7e-06,  loss_ic = 6.6e-06,  lr = 1.0e-03, time_taken = 6.1e-01, rel_l2_error = 1.5e-02
Model state saved to ./checkpoints/burgers_exact\2026-03-04_14-59-13-573289\model.pth
Iteration: 7900, loss_r = 6.2e-06 ,  loss_bc = 3.5e-07,  loss_ic = 3.2e-06,  lr = 1.0e-03, time_taken = 6.1e-01, rel_l2_error = 9.6e-03
Model state saved to ./checkpoints/burgers_exact\2026-03-04_14-59-13-573289\model.pth
Iteration: 8000, loss_r = 6.5e-06 ,  loss_bc = 9.7e-07,  loss_ic = 3.5e-06,  lr = 1.0e-03, time_taken = 3.6e-01, rel_l2_error = 1.7e-02
Model state saved to ./checkpoints/burgers_exact\2026-03-04_14-59-13-573289\model.pth

=== RAR Evaluation at iteration 8000 ===
Mean residual: 3.603e-01
Adding 100 new point(s) with highest residuals:
  Point 1: [ 0.10720831 -0.56853855], Residual: 4.158e+00
  Point 2: [ 0.62104625 -0.6983727 ], Residual: 4.073e+00
  Point 3: [ 0.05487663 -0.50435317], Residual: 3.845e+00
  Point 4: [ 0.09869957 -0.5587685 ], Residual: 3.719e+00
  Point 5: [0.36225075 0.61782205], Residual: 3.588e+00
  Point 6: [ 0.25768548 -0.556862  ], Residual: 3.560e+00
  Point 7: [ 0.41951597 -0.6533953 ], Residual: 3.398e+00
  Point 8: [ 0.34691828 -0.64753866], Residual: 3.372e+00
  Point 9: [ 0.25204998 -0.5714737 ], Residual: 3.348e+00
  Point 10: [ 0.44092417 -0.63129735], Residual: 3.327e+00
  Point 11: [ 0.2569542  -0.61756325], Residual: 3.304e+00
  Point 12: [0.5440655 0.7279719], Residual: 3.297e+00
  Point 13: [ 0.6952205 -0.681316 ], Residual: 3.294e+00
  Point 14: [0.23219293 0.6464397 ], Residual: 3.289e+00
  Point 15: [ 0.44146234 -0.593982  ], Residual: 3.274e+00
  Point 16: [ 0.69476473 -0.63902974], Residual: 3.268e+00
  Point 17: [ 0.704529   -0.63368905], Residual: 3.238e+00
  Point 18: [ 0.4771083 -0.6534809], Residual: 3.228e+00
  Point 19: [ 0.54406995 -0.71537447], Residual: 3.209e+00
  Point 20: [ 0.28959626 -0.6337495 ], Residual: 3.208e+00
  Point 21: [ 0.1641013 -0.5679803], Residual: 3.187e+00
  Point 22: [0.30486768 0.648512  ], Residual: 3.155e+00
  Point 23: [ 0.5778825 -0.6955074], Residual: 3.125e+00
  Point 24: [0.8183479 0.720346 ], Residual: 3.107e+00
  Point 25: [ 0.09440798 -0.5473949 ], Residual: 3.088e+00
  Point 26: [ 0.29855764 -0.64056134], Residual: 3.082e+00
  Point 27: [ 0.45802188 -0.6609415 ], Residual: 3.074e+00
  Point 28: [ 0.5212248 -0.6682657], Residual: 3.036e+00
  Point 29: [ 0.63046175 -0.6511115 ], Residual: 3.023e+00
  Point 30: [0.6687984 0.7260382], Residual: 3.009e+00
  Point 31: [ 0.00156808 -0.5470834 ], Residual: 3.003e+00
  Point 32: [ 0.8344608  -0.76195157], Residual: 2.921e+00
  Point 33: [0.19487542 0.6160542 ], Residual: 2.895e+00
  Point 34: [0.11027992 0.57045543], Residual: 2.861e+00
  Point 35: [0.064457   0.55739033], Residual: 2.847e+00
  Point 36: [ 0.14676875 -0.516001  ], Residual: 2.846e+00
  Point 37: [ 0.73996794 -0.64560795], Residual: 2.837e+00
  Point 38: [ 0.36826867 -0.5957141 ], Residual: 2.823e+00
  Point 39: [0.7942157  0.77100456], Residual: 2.798e+00
  Point 40: [ 0.572223  -0.6943985], Residual: 2.791e+00
  Point 41: [ 0.657213  -0.6305953], Residual: 2.766e+00
  Point 42: [ 0.24804425 -0.5914172 ], Residual: 2.749e+00
  Point 43: [ 0.626375  -0.6305535], Residual: 2.747e+00
  Point 44: [ 0.9574907 -0.7210481], Residual: 2.737e+00
  Point 45: [ 0.9575355 -0.7952876], Residual: 2.716e+00
  Point 46: [ 0.73815036 -0.75606847], Residual: 2.705e+00
  Point 47: [ 0.16441077 -0.56506455], Residual: 2.699e+00
  Point 48: [0.9993561 0.7629523], Residual: 2.665e+00
  Point 49: [0.2687316 0.6422814], Residual: 2.661e+00
  Point 50: [ 0.20470005 -0.6356338 ], Residual: 2.645e+00
  Point 51: [ 0.37721205 -0.5475378 ], Residual: 2.641e+00
  Point 52: [0.25397003 0.6255995 ], Residual: 2.606e+00
  Point 53: [0.5338148  0.72943413], Residual: 2.595e+00
  Point 54: [0.9288106 0.7111323], Residual: 2.592e+00
  Point 55: [0.7227884 0.7156997], Residual: 2.586e+00
  Point 56: [ 0.891852  -0.7502723], Residual: 2.580e+00
  Point 57: [0.20012522 0.6302607 ], Residual: 2.574e+00
  Point 58: [0.39195615 0.7105491 ], Residual: 2.573e+00
  Point 59: [ 0.23881698 -0.6945052 ], Residual: 2.553e+00
  Point 60: [0.4001484 0.7154174], Residual: 2.552e+00
  Point 61: [ 0.5953469 -0.6560911], Residual: 2.549e+00
  Point 62: [ 0.54148537 -0.6992961 ], Residual: 2.536e+00
  Point 63: [0.72785705 0.67814064], Residual: 2.533e+00
  Point 64: [ 0.27012873 -0.5874237 ], Residual: 2.508e+00
  Point 65: [0.15434718 0.60345507], Residual: 2.500e+00
  Point 66: [ 0.03411734 -0.5015317 ], Residual: 2.494e+00
  Point 67: [0.47102618 0.620654  ], Residual: 2.489e+00
  Point 68: [0.3280691 0.6400938], Residual: 2.488e+00
  Point 69: [0.95463645 0.6640649 ], Residual: 2.480e+00
  Point 70: [ 0.6757538 -0.7527815], Residual: 2.471e+00
  Point 71: [0.02973586 0.54677165], Residual: 2.470e+00
  Point 72: [0.23573297 0.5963129 ], Residual: 2.457e+00
  Point 73: [0.11823845 0.62947047], Residual: 2.453e+00
  Point 74: [ 0.31683636 -0.5738336 ], Residual: 2.442e+00
  Point 75: [ 0.3510664  -0.63858664], Residual: 2.429e+00
  Point 76: [0.82053757 0.7279575 ], Residual: 2.416e+00
  Point 77: [0.5066118 0.7005123], Residual: 2.401e+00
  Point 78: [0.78526515 0.7905084 ], Residual: 2.396e+00
  Point 79: [ 0.69164777 -0.668272  ], Residual: 2.387e+00
  Point 80: [ 0.5031197 -0.6338942], Residual: 2.378e+00
  Point 81: [0.47267026 0.66049457], Residual: 2.338e+00
  Point 82: [0.68888783 0.74692905], Residual: 2.334e+00
  Point 83: [ 0.075185  -0.4588474], Residual: 2.330e+00
  Point 84: [0.78282726 0.67177653], Residual: 2.323e+00
  Point 85: [0.29054117 0.563084  ], Residual: 2.322e+00
  Point 86: [0.75650656 0.7035004 ], Residual: 2.317e+00
  Point 87: [ 0.88205826 -0.65380955], Residual: 2.314e+00
  Point 88: [ 0.504519   -0.60409176], Residual: 2.309e+00
  Point 89: [ 0.61525565 -0.7688079 ], Residual: 2.300e+00
  Point 90: [ 0.7632627  -0.68126357], Residual: 2.279e+00
  Point 91: [ 0.18659443 -0.53235626], Residual: 2.274e+00
  Point 92: [ 0.26710153 -0.53458154], Residual: 2.266e+00
  Point 93: [0.6565562 0.6958393], Residual: 2.266e+00
  Point 94: [ 0.00546497 -0.54122674], Residual: 2.261e+00
  Point 95: [ 0.23622876 -0.54549253], Residual: 2.250e+00
  Point 96: [0.25328833 0.5654882 ], Residual: 2.244e+00
  Point 97: [0.84816    0.83044434], Residual: 2.242e+00
  Point 98: [ 0.8731981 -0.6307653], Residual: 2.238e+00
  Point 99: [ 0.03906667 -0.5508908 ], Residual: 2.228e+00
  Point 100: [ 0.34973532 -0.6050652 ], Residual: 2.228e+00
Total adaptive points: 400

Iteration: 8100, loss_r = 5.4e-06 ,  loss_bc = 1.9e-06,  loss_ic = 5.2e-06,  lr = 1.0e-03, time_taken = 6.0e-01, rel_l2_error = 1.4e-02
Model state saved to ./checkpoints/burgers_exact\2026-03-04_14-59-13-573289\model.pth
Iteration: 8200, loss_r = 6.7e-06 ,  loss_bc = 1.6e-06,  loss_ic = 4.9e-06,  lr = 1.0e-03, time_taken = 3.4e-01, rel_l2_error = 1.7e-02
Model state saved to ./checkpoints/burgers_exact\2026-03-04_14-59-13-573289\model.pth
Iteration: 8300, loss_r = 6.0e-06 ,  loss_bc = 2.0e-06,  loss_ic = 2.9e-06,  lr = 1.0e-03, time_taken = 4.5e-01, rel_l2_error = 1.1e-02
Model state saved to ./checkpoints/burgers_exact\2026-03-04_14-59-13-573289\model.pth
Iteration: 8400, loss_r = 6.6e-06 ,  loss_bc = 1.5e-06,  loss_ic = 4.8e-06,  lr = 1.0e-03, time_taken = 3.3e-01, rel_l2_error = 1.4e-02
Model state saved to ./checkpoints/burgers_exact\2026-03-04_14-59-13-573289\model.pth
Iteration: 8500, loss_r = 7.5e-06 ,  loss_bc = 9.9e-07,  loss_ic = 7.9e-06,  lr = 1.0e-03, time_taken = 3.5e-01, rel_l2_error = 1.3e-02
Model state saved to ./checkpoints/burgers_exact\2026-03-04_14-59-13-573289\model.pth
Iteration: 8600, loss_r = 8.3e-06 ,  loss_bc = 1.3e-06,  loss_ic = 6.5e-06,  lr = 1.0e-03, time_taken = 4.2e-01, rel_l2_error = 9.9e-03
Model state saved to ./checkpoints/burgers_exact\2026-03-04_14-59-13-573289\model.pth
Iteration: 8700, loss_r = 5.3e-06 ,  loss_bc = 1.4e-06,  loss_ic = 2.0e-06,  lr = 1.0e-03, time_taken = 3.9e-01, rel_l2_error = 9.0e-03
Model state saved to ./checkpoints/burgers_exact\2026-03-04_14-59-13-573289\model.pth
Iteration: 8800, loss_r = 5.3e-06 ,  loss_bc = 4.0e-07,  loss_ic = 3.5e-06,  lr = 1.0e-03, time_taken = 4.2e-01, rel_l2_error = 9.8e-03
Model state saved to ./checkpoints/burgers_exact\2026-03-04_14-59-13-573289\model.pth
Iteration: 8900, loss_r = 7.4e-06 ,  loss_bc = 5.1e-06,  loss_ic = 7.2e-06,  lr = 1.0e-03, time_taken = 4.0e-01, rel_l2_error = 1.7e-02
Model state saved to ./checkpoints/burgers_exact\2026-03-04_14-59-13-573289\model.pth
Iteration: 9000, loss_r = 5.2e-06 ,  loss_bc = 1.5e-06,  loss_ic = 1.6e-06,  lr = 1.0e-03, time_taken = 3.4e-01, rel_l2_error = 1.1e-02
Model state saved to ./checkpoints/burgers_exact\2026-03-04_14-59-13-573289\model.pth
Iteration: 9100, loss_r = 3.9e-06 ,  loss_bc = 1.1e-06,  loss_ic = 2.0e-06,  lr = 1.0e-03, time_taken = 4.3e-01, rel_l2_error = 1.5e-02
Model state saved to ./checkpoints/burgers_exact\2026-03-04_14-59-13-573289\model.pth
Iteration: 9200, loss_r = 4.6e-06 ,  loss_bc = 1.4e-06,  loss_ic = 5.2e-06,  lr = 1.0e-03, time_taken = 5.4e-01, rel_l2_error = 1.0e-02
Model state saved to ./checkpoints/burgers_exact\2026-03-04_14-59-13-573289\model.pth
Iteration: 9300, loss_r = 7.7e-06 ,  loss_bc = 7.2e-07,  loss_ic = 3.9e-06,  lr = 1.0e-03, time_taken = 3.5e-01, rel_l2_error = 1.3e-02
Model state saved to ./checkpoints/burgers_exact\2026-03-04_14-59-13-573289\model.pth
Iteration: 9400, loss_r = 3.6e-06 ,  loss_bc = 2.7e-07,  loss_ic = 2.6e-06,  lr = 1.0e-03, time_taken = 6.1e-01, rel_l2_error = 6.7e-03
Model state saved to ./checkpoints/burgers_exact\2026-03-04_14-59-13-573289\model.pth
Iteration: 9500, loss_r = 5.3e-06 ,  loss_bc = 1.5e-06,  loss_ic = 1.9e-06,  lr = 1.0e-03, time_taken = 3.9e-01, rel_l2_error = 9.5e-03
Model state saved to ./checkpoints/burgers_exact\2026-03-04_14-59-13-573289\model.pth
Iteration: 9600, loss_r = 8.3e-06 ,  loss_bc = 7.2e-06,  loss_ic = 4.9e-06,  lr = 1.0e-03, time_taken = 3.8e-01, rel_l2_error = 9.8e-03
Model state saved to ./checkpoints/burgers_exact\2026-03-04_14-59-13-573289\model.pth
Iteration: 9700, loss_r = 6.8e-06 ,  loss_bc = 2.9e-06,  loss_ic = 4.3e-06,  lr = 1.0e-03, time_taken = 3.6e-01, rel_l2_error = 1.1e-02
Model state saved to ./checkpoints/burgers_exact\2026-03-04_14-59-13-573289\model.pth
Iteration: 9800, loss_r = 6.7e-06 ,  loss_bc = 5.2e-07,  loss_ic = 4.5e-06,  lr = 1.0e-03, time_taken = 3.6e-01, rel_l2_error = 1.1e-02
Model state saved to ./checkpoints/burgers_exact\2026-03-04_14-59-13-573289\model.pth
Iteration: 9900, loss_r = 3.8e-06 ,  loss_bc = 7.5e-07,  loss_ic = 2.7e-06,  lr = 1.0e-03, time_taken = 4.2e-01, rel_l2_error = 7.8e-03
Model state saved to ./checkpoints/burgers_exact\2026-03-04_14-59-13-573289\model.pth

=== Switching to LBFGS optimizer at iteration 10000 ===
Using scipy L-BFGS-B optimizer (bburgers_hybrid_trainer.py approach)
Optimizer: L-BFGS-B (maxiter=10000, factr=1000.0, m=100, maxls=50, pgtol=1e-14)
L-BFGS Iteration: 0, Loss: 8.838222e-06
L-BFGS Iteration: 1, Loss: 7.172728e-06, Relative L2 Error: 7.979752e-03
L-BFGS: Time for 100 iterations = 244.8301 s
L-BFGS Iteration: 100, Loss: 3.550754e-06, Relative L2 Error: 4.214380e-03
L-BFGS Iteration: 200, Loss: 1.747598e-06, Relative L2 Error: 3.267209e-03
L-BFGS Iteration: 300, Loss: 1.116087e-06, Relative L2 Error: 2.097649e-03
L-BFGS Iteration: 400, Loss: 8.162351e-07, Relative L2 Error: 1.850351e-03
L-BFGS Iteration: 500, Loss: 5.752368e-07, Relative L2 Error: 1.527356e-03
L-BFGS Iteration: 600, Loss: 4.410413e-07, Relative L2 Error: 1.232060e-03
L-BFGS Iteration: 700, Loss: 3.314916e-07, Relative L2 Error: 8.851920e-04
L-BFGS Iteration: 800, Loss: 2.889659e-07, Relative L2 Error: 8.586352e-04
L-BFGS Iteration: 900, Loss: 1.938347e-07, Relative L2 Error: 8.489962e-04
L-BFGS Iteration: 1000, Loss: 1.791767e-07, Relative L2 Error: 8.009204e-04
L-BFGS Iteration: 1100, Loss: 1.500094e-07, Relative L2 Error: 8.239434e-04
L-BFGS Iteration: 1200, Loss: 1.164829e-07, Relative L2 Error: 6.792307e-04
L-BFGS Iteration: 1300, Loss: 9.683453e-08, Relative L2 Error: 6.198012e-04
L-BFGS Iteration: 1400, Loss: 7.896826e-08, Relative L2 Error: 5.474087e-04
L-BFGS optimization finished after 1416 iterations.
L-BFGS training completed after 1416 iterations
Model state saved to ./checkpoints/burgers_exact\2026-03-04_14-59-13-573289\model.pth
Training completed successfully!
Evaluating on 40000 points using chunk size 500
RelL2_U%  : 5.345e-02 
