Random seed set to: 2
Solving 3D heat equation u_t = alpha (u_{xx}+u_{yy}+u_{zz}) on [0,1]^3 with homogeneous Dirichlet BC
checkpoint path: self.log_path='./checkpoints/heat3d_exact\\2026-03-07_18-32-56-353055'
Using Classical Solver2
The settings used:
batch_size : 64
epochs : 20000
lr : 0.001
seed : 2
print_every : 100
log_path : ./checkpoints/heat3d_exact
input_dim : 4
output_dim : 1
num_qubits : 5
hidden_dim : 20
num_quantum_layers : 1
classic_network : [4, 20, 1]
q_ansatz : cross_mesh
mode : hybrid
activation : tanh
shots : None
problem : heat3d_exact
solver : Classical2
device : cpu
method : None
cutoff_dim : 20
class : CVNeuralNetwork1
encoding : angle
use_rar : True
rar_eval_freq : 2000
rar_threshold : 0.0005
rar_num_candidates : 10000
rar_num_add : 100
use_hybrid_optimizer : True
adam_iterations : 10000
use_scipy_lbfgs : True
lbfgs_lr : 1
lbfgs_line_search : strong_wolfe
lbfgs_tolerance_grad : 1e-05
lbfgs_tolerance_change : 1e-07
lbfgs_maxiter : 10000
lbfgs_factr : 1000.0
lbfgs_pgtol : 1e-14
lbfgs_maxls : 50
lbfgs_m : 100
lbfgs_eval_every : 100
domainN : 500
boundaryN : 50
initialN : 50
eval_total_points : 10000
nx : 200
nt : 200
y0 : 0.5
z0 : 0.5
alpha : 0.1
Total number of parameters: 2221
Iteration: 0, loss_r = 2.5e-02 ,  loss_bc = 2.7e-01,  loss_ic = 1.3e-01,  lr = 1.0e-03, time_taken = 3.6e-02, rel_l2_error = 1.3e+00
Model state saved to ./checkpoints/heat3d_exact\2026-03-07_18-32-56-353055\model.pth
Iteration: 100, loss_r = 4.5e-03 ,  loss_bc = 1.4e-02,  loss_ic = 5.0e-02,  lr = 1.0e-03, time_taken = 3.3e-02, rel_l2_error = 7.2e-01
Model state saved to ./checkpoints/heat3d_exact\2026-03-07_18-32-56-353055\model.pth
Iteration: 200, loss_r = 3.3e-03 ,  loss_bc = 1.4e-02,  loss_ic = 4.1e-02,  lr = 1.0e-03, time_taken = 3.4e-02, rel_l2_error = 6.8e-01
Model state saved to ./checkpoints/heat3d_exact\2026-03-07_18-32-56-353055\model.pth
Iteration: 300, loss_r = 3.0e-03 ,  loss_bc = 1.5e-02,  loss_ic = 2.9e-02,  lr = 1.0e-03, time_taken = 2.3e-02, rel_l2_error = 6.2e-01
Model state saved to ./checkpoints/heat3d_exact\2026-03-07_18-32-56-353055\model.pth
Iteration: 400, loss_r = 3.0e-03 ,  loss_bc = 8.9e-03,  loss_ic = 2.3e-02,  lr = 1.0e-03, time_taken = 3.9e-02, rel_l2_error = 6.0e-01
Model state saved to ./checkpoints/heat3d_exact\2026-03-07_18-32-56-353055\model.pth
Iteration: 500, loss_r = 4.4e-03 ,  loss_bc = 1.2e-02,  loss_ic = 2.9e-02,  lr = 1.0e-03, time_taken = 3.3e-02, rel_l2_error = 5.8e-01
Model state saved to ./checkpoints/heat3d_exact\2026-03-07_18-32-56-353055\model.pth
Iteration: 600, loss_r = 6.4e-03 ,  loss_bc = 1.2e-02,  loss_ic = 2.3e-02,  lr = 1.0e-03, time_taken = 3.0e-02, rel_l2_error = 5.4e-01
Model state saved to ./checkpoints/heat3d_exact\2026-03-07_18-32-56-353055\model.pth
Iteration: 700, loss_r = 5.2e-03 ,  loss_bc = 9.0e-03,  loss_ic = 2.1e-02,  lr = 1.0e-03, time_taken = 4.5e-02, rel_l2_error = 5.0e-01
Model state saved to ./checkpoints/heat3d_exact\2026-03-07_18-32-56-353055\model.pth
Iteration: 800, loss_r = 5.2e-03 ,  loss_bc = 4.8e-03,  loss_ic = 1.2e-02,  lr = 1.0e-03, time_taken = 2.9e-02, rel_l2_error = 4.3e-01
Model state saved to ./checkpoints/heat3d_exact\2026-03-07_18-32-56-353055\model.pth
Iteration: 900, loss_r = 4.2e-03 ,  loss_bc = 7.9e-03,  loss_ic = 9.4e-03,  lr = 1.0e-03, time_taken = 3.6e-02, rel_l2_error = 4.0e-01
Model state saved to ./checkpoints/heat3d_exact\2026-03-07_18-32-56-353055\model.pth
Iteration: 1000, loss_r = 5.4e-03 ,  loss_bc = 4.8e-03,  loss_ic = 1.0e-02,  lr = 1.0e-03, time_taken = 3.8e-02, rel_l2_error = 4.0e-01
Model state saved to ./checkpoints/heat3d_exact\2026-03-07_18-32-56-353055\model.pth
Iteration: 1100, loss_r = 3.0e-03 ,  loss_bc = 6.5e-03,  loss_ic = 6.7e-03,  lr = 1.0e-03, time_taken = 4.3e-02, rel_l2_error = 3.8e-01
Model state saved to ./checkpoints/heat3d_exact\2026-03-07_18-32-56-353055\model.pth
Iteration: 1200, loss_r = 3.8e-03 ,  loss_bc = 7.1e-03,  loss_ic = 7.6e-03,  lr = 1.0e-03, time_taken = 5.6e-02, rel_l2_error = 3.8e-01
Model state saved to ./checkpoints/heat3d_exact\2026-03-07_18-32-56-353055\model.pth
Iteration: 1300, loss_r = 2.6e-03 ,  loss_bc = 7.4e-03,  loss_ic = 7.1e-03,  lr = 1.0e-03, time_taken = 4.2e-02, rel_l2_error = 3.6e-01
Model state saved to ./checkpoints/heat3d_exact\2026-03-07_18-32-56-353055\model.pth
Iteration: 1400, loss_r = 5.3e-03 ,  loss_bc = 5.1e-03,  loss_ic = 4.8e-03,  lr = 1.0e-03, time_taken = 3.3e-02, rel_l2_error = 3.4e-01
Model state saved to ./checkpoints/heat3d_exact\2026-03-07_18-32-56-353055\model.pth
Iteration: 1500, loss_r = 4.1e-03 ,  loss_bc = 4.1e-03,  loss_ic = 5.0e-03,  lr = 1.0e-03, time_taken = 4.5e-02, rel_l2_error = 3.5e-01
Model state saved to ./checkpoints/heat3d_exact\2026-03-07_18-32-56-353055\model.pth
Iteration: 1600, loss_r = 2.1e-03 ,  loss_bc = 3.9e-03,  loss_ic = 4.0e-03,  lr = 1.0e-03, time_taken = 4.5e-02, rel_l2_error = 3.3e-01
Model state saved to ./checkpoints/heat3d_exact\2026-03-07_18-32-56-353055\model.pth
Iteration: 1700, loss_r = 5.0e-03 ,  loss_bc = 2.9e-03,  loss_ic = 5.1e-03,  lr = 1.0e-03, time_taken = 5.5e-02, rel_l2_error = 3.1e-01
Model state saved to ./checkpoints/heat3d_exact\2026-03-07_18-32-56-353055\model.pth
Iteration: 1800, loss_r = 3.6e-03 ,  loss_bc = 4.7e-03,  loss_ic = 4.1e-03,  lr = 1.0e-03, time_taken = 5.2e-02, rel_l2_error = 3.2e-01
Model state saved to ./checkpoints/heat3d_exact\2026-03-07_18-32-56-353055\model.pth
Iteration: 1900, loss_r = 2.4e-03 ,  loss_bc = 3.2e-03,  loss_ic = 5.0e-03,  lr = 1.0e-03, time_taken = 4.4e-02, rel_l2_error = 3.0e-01
Model state saved to ./checkpoints/heat3d_exact\2026-03-07_18-32-56-353055\model.pth
Iteration: 2000, loss_r = 4.3e-03 ,  loss_bc = 3.3e-03,  loss_ic = 3.3e-03,  lr = 1.0e-03, time_taken = 4.4e-02, rel_l2_error = 2.8e-01
Model state saved to ./checkpoints/heat3d_exact\2026-03-07_18-32-56-353055\model.pth

=== RAR Evaluation at iteration 2000 ===
Mean residual: 4.499e-02
Added 100 point(s). Total adaptive points: 100

Iteration: 2100, loss_r = 3.3e-03 ,  loss_bc = 5.0e-03,  loss_ic = 5.8e-03,  lr = 1.0e-03, time_taken = 5.1e-02, rel_l2_error = 3.6e-01
Model state saved to ./checkpoints/heat3d_exact\2026-03-07_18-32-56-353055\model.pth
Iteration: 2200, loss_r = 2.4e-03 ,  loss_bc = 4.0e-03,  loss_ic = 5.0e-03,  lr = 1.0e-03, time_taken = 5.7e-02, rel_l2_error = 3.0e-01
Model state saved to ./checkpoints/heat3d_exact\2026-03-07_18-32-56-353055\model.pth
Iteration: 2300, loss_r = 3.3e-03 ,  loss_bc = 3.8e-03,  loss_ic = 4.0e-03,  lr = 1.0e-03, time_taken = 4.7e-02, rel_l2_error = 2.9e-01
Model state saved to ./checkpoints/heat3d_exact\2026-03-07_18-32-56-353055\model.pth
Iteration: 2400, loss_r = 2.2e-03 ,  loss_bc = 3.2e-03,  loss_ic = 3.3e-03,  lr = 1.0e-03, time_taken = 4.6e-02, rel_l2_error = 2.8e-01
Model state saved to ./checkpoints/heat3d_exact\2026-03-07_18-32-56-353055\model.pth
Iteration: 2500, loss_r = 2.3e-03 ,  loss_bc = 3.4e-03,  loss_ic = 4.1e-03,  lr = 1.0e-03, time_taken = 6.0e-02, rel_l2_error = 2.6e-01
Model state saved to ./checkpoints/heat3d_exact\2026-03-07_18-32-56-353055\model.pth
Iteration: 2600, loss_r = 3.8e-03 ,  loss_bc = 2.6e-03,  loss_ic = 2.7e-03,  lr = 1.0e-03, time_taken = 6.1e-02, rel_l2_error = 2.5e-01
Model state saved to ./checkpoints/heat3d_exact\2026-03-07_18-32-56-353055\model.pth
Iteration: 2700, loss_r = 3.9e-03 ,  loss_bc = 2.3e-03,  loss_ic = 2.7e-03,  lr = 1.0e-03, time_taken = 4.8e-02, rel_l2_error = 2.5e-01
Model state saved to ./checkpoints/heat3d_exact\2026-03-07_18-32-56-353055\model.pth
Iteration: 2800, loss_r = 2.3e-03 ,  loss_bc = 3.8e-03,  loss_ic = 2.5e-03,  lr = 1.0e-03, time_taken = 5.3e-02, rel_l2_error = 2.6e-01
Model state saved to ./checkpoints/heat3d_exact\2026-03-07_18-32-56-353055\model.pth
Iteration: 2900, loss_r = 2.3e-03 ,  loss_bc = 3.4e-03,  loss_ic = 1.9e-03,  lr = 1.0e-03, time_taken = 4.6e-02, rel_l2_error = 2.5e-01
Model state saved to ./checkpoints/heat3d_exact\2026-03-07_18-32-56-353055\model.pth
Iteration: 3000, loss_r = 3.3e-03 ,  loss_bc = 3.8e-03,  loss_ic = 1.7e-03,  lr = 1.0e-03, time_taken = 4.9e-02, rel_l2_error = 2.2e-01
Model state saved to ./checkpoints/heat3d_exact\2026-03-07_18-32-56-353055\model.pth
Iteration: 3100, loss_r = 1.9e-03 ,  loss_bc = 2.2e-03,  loss_ic = 1.7e-03,  lr = 1.0e-03, time_taken = 5.0e-02, rel_l2_error = 2.3e-01
Model state saved to ./checkpoints/heat3d_exact\2026-03-07_18-32-56-353055\model.pth
Iteration: 3200, loss_r = 1.9e-03 ,  loss_bc = 2.2e-03,  loss_ic = 1.7e-03,  lr = 1.0e-03, time_taken = 5.4e-02, rel_l2_error = 2.2e-01
Model state saved to ./checkpoints/heat3d_exact\2026-03-07_18-32-56-353055\model.pth
Iteration: 3300, loss_r = 2.7e-03 ,  loss_bc = 1.8e-03,  loss_ic = 1.9e-03,  lr = 1.0e-03, time_taken = 4.9e-02, rel_l2_error = 2.2e-01
Model state saved to ./checkpoints/heat3d_exact\2026-03-07_18-32-56-353055\model.pth
Iteration: 3400, loss_r = 2.1e-03 ,  loss_bc = 1.9e-03,  loss_ic = 1.2e-03,  lr = 1.0e-03, time_taken = 5.2e-02, rel_l2_error = 2.0e-01
Model state saved to ./checkpoints/heat3d_exact\2026-03-07_18-32-56-353055\model.pth
Iteration: 3500, loss_r = 2.5e-03 ,  loss_bc = 2.1e-03,  loss_ic = 1.2e-03,  lr = 1.0e-03, time_taken = 3.2e-02, rel_l2_error = 2.0e-01
Model state saved to ./checkpoints/heat3d_exact\2026-03-07_18-32-56-353055\model.pth
Iteration: 3600, loss_r = 2.5e-03 ,  loss_bc = 2.2e-03,  loss_ic = 1.3e-03,  lr = 1.0e-03, time_taken = 5.0e-02, rel_l2_error = 2.0e-01
Model state saved to ./checkpoints/heat3d_exact\2026-03-07_18-32-56-353055\model.pth
Iteration: 3700, loss_r = 2.5e-03 ,  loss_bc = 1.9e-03,  loss_ic = 2.0e-03,  lr = 1.0e-03, time_taken = 4.7e-02, rel_l2_error = 2.0e-01
Model state saved to ./checkpoints/heat3d_exact\2026-03-07_18-32-56-353055\model.pth
Iteration: 3800, loss_r = 1.5e-03 ,  loss_bc = 1.9e-03,  loss_ic = 1.2e-03,  lr = 1.0e-03, time_taken = 5.0e-02, rel_l2_error = 1.9e-01
Model state saved to ./checkpoints/heat3d_exact\2026-03-07_18-32-56-353055\model.pth
Iteration: 3900, loss_r = 1.9e-03 ,  loss_bc = 2.0e-03,  loss_ic = 1.0e-03,  lr = 1.0e-03, time_taken = 5.4e-02, rel_l2_error = 1.8e-01
Model state saved to ./checkpoints/heat3d_exact\2026-03-07_18-32-56-353055\model.pth
Iteration: 4000, loss_r = 1.5e-03 ,  loss_bc = 2.0e-03,  loss_ic = 1.2e-03,  lr = 1.0e-03, time_taken = 4.6e-02, rel_l2_error = 1.9e-01
Model state saved to ./checkpoints/heat3d_exact\2026-03-07_18-32-56-353055\model.pth

=== RAR Evaluation at iteration 4000 ===
Mean residual: 3.003e-02
Added 100 point(s). Total adaptive points: 200

Iteration: 4100, loss_r = 2.3e-03 ,  loss_bc = 2.2e-03,  loss_ic = 1.7e-03,  lr = 1.0e-03, time_taken = 5.9e-02, rel_l2_error = 2.0e-01
Model state saved to ./checkpoints/heat3d_exact\2026-03-07_18-32-56-353055\model.pth
Iteration: 4200, loss_r = 1.4e-03 ,  loss_bc = 2.5e-03,  loss_ic = 1.2e-03,  lr = 1.0e-03, time_taken = 4.9e-02, rel_l2_error = 2.0e-01
Model state saved to ./checkpoints/heat3d_exact\2026-03-07_18-32-56-353055\model.pth
Iteration: 4300, loss_r = 1.6e-03 ,  loss_bc = 1.9e-03,  loss_ic = 7.6e-04,  lr = 1.0e-03, time_taken = 4.8e-02, rel_l2_error = 1.9e-01
Model state saved to ./checkpoints/heat3d_exact\2026-03-07_18-32-56-353055\model.pth
Iteration: 4400, loss_r = 1.8e-03 ,  loss_bc = 2.4e-03,  loss_ic = 8.0e-04,  lr = 1.0e-03, time_taken = 4.7e-02, rel_l2_error = 1.9e-01
Model state saved to ./checkpoints/heat3d_exact\2026-03-07_18-32-56-353055\model.pth
Iteration: 4500, loss_r = 2.2e-03 ,  loss_bc = 3.2e-03,  loss_ic = 7.7e-04,  lr = 1.0e-03, time_taken = 4.1e-02, rel_l2_error = 2.2e-01
Model state saved to ./checkpoints/heat3d_exact\2026-03-07_18-32-56-353055\model.pth
Iteration: 4600, loss_r = 2.0e-03 ,  loss_bc = 4.4e-03,  loss_ic = 7.3e-04,  lr = 1.0e-03, time_taken = 4.8e-02, rel_l2_error = 2.2e-01
Model state saved to ./checkpoints/heat3d_exact\2026-03-07_18-32-56-353055\model.pth
Iteration: 4700, loss_r = 1.5e-03 ,  loss_bc = 1.6e-03,  loss_ic = 7.6e-04,  lr = 1.0e-03, time_taken = 5.8e-02, rel_l2_error = 1.7e-01
Model state saved to ./checkpoints/heat3d_exact\2026-03-07_18-32-56-353055\model.pth
Iteration: 4800, loss_r = 1.1e-03 ,  loss_bc = 1.5e-03,  loss_ic = 7.6e-04,  lr = 1.0e-03, time_taken = 4.3e-02, rel_l2_error = 1.7e-01
Model state saved to ./checkpoints/heat3d_exact\2026-03-07_18-32-56-353055\model.pth
Iteration: 4900, loss_r = 2.1e-03 ,  loss_bc = 2.8e-03,  loss_ic = 1.0e-03,  lr = 1.0e-03, time_taken = 4.7e-02, rel_l2_error = 1.8e-01
Model state saved to ./checkpoints/heat3d_exact\2026-03-07_18-32-56-353055\model.pth
Iteration: 5000, loss_r = 1.4e-03 ,  loss_bc = 1.9e-03,  loss_ic = 1.9e-03,  lr = 1.0e-03, time_taken = 4.8e-02, rel_l2_error = 1.9e-01
Model state saved to ./checkpoints/heat3d_exact\2026-03-07_18-32-56-353055\model.pth
Iteration: 5100, loss_r = 1.7e-03 ,  loss_bc = 1.5e-03,  loss_ic = 6.0e-04,  lr = 1.0e-03, time_taken = 5.3e-02, rel_l2_error = 1.8e-01
Model state saved to ./checkpoints/heat3d_exact\2026-03-07_18-32-56-353055\model.pth
Iteration: 5200, loss_r = 1.1e-03 ,  loss_bc = 2.2e-03,  loss_ic = 5.5e-04,  lr = 1.0e-03, time_taken = 4.6e-02, rel_l2_error = 1.7e-01
Model state saved to ./checkpoints/heat3d_exact\2026-03-07_18-32-56-353055\model.pth
Iteration: 5300, loss_r = 2.1e-03 ,  loss_bc = 2.2e-03,  loss_ic = 2.3e-03,  lr = 1.0e-03, time_taken = 5.3e-02, rel_l2_error = 2.0e-01
Model state saved to ./checkpoints/heat3d_exact\2026-03-07_18-32-56-353055\model.pth
Iteration: 5400, loss_r = 8.8e-04 ,  loss_bc = 1.8e-03,  loss_ic = 5.2e-04,  lr = 1.0e-03, time_taken = 7.4e-02, rel_l2_error = 1.6e-01
Model state saved to ./checkpoints/heat3d_exact\2026-03-07_18-32-56-353055\model.pth
Iteration: 5500, loss_r = 1.4e-03 ,  loss_bc = 1.3e-03,  loss_ic = 5.6e-04,  lr = 1.0e-03, time_taken = 5.3e-02, rel_l2_error = 1.5e-01
Model state saved to ./checkpoints/heat3d_exact\2026-03-07_18-32-56-353055\model.pth
Iteration: 5600, loss_r = 1.0e-03 ,  loss_bc = 1.4e-03,  loss_ic = 1.0e-03,  lr = 1.0e-03, time_taken = 5.3e-02, rel_l2_error = 1.7e-01
Model state saved to ./checkpoints/heat3d_exact\2026-03-07_18-32-56-353055\model.pth
Iteration: 5700, loss_r = 1.5e-03 ,  loss_bc = 1.3e-03,  loss_ic = 9.5e-04,  lr = 1.0e-03, time_taken = 5.4e-02, rel_l2_error = 1.5e-01
Model state saved to ./checkpoints/heat3d_exact\2026-03-07_18-32-56-353055\model.pth
Iteration: 5800, loss_r = 8.1e-04 ,  loss_bc = 1.5e-03,  loss_ic = 5.5e-04,  lr = 1.0e-03, time_taken = 3.7e-02, rel_l2_error = 1.5e-01
Model state saved to ./checkpoints/heat3d_exact\2026-03-07_18-32-56-353055\model.pth
Iteration: 5900, loss_r = 1.1e-03 ,  loss_bc = 1.1e-03,  loss_ic = 8.2e-04,  lr = 1.0e-03, time_taken = 4.5e-02, rel_l2_error = 1.6e-01
Model state saved to ./checkpoints/heat3d_exact\2026-03-07_18-32-56-353055\model.pth
Iteration: 6000, loss_r = 2.1e-03 ,  loss_bc = 1.7e-03,  loss_ic = 4.6e-04,  lr = 1.0e-03, time_taken = 3.8e-02, rel_l2_error = 1.7e-01
Model state saved to ./checkpoints/heat3d_exact\2026-03-07_18-32-56-353055\model.pth

=== RAR Evaluation at iteration 6000 ===
Mean residual: 2.399e-02
Added 100 point(s). Total adaptive points: 300

Iteration: 6100, loss_r = 2.3e-03 ,  loss_bc = 2.0e-03,  loss_ic = 5.9e-04,  lr = 1.0e-03, time_taken = 4.6e-02, rel_l2_error = 1.9e-01
Model state saved to ./checkpoints/heat3d_exact\2026-03-07_18-32-56-353055\model.pth
Iteration: 6200, loss_r = 1.3e-03 ,  loss_bc = 1.6e-03,  loss_ic = 9.1e-04,  lr = 1.0e-03, time_taken = 5.3e-02, rel_l2_error = 1.6e-01
Model state saved to ./checkpoints/heat3d_exact\2026-03-07_18-32-56-353055\model.pth
Iteration: 6300, loss_r = 1.5e-03 ,  loss_bc = 1.3e-03,  loss_ic = 7.9e-04,  lr = 1.0e-03, time_taken = 5.3e-02, rel_l2_error = 1.7e-01
Model state saved to ./checkpoints/heat3d_exact\2026-03-07_18-32-56-353055\model.pth
Iteration: 6400, loss_r = 1.0e-03 ,  loss_bc = 1.4e-03,  loss_ic = 8.5e-04,  lr = 1.0e-03, time_taken = 5.2e-02, rel_l2_error = 1.6e-01
Model state saved to ./checkpoints/heat3d_exact\2026-03-07_18-32-56-353055\model.pth
Iteration: 6500, loss_r = 1.3e-03 ,  loss_bc = 1.6e-03,  loss_ic = 6.9e-04,  lr = 1.0e-03, time_taken = 4.2e-02, rel_l2_error = 1.6e-01
Model state saved to ./checkpoints/heat3d_exact\2026-03-07_18-32-56-353055\model.pth
Iteration: 6600, loss_r = 8.5e-04 ,  loss_bc = 2.4e-03,  loss_ic = 1.1e-03,  lr = 1.0e-03, time_taken = 4.4e-02, rel_l2_error = 1.8e-01
Model state saved to ./checkpoints/heat3d_exact\2026-03-07_18-32-56-353055\model.pth
Iteration: 6700, loss_r = 1.5e-03 ,  loss_bc = 1.5e-03,  loss_ic = 4.1e-04,  lr = 1.0e-03, time_taken = 5.1e-02, rel_l2_error = 1.6e-01
Model state saved to ./checkpoints/heat3d_exact\2026-03-07_18-32-56-353055\model.pth
Iteration: 6800, loss_r = 1.3e-03 ,  loss_bc = 4.0e-03,  loss_ic = 1.2e-03,  lr = 1.0e-03, time_taken = 4.0e-02, rel_l2_error = 1.8e-01
Model state saved to ./checkpoints/heat3d_exact\2026-03-07_18-32-56-353055\model.pth
Iteration: 6900, loss_r = 1.4e-03 ,  loss_bc = 2.5e-03,  loss_ic = 8.2e-04,  lr = 1.0e-03, time_taken = 4.5e-02, rel_l2_error = 1.6e-01
Model state saved to ./checkpoints/heat3d_exact\2026-03-07_18-32-56-353055\model.pth
Iteration: 7000, loss_r = 6.4e-04 ,  loss_bc = 1.6e-03,  loss_ic = 6.4e-04,  lr = 9.0e-04, time_taken = 4.6e-02, rel_l2_error = 1.6e-01
Model state saved to ./checkpoints/heat3d_exact\2026-03-07_18-32-56-353055\model.pth
Iteration: 7100, loss_r = 1.3e-03 ,  loss_bc = 1.7e-03,  loss_ic = 5.9e-04,  lr = 9.0e-04, time_taken = 5.0e-02, rel_l2_error = 1.5e-01
Model state saved to ./checkpoints/heat3d_exact\2026-03-07_18-32-56-353055\model.pth
Iteration: 7200, loss_r = 1.7e-03 ,  loss_bc = 1.6e-03,  loss_ic = 6.5e-04,  lr = 9.0e-04, time_taken = 4.5e-02, rel_l2_error = 1.6e-01
Model state saved to ./checkpoints/heat3d_exact\2026-03-07_18-32-56-353055\model.pth
Iteration: 7300, loss_r = 1.1e-03 ,  loss_bc = 1.3e-03,  loss_ic = 4.0e-04,  lr = 9.0e-04, time_taken = 4.6e-02, rel_l2_error = 1.5e-01
Model state saved to ./checkpoints/heat3d_exact\2026-03-07_18-32-56-353055\model.pth
Iteration: 7400, loss_r = 1.1e-03 ,  loss_bc = 1.6e-03,  loss_ic = 4.8e-04,  lr = 9.0e-04, time_taken = 5.2e-02, rel_l2_error = 1.4e-01
Model state saved to ./checkpoints/heat3d_exact\2026-03-07_18-32-56-353055\model.pth
Iteration: 7500, loss_r = 9.4e-04 ,  loss_bc = 8.5e-04,  loss_ic = 5.8e-04,  lr = 9.0e-04, time_taken = 4.0e-02, rel_l2_error = 1.3e-01
Model state saved to ./checkpoints/heat3d_exact\2026-03-07_18-32-56-353055\model.pth
Iteration: 7600, loss_r = 7.8e-04 ,  loss_bc = 1.0e-03,  loss_ic = 6.3e-04,  lr = 9.0e-04, time_taken = 4.7e-02, rel_l2_error = 1.4e-01
Model state saved to ./checkpoints/heat3d_exact\2026-03-07_18-32-56-353055\model.pth
Iteration: 7700, loss_r = 1.5e-03 ,  loss_bc = 9.8e-04,  loss_ic = 5.1e-04,  lr = 9.0e-04, time_taken = 5.4e-02, rel_l2_error = 1.3e-01
Model state saved to ./checkpoints/heat3d_exact\2026-03-07_18-32-56-353055\model.pth
Iteration: 7800, loss_r = 9.8e-04 ,  loss_bc = 2.3e-03,  loss_ic = 4.4e-04,  lr = 9.0e-04, time_taken = 4.8e-02, rel_l2_error = 1.4e-01
Model state saved to ./checkpoints/heat3d_exact\2026-03-07_18-32-56-353055\model.pth
Iteration: 7900, loss_r = 7.8e-04 ,  loss_bc = 9.4e-04,  loss_ic = 4.9e-04,  lr = 9.0e-04, time_taken = 4.5e-02, rel_l2_error = 1.4e-01
Model state saved to ./checkpoints/heat3d_exact\2026-03-07_18-32-56-353055\model.pth
Iteration: 8000, loss_r = 1.4e-03 ,  loss_bc = 1.2e-03,  loss_ic = 6.8e-04,  lr = 9.0e-04, time_taken = 4.0e-02, rel_l2_error = 1.3e-01
Model state saved to ./checkpoints/heat3d_exact\2026-03-07_18-32-56-353055\model.pth

=== RAR Evaluation at iteration 8000 ===
Mean residual: 1.687e-02
Added 100 point(s). Total adaptive points: 400

Iteration: 8100, loss_r = 1.5e-03 ,  loss_bc = 1.2e-03,  loss_ic = 5.7e-04,  lr = 9.0e-04, time_taken = 3.9e-02, rel_l2_error = 1.4e-01
Model state saved to ./checkpoints/heat3d_exact\2026-03-07_18-32-56-353055\model.pth
Iteration: 8200, loss_r = 9.9e-04 ,  loss_bc = 1.9e-03,  loss_ic = 7.5e-04,  lr = 9.0e-04, time_taken = 4.9e-02, rel_l2_error = 1.5e-01
Model state saved to ./checkpoints/heat3d_exact\2026-03-07_18-32-56-353055\model.pth
Iteration: 8300, loss_r = 1.5e-03 ,  loss_bc = 9.0e-04,  loss_ic = 5.7e-04,  lr = 9.0e-04, time_taken = 5.0e-02, rel_l2_error = 1.5e-01
Model state saved to ./checkpoints/heat3d_exact\2026-03-07_18-32-56-353055\model.pth
Iteration: 8400, loss_r = 1.4e-03 ,  loss_bc = 1.3e-03,  loss_ic = 5.1e-04,  lr = 9.0e-04, time_taken = 3.6e-02, rel_l2_error = 1.4e-01
Model state saved to ./checkpoints/heat3d_exact\2026-03-07_18-32-56-353055\model.pth
Iteration: 8500, loss_r = 9.1e-04 ,  loss_bc = 9.5e-04,  loss_ic = 5.0e-04,  lr = 9.0e-04, time_taken = 4.8e-02, rel_l2_error = 1.4e-01
Model state saved to ./checkpoints/heat3d_exact\2026-03-07_18-32-56-353055\model.pth
Iteration: 8600, loss_r = 1.1e-03 ,  loss_bc = 8.3e-04,  loss_ic = 3.9e-04,  lr = 8.1e-04, time_taken = 4.5e-02, rel_l2_error = 1.3e-01
Model state saved to ./checkpoints/heat3d_exact\2026-03-07_18-32-56-353055\model.pth
Iteration: 8700, loss_r = 8.1e-04 ,  loss_bc = 1.2e-03,  loss_ic = 6.5e-04,  lr = 8.1e-04, time_taken = 4.9e-02, rel_l2_error = 1.3e-01
Model state saved to ./checkpoints/heat3d_exact\2026-03-07_18-32-56-353055\model.pth
Iteration: 8800, loss_r = 1.0e-03 ,  loss_bc = 1.2e-03,  loss_ic = 5.3e-04,  lr = 8.1e-04, time_taken = 4.7e-02, rel_l2_error = 1.4e-01
Model state saved to ./checkpoints/heat3d_exact\2026-03-07_18-32-56-353055\model.pth
Iteration: 8900, loss_r = 1.0e-03 ,  loss_bc = 1.2e-03,  loss_ic = 6.7e-04,  lr = 8.1e-04, time_taken = 5.4e-02, rel_l2_error = 1.3e-01
Model state saved to ./checkpoints/heat3d_exact\2026-03-07_18-32-56-353055\model.pth
Iteration: 9000, loss_r = 1.4e-03 ,  loss_bc = 8.4e-04,  loss_ic = 5.5e-04,  lr = 8.1e-04, time_taken = 4.7e-02, rel_l2_error = 1.3e-01
Model state saved to ./checkpoints/heat3d_exact\2026-03-07_18-32-56-353055\model.pth
Iteration: 9100, loss_r = 1.3e-03 ,  loss_bc = 8.6e-04,  loss_ic = 8.6e-04,  lr = 8.1e-04, time_taken = 4.3e-02, rel_l2_error = 1.4e-01
Model state saved to ./checkpoints/heat3d_exact\2026-03-07_18-32-56-353055\model.pth
Iteration: 9200, loss_r = 1.6e-03 ,  loss_bc = 1.1e-03,  loss_ic = 7.3e-04,  lr = 8.1e-04, time_taken = 4.4e-02, rel_l2_error = 1.3e-01
Model state saved to ./checkpoints/heat3d_exact\2026-03-07_18-32-56-353055\model.pth
Iteration: 9300, loss_r = 9.7e-04 ,  loss_bc = 8.8e-04,  loss_ic = 7.0e-04,  lr = 8.1e-04, time_taken = 5.9e-02, rel_l2_error = 1.4e-01
Model state saved to ./checkpoints/heat3d_exact\2026-03-07_18-32-56-353055\model.pth
Iteration: 9400, loss_r = 1.2e-03 ,  loss_bc = 1.6e-03,  loss_ic = 4.0e-04,  lr = 8.1e-04, time_taken = 4.6e-02, rel_l2_error = 1.3e-01
Model state saved to ./checkpoints/heat3d_exact\2026-03-07_18-32-56-353055\model.pth
Iteration: 9500, loss_r = 8.7e-04 ,  loss_bc = 1.7e-03,  loss_ic = 6.4e-04,  lr = 8.1e-04, time_taken = 5.2e-02, rel_l2_error = 1.2e-01
Model state saved to ./checkpoints/heat3d_exact\2026-03-07_18-32-56-353055\model.pth
Iteration: 9600, loss_r = 7.5e-04 ,  loss_bc = 6.5e-04,  loss_ic = 4.6e-04,  lr = 8.1e-04, time_taken = 5.7e-02, rel_l2_error = 1.3e-01
Model state saved to ./checkpoints/heat3d_exact\2026-03-07_18-32-56-353055\model.pth
Iteration: 9700, loss_r = 1.1e-03 ,  loss_bc = 1.3e-03,  loss_ic = 5.0e-04,  lr = 8.1e-04, time_taken = 5.2e-02, rel_l2_error = 1.2e-01
Model state saved to ./checkpoints/heat3d_exact\2026-03-07_18-32-56-353055\model.pth
Iteration: 9800, loss_r = 7.9e-04 ,  loss_bc = 8.5e-04,  loss_ic = 3.6e-04,  lr = 8.1e-04, time_taken = 5.1e-02, rel_l2_error = 1.2e-01
Model state saved to ./checkpoints/heat3d_exact\2026-03-07_18-32-56-353055\model.pth
Iteration: 9900, loss_r = 1.2e-03 ,  loss_bc = 1.0e-03,  loss_ic = 7.6e-04,  lr = 8.1e-04, time_taken = 5.2e-02, rel_l2_error = 1.3e-01
Model state saved to ./checkpoints/heat3d_exact\2026-03-07_18-32-56-353055\model.pth

=== Switching to LBFGS optimizer at iteration 10000 ===
Using scipy L-BFGS-B optimizer
Optimizer: L-BFGS-B (maxiter=10000, factr=1000.0, m=100, maxls=50, pgtol=1e-14)
L-BFGS Iteration: 0, Loss: 1.907744e-03
L-BFGS Iteration: 1, Loss: 1.700214e-03, Relative L2 Error: 1.209755e-01
L-BFGS: Time for 100 iterations = 27.9230 s
L-BFGS Iteration: 100, Loss: 6.436449e-04, Relative L2 Error: 7.630662e-02
L-BFGS Iteration: 200, Loss: 2.950125e-04, Relative L2 Error: 5.246802e-02
L-BFGS Iteration: 300, Loss: 1.879373e-04, Relative L2 Error: 4.594491e-02
L-BFGS Iteration: 400, Loss: 1.369497e-04, Relative L2 Error: 3.715022e-02
L-BFGS Iteration: 500, Loss: 1.049808e-04, Relative L2 Error: 3.642537e-02
L-BFGS Iteration: 600, Loss: 8.209317e-05, Relative L2 Error: 3.169804e-02
L-BFGS Iteration: 700, Loss: 6.771141e-05, Relative L2 Error: 2.992326e-02
L-BFGS Iteration: 800, Loss: 5.712057e-05, Relative L2 Error: 3.124468e-02
L-BFGS Iteration: 900, Loss: 4.809591e-05, Relative L2 Error: 2.835556e-02
L-BFGS Iteration: 1000, Loss: 4.317011e-05, Relative L2 Error: 2.743753e-02
L-BFGS Iteration: 1100, Loss: 3.767388e-05, Relative L2 Error: 2.640438e-02
L-BFGS Iteration: 1200, Loss: 3.356912e-05, Relative L2 Error: 2.638252e-02
L-BFGS Iteration: 1300, Loss: 3.070052e-05, Relative L2 Error: 2.633340e-02
L-BFGS Iteration: 1400, Loss: 2.798368e-05, Relative L2 Error: 2.607853e-02
L-BFGS Iteration: 1500, Loss: 2.564918e-05, Relative L2 Error: 2.431130e-02
L-BFGS Iteration: 1600, Loss: 2.338009e-05, Relative L2 Error: 2.518266e-02
L-BFGS Iteration: 1700, Loss: 2.140439e-05, Relative L2 Error: 2.530004e-02
L-BFGS Iteration: 1800, Loss: 1.983366e-05, Relative L2 Error: 2.617525e-02
L-BFGS Iteration: 1900, Loss: 1.852822e-05, Relative L2 Error: 2.525576e-02
L-BFGS Iteration: 2000, Loss: 1.749464e-05, Relative L2 Error: 2.497669e-02
L-BFGS Iteration: 2100, Loss: 1.665503e-05, Relative L2 Error: 2.432197e-02
L-BFGS Iteration: 2200, Loss: 1.583161e-05, Relative L2 Error: 2.499170e-02
L-BFGS Iteration: 2300, Loss: 1.500537e-05, Relative L2 Error: 2.496136e-02
L-BFGS Iteration: 2400, Loss: 1.416424e-05, Relative L2 Error: 2.403648e-02
L-BFGS Iteration: 2500, Loss: 1.352999e-05, Relative L2 Error: 2.384651e-02
L-BFGS Iteration: 2600, Loss: 1.279497e-05, Relative L2 Error: 2.457084e-02
L-BFGS Iteration: 2700, Loss: 1.232014e-05, Relative L2 Error: 2.372538e-02
L-BFGS Iteration: 2800, Loss: 1.167094e-05, Relative L2 Error: 2.173924e-02
L-BFGS Iteration: 2900, Loss: 1.113415e-05, Relative L2 Error: 2.262582e-02
L-BFGS Iteration: 3000, Loss: 1.048403e-05, Relative L2 Error: 2.228472e-02
L-BFGS Iteration: 3100, Loss: 9.965150e-06, Relative L2 Error: 2.224931e-02
L-BFGS Iteration: 3200, Loss: 9.510045e-06, Relative L2 Error: 2.318480e-02
L-BFGS Iteration: 3300, Loss: 9.095424e-06, Relative L2 Error: 2.371552e-02
L-BFGS Iteration: 3400, Loss: 8.736351e-06, Relative L2 Error: 2.115635e-02
L-BFGS Iteration: 3500, Loss: 8.350345e-06, Relative L2 Error: 2.133584e-02
L-BFGS Iteration: 3600, Loss: 8.006562e-06, Relative L2 Error: 1.821958e-02
L-BFGS Iteration: 3700, Loss: 7.690489e-06, Relative L2 Error: 2.049078e-02
L-BFGS Iteration: 3800, Loss: 7.399178e-06, Relative L2 Error: 1.850645e-02
L-BFGS Iteration: 3900, Loss: 7.056187e-06, Relative L2 Error: 1.850185e-02
L-BFGS Iteration: 4000, Loss: 6.741326e-06, Relative L2 Error: 1.840335e-02
L-BFGS Iteration: 4100, Loss: 6.436924e-06, Relative L2 Error: 1.786155e-02
L-BFGS Iteration: 4200, Loss: 6.229468e-06, Relative L2 Error: 1.816627e-02
L-BFGS Iteration: 4300, Loss: 6.036790e-06, Relative L2 Error: 1.668057e-02
L-BFGS Iteration: 4400, Loss: 5.841041e-06, Relative L2 Error: 1.808785e-02
L-BFGS Iteration: 4500, Loss: 5.653770e-06, Relative L2 Error: 1.813783e-02
L-BFGS Iteration: 4600, Loss: 5.484379e-06, Relative L2 Error: 1.785409e-02
L-BFGS Iteration: 4700, Loss: 5.302249e-06, Relative L2 Error: 1.731649e-02
L-BFGS Iteration: 4800, Loss: 5.165682e-06, Relative L2 Error: 1.677307e-02
L-BFGS Iteration: 4900, Loss: 4.950987e-06, Relative L2 Error: 1.614180e-02
L-BFGS Iteration: 5000, Loss: 4.758063e-06, Relative L2 Error: 1.607424e-02
L-BFGS Iteration: 5100, Loss: 4.555055e-06, Relative L2 Error: 1.686716e-02
L-BFGS Iteration: 5200, Loss: 4.393674e-06, Relative L2 Error: 1.557630e-02
L-BFGS Iteration: 5300, Loss: 4.249025e-06, Relative L2 Error: 1.601570e-02
L-BFGS Iteration: 5400, Loss: 4.122437e-06, Relative L2 Error: 1.611107e-02
L-BFGS Iteration: 5500, Loss: 4.003825e-06, Relative L2 Error: 1.557786e-02
L-BFGS Iteration: 5600, Loss: 3.908051e-06, Relative L2 Error: 1.644053e-02
L-BFGS Iteration: 5700, Loss: 3.813133e-06, Relative L2 Error: 1.588298e-02
L-BFGS training completed after 5770 iterations
Model state saved to ./checkpoints/heat3d_exact\2026-03-07_18-32-56-353055\model.pth
Training completed successfully!
Relative L2 error (eval data): 1.59e-02
Saved solution comparison heatmaps to: ./checkpoints/heat3d_exact\2026-03-07_18-32-56-353055\solution_comparison_heat3d.png
