Random seed set to: 3407
Solving 3D heat equation u_t = alpha (u_{xx}+u_{yy}+u_{zz}) on [0,1]^3 with homogeneous Dirichlet BC
Using DV Solver
The settings used:
batch_size : 64
epochs : 20000
lr : 0.001
seed : 3407
print_every : 100
log_path : ./checkpoints/heat3d_exact
input_dim : 4
output_dim : 1
num_qubits : 5
hidden_dim : 20
num_quantum_layers : 1
classic_network : [4, 20, 1]
q_ansatz : cross_mesh
mode : hybrid
activation : tanh
shots : None
problem : heat3d_exact
solver : DV
device : cuda
method : None
cutoff_dim : 20
class : CVNeuralNetwork1
encoding : angle
use_rar : False
rar_eval_freq : 2000
rar_threshold : 0.0005
rar_num_candidates : 10000
rar_num_add : 100
use_hybrid_optimizer : True
adam_iterations : 10000
use_scipy_lbfgs : True
lbfgs_lr : 1
lbfgs_line_search : strong_wolfe
lbfgs_tolerance_grad : 1e-05
lbfgs_tolerance_change : 1e-07
lbfgs_maxiter : 10000
lbfgs_factr : 1000.0
lbfgs_pgtol : 1e-14
lbfgs_maxls : 50
lbfgs_m : 100
lbfgs_eval_every : 100
domainN : 500
boundaryN : 50
initialN : 50
eval_total_points : 10000
nx : 200
nt : 200
y0 : 0.5
z0 : 0.5
alpha : 0.1
Total number of parameters: 1226
The circuit used in the study:
Iteration: 0, loss_r = 1.1e-05 ,  loss_bc = 1.7e-01,  loss_ic = 2.5e-01,  lr = 1.0e-03, time_taken = 2.4e+00, rel_l2_error = 1.7e+00
Model state saved to ./checkpoints/heat3d_exact/2026-05-29_08-36-17-728250/model.pth
Iteration: 100, loss_r = 3.3e-03 ,  loss_bc = 1.2e-02,  loss_ic = 7.0e-02,  lr = 1.0e-03, time_taken = 1.3e+00, rel_l2_error = 7.4e-01
Model state saved to ./checkpoints/heat3d_exact/2026-05-29_08-36-17-728250/model.pth
Iteration: 200, loss_r = 5.7e-03 ,  loss_bc = 1.8e-02,  loss_ic = 3.4e-02,  lr = 1.0e-03, time_taken = 1.3e+00, rel_l2_error = 7.1e-01
Model state saved to ./checkpoints/heat3d_exact/2026-05-29_08-36-17-728250/model.pth
Iteration: 300, loss_r = 3.5e-03 ,  loss_bc = 9.1e-03,  loss_ic = 5.7e-02,  lr = 1.0e-03, time_taken = 1.3e+00, rel_l2_error = 6.3e-01
Model state saved to ./checkpoints/heat3d_exact/2026-05-29_08-36-17-728250/model.pth
Iteration: 400, loss_r = 6.5e-03 ,  loss_bc = 1.0e-02,  loss_ic = 3.4e-02,  lr = 1.0e-03, time_taken = 1.3e+00, rel_l2_error = 5.3e-01
Model state saved to ./checkpoints/heat3d_exact/2026-05-29_08-36-17-728250/model.pth
Iteration: 500, loss_r = 5.5e-03 ,  loss_bc = 1.1e-02,  loss_ic = 2.4e-02,  lr = 1.0e-03, time_taken = 1.3e+00, rel_l2_error = 4.8e-01
Model state saved to ./checkpoints/heat3d_exact/2026-05-29_08-36-17-728250/model.pth
Iteration: 600, loss_r = 7.0e-03 ,  loss_bc = 9.4e-03,  loss_ic = 1.6e-02,  lr = 1.0e-03, time_taken = 1.3e+00, rel_l2_error = 4.4e-01
Model state saved to ./checkpoints/heat3d_exact/2026-05-29_08-36-17-728250/model.pth
Iteration: 700, loss_r = 5.8e-03 ,  loss_bc = 7.5e-03,  loss_ic = 1.4e-02,  lr = 1.0e-03, time_taken = 1.3e+00, rel_l2_error = 3.9e-01
Model state saved to ./checkpoints/heat3d_exact/2026-05-29_08-36-17-728250/model.pth
Iteration: 800, loss_r = 6.4e-03 ,  loss_bc = 7.5e-03,  loss_ic = 1.0e-02,  lr = 1.0e-03, time_taken = 1.3e+00, rel_l2_error = 3.5e-01
Model state saved to ./checkpoints/heat3d_exact/2026-05-29_08-36-17-728250/model.pth
Iteration: 900, loss_r = 7.9e-03 ,  loss_bc = 6.4e-03,  loss_ic = 7.9e-03,  lr = 1.0e-03, time_taken = 1.3e+00, rel_l2_error = 3.6e-01
Model state saved to ./checkpoints/heat3d_exact/2026-05-29_08-36-17-728250/model.pth
Iteration: 1000, loss_r = 4.0e-03 ,  loss_bc = 4.9e-03,  loss_ic = 7.0e-03,  lr = 1.0e-03, time_taken = 1.6e+00, rel_l2_error = 3.4e-01
Model state saved to ./checkpoints/heat3d_exact/2026-05-29_08-36-17-728250/model.pth
Iteration: 1100, loss_r = 2.2e-03 ,  loss_bc = 4.6e-03,  loss_ic = 8.8e-03,  lr = 1.0e-03, time_taken = 2.4e+00, rel_l2_error = 3.3e-01
Model state saved to ./checkpoints/heat3d_exact/2026-05-29_08-36-17-728250/model.pth
Iteration: 1200, loss_r = 3.8e-03 ,  loss_bc = 5.0e-03,  loss_ic = 7.8e-03,  lr = 1.0e-03, time_taken = 2.2e+00, rel_l2_error = 3.1e-01
Model state saved to ./checkpoints/heat3d_exact/2026-05-29_08-36-17-728250/model.pth
Iteration: 1300, loss_r = 2.2e-03 ,  loss_bc = 5.9e-03,  loss_ic = 6.3e-03,  lr = 1.0e-03, time_taken = 2.4e+00, rel_l2_error = 3.1e-01
Model state saved to ./checkpoints/heat3d_exact/2026-05-29_08-36-17-728250/model.pth
Iteration: 1400, loss_r = 5.0e-03 ,  loss_bc = 4.9e-03,  loss_ic = 3.8e-03,  lr = 1.0e-03, time_taken = 2.3e+00, rel_l2_error = 3.1e-01
Model state saved to ./checkpoints/heat3d_exact/2026-05-29_08-36-17-728250/model.pth
Iteration: 1500, loss_r = 4.4e-03 ,  loss_bc = 5.1e-03,  loss_ic = 5.1e-03,  lr = 1.0e-03, time_taken = 2.4e+00, rel_l2_error = 2.9e-01
Model state saved to ./checkpoints/heat3d_exact/2026-05-29_08-36-17-728250/model.pth
Iteration: 1600, loss_r = 3.1e-03 ,  loss_bc = 5.8e-03,  loss_ic = 3.9e-03,  lr = 1.0e-03, time_taken = 2.4e+00, rel_l2_error = 2.8e-01
Model state saved to ./checkpoints/heat3d_exact/2026-05-29_08-36-17-728250/model.pth
Iteration: 1700, loss_r = 2.9e-03 ,  loss_bc = 3.8e-03,  loss_ic = 4.8e-03,  lr = 1.0e-03, time_taken = 2.4e+00, rel_l2_error = 2.9e-01
Model state saved to ./checkpoints/heat3d_exact/2026-05-29_08-36-17-728250/model.pth
Iteration: 1800, loss_r = 3.1e-03 ,  loss_bc = 4.7e-03,  loss_ic = 2.6e-03,  lr = 1.0e-03, time_taken = 2.3e+00, rel_l2_error = 2.5e-01
Model state saved to ./checkpoints/heat3d_exact/2026-05-29_08-36-17-728250/model.pth
Iteration: 1900, loss_r = 3.0e-03 ,  loss_bc = 4.3e-03,  loss_ic = 3.6e-03,  lr = 1.0e-03, time_taken = 2.4e+00, rel_l2_error = 2.8e-01
Model state saved to ./checkpoints/heat3d_exact/2026-05-29_08-36-17-728250/model.pth
Iteration: 2000, loss_r = 2.6e-03 ,  loss_bc = 4.9e-03,  loss_ic = 2.8e-03,  lr = 1.0e-03, time_taken = 2.4e+00, rel_l2_error = 2.5e-01
Model state saved to ./checkpoints/heat3d_exact/2026-05-29_08-36-17-728250/model.pth
Iteration: 2100, loss_r = 1.9e-03 ,  loss_bc = 3.4e-03,  loss_ic = 4.9e-03,  lr = 1.0e-03, time_taken = 2.1e+00, rel_l2_error = 2.6e-01
Model state saved to ./checkpoints/heat3d_exact/2026-05-29_08-36-17-728250/model.pth
Iteration: 2200, loss_r = 1.7e-03 ,  loss_bc = 3.5e-03,  loss_ic = 1.9e-03,  lr = 1.0e-03, time_taken = 2.2e+00, rel_l2_error = 2.4e-01
Model state saved to ./checkpoints/heat3d_exact/2026-05-29_08-36-17-728250/model.pth
Iteration: 2300, loss_r = 2.7e-03 ,  loss_bc = 3.9e-03,  loss_ic = 3.1e-03,  lr = 1.0e-03, time_taken = 2.6e+00, rel_l2_error = 2.5e-01
Model state saved to ./checkpoints/heat3d_exact/2026-05-29_08-36-17-728250/model.pth
Iteration: 2400, loss_r = 2.3e-03 ,  loss_bc = 3.4e-03,  loss_ic = 2.0e-03,  lr = 1.0e-03, time_taken = 2.6e+00, rel_l2_error = 2.3e-01
Model state saved to ./checkpoints/heat3d_exact/2026-05-29_08-36-17-728250/model.pth
Iteration: 2500, loss_r = 2.0e-03 ,  loss_bc = 5.0e-03,  loss_ic = 1.5e-03,  lr = 1.0e-03, time_taken = 2.0e+00, rel_l2_error = 2.3e-01
Model state saved to ./checkpoints/heat3d_exact/2026-05-29_08-36-17-728250/model.pth
Iteration: 2600, loss_r = 2.0e-03 ,  loss_bc = 2.8e-03,  loss_ic = 2.5e-03,  lr = 1.0e-03, time_taken = 2.5e+00, rel_l2_error = 2.2e-01
Model state saved to ./checkpoints/heat3d_exact/2026-05-29_08-36-17-728250/model.pth
Iteration: 2700, loss_r = 2.0e-03 ,  loss_bc = 3.0e-03,  loss_ic = 2.5e-03,  lr = 1.0e-03, time_taken = 2.3e+00, rel_l2_error = 2.2e-01
Model state saved to ./checkpoints/heat3d_exact/2026-05-29_08-36-17-728250/model.pth
Iteration: 2800, loss_r = 2.2e-03 ,  loss_bc = 4.3e-03,  loss_ic = 2.3e-03,  lr = 1.0e-03, time_taken = 2.2e+00, rel_l2_error = 2.1e-01
Model state saved to ./checkpoints/heat3d_exact/2026-05-29_08-36-17-728250/model.pth
Iteration: 2900, loss_r = 2.2e-03 ,  loss_bc = 3.0e-03,  loss_ic = 2.7e-03,  lr = 1.0e-03, time_taken = 2.4e+00, rel_l2_error = 2.1e-01
Model state saved to ./checkpoints/heat3d_exact/2026-05-29_08-36-17-728250/model.pth
Iteration: 3000, loss_r = 2.7e-03 ,  loss_bc = 3.2e-03,  loss_ic = 1.5e-03,  lr = 1.0e-03, time_taken = 2.5e+00, rel_l2_error = 2.1e-01
Model state saved to ./checkpoints/heat3d_exact/2026-05-29_08-36-17-728250/model.pth
Iteration: 3100, loss_r = 2.1e-03 ,  loss_bc = 2.3e-03,  loss_ic = 1.8e-03,  lr = 1.0e-03, time_taken = 2.3e+00, rel_l2_error = 2.1e-01
Model state saved to ./checkpoints/heat3d_exact/2026-05-29_08-36-17-728250/model.pth
Iteration: 3200, loss_r = 2.0e-03 ,  loss_bc = 2.6e-03,  loss_ic = 1.9e-03,  lr = 1.0e-03, time_taken = 2.2e+00, rel_l2_error = 2.0e-01
Model state saved to ./checkpoints/heat3d_exact/2026-05-29_08-36-17-728250/model.pth
Iteration: 3300, loss_r = 1.3e-03 ,  loss_bc = 2.3e-03,  loss_ic = 1.7e-03,  lr = 1.0e-03, time_taken = 2.4e+00, rel_l2_error = 2.1e-01
Model state saved to ./checkpoints/heat3d_exact/2026-05-29_08-36-17-728250/model.pth
Iteration: 3400, loss_r = 2.5e-03 ,  loss_bc = 2.9e-03,  loss_ic = 9.6e-04,  lr = 1.0e-03, time_taken = 2.5e+00, rel_l2_error = 2.0e-01
Model state saved to ./checkpoints/heat3d_exact/2026-05-29_08-36-17-728250/model.pth
Iteration: 3500, loss_r = 1.1e-03 ,  loss_bc = 2.4e-03,  loss_ic = 1.6e-03,  lr = 1.0e-03, time_taken = 2.5e+00, rel_l2_error = 1.9e-01
Model state saved to ./checkpoints/heat3d_exact/2026-05-29_08-36-17-728250/model.pth
Iteration: 3600, loss_r = 3.4e-03 ,  loss_bc = 2.4e-03,  loss_ic = 1.2e-03,  lr = 1.0e-03, time_taken = 2.4e+00, rel_l2_error = 1.9e-01
Model state saved to ./checkpoints/heat3d_exact/2026-05-29_08-36-17-728250/model.pth
Iteration: 3700, loss_r = 1.6e-03 ,  loss_bc = 2.5e-03,  loss_ic = 8.4e-04,  lr = 1.0e-03, time_taken = 2.6e+00, rel_l2_error = 1.9e-01
Model state saved to ./checkpoints/heat3d_exact/2026-05-29_08-36-17-728250/model.pth
Iteration: 3800, loss_r = 1.1e-03 ,  loss_bc = 2.1e-03,  loss_ic = 1.3e-03,  lr = 1.0e-03, time_taken = 2.7e+00, rel_l2_error = 1.8e-01
Model state saved to ./checkpoints/heat3d_exact/2026-05-29_08-36-17-728250/model.pth
Iteration: 3900, loss_r = 1.3e-03 ,  loss_bc = 2.1e-03,  loss_ic = 8.6e-04,  lr = 1.0e-03, time_taken = 2.2e+00, rel_l2_error = 1.8e-01
Model state saved to ./checkpoints/heat3d_exact/2026-05-29_08-36-17-728250/model.pth
Iteration: 4000, loss_r = 2.3e-03 ,  loss_bc = 1.9e-03,  loss_ic = 9.5e-04,  lr = 1.0e-03, time_taken = 2.5e+00, rel_l2_error = 1.8e-01
Model state saved to ./checkpoints/heat3d_exact/2026-05-29_08-36-17-728250/model.pth
Iteration: 4100, loss_r = 1.1e-03 ,  loss_bc = 2.0e-03,  loss_ic = 5.9e-04,  lr = 1.0e-03, time_taken = 2.3e+00, rel_l2_error = 1.7e-01
Model state saved to ./checkpoints/heat3d_exact/2026-05-29_08-36-17-728250/model.pth
Iteration: 4200, loss_r = 1.5e-03 ,  loss_bc = 2.6e-03,  loss_ic = 1.0e-03,  lr = 1.0e-03, time_taken = 2.6e+00, rel_l2_error = 1.8e-01
Model state saved to ./checkpoints/heat3d_exact/2026-05-29_08-36-17-728250/model.pth
Iteration: 4300, loss_r = 2.7e-03 ,  loss_bc = 2.0e-03,  loss_ic = 9.2e-04,  lr = 1.0e-03, time_taken = 2.2e+00, rel_l2_error = 1.6e-01
Model state saved to ./checkpoints/heat3d_exact/2026-05-29_08-36-17-728250/model.pth
Iteration: 4400, loss_r = 1.8e-03 ,  loss_bc = 1.6e-03,  loss_ic = 1.2e-03,  lr = 1.0e-03, time_taken = 2.6e+00, rel_l2_error = 1.7e-01
Model state saved to ./checkpoints/heat3d_exact/2026-05-29_08-36-17-728250/model.pth
Iteration: 4500, loss_r = 1.8e-03 ,  loss_bc = 2.0e-03,  loss_ic = 6.4e-04,  lr = 1.0e-03, time_taken = 2.4e+00, rel_l2_error = 1.6e-01
Model state saved to ./checkpoints/heat3d_exact/2026-05-29_08-36-17-728250/model.pth
Iteration: 4600, loss_r = 8.0e-04 ,  loss_bc = 2.1e-03,  loss_ic = 1.1e-03,  lr = 1.0e-03, time_taken = 2.6e+00, rel_l2_error = 1.6e-01
Model state saved to ./checkpoints/heat3d_exact/2026-05-29_08-36-17-728250/model.pth
Iteration: 4700, loss_r = 1.4e-03 ,  loss_bc = 2.1e-03,  loss_ic = 7.5e-04,  lr = 1.0e-03, time_taken = 2.4e+00, rel_l2_error = 1.6e-01
Model state saved to ./checkpoints/heat3d_exact/2026-05-29_08-36-17-728250/model.pth
Iteration: 4800, loss_r = 1.2e-03 ,  loss_bc = 2.2e-03,  loss_ic = 7.3e-04,  lr = 1.0e-03, time_taken = 2.2e+00, rel_l2_error = 1.6e-01
Model state saved to ./checkpoints/heat3d_exact/2026-05-29_08-36-17-728250/model.pth
Iteration: 4900, loss_r = 1.1e-03 ,  loss_bc = 1.8e-03,  loss_ic = 5.1e-04,  lr = 1.0e-03, time_taken = 2.8e+00, rel_l2_error = 1.5e-01
Model state saved to ./checkpoints/heat3d_exact/2026-05-29_08-36-17-728250/model.pth
Iteration: 5000, loss_r = 6.0e-04 ,  loss_bc = 2.5e-03,  loss_ic = 3.9e-04,  lr = 1.0e-03, time_taken = 2.4e+00, rel_l2_error = 1.5e-01
Model state saved to ./checkpoints/heat3d_exact/2026-05-29_08-36-17-728250/model.pth
Iteration: 5100, loss_r = 1.5e-03 ,  loss_bc = 1.8e-03,  loss_ic = 7.4e-04,  lr = 1.0e-03, time_taken = 2.3e+00, rel_l2_error = 1.6e-01
Model state saved to ./checkpoints/heat3d_exact/2026-05-29_08-36-17-728250/model.pth
Iteration: 5200, loss_r = 8.3e-04 ,  loss_bc = 2.6e-03,  loss_ic = 6.2e-04,  lr = 1.0e-03, time_taken = 2.4e+00, rel_l2_error = 1.5e-01
Model state saved to ./checkpoints/heat3d_exact/2026-05-29_08-36-17-728250/model.pth
Iteration: 5300, loss_r = 1.1e-03 ,  loss_bc = 1.4e-03,  loss_ic = 6.1e-04,  lr = 1.0e-03, time_taken = 2.4e+00, rel_l2_error = 1.5e-01
Model state saved to ./checkpoints/heat3d_exact/2026-05-29_08-36-17-728250/model.pth
Iteration: 5400, loss_r = 1.1e-03 ,  loss_bc = 1.2e-03,  loss_ic = 3.9e-04,  lr = 1.0e-03, time_taken = 2.4e+00, rel_l2_error = 1.5e-01
Model state saved to ./checkpoints/heat3d_exact/2026-05-29_08-36-17-728250/model.pth
Iteration: 5500, loss_r = 7.3e-04 ,  loss_bc = 1.4e-03,  loss_ic = 5.4e-04,  lr = 1.0e-03, time_taken = 2.2e+00, rel_l2_error = 1.5e-01
Model state saved to ./checkpoints/heat3d_exact/2026-05-29_08-36-17-728250/model.pth
Iteration: 5600, loss_r = 7.2e-04 ,  loss_bc = 1.4e-03,  loss_ic = 5.9e-04,  lr = 1.0e-03, time_taken = 2.3e+00, rel_l2_error = 1.5e-01
Model state saved to ./checkpoints/heat3d_exact/2026-05-29_08-36-17-728250/model.pth
Iteration: 5700, loss_r = 1.3e-03 ,  loss_bc = 1.6e-03,  loss_ic = 5.5e-04,  lr = 1.0e-03, time_taken = 2.7e+00, rel_l2_error = 1.4e-01
Model state saved to ./checkpoints/heat3d_exact/2026-05-29_08-36-17-728250/model.pth
Iteration: 5800, loss_r = 2.0e-03 ,  loss_bc = 1.6e-03,  loss_ic = 6.0e-04,  lr = 1.0e-03, time_taken = 2.4e+00, rel_l2_error = 1.4e-01
Model state saved to ./checkpoints/heat3d_exact/2026-05-29_08-36-17-728250/model.pth
Iteration: 5900, loss_r = 1.2e-03 ,  loss_bc = 1.9e-03,  loss_ic = 6.1e-04,  lr = 1.0e-03, time_taken = 2.4e+00, rel_l2_error = 1.4e-01
Model state saved to ./checkpoints/heat3d_exact/2026-05-29_08-36-17-728250/model.pth
Iteration: 6000, loss_r = 1.8e-03 ,  loss_bc = 1.3e-03,  loss_ic = 6.0e-04,  lr = 1.0e-03, time_taken = 2.7e+00, rel_l2_error = 1.5e-01
Model state saved to ./checkpoints/heat3d_exact/2026-05-29_08-36-17-728250/model.pth
Iteration: 6100, loss_r = 5.2e-04 ,  loss_bc = 1.4e-03,  loss_ic = 4.5e-04,  lr = 1.0e-03, time_taken = 2.5e+00, rel_l2_error = 1.3e-01
Model state saved to ./checkpoints/heat3d_exact/2026-05-29_08-36-17-728250/model.pth
Iteration: 6200, loss_r = 1.1e-03 ,  loss_bc = 1.3e-03,  loss_ic = 3.3e-04,  lr = 1.0e-03, time_taken = 2.4e+00, rel_l2_error = 1.4e-01
Model state saved to ./checkpoints/heat3d_exact/2026-05-29_08-36-17-728250/model.pth
Iteration: 6300, loss_r = 7.5e-04 ,  loss_bc = 1.0e-03,  loss_ic = 5.7e-04,  lr = 1.0e-03, time_taken = 2.0e+00, rel_l2_error = 1.4e-01
Model state saved to ./checkpoints/heat3d_exact/2026-05-29_08-36-17-728250/model.pth
Iteration: 6400, loss_r = 1.1e-03 ,  loss_bc = 1.3e-03,  loss_ic = 6.5e-04,  lr = 1.0e-03, time_taken = 2.3e+00, rel_l2_error = 1.3e-01
Model state saved to ./checkpoints/heat3d_exact/2026-05-29_08-36-17-728250/model.pth
Iteration: 6500, loss_r = 7.3e-04 ,  loss_bc = 1.4e-03,  loss_ic = 3.8e-04,  lr = 1.0e-03, time_taken = 2.5e+00, rel_l2_error = 1.3e-01
Model state saved to ./checkpoints/heat3d_exact/2026-05-29_08-36-17-728250/model.pth
Iteration: 6600, loss_r = 1.4e-03 ,  loss_bc = 1.0e-03,  loss_ic = 2.7e-04,  lr = 1.0e-03, time_taken = 2.3e+00, rel_l2_error = 1.2e-01
Model state saved to ./checkpoints/heat3d_exact/2026-05-29_08-36-17-728250/model.pth
Iteration: 6700, loss_r = 6.9e-04 ,  loss_bc = 1.1e-03,  loss_ic = 4.5e-04,  lr = 1.0e-03, time_taken = 2.6e+00, rel_l2_error = 1.3e-01
Model state saved to ./checkpoints/heat3d_exact/2026-05-29_08-36-17-728250/model.pth
Iteration: 6800, loss_r = 6.0e-04 ,  loss_bc = 1.0e-03,  loss_ic = 4.6e-04,  lr = 1.0e-03, time_taken = 2.4e+00, rel_l2_error = 1.3e-01
Model state saved to ./checkpoints/heat3d_exact/2026-05-29_08-36-17-728250/model.pth
Iteration: 6900, loss_r = 8.0e-04 ,  loss_bc = 8.6e-04,  loss_ic = 2.2e-04,  lr = 1.0e-03, time_taken = 2.8e+00, rel_l2_error = 1.2e-01
Model state saved to ./checkpoints/heat3d_exact/2026-05-29_08-36-17-728250/model.pth
Iteration: 7000, loss_r = 8.0e-04 ,  loss_bc = 1.1e-03,  loss_ic = 4.1e-04,  lr = 1.0e-03, time_taken = 2.5e+00, rel_l2_error = 1.3e-01
Model state saved to ./checkpoints/heat3d_exact/2026-05-29_08-36-17-728250/model.pth
Iteration: 7100, loss_r = 1.1e-03 ,  loss_bc = 1.2e-03,  loss_ic = 3.3e-04,  lr = 1.0e-03, time_taken = 2.4e+00, rel_l2_error = 1.3e-01
Model state saved to ./checkpoints/heat3d_exact/2026-05-29_08-36-17-728250/model.pth
Iteration: 7200, loss_r = 6.3e-04 ,  loss_bc = 9.7e-04,  loss_ic = 5.6e-04,  lr = 1.0e-03, time_taken = 2.7e+00, rel_l2_error = 1.2e-01
Model state saved to ./checkpoints/heat3d_exact/2026-05-29_08-36-17-728250/model.pth
Iteration: 7300, loss_r = 6.9e-04 ,  loss_bc = 7.8e-04,  loss_ic = 3.0e-04,  lr = 1.0e-03, time_taken = 2.2e+00, rel_l2_error = 1.2e-01
Model state saved to ./checkpoints/heat3d_exact/2026-05-29_08-36-17-728250/model.pth
Iteration: 7400, loss_r = 3.5e-04 ,  loss_bc = 9.1e-04,  loss_ic = 3.9e-04,  lr = 1.0e-03, time_taken = 2.5e+00, rel_l2_error = 1.3e-01
Model state saved to ./checkpoints/heat3d_exact/2026-05-29_08-36-17-728250/model.pth
Iteration: 7500, loss_r = 6.6e-04 ,  loss_bc = 7.6e-04,  loss_ic = 3.0e-04,  lr = 1.0e-03, time_taken = 2.4e+00, rel_l2_error = 1.2e-01
Model state saved to ./checkpoints/heat3d_exact/2026-05-29_08-36-17-728250/model.pth
Iteration: 7600, loss_r = 5.7e-04 ,  loss_bc = 1.0e-03,  loss_ic = 3.2e-04,  lr = 1.0e-03, time_taken = 2.3e+00, rel_l2_error = 1.2e-01
Model state saved to ./checkpoints/heat3d_exact/2026-05-29_08-36-17-728250/model.pth
Iteration: 7700, loss_r = 6.7e-04 ,  loss_bc = 1.2e-03,  loss_ic = 2.8e-04,  lr = 1.0e-03, time_taken = 2.7e+00, rel_l2_error = 1.2e-01
Model state saved to ./checkpoints/heat3d_exact/2026-05-29_08-36-17-728250/model.pth
Iteration: 7800, loss_r = 7.6e-04 ,  loss_bc = 7.7e-04,  loss_ic = 3.5e-04,  lr = 1.0e-03, time_taken = 2.3e+00, rel_l2_error = 1.2e-01
Model state saved to ./checkpoints/heat3d_exact/2026-05-29_08-36-17-728250/model.pth
Iteration: 7900, loss_r = 8.6e-04 ,  loss_bc = 7.0e-04,  loss_ic = 2.9e-04,  lr = 1.0e-03, time_taken = 2.5e+00, rel_l2_error = 1.2e-01
Model state saved to ./checkpoints/heat3d_exact/2026-05-29_08-36-17-728250/model.pth
Iteration: 8000, loss_r = 9.7e-04 ,  loss_bc = 7.3e-04,  loss_ic = 2.6e-04,  lr = 1.0e-03, time_taken = 2.5e+00, rel_l2_error = 1.2e-01
Model state saved to ./checkpoints/heat3d_exact/2026-05-29_08-36-17-728250/model.pth
Iteration: 8100, loss_r = 7.2e-04 ,  loss_bc = 7.6e-04,  loss_ic = 4.3e-04,  lr = 1.0e-03, time_taken = 2.6e+00, rel_l2_error = 1.2e-01
Model state saved to ./checkpoints/heat3d_exact/2026-05-29_08-36-17-728250/model.pth
Iteration: 8200, loss_r = 5.9e-04 ,  loss_bc = 8.5e-04,  loss_ic = 1.9e-04,  lr = 1.0e-03, time_taken = 2.4e+00, rel_l2_error = 1.1e-01
Model state saved to ./checkpoints/heat3d_exact/2026-05-29_08-36-17-728250/model.pth
Iteration: 8300, loss_r = 8.8e-04 ,  loss_bc = 1.1e-03,  loss_ic = 2.0e-04,  lr = 1.0e-03, time_taken = 2.3e+00, rel_l2_error = 1.1e-01
Model state saved to ./checkpoints/heat3d_exact/2026-05-29_08-36-17-728250/model.pth
Iteration: 8400, loss_r = 3.9e-04 ,  loss_bc = 7.5e-04,  loss_ic = 3.1e-04,  lr = 1.0e-03, time_taken = 2.6e+00, rel_l2_error = 1.1e-01
Model state saved to ./checkpoints/heat3d_exact/2026-05-29_08-36-17-728250/model.pth
Iteration: 8500, loss_r = 4.7e-04 ,  loss_bc = 7.9e-04,  loss_ic = 3.1e-04,  lr = 1.0e-03, time_taken = 2.4e+00, rel_l2_error = 1.1e-01
Model state saved to ./checkpoints/heat3d_exact/2026-05-29_08-36-17-728250/model.pth
Iteration: 8600, loss_r = 8.2e-04 ,  loss_bc = 5.4e-04,  loss_ic = 3.1e-04,  lr = 1.0e-03, time_taken = 2.5e+00, rel_l2_error = 1.2e-01
Model state saved to ./checkpoints/heat3d_exact/2026-05-29_08-36-17-728250/model.pth
Iteration: 8700, loss_r = 3.3e-04 ,  loss_bc = 8.6e-04,  loss_ic = 1.9e-04,  lr = 1.0e-03, time_taken = 2.7e+00, rel_l2_error = 1.1e-01
Model state saved to ./checkpoints/heat3d_exact/2026-05-29_08-36-17-728250/model.pth
Iteration: 8800, loss_r = 3.2e-04 ,  loss_bc = 7.2e-04,  loss_ic = 2.0e-04,  lr = 1.0e-03, time_taken = 2.6e+00, rel_l2_error = 1.2e-01
Model state saved to ./checkpoints/heat3d_exact/2026-05-29_08-36-17-728250/model.pth
Iteration: 8900, loss_r = 8.3e-04 ,  loss_bc = 7.2e-04,  loss_ic = 1.8e-04,  lr = 1.0e-03, time_taken = 2.6e+00, rel_l2_error = 1.2e-01
Model state saved to ./checkpoints/heat3d_exact/2026-05-29_08-36-17-728250/model.pth
Iteration: 9000, loss_r = 5.7e-04 ,  loss_bc = 8.7e-04,  loss_ic = 3.0e-04,  lr = 1.0e-03, time_taken = 2.6e+00, rel_l2_error = 1.2e-01
Model state saved to ./checkpoints/heat3d_exact/2026-05-29_08-36-17-728250/model.pth
Iteration: 9100, loss_r = 4.2e-04 ,  loss_bc = 7.7e-04,  loss_ic = 2.2e-04,  lr = 1.0e-03, time_taken = 2.5e+00, rel_l2_error = 1.0e-01
Model state saved to ./checkpoints/heat3d_exact/2026-05-29_08-36-17-728250/model.pth
Iteration: 9200, loss_r = 5.4e-04 ,  loss_bc = 8.0e-04,  loss_ic = 2.3e-04,  lr = 1.0e-03, time_taken = 2.8e+00, rel_l2_error = 1.3e-01
Model state saved to ./checkpoints/heat3d_exact/2026-05-29_08-36-17-728250/model.pth
Iteration: 9300, loss_r = 9.7e-04 ,  loss_bc = 7.3e-04,  loss_ic = 2.3e-04,  lr = 1.0e-03, time_taken = 2.5e+00, rel_l2_error = 1.1e-01
Model state saved to ./checkpoints/heat3d_exact/2026-05-29_08-36-17-728250/model.pth
Iteration: 9400, loss_r = 6.1e-04 ,  loss_bc = 5.4e-04,  loss_ic = 2.2e-04,  lr = 1.0e-03, time_taken = 2.5e+00, rel_l2_error = 1.0e-01
Model state saved to ./checkpoints/heat3d_exact/2026-05-29_08-36-17-728250/model.pth
Iteration: 9500, loss_r = 5.1e-04 ,  loss_bc = 4.9e-04,  loss_ic = 2.4e-04,  lr = 1.0e-03, time_taken = 2.4e+00, rel_l2_error = 1.1e-01
Model state saved to ./checkpoints/heat3d_exact/2026-05-29_08-36-17-728250/model.pth
Iteration: 9600, loss_r = 5.6e-04 ,  loss_bc = 5.0e-04,  loss_ic = 1.6e-04,  lr = 1.0e-03, time_taken = 2.2e+00, rel_l2_error = 1.0e-01
Model state saved to ./checkpoints/heat3d_exact/2026-05-29_08-36-17-728250/model.pth
Iteration: 9700, loss_r = 5.4e-04 ,  loss_bc = 5.5e-04,  loss_ic = 1.4e-04,  lr = 1.0e-03, time_taken = 2.6e+00, rel_l2_error = 1.1e-01
Model state saved to ./checkpoints/heat3d_exact/2026-05-29_08-36-17-728250/model.pth
Iteration: 9800, loss_r = 5.5e-04 ,  loss_bc = 6.3e-04,  loss_ic = 3.7e-04,  lr = 1.0e-03, time_taken = 2.8e+00, rel_l2_error = 1.0e-01
Model state saved to ./checkpoints/heat3d_exact/2026-05-29_08-36-17-728250/model.pth
Iteration: 9900, loss_r = 1.7e-04 ,  loss_bc = 4.2e-04,  loss_ic = 2.0e-04,  lr = 1.0e-03, time_taken = 2.4e+00, rel_l2_error = 1.1e-01
Model state saved to ./checkpoints/heat3d_exact/2026-05-29_08-36-17-728250/model.pth

=== Switching to LBFGS optimizer at iteration 10000 ===
Using scipy L-BFGS-B optimizer
Optimizer: L-BFGS-B (maxiter=10000, factr=1000.0, m=100, maxls=50, pgtol=1e-14)
L-BFGS Iteration: 0, Loss: 1.319387e-03
L-BFGS Iteration: 1, Loss: 1.204706e-03, Relative L2 Error: 1.042070e-01
L-BFGS: Time for 100 iterations = 1167.2749 s
L-BFGS Iteration: 100, Loss: 6.498961e-04, Relative L2 Error: 8.592357e-02
L-BFGS Iteration: 200, Loss: 4.624931e-04, Relative L2 Error: 7.385968e-02
L-BFGS Iteration: 300, Loss: 3.532705e-04, Relative L2 Error: 7.099544e-02
L-BFGS Iteration: 400, Loss: 2.842066e-04, Relative L2 Error: 6.677210e-02
L-BFGS Iteration: 500, Loss: 2.412295e-04, Relative L2 Error: 6.028642e-02
L-BFGS Iteration: 600, Loss: 2.012105e-04, Relative L2 Error: 5.452665e-02
L-BFGS Iteration: 700, Loss: 1.663435e-04, Relative L2 Error: 5.447215e-02
L-BFGS Iteration: 800, Loss: 1.430855e-04, Relative L2 Error: 5.186174e-02
L-BFGS Iteration: 900, Loss: 1.259492e-04, Relative L2 Error: 5.074305e-02
L-BFGS Iteration: 1000, Loss: 1.132066e-04, Relative L2 Error: 4.868063e-02
L-BFGS Iteration: 1100, Loss: 1.020934e-04, Relative L2 Error: 4.898097e-02
L-BFGS Iteration: 1200, Loss: 9.051016e-05, Relative L2 Error: 4.980419e-02
L-BFGS Iteration: 1300, Loss: 8.036014e-05, Relative L2 Error: 4.828921e-02
L-BFGS Iteration: 1400, Loss: 7.300299e-05, Relative L2 Error: 4.642387e-02
L-BFGS Iteration: 1500, Loss: 6.639901e-05, Relative L2 Error: 4.422048e-02
L-BFGS Iteration: 1600, Loss: 6.146383e-05, Relative L2 Error: 4.151824e-02
L-BFGS Iteration: 1700, Loss: 5.708858e-05, Relative L2 Error: 4.151155e-02
L-BFGS Iteration: 1800, Loss: 5.375191e-05, Relative L2 Error: 3.930296e-02
L-BFGS Iteration: 1900, Loss: 4.957305e-05, Relative L2 Error: 3.903573e-02
L-BFGS Iteration: 2000, Loss: 4.595319e-05, Relative L2 Error: 3.839594e-02
L-BFGS Iteration: 2100, Loss: 4.294330e-05, Relative L2 Error: 3.979974e-02
L-BFGS Iteration: 2200, Loss: 3.984778e-05, Relative L2 Error: 3.884402e-02
L-BFGS Iteration: 2300, Loss: 3.748293e-05, Relative L2 Error: 3.804402e-02
L-BFGS Iteration: 2400, Loss: 3.516207e-05, Relative L2 Error: 3.514777e-02
L-BFGS Iteration: 2500, Loss: 3.357515e-05, Relative L2 Error: 3.441842e-02
L-BFGS Iteration: 2600, Loss: 3.208844e-05, Relative L2 Error: 3.337749e-02
L-BFGS Iteration: 2700, Loss: 3.018010e-05, Relative L2 Error: 3.199334e-02
L-BFGS Iteration: 2800, Loss: 2.862272e-05, Relative L2 Error: 3.244872e-02
L-BFGS Iteration: 2900, Loss: 2.709323e-05, Relative L2 Error: 3.052055e-02
L-BFGS Iteration: 3000, Loss: 2.576878e-05, Relative L2 Error: 3.064776e-02
L-BFGS Iteration: 3100, Loss: 2.472815e-05, Relative L2 Error: 3.015327e-02
L-BFGS Iteration: 3200, Loss: 2.385229e-05, Relative L2 Error: 2.829051e-02
L-BFGS Iteration: 3300, Loss: 2.304050e-05, Relative L2 Error: 2.717628e-02
L-BFGS Iteration: 3400, Loss: 2.196851e-05, Relative L2 Error: 2.921438e-02
L-BFGS Iteration: 3500, Loss: 2.130249e-05, Relative L2 Error: 2.723979e-02
L-BFGS Iteration: 3600, Loss: 2.063716e-05, Relative L2 Error: 2.897254e-02
L-BFGS Iteration: 3700, Loss: 2.002951e-05, Relative L2 Error: 2.954815e-02
L-BFGS Iteration: 3800, Loss: 1.926341e-05, Relative L2 Error: 2.615326e-02
L-BFGS Iteration: 3900, Loss: 1.840895e-05, Relative L2 Error: 2.648388e-02
L-BFGS Iteration: 4000, Loss: 1.771713e-05, Relative L2 Error: 2.696854e-02
L-BFGS Iteration: 4100, Loss: 1.712045e-05, Relative L2 Error: 2.556584e-02
L-BFGS Iteration: 4200, Loss: 1.660018e-05, Relative L2 Error: 2.629955e-02
L-BFGS Iteration: 4300, Loss: 1.592393e-05, Relative L2 Error: 2.583153e-02
L-BFGS Iteration: 4400, Loss: 1.539831e-05, Relative L2 Error: 2.569766e-02
L-BFGS Iteration: 4500, Loss: 1.482930e-05, Relative L2 Error: 2.573615e-02
L-BFGS Iteration: 4600, Loss: 1.445402e-05, Relative L2 Error: 2.400595e-02
L-BFGS Iteration: 4700, Loss: 1.402058e-05, Relative L2 Error: 2.502862e-02
L-BFGS Iteration: 4800, Loss: 1.360376e-05, Relative L2 Error: 2.500616e-02
L-BFGS Iteration: 4900, Loss: 1.314170e-05, Relative L2 Error: 2.516353e-02
L-BFGS Iteration: 5000, Loss: 1.277861e-05, Relative L2 Error: 2.395775e-02
L-BFGS Iteration: 5100, Loss: 1.246474e-05, Relative L2 Error: 2.432638e-02
L-BFGS Iteration: 5200, Loss: 1.212493e-05, Relative L2 Error: 2.194615e-02
L-BFGS Iteration: 5300, Loss: 1.181445e-05, Relative L2 Error: 2.446677e-02
L-BFGS Iteration: 5400, Loss: 1.153405e-05, Relative L2 Error: 2.264070e-02
L-BFGS Iteration: 5500, Loss: 1.128669e-05, Relative L2 Error: 2.266118e-02
L-BFGS Iteration: 5600, Loss: 1.103573e-05, Relative L2 Error: 2.213964e-02
L-BFGS Iteration: 5700, Loss: 1.078883e-05, Relative L2 Error: 2.420780e-02
L-BFGS Iteration: 5800, Loss: 1.058822e-05, Relative L2 Error: 2.260303e-02
L-BFGS Iteration: 5900, Loss: 1.031158e-05, Relative L2 Error: 2.285867e-02
L-BFGS Iteration: 6000, Loss: 1.001618e-05, Relative L2 Error: 2.202637e-02
L-BFGS Iteration: 6100, Loss: 9.759377e-06, Relative L2 Error: 2.178057e-02
L-BFGS Iteration: 6200, Loss: 9.502130e-06, Relative L2 Error: 2.109628e-02
L-BFGS Iteration: 6300, Loss: 9.261605e-06, Relative L2 Error: 2.129244e-02
L-BFGS Iteration: 6400, Loss: 8.993807e-06, Relative L2 Error: 2.167241e-02
L-BFGS Iteration: 6500, Loss: 8.715320e-06, Relative L2 Error: 2.077708e-02
L-BFGS Iteration: 6600, Loss: 8.466604e-06, Relative L2 Error: 2.043388e-02
L-BFGS Iteration: 6700, Loss: 8.124844e-06, Relative L2 Error: 2.081886e-02
L-BFGS Iteration: 6800, Loss: 7.888683e-06, Relative L2 Error: 1.998690e-02
L-BFGS Iteration: 6900, Loss: 7.646231e-06, Relative L2 Error: 2.188684e-02
L-BFGS Iteration: 7000, Loss: 7.396726e-06, Relative L2 Error: 2.102114e-02
L-BFGS Iteration: 7100, Loss: 7.185805e-06, Relative L2 Error: 1.990278e-02
L-BFGS Iteration: 7200, Loss: 6.981793e-06, Relative L2 Error: 2.048237e-02
L-BFGS Iteration: 7300, Loss: 6.751774e-06, Relative L2 Error: 1.926931e-02
L-BFGS Iteration: 7400, Loss: 6.432648e-06, Relative L2 Error: 1.977011e-02
L-BFGS Iteration: 7500, Loss: 6.231270e-06, Relative L2 Error: 1.858480e-02
L-BFGS Iteration: 7600, Loss: 6.074084e-06, Relative L2 Error: 1.889338e-02
L-BFGS training completed after 7693 iterations
Model state saved to ./checkpoints/heat3d_exact/2026-05-29_08-36-17-728250/model.pth
Training completed successfully!
Relative L2 error (eval data): 1.92e-02
Saved solution comparison heatmaps to: ./checkpoints/heat3d_exact/2026-05-29_08-36-17-728250/solution_comparison_heat3d.png
