Random seed set to: 672
Solving Burgers equation: u_t + u*u_x = nu*u_xx with nu=0.01
Domain: (x, t) = [-1, 1] x [0, 1]
Using exact solution for boundary and initial conditions
checkpoint path: self.log_path='./checkpoints/burgers_exact\\2026-03-07_19-53-57-348201'
Using Classical Solver2
The settings used:
batch_size : 64
epochs : 20000
lr : 0.001
seed : 672
print_every : 100
log_path : ./checkpoints/burgers_exact
input_dim : 2
output_dim : 1
num_qubits : 5
hidden_dim : 20
num_quantum_layers : 1
classic_network : [2, 20, 1]
q_ansatz : cross_mesh
mode : hybrid
activation : tanh
shots : None
problem : burgers_exact
solver : Classical2
device : cpu
method : None
cutoff_dim : 20
class : CVNeuralNetwork1
encoding : angle
use_rar : True
rar_eval_freq : 2000
rar_threshold : 0.0005
rar_num_candidates : 10000
rar_num_add : 100
use_hybrid_optimizer : True
adam_iterations : 10000
use_scipy_lbfgs : True
lbfgs_lr : 1
lbfgs_line_search : strong_wolfe
lbfgs_tolerance_grad : 1e-05
lbfgs_tolerance_change : 1e-07
lbfgs_maxiter : 10000
lbfgs_factr : 1000.0
lbfgs_pgtol : 1e-14
lbfgs_maxls : 50
lbfgs_m : 100
lbfgs_eval_every : 100
nx : 200
nt : 200
domainN : 500
leftN : 50
rightN : 50
initialN : 50
eval_total_points : 10000
Total number of parameters: 2181
Iteration: 0, loss_r = 4.2e-02 ,  loss_bc = 2.9e-02,  loss_ic = 4.6e-02,  lr = 1.0e-03, time_taken = 2.4e-02, rel_l2_error = 1.2e+00
Model state saved to ./checkpoints/burgers_exact\2026-03-07_19-53-57-348201\model.pth
Iteration: 100, loss_r = 2.4e-03 ,  loss_bc = 3.2e-04,  loss_ic = 4.1e-03,  lr = 1.0e-03, time_taken = 1.2e-02, rel_l2_error = 4.1e-01
Model state saved to ./checkpoints/burgers_exact\2026-03-07_19-53-57-348201\model.pth
Iteration: 200, loss_r = 1.4e-03 ,  loss_bc = 3.8e-04,  loss_ic = 4.2e-03,  lr = 1.0e-03, time_taken = 1.2e-02, rel_l2_error = 4.0e-01
Model state saved to ./checkpoints/burgers_exact\2026-03-07_19-53-57-348201\model.pth
Iteration: 300, loss_r = 8.7e-04 ,  loss_bc = 3.7e-04,  loss_ic = 3.7e-03,  lr = 1.0e-03, time_taken = 1.1e-02, rel_l2_error = 3.9e-01
Model state saved to ./checkpoints/burgers_exact\2026-03-07_19-53-57-348201\model.pth
Iteration: 400, loss_r = 9.7e-04 ,  loss_bc = 2.4e-04,  loss_ic = 3.0e-03,  lr = 1.0e-03, time_taken = 1.5e-02, rel_l2_error = 3.8e-01
Model state saved to ./checkpoints/burgers_exact\2026-03-07_19-53-57-348201\model.pth
Iteration: 500, loss_r = 8.8e-04 ,  loss_bc = 3.6e-04,  loss_ic = 4.0e-03,  lr = 1.0e-03, time_taken = 1.3e-02, rel_l2_error = 3.6e-01
Model state saved to ./checkpoints/burgers_exact\2026-03-07_19-53-57-348201\model.pth
Iteration: 600, loss_r = 8.6e-04 ,  loss_bc = 2.0e-04,  loss_ic = 3.6e-03,  lr = 1.0e-03, time_taken = 1.4e-02, rel_l2_error = 3.3e-01
Model state saved to ./checkpoints/burgers_exact\2026-03-07_19-53-57-348201\model.pth
Iteration: 700, loss_r = 7.0e-04 ,  loss_bc = 1.5e-04,  loss_ic = 3.1e-03,  lr = 1.0e-03, time_taken = 1.7e-02, rel_l2_error = 3.1e-01
Model state saved to ./checkpoints/burgers_exact\2026-03-07_19-53-57-348201\model.pth
Iteration: 800, loss_r = 4.4e-04 ,  loss_bc = 7.8e-04,  loss_ic = 2.8e-03,  lr = 1.0e-03, time_taken = 1.5e-02, rel_l2_error = 2.8e-01
Model state saved to ./checkpoints/burgers_exact\2026-03-07_19-53-57-348201\model.pth
Iteration: 900, loss_r = 5.4e-04 ,  loss_bc = 1.3e-04,  loss_ic = 3.3e-03,  lr = 1.0e-03, time_taken = 1.2e-02, rel_l2_error = 2.6e-01
Model state saved to ./checkpoints/burgers_exact\2026-03-07_19-53-57-348201\model.pth
Iteration: 1000, loss_r = 3.4e-04 ,  loss_bc = 1.9e-04,  loss_ic = 1.8e-03,  lr = 1.0e-03, time_taken = 1.1e-02, rel_l2_error = 2.5e-01
Model state saved to ./checkpoints/burgers_exact\2026-03-07_19-53-57-348201\model.pth
Iteration: 1100, loss_r = 2.1e-04 ,  loss_bc = 1.9e-04,  loss_ic = 1.0e-03,  lr = 1.0e-03, time_taken = 1.6e-02, rel_l2_error = 2.0e-01
Model state saved to ./checkpoints/burgers_exact\2026-03-07_19-53-57-348201\model.pth
Iteration: 1200, loss_r = 2.2e-04 ,  loss_bc = 4.4e-04,  loss_ic = 1.1e-03,  lr = 1.0e-03, time_taken = 1.5e-02, rel_l2_error = 1.7e-01
Model state saved to ./checkpoints/burgers_exact\2026-03-07_19-53-57-348201\model.pth
Iteration: 1300, loss_r = 2.2e-04 ,  loss_bc = 9.6e-05,  loss_ic = 6.5e-04,  lr = 1.0e-03, time_taken = 1.8e-02, rel_l2_error = 1.7e-01
Model state saved to ./checkpoints/burgers_exact\2026-03-07_19-53-57-348201\model.pth
Iteration: 1400, loss_r = 9.1e-05 ,  loss_bc = 4.2e-05,  loss_ic = 4.2e-04,  lr = 1.0e-03, time_taken = 1.0e-02, rel_l2_error = 1.2e-01
Model state saved to ./checkpoints/burgers_exact\2026-03-07_19-53-57-348201\model.pth
Iteration: 1500, loss_r = 1.2e-04 ,  loss_bc = 6.5e-05,  loss_ic = 3.9e-04,  lr = 1.0e-03, time_taken = 1.1e-02, rel_l2_error = 7.4e-02
Model state saved to ./checkpoints/burgers_exact\2026-03-07_19-53-57-348201\model.pth
Iteration: 1600, loss_r = 9.6e-05 ,  loss_bc = 5.8e-06,  loss_ic = 2.0e-04,  lr = 1.0e-03, time_taken = 1.0e-02, rel_l2_error = 7.6e-02
Model state saved to ./checkpoints/burgers_exact\2026-03-07_19-53-57-348201\model.pth
Iteration: 1700, loss_r = 5.9e-05 ,  loss_bc = 1.0e-05,  loss_ic = 7.3e-05,  lr = 1.0e-03, time_taken = 1.2e-02, rel_l2_error = 5.3e-02
Model state saved to ./checkpoints/burgers_exact\2026-03-07_19-53-57-348201\model.pth
Iteration: 1800, loss_r = 6.2e-05 ,  loss_bc = 7.7e-06,  loss_ic = 3.1e-05,  lr = 1.0e-03, time_taken = 9.7e-03, rel_l2_error = 4.8e-02
Model state saved to ./checkpoints/burgers_exact\2026-03-07_19-53-57-348201\model.pth
Iteration: 1900, loss_r = 6.0e-05 ,  loss_bc = 5.9e-06,  loss_ic = 3.5e-05,  lr = 1.0e-03, time_taken = 1.3e-02, rel_l2_error = 3.9e-02
Model state saved to ./checkpoints/burgers_exact\2026-03-07_19-53-57-348201\model.pth
Iteration: 2000, loss_r = 3.4e-05 ,  loss_bc = 4.7e-06,  loss_ic = 4.2e-05,  lr = 1.0e-03, time_taken = 9.0e-03, rel_l2_error = 3.2e-02
Model state saved to ./checkpoints/burgers_exact\2026-03-07_19-53-57-348201\model.pth

=== RAR Evaluation at iteration 2000 ===
Mean residual: 5.199e-03
Adding 100 new point(s) with highest residuals:
  Point 1: [0.0119139 0.5153799], Residual: 4.691e-02
  Point 2: [0.016002   0.50366175], Residual: 4.526e-02
  Point 3: [0.04357684 0.5223037 ], Residual: 4.144e-02
  Point 4: [0.01861429 0.49835718], Residual: 4.142e-02
  Point 5: [0.05490804 0.526212  ], Residual: 3.931e-02
  Point 6: [0.05965352 0.5183369 ], Residual: 3.904e-02
  Point 7: [0.02787858 0.52979064], Residual: 3.877e-02
  Point 8: [0.07596654 0.52389956], Residual: 3.676e-02
  Point 9: [ 0.00509167 -0.38744247], Residual: 3.653e-02
  Point 10: [ 0.00604421 -0.40081203], Residual: 3.646e-02
  Point 11: [0.03708076 0.5344038 ], Residual: 3.557e-02
  Point 12: [0.04590136 0.53516114], Residual: 3.521e-02
  Point 13: [0.06914091 0.53503823], Residual: 3.511e-02
  Point 14: [ 0.01710176 -0.39594018], Residual: 3.460e-02
  Point 15: [0.04507262 0.5360217 ], Residual: 3.458e-02
  Point 16: [0.08725899 0.5354773 ], Residual: 3.405e-02
  Point 17: [0.06062084 0.5064534 ], Residual: 3.348e-02
  Point 18: [0.04162723 0.53756607], Residual: 3.327e-02
  Point 19: [0.09012026 0.5375962 ], Residual: 3.318e-02
  Point 20: [ 0.02655059 -0.39945114], Residual: 3.295e-02
  Point 21: [ 0.01795572 -0.38225436], Residual: 3.276e-02
  Point 22: [0.09919435 0.52489257], Residual: 3.276e-02
  Point 23: [ 0.01556319 -0.4154663 ], Residual: 3.258e-02
  Point 24: [ 0.01103908 -0.41864145], Residual: 3.167e-02
  Point 25: [0.02968836 0.49165154], Residual: 3.125e-02
  Point 26: [ 0.04378444 -0.41591227], Residual: 2.992e-02
  Point 27: [ 0.0457139  -0.40635145], Residual: 2.987e-02
  Point 28: [ 0.04633677 -0.4087298 ], Residual: 2.985e-02
  Point 29: [0.00741154 0.53894854], Residual: 2.928e-02
  Point 30: [0.11726689 0.5253713 ], Residual: 2.927e-02
  Point 31: [0.09852391 0.5164329 ], Residual: 2.923e-02
  Point 32: [0.05652231 0.5437747 ], Residual: 2.905e-02
  Point 33: [0.09880269 0.51579916], Residual: 2.877e-02
  Point 34: [0.03251255 0.49035192], Residual: 2.874e-02
  Point 35: [ 0.05048072 -0.42035866], Residual: 2.868e-02
  Point 36: [ 0.0537827  -0.40743124], Residual: 2.855e-02
  Point 37: [ 0.01466787 -0.4258821 ], Residual: 2.826e-02
  Point 38: [ 0.05782074 -0.40786743], Residual: 2.789e-02
  Point 39: [ 0.05905646 -0.42324996], Residual: 2.750e-02
  Point 40: [0.14255041 0.534022  ], Residual: 2.736e-02
  Point 41: [0.09627867 0.5487393 ], Residual: 2.735e-02
  Point 42: [ 0.0047524  -0.34277058], Residual: 2.722e-02
  Point 43: [0.15268081 0.545334  ], Residual: 2.713e-02
  Point 44: [ 0.00186235 -0.50244486], Residual: 2.701e-02
  Point 45: [ 0.05602843 -0.4278208 ], Residual: 2.689e-02
  Point 46: [0.12126756 0.5218291 ], Residual: 2.667e-02
  Point 47: [0.14587718 0.5334053 ], Residual: 2.661e-02
  Point 48: [ 0.06936938 -0.42270136], Residual: 2.651e-02
  Point 49: [0.15865535 0.54227185], Residual: 2.648e-02
  Point 50: [0.11284906 0.5512955 ], Residual: 2.627e-02
  Point 51: [ 0.06990409 -0.42838836], Residual: 2.588e-02
  Point 52: [0.1670065 0.5462676], Residual: 2.575e-02
  Point 53: [ 0.01395315 -0.50201035], Residual: 2.560e-02
  Point 54: [0.14338547 0.553673  ], Residual: 2.540e-02
  Point 55: [ 0.05834156 -0.39220226], Residual: 2.534e-02
  Point 56: [0.1504739 0.5318651], Residual: 2.521e-02
  Point 57: [ 0.07209188 -0.4319446 ], Residual: 2.513e-02
  Point 58: [0.11117446 0.55365527], Residual: 2.472e-02
  Point 59: [ 0.06843954 -0.43544054], Residual: 2.443e-02
  Point 60: [0.00902879 0.47855985], Residual: 2.430e-02
  Point 61: [ 0.00238121 -0.51134825], Residual: 2.411e-02
  Point 62: [ 0.08604997 -0.41684067], Residual: 2.409e-02
  Point 63: [0.12170947 0.5175569 ], Residual: 2.389e-02
  Point 64: [ 0.07060367 -0.43739188], Residual: 2.381e-02
  Point 65: [0.17984307 0.55598426], Residual: 2.381e-02
  Point 66: [ 0.01974577 -0.34530556], Residual: 2.378e-02
  Point 67: [0.17005992 0.53717613], Residual: 2.365e-02
  Point 68: [0.13626629 0.52260625], Residual: 2.355e-02
  Point 69: [ 0.07281816 -0.39794397], Residual: 2.345e-02
  Point 70: [ 0.09362215 -0.4213202 ], Residual: 2.337e-02
  Point 71: [0.1922211  0.55509686], Residual: 2.328e-02
  Point 72: [ 0.02681094 -0.35110903], Residual: 2.328e-02
  Point 73: [ 0.05264598 -0.37750745], Residual: 2.324e-02
  Point 74: [ 0.03769892 -0.43740463], Residual: 2.296e-02
  Point 75: [ 0.0766266  -0.39893258], Residual: 2.288e-02
  Point 76: [ 0.03055167 -0.4369346 ], Residual: 2.270e-02
  Point 77: [ 0.08636183 -0.40591002], Residual: 2.237e-02
  Point 78: [ 0.02442014 -0.49176753], Residual: 2.206e-02
  Point 79: [ 0.10288209 -0.44104493], Residual: 2.194e-02
  Point 80: [ 0.10292727 -0.4207387 ], Residual: 2.193e-02
  Point 81: [ 0.06173921 -0.44207335], Residual: 2.187e-02
  Point 82: [ 0.10441035 -0.44110477], Residual: 2.185e-02
  Point 83: [ 0.07161796 -0.38889384], Residual: 2.165e-02
  Point 84: [0.06527752 0.49503982], Residual: 2.160e-02
  Point 85: [ 0.04268372 -0.50516486], Residual: 2.156e-02
  Point 86: [0.204099  0.5476363], Residual: 2.156e-02
  Point 87: [ 0.10004842 -0.41496682], Residual: 2.154e-02
  Point 88: [0.20937467 0.5493789 ], Residual: 2.127e-02
  Point 89: [ 0.09391791 -0.44575953], Residual: 2.114e-02
  Point 90: [ 0.02132928 -0.51653755], Residual: 2.112e-02
  Point 91: [ 0.0036068  -0.30734217], Residual: 2.104e-02
  Point 92: [0.03360236 0.5501617 ], Residual: 2.095e-02
  Point 93: [0.09397531 0.5040233 ], Residual: 2.092e-02
  Point 94: [0.16869569 0.5640545 ], Residual: 2.082e-02
  Point 95: [ 0.10026276 -0.41011417], Residual: 2.061e-02
  Point 96: [ 0.02326584 -0.51768875], Residual: 2.054e-02
  Point 97: [0.21849155 0.551087  ], Residual: 2.050e-02
  Point 98: [0.22074324 0.56496537], Residual: 2.048e-02
  Point 99: [ 0.05705607 -0.44451737], Residual: 2.034e-02
  Point 100: [ 0.03846622 -0.44255316], Residual: 1.982e-02
Total adaptive points: 100

Iteration: 2100, loss_r = 2.7e-05 ,  loss_bc = 1.3e-05,  loss_ic = 2.7e-05,  lr = 1.0e-03, time_taken = 1.2e-02, rel_l2_error = 3.1e-02
Model state saved to ./checkpoints/burgers_exact\2026-03-07_19-53-57-348201\model.pth
Iteration: 2200, loss_r = 4.8e-05 ,  loss_bc = 1.8e-05,  loss_ic = 1.2e-05,  lr = 1.0e-03, time_taken = 9.2e-03, rel_l2_error = 2.2e-02
Model state saved to ./checkpoints/burgers_exact\2026-03-07_19-53-57-348201\model.pth
Iteration: 2300, loss_r = 6.2e-05 ,  loss_bc = 1.3e-05,  loss_ic = 3.4e-05,  lr = 1.0e-03, time_taken = 1.7e-02, rel_l2_error = 3.3e-02
Model state saved to ./checkpoints/burgers_exact\2026-03-07_19-53-57-348201\model.pth
Iteration: 2400, loss_r = 3.6e-05 ,  loss_bc = 1.3e-06,  loss_ic = 3.1e-05,  lr = 1.0e-03, time_taken = 1.4e-02, rel_l2_error = 2.1e-02
Model state saved to ./checkpoints/burgers_exact\2026-03-07_19-53-57-348201\model.pth
Iteration: 2500, loss_r = 3.0e-05 ,  loss_bc = 1.4e-05,  loss_ic = 2.7e-05,  lr = 1.0e-03, time_taken = 1.0e-02, rel_l2_error = 2.2e-02
Model state saved to ./checkpoints/burgers_exact\2026-03-07_19-53-57-348201\model.pth
Iteration: 2600, loss_r = 2.3e-05 ,  loss_bc = 1.1e-05,  loss_ic = 1.4e-05,  lr = 1.0e-03, time_taken = 1.4e-02, rel_l2_error = 2.8e-02
Model state saved to ./checkpoints/burgers_exact\2026-03-07_19-53-57-348201\model.pth
Iteration: 2700, loss_r = 2.2e-05 ,  loss_bc = 1.1e-06,  loss_ic = 1.7e-05,  lr = 1.0e-03, time_taken = 9.5e-03, rel_l2_error = 2.2e-02
Model state saved to ./checkpoints/burgers_exact\2026-03-07_19-53-57-348201\model.pth
Iteration: 2800, loss_r = 2.7e-05 ,  loss_bc = 2.8e-06,  loss_ic = 1.7e-05,  lr = 1.0e-03, time_taken = 1.5e-02, rel_l2_error = 2.1e-02
Model state saved to ./checkpoints/burgers_exact\2026-03-07_19-53-57-348201\model.pth
Iteration: 2900, loss_r = 1.7e-05 ,  loss_bc = 1.1e-05,  loss_ic = 1.8e-05,  lr = 1.0e-03, time_taken = 8.8e-03, rel_l2_error = 1.8e-02
Model state saved to ./checkpoints/burgers_exact\2026-03-07_19-53-57-348201\model.pth
Iteration: 3000, loss_r = 1.6e-05 ,  loss_bc = 5.4e-06,  loss_ic = 6.6e-06,  lr = 1.0e-03, time_taken = 1.9e-02, rel_l2_error = 1.9e-02
Model state saved to ./checkpoints/burgers_exact\2026-03-07_19-53-57-348201\model.pth
Iteration: 3100, loss_r = 1.4e-05 ,  loss_bc = 1.3e-06,  loss_ic = 1.2e-05,  lr = 1.0e-03, time_taken = 1.0e-02, rel_l2_error = 1.5e-02
Model state saved to ./checkpoints/burgers_exact\2026-03-07_19-53-57-348201\model.pth
Iteration: 3200, loss_r = 1.8e-05 ,  loss_bc = 3.7e-06,  loss_ic = 7.0e-06,  lr = 1.0e-03, time_taken = 9.9e-03, rel_l2_error = 1.5e-02
Model state saved to ./checkpoints/burgers_exact\2026-03-07_19-53-57-348201\model.pth
Iteration: 3300, loss_r = 1.7e-05 ,  loss_bc = 1.1e-05,  loss_ic = 1.5e-05,  lr = 1.0e-03, time_taken = 6.0e-03, rel_l2_error = 1.9e-02
Model state saved to ./checkpoints/burgers_exact\2026-03-07_19-53-57-348201\model.pth
Iteration: 3400, loss_r = 8.8e-06 ,  loss_bc = 8.1e-07,  loss_ic = 1.1e-05,  lr = 1.0e-03, time_taken = 1.2e-02, rel_l2_error = 1.3e-02
Model state saved to ./checkpoints/burgers_exact\2026-03-07_19-53-57-348201\model.pth
Iteration: 3500, loss_r = 1.5e-05 ,  loss_bc = 1.7e-06,  loss_ic = 1.0e-05,  lr = 1.0e-03, time_taken = 9.0e-03, rel_l2_error = 1.6e-02
Model state saved to ./checkpoints/burgers_exact\2026-03-07_19-53-57-348201\model.pth
Iteration: 3600, loss_r = 2.4e-05 ,  loss_bc = 1.6e-05,  loss_ic = 2.0e-05,  lr = 1.0e-03, time_taken = 1.1e-02, rel_l2_error = 2.4e-02
Model state saved to ./checkpoints/burgers_exact\2026-03-07_19-53-57-348201\model.pth
Iteration: 3700, loss_r = 2.3e-05 ,  loss_bc = 2.3e-05,  loss_ic = 2.5e-05,  lr = 1.0e-03, time_taken = 1.1e-02, rel_l2_error = 1.1e-02
Model state saved to ./checkpoints/burgers_exact\2026-03-07_19-53-57-348201\model.pth
Iteration: 3800, loss_r = 8.5e-06 ,  loss_bc = 2.1e-06,  loss_ic = 1.3e-05,  lr = 1.0e-03, time_taken = 1.2e-02, rel_l2_error = 1.6e-02
Model state saved to ./checkpoints/burgers_exact\2026-03-07_19-53-57-348201\model.pth
Iteration: 3900, loss_r = 2.9e-05 ,  loss_bc = 3.4e-05,  loss_ic = 1.3e-05,  lr = 1.0e-03, time_taken = 1.2e-02, rel_l2_error = 1.6e-02
Model state saved to ./checkpoints/burgers_exact\2026-03-07_19-53-57-348201\model.pth
Iteration: 4000, loss_r = 1.0e-05 ,  loss_bc = 4.3e-06,  loss_ic = 5.9e-06,  lr = 1.0e-03, time_taken = 1.2e-02, rel_l2_error = 2.0e-02
Model state saved to ./checkpoints/burgers_exact\2026-03-07_19-53-57-348201\model.pth

=== RAR Evaluation at iteration 4000 ===
Mean residual: 2.924e-03
Adding 100 new point(s) with highest residuals:
  Point 1: [0.00048149 0.32992852], Residual: 1.775e-02
  Point 2: [0.01037842 0.3136618 ], Residual: 1.732e-02
  Point 3: [0.01055729 0.31273496], Residual: 1.730e-02
  Point 4: [0.00635487 0.30165637], Residual: 1.729e-02
  Point 5: [0.012582 0.334   ], Residual: 1.618e-02
  Point 6: [0.02326787 0.30146968], Residual: 1.570e-02
  Point 7: [0.02586478 0.32665324], Residual: 1.552e-02
  Point 8: [0.0087083  0.34336817], Residual: 1.545e-02
  Point 9: [0.03204906 0.3109752 ], Residual: 1.529e-02
  Point 10: [0.00054973 0.35016453], Residual: 1.520e-02
  Point 11: [0.03031963 0.3029294 ], Residual: 1.517e-02
  Point 12: [0.03468263 0.31656194], Residual: 1.509e-02
  Point 13: [0.0272097  0.33681953], Residual: 1.456e-02
  Point 14: [0.03529203 0.29740894], Residual: 1.442e-02
  Point 15: [0.0169304 0.3455006], Residual: 1.438e-02
  Point 16: [0.00372583 0.35358107], Residual: 1.430e-02
  Point 17: [0.03804868 0.29549348], Residual: 1.406e-02
  Point 18: [0.01466316 0.27844155], Residual: 1.401e-02
  Point 19: [0.05388963 0.3028152 ], Residual: 1.332e-02
  Point 20: [0.05266535 0.32910228], Residual: 1.317e-02
  Point 21: [0.0606032 0.3130926], Residual: 1.309e-02
  Point 22: [0.03385806 0.3443693 ], Residual: 1.309e-02
  Point 23: [0.04511762 0.28994644], Residual: 1.305e-02
  Point 24: [0.0126071  0.27067387], Residual: 1.296e-02
  Point 25: [0.0649271  0.31261814], Residual: 1.279e-02
  Point 26: [0.03067088 0.27833366], Residual: 1.277e-02
  Point 27: [0.05751497 0.2971797 ], Residual: 1.276e-02
  Point 28: [0.00921893 0.5157367 ], Residual: 1.267e-02
  Point 29: [0.06092983 0.3320303 ], Residual: 1.236e-02
  Point 30: [0.01342201 0.26747656], Residual: 1.236e-02
  Point 31: [0.04975373 0.28452015], Residual: 1.219e-02
  Point 32: [0.01566958 0.3592658 ], Residual: 1.216e-02
  Point 33: [0.05407858 0.34163952], Residual: 1.190e-02
  Point 34: [0.07855809 0.31013262], Residual: 1.188e-02
  Point 35: [0.05989295 0.34074044], Residual: 1.160e-02
  Point 36: [ 0.24412489 -0.54857457], Residual: 1.154e-02
  Point 37: [ 0.23079616 -0.54557467], Residual: 1.150e-02
  Point 38: [ 0.251597  -0.5459305], Residual: 1.149e-02
  Point 39: [0.02779931 0.35753882], Residual: 1.147e-02
  Point 40: [ 0.21704018 -0.5420954 ], Residual: 1.143e-02
  Point 41: [0.02512223 0.5227376 ], Residual: 1.142e-02
  Point 42: [0.08519721 0.31921923], Residual: 1.142e-02
  Point 43: [ 0.21548718 -0.54249775], Residual: 1.141e-02
  Point 44: [ 0.22748554 -0.5398562 ], Residual: 1.139e-02
  Point 45: [ 0.22648513 -0.538028  ], Residual: 1.130e-02
  Point 46: [ 0.24102479 -0.54046535], Residual: 1.129e-02
  Point 47: [ 0.2698233 -0.5467125], Residual: 1.128e-02
  Point 48: [ 0.20882404 -0.53422356], Residual: 1.120e-02
  Point 49: [ 0.23443496 -0.537894  ], Residual: 1.118e-02
  Point 50: [ 0.2820031 -0.5485159], Residual: 1.117e-02
  Point 51: [0.03243029 0.5232241 ], Residual: 1.116e-02
  Point 52: [0.06763655 0.28537464], Residual: 1.116e-02
  Point 53: [ 0.22629607 -0.53580534], Residual: 1.112e-02
  Point 54: [ 0.3378833  -0.56546247], Residual: 1.108e-02
  Point 55: [0.05983829 0.34553945], Residual: 1.101e-02
  Point 56: [0.02247822 0.52558553], Residual: 1.096e-02
  Point 57: [ 0.3491643 -0.5673084], Residual: 1.095e-02
  Point 58: [0.05788577 0.27800345], Residual: 1.095e-02
  Point 59: [ 0.34249926 -0.56344664], Residual: 1.090e-02
  Point 60: [ 0.2827593  -0.54592216], Residual: 1.088e-02
  Point 61: [0.04142475 0.52303433], Residual: 1.086e-02
  Point 62: [0.00255209 0.50080085], Residual: 1.085e-02
  Point 63: [ 0.23394048 -0.5346402 ], Residual: 1.084e-02
  Point 64: [ 0.35343397 -0.57610965], Residual: 1.078e-02
  Point 65: [ 0.2032165 -0.5283886], Residual: 1.076e-02
  Point 66: [ 0.30131817 -0.54869103], Residual: 1.063e-02
  Point 67: [ 0.19662178 -0.5258217 ], Residual: 1.059e-02
  Point 68: [ 0.1905126  -0.52461183], Residual: 1.055e-02
  Point 69: [ 0.32985616 -0.55566955], Residual: 1.054e-02
  Point 70: [ 0.30460125 -0.5727682 ], Residual: 1.052e-02
  Point 71: [ 0.2134614  -0.55382824], Residual: 1.049e-02
  Point 72: [0.03517747 0.5274557 ], Residual: 1.049e-02
  Point 73: [ 0.31739575 -0.5750793 ], Residual: 1.048e-02
  Point 74: [ 0.32927448 -0.5547285 ], Residual: 1.045e-02
  Point 75: [ 0.16960526 -0.5402298 ], Residual: 1.041e-02
  Point 76: [0.01412421 0.25663126], Residual: 1.036e-02
  Point 77: [0.10585099 0.31215692], Residual: 1.035e-02
  Point 78: [0.051826  0.5211848], Residual: 1.033e-02
  Point 79: [ 0.22379524 -0.52882767], Residual: 1.032e-02
  Point 80: [ 0.40368235 -0.5826957 ], Residual: 1.026e-02
  Point 81: [ 0.4009158  -0.57716393], Residual: 1.026e-02
  Point 82: [0.10436571 0.32235575], Residual: 1.026e-02
  Point 83: [0.09335297 0.29135835], Residual: 1.024e-02
  Point 84: [ 0.23565626 -0.5612465 ], Residual: 1.021e-02
  Point 85: [ 0.15316886 -0.51764953], Residual: 1.021e-02
  Point 86: [ 0.29607594 -0.54447246], Residual: 1.020e-02
  Point 87: [ 0.1362471 -0.5215986], Residual: 1.018e-02
  Point 88: [ 0.38323772 -0.5851191 ], Residual: 1.016e-02
  Point 89: [ 0.15696609 -0.53777266], Residual: 1.013e-02
  Point 90: [0.00864971 0.37269902], Residual: 1.013e-02
  Point 91: [0.11073995 0.31471562], Residual: 1.009e-02
  Point 92: [ 0.2170803 -0.5260118], Residual: 1.008e-02
  Point 93: [0.0948934  0.33430505], Residual: 1.008e-02
  Point 94: [0.10663289 0.32416177], Residual: 1.007e-02
  Point 95: [0.02639431 0.5075679 ], Residual: 1.007e-02
  Point 96: [ 0.28798294 -0.5416403 ], Residual: 1.005e-02
  Point 97: [ 0.42168826 -0.5842854 ], Residual: 1.000e-02
  Point 98: [ 0.2176699 -0.5255941], Residual: 9.989e-03
  Point 99: [ 0.36496657 -0.56121826], Residual: 9.961e-03
  Point 100: [ 0.42527872 -0.58569777], Residual: 9.947e-03
Total adaptive points: 200

Iteration: 4100, loss_r = 1.8e-05 ,  loss_bc = 5.1e-05,  loss_ic = 1.3e-05,  lr = 1.0e-03, time_taken = 1.1e-02, rel_l2_error = 1.6e-02
Model state saved to ./checkpoints/burgers_exact\2026-03-07_19-53-57-348201\model.pth
Iteration: 4200, loss_r = 1.1e-05 ,  loss_bc = 1.4e-05,  loss_ic = 4.8e-06,  lr = 1.0e-03, time_taken = 9.0e-03, rel_l2_error = 1.5e-02
Model state saved to ./checkpoints/burgers_exact\2026-03-07_19-53-57-348201\model.pth
Iteration: 4300, loss_r = 1.2e-05 ,  loss_bc = 1.6e-06,  loss_ic = 5.6e-06,  lr = 1.0e-03, time_taken = 1.6e-02, rel_l2_error = 1.2e-02
Model state saved to ./checkpoints/burgers_exact\2026-03-07_19-53-57-348201\model.pth
Iteration: 4400, loss_r = 4.6e-06 ,  loss_bc = 3.8e-06,  loss_ic = 6.7e-06,  lr = 1.0e-03, time_taken = 1.7e-02, rel_l2_error = 1.2e-02
Model state saved to ./checkpoints/burgers_exact\2026-03-07_19-53-57-348201\model.pth
Iteration: 4500, loss_r = 7.9e-06 ,  loss_bc = 5.7e-06,  loss_ic = 9.4e-06,  lr = 1.0e-03, time_taken = 1.8e-02, rel_l2_error = 1.2e-02
Model state saved to ./checkpoints/burgers_exact\2026-03-07_19-53-57-348201\model.pth
Iteration: 4600, loss_r = 6.1e-06 ,  loss_bc = 6.9e-06,  loss_ic = 4.9e-06,  lr = 1.0e-03, time_taken = 1.8e-02, rel_l2_error = 1.0e-02
Model state saved to ./checkpoints/burgers_exact\2026-03-07_19-53-57-348201\model.pth
Iteration: 4700, loss_r = 4.8e-06 ,  loss_bc = 8.0e-07,  loss_ic = 4.6e-06,  lr = 1.0e-03, time_taken = 1.4e-02, rel_l2_error = 1.1e-02
Model state saved to ./checkpoints/burgers_exact\2026-03-07_19-53-57-348201\model.pth
Iteration: 4800, loss_r = 1.0e-05 ,  loss_bc = 5.9e-06,  loss_ic = 7.4e-06,  lr = 1.0e-03, time_taken = 1.6e-02, rel_l2_error = 1.4e-02
Model state saved to ./checkpoints/burgers_exact\2026-03-07_19-53-57-348201\model.pth
Iteration: 4900, loss_r = 6.1e-06 ,  loss_bc = 5.9e-06,  loss_ic = 1.2e-05,  lr = 1.0e-03, time_taken = 1.8e-02, rel_l2_error = 1.2e-02
Model state saved to ./checkpoints/burgers_exact\2026-03-07_19-53-57-348201\model.pth
Iteration: 5000, loss_r = 2.0e-05 ,  loss_bc = 3.3e-05,  loss_ic = 2.2e-05,  lr = 1.0e-03, time_taken = 1.3e-02, rel_l2_error = 2.1e-02
Model state saved to ./checkpoints/burgers_exact\2026-03-07_19-53-57-348201\model.pth
Iteration: 5100, loss_r = 4.2e-06 ,  loss_bc = 1.1e-06,  loss_ic = 3.2e-06,  lr = 1.0e-03, time_taken = 1.6e-02, rel_l2_error = 1.3e-02
Model state saved to ./checkpoints/burgers_exact\2026-03-07_19-53-57-348201\model.pth
Iteration: 5200, loss_r = 3.3e-06 ,  loss_bc = 1.7e-06,  loss_ic = 3.5e-06,  lr = 1.0e-03, time_taken = 1.6e-02, rel_l2_error = 9.6e-03
Model state saved to ./checkpoints/burgers_exact\2026-03-07_19-53-57-348201\model.pth
Iteration: 5300, loss_r = 3.7e-06 ,  loss_bc = 4.8e-06,  loss_ic = 3.6e-06,  lr = 1.0e-03, time_taken = 1.5e-02, rel_l2_error = 1.7e-02
Model state saved to ./checkpoints/burgers_exact\2026-03-07_19-53-57-348201\model.pth
Iteration: 5400, loss_r = 3.7e-06 ,  loss_bc = 1.5e-06,  loss_ic = 2.9e-06,  lr = 1.0e-03, time_taken = 1.3e-02, rel_l2_error = 8.6e-03
Model state saved to ./checkpoints/burgers_exact\2026-03-07_19-53-57-348201\model.pth
Iteration: 5500, loss_r = 5.9e-06 ,  loss_bc = 5.7e-07,  loss_ic = 3.2e-06,  lr = 1.0e-03, time_taken = 1.2e-02, rel_l2_error = 1.1e-02
Model state saved to ./checkpoints/burgers_exact\2026-03-07_19-53-57-348201\model.pth
Iteration: 5600, loss_r = 1.8e-05 ,  loss_bc = 2.5e-05,  loss_ic = 5.4e-06,  lr = 1.0e-03, time_taken = 1.0e-02, rel_l2_error = 1.4e-02
Model state saved to ./checkpoints/burgers_exact\2026-03-07_19-53-57-348201\model.pth
Iteration: 5700, loss_r = 1.0e-05 ,  loss_bc = 1.3e-05,  loss_ic = 4.1e-06,  lr = 1.0e-03, time_taken = 1.0e-02, rel_l2_error = 2.0e-02
Model state saved to ./checkpoints/burgers_exact\2026-03-07_19-53-57-348201\model.pth
Iteration: 5800, loss_r = 3.5e-06 ,  loss_bc = 2.2e-07,  loss_ic = 2.9e-06,  lr = 1.0e-03, time_taken = 9.0e-03, rel_l2_error = 7.2e-03
Model state saved to ./checkpoints/burgers_exact\2026-03-07_19-53-57-348201\model.pth
Iteration: 5900, loss_r = 1.3e-05 ,  loss_bc = 2.3e-06,  loss_ic = 8.5e-06,  lr = 1.0e-03, time_taken = 1.6e-02, rel_l2_error = 7.1e-03
Model state saved to ./checkpoints/burgers_exact\2026-03-07_19-53-57-348201\model.pth
Iteration: 6000, loss_r = 4.4e-06 ,  loss_bc = 2.4e-06,  loss_ic = 2.8e-06,  lr = 1.0e-03, time_taken = 1.7e-02, rel_l2_error = 6.9e-03
Model state saved to ./checkpoints/burgers_exact\2026-03-07_19-53-57-348201\model.pth

=== RAR Evaluation at iteration 6000 ===
Mean residual: 1.425e-03
Adding 100 new point(s) with highest residuals:
  Point 1: [0.0724051  0.58474064], Residual: 8.976e-03
  Point 2: [0.06672269 0.5913955 ], Residual: 8.957e-03
  Point 3: [0.0867213 0.5877397], Residual: 8.950e-03
  Point 4: [0.10726607 0.5960982 ], Residual: 8.942e-03
  Point 5: [0.01880533 0.5776205 ], Residual: 8.799e-03
  Point 6: [0.12056595 0.6036061 ], Residual: 8.768e-03
  Point 7: [0.076832   0.59786105], Residual: 8.702e-03
  Point 8: [0.14283836 0.60293436], Residual: 8.661e-03
  Point 9: [0.0947029 0.6022574], Residual: 8.637e-03
  Point 10: [0.14673138 0.60800064], Residual: 8.593e-03
  Point 11: [0.14101434 0.60868883], Residual: 8.581e-03
  Point 12: [0.09026778 0.60242116], Residual: 8.551e-03
  Point 13: [0.00528449 0.5690993 ], Residual: 8.523e-03
  Point 14: [0.16035151 0.60793567], Residual: 8.484e-03
  Point 15: [0.11222374 0.5870408 ], Residual: 8.399e-03
  Point 16: [0.03920287 0.5707302 ], Residual: 8.351e-03
  Point 17: [0.08447218 0.6034597 ], Residual: 8.331e-03
  Point 18: [0.04129809 0.59357643], Residual: 8.255e-03
  Point 19: [0.16226405 0.60139835], Residual: 8.238e-03
  Point 20: [0.08095562 0.5778661 ], Residual: 8.230e-03
  Point 21: [0.10785407 0.6093632 ], Residual: 8.197e-03
  Point 22: [0.13494784 0.5913594 ], Residual: 8.174e-03
  Point 23: [0.17572314 0.61732686], Residual: 8.169e-03
  Point 24: [0.02745801 0.56733775], Residual: 8.152e-03
  Point 25: [0.15929228 0.6171076 ], Residual: 8.151e-03
  Point 26: [0.155078  0.5974997], Residual: 8.145e-03
  Point 27: [0.1636616 0.6175662], Residual: 8.141e-03
  Point 28: [0.01362461 0.56542516], Residual: 8.140e-03
  Point 29: [0.02692771 0.590714  ], Residual: 8.107e-03
  Point 30: [0.12379473 0.5867288 ], Residual: 8.008e-03
  Point 31: [0.03679287 0.5675219 ], Residual: 7.973e-03
  Point 32: [0.19755709 0.621019  ], Residual: 7.934e-03
  Point 33: [0.20314169 0.6176537 ], Residual: 7.934e-03
  Point 34: [0.20269567 0.6202272 ], Residual: 7.915e-03
  Point 35: [0.20582151 0.62107015], Residual: 7.868e-03
  Point 36: [0.19211793 0.6231952 ], Residual: 7.847e-03
  Point 37: [0.21884584 0.43688285], Residual: 7.842e-03
  Point 38: [0.02070987 0.5641446 ], Residual: 7.835e-03
  Point 39: [0.21622658 0.43503678], Residual: 7.830e-03
  Point 40: [0.1206519 0.6149192], Residual: 7.828e-03
  Point 41: [0.23501796 0.43903637], Residual: 7.816e-03
  Point 42: [ 0.9965352  -0.82263994], Residual: 7.774e-03
  Point 43: [0.21087426 0.44349432], Residual: 7.735e-03
  Point 44: [0.17999774 0.62521017], Residual: 7.639e-03
  Point 45: [0.17778242 0.59970236], Residual: 7.627e-03
  Point 46: [0.18764788 0.44061577], Residual: 7.614e-03
  Point 47: [0.19584078 0.62687206], Residual: 7.606e-03
  Point 48: [0.23008329 0.42922282], Residual: 7.606e-03
  Point 49: [0.2733246  0.45151007], Residual: 7.597e-03
  Point 50: [0.21648616 0.44881773], Residual: 7.551e-03
  Point 51: [0.02311295 0.47781098], Residual: 7.547e-03
  Point 52: [0.27642334 0.44103587], Residual: 7.522e-03
  Point 53: [0.26079547 0.43472004], Residual: 7.511e-03
  Point 54: [0.12346137 0.5830027 ], Residual: 7.498e-03
  Point 55: [0.06289798 0.56937766], Residual: 7.498e-03
  Point 56: [ 0.9815544  -0.82230484], Residual: 7.488e-03
  Point 57: [0.2805305  0.44154954], Residual: 7.487e-03
  Point 58: [0.21879065 0.6137465 ], Residual: 7.484e-03
  Point 59: [0.11352259 0.58041966], Residual: 7.482e-03
  Point 60: [0.04781675 0.60121167], Residual: 7.466e-03
  Point 61: [0.13404936 0.5852709 ], Residual: 7.425e-03
  Point 62: [0.11589217 0.58058894], Residual: 7.415e-03
  Point 63: [0.24278015 0.42755902], Residual: 7.409e-03
  Point 64: [0.15612018 0.43368793], Residual: 7.396e-03
  Point 65: [0.17135197 0.41882515], Residual: 7.392e-03
  Point 66: [ 0.98422635 -0.7980881 ], Residual: 7.359e-03
  Point 67: [ 0.975393   -0.82492256], Residual: 7.350e-03
  Point 68: [0.1822294  0.44416237], Residual: 7.338e-03
  Point 69: [0.15458107 0.41842437], Residual: 7.321e-03
  Point 70: [0.2919525  0.44061124], Residual: 7.312e-03
  Point 71: [0.2173202 0.6318582], Residual: 7.305e-03
  Point 72: [0.2553665  0.42848635], Residual: 7.304e-03
  Point 73: [0.2765872  0.46004236], Residual: 7.303e-03
  Point 74: [0.30624747 0.44796765], Residual: 7.294e-03
  Point 75: [0.105524  0.6161964], Residual: 7.251e-03
  Point 76: [0.21585333 0.4196781 ], Residual: 7.247e-03
  Point 77: [0.24110276 0.6323124 ], Residual: 7.238e-03
  Point 78: [0.24886608 0.4587978 ], Residual: 7.227e-03
  Point 79: [ 0.9687287 -0.8248379], Residual: 7.224e-03
  Point 80: [0.31800288 0.45125818], Residual: 7.185e-03
  Point 81: [0.03002596 0.48169184], Residual: 7.160e-03
  Point 82: [0.31987846 0.45099342], Residual: 7.156e-03
  Point 83: [0.31667763 0.46081555], Residual: 7.151e-03
  Point 84: [ 0.9665006 -0.8045715], Residual: 7.148e-03
  Point 85: [0.20680588 0.60505235], Residual: 7.148e-03
  Point 86: [0.24952376 0.6333511 ], Residual: 7.139e-03
  Point 87: [0.1653074  0.44211924], Residual: 7.122e-03
  Point 88: [0.32315427 0.45982122], Residual: 7.115e-03
  Point 89: [0.3216564 0.4606614], Residual: 7.114e-03
  Point 90: [0.22329515 0.4561658 ], Residual: 7.113e-03
  Point 91: [0.128555   0.42161155], Residual: 7.093e-03
  Point 92: [0.2418645  0.61809754], Residual: 7.091e-03
  Point 93: [0.29494542 0.46453023], Residual: 7.085e-03
  Point 94: [0.25608146 0.62580585], Residual: 7.074e-03
  Point 95: [0.2308045 0.4581151], Residual: 7.058e-03
  Point 96: [ 0.9636513  -0.83035505], Residual: 7.053e-03
  Point 97: [0.2602384  0.62903714], Residual: 7.052e-03
  Point 98: [0.00298041 0.55722237], Residual: 7.048e-03
  Point 99: [0.28666317 0.46519625], Residual: 7.026e-03
  Point 100: [0.33145773 0.45306015], Residual: 7.019e-03
Total adaptive points: 300

Iteration: 6100, loss_r = 7.7e-06 ,  loss_bc = 6.2e-06,  loss_ic = 4.7e-06,  lr = 1.0e-03, time_taken = 1.3e-02, rel_l2_error = 9.0e-03
Model state saved to ./checkpoints/burgers_exact\2026-03-07_19-53-57-348201\model.pth
Iteration: 6200, loss_r = 8.7e-06 ,  loss_bc = 1.9e-07,  loss_ic = 2.2e-06,  lr = 1.0e-03, time_taken = 1.8e-02, rel_l2_error = 6.5e-03
Model state saved to ./checkpoints/burgers_exact\2026-03-07_19-53-57-348201\model.pth
Iteration: 6300, loss_r = 1.5e-05 ,  loss_bc = 2.1e-05,  loss_ic = 5.8e-06,  lr = 1.0e-03, time_taken = 1.1e-02, rel_l2_error = 2.5e-02
Model state saved to ./checkpoints/burgers_exact\2026-03-07_19-53-57-348201\model.pth
Iteration: 6400, loss_r = 6.9e-06 ,  loss_bc = 4.5e-06,  loss_ic = 3.3e-06,  lr = 1.0e-03, time_taken = 1.0e-02, rel_l2_error = 9.5e-03
Model state saved to ./checkpoints/burgers_exact\2026-03-07_19-53-57-348201\model.pth
Iteration: 6500, loss_r = 4.8e-06 ,  loss_bc = 9.8e-08,  loss_ic = 2.7e-06,  lr = 1.0e-03, time_taken = 2.0e-02, rel_l2_error = 1.8e-02
Model state saved to ./checkpoints/burgers_exact\2026-03-07_19-53-57-348201\model.pth
Iteration: 6600, loss_r = 7.0e-06 ,  loss_bc = 2.3e-06,  loss_ic = 5.2e-06,  lr = 1.0e-03, time_taken = 1.0e-02, rel_l2_error = 1.8e-02
Model state saved to ./checkpoints/burgers_exact\2026-03-07_19-53-57-348201\model.pth
Iteration: 6700, loss_r = 1.8e-05 ,  loss_bc = 1.7e-05,  loss_ic = 1.1e-05,  lr = 1.0e-03, time_taken = 1.9e-02, rel_l2_error = 2.0e-02
Model state saved to ./checkpoints/burgers_exact\2026-03-07_19-53-57-348201\model.pth
Iteration: 6800, loss_r = 1.7e-05 ,  loss_bc = 6.9e-06,  loss_ic = 4.9e-06,  lr = 1.0e-03, time_taken = 1.7e-02, rel_l2_error = 3.7e-02
Model state saved to ./checkpoints/burgers_exact\2026-03-07_19-53-57-348201\model.pth
Iteration: 6900, loss_r = 1.2e-05 ,  loss_bc = 1.7e-06,  loss_ic = 2.7e-06,  lr = 1.0e-03, time_taken = 9.0e-03, rel_l2_error = 1.2e-02
Model state saved to ./checkpoints/burgers_exact\2026-03-07_19-53-57-348201\model.pth
Iteration: 7000, loss_r = 6.5e-06 ,  loss_bc = 1.4e-06,  loss_ic = 2.3e-06,  lr = 9.0e-04, time_taken = 1.1e-02, rel_l2_error = 1.3e-02
Model state saved to ./checkpoints/burgers_exact\2026-03-07_19-53-57-348201\model.pth
Iteration: 7100, loss_r = 3.4e-06 ,  loss_bc = 5.1e-08,  loss_ic = 1.9e-06,  lr = 9.0e-04, time_taken = 1.7e-02, rel_l2_error = 7.6e-03
Model state saved to ./checkpoints/burgers_exact\2026-03-07_19-53-57-348201\model.pth
Iteration: 7200, loss_r = 6.1e-06 ,  loss_bc = 5.2e-06,  loss_ic = 2.5e-06,  lr = 9.0e-04, time_taken = 1.8e-02, rel_l2_error = 1.1e-02
Model state saved to ./checkpoints/burgers_exact\2026-03-07_19-53-57-348201\model.pth
Iteration: 7300, loss_r = 6.2e-06 ,  loss_bc = 4.0e-06,  loss_ic = 4.5e-06,  lr = 9.0e-04, time_taken = 1.8e-02, rel_l2_error = 8.8e-03
Model state saved to ./checkpoints/burgers_exact\2026-03-07_19-53-57-348201\model.pth
Iteration: 7400, loss_r = 4.6e-06 ,  loss_bc = 1.5e-07,  loss_ic = 3.5e-06,  lr = 9.0e-04, time_taken = 1.8e-02, rel_l2_error = 6.7e-03
Model state saved to ./checkpoints/burgers_exact\2026-03-07_19-53-57-348201\model.pth
Iteration: 7500, loss_r = 2.5e-06 ,  loss_bc = 1.6e-06,  loss_ic = 3.1e-06,  lr = 9.0e-04, time_taken = 1.4e-02, rel_l2_error = 7.8e-03
Model state saved to ./checkpoints/burgers_exact\2026-03-07_19-53-57-348201\model.pth
Iteration: 7600, loss_r = 6.2e-06 ,  loss_bc = 6.4e-06,  loss_ic = 2.0e-06,  lr = 9.0e-04, time_taken = 1.5e-02, rel_l2_error = 7.0e-03
Model state saved to ./checkpoints/burgers_exact\2026-03-07_19-53-57-348201\model.pth
Iteration: 7700, loss_r = 1.4e-05 ,  loss_bc = 5.2e-06,  loss_ic = 1.6e-05,  lr = 9.0e-04, time_taken = 1.7e-02, rel_l2_error = 1.7e-02
Model state saved to ./checkpoints/burgers_exact\2026-03-07_19-53-57-348201\model.pth
Iteration: 7800, loss_r = 2.6e-06 ,  loss_bc = 6.5e-07,  loss_ic = 4.6e-06,  lr = 9.0e-04, time_taken = 1.8e-02, rel_l2_error = 9.4e-03
Model state saved to ./checkpoints/burgers_exact\2026-03-07_19-53-57-348201\model.pth
Iteration: 7900, loss_r = 5.9e-06 ,  loss_bc = 1.3e-05,  loss_ic = 5.3e-06,  lr = 9.0e-04, time_taken = 1.5e-02, rel_l2_error = 2.6e-02
Model state saved to ./checkpoints/burgers_exact\2026-03-07_19-53-57-348201\model.pth
Iteration: 8000, loss_r = 9.6e-06 ,  loss_bc = 7.1e-06,  loss_ic = 9.0e-06,  lr = 9.0e-04, time_taken = 1.9e-02, rel_l2_error = 7.4e-03
Model state saved to ./checkpoints/burgers_exact\2026-03-07_19-53-57-348201\model.pth

=== RAR Evaluation at iteration 8000 ===
Mean residual: 1.353e-03
Adding 100 new point(s) with highest residuals:
  Point 1: [0.00318331 0.46072733], Residual: 7.435e-03
  Point 2: [0.00664151 0.45447385], Residual: 6.974e-03
  Point 3: [0.00666827 0.47130442], Residual: 6.955e-03
  Point 4: [0.02593023 0.46150386], Residual: 6.807e-03
  Point 5: [0.03892136 0.46815324], Residual: 6.781e-03
  Point 6: [0.01679122 0.45596838], Residual: 6.689e-03
  Point 7: [0.03327566 0.4603479 ], Residual: 6.419e-03
  Point 8: [0.03129208 0.45854962], Residual: 6.322e-03
  Point 9: [0.01309973 0.4507972 ], Residual: 6.293e-03
  Point 10: [0.00151223 0.5255492 ], Residual: 6.144e-03
  Point 11: [0.07923019 0.48361385], Residual: 6.128e-03
  Point 12: [ 0.34621698 -0.64076746], Residual: 6.102e-03
  Point 13: [ 0.33282703 -0.6411344 ], Residual: 6.091e-03
  Point 14: [ 0.3420667 -0.6377752], Residual: 6.081e-03
  Point 15: [ 0.33556414 -0.63593996], Residual: 6.072e-03
  Point 16: [ 0.31896615 -0.6390499 ], Residual: 6.064e-03
  Point 17: [ 0.37257093 -0.65248275], Residual: 6.041e-03
  Point 18: [ 0.32686496 -0.6428031 ], Residual: 6.040e-03
  Point 19: [ 0.3974259 -0.6538137], Residual: 6.032e-03
  Point 20: [ 0.30254704 -0.6359205 ], Residual: 6.023e-03
  Point 21: [ 0.3738734  -0.64212763], Residual: 6.007e-03
  Point 22: [ 0.2976393  -0.63514197], Residual: 6.006e-03
  Point 23: [ 0.3369071  -0.63268065], Residual: 5.986e-03
  Point 24: [ 0.32838154 -0.63007724], Residual: 5.955e-03
  Point 25: [ 0.38976902 -0.6589745 ], Residual: 5.944e-03
  Point 26: [0.06202579 0.46770692], Residual: 5.942e-03
  Point 27: [ 0.42365724 -0.6615977 ], Residual: 5.927e-03
  Point 28: [ 0.42802852 -0.6619078 ], Residual: 5.914e-03
  Point 29: [ 0.30824012 -0.625064  ], Residual: 5.903e-03
  Point 30: [ 0.2850321  -0.62155676], Residual: 5.900e-03
  Point 31: [ 0.43767667 -0.6620587 ], Residual: 5.876e-03
  Point 32: [ 0.25515252 -0.6235753 ], Residual: 5.869e-03
  Point 33: [ 0.43743366 -0.66563594], Residual: 5.852e-03
  Point 34: [ 0.24864757 -0.62133396], Residual: 5.842e-03
  Point 35: [ 0.32232785 -0.64787495], Residual: 5.834e-03
  Point 36: [ 0.34482718 -0.65342164], Residual: 5.829e-03
  Point 37: [ 0.37030882 -0.6361774 ], Residual: 5.818e-03
  Point 38: [ 0.2675013  -0.63187516], Residual: 5.812e-03
  Point 39: [0.0641349  0.46723008], Residual: 5.809e-03
  Point 40: [0.09097958 0.4800341 ], Residual: 5.806e-03
  Point 41: [ 0.25535232 -0.6290283 ], Residual: 5.758e-03
  Point 42: [0.09922487 0.4887222 ], Residual: 5.737e-03
  Point 43: [ 0.4151256 -0.6462414], Residual: 5.731e-03
  Point 44: [ 0.46061218 -0.66358423], Residual: 5.730e-03
  Point 45: [0.04514486 0.48629296], Residual: 5.723e-03
  Point 46: [ 0.35894132 -0.63167286], Residual: 5.719e-03
  Point 47: [ 0.29648685 -0.6190742 ], Residual: 5.718e-03
  Point 48: [ 0.22571546 -0.6136874 ], Residual: 5.713e-03
  Point 49: [ 0.22708625 -0.61780643], Residual: 5.704e-03
  Point 50: [0.10221231 0.48653138], Residual: 5.699e-03
  Point 51: [0.01093006 0.5261061 ], Residual: 5.680e-03
  Point 52: [ 0.303061   -0.61942077], Residual: 5.670e-03
  Point 53: [ 0.4587142  -0.65931165], Residual: 5.663e-03
  Point 54: [ 0.22983104 -0.62165415], Residual: 5.659e-03
  Point 55: [ 0.24104536 -0.6274109 ], Residual: 5.626e-03
  Point 56: [ 0.3325928 -0.654564 ], Residual: 5.625e-03
  Point 57: [ 0.22533488 -0.6211444 ], Residual: 5.617e-03
  Point 58: [ 0.44548154 -0.67477417], Residual: 5.616e-03
  Point 59: [ 0.44819802 -0.6533818 ], Residual: 5.592e-03
  Point 60: [0.10792804 0.48751032], Residual: 5.584e-03
  Point 61: [ 0.4659657  -0.65950906], Residual: 5.580e-03
  Point 62: [0.08079475 0.49197912], Residual: 5.580e-03
  Point 63: [ 0.43783838 -0.6497781 ], Residual: 5.579e-03
  Point 64: [ 0.25791252 -0.6345551 ], Residual: 5.574e-03
  Point 65: [ 0.20334363 -0.6111102 ], Residual: 5.555e-03
  Point 66: [ 0.38507307 -0.66723084], Residual: 5.547e-03
  Point 67: [ 0.4450572  -0.67655015], Residual: 5.542e-03
  Point 68: [ 0.21991962 -0.6218153 ], Residual: 5.523e-03
  Point 69: [ 0.27325898 -0.6405858 ], Residual: 5.510e-03
  Point 70: [ 0.49793476 -0.6757088 ], Residual: 5.491e-03
  Point 71: [ 0.225671  -0.6043464], Residual: 5.479e-03
  Point 72: [ 0.3131534  -0.65245616], Residual: 5.461e-03
  Point 73: [ 0.5008551  -0.67891574], Residual: 5.450e-03
  Point 74: [ 0.24542224 -0.6331544 ], Residual: 5.438e-03
  Point 75: [ 0.20716625 -0.60183764], Residual: 5.437e-03
  Point 76: [ 0.50095737 -0.67073846], Residual: 5.429e-03
  Point 77: [ 0.20131648 -0.6008636 ], Residual: 5.412e-03
  Point 78: [ 0.44558114 -0.6488954 ], Residual: 5.411e-03
  Point 79: [0.0903306  0.49447525], Residual: 5.383e-03
  Point 80: [ 0.41722387 -0.67583084], Residual: 5.379e-03
  Point 81: [ 0.49783665 -0.66641235], Residual: 5.368e-03
  Point 82: [ 0.24636406 -0.6051451 ], Residual: 5.367e-03
  Point 83: [ 0.32398063 -0.6567433 ], Residual: 5.360e-03
  Point 84: [ 0.4956165 -0.6846235], Residual: 5.339e-03
  Point 85: [ 0.25449258 -0.6378542 ], Residual: 5.338e-03
  Point 86: [ 0.20243865 -0.59902036], Residual: 5.335e-03
  Point 87: [ 0.20345205 -0.5986916 ], Residual: 5.316e-03
  Point 88: [ 0.48141158 -0.6584445 ], Residual: 5.313e-03
  Point 89: [ 0.50789344 -0.6851021 ], Residual: 5.307e-03
  Point 90: [ 0.4190969 -0.6399331], Residual: 5.303e-03
  Point 91: [ 0.5214238  -0.68302524], Residual: 5.282e-03
  Point 92: [0.12273318 0.49361455], Residual: 5.279e-03
  Point 93: [ 0.24466562 -0.6364529 ], Residual: 5.236e-03
  Point 94: [ 0.34342116 -0.62156594], Residual: 5.234e-03
  Point 95: [ 0.16375077 -0.59466875], Residual: 5.200e-03
  Point 96: [ 0.5288057  -0.68632495], Residual: 5.195e-03
  Point 97: [ 0.51994056 -0.6710905 ], Residual: 5.192e-03
  Point 98: [ 0.5175338 -0.6692318], Residual: 5.172e-03
  Point 99: [ 0.15925199 -0.6028    ], Residual: 5.171e-03
  Point 100: [ 0.5129116  -0.66698813], Residual: 5.165e-03
Total adaptive points: 400

Iteration: 8100, loss_r = 3.4e-06 ,  loss_bc = 1.2e-06,  loss_ic = 5.0e-06,  lr = 9.0e-04, time_taken = 1.4e-02, rel_l2_error = 1.1e-02
Model state saved to ./checkpoints/burgers_exact\2026-03-07_19-53-57-348201\model.pth
Iteration: 8200, loss_r = 1.4e-05 ,  loss_bc = 9.9e-06,  loss_ic = 4.3e-06,  lr = 9.0e-04, time_taken = 1.9e-02, rel_l2_error = 1.7e-02
Model state saved to ./checkpoints/burgers_exact\2026-03-07_19-53-57-348201\model.pth
Iteration: 8300, loss_r = 2.0e-06 ,  loss_bc = 4.4e-07,  loss_ic = 1.1e-06,  lr = 9.0e-04, time_taken = 2.0e-02, rel_l2_error = 6.2e-03
Model state saved to ./checkpoints/burgers_exact\2026-03-07_19-53-57-348201\model.pth
Iteration: 8400, loss_r = 3.0e-06 ,  loss_bc = 1.8e-06,  loss_ic = 4.7e-06,  lr = 9.0e-04, time_taken = 1.7e-02, rel_l2_error = 7.4e-03
Model state saved to ./checkpoints/burgers_exact\2026-03-07_19-53-57-348201\model.pth
Iteration: 8500, loss_r = 2.6e-06 ,  loss_bc = 2.2e-07,  loss_ic = 3.4e-06,  lr = 9.0e-04, time_taken = 1.4e-02, rel_l2_error = 1.8e-02
Model state saved to ./checkpoints/burgers_exact\2026-03-07_19-53-57-348201\model.pth
Iteration: 8600, loss_r = 2.2e-06 ,  loss_bc = 6.4e-07,  loss_ic = 1.5e-06,  lr = 9.0e-04, time_taken = 2.4e-02, rel_l2_error = 8.0e-03
Model state saved to ./checkpoints/burgers_exact\2026-03-07_19-53-57-348201\model.pth
Iteration: 8700, loss_r = 1.0e-05 ,  loss_bc = 1.9e-05,  loss_ic = 8.3e-06,  lr = 9.0e-04, time_taken = 2.0e-02, rel_l2_error = 1.7e-02
Model state saved to ./checkpoints/burgers_exact\2026-03-07_19-53-57-348201\model.pth
Iteration: 8800, loss_r = 3.2e-06 ,  loss_bc = 1.0e-06,  loss_ic = 3.4e-06,  lr = 9.0e-04, time_taken = 1.7e-02, rel_l2_error = 1.1e-02
Model state saved to ./checkpoints/burgers_exact\2026-03-07_19-53-57-348201\model.pth
Iteration: 8900, loss_r = 3.2e-06 ,  loss_bc = 1.5e-08,  loss_ic = 1.2e-06,  lr = 9.0e-04, time_taken = 1.7e-02, rel_l2_error = 1.1e-02
Model state saved to ./checkpoints/burgers_exact\2026-03-07_19-53-57-348201\model.pth
Iteration: 9000, loss_r = 7.4e-06 ,  loss_bc = 2.7e-06,  loss_ic = 5.4e-06,  lr = 9.0e-04, time_taken = 2.5e-02, rel_l2_error = 8.0e-03
Model state saved to ./checkpoints/burgers_exact\2026-03-07_19-53-57-348201\model.pth
Iteration: 9100, loss_r = 1.9e-06 ,  loss_bc = 1.4e-07,  loss_ic = 1.7e-06,  lr = 9.0e-04, time_taken = 1.6e-02, rel_l2_error = 7.6e-03
Model state saved to ./checkpoints/burgers_exact\2026-03-07_19-53-57-348201\model.pth
Iteration: 9200, loss_r = 1.9e-06 ,  loss_bc = 7.6e-07,  loss_ic = 2.0e-06,  lr = 9.0e-04, time_taken = 4.7e-02, rel_l2_error = 6.8e-03
Model state saved to ./checkpoints/burgers_exact\2026-03-07_19-53-57-348201\model.pth
Iteration: 9300, loss_r = 2.0e-06 ,  loss_bc = 1.2e-06,  loss_ic = 3.0e-06,  lr = 9.0e-04, time_taken = 2.3e-02, rel_l2_error = 5.5e-03
Model state saved to ./checkpoints/burgers_exact\2026-03-07_19-53-57-348201\model.pth
Iteration: 9400, loss_r = 1.2e-05 ,  loss_bc = 3.9e-06,  loss_ic = 1.1e-05,  lr = 9.0e-04, time_taken = 2.1e-02, rel_l2_error = 1.2e-02
Model state saved to ./checkpoints/burgers_exact\2026-03-07_19-53-57-348201\model.pth
Iteration: 9500, loss_r = 7.0e-06 ,  loss_bc = 5.6e-06,  loss_ic = 4.1e-06,  lr = 9.0e-04, time_taken = 2.3e-02, rel_l2_error = 1.5e-02
Model state saved to ./checkpoints/burgers_exact\2026-03-07_19-53-57-348201\model.pth
Iteration: 9600, loss_r = 5.3e-06 ,  loss_bc = 2.0e-07,  loss_ic = 2.3e-06,  lr = 9.0e-04, time_taken = 2.4e-02, rel_l2_error = 7.8e-03
Model state saved to ./checkpoints/burgers_exact\2026-03-07_19-53-57-348201\model.pth
Iteration: 9700, loss_r = 6.9e-06 ,  loss_bc = 1.3e-05,  loss_ic = 1.5e-05,  lr = 9.0e-04, time_taken = 2.3e-02, rel_l2_error = 2.1e-02
Model state saved to ./checkpoints/burgers_exact\2026-03-07_19-53-57-348201\model.pth
Iteration: 9800, loss_r = 3.6e-06 ,  loss_bc = 9.5e-07,  loss_ic = 2.1e-06,  lr = 9.0e-04, time_taken = 2.4e-02, rel_l2_error = 1.2e-02
Model state saved to ./checkpoints/burgers_exact\2026-03-07_19-53-57-348201\model.pth
Iteration: 9900, loss_r = 1.3e-05 ,  loss_bc = 1.8e-05,  loss_ic = 9.4e-06,  lr = 9.0e-04, time_taken = 2.3e-02, rel_l2_error = 2.4e-02
Model state saved to ./checkpoints/burgers_exact\2026-03-07_19-53-57-348201\model.pth

=== Switching to LBFGS optimizer at iteration 10000 ===
Using scipy L-BFGS-B optimizer (bburgers_hybrid_trainer.py approach)
Optimizer: L-BFGS-B (maxiter=10000, factr=1000.0, m=100, maxls=50, pgtol=1e-14)
L-BFGS Iteration: 0, Loss: 2.420762e-06
L-BFGS Iteration: 1, Loss: 1.744949e-06, Relative L2 Error: 4.850152e-03
L-BFGS: Time for 100 iterations = 4.6259 s
L-BFGS Iteration: 100, Loss: 7.993268e-07, Relative L2 Error: 2.778368e-03
L-BFGS Iteration: 200, Loss: 4.512582e-07, Relative L2 Error: 1.538839e-03
L-BFGS Iteration: 300, Loss: 3.219209e-07, Relative L2 Error: 1.307361e-03
L-BFGS Iteration: 400, Loss: 1.517166e-07, Relative L2 Error: 9.325592e-04
L-BFGS Iteration: 500, Loss: 9.361014e-08, Relative L2 Error: 8.415155e-04
L-BFGS optimization finished after 534 iterations.
L-BFGS training completed after 534 iterations
Model state saved to ./checkpoints/burgers_exact\2026-03-07_19-53-57-348201\model.pth
Training completed successfully!
Evaluating on 40000 points using chunk size 500
RelL2_U%  : 7.931e-02 
Saved solution comparison heatmaps to: ./checkpoints/burgers_exact\2026-03-07_19-53-57-348201\solution_comparison_burgers_exact.png
