Random seed set to: 203
Solving 3D heat equation u_t = alpha (u_{xx}+u_{yy}+u_{zz}) on [0,1]^3 with homogeneous Dirichlet BC
Using DV Solver
The settings used:
batch_size : 64
epochs : 20000
lr : 0.001
seed : 203
print_every : 100
log_path : ./checkpoints/heat3d_exact
input_dim : 4
output_dim : 1
num_qubits : 5
hidden_dim : 20
num_quantum_layers : 1
classic_network : [4, 20, 1]
q_ansatz : cross_mesh
mode : hybrid
activation : tanh
shots : None
problem : heat3d_exact
solver : DV
device : cpu
method : None
cutoff_dim : 20
class : CVNeuralNetwork1
encoding : angle
use_rar : True
rar_eval_freq : 2000
rar_threshold : 0.0005
rar_num_candidates : 10000
rar_num_add : 100
use_hybrid_optimizer : True
adam_iterations : 10000
use_scipy_lbfgs : True
lbfgs_lr : 1
lbfgs_line_search : strong_wolfe
lbfgs_tolerance_grad : 1e-05
lbfgs_tolerance_change : 1e-07
lbfgs_maxiter : 10000
lbfgs_factr : 1000.0
lbfgs_pgtol : 1e-14
lbfgs_maxls : 50
lbfgs_m : 100
lbfgs_eval_every : 100
domainN : 500
boundaryN : 50
initialN : 50
eval_total_points : 10000
nx : 200
nt : 200
y0 : 0.5
z0 : 0.5
alpha : 0.1
Total number of parameters: 1226
The circuit used in the study:
Iteration: 0, loss_r = 1.3e-02 ,  loss_bc = 2.0e-01,  loss_ic = 3.5e-01,  lr = 1.0e-03, time_taken = 2.2e+00, rel_l2_error = 1.9e+00
Model state saved to ./checkpoints/heat3d_exact\2026-03-07_23-20-37-812844\model.pth
Iteration: 100, loss_r = 3.6e-03 ,  loss_bc = 1.5e-02,  loss_ic = 6.0e-02,  lr = 1.0e-03, time_taken = 7.9e-01, rel_l2_error = 7.9e-01
Model state saved to ./checkpoints/heat3d_exact\2026-03-07_23-20-37-812844\model.pth
Iteration: 200, loss_r = 3.9e-03 ,  loss_bc = 1.4e-02,  loss_ic = 5.4e-02,  lr = 1.0e-03, time_taken = 8.3e-01, rel_l2_error = 7.2e-01
Model state saved to ./checkpoints/heat3d_exact\2026-03-07_23-20-37-812844\model.pth
Iteration: 300, loss_r = 3.0e-03 ,  loss_bc = 1.8e-02,  loss_ic = 5.5e-02,  lr = 1.0e-03, time_taken = 9.9e-01, rel_l2_error = 6.7e-01
Model state saved to ./checkpoints/heat3d_exact\2026-03-07_23-20-37-812844\model.pth
Iteration: 400, loss_r = 5.3e-03 ,  loss_bc = 1.3e-02,  loss_ic = 4.5e-02,  lr = 1.0e-03, time_taken = 8.6e-01, rel_l2_error = 6.6e-01
Model state saved to ./checkpoints/heat3d_exact\2026-03-07_23-20-37-812844\model.pth
Iteration: 500, loss_r = 3.0e-03 ,  loss_bc = 1.5e-02,  loss_ic = 3.8e-02,  lr = 1.0e-03, time_taken = 1.0e+00, rel_l2_error = 6.8e-01
Model state saved to ./checkpoints/heat3d_exact\2026-03-07_23-20-37-812844\model.pth
Iteration: 600, loss_r = 2.6e-03 ,  loss_bc = 1.5e-02,  loss_ic = 4.4e-02,  lr = 1.0e-03, time_taken = 8.9e-01, rel_l2_error = 6.6e-01
Model state saved to ./checkpoints/heat3d_exact\2026-03-07_23-20-37-812844\model.pth
Iteration: 700, loss_r = 2.7e-03 ,  loss_bc = 7.1e-03,  loss_ic = 4.8e-02,  lr = 1.0e-03, time_taken = 9.8e-01, rel_l2_error = 6.1e-01
Model state saved to ./checkpoints/heat3d_exact\2026-03-07_23-20-37-812844\model.pth
Iteration: 800, loss_r = 1.4e-03 ,  loss_bc = 7.7e-03,  loss_ic = 3.1e-02,  lr = 1.0e-03, time_taken = 1.0e+00, rel_l2_error = 5.7e-01
Model state saved to ./checkpoints/heat3d_exact\2026-03-07_23-20-37-812844\model.pth
Iteration: 900, loss_r = 2.5e-03 ,  loss_bc = 1.1e-02,  loss_ic = 2.5e-02,  lr = 1.0e-03, time_taken = 9.5e-01, rel_l2_error = 5.6e-01
Model state saved to ./checkpoints/heat3d_exact\2026-03-07_23-20-37-812844\model.pth
Iteration: 1000, loss_r = 3.5e-03 ,  loss_bc = 8.7e-03,  loss_ic = 2.2e-02,  lr = 1.0e-03, time_taken = 9.9e-01, rel_l2_error = 5.3e-01
Model state saved to ./checkpoints/heat3d_exact\2026-03-07_23-20-37-812844\model.pth
Iteration: 1100, loss_r = 2.0e-03 ,  loss_bc = 8.0e-03,  loss_ic = 2.5e-02,  lr = 1.0e-03, time_taken = 9.8e-01, rel_l2_error = 4.9e-01
Model state saved to ./checkpoints/heat3d_exact\2026-03-07_23-20-37-812844\model.pth
Iteration: 1200, loss_r = 3.0e-03 ,  loss_bc = 4.7e-03,  loss_ic = 1.7e-02,  lr = 1.0e-03, time_taken = 9.5e-01, rel_l2_error = 4.6e-01
Model state saved to ./checkpoints/heat3d_exact\2026-03-07_23-20-37-812844\model.pth
Iteration: 1300, loss_r = 3.4e-03 ,  loss_bc = 7.6e-03,  loss_ic = 1.3e-02,  lr = 1.0e-03, time_taken = 9.9e-01, rel_l2_error = 4.1e-01
Model state saved to ./checkpoints/heat3d_exact\2026-03-07_23-20-37-812844\model.pth
Iteration: 1400, loss_r = 4.8e-03 ,  loss_bc = 6.6e-03,  loss_ic = 1.6e-02,  lr = 1.0e-03, time_taken = 1.0e+00, rel_l2_error = 3.9e-01
Model state saved to ./checkpoints/heat3d_exact\2026-03-07_23-20-37-812844\model.pth
Iteration: 1500, loss_r = 2.6e-03 ,  loss_bc = 7.1e-03,  loss_ic = 1.4e-02,  lr = 1.0e-03, time_taken = 1.0e+00, rel_l2_error = 3.7e-01
Model state saved to ./checkpoints/heat3d_exact\2026-03-07_23-20-37-812844\model.pth
Iteration: 1600, loss_r = 3.4e-03 ,  loss_bc = 6.4e-03,  loss_ic = 1.0e-02,  lr = 1.0e-03, time_taken = 9.9e-01, rel_l2_error = 3.6e-01
Model state saved to ./checkpoints/heat3d_exact\2026-03-07_23-20-37-812844\model.pth
Iteration: 1700, loss_r = 2.4e-03 ,  loss_bc = 4.6e-03,  loss_ic = 1.2e-02,  lr = 1.0e-03, time_taken = 9.9e-01, rel_l2_error = 3.4e-01
Model state saved to ./checkpoints/heat3d_exact\2026-03-07_23-20-37-812844\model.pth
Iteration: 1800, loss_r = 3.6e-03 ,  loss_bc = 6.7e-03,  loss_ic = 6.4e-03,  lr = 1.0e-03, time_taken = 9.8e-01, rel_l2_error = 3.3e-01
Model state saved to ./checkpoints/heat3d_exact\2026-03-07_23-20-37-812844\model.pth
Iteration: 1900, loss_r = 2.0e-03 ,  loss_bc = 4.6e-03,  loss_ic = 8.3e-03,  lr = 1.0e-03, time_taken = 1.0e+00, rel_l2_error = 3.1e-01
Model state saved to ./checkpoints/heat3d_exact\2026-03-07_23-20-37-812844\model.pth
Iteration: 2000, loss_r = 5.0e-03 ,  loss_bc = 5.3e-03,  loss_ic = 9.5e-03,  lr = 1.0e-03, time_taken = 9.6e-01, rel_l2_error = 3.0e-01
Model state saved to ./checkpoints/heat3d_exact\2026-03-07_23-20-37-812844\model.pth

=== RAR Evaluation at iteration 2000 ===
Mean residual: 1.831e-01
Added 100 point(s). Total adaptive points: 100

Iteration: 2100, loss_r = 3.3e-03 ,  loss_bc = 5.9e-03,  loss_ic = 8.2e-03,  lr = 1.0e-03, time_taken = 1.0e+00, rel_l2_error = 3.0e-01
Model state saved to ./checkpoints/heat3d_exact\2026-03-07_23-20-37-812844\model.pth
Iteration: 2200, loss_r = 2.8e-03 ,  loss_bc = 5.6e-03,  loss_ic = 7.3e-03,  lr = 1.0e-03, time_taken = 9.7e-01, rel_l2_error = 3.0e-01
Model state saved to ./checkpoints/heat3d_exact\2026-03-07_23-20-37-812844\model.pth
Iteration: 2300, loss_r = 3.4e-03 ,  loss_bc = 4.4e-03,  loss_ic = 8.3e-03,  lr = 1.0e-03, time_taken = 9.8e-01, rel_l2_error = 2.9e-01
Model state saved to ./checkpoints/heat3d_exact\2026-03-07_23-20-37-812844\model.pth
Iteration: 2400, loss_r = 2.8e-03 ,  loss_bc = 5.4e-03,  loss_ic = 5.6e-03,  lr = 1.0e-03, time_taken = 9.7e-01, rel_l2_error = 2.8e-01
Model state saved to ./checkpoints/heat3d_exact\2026-03-07_23-20-37-812844\model.pth
Iteration: 2500, loss_r = 1.9e-03 ,  loss_bc = 3.9e-03,  loss_ic = 4.3e-03,  lr = 1.0e-03, time_taken = 1.0e+00, rel_l2_error = 2.7e-01
Model state saved to ./checkpoints/heat3d_exact\2026-03-07_23-20-37-812844\model.pth
Iteration: 2600, loss_r = 2.9e-03 ,  loss_bc = 4.3e-03,  loss_ic = 2.7e-03,  lr = 1.0e-03, time_taken = 9.8e-01, rel_l2_error = 2.7e-01
Model state saved to ./checkpoints/heat3d_exact\2026-03-07_23-20-37-812844\model.pth
Iteration: 2700, loss_r = 2.4e-03 ,  loss_bc = 5.3e-03,  loss_ic = 2.9e-03,  lr = 1.0e-03, time_taken = 9.8e-01, rel_l2_error = 2.9e-01
Model state saved to ./checkpoints/heat3d_exact\2026-03-07_23-20-37-812844\model.pth
Iteration: 2800, loss_r = 2.7e-03 ,  loss_bc = 3.5e-03,  loss_ic = 4.6e-03,  lr = 1.0e-03, time_taken = 1.0e+00, rel_l2_error = 2.8e-01
Model state saved to ./checkpoints/heat3d_exact\2026-03-07_23-20-37-812844\model.pth
Iteration: 2900, loss_r = 2.8e-03 ,  loss_bc = 3.8e-03,  loss_ic = 4.0e-03,  lr = 1.0e-03, time_taken = 1.1e+00, rel_l2_error = 2.7e-01
Model state saved to ./checkpoints/heat3d_exact\2026-03-07_23-20-37-812844\model.pth
Iteration: 3000, loss_r = 2.0e-03 ,  loss_bc = 4.6e-03,  loss_ic = 3.5e-03,  lr = 1.0e-03, time_taken = 1.4e+00, rel_l2_error = 2.5e-01
Model state saved to ./checkpoints/heat3d_exact\2026-03-07_23-20-37-812844\model.pth
Iteration: 3100, loss_r = 3.5e-03 ,  loss_bc = 3.3e-03,  loss_ic = 3.0e-03,  lr = 1.0e-03, time_taken = 1.0e+00, rel_l2_error = 2.7e-01
Model state saved to ./checkpoints/heat3d_exact\2026-03-07_23-20-37-812844\model.pth
Iteration: 3200, loss_r = 2.1e-03 ,  loss_bc = 3.4e-03,  loss_ic = 3.2e-03,  lr = 1.0e-03, time_taken = 1.0e+00, rel_l2_error = 2.5e-01
Model state saved to ./checkpoints/heat3d_exact\2026-03-07_23-20-37-812844\model.pth
Iteration: 3300, loss_r = 1.7e-03 ,  loss_bc = 4.1e-03,  loss_ic = 2.3e-03,  lr = 1.0e-03, time_taken = 1.0e+00, rel_l2_error = 2.6e-01
Model state saved to ./checkpoints/heat3d_exact\2026-03-07_23-20-37-812844\model.pth
Iteration: 3400, loss_r = 2.0e-03 ,  loss_bc = 3.9e-03,  loss_ic = 2.5e-03,  lr = 1.0e-03, time_taken = 1.0e+00, rel_l2_error = 2.6e-01
Model state saved to ./checkpoints/heat3d_exact\2026-03-07_23-20-37-812844\model.pth
Iteration: 3500, loss_r = 1.5e-03 ,  loss_bc = 3.3e-03,  loss_ic = 1.9e-03,  lr = 1.0e-03, time_taken = 9.9e-01, rel_l2_error = 2.4e-01
Model state saved to ./checkpoints/heat3d_exact\2026-03-07_23-20-37-812844\model.pth
Iteration: 3600, loss_r = 2.2e-03 ,  loss_bc = 3.8e-03,  loss_ic = 2.6e-03,  lr = 1.0e-03, time_taken = 1.0e+00, rel_l2_error = 2.3e-01
Model state saved to ./checkpoints/heat3d_exact\2026-03-07_23-20-37-812844\model.pth
Iteration: 3700, loss_r = 4.2e-03 ,  loss_bc = 3.2e-03,  loss_ic = 1.8e-03,  lr = 1.0e-03, time_taken = 1.0e+00, rel_l2_error = 2.4e-01
Model state saved to ./checkpoints/heat3d_exact\2026-03-07_23-20-37-812844\model.pth
Iteration: 3800, loss_r = 2.9e-03 ,  loss_bc = 3.2e-03,  loss_ic = 1.8e-03,  lr = 1.0e-03, time_taken = 1.0e+00, rel_l2_error = 2.2e-01
Model state saved to ./checkpoints/heat3d_exact\2026-03-07_23-20-37-812844\model.pth
Iteration: 3900, loss_r = 1.2e-03 ,  loss_bc = 3.1e-03,  loss_ic = 1.4e-03,  lr = 1.0e-03, time_taken = 9.6e-01, rel_l2_error = 2.2e-01
Model state saved to ./checkpoints/heat3d_exact\2026-03-07_23-20-37-812844\model.pth
Iteration: 4000, loss_r = 3.0e-03 ,  loss_bc = 2.7e-03,  loss_ic = 1.8e-03,  lr = 1.0e-03, time_taken = 1.9e+00, rel_l2_error = 2.3e-01
Model state saved to ./checkpoints/heat3d_exact\2026-03-07_23-20-37-812844\model.pth

=== RAR Evaluation at iteration 4000 ===
Mean residual: 2.718e-01
Added 100 point(s). Total adaptive points: 200

Iteration: 4100, loss_r = 2.5e-03 ,  loss_bc = 2.7e-03,  loss_ic = 2.5e-03,  lr = 1.0e-03, time_taken = 1.1e+00, rel_l2_error = 2.4e-01
Model state saved to ./checkpoints/heat3d_exact\2026-03-07_23-20-37-812844\model.pth
Iteration: 4200, loss_r = 2.0e-03 ,  loss_bc = 3.2e-03,  loss_ic = 2.1e-03,  lr = 1.0e-03, time_taken = 1.1e+00, rel_l2_error = 2.3e-01
Model state saved to ./checkpoints/heat3d_exact\2026-03-07_23-20-37-812844\model.pth
Iteration: 4300, loss_r = 1.5e-03 ,  loss_bc = 3.4e-03,  loss_ic = 2.4e-03,  lr = 1.0e-03, time_taken = 1.1e+00, rel_l2_error = 2.2e-01
Model state saved to ./checkpoints/heat3d_exact\2026-03-07_23-20-37-812844\model.pth
Iteration: 4400, loss_r = 1.5e-03 ,  loss_bc = 3.5e-03,  loss_ic = 2.1e-03,  lr = 1.0e-03, time_taken = 1.0e+00, rel_l2_error = 2.3e-01
Model state saved to ./checkpoints/heat3d_exact\2026-03-07_23-20-37-812844\model.pth
Iteration: 4500, loss_r = 2.7e-03 ,  loss_bc = 3.2e-03,  loss_ic = 1.6e-03,  lr = 1.0e-03, time_taken = 9.9e-01, rel_l2_error = 2.2e-01
Model state saved to ./checkpoints/heat3d_exact\2026-03-07_23-20-37-812844\model.pth
Iteration: 4600, loss_r = 2.0e-03 ,  loss_bc = 3.0e-03,  loss_ic = 1.5e-03,  lr = 1.0e-03, time_taken = 1.1e+00, rel_l2_error = 2.3e-01
Model state saved to ./checkpoints/heat3d_exact\2026-03-07_23-20-37-812844\model.pth
Iteration: 4700, loss_r = 1.7e-03 ,  loss_bc = 3.2e-03,  loss_ic = 2.7e-03,  lr = 1.0e-03, time_taken = 1.0e+00, rel_l2_error = 2.2e-01
Model state saved to ./checkpoints/heat3d_exact\2026-03-07_23-20-37-812844\model.pth
Iteration: 4800, loss_r = 1.5e-03 ,  loss_bc = 2.6e-03,  loss_ic = 2.8e-03,  lr = 1.0e-03, time_taken = 1.1e+00, rel_l2_error = 2.4e-01
Model state saved to ./checkpoints/heat3d_exact\2026-03-07_23-20-37-812844\model.pth
Iteration: 4900, loss_r = 2.6e-03 ,  loss_bc = 3.0e-03,  loss_ic = 1.8e-03,  lr = 1.0e-03, time_taken = 1.1e+00, rel_l2_error = 2.2e-01
Model state saved to ./checkpoints/heat3d_exact\2026-03-07_23-20-37-812844\model.pth
Iteration: 5000, loss_r = 1.0e-03 ,  loss_bc = 2.6e-03,  loss_ic = 1.5e-03,  lr = 1.0e-03, time_taken = 1.0e+00, rel_l2_error = 2.1e-01
Model state saved to ./checkpoints/heat3d_exact\2026-03-07_23-20-37-812844\model.pth
Iteration: 5100, loss_r = 1.2e-03 ,  loss_bc = 2.8e-03,  loss_ic = 1.9e-03,  lr = 1.0e-03, time_taken = 1.1e+00, rel_l2_error = 2.1e-01
Model state saved to ./checkpoints/heat3d_exact\2026-03-07_23-20-37-812844\model.pth
Iteration: 5200, loss_r = 1.2e-03 ,  loss_bc = 2.8e-03,  loss_ic = 1.9e-03,  lr = 1.0e-03, time_taken = 1.0e+00, rel_l2_error = 2.2e-01
Model state saved to ./checkpoints/heat3d_exact\2026-03-07_23-20-37-812844\model.pth
Iteration: 5300, loss_r = 2.0e-03 ,  loss_bc = 2.4e-03,  loss_ic = 1.7e-03,  lr = 1.0e-03, time_taken = 9.9e-01, rel_l2_error = 2.1e-01
Model state saved to ./checkpoints/heat3d_exact\2026-03-07_23-20-37-812844\model.pth
Iteration: 5400, loss_r = 1.4e-03 ,  loss_bc = 3.2e-03,  loss_ic = 1.5e-03,  lr = 1.0e-03, time_taken = 1.1e+00, rel_l2_error = 1.9e-01
Model state saved to ./checkpoints/heat3d_exact\2026-03-07_23-20-37-812844\model.pth
Iteration: 5500, loss_r = 2.6e-03 ,  loss_bc = 2.5e-03,  loss_ic = 1.4e-03,  lr = 1.0e-03, time_taken = 1.0e+00, rel_l2_error = 2.0e-01
Model state saved to ./checkpoints/heat3d_exact\2026-03-07_23-20-37-812844\model.pth
Iteration: 5600, loss_r = 1.9e-03 ,  loss_bc = 2.7e-03,  loss_ic = 1.6e-03,  lr = 1.0e-03, time_taken = 1.0e+00, rel_l2_error = 2.0e-01
Model state saved to ./checkpoints/heat3d_exact\2026-03-07_23-20-37-812844\model.pth
Iteration: 5700, loss_r = 1.8e-03 ,  loss_bc = 2.6e-03,  loss_ic = 1.1e-03,  lr = 1.0e-03, time_taken = 1.0e+00, rel_l2_error = 2.0e-01
Model state saved to ./checkpoints/heat3d_exact\2026-03-07_23-20-37-812844\model.pth
Iteration: 5800, loss_r = 2.2e-03 ,  loss_bc = 2.5e-03,  loss_ic = 1.4e-03,  lr = 1.0e-03, time_taken = 1.0e+00, rel_l2_error = 2.1e-01
Model state saved to ./checkpoints/heat3d_exact\2026-03-07_23-20-37-812844\model.pth
Iteration: 5900, loss_r = 1.0e-03 ,  loss_bc = 2.5e-03,  loss_ic = 1.2e-03,  lr = 1.0e-03, time_taken = 1.0e+00, rel_l2_error = 1.8e-01
Model state saved to ./checkpoints/heat3d_exact\2026-03-07_23-20-37-812844\model.pth
Iteration: 6000, loss_r = 2.4e-03 ,  loss_bc = 2.4e-03,  loss_ic = 2.0e-03,  lr = 1.0e-03, time_taken = 1.3e+00, rel_l2_error = 2.0e-01
Model state saved to ./checkpoints/heat3d_exact\2026-03-07_23-20-37-812844\model.pth

=== RAR Evaluation at iteration 6000 ===
Mean residual: 3.142e-01
Added 100 point(s). Total adaptive points: 300

Iteration: 6100, loss_r = 1.1e-03 ,  loss_bc = 2.4e-03,  loss_ic = 9.8e-04,  lr = 1.0e-03, time_taken = 1.1e+00, rel_l2_error = 1.9e-01
Model state saved to ./checkpoints/heat3d_exact\2026-03-07_23-20-37-812844\model.pth
Iteration: 6200, loss_r = 2.4e-03 ,  loss_bc = 2.3e-03,  loss_ic = 1.5e-03,  lr = 1.0e-03, time_taken = 1.0e+00, rel_l2_error = 2.0e-01
Model state saved to ./checkpoints/heat3d_exact\2026-03-07_23-20-37-812844\model.pth
Iteration: 6300, loss_r = 2.2e-03 ,  loss_bc = 2.5e-03,  loss_ic = 1.0e-03,  lr = 1.0e-03, time_taken = 1.3e+00, rel_l2_error = 2.0e-01
Model state saved to ./checkpoints/heat3d_exact\2026-03-07_23-20-37-812844\model.pth
Iteration: 6400, loss_r = 1.8e-03 ,  loss_bc = 2.7e-03,  loss_ic = 1.2e-03,  lr = 1.0e-03, time_taken = 1.0e+00, rel_l2_error = 2.0e-01
Model state saved to ./checkpoints/heat3d_exact\2026-03-07_23-20-37-812844\model.pth
Iteration: 6500, loss_r = 1.0e-03 ,  loss_bc = 2.8e-03,  loss_ic = 1.4e-03,  lr = 1.0e-03, time_taken = 1.0e+00, rel_l2_error = 2.0e-01
Model state saved to ./checkpoints/heat3d_exact\2026-03-07_23-20-37-812844\model.pth
Iteration: 6600, loss_r = 1.5e-03 ,  loss_bc = 2.0e-03,  loss_ic = 1.5e-03,  lr = 1.0e-03, time_taken = 1.0e+00, rel_l2_error = 2.0e-01
Model state saved to ./checkpoints/heat3d_exact\2026-03-07_23-20-37-812844\model.pth
Iteration: 6700, loss_r = 2.1e-03 ,  loss_bc = 2.6e-03,  loss_ic = 1.0e-03,  lr = 1.0e-03, time_taken = 1.0e+00, rel_l2_error = 1.8e-01
Model state saved to ./checkpoints/heat3d_exact\2026-03-07_23-20-37-812844\model.pth
Iteration: 6800, loss_r = 2.5e-03 ,  loss_bc = 1.9e-03,  loss_ic = 1.6e-03,  lr = 1.0e-03, time_taken = 1.0e+00, rel_l2_error = 1.9e-01
Model state saved to ./checkpoints/heat3d_exact\2026-03-07_23-20-37-812844\model.pth
Iteration: 6900, loss_r = 1.2e-03 ,  loss_bc = 1.6e-03,  loss_ic = 1.6e-03,  lr = 1.0e-03, time_taken = 1.1e+00, rel_l2_error = 1.9e-01
Model state saved to ./checkpoints/heat3d_exact\2026-03-07_23-20-37-812844\model.pth
Iteration: 7000, loss_r = 1.7e-03 ,  loss_bc = 1.8e-03,  loss_ic = 1.2e-03,  lr = 1.0e-03, time_taken = 1.0e+00, rel_l2_error = 2.0e-01
Model state saved to ./checkpoints/heat3d_exact\2026-03-07_23-20-37-812844\model.pth
Iteration: 7100, loss_r = 1.3e-03 ,  loss_bc = 2.0e-03,  loss_ic = 1.4e-03,  lr = 1.0e-03, time_taken = 1.0e+00, rel_l2_error = 1.9e-01
Model state saved to ./checkpoints/heat3d_exact\2026-03-07_23-20-37-812844\model.pth
Iteration: 7200, loss_r = 1.5e-03 ,  loss_bc = 1.6e-03,  loss_ic = 8.6e-04,  lr = 1.0e-03, time_taken = 1.0e+00, rel_l2_error = 1.7e-01
Model state saved to ./checkpoints/heat3d_exact\2026-03-07_23-20-37-812844\model.pth
Iteration: 7300, loss_r = 1.8e-03 ,  loss_bc = 1.8e-03,  loss_ic = 1.6e-03,  lr = 1.0e-03, time_taken = 1.0e+00, rel_l2_error = 1.9e-01
Model state saved to ./checkpoints/heat3d_exact\2026-03-07_23-20-37-812844\model.pth
Iteration: 7400, loss_r = 8.1e-04 ,  loss_bc = 1.9e-03,  loss_ic = 1.4e-03,  lr = 1.0e-03, time_taken = 1.0e+00, rel_l2_error = 1.9e-01
Model state saved to ./checkpoints/heat3d_exact\2026-03-07_23-20-37-812844\model.pth
Iteration: 7500, loss_r = 1.2e-03 ,  loss_bc = 2.1e-03,  loss_ic = 1.6e-03,  lr = 1.0e-03, time_taken = 1.0e+00, rel_l2_error = 1.9e-01
Model state saved to ./checkpoints/heat3d_exact\2026-03-07_23-20-37-812844\model.pth
Iteration: 7600, loss_r = 2.8e-03 ,  loss_bc = 2.0e-03,  loss_ic = 1.2e-03,  lr = 1.0e-03, time_taken = 1.0e+00, rel_l2_error = 1.8e-01
Model state saved to ./checkpoints/heat3d_exact\2026-03-07_23-20-37-812844\model.pth
Iteration: 7700, loss_r = 1.6e-03 ,  loss_bc = 2.7e-03,  loss_ic = 1.0e-03,  lr = 1.0e-03, time_taken = 9.6e-01, rel_l2_error = 1.7e-01
Model state saved to ./checkpoints/heat3d_exact\2026-03-07_23-20-37-812844\model.pth
Iteration: 7800, loss_r = 1.1e-03 ,  loss_bc = 2.1e-03,  loss_ic = 9.3e-04,  lr = 1.0e-03, time_taken = 1.0e+00, rel_l2_error = 1.7e-01
Model state saved to ./checkpoints/heat3d_exact\2026-03-07_23-20-37-812844\model.pth
Iteration: 7900, loss_r = 1.0e-03 ,  loss_bc = 1.4e-03,  loss_ic = 8.7e-04,  lr = 1.0e-03, time_taken = 1.0e+00, rel_l2_error = 1.8e-01
Model state saved to ./checkpoints/heat3d_exact\2026-03-07_23-20-37-812844\model.pth
Iteration: 8000, loss_r = 7.9e-04 ,  loss_bc = 1.7e-03,  loss_ic = 1.6e-03,  lr = 1.0e-03, time_taken = 1.5e+00, rel_l2_error = 2.0e-01
Model state saved to ./checkpoints/heat3d_exact\2026-03-07_23-20-37-812844\model.pth

=== RAR Evaluation at iteration 8000 ===
Mean residual: 3.320e-01
Added 100 point(s). Total adaptive points: 400

Iteration: 8100, loss_r = 8.2e-04 ,  loss_bc = 2.3e-03,  loss_ic = 1.1e-03,  lr = 1.0e-03, time_taken = 1.1e+00, rel_l2_error = 1.8e-01
Model state saved to ./checkpoints/heat3d_exact\2026-03-07_23-20-37-812844\model.pth
Iteration: 8200, loss_r = 1.1e-03 ,  loss_bc = 1.9e-03,  loss_ic = 8.0e-04,  lr = 1.0e-03, time_taken = 1.1e+00, rel_l2_error = 1.7e-01
Model state saved to ./checkpoints/heat3d_exact\2026-03-07_23-20-37-812844\model.pth
Iteration: 8300, loss_r = 1.2e-03 ,  loss_bc = 1.7e-03,  loss_ic = 1.3e-03,  lr = 1.0e-03, time_taken = 1.0e+00, rel_l2_error = 1.7e-01
Model state saved to ./checkpoints/heat3d_exact\2026-03-07_23-20-37-812844\model.pth
Iteration: 8400, loss_r = 1.8e-03 ,  loss_bc = 1.5e-03,  loss_ic = 1.1e-03,  lr = 1.0e-03, time_taken = 1.1e+00, rel_l2_error = 1.7e-01
Model state saved to ./checkpoints/heat3d_exact\2026-03-07_23-20-37-812844\model.pth
Iteration: 8500, loss_r = 8.8e-04 ,  loss_bc = 1.6e-03,  loss_ic = 1.3e-03,  lr = 1.0e-03, time_taken = 1.1e+00, rel_l2_error = 1.7e-01
Model state saved to ./checkpoints/heat3d_exact\2026-03-07_23-20-37-812844\model.pth
Iteration: 8600, loss_r = 8.9e-04 ,  loss_bc = 1.6e-03,  loss_ic = 1.1e-03,  lr = 1.0e-03, time_taken = 1.0e+00, rel_l2_error = 1.8e-01
Model state saved to ./checkpoints/heat3d_exact\2026-03-07_23-20-37-812844\model.pth
Iteration: 8700, loss_r = 8.5e-04 ,  loss_bc = 1.5e-03,  loss_ic = 5.1e-04,  lr = 1.0e-03, time_taken = 9.8e-01, rel_l2_error = 1.6e-01
Model state saved to ./checkpoints/heat3d_exact\2026-03-07_23-20-37-812844\model.pth
Iteration: 8800, loss_r = 1.1e-03 ,  loss_bc = 1.6e-03,  loss_ic = 9.2e-04,  lr = 1.0e-03, time_taken = 9.6e-01, rel_l2_error = 1.8e-01
Model state saved to ./checkpoints/heat3d_exact\2026-03-07_23-20-37-812844\model.pth
Iteration: 8900, loss_r = 1.0e-03 ,  loss_bc = 2.4e-03,  loss_ic = 8.2e-04,  lr = 1.0e-03, time_taken = 1.0e+00, rel_l2_error = 1.7e-01
Model state saved to ./checkpoints/heat3d_exact\2026-03-07_23-20-37-812844\model.pth
Iteration: 9000, loss_r = 7.8e-04 ,  loss_bc = 1.3e-03,  loss_ic = 9.2e-04,  lr = 1.0e-03, time_taken = 1.0e+00, rel_l2_error = 1.7e-01
Model state saved to ./checkpoints/heat3d_exact\2026-03-07_23-20-37-812844\model.pth
Iteration: 9100, loss_r = 7.7e-04 ,  loss_bc = 1.6e-03,  loss_ic = 7.9e-04,  lr = 1.0e-03, time_taken = 1.0e+00, rel_l2_error = 1.8e-01
Model state saved to ./checkpoints/heat3d_exact\2026-03-07_23-20-37-812844\model.pth
Iteration: 9200, loss_r = 1.5e-03 ,  loss_bc = 1.6e-03,  loss_ic = 9.0e-04,  lr = 1.0e-03, time_taken = 1.1e+00, rel_l2_error = 1.6e-01
Model state saved to ./checkpoints/heat3d_exact\2026-03-07_23-20-37-812844\model.pth
Iteration: 9300, loss_r = 8.2e-04 ,  loss_bc = 2.1e-03,  loss_ic = 1.1e-03,  lr = 1.0e-03, time_taken = 1.0e+00, rel_l2_error = 1.6e-01
Model state saved to ./checkpoints/heat3d_exact\2026-03-07_23-20-37-812844\model.pth
Iteration: 9400, loss_r = 1.1e-03 ,  loss_bc = 1.5e-03,  loss_ic = 6.5e-04,  lr = 1.0e-03, time_taken = 1.0e+00, rel_l2_error = 1.6e-01
Model state saved to ./checkpoints/heat3d_exact\2026-03-07_23-20-37-812844\model.pth
Iteration: 9500, loss_r = 2.0e-03 ,  loss_bc = 1.6e-03,  loss_ic = 1.1e-03,  lr = 1.0e-03, time_taken = 1.0e+00, rel_l2_error = 1.7e-01
Model state saved to ./checkpoints/heat3d_exact\2026-03-07_23-20-37-812844\model.pth
Iteration: 9600, loss_r = 8.6e-04 ,  loss_bc = 1.5e-03,  loss_ic = 9.8e-04,  lr = 1.0e-03, time_taken = 1.1e+00, rel_l2_error = 1.7e-01
Model state saved to ./checkpoints/heat3d_exact\2026-03-07_23-20-37-812844\model.pth
Iteration: 9700, loss_r = 1.0e-03 ,  loss_bc = 2.0e-03,  loss_ic = 8.7e-04,  lr = 1.0e-03, time_taken = 1.0e+00, rel_l2_error = 1.6e-01
Model state saved to ./checkpoints/heat3d_exact\2026-03-07_23-20-37-812844\model.pth
Iteration: 9800, loss_r = 1.5e-03 ,  loss_bc = 1.5e-03,  loss_ic = 7.4e-04,  lr = 1.0e-03, time_taken = 9.7e-01, rel_l2_error = 1.6e-01
Model state saved to ./checkpoints/heat3d_exact\2026-03-07_23-20-37-812844\model.pth
Iteration: 9900, loss_r = 7.8e-04 ,  loss_bc = 1.5e-03,  loss_ic = 1.1e-03,  lr = 1.0e-03, time_taken = 1.5e+00, rel_l2_error = 1.6e-01
Model state saved to ./checkpoints/heat3d_exact\2026-03-07_23-20-37-812844\model.pth

=== Switching to LBFGS optimizer at iteration 10000 ===
Using scipy L-BFGS-B optimizer
Optimizer: L-BFGS-B (maxiter=10000, factr=1000.0, m=100, maxls=50, pgtol=1e-14)
L-BFGS Iteration: 0, Loss: 2.846834e-03
L-BFGS Iteration: 1, Loss: 2.684082e-03, Relative L2 Error: 1.580573e-01
L-BFGS: Time for 100 iterations = 1066.6590 s
L-BFGS Iteration: 100, Loss: 1.363823e-03, Relative L2 Error: 1.309791e-01
L-BFGS Iteration: 200, Loss: 6.929087e-04, Relative L2 Error: 9.075110e-02
L-BFGS Iteration: 300, Loss: 5.021198e-04, Relative L2 Error: 8.049154e-02
L-BFGS Iteration: 400, Loss: 4.057819e-04, Relative L2 Error: 7.780308e-02
L-BFGS Iteration: 500, Loss: 3.337456e-04, Relative L2 Error: 6.860128e-02
L-BFGS Iteration: 600, Loss: 2.845375e-04, Relative L2 Error: 7.041563e-02
L-BFGS Iteration: 700, Loss: 2.387195e-04, Relative L2 Error: 6.517492e-02
L-BFGS Iteration: 800, Loss: 2.029680e-04, Relative L2 Error: 6.482521e-02
L-BFGS Iteration: 900, Loss: 1.762164e-04, Relative L2 Error: 5.881061e-02
L-BFGS Iteration: 1000, Loss: 1.578251e-04, Relative L2 Error: 5.551467e-02
L-BFGS Iteration: 1100, Loss: 1.395176e-04, Relative L2 Error: 5.763770e-02
L-BFGS Iteration: 1200, Loss: 1.213291e-04, Relative L2 Error: 5.040349e-02
L-BFGS Iteration: 1300, Loss: 1.027737e-04, Relative L2 Error: 4.946652e-02
L-BFGS Iteration: 1400, Loss: 8.950634e-05, Relative L2 Error: 4.640309e-02
L-BFGS Iteration: 1500, Loss: 7.964957e-05, Relative L2 Error: 4.746573e-02
L-BFGS Iteration: 1600, Loss: 7.183463e-05, Relative L2 Error: 4.758994e-02
L-BFGS Iteration: 1700, Loss: 6.449947e-05, Relative L2 Error: 4.467515e-02
L-BFGS Iteration: 1800, Loss: 5.732896e-05, Relative L2 Error: 4.151162e-02
L-BFGS Iteration: 1900, Loss: 5.135912e-05, Relative L2 Error: 4.219590e-02
L-BFGS Iteration: 2000, Loss: 4.667904e-05, Relative L2 Error: 4.164119e-02
L-BFGS Iteration: 2100, Loss: 4.281311e-05, Relative L2 Error: 3.909417e-02
L-BFGS Iteration: 2200, Loss: 3.964389e-05, Relative L2 Error: 3.527129e-02
L-BFGS Iteration: 2300, Loss: 3.731615e-05, Relative L2 Error: 3.904929e-02
L-BFGS Iteration: 2400, Loss: 3.529619e-05, Relative L2 Error: 3.511395e-02
L-BFGS Iteration: 2500, Loss: 3.330055e-05, Relative L2 Error: 3.436160e-02
L-BFGS Iteration: 2600, Loss: 3.148719e-05, Relative L2 Error: 3.360936e-02
L-BFGS Iteration: 2700, Loss: 2.970489e-05, Relative L2 Error: 3.388163e-02
L-BFGS Iteration: 2800, Loss: 2.820908e-05, Relative L2 Error: 3.462861e-02
L-BFGS Iteration: 2900, Loss: 2.681027e-05, Relative L2 Error: 3.557682e-02
L-BFGS Iteration: 3000, Loss: 2.516805e-05, Relative L2 Error: 3.380720e-02
L-BFGS Iteration: 3100, Loss: 2.388924e-05, Relative L2 Error: 3.171102e-02
L-BFGS Iteration: 3200, Loss: 2.271846e-05, Relative L2 Error: 3.047052e-02
L-BFGS Iteration: 3300, Loss: 2.158871e-05, Relative L2 Error: 2.929150e-02
L-BFGS Iteration: 3400, Loss: 2.052265e-05, Relative L2 Error: 2.885665e-02
L-BFGS Iteration: 3500, Loss: 1.962719e-05, Relative L2 Error: 2.712485e-02
L-BFGS Iteration: 3600, Loss: 1.862277e-05, Relative L2 Error: 2.746883e-02
L-BFGS Iteration: 3700, Loss: 1.781476e-05, Relative L2 Error: 2.499141e-02
L-BFGS Iteration: 3800, Loss: 1.703005e-05, Relative L2 Error: 2.504242e-02
L-BFGS Iteration: 3900, Loss: 1.622597e-05, Relative L2 Error: 2.428275e-02
L-BFGS Iteration: 4000, Loss: 1.565269e-05, Relative L2 Error: 2.394778e-02
L-BFGS Iteration: 4100, Loss: 1.519920e-05, Relative L2 Error: 2.569147e-02
L-BFGS Iteration: 4200, Loss: 1.467807e-05, Relative L2 Error: 2.389686e-02
L-BFGS Iteration: 4300, Loss: 1.412893e-05, Relative L2 Error: 2.434282e-02
L-BFGS Iteration: 4400, Loss: 1.366784e-05, Relative L2 Error: 2.399511e-02
L-BFGS Iteration: 4500, Loss: 1.307818e-05, Relative L2 Error: 2.362354e-02
L-BFGS Iteration: 4600, Loss: 1.248769e-05, Relative L2 Error: 2.425430e-02
L-BFGS Iteration: 4700, Loss: 1.205960e-05, Relative L2 Error: 2.393863e-02
L-BFGS Iteration: 4800, Loss: 1.158193e-05, Relative L2 Error: 2.292401e-02
L-BFGS Iteration: 4900, Loss: 1.123687e-05, Relative L2 Error: 2.225999e-02
L-BFGS Iteration: 5000, Loss: 1.082791e-05, Relative L2 Error: 2.264586e-02
L-BFGS Iteration: 5100, Loss: 1.052509e-05, Relative L2 Error: 2.188770e-02
L-BFGS Iteration: 5200, Loss: 1.020183e-05, Relative L2 Error: 2.204280e-02
L-BFGS Iteration: 5300, Loss: 9.808326e-06, Relative L2 Error: 2.139350e-02
L-BFGS Iteration: 5400, Loss: 9.519652e-06, Relative L2 Error: 2.126124e-02
L-BFGS Iteration: 5500, Loss: 9.290337e-06, Relative L2 Error: 2.191357e-02
L-BFGS Iteration: 5600, Loss: 9.130753e-06, Relative L2 Error: 2.152692e-02
L-BFGS Iteration: 5700, Loss: 8.979307e-06, Relative L2 Error: 2.139141e-02
L-BFGS Iteration: 5800, Loss: 8.804069e-06, Relative L2 Error: 2.180671e-02
L-BFGS Iteration: 5900, Loss: 8.611914e-06, Relative L2 Error: 2.021802e-02
L-BFGS Iteration: 6000, Loss: 8.397214e-06, Relative L2 Error: 2.119891e-02
L-BFGS Iteration: 6100, Loss: 8.181722e-06, Relative L2 Error: 1.858970e-02
L-BFGS Iteration: 6200, Loss: 7.998345e-06, Relative L2 Error: 1.971436e-02
L-BFGS Iteration: 6300, Loss: 7.835435e-06, Relative L2 Error: 1.900551e-02
L-BFGS Iteration: 6400, Loss: 7.641028e-06, Relative L2 Error: 1.994869e-02
L-BFGS Iteration: 6500, Loss: 7.428001e-06, Relative L2 Error: 1.928680e-02
L-BFGS Iteration: 6600, Loss: 7.247188e-06, Relative L2 Error: 1.856393e-02
L-BFGS training completed after 6621 iterations
Model state saved to ./checkpoints/heat3d_exact\2026-03-07_23-20-37-812844\model.pth
Training completed successfully!
Relative L2 error (eval data): 1.89e-02
Saved solution comparison heatmaps to: ./checkpoints/heat3d_exact\2026-03-07_23-20-37-812844\solution_comparison_heat3d.png
