Random seed set to: 954
Solving Burgers equation: u_t + u*u_x = nu*u_xx with nu=0.01
Domain: (x, t) = [-1, 1] x [0, 1]
Using exact solution for boundary and initial conditions
Using DV Solver
The settings used:
batch_size : 64
epochs : 20000
lr : 0.001
seed : 954
print_every : 100
log_path : ./checkpoints/burgers_exact
input_dim : 2
output_dim : 1
num_qubits : 5
hidden_dim : 20
num_quantum_layers : 1
classic_network : [2, 20, 1]
q_ansatz : cross_mesh
mode : hybrid
activation : tanh
shots : None
problem : burgers_exact
solver : DV
device : cpu
method : None
cutoff_dim : 20
class : CVNeuralNetwork1
encoding : angle
use_rar : True
rar_eval_freq : 2000
rar_threshold : 0.0005
rar_num_candidates : 10000
rar_num_add : 100
use_hybrid_optimizer : True
adam_iterations : 10000
use_scipy_lbfgs : True
lbfgs_lr : 1
lbfgs_line_search : strong_wolfe
lbfgs_tolerance_grad : 1e-05
lbfgs_tolerance_change : 1e-07
lbfgs_maxiter : 10000
lbfgs_factr : 1000.0
lbfgs_pgtol : 1e-14
lbfgs_maxls : 50
lbfgs_m : 100
lbfgs_eval_every : 100
nx : 200
nt : 200
domainN : 500
leftN : 50
rightN : 50
initialN : 50
eval_total_points : 10000
Total number of parameters: 1186
The circuit used in the study:
Iteration: 0, loss_r = 1.9e-05 ,  loss_bc = 3.2e-04,  loss_ic = 4.0e-02,  lr = 1.0e-03, time_taken = 2.6e+00, rel_l2_error = 1.0e+00
Model state saved to ./checkpoints/burgers_exact\2026-03-08_23-24-15-556707\model.pth
Iteration: 100, loss_r = 2.1e-03 ,  loss_bc = 3.7e-04,  loss_ic = 5.3e-03,  lr = 1.0e-03, time_taken = 7.5e-01, rel_l2_error = 3.8e-01
Model state saved to ./checkpoints/burgers_exact\2026-03-08_23-24-15-556707\model.pth
Iteration: 200, loss_r = 2.2e-03 ,  loss_bc = 3.8e-04,  loss_ic = 5.1e-03,  lr = 1.0e-03, time_taken = 7.0e-01, rel_l2_error = 3.8e-01
Model state saved to ./checkpoints/burgers_exact\2026-03-08_23-24-15-556707\model.pth
Iteration: 300, loss_r = 1.9e-03 ,  loss_bc = 2.6e-04,  loss_ic = 3.7e-03,  lr = 1.0e-03, time_taken = 7.5e-01, rel_l2_error = 3.4e-01
Model state saved to ./checkpoints/burgers_exact\2026-03-08_23-24-15-556707\model.pth
Iteration: 400, loss_r = 1.0e-03 ,  loss_bc = 2.3e-04,  loss_ic = 3.4e-03,  lr = 1.0e-03, time_taken = 6.6e-01, rel_l2_error = 3.1e-01
Model state saved to ./checkpoints/burgers_exact\2026-03-08_23-24-15-556707\model.pth
Iteration: 500, loss_r = 7.0e-04 ,  loss_bc = 2.0e-04,  loss_ic = 2.6e-03,  lr = 1.0e-03, time_taken = 6.7e-01, rel_l2_error = 2.8e-01
Model state saved to ./checkpoints/burgers_exact\2026-03-08_23-24-15-556707\model.pth
Iteration: 600, loss_r = 5.8e-04 ,  loss_bc = 6.6e-05,  loss_ic = 2.6e-03,  lr = 1.0e-03, time_taken = 7.9e-01, rel_l2_error = 2.5e-01
Model state saved to ./checkpoints/burgers_exact\2026-03-08_23-24-15-556707\model.pth
Iteration: 700, loss_r = 6.0e-04 ,  loss_bc = 2.3e-05,  loss_ic = 1.3e-03,  lr = 1.0e-03, time_taken = 7.7e-01, rel_l2_error = 2.3e-01
Model state saved to ./checkpoints/burgers_exact\2026-03-08_23-24-15-556707\model.pth
Iteration: 800, loss_r = 6.6e-04 ,  loss_bc = 3.3e-05,  loss_ic = 1.2e-03,  lr = 1.0e-03, time_taken = 7.2e-01, rel_l2_error = 2.0e-01
Model state saved to ./checkpoints/burgers_exact\2026-03-08_23-24-15-556707\model.pth
Iteration: 900, loss_r = 5.6e-04 ,  loss_bc = 5.3e-05,  loss_ic = 1.2e-03,  lr = 1.0e-03, time_taken = 7.3e-01, rel_l2_error = 2.0e-01
Model state saved to ./checkpoints/burgers_exact\2026-03-08_23-24-15-556707\model.pth
Iteration: 1000, loss_r = 4.9e-04 ,  loss_bc = 2.1e-05,  loss_ic = 1.3e-03,  lr = 1.0e-03, time_taken = 7.2e-01, rel_l2_error = 1.6e-01
Model state saved to ./checkpoints/burgers_exact\2026-03-08_23-24-15-556707\model.pth
Iteration: 1100, loss_r = 5.8e-04 ,  loss_bc = 3.4e-05,  loss_ic = 9.9e-04,  lr = 1.0e-03, time_taken = 8.3e-01, rel_l2_error = 1.7e-01
Model state saved to ./checkpoints/burgers_exact\2026-03-08_23-24-15-556707\model.pth
Iteration: 1200, loss_r = 6.0e-04 ,  loss_bc = 2.8e-05,  loss_ic = 8.6e-04,  lr = 1.0e-03, time_taken = 7.3e-01, rel_l2_error = 1.7e-01
Model state saved to ./checkpoints/burgers_exact\2026-03-08_23-24-15-556707\model.pth
Iteration: 1300, loss_r = 4.7e-04 ,  loss_bc = 6.1e-05,  loss_ic = 9.1e-04,  lr = 1.0e-03, time_taken = 7.3e-01, rel_l2_error = 1.4e-01
Model state saved to ./checkpoints/burgers_exact\2026-03-08_23-24-15-556707\model.pth
Iteration: 1400, loss_r = 4.4e-04 ,  loss_bc = 6.3e-06,  loss_ic = 8.5e-04,  lr = 1.0e-03, time_taken = 7.3e-01, rel_l2_error = 1.5e-01
Model state saved to ./checkpoints/burgers_exact\2026-03-08_23-24-15-556707\model.pth
Iteration: 1500, loss_r = 2.7e-04 ,  loss_bc = 9.7e-06,  loss_ic = 4.7e-04,  lr = 1.0e-03, time_taken = 7.2e-01, rel_l2_error = 1.2e-01
Model state saved to ./checkpoints/burgers_exact\2026-03-08_23-24-15-556707\model.pth
Iteration: 1600, loss_r = 4.1e-04 ,  loss_bc = 2.0e-05,  loss_ic = 3.2e-04,  lr = 1.0e-03, time_taken = 7.3e-01, rel_l2_error = 1.2e-01
Model state saved to ./checkpoints/burgers_exact\2026-03-08_23-24-15-556707\model.pth
Iteration: 1700, loss_r = 2.3e-04 ,  loss_bc = 4.8e-05,  loss_ic = 4.9e-04,  lr = 1.0e-03, time_taken = 7.2e-01, rel_l2_error = 1.0e-01
Model state saved to ./checkpoints/burgers_exact\2026-03-08_23-24-15-556707\model.pth
Iteration: 1800, loss_r = 2.0e-04 ,  loss_bc = 1.0e-05,  loss_ic = 2.8e-04,  lr = 1.0e-03, time_taken = 7.4e-01, rel_l2_error = 9.6e-02
Model state saved to ./checkpoints/burgers_exact\2026-03-08_23-24-15-556707\model.pth
Iteration: 1900, loss_r = 1.1e-04 ,  loss_bc = 1.8e-05,  loss_ic = 2.7e-04,  lr = 1.0e-03, time_taken = 7.4e-01, rel_l2_error = 8.7e-02
Model state saved to ./checkpoints/burgers_exact\2026-03-08_23-24-15-556707\model.pth
Iteration: 2000, loss_r = 1.0e-04 ,  loss_bc = 2.4e-05,  loss_ic = 1.7e-04,  lr = 1.0e-03, time_taken = 7.3e-01, rel_l2_error = 8.2e-02
Model state saved to ./checkpoints/burgers_exact\2026-03-08_23-24-15-556707\model.pth

=== RAR Evaluation at iteration 2000 ===
Mean residual: 2.670e-01
Adding 100 new point(s) with highest residuals:
  Point 1: [ 0.417714  -0.7118546], Residual: 2.239e+00
  Point 2: [ 0.1606347 -0.6716168], Residual: 2.148e+00
  Point 3: [ 0.2212838  -0.64127946], Residual: 2.057e+00
  Point 4: [ 0.7768606 -0.7907288], Residual: 1.963e+00
  Point 5: [ 0.52399117 -0.79298806], Residual: 1.887e+00
  Point 6: [ 0.84081215 -0.93461025], Residual: 1.871e+00
  Point 7: [ 0.8932228 -0.8912772], Residual: 1.833e+00
  Point 8: [0.04675061 0.55155385], Residual: 1.757e+00
  Point 9: [0.53511494 0.57655275], Residual: 1.734e+00
  Point 10: [ 0.33371854 -0.7011759 ], Residual: 1.733e+00
  Point 11: [ 0.38381034 -0.692073  ], Residual: 1.701e+00
  Point 12: [ 0.46637797 -0.7351568 ], Residual: 1.690e+00
  Point 13: [ 0.38616383 -0.7266971 ], Residual: 1.678e+00
  Point 14: [0.4156891 0.5187776], Residual: 1.677e+00
  Point 15: [ 0.06295133 -0.58341515], Residual: 1.676e+00
  Point 16: [ 0.09745425 -0.68823755], Residual: 1.655e+00
  Point 17: [ 0.27415264 -0.69719684], Residual: 1.635e+00
  Point 18: [0.24704427 0.65328944], Residual: 1.633e+00
  Point 19: [ 0.07705575 -0.6428232 ], Residual: 1.631e+00
  Point 20: [ 0.76940095 -0.87344897], Residual: 1.628e+00
  Point 21: [0.38328922 0.59693265], Residual: 1.613e+00
  Point 22: [ 0.4026658 -0.7456547], Residual: 1.606e+00
  Point 23: [ 0.9598254 -0.9023932], Residual: 1.600e+00
  Point 24: [ 0.18222296 -0.6001142 ], Residual: 1.580e+00
  Point 25: [0.45808405 0.6217562 ], Residual: 1.579e+00
  Point 26: [ 0.10403258 -0.5999669 ], Residual: 1.579e+00
  Point 27: [ 0.3659675 -0.7920828], Residual: 1.570e+00
  Point 28: [ 0.15563107 -0.71073616], Residual: 1.570e+00
  Point 29: [ 0.27153772 -0.7922895 ], Residual: 1.569e+00
  Point 30: [ 0.942359  -0.8899685], Residual: 1.548e+00
  Point 31: [ 0.41940886 -0.72515893], Residual: 1.548e+00
  Point 32: [0.15444332 0.6260706 ], Residual: 1.545e+00
  Point 33: [ 0.1896103  -0.65911007], Residual: 1.537e+00
  Point 34: [0.03708881 0.5315025 ], Residual: 1.536e+00
  Point 35: [ 0.67691123 -0.75927293], Residual: 1.533e+00
  Point 36: [ 0.2777176  -0.71716785], Residual: 1.532e+00
  Point 37: [ 0.5197782 -0.7533318], Residual: 1.525e+00
  Point 38: [ 0.21242696 -0.7218449 ], Residual: 1.523e+00
  Point 39: [ 0.3721807  -0.69270575], Residual: 1.518e+00
  Point 40: [0.56485546 0.4766513 ], Residual: 1.516e+00
  Point 41: [ 0.6914393 -0.7762799], Residual: 1.509e+00
  Point 42: [ 0.07618558 -0.62480366], Residual: 1.502e+00
  Point 43: [ 0.45291448 -0.744547  ], Residual: 1.500e+00
  Point 44: [0.11813533 0.5433887 ], Residual: 1.500e+00
  Point 45: [ 3.3634901e-04 -5.7952166e-01], Residual: 1.478e+00
  Point 46: [ 0.6036279  -0.79117465], Residual: 1.466e+00
  Point 47: [ 0.7988513  -0.90240204], Residual: 1.464e+00
  Point 48: [ 0.1546458  -0.54362154], Residual: 1.462e+00
  Point 49: [ 0.23751843 -0.70041907], Residual: 1.453e+00
  Point 50: [ 0.65526384 -0.8202239 ], Residual: 1.445e+00
  Point 51: [ 0.38228452 -0.67449844], Residual: 1.431e+00
  Point 52: [ 0.91265583 -0.818575  ], Residual: 1.410e+00
  Point 53: [ 0.9434852 -0.931525 ], Residual: 1.410e+00
  Point 54: [ 0.70450675 -0.74099386], Residual: 1.409e+00
  Point 55: [ 0.02062446 -0.5678984 ], Residual: 1.408e+00
  Point 56: [ 0.70919156 -0.80534947], Residual: 1.396e+00
  Point 57: [0.20232701 0.49658227], Residual: 1.395e+00
  Point 58: [ 0.12715751 -0.6181357 ], Residual: 1.391e+00
  Point 59: [ 0.3395878  -0.66872644], Residual: 1.388e+00
  Point 60: [ 0.79140645 -0.74354255], Residual: 1.387e+00
  Point 61: [ 0.7134046 -0.8584626], Residual: 1.385e+00
  Point 62: [ 0.9923945 -0.932006 ], Residual: 1.381e+00
  Point 63: [0.0109005  0.40972888], Residual: 1.381e+00
  Point 64: [ 0.03068656 -0.63205826], Residual: 1.378e+00
  Point 65: [ 0.9012235  -0.88539183], Residual: 1.371e+00
  Point 66: [ 0.76532394 -0.89507246], Residual: 1.365e+00
  Point 67: [ 0.6946864  -0.78506875], Residual: 1.358e+00
  Point 68: [ 0.24198085 -0.6293696 ], Residual: 1.355e+00
  Point 69: [ 0.37253016 -0.7170005 ], Residual: 1.352e+00
  Point 70: [ 0.95874494 -0.9917747 ], Residual: 1.351e+00
  Point 71: [ 0.33285457 -0.62560487], Residual: 1.350e+00
  Point 72: [ 0.8101182 -0.8552363], Residual: 1.348e+00
  Point 73: [ 0.53949916 -0.684343  ], Residual: 1.348e+00
  Point 74: [ 0.1728977  -0.62793505], Residual: 1.342e+00
  Point 75: [ 0.7257415 -0.7356461], Residual: 1.338e+00
  Point 76: [ 0.03935182 -0.67924786], Residual: 1.338e+00
  Point 77: [ 0.1621728  -0.55188465], Residual: 1.338e+00
  Point 78: [ 0.04722804 -0.75320864], Residual: 1.334e+00
  Point 79: [ 0.6961903 -0.8145608], Residual: 1.333e+00
  Point 80: [0.07004786 0.51254153], Residual: 1.333e+00
  Point 81: [ 0.9410628 -0.9125681], Residual: 1.331e+00
  Point 82: [ 0.20724875 -0.69446313], Residual: 1.327e+00
  Point 83: [0.2892403 0.558962 ], Residual: 1.323e+00
  Point 84: [ 0.12987036 -0.60204864], Residual: 1.319e+00
  Point 85: [ 0.7327318 -0.8158288], Residual: 1.319e+00
  Point 86: [ 0.3362745 -0.6836792], Residual: 1.316e+00
  Point 87: [ 0.982561  -0.9872619], Residual: 1.312e+00
  Point 88: [0.6059834  0.73355365], Residual: 1.312e+00
  Point 89: [ 0.8557515 -0.8812711], Residual: 1.312e+00
  Point 90: [ 0.3763488  -0.68437135], Residual: 1.311e+00
  Point 91: [ 0.59102374 -0.77186656], Residual: 1.309e+00
  Point 92: [ 0.18732458 -0.69893956], Residual: 1.306e+00
  Point 93: [ 0.44479936 -0.7103127 ], Residual: 1.305e+00
  Point 94: [0.02205682 0.51969874], Residual: 1.304e+00
  Point 95: [ 0.2480092 -0.6135433], Residual: 1.303e+00
  Point 96: [ 0.50593615 -0.75142646], Residual: 1.300e+00
  Point 97: [ 0.8506383 -0.8389267], Residual: 1.297e+00
  Point 98: [ 0.7937012 -0.7764993], Residual: 1.297e+00
  Point 99: [ 0.563073   -0.83274484], Residual: 1.286e+00
  Point 100: [ 0.15654868 -0.7068714 ], Residual: 1.286e+00
Total adaptive points: 100

Iteration: 2100, loss_r = 5.5e-05 ,  loss_bc = 6.0e-06,  loss_ic = 1.1e-04,  lr = 1.0e-03, time_taken = 6.5e-01, rel_l2_error = 8.4e-02
Model state saved to ./checkpoints/burgers_exact\2026-03-08_23-24-15-556707\model.pth
Iteration: 2200, loss_r = 7.3e-05 ,  loss_bc = 6.8e-06,  loss_ic = 1.8e-04,  lr = 1.0e-03, time_taken = 7.5e-01, rel_l2_error = 6.4e-02
Model state saved to ./checkpoints/burgers_exact\2026-03-08_23-24-15-556707\model.pth
Iteration: 2300, loss_r = 8.8e-05 ,  loss_bc = 3.9e-06,  loss_ic = 7.5e-05,  lr = 1.0e-03, time_taken = 7.3e-01, rel_l2_error = 5.1e-02
Model state saved to ./checkpoints/burgers_exact\2026-03-08_23-24-15-556707\model.pth
Iteration: 2400, loss_r = 3.9e-05 ,  loss_bc = 4.4e-06,  loss_ic = 5.7e-05,  lr = 1.0e-03, time_taken = 7.3e-01, rel_l2_error = 5.7e-02
Model state saved to ./checkpoints/burgers_exact\2026-03-08_23-24-15-556707\model.pth
Iteration: 2500, loss_r = 5.0e-05 ,  loss_bc = 5.1e-06,  loss_ic = 5.3e-05,  lr = 1.0e-03, time_taken = 7.5e-01, rel_l2_error = 4.8e-02
Model state saved to ./checkpoints/burgers_exact\2026-03-08_23-24-15-556707\model.pth
Iteration: 2600, loss_r = 4.2e-05 ,  loss_bc = 1.2e-05,  loss_ic = 8.1e-05,  lr = 1.0e-03, time_taken = 7.1e-01, rel_l2_error = 3.4e-02
Model state saved to ./checkpoints/burgers_exact\2026-03-08_23-24-15-556707\model.pth
Iteration: 2700, loss_r = 7.3e-05 ,  loss_bc = 3.0e-06,  loss_ic = 3.3e-05,  lr = 1.0e-03, time_taken = 7.4e-01, rel_l2_error = 4.4e-02
Model state saved to ./checkpoints/burgers_exact\2026-03-08_23-24-15-556707\model.pth
Iteration: 2800, loss_r = 3.4e-05 ,  loss_bc = 2.0e-06,  loss_ic = 1.4e-05,  lr = 1.0e-03, time_taken = 6.8e-01, rel_l2_error = 4.6e-02
Model state saved to ./checkpoints/burgers_exact\2026-03-08_23-24-15-556707\model.pth
Iteration: 2900, loss_r = 3.2e-05 ,  loss_bc = 7.1e-06,  loss_ic = 2.4e-05,  lr = 1.0e-03, time_taken = 6.8e-01, rel_l2_error = 3.6e-02
Model state saved to ./checkpoints/burgers_exact\2026-03-08_23-24-15-556707\model.pth
Iteration: 3000, loss_r = 3.2e-05 ,  loss_bc = 2.1e-06,  loss_ic = 3.1e-05,  lr = 1.0e-03, time_taken = 7.4e-01, rel_l2_error = 3.8e-02
Model state saved to ./checkpoints/burgers_exact\2026-03-08_23-24-15-556707\model.pth
Iteration: 3100, loss_r = 2.5e-05 ,  loss_bc = 9.7e-07,  loss_ic = 3.2e-05,  lr = 1.0e-03, time_taken = 7.3e-01, rel_l2_error = 2.7e-02
Model state saved to ./checkpoints/burgers_exact\2026-03-08_23-24-15-556707\model.pth
Iteration: 3200, loss_r = 3.6e-05 ,  loss_bc = 1.7e-06,  loss_ic = 4.4e-05,  lr = 1.0e-03, time_taken = 7.2e-01, rel_l2_error = 3.2e-02
Model state saved to ./checkpoints/burgers_exact\2026-03-08_23-24-15-556707\model.pth
Iteration: 3300, loss_r = 2.9e-05 ,  loss_bc = 2.4e-06,  loss_ic = 3.5e-05,  lr = 1.0e-03, time_taken = 7.3e-01, rel_l2_error = 2.7e-02
Model state saved to ./checkpoints/burgers_exact\2026-03-08_23-24-15-556707\model.pth
Iteration: 3400, loss_r = 2.4e-05 ,  loss_bc = 2.7e-06,  loss_ic = 1.4e-05,  lr = 1.0e-03, time_taken = 7.4e-01, rel_l2_error = 2.8e-02
Model state saved to ./checkpoints/burgers_exact\2026-03-08_23-24-15-556707\model.pth
Iteration: 3500, loss_r = 2.2e-05 ,  loss_bc = 9.0e-06,  loss_ic = 2.1e-05,  lr = 1.0e-03, time_taken = 7.2e-01, rel_l2_error = 2.3e-02
Model state saved to ./checkpoints/burgers_exact\2026-03-08_23-24-15-556707\model.pth
Iteration: 3600, loss_r = 2.7e-05 ,  loss_bc = 4.8e-06,  loss_ic = 1.5e-05,  lr = 1.0e-03, time_taken = 7.4e-01, rel_l2_error = 2.5e-02
Model state saved to ./checkpoints/burgers_exact\2026-03-08_23-24-15-556707\model.pth
Iteration: 3700, loss_r = 2.0e-05 ,  loss_bc = 7.0e-07,  loss_ic = 1.9e-05,  lr = 1.0e-03, time_taken = 6.9e-01, rel_l2_error = 1.9e-02
Model state saved to ./checkpoints/burgers_exact\2026-03-08_23-24-15-556707\model.pth
Iteration: 3800, loss_r = 2.6e-05 ,  loss_bc = 1.0e-05,  loss_ic = 2.1e-05,  lr = 1.0e-03, time_taken = 7.2e-01, rel_l2_error = 2.5e-02
Model state saved to ./checkpoints/burgers_exact\2026-03-08_23-24-15-556707\model.pth
Iteration: 3900, loss_r = 2.2e-05 ,  loss_bc = 4.9e-06,  loss_ic = 2.2e-05,  lr = 1.0e-03, time_taken = 7.4e-01, rel_l2_error = 3.4e-02
Model state saved to ./checkpoints/burgers_exact\2026-03-08_23-24-15-556707\model.pth
Iteration: 4000, loss_r = 1.7e-05 ,  loss_bc = 7.0e-07,  loss_ic = 2.4e-05,  lr = 1.0e-03, time_taken = 7.2e-01, rel_l2_error = 2.6e-02
Model state saved to ./checkpoints/burgers_exact\2026-03-08_23-24-15-556707\model.pth

=== RAR Evaluation at iteration 4000 ===
Mean residual: 3.208e-01
Adding 100 new point(s) with highest residuals:
  Point 1: [ 0.6919248 -0.7653018], Residual: 4.386e+00
  Point 2: [ 0.3635648  -0.67179644], Residual: 3.605e+00
  Point 3: [ 0.05461967 -0.59333634], Residual: 3.318e+00
  Point 4: [ 0.15727204 -0.60989606], Residual: 3.104e+00
  Point 5: [ 0.03791314 -0.6052247 ], Residual: 2.987e+00
  Point 6: [ 0.7062551 -0.7641016], Residual: 2.884e+00
  Point 7: [ 0.25658756 -0.66684544], Residual: 2.880e+00
  Point 8: [ 0.15621948 -0.63303113], Residual: 2.854e+00
  Point 9: [ 0.05645669 -0.5328393 ], Residual: 2.852e+00
  Point 10: [ 0.27651864 -0.587152  ], Residual: 2.851e+00
  Point 11: [ 0.09436107 -0.6353375 ], Residual: 2.697e+00
  Point 12: [ 0.11769974 -0.6469363 ], Residual: 2.676e+00
  Point 13: [ 0.38512516 -0.6586102 ], Residual: 2.656e+00
  Point 14: [ 0.16022116 -0.5726783 ], Residual: 2.631e+00
  Point 15: [ 0.6131732 -0.7903893], Residual: 2.593e+00
  Point 16: [ 0.6284129 -0.728515 ], Residual: 2.585e+00
  Point 17: [ 0.40029156 -0.62667525], Residual: 2.555e+00
  Point 18: [ 0.34165353 -0.7060337 ], Residual: 2.540e+00
  Point 19: [ 0.7125805 -0.7212254], Residual: 2.536e+00
  Point 20: [ 0.48624706 -0.7862655 ], Residual: 2.526e+00
  Point 21: [ 0.01788646 -0.5963534 ], Residual: 2.511e+00
  Point 22: [ 0.53642577 -0.69005895], Residual: 2.506e+00
  Point 23: [ 0.5764179  -0.76266265], Residual: 2.501e+00
  Point 24: [ 0.14403427 -0.6571834 ], Residual: 2.470e+00
  Point 25: [ 0.5476972 -0.7409884], Residual: 2.466e+00
  Point 26: [ 0.20456266 -0.6396861 ], Residual: 2.434e+00
  Point 27: [0.77781254 0.6354017 ], Residual: 2.432e+00
  Point 28: [ 0.8262507 -0.7648517], Residual: 2.410e+00
  Point 29: [ 0.04902464 -0.6511823 ], Residual: 2.387e+00
  Point 30: [ 0.08277243 -0.6806216 ], Residual: 2.357e+00
  Point 31: [ 0.12944537 -0.5729072 ], Residual: 2.352e+00
  Point 32: [ 0.9500718  -0.89475393], Residual: 2.348e+00
  Point 33: [ 0.03634095 -0.51684475], Residual: 2.324e+00
  Point 34: [ 0.20338279 -0.7030573 ], Residual: 2.316e+00
  Point 35: [ 0.47536635 -0.70372355], Residual: 2.310e+00
  Point 36: [ 0.6701475 -0.6947671], Residual: 2.305e+00
  Point 37: [ 0.5493435  -0.71872795], Residual: 2.288e+00
  Point 38: [ 0.1611256 -0.6075009], Residual: 2.285e+00
  Point 39: [ 0.9948577  -0.84535146], Residual: 2.279e+00
  Point 40: [ 0.49696952 -0.6771827 ], Residual: 2.274e+00
  Point 41: [ 0.13843656 -0.5578227 ], Residual: 2.273e+00
  Point 42: [0.52463263 0.60890555], Residual: 2.260e+00
  Point 43: [ 0.5747152  -0.75323606], Residual: 2.259e+00
  Point 44: [ 0.547918  -0.7604152], Residual: 2.250e+00
  Point 45: [0.9513222 0.6188388], Residual: 2.237e+00
  Point 46: [ 0.7562081  -0.77266085], Residual: 2.207e+00
  Point 47: [ 0.8270849  -0.78890836], Residual: 2.199e+00
  Point 48: [ 0.5834587  -0.77444196], Residual: 2.180e+00
  Point 49: [ 0.11052775 -0.55524457], Residual: 2.179e+00
  Point 50: [ 0.77671576 -0.7636224 ], Residual: 2.178e+00
  Point 51: [ 0.60537726 -0.6434418 ], Residual: 2.169e+00
  Point 52: [ 0.7489702 -0.7843387], Residual: 2.159e+00
  Point 53: [ 0.6752403 -0.7831297], Residual: 2.154e+00
  Point 54: [ 0.9325433 -0.7448354], Residual: 2.151e+00
  Point 55: [ 0.0247674 -0.5725304], Residual: 2.124e+00
  Point 56: [ 0.27078575 -0.6045623 ], Residual: 2.118e+00
  Point 57: [0.10570461 0.5367373 ], Residual: 2.100e+00
  Point 58: [ 0.7834719 -0.8438792], Residual: 2.096e+00
  Point 59: [ 0.3331486  -0.67905223], Residual: 2.088e+00
  Point 60: [ 0.35579908 -0.6292052 ], Residual: 2.079e+00
  Point 61: [0.33696193 0.6094061 ], Residual: 2.067e+00
  Point 62: [0.11462694 0.4335009 ], Residual: 2.067e+00
  Point 63: [ 0.09613836 -0.68291867], Residual: 2.064e+00
  Point 64: [ 0.21487695 -0.6350179 ], Residual: 2.061e+00
  Point 65: [ 0.6009833 -0.7671348], Residual: 2.059e+00
  Point 66: [ 0.6590246 -0.7766942], Residual: 2.057e+00
  Point 67: [ 0.44552988 -0.7318646 ], Residual: 2.056e+00
  Point 68: [0.19299364 0.6202941 ], Residual: 2.053e+00
  Point 69: [ 0.24815112 -0.6839856 ], Residual: 2.046e+00
  Point 70: [0.3786438 0.6822784], Residual: 2.044e+00
  Point 71: [ 0.67379075 -0.77963305], Residual: 2.034e+00
  Point 72: [ 0.2553969  -0.64437723], Residual: 2.032e+00
  Point 73: [ 0.89269257 -0.75894713], Residual: 2.031e+00
  Point 74: [ 0.03871018 -0.5301721 ], Residual: 2.025e+00
  Point 75: [ 0.5307111 -0.7488202], Residual: 2.025e+00
  Point 76: [ 0.43848896 -0.7244276 ], Residual: 2.020e+00
  Point 77: [ 0.03705066 -0.5848228 ], Residual: 2.018e+00
  Point 78: [ 0.47927982 -0.76675737], Residual: 1.991e+00
  Point 79: [ 0.22109354 -0.6179832 ], Residual: 1.991e+00
  Point 80: [ 0.456047 -0.656742], Residual: 1.972e+00
  Point 81: [ 0.09911543 -0.5657964 ], Residual: 1.969e+00
  Point 82: [ 0.73803526 -0.80067325], Residual: 1.966e+00
  Point 83: [ 0.34026396 -0.65015423], Residual: 1.956e+00
  Point 84: [0.46941495 0.52951956], Residual: 1.951e+00
  Point 85: [ 0.2645207 -0.5880507], Residual: 1.946e+00
  Point 86: [ 0.97728366 -0.8388344 ], Residual: 1.941e+00
  Point 87: [ 0.82264334 -0.73294985], Residual: 1.926e+00
  Point 88: [ 0.77031845 -0.8672787 ], Residual: 1.926e+00
  Point 89: [ 0.9763624 -0.8818191], Residual: 1.925e+00
  Point 90: [0.32725662 0.6986352 ], Residual: 1.921e+00
  Point 91: [ 0.02720922 -0.6024754 ], Residual: 1.915e+00
  Point 92: [0.5056184 0.498621 ], Residual: 1.912e+00
  Point 93: [ 0.03534371 -0.5355468 ], Residual: 1.891e+00
  Point 94: [ 0.21083903 -0.6011393 ], Residual: 1.884e+00
  Point 95: [0.4225483 0.3828205], Residual: 1.875e+00
  Point 96: [ 0.10135823 -0.6247518 ], Residual: 1.866e+00
  Point 97: [ 0.54507136 -0.6827204 ], Residual: 1.855e+00
  Point 98: [ 0.33450645 -0.719188  ], Residual: 1.847e+00
  Point 99: [0.03710771 0.31584144], Residual: 1.846e+00
  Point 100: [ 0.64274365 -0.7518023 ], Residual: 1.835e+00
Total adaptive points: 200

Iteration: 4100, loss_r = 2.1e-05 ,  loss_bc = 6.7e-07,  loss_ic = 9.9e-06,  lr = 1.0e-03, time_taken = 7.6e-01, rel_l2_error = 2.4e-02
Model state saved to ./checkpoints/burgers_exact\2026-03-08_23-24-15-556707\model.pth
Iteration: 4200, loss_r = 2.6e-05 ,  loss_bc = 3.5e-06,  loss_ic = 9.2e-06,  lr = 1.0e-03, time_taken = 7.3e-01, rel_l2_error = 1.9e-02
Model state saved to ./checkpoints/burgers_exact\2026-03-08_23-24-15-556707\model.pth
Iteration: 4300, loss_r = 1.7e-05 ,  loss_bc = 2.0e-06,  loss_ic = 1.6e-05,  lr = 1.0e-03, time_taken = 7.3e-01, rel_l2_error = 2.1e-02
Model state saved to ./checkpoints/burgers_exact\2026-03-08_23-24-15-556707\model.pth
Iteration: 4400, loss_r = 1.7e-05 ,  loss_bc = 5.5e-06,  loss_ic = 2.0e-05,  lr = 1.0e-03, time_taken = 7.9e-01, rel_l2_error = 2.1e-02
Model state saved to ./checkpoints/burgers_exact\2026-03-08_23-24-15-556707\model.pth
Iteration: 4500, loss_r = 1.1e-05 ,  loss_bc = 1.5e-05,  loss_ic = 1.7e-05,  lr = 1.0e-03, time_taken = 7.2e-01, rel_l2_error = 2.2e-02
Model state saved to ./checkpoints/burgers_exact\2026-03-08_23-24-15-556707\model.pth
Iteration: 4600, loss_r = 1.9e-05 ,  loss_bc = 1.6e-06,  loss_ic = 7.8e-06,  lr = 1.0e-03, time_taken = 8.1e-01, rel_l2_error = 2.0e-02
Model state saved to ./checkpoints/burgers_exact\2026-03-08_23-24-15-556707\model.pth
Iteration: 4700, loss_r = 1.6e-05 ,  loss_bc = 1.7e-06,  loss_ic = 1.2e-05,  lr = 1.0e-03, time_taken = 7.6e-01, rel_l2_error = 1.9e-02
Model state saved to ./checkpoints/burgers_exact\2026-03-08_23-24-15-556707\model.pth
Iteration: 4800, loss_r = 1.1e-05 ,  loss_bc = 2.5e-06,  loss_ic = 1.1e-05,  lr = 1.0e-03, time_taken = 7.3e-01, rel_l2_error = 2.5e-02
Model state saved to ./checkpoints/burgers_exact\2026-03-08_23-24-15-556707\model.pth
Iteration: 4900, loss_r = 9.5e-06 ,  loss_bc = 9.6e-06,  loss_ic = 1.2e-05,  lr = 1.0e-03, time_taken = 7.4e-01, rel_l2_error = 1.8e-02
Model state saved to ./checkpoints/burgers_exact\2026-03-08_23-24-15-556707\model.pth
Iteration: 5000, loss_r = 1.4e-05 ,  loss_bc = 2.5e-06,  loss_ic = 8.5e-06,  lr = 1.0e-03, time_taken = 1.1e+00, rel_l2_error = 1.9e-02
Model state saved to ./checkpoints/burgers_exact\2026-03-08_23-24-15-556707\model.pth
Iteration: 5100, loss_r = 9.8e-06 ,  loss_bc = 4.7e-07,  loss_ic = 8.6e-06,  lr = 1.0e-03, time_taken = 8.0e-01, rel_l2_error = 1.9e-02
Model state saved to ./checkpoints/burgers_exact\2026-03-08_23-24-15-556707\model.pth
Iteration: 5200, loss_r = 1.1e-05 ,  loss_bc = 6.4e-06,  loss_ic = 1.1e-05,  lr = 1.0e-03, time_taken = 7.3e-01, rel_l2_error = 1.5e-02
Model state saved to ./checkpoints/burgers_exact\2026-03-08_23-24-15-556707\model.pth
Iteration: 5300, loss_r = 1.2e-05 ,  loss_bc = 6.8e-07,  loss_ic = 1.1e-05,  lr = 1.0e-03, time_taken = 7.3e-01, rel_l2_error = 1.5e-02
Model state saved to ./checkpoints/burgers_exact\2026-03-08_23-24-15-556707\model.pth
Iteration: 5400, loss_r = 1.3e-05 ,  loss_bc = 2.1e-06,  loss_ic = 9.2e-06,  lr = 1.0e-03, time_taken = 8.2e-01, rel_l2_error = 1.6e-02
Model state saved to ./checkpoints/burgers_exact\2026-03-08_23-24-15-556707\model.pth
Iteration: 5500, loss_r = 8.3e-06 ,  loss_bc = 1.6e-06,  loss_ic = 1.7e-05,  lr = 1.0e-03, time_taken = 7.9e-01, rel_l2_error = 2.0e-02
Model state saved to ./checkpoints/burgers_exact\2026-03-08_23-24-15-556707\model.pth
Iteration: 5600, loss_r = 8.8e-06 ,  loss_bc = 7.6e-07,  loss_ic = 5.2e-06,  lr = 1.0e-03, time_taken = 7.5e-01, rel_l2_error = 1.2e-02
Model state saved to ./checkpoints/burgers_exact\2026-03-08_23-24-15-556707\model.pth
Iteration: 5700, loss_r = 7.9e-06 ,  loss_bc = 1.8e-06,  loss_ic = 7.8e-06,  lr = 1.0e-03, time_taken = 7.5e-01, rel_l2_error = 1.5e-02
Model state saved to ./checkpoints/burgers_exact\2026-03-08_23-24-15-556707\model.pth
Iteration: 5800, loss_r = 1.2e-05 ,  loss_bc = 2.5e-06,  loss_ic = 6.3e-06,  lr = 1.0e-03, time_taken = 6.5e-01, rel_l2_error = 1.3e-02
Model state saved to ./checkpoints/burgers_exact\2026-03-08_23-24-15-556707\model.pth
Iteration: 5900, loss_r = 1.2e-05 ,  loss_bc = 4.5e-06,  loss_ic = 5.0e-06,  lr = 1.0e-03, time_taken = 7.5e-01, rel_l2_error = 1.5e-02
Model state saved to ./checkpoints/burgers_exact\2026-03-08_23-24-15-556707\model.pth
Iteration: 6000, loss_r = 8.9e-06 ,  loss_bc = 3.1e-06,  loss_ic = 4.6e-06,  lr = 1.0e-03, time_taken = 6.7e-01, rel_l2_error = 1.9e-02
Model state saved to ./checkpoints/burgers_exact\2026-03-08_23-24-15-556707\model.pth

=== RAR Evaluation at iteration 6000 ===
Mean residual: 3.088e-01
Adding 100 new point(s) with highest residuals:
  Point 1: [ 0.4923938  -0.70400095], Residual: 4.338e+00
  Point 2: [ 0.45138592 -0.6854466 ], Residual: 4.231e+00
  Point 3: [ 0.01611239 -0.53870857], Residual: 3.718e+00
  Point 4: [ 0.29556745 -0.6591269 ], Residual: 3.508e+00
  Point 5: [ 0.09476334 -0.60827076], Residual: 3.311e+00
  Point 6: [ 0.37891632 -0.6499152 ], Residual: 3.247e+00
  Point 7: [ 0.16982204 -0.674299  ], Residual: 3.197e+00
  Point 8: [ 0.7063316 -0.7774123], Residual: 3.135e+00
  Point 9: [ 0.31715804 -0.6976849 ], Residual: 3.130e+00
  Point 10: [ 0.09358835 -0.5991329 ], Residual: 3.116e+00
  Point 11: [ 0.26264644 -0.66895056], Residual: 3.065e+00
  Point 12: [ 0.40218723 -0.6382015 ], Residual: 3.049e+00
  Point 13: [ 0.3325321 -0.7157273], Residual: 3.022e+00
  Point 14: [ 0.2263884 -0.6936897], Residual: 2.989e+00
  Point 15: [ 0.7336446 -0.7587018], Residual: 2.879e+00
  Point 16: [ 0.2865911 -0.6620046], Residual: 2.854e+00
  Point 17: [ 0.49342728 -0.7482947 ], Residual: 2.793e+00
  Point 18: [ 0.9894907 -0.8176141], Residual: 2.748e+00
  Point 19: [ 0.31191558 -0.6561525 ], Residual: 2.716e+00
  Point 20: [ 0.12419218 -0.64443123], Residual: 2.686e+00
  Point 21: [ 0.25160348 -0.6063366 ], Residual: 2.677e+00
  Point 22: [ 0.37442732 -0.72073054], Residual: 2.669e+00
  Point 23: [ 0.19438297 -0.6231737 ], Residual: 2.669e+00
  Point 24: [ 0.5059837  -0.70353305], Residual: 2.640e+00
  Point 25: [ 0.15568209 -0.6540655 ], Residual: 2.622e+00
  Point 26: [ 0.8344326 -0.7055876], Residual: 2.606e+00
  Point 27: [ 0.9445945  -0.74131334], Residual: 2.557e+00
  Point 28: [0.8441947  0.56642246], Residual: 2.556e+00
  Point 29: [0.05243081 0.5152104 ], Residual: 2.551e+00
  Point 30: [ 0.33548963 -0.68328893], Residual: 2.536e+00
  Point 31: [ 0.5690599 -0.6881622], Residual: 2.510e+00
  Point 32: [ 0.93053776 -0.79687333], Residual: 2.455e+00
  Point 33: [0.3607003 0.540347 ], Residual: 2.441e+00
  Point 34: [ 0.96870553 -0.78064   ], Residual: 2.406e+00
  Point 35: [ 0.65456134 -0.79486954], Residual: 2.406e+00
  Point 36: [ 0.46582067 -0.6812054 ], Residual: 2.371e+00
  Point 37: [ 0.154845   -0.65101624], Residual: 2.367e+00
  Point 38: [ 0.26616836 -0.6567422 ], Residual: 2.317e+00
  Point 39: [ 0.40017188 -0.64395785], Residual: 2.313e+00
  Point 40: [ 0.24750161 -0.2536304 ], Residual: 2.312e+00
  Point 41: [ 0.9617586 -0.7774248], Residual: 2.300e+00
  Point 42: [ 0.60099787 -0.73408794], Residual: 2.288e+00
  Point 43: [ 0.6673139 -0.711216 ], Residual: 2.287e+00
  Point 44: [ 0.6606613 -0.7612153], Residual: 2.277e+00
  Point 45: [ 0.10254937 -0.5698601 ], Residual: 2.266e+00
  Point 46: [ 0.881027  -0.7756407], Residual: 2.238e+00
  Point 47: [ 0.88417757 -0.7700496 ], Residual: 2.188e+00
  Point 48: [ 0.09478533 -0.6208768 ], Residual: 2.184e+00
  Point 49: [ 0.60954934 -0.73859954], Residual: 2.182e+00
  Point 50: [ 0.2971179  -0.72239256], Residual: 2.180e+00
  Point 51: [ 0.2053355  -0.56966937], Residual: 2.177e+00
  Point 52: [ 0.39170474 -0.69965124], Residual: 2.173e+00
  Point 53: [ 0.45598686 -0.73327565], Residual: 2.171e+00
  Point 54: [ 0.17507917 -0.5940981 ], Residual: 2.164e+00
  Point 55: [ 0.06510288 -0.670447  ], Residual: 2.145e+00
  Point 56: [ 0.2850802 -0.6478108], Residual: 2.134e+00
  Point 57: [ 0.29526174 -0.6747432 ], Residual: 2.118e+00
  Point 58: [ 0.02227098 -0.53608215], Residual: 2.117e+00
  Point 59: [ 0.6741306 -0.7142292], Residual: 2.108e+00
  Point 60: [ 0.43828994 -0.7105833 ], Residual: 2.102e+00
  Point 61: [ 0.81651336 -0.7198309 ], Residual: 2.093e+00
  Point 62: [ 0.08497858 -0.6230463 ], Residual: 2.085e+00
  Point 63: [ 0.81504434 -0.7398013 ], Residual: 2.078e+00
  Point 64: [ 0.9789353 -0.7594981], Residual: 2.070e+00
  Point 65: [0.4998014 0.478799 ], Residual: 2.048e+00
  Point 66: [ 0.85588515 -0.76532066], Residual: 2.047e+00
  Point 67: [ 0.3737328  -0.66986537], Residual: 2.044e+00
  Point 68: [0.13642025 0.6752312 ], Residual: 2.042e+00
  Point 69: [ 0.72576773 -0.74992955], Residual: 2.036e+00
  Point 70: [ 0.3558631  -0.67931056], Residual: 2.035e+00
  Point 71: [ 0.745887   -0.75293183], Residual: 2.032e+00
  Point 72: [ 0.76829374 -0.7918179 ], Residual: 2.026e+00
  Point 73: [ 0.8626967 -0.7592282], Residual: 1.996e+00
  Point 74: [ 0.2976966  -0.59586835], Residual: 1.994e+00
  Point 75: [ 0.08417505 -0.5193106 ], Residual: 1.989e+00
  Point 76: [ 0.4932239  -0.68486094], Residual: 1.988e+00
  Point 77: [ 0.8031985  -0.79099166], Residual: 1.985e+00
  Point 78: [0.90349346 0.64579356], Residual: 1.979e+00
  Point 79: [ 0.07517141 -0.55767477], Residual: 1.968e+00
  Point 80: [0.3246246 0.5175308], Residual: 1.956e+00
  Point 81: [ 0.46437353 -0.66660345], Residual: 1.945e+00
  Point 82: [ 0.79493463 -0.7727655 ], Residual: 1.933e+00
  Point 83: [0.39999014 0.4150864 ], Residual: 1.931e+00
  Point 84: [ 0.33270574 -0.6873764 ], Residual: 1.930e+00
  Point 85: [ 0.03430206 -0.6229861 ], Residual: 1.928e+00
  Point 86: [ 0.9978486 -0.8374275], Residual: 1.917e+00
  Point 87: [ 0.5785165  -0.64654577], Residual: 1.913e+00
  Point 88: [ 0.49457866 -0.7346312 ], Residual: 1.909e+00
  Point 89: [0.8780763 0.7822391], Residual: 1.898e+00
  Point 90: [ 0.17528981 -0.66310215], Residual: 1.895e+00
  Point 91: [ 0.22552383 -0.67340124], Residual: 1.895e+00
  Point 92: [ 0.685001  -0.7020768], Residual: 1.893e+00
  Point 93: [ 0.02500808 -0.62894857], Residual: 1.890e+00
  Point 94: [ 0.1805473  -0.61084175], Residual: 1.889e+00
  Point 95: [ 0.43672127 -0.7615744 ], Residual: 1.883e+00
  Point 96: [0.37394303 0.30182588], Residual: 1.875e+00
  Point 97: [ 0.51562506 -0.6827265 ], Residual: 1.866e+00
  Point 98: [ 0.7870576  -0.75108314], Residual: 1.857e+00
  Point 99: [ 0.92082584 -0.84940374], Residual: 1.841e+00
  Point 100: [ 0.66752625 -0.70002425], Residual: 1.838e+00
Total adaptive points: 300

Iteration: 6100, loss_r = 6.7e-06 ,  loss_bc = 3.7e-06,  loss_ic = 6.3e-06,  lr = 1.0e-03, time_taken = 7.7e-01, rel_l2_error = 1.0e-02
Model state saved to ./checkpoints/burgers_exact\2026-03-08_23-24-15-556707\model.pth
Iteration: 6200, loss_r = 2.1e-05 ,  loss_bc = 4.3e-06,  loss_ic = 1.3e-05,  lr = 1.0e-03, time_taken = 7.5e-01, rel_l2_error = 1.4e-02
Model state saved to ./checkpoints/burgers_exact\2026-03-08_23-24-15-556707\model.pth
Iteration: 6300, loss_r = 9.4e-06 ,  loss_bc = 5.2e-06,  loss_ic = 6.0e-06,  lr = 1.0e-03, time_taken = 7.6e-01, rel_l2_error = 1.4e-02
Model state saved to ./checkpoints/burgers_exact\2026-03-08_23-24-15-556707\model.pth
Iteration: 6400, loss_r = 8.7e-06 ,  loss_bc = 1.7e-06,  loss_ic = 4.8e-06,  lr = 1.0e-03, time_taken = 7.4e-01, rel_l2_error = 1.3e-02
Model state saved to ./checkpoints/burgers_exact\2026-03-08_23-24-15-556707\model.pth
Iteration: 6500, loss_r = 1.0e-05 ,  loss_bc = 1.9e-06,  loss_ic = 4.9e-06,  lr = 1.0e-03, time_taken = 7.7e-01, rel_l2_error = 1.1e-02
Model state saved to ./checkpoints/burgers_exact\2026-03-08_23-24-15-556707\model.pth
Iteration: 6600, loss_r = 1.2e-05 ,  loss_bc = 6.8e-07,  loss_ic = 1.1e-05,  lr = 1.0e-03, time_taken = 7.8e-01, rel_l2_error = 1.7e-02
Model state saved to ./checkpoints/burgers_exact\2026-03-08_23-24-15-556707\model.pth
Iteration: 6700, loss_r = 1.0e-05 ,  loss_bc = 2.0e-06,  loss_ic = 5.9e-06,  lr = 1.0e-03, time_taken = 7.8e-01, rel_l2_error = 1.0e-02
Model state saved to ./checkpoints/burgers_exact\2026-03-08_23-24-15-556707\model.pth
Iteration: 6800, loss_r = 8.1e-06 ,  loss_bc = 5.4e-06,  loss_ic = 5.5e-06,  lr = 1.0e-03, time_taken = 6.9e-01, rel_l2_error = 1.2e-02
Model state saved to ./checkpoints/burgers_exact\2026-03-08_23-24-15-556707\model.pth
Iteration: 6900, loss_r = 7.4e-06 ,  loss_bc = 4.6e-06,  loss_ic = 9.5e-06,  lr = 1.0e-03, time_taken = 6.9e-01, rel_l2_error = 2.0e-02
Model state saved to ./checkpoints/burgers_exact\2026-03-08_23-24-15-556707\model.pth
Iteration: 7000, loss_r = 9.0e-06 ,  loss_bc = 1.0e-06,  loss_ic = 4.9e-06,  lr = 1.0e-03, time_taken = 7.5e-01, rel_l2_error = 9.9e-03
Model state saved to ./checkpoints/burgers_exact\2026-03-08_23-24-15-556707\model.pth
Iteration: 7100, loss_r = 8.3e-06 ,  loss_bc = 2.7e-06,  loss_ic = 4.5e-06,  lr = 1.0e-03, time_taken = 7.6e-01, rel_l2_error = 1.7e-02
Model state saved to ./checkpoints/burgers_exact\2026-03-08_23-24-15-556707\model.pth
Iteration: 7200, loss_r = 1.3e-05 ,  loss_bc = 2.2e-06,  loss_ic = 7.2e-06,  lr = 1.0e-03, time_taken = 7.4e-01, rel_l2_error = 2.0e-02
Model state saved to ./checkpoints/burgers_exact\2026-03-08_23-24-15-556707\model.pth
Iteration: 7300, loss_r = 5.5e-06 ,  loss_bc = 6.8e-07,  loss_ic = 3.1e-06,  lr = 1.0e-03, time_taken = 7.9e-01, rel_l2_error = 1.1e-02
Model state saved to ./checkpoints/burgers_exact\2026-03-08_23-24-15-556707\model.pth
Iteration: 7400, loss_r = 6.0e-06 ,  loss_bc = 1.1e-06,  loss_ic = 5.8e-06,  lr = 1.0e-03, time_taken = 7.4e-01, rel_l2_error = 1.7e-02
Model state saved to ./checkpoints/burgers_exact\2026-03-08_23-24-15-556707\model.pth
Iteration: 7500, loss_r = 2.4e-05 ,  loss_bc = 2.4e-05,  loss_ic = 1.2e-05,  lr = 1.0e-03, time_taken = 7.5e-01, rel_l2_error = 2.3e-02
Model state saved to ./checkpoints/burgers_exact\2026-03-08_23-24-15-556707\model.pth
Iteration: 7600, loss_r = 7.8e-06 ,  loss_bc = 2.1e-06,  loss_ic = 7.3e-06,  lr = 1.0e-03, time_taken = 7.4e-01, rel_l2_error = 1.2e-02
Model state saved to ./checkpoints/burgers_exact\2026-03-08_23-24-15-556707\model.pth
Iteration: 7700, loss_r = 9.9e-06 ,  loss_bc = 2.1e-06,  loss_ic = 6.0e-06,  lr = 1.0e-03, time_taken = 6.9e-01, rel_l2_error = 1.5e-02
Model state saved to ./checkpoints/burgers_exact\2026-03-08_23-24-15-556707\model.pth
Iteration: 7800, loss_r = 8.9e-06 ,  loss_bc = 5.0e-07,  loss_ic = 4.5e-06,  lr = 1.0e-03, time_taken = 7.4e-01, rel_l2_error = 1.2e-02
Model state saved to ./checkpoints/burgers_exact\2026-03-08_23-24-15-556707\model.pth
Iteration: 7900, loss_r = 7.6e-06 ,  loss_bc = 2.5e-06,  loss_ic = 5.2e-06,  lr = 1.0e-03, time_taken = 7.6e-01, rel_l2_error = 1.5e-02
Model state saved to ./checkpoints/burgers_exact\2026-03-08_23-24-15-556707\model.pth
Iteration: 8000, loss_r = 1.2e-05 ,  loss_bc = 4.5e-06,  loss_ic = 5.2e-06,  lr = 1.0e-03, time_taken = 7.2e-01, rel_l2_error = 1.1e-02
Model state saved to ./checkpoints/burgers_exact\2026-03-08_23-24-15-556707\model.pth

=== RAR Evaluation at iteration 8000 ===
Mean residual: 2.994e-01
Adding 100 new point(s) with highest residuals:
  Point 1: [ 0.04892439 -0.59158254], Residual: 4.007e+00
  Point 2: [ 0.17522424 -0.6189487 ], Residual: 3.885e+00
  Point 3: [ 0.45303714 -0.7334659 ], Residual: 3.654e+00
  Point 4: [ 0.250902   -0.64617896], Residual: 3.593e+00
  Point 5: [ 0.2536404 -0.6666378], Residual: 3.582e+00
  Point 6: [ 0.02877676 -0.63687   ], Residual: 3.436e+00
  Point 7: [ 0.62232965 -0.72450185], Residual: 3.182e+00
  Point 8: [ 0.22873276 -0.6871325 ], Residual: 2.924e+00
  Point 9: [ 0.9859644  -0.87882996], Residual: 2.867e+00
  Point 10: [0.9912211 0.555761 ], Residual: 2.832e+00
  Point 11: [ 0.70277476 -0.71894634], Residual: 2.718e+00
  Point 12: [ 0.43798703 -0.69345593], Residual: 2.669e+00
  Point 13: [ 0.4333412  -0.70667744], Residual: 2.637e+00
  Point 14: [ 0.5596173 -0.6872715], Residual: 2.630e+00
  Point 15: [ 0.5821948  -0.69077945], Residual: 2.616e+00
  Point 16: [ 0.6855376  -0.78197527], Residual: 2.604e+00
  Point 17: [ 0.08736748 -0.55619574], Residual: 2.542e+00
  Point 18: [0.18326598 0.413741  ], Residual: 2.470e+00
  Point 19: [0.7804329 0.6227232], Residual: 2.455e+00
  Point 20: [ 0.2694807 -0.6155189], Residual: 2.448e+00
  Point 21: [ 0.994599   -0.82452726], Residual: 2.422e+00
  Point 22: [ 0.01115453 -0.5705949 ], Residual: 2.377e+00
  Point 23: [0.17828202 0.3206812 ], Residual: 2.339e+00
  Point 24: [ 0.7571313  -0.73519063], Residual: 2.336e+00
  Point 25: [ 0.1240834  -0.59963155], Residual: 2.332e+00
  Point 26: [ 0.67962307 -0.79411507], Residual: 2.317e+00
  Point 27: [ 0.3912899  -0.67501616], Residual: 2.310e+00
  Point 28: [0.44628328 0.4606974 ], Residual: 2.302e+00
  Point 29: [ 0.2962731 -0.6077678], Residual: 2.300e+00
  Point 30: [ 0.33469146 -0.6333281 ], Residual: 2.297e+00
  Point 31: [ 0.45895278 -0.68782103], Residual: 2.276e+00
  Point 32: [ 0.9583648 -0.8023267], Residual: 2.271e+00
  Point 33: [ 0.31807452 -0.73548746], Residual: 2.254e+00
  Point 34: [0.41695702 0.6352179 ], Residual: 2.233e+00
  Point 35: [ 0.7557353 -0.7840444], Residual: 2.200e+00
  Point 36: [ 0.38486916 -0.6752467 ], Residual: 2.185e+00
  Point 37: [ 0.73440987 -0.6927581 ], Residual: 2.176e+00
  Point 38: [ 0.1715622 -0.6353276], Residual: 2.172e+00
  Point 39: [ 0.5201957  -0.73369503], Residual: 2.171e+00
  Point 40: [ 0.8459568  -0.83460605], Residual: 2.171e+00
  Point 41: [ 0.59450775 -0.72118926], Residual: 2.168e+00
  Point 42: [0.40617144 0.31476772], Residual: 2.158e+00
  Point 43: [ 0.27701908 -0.66871536], Residual: 2.154e+00
  Point 44: [ 0.5585461 -0.6827775], Residual: 2.144e+00
  Point 45: [ 0.12675327 -0.63464606], Residual: 2.120e+00
  Point 46: [ 0.2233252 -0.6597668], Residual: 2.109e+00
  Point 47: [ 0.71171254 -0.72961056], Residual: 2.103e+00
  Point 48: [ 0.99973524 -0.84996796], Residual: 2.094e+00
  Point 49: [ 0.41472846 -0.66515756], Residual: 2.083e+00
  Point 50: [0.045039  0.6511475], Residual: 2.077e+00
  Point 51: [ 0.6721545 -0.8068217], Residual: 2.044e+00
  Point 52: [ 0.14761734 -0.5406662 ], Residual: 2.042e+00
  Point 53: [ 0.03535903 -0.6163119 ], Residual: 2.031e+00
  Point 54: [ 0.2103486 -0.6354449], Residual: 2.014e+00
  Point 55: [ 0.4850921 -0.7401422], Residual: 2.003e+00
  Point 56: [ 0.29278964 -0.6106101 ], Residual: 2.000e+00
  Point 57: [ 0.95092946 -0.7933011 ], Residual: 1.991e+00
  Point 58: [ 0.38075095 -0.60778177], Residual: 1.986e+00
  Point 59: [ 0.37808478 -0.6741855 ], Residual: 1.984e+00
  Point 60: [ 0.7087018 -0.69961  ], Residual: 1.981e+00
  Point 61: [ 0.6470039 -0.6968944], Residual: 1.975e+00
  Point 62: [ 0.66534144 -0.7432605 ], Residual: 1.974e+00
  Point 63: [0.04153603 0.5233141 ], Residual: 1.970e+00
  Point 64: [0.53422815 0.42333937], Residual: 1.957e+00
  Point 65: [ 0.24958152 -0.14379454], Residual: 1.948e+00
  Point 66: [ 0.12743151 -0.603052  ], Residual: 1.944e+00
  Point 67: [ 0.5464021 -0.753145 ], Residual: 1.942e+00
  Point 68: [ 0.433744   -0.64677835], Residual: 1.940e+00
  Point 69: [ 0.8237328 -0.8251085], Residual: 1.938e+00
  Point 70: [0.4426819  0.72131383], Residual: 1.929e+00
  Point 71: [0.12648118 0.66874623], Residual: 1.928e+00
  Point 72: [0.28887433 0.44983876], Residual: 1.909e+00
  Point 73: [ 0.9383817  -0.84097743], Residual: 1.908e+00
  Point 74: [ 0.86466575 -0.7285166 ], Residual: 1.901e+00
  Point 75: [ 0.03906178 -0.66798556], Residual: 1.898e+00
  Point 76: [ 0.8430103 -0.78546  ], Residual: 1.892e+00
  Point 77: [ 0.20295435 -0.6049242 ], Residual: 1.891e+00
  Point 78: [ 0.85878885 -0.7358786 ], Residual: 1.888e+00
  Point 79: [ 0.14198709 -0.6702478 ], Residual: 1.872e+00
  Point 80: [0.15591437 0.77106297], Residual: 1.865e+00
  Point 81: [ 0.918834   -0.75683033], Residual: 1.846e+00
  Point 82: [ 0.03039002 -0.66272116], Residual: 1.842e+00
  Point 83: [ 0.24210173 -0.63862944], Residual: 1.835e+00
  Point 84: [ 0.01354957 -0.55095005], Residual: 1.821e+00
  Point 85: [ 0.20206052 -0.66820097], Residual: 1.783e+00
  Point 86: [0.45403433 0.8291918 ], Residual: 1.778e+00
  Point 87: [ 0.59860337 -0.6986202 ], Residual: 1.778e+00
  Point 88: [ 0.3562324  -0.59574187], Residual: 1.777e+00
  Point 89: [ 0.72890013 -0.7073029 ], Residual: 1.772e+00
  Point 90: [ 0.21369565 -0.5904441 ], Residual: 1.762e+00
  Point 91: [ 0.18637365 -0.64935136], Residual: 1.756e+00
  Point 92: [ 0.9100213  -0.74701464], Residual: 1.745e+00
  Point 93: [ 0.11104709 -0.6090313 ], Residual: 1.742e+00
  Point 94: [ 0.7583362  -0.74293244], Residual: 1.736e+00
  Point 95: [ 0.03559047 -0.57094324], Residual: 1.735e+00
  Point 96: [0.58703345 0.86373305], Residual: 1.735e+00
  Point 97: [ 0.6400527 -0.7739419], Residual: 1.728e+00
  Point 98: [0.17099434 0.29483593], Residual: 1.728e+00
  Point 99: [ 0.86730254 -0.79651046], Residual: 1.725e+00
  Point 100: [ 0.4193982 -0.6372273], Residual: 1.725e+00
Total adaptive points: 400

Iteration: 8100, loss_r = 6.7e-06 ,  loss_bc = 6.5e-07,  loss_ic = 4.2e-06,  lr = 1.0e-03, time_taken = 7.9e-01, rel_l2_error = 7.6e-03
Model state saved to ./checkpoints/burgers_exact\2026-03-08_23-24-15-556707\model.pth
Iteration: 8200, loss_r = 2.6e-06 ,  loss_bc = 1.8e-06,  loss_ic = 4.9e-06,  lr = 1.0e-03, time_taken = 7.4e-01, rel_l2_error = 1.0e-02
Model state saved to ./checkpoints/burgers_exact\2026-03-08_23-24-15-556707\model.pth
Iteration: 8300, loss_r = 7.8e-06 ,  loss_bc = 9.8e-06,  loss_ic = 9.6e-06,  lr = 1.0e-03, time_taken = 7.2e-01, rel_l2_error = 1.1e-02
Model state saved to ./checkpoints/burgers_exact\2026-03-08_23-24-15-556707\model.pth
Iteration: 8400, loss_r = 5.6e-06 ,  loss_bc = 2.3e-07,  loss_ic = 2.7e-06,  lr = 1.0e-03, time_taken = 7.5e-01, rel_l2_error = 1.5e-02
Model state saved to ./checkpoints/burgers_exact\2026-03-08_23-24-15-556707\model.pth
Iteration: 8500, loss_r = 6.1e-06 ,  loss_bc = 2.4e-06,  loss_ic = 3.9e-06,  lr = 1.0e-03, time_taken = 7.1e-01, rel_l2_error = 1.3e-02
Model state saved to ./checkpoints/burgers_exact\2026-03-08_23-24-15-556707\model.pth
Iteration: 8600, loss_r = 4.0e-06 ,  loss_bc = 1.4e-06,  loss_ic = 4.5e-06,  lr = 1.0e-03, time_taken = 6.9e-01, rel_l2_error = 8.5e-03
Model state saved to ./checkpoints/burgers_exact\2026-03-08_23-24-15-556707\model.pth
Iteration: 8700, loss_r = 4.9e-06 ,  loss_bc = 2.5e-07,  loss_ic = 2.6e-06,  lr = 1.0e-03, time_taken = 7.4e-01, rel_l2_error = 1.9e-02
Model state saved to ./checkpoints/burgers_exact\2026-03-08_23-24-15-556707\model.pth
Iteration: 8800, loss_r = 3.1e-05 ,  loss_bc = 2.0e-05,  loss_ic = 1.3e-05,  lr = 1.0e-03, time_taken = 7.2e-01, rel_l2_error = 1.8e-02
Model state saved to ./checkpoints/burgers_exact\2026-03-08_23-24-15-556707\model.pth
Iteration: 8900, loss_r = 4.9e-06 ,  loss_bc = 7.4e-07,  loss_ic = 3.6e-06,  lr = 1.0e-03, time_taken = 8.1e-01, rel_l2_error = 1.0e-02
Model state saved to ./checkpoints/burgers_exact\2026-03-08_23-24-15-556707\model.pth
Iteration: 9000, loss_r = 3.8e-06 ,  loss_bc = 2.7e-06,  loss_ic = 3.8e-06,  lr = 1.0e-03, time_taken = 8.1e-01, rel_l2_error = 1.6e-02
Model state saved to ./checkpoints/burgers_exact\2026-03-08_23-24-15-556707\model.pth
Iteration: 9100, loss_r = 3.2e-06 ,  loss_bc = 4.6e-07,  loss_ic = 2.6e-06,  lr = 1.0e-03, time_taken = 8.0e-01, rel_l2_error = 8.8e-03
Model state saved to ./checkpoints/burgers_exact\2026-03-08_23-24-15-556707\model.pth
Iteration: 9200, loss_r = 6.2e-06 ,  loss_bc = 2.9e-06,  loss_ic = 4.7e-06,  lr = 1.0e-03, time_taken = 6.1e-01, rel_l2_error = 8.0e-03
Model state saved to ./checkpoints/burgers_exact\2026-03-08_23-24-15-556707\model.pth
Iteration: 9300, loss_r = 2.8e-06 ,  loss_bc = 6.2e-07,  loss_ic = 3.7e-06,  lr = 1.0e-03, time_taken = 5.7e-01, rel_l2_error = 1.5e-02
Model state saved to ./checkpoints/burgers_exact\2026-03-08_23-24-15-556707\model.pth
Iteration: 9400, loss_r = 5.0e-06 ,  loss_bc = 3.4e-07,  loss_ic = 1.3e-06,  lr = 1.0e-03, time_taken = 5.2e-01, rel_l2_error = 1.0e-02
Model state saved to ./checkpoints/burgers_exact\2026-03-08_23-24-15-556707\model.pth
Iteration: 9500, loss_r = 3.0e-06 ,  loss_bc = 2.8e-06,  loss_ic = 2.6e-06,  lr = 1.0e-03, time_taken = 5.5e-01, rel_l2_error = 1.5e-02
Model state saved to ./checkpoints/burgers_exact\2026-03-08_23-24-15-556707\model.pth
Iteration: 9600, loss_r = 5.9e-06 ,  loss_bc = 5.4e-06,  loss_ic = 9.4e-06,  lr = 9.0e-04, time_taken = 5.3e-01, rel_l2_error = 1.2e-02
Model state saved to ./checkpoints/burgers_exact\2026-03-08_23-24-15-556707\model.pth
Iteration: 9700, loss_r = 4.4e-06 ,  loss_bc = 2.5e-06,  loss_ic = 2.4e-06,  lr = 9.0e-04, time_taken = 4.9e-01, rel_l2_error = 9.6e-03
Model state saved to ./checkpoints/burgers_exact\2026-03-08_23-24-15-556707\model.pth
Iteration: 9800, loss_r = 2.8e-06 ,  loss_bc = 2.7e-07,  loss_ic = 2.9e-06,  lr = 9.0e-04, time_taken = 5.3e-01, rel_l2_error = 1.2e-02
Model state saved to ./checkpoints/burgers_exact\2026-03-08_23-24-15-556707\model.pth
Iteration: 9900, loss_r = 5.1e-06 ,  loss_bc = 1.4e-06,  loss_ic = 4.2e-06,  lr = 9.0e-04, time_taken = 5.2e-01, rel_l2_error = 5.8e-03
Model state saved to ./checkpoints/burgers_exact\2026-03-08_23-24-15-556707\model.pth

=== Switching to LBFGS optimizer at iteration 10000 ===
Using scipy L-BFGS-B optimizer (bburgers_hybrid_trainer.py approach)
Optimizer: L-BFGS-B (maxiter=10000, factr=1000.0, m=100, maxls=50, pgtol=1e-14)
L-BFGS Iteration: 0, Loss: 1.043813e-05
L-BFGS Iteration: 1, Loss: 8.221676e-06, Relative L2 Error: 1.064983e-02
L-BFGS: Time for 100 iterations = 466.9774 s
L-BFGS Iteration: 100, Loss: 2.658129e-06, Relative L2 Error: 3.236968e-03
L-BFGS Iteration: 200, Loss: 1.278951e-06, Relative L2 Error: 2.087542e-03
L-BFGS Iteration: 300, Loss: 7.484862e-07, Relative L2 Error: 1.672836e-03
L-BFGS Iteration: 400, Loss: 5.116946e-07, Relative L2 Error: 1.576156e-03
L-BFGS Iteration: 500, Loss: 3.761229e-07, Relative L2 Error: 1.474349e-03
L-BFGS Iteration: 600, Loss: 3.242505e-07, Relative L2 Error: 1.251483e-03
L-BFGS Iteration: 700, Loss: 2.915154e-07, Relative L2 Error: 1.266945e-03
L-BFGS Iteration: 800, Loss: 2.318993e-07, Relative L2 Error: 9.500945e-04
L-BFGS Iteration: 900, Loss: 1.955811e-07, Relative L2 Error: 8.899735e-04
L-BFGS Iteration: 1000, Loss: 1.596465e-07, Relative L2 Error: 8.514184e-04
L-BFGS Iteration: 1100, Loss: 1.330700e-07, Relative L2 Error: 8.579744e-04
L-BFGS Iteration: 1200, Loss: 1.188525e-07, Relative L2 Error: 7.979260e-04
L-BFGS Iteration: 1300, Loss: 1.083112e-07, Relative L2 Error: 7.863476e-04
L-BFGS Iteration: 1400, Loss: 9.346297e-08, Relative L2 Error: 6.731325e-04
L-BFGS Iteration: 1500, Loss: 7.674436e-08, Relative L2 Error: 5.519666e-04
L-BFGS Iteration: 1600, Loss: 6.684506e-08, Relative L2 Error: 5.053006e-04
L-BFGS optimization finished after 1620 iterations.
L-BFGS training completed after 1620 iterations
Model state saved to ./checkpoints/burgers_exact\2026-03-08_23-24-15-556707\model.pth
Training completed successfully!
Evaluating on 40000 points using chunk size 500
RelL2_U%  : 5.550e-02 
Saved solution comparison heatmaps to: ./checkpoints/burgers_exact\2026-03-08_23-24-15-556707\solution_comparison_burgers_exact.png
