Random seed set to: 79
Solving 3D heat equation u_t = alpha (u_{xx}+u_{yy}+u_{zz}) on [0,1]^3 with homogeneous Dirichlet BC
Using DV Solver
The settings used:
batch_size : 64
epochs : 20000
lr : 0.001
seed : 79
print_every : 100
log_path : ./checkpoints/heat3d_exact
input_dim : 4
output_dim : 1
num_qubits : 5
hidden_dim : 20
num_quantum_layers : 1
classic_network : [4, 20, 1]
q_ansatz : cross_mesh
mode : hybrid
activation : tanh
shots : None
problem : heat3d_exact
solver : DV
device : cuda
method : None
cutoff_dim : 20
class : CVNeuralNetwork1
encoding : angle
use_rar : False
rar_eval_freq : 2000
rar_threshold : 0.0005
rar_num_candidates : 10000
rar_num_add : 100
use_hybrid_optimizer : True
adam_iterations : 10000
use_scipy_lbfgs : True
lbfgs_lr : 1
lbfgs_line_search : strong_wolfe
lbfgs_tolerance_grad : 1e-05
lbfgs_tolerance_change : 1e-07
lbfgs_maxiter : 10000
lbfgs_factr : 1000.0
lbfgs_pgtol : 1e-14
lbfgs_maxls : 50
lbfgs_m : 100
lbfgs_eval_every : 100
domainN : 500
boundaryN : 50
initialN : 50
eval_total_points : 10000
nx : 200
nt : 200
y0 : 0.5
z0 : 0.5
alpha : 0.1
Total number of parameters: 1226
The circuit used in the study:
Iteration: 0, loss_r = 2.6e-04 ,  loss_bc = 3.5e-01,  loss_ic = 1.1e-01,  lr = 1.0e-03, time_taken = 2.6e+00, rel_l2_error = 1.4e+00
Model state saved to ./checkpoints/heat3d_exact/2026-05-29_08-36-59-456698/model.pth
Iteration: 100, loss_r = 1.2e-02 ,  loss_bc = 1.8e-02,  loss_ic = 1.0e-01,  lr = 1.0e-03, time_taken = 1.3e+00, rel_l2_error = 7.5e-01
Model state saved to ./checkpoints/heat3d_exact/2026-05-29_08-36-59-456698/model.pth
Iteration: 200, loss_r = 8.3e-03 ,  loss_bc = 2.6e-02,  loss_ic = 6.0e-02,  lr = 1.0e-03, time_taken = 1.3e+00, rel_l2_error = 6.6e-01
Model state saved to ./checkpoints/heat3d_exact/2026-05-29_08-36-59-456698/model.pth
Iteration: 300, loss_r = 3.4e-03 ,  loss_bc = 2.3e-02,  loss_ic = 4.3e-02,  lr = 1.0e-03, time_taken = 1.3e+00, rel_l2_error = 5.6e-01
Model state saved to ./checkpoints/heat3d_exact/2026-05-29_08-36-59-456698/model.pth
Iteration: 400, loss_r = 6.8e-03 ,  loss_bc = 2.0e-02,  loss_ic = 2.8e-02,  lr = 1.0e-03, time_taken = 1.3e+00, rel_l2_error = 4.8e-01
Model state saved to ./checkpoints/heat3d_exact/2026-05-29_08-36-59-456698/model.pth
Iteration: 500, loss_r = 6.1e-03 ,  loss_bc = 1.3e-02,  loss_ic = 3.1e-02,  lr = 1.0e-03, time_taken = 1.3e+00, rel_l2_error = 4.2e-01
Model state saved to ./checkpoints/heat3d_exact/2026-05-29_08-36-59-456698/model.pth
Iteration: 600, loss_r = 4.1e-03 ,  loss_bc = 1.2e-02,  loss_ic = 1.3e-02,  lr = 1.0e-03, time_taken = 1.3e+00, rel_l2_error = 4.0e-01
Model state saved to ./checkpoints/heat3d_exact/2026-05-29_08-36-59-456698/model.pth
Iteration: 700, loss_r = 2.8e-03 ,  loss_bc = 9.2e-03,  loss_ic = 1.5e-02,  lr = 1.0e-03, time_taken = 1.3e+00, rel_l2_error = 4.0e-01
Model state saved to ./checkpoints/heat3d_exact/2026-05-29_08-36-59-456698/model.pth
Iteration: 800, loss_r = 2.3e-03 ,  loss_bc = 8.2e-03,  loss_ic = 1.1e-02,  lr = 1.0e-03, time_taken = 1.3e+00, rel_l2_error = 3.3e-01
Model state saved to ./checkpoints/heat3d_exact/2026-05-29_08-36-59-456698/model.pth
Iteration: 900, loss_r = 3.1e-03 ,  loss_bc = 7.1e-03,  loss_ic = 6.4e-03,  lr = 1.0e-03, time_taken = 1.3e+00, rel_l2_error = 3.0e-01
Model state saved to ./checkpoints/heat3d_exact/2026-05-29_08-36-59-456698/model.pth
Iteration: 1000, loss_r = 3.7e-03 ,  loss_bc = 5.0e-03,  loss_ic = 6.6e-03,  lr = 1.0e-03, time_taken = 1.5e+00, rel_l2_error = 2.9e-01
Model state saved to ./checkpoints/heat3d_exact/2026-05-29_08-36-59-456698/model.pth
Iteration: 1100, loss_r = 3.8e-03 ,  loss_bc = 6.7e-03,  loss_ic = 5.1e-03,  lr = 1.0e-03, time_taken = 2.2e+00, rel_l2_error = 2.9e-01
Model state saved to ./checkpoints/heat3d_exact/2026-05-29_08-36-59-456698/model.pth
Iteration: 1200, loss_r = 1.7e-03 ,  loss_bc = 5.1e-03,  loss_ic = 2.6e-03,  lr = 1.0e-03, time_taken = 2.4e+00, rel_l2_error = 2.7e-01
Model state saved to ./checkpoints/heat3d_exact/2026-05-29_08-36-59-456698/model.pth
Iteration: 1300, loss_r = 2.6e-03 ,  loss_bc = 4.8e-03,  loss_ic = 3.9e-03,  lr = 1.0e-03, time_taken = 2.4e+00, rel_l2_error = 2.6e-01
Model state saved to ./checkpoints/heat3d_exact/2026-05-29_08-36-59-456698/model.pth
Iteration: 1400, loss_r = 2.4e-03 ,  loss_bc = 4.3e-03,  loss_ic = 2.7e-03,  lr = 1.0e-03, time_taken = 2.0e+00, rel_l2_error = 2.7e-01
Model state saved to ./checkpoints/heat3d_exact/2026-05-29_08-36-59-456698/model.pth
Iteration: 1500, loss_r = 2.0e-03 ,  loss_bc = 4.1e-03,  loss_ic = 3.6e-03,  lr = 1.0e-03, time_taken = 2.4e+00, rel_l2_error = 2.5e-01
Model state saved to ./checkpoints/heat3d_exact/2026-05-29_08-36-59-456698/model.pth
Iteration: 1600, loss_r = 1.9e-03 ,  loss_bc = 4.0e-03,  loss_ic = 2.5e-03,  lr = 1.0e-03, time_taken = 1.9e+00, rel_l2_error = 2.6e-01
Model state saved to ./checkpoints/heat3d_exact/2026-05-29_08-36-59-456698/model.pth
Iteration: 1700, loss_r = 1.3e-03 ,  loss_bc = 4.2e-03,  loss_ic = 5.8e-03,  lr = 1.0e-03, time_taken = 2.5e+00, rel_l2_error = 2.4e-01
Model state saved to ./checkpoints/heat3d_exact/2026-05-29_08-36-59-456698/model.pth
Iteration: 1800, loss_r = 2.0e-03 ,  loss_bc = 3.5e-03,  loss_ic = 2.2e-03,  lr = 1.0e-03, time_taken = 1.8e+00, rel_l2_error = 2.4e-01
Model state saved to ./checkpoints/heat3d_exact/2026-05-29_08-36-59-456698/model.pth
Iteration: 1900, loss_r = 1.6e-03 ,  loss_bc = 3.8e-03,  loss_ic = 2.3e-03,  lr = 1.0e-03, time_taken = 2.2e+00, rel_l2_error = 2.3e-01
Model state saved to ./checkpoints/heat3d_exact/2026-05-29_08-36-59-456698/model.pth
Iteration: 2000, loss_r = 1.8e-03 ,  loss_bc = 3.9e-03,  loss_ic = 1.9e-03,  lr = 1.0e-03, time_taken = 2.5e+00, rel_l2_error = 2.4e-01
Model state saved to ./checkpoints/heat3d_exact/2026-05-29_08-36-59-456698/model.pth
Iteration: 2100, loss_r = 1.5e-03 ,  loss_bc = 3.6e-03,  loss_ic = 1.7e-03,  lr = 1.0e-03, time_taken = 2.4e+00, rel_l2_error = 2.1e-01
Model state saved to ./checkpoints/heat3d_exact/2026-05-29_08-36-59-456698/model.pth
Iteration: 2200, loss_r = 1.1e-03 ,  loss_bc = 3.0e-03,  loss_ic = 3.1e-03,  lr = 1.0e-03, time_taken = 2.1e+00, rel_l2_error = 2.3e-01
Model state saved to ./checkpoints/heat3d_exact/2026-05-29_08-36-59-456698/model.pth
Iteration: 2300, loss_r = 3.7e-03 ,  loss_bc = 3.4e-03,  loss_ic = 1.6e-03,  lr = 1.0e-03, time_taken = 2.1e+00, rel_l2_error = 2.2e-01
Model state saved to ./checkpoints/heat3d_exact/2026-05-29_08-36-59-456698/model.pth
Iteration: 2400, loss_r = 2.3e-03 ,  loss_bc = 3.0e-03,  loss_ic = 1.8e-03,  lr = 1.0e-03, time_taken = 2.2e+00, rel_l2_error = 2.1e-01
Model state saved to ./checkpoints/heat3d_exact/2026-05-29_08-36-59-456698/model.pth
Iteration: 2500, loss_r = 1.3e-03 ,  loss_bc = 3.2e-03,  loss_ic = 1.8e-03,  lr = 1.0e-03, time_taken = 2.3e+00, rel_l2_error = 2.2e-01
Model state saved to ./checkpoints/heat3d_exact/2026-05-29_08-36-59-456698/model.pth
Iteration: 2600, loss_r = 2.5e-03 ,  loss_bc = 2.8e-03,  loss_ic = 1.7e-03,  lr = 1.0e-03, time_taken = 2.5e+00, rel_l2_error = 2.1e-01
Model state saved to ./checkpoints/heat3d_exact/2026-05-29_08-36-59-456698/model.pth
Iteration: 2700, loss_r = 2.3e-03 ,  loss_bc = 3.6e-03,  loss_ic = 1.4e-03,  lr = 1.0e-03, time_taken = 2.4e+00, rel_l2_error = 2.2e-01
Model state saved to ./checkpoints/heat3d_exact/2026-05-29_08-36-59-456698/model.pth
Iteration: 2800, loss_r = 1.6e-03 ,  loss_bc = 3.7e-03,  loss_ic = 2.3e-03,  lr = 1.0e-03, time_taken = 2.1e+00, rel_l2_error = 2.1e-01
Model state saved to ./checkpoints/heat3d_exact/2026-05-29_08-36-59-456698/model.pth
Iteration: 2900, loss_r = 2.0e-03 ,  loss_bc = 3.3e-03,  loss_ic = 1.1e-03,  lr = 1.0e-03, time_taken = 2.3e+00, rel_l2_error = 2.0e-01
Model state saved to ./checkpoints/heat3d_exact/2026-05-29_08-36-59-456698/model.pth
Iteration: 3000, loss_r = 1.2e-03 ,  loss_bc = 3.3e-03,  loss_ic = 1.8e-03,  lr = 1.0e-03, time_taken = 2.1e+00, rel_l2_error = 2.1e-01
Model state saved to ./checkpoints/heat3d_exact/2026-05-29_08-36-59-456698/model.pth
Iteration: 3100, loss_r = 1.1e-03 ,  loss_bc = 2.8e-03,  loss_ic = 1.2e-03,  lr = 1.0e-03, time_taken = 2.1e+00, rel_l2_error = 2.2e-01
Model state saved to ./checkpoints/heat3d_exact/2026-05-29_08-36-59-456698/model.pth
Iteration: 3200, loss_r = 1.3e-03 ,  loss_bc = 2.1e-03,  loss_ic = 1.2e-03,  lr = 1.0e-03, time_taken = 2.6e+00, rel_l2_error = 2.0e-01
Model state saved to ./checkpoints/heat3d_exact/2026-05-29_08-36-59-456698/model.pth
Iteration: 3300, loss_r = 1.5e-03 ,  loss_bc = 3.1e-03,  loss_ic = 1.2e-03,  lr = 1.0e-03, time_taken = 2.4e+00, rel_l2_error = 2.1e-01
Model state saved to ./checkpoints/heat3d_exact/2026-05-29_08-36-59-456698/model.pth
Iteration: 3400, loss_r = 1.2e-03 ,  loss_bc = 2.9e-03,  loss_ic = 1.3e-03,  lr = 1.0e-03, time_taken = 2.2e+00, rel_l2_error = 2.1e-01
Model state saved to ./checkpoints/heat3d_exact/2026-05-29_08-36-59-456698/model.pth
Iteration: 3500, loss_r = 1.3e-03 ,  loss_bc = 2.3e-03,  loss_ic = 1.3e-03,  lr = 1.0e-03, time_taken = 2.2e+00, rel_l2_error = 2.1e-01
Model state saved to ./checkpoints/heat3d_exact/2026-05-29_08-36-59-456698/model.pth
Iteration: 3600, loss_r = 7.6e-04 ,  loss_bc = 3.2e-03,  loss_ic = 1.2e-03,  lr = 1.0e-03, time_taken = 2.5e+00, rel_l2_error = 2.2e-01
Model state saved to ./checkpoints/heat3d_exact/2026-05-29_08-36-59-456698/model.pth
Iteration: 3700, loss_r = 4.3e-03 ,  loss_bc = 2.6e-03,  loss_ic = 8.4e-04,  lr = 1.0e-03, time_taken = 2.6e+00, rel_l2_error = 2.1e-01
Model state saved to ./checkpoints/heat3d_exact/2026-05-29_08-36-59-456698/model.pth
Iteration: 3800, loss_r = 1.1e-03 ,  loss_bc = 2.8e-03,  loss_ic = 1.2e-03,  lr = 1.0e-03, time_taken = 2.6e+00, rel_l2_error = 2.0e-01
Model state saved to ./checkpoints/heat3d_exact/2026-05-29_08-36-59-456698/model.pth
Iteration: 3900, loss_r = 2.8e-03 ,  loss_bc = 2.8e-03,  loss_ic = 8.6e-04,  lr = 1.0e-03, time_taken = 2.3e+00, rel_l2_error = 2.0e-01
Model state saved to ./checkpoints/heat3d_exact/2026-05-29_08-36-59-456698/model.pth
Iteration: 4000, loss_r = 1.3e-03 ,  loss_bc = 2.2e-03,  loss_ic = 1.6e-03,  lr = 1.0e-03, time_taken = 2.2e+00, rel_l2_error = 2.1e-01
Model state saved to ./checkpoints/heat3d_exact/2026-05-29_08-36-59-456698/model.pth
Iteration: 4100, loss_r = 3.1e-03 ,  loss_bc = 2.3e-03,  loss_ic = 1.5e-03,  lr = 1.0e-03, time_taken = 2.5e+00, rel_l2_error = 2.0e-01
Model state saved to ./checkpoints/heat3d_exact/2026-05-29_08-36-59-456698/model.pth
Iteration: 4200, loss_r = 4.5e-03 ,  loss_bc = 3.0e-03,  loss_ic = 1.1e-03,  lr = 1.0e-03, time_taken = 2.3e+00, rel_l2_error = 2.1e-01
Model state saved to ./checkpoints/heat3d_exact/2026-05-29_08-36-59-456698/model.pth
Iteration: 4300, loss_r = 1.1e-03 ,  loss_bc = 2.3e-03,  loss_ic = 1.0e-03,  lr = 1.0e-03, time_taken = 2.2e+00, rel_l2_error = 2.0e-01
Model state saved to ./checkpoints/heat3d_exact/2026-05-29_08-36-59-456698/model.pth
Iteration: 4400, loss_r = 7.6e-04 ,  loss_bc = 1.9e-03,  loss_ic = 1.0e-03,  lr = 1.0e-03, time_taken = 2.2e+00, rel_l2_error = 2.0e-01
Model state saved to ./checkpoints/heat3d_exact/2026-05-29_08-36-59-456698/model.pth
Iteration: 4500, loss_r = 3.3e-03 ,  loss_bc = 2.2e-03,  loss_ic = 8.8e-04,  lr = 1.0e-03, time_taken = 2.5e+00, rel_l2_error = 1.9e-01
Model state saved to ./checkpoints/heat3d_exact/2026-05-29_08-36-59-456698/model.pth
Iteration: 4600, loss_r = 1.2e-03 ,  loss_bc = 2.7e-03,  loss_ic = 8.3e-04,  lr = 1.0e-03, time_taken = 2.5e+00, rel_l2_error = 2.0e-01
Model state saved to ./checkpoints/heat3d_exact/2026-05-29_08-36-59-456698/model.pth
Iteration: 4700, loss_r = 1.1e-03 ,  loss_bc = 2.3e-03,  loss_ic = 9.2e-04,  lr = 1.0e-03, time_taken = 2.6e+00, rel_l2_error = 2.0e-01
Model state saved to ./checkpoints/heat3d_exact/2026-05-29_08-36-59-456698/model.pth
Iteration: 4800, loss_r = 9.0e-04 ,  loss_bc = 2.1e-03,  loss_ic = 1.8e-03,  lr = 1.0e-03, time_taken = 2.3e+00, rel_l2_error = 2.1e-01
Model state saved to ./checkpoints/heat3d_exact/2026-05-29_08-36-59-456698/model.pth
Iteration: 4900, loss_r = 1.2e-03 ,  loss_bc = 2.5e-03,  loss_ic = 1.1e-03,  lr = 1.0e-03, time_taken = 2.4e+00, rel_l2_error = 2.0e-01
Model state saved to ./checkpoints/heat3d_exact/2026-05-29_08-36-59-456698/model.pth
Iteration: 5000, loss_r = 2.1e-03 ,  loss_bc = 2.5e-03,  loss_ic = 1.0e-03,  lr = 1.0e-03, time_taken = 2.3e+00, rel_l2_error = 1.9e-01
Model state saved to ./checkpoints/heat3d_exact/2026-05-29_08-36-59-456698/model.pth
Iteration: 5100, loss_r = 8.9e-04 ,  loss_bc = 2.0e-03,  loss_ic = 1.5e-03,  lr = 1.0e-03, time_taken = 2.5e+00, rel_l2_error = 2.0e-01
Model state saved to ./checkpoints/heat3d_exact/2026-05-29_08-36-59-456698/model.pth
Iteration: 5200, loss_r = 9.5e-04 ,  loss_bc = 2.6e-03,  loss_ic = 8.8e-04,  lr = 1.0e-03, time_taken = 2.6e+00, rel_l2_error = 2.1e-01
Model state saved to ./checkpoints/heat3d_exact/2026-05-29_08-36-59-456698/model.pth
Iteration: 5300, loss_r = 1.2e-03 ,  loss_bc = 1.8e-03,  loss_ic = 8.3e-04,  lr = 1.0e-03, time_taken = 2.2e+00, rel_l2_error = 2.1e-01
Model state saved to ./checkpoints/heat3d_exact/2026-05-29_08-36-59-456698/model.pth
Iteration: 5400, loss_r = 2.3e-03 ,  loss_bc = 2.3e-03,  loss_ic = 1.4e-03,  lr = 1.0e-03, time_taken = 2.6e+00, rel_l2_error = 1.9e-01
Model state saved to ./checkpoints/heat3d_exact/2026-05-29_08-36-59-456698/model.pth
Iteration: 5500, loss_r = 1.7e-03 ,  loss_bc = 1.8e-03,  loss_ic = 8.0e-04,  lr = 1.0e-03, time_taken = 2.1e+00, rel_l2_error = 2.0e-01
Model state saved to ./checkpoints/heat3d_exact/2026-05-29_08-36-59-456698/model.pth
Iteration: 5600, loss_r = 1.1e-03 ,  loss_bc = 2.1e-03,  loss_ic = 7.9e-04,  lr = 1.0e-03, time_taken = 2.3e+00, rel_l2_error = 1.9e-01
Model state saved to ./checkpoints/heat3d_exact/2026-05-29_08-36-59-456698/model.pth
Iteration: 5700, loss_r = 1.6e-03 ,  loss_bc = 1.7e-03,  loss_ic = 8.9e-04,  lr = 1.0e-03, time_taken = 2.4e+00, rel_l2_error = 1.9e-01
Model state saved to ./checkpoints/heat3d_exact/2026-05-29_08-36-59-456698/model.pth
Iteration: 5800, loss_r = 9.4e-04 ,  loss_bc = 2.7e-03,  loss_ic = 1.2e-03,  lr = 1.0e-03, time_taken = 2.6e+00, rel_l2_error = 1.9e-01
Model state saved to ./checkpoints/heat3d_exact/2026-05-29_08-36-59-456698/model.pth
Iteration: 5900, loss_r = 4.6e-04 ,  loss_bc = 2.1e-03,  loss_ic = 1.2e-03,  lr = 1.0e-03, time_taken = 2.5e+00, rel_l2_error = 2.1e-01
Model state saved to ./checkpoints/heat3d_exact/2026-05-29_08-36-59-456698/model.pth
Iteration: 6000, loss_r = 1.1e-03 ,  loss_bc = 1.6e-03,  loss_ic = 1.1e-03,  lr = 1.0e-03, time_taken = 2.5e+00, rel_l2_error = 1.9e-01
Model state saved to ./checkpoints/heat3d_exact/2026-05-29_08-36-59-456698/model.pth
Iteration: 6100, loss_r = 5.3e-04 ,  loss_bc = 3.8e-03,  loss_ic = 1.2e-03,  lr = 1.0e-03, time_taken = 2.5e+00, rel_l2_error = 2.1e-01
Model state saved to ./checkpoints/heat3d_exact/2026-05-29_08-36-59-456698/model.pth
Iteration: 6200, loss_r = 6.9e-04 ,  loss_bc = 1.9e-03,  loss_ic = 8.4e-04,  lr = 1.0e-03, time_taken = 2.3e+00, rel_l2_error = 2.0e-01
Model state saved to ./checkpoints/heat3d_exact/2026-05-29_08-36-59-456698/model.pth
Iteration: 6300, loss_r = 1.1e-03 ,  loss_bc = 1.4e-03,  loss_ic = 1.2e-03,  lr = 1.0e-03, time_taken = 2.7e+00, rel_l2_error = 1.9e-01
Model state saved to ./checkpoints/heat3d_exact/2026-05-29_08-36-59-456698/model.pth
Iteration: 6400, loss_r = 1.8e-03 ,  loss_bc = 2.5e-03,  loss_ic = 1.2e-03,  lr = 1.0e-03, time_taken = 2.3e+00, rel_l2_error = 1.9e-01
Model state saved to ./checkpoints/heat3d_exact/2026-05-29_08-36-59-456698/model.pth
Iteration: 6500, loss_r = 8.2e-04 ,  loss_bc = 1.7e-03,  loss_ic = 7.4e-04,  lr = 1.0e-03, time_taken = 2.2e+00, rel_l2_error = 2.0e-01
Model state saved to ./checkpoints/heat3d_exact/2026-05-29_08-36-59-456698/model.pth
Iteration: 6600, loss_r = 1.7e-03 ,  loss_bc = 2.3e-03,  loss_ic = 8.4e-04,  lr = 1.0e-03, time_taken = 2.5e+00, rel_l2_error = 1.9e-01
Model state saved to ./checkpoints/heat3d_exact/2026-05-29_08-36-59-456698/model.pth
Iteration: 6700, loss_r = 1.2e-03 ,  loss_bc = 1.8e-03,  loss_ic = 1.1e-03,  lr = 1.0e-03, time_taken = 2.4e+00, rel_l2_error = 1.8e-01
Model state saved to ./checkpoints/heat3d_exact/2026-05-29_08-36-59-456698/model.pth
Iteration: 6800, loss_r = 1.4e-03 ,  loss_bc = 1.9e-03,  loss_ic = 7.1e-04,  lr = 1.0e-03, time_taken = 2.2e+00, rel_l2_error = 1.8e-01
Model state saved to ./checkpoints/heat3d_exact/2026-05-29_08-36-59-456698/model.pth
Iteration: 6900, loss_r = 1.5e-03 ,  loss_bc = 1.9e-03,  loss_ic = 6.5e-04,  lr = 1.0e-03, time_taken = 2.7e+00, rel_l2_error = 1.7e-01
Model state saved to ./checkpoints/heat3d_exact/2026-05-29_08-36-59-456698/model.pth
Iteration: 7000, loss_r = 1.6e-03 ,  loss_bc = 1.5e-03,  loss_ic = 4.8e-04,  lr = 1.0e-03, time_taken = 2.5e+00, rel_l2_error = 1.8e-01
Model state saved to ./checkpoints/heat3d_exact/2026-05-29_08-36-59-456698/model.pth
Iteration: 7100, loss_r = 8.2e-04 ,  loss_bc = 1.7e-03,  loss_ic = 5.3e-04,  lr = 1.0e-03, time_taken = 2.3e+00, rel_l2_error = 1.8e-01
Model state saved to ./checkpoints/heat3d_exact/2026-05-29_08-36-59-456698/model.pth
Iteration: 7200, loss_r = 7.4e-04 ,  loss_bc = 2.2e-03,  loss_ic = 7.9e-04,  lr = 1.0e-03, time_taken = 2.2e+00, rel_l2_error = 1.9e-01
Model state saved to ./checkpoints/heat3d_exact/2026-05-29_08-36-59-456698/model.pth
Iteration: 7300, loss_r = 8.1e-04 ,  loss_bc = 1.6e-03,  loss_ic = 5.0e-04,  lr = 1.0e-03, time_taken = 2.5e+00, rel_l2_error = 1.8e-01
Model state saved to ./checkpoints/heat3d_exact/2026-05-29_08-36-59-456698/model.pth
Iteration: 7400, loss_r = 1.3e-03 ,  loss_bc = 2.3e-03,  loss_ic = 7.9e-04,  lr = 1.0e-03, time_taken = 2.1e+00, rel_l2_error = 1.8e-01
Model state saved to ./checkpoints/heat3d_exact/2026-05-29_08-36-59-456698/model.pth
Iteration: 7500, loss_r = 1.1e-03 ,  loss_bc = 2.0e-03,  loss_ic = 7.5e-04,  lr = 1.0e-03, time_taken = 2.3e+00, rel_l2_error = 1.8e-01
Model state saved to ./checkpoints/heat3d_exact/2026-05-29_08-36-59-456698/model.pth
Iteration: 7600, loss_r = 4.7e-04 ,  loss_bc = 2.1e-03,  loss_ic = 1.2e-03,  lr = 1.0e-03, time_taken = 2.5e+00, rel_l2_error = 1.8e-01
Model state saved to ./checkpoints/heat3d_exact/2026-05-29_08-36-59-456698/model.pth
Iteration: 7700, loss_r = 6.6e-04 ,  loss_bc = 1.6e-03,  loss_ic = 8.3e-04,  lr = 1.0e-03, time_taken = 2.4e+00, rel_l2_error = 1.6e-01
Model state saved to ./checkpoints/heat3d_exact/2026-05-29_08-36-59-456698/model.pth
Iteration: 7800, loss_r = 6.8e-04 ,  loss_bc = 1.5e-03,  loss_ic = 4.9e-04,  lr = 1.0e-03, time_taken = 2.6e+00, rel_l2_error = 1.7e-01
Model state saved to ./checkpoints/heat3d_exact/2026-05-29_08-36-59-456698/model.pth
Iteration: 7900, loss_r = 5.8e-04 ,  loss_bc = 1.5e-03,  loss_ic = 4.4e-04,  lr = 1.0e-03, time_taken = 2.6e+00, rel_l2_error = 1.8e-01
Model state saved to ./checkpoints/heat3d_exact/2026-05-29_08-36-59-456698/model.pth
Iteration: 8000, loss_r = 8.4e-04 ,  loss_bc = 1.5e-03,  loss_ic = 8.4e-04,  lr = 1.0e-03, time_taken = 2.4e+00, rel_l2_error = 1.6e-01
Model state saved to ./checkpoints/heat3d_exact/2026-05-29_08-36-59-456698/model.pth
Iteration: 8100, loss_r = 5.3e-04 ,  loss_bc = 1.3e-03,  loss_ic = 9.3e-04,  lr = 1.0e-03, time_taken = 2.8e+00, rel_l2_error = 1.8e-01
Model state saved to ./checkpoints/heat3d_exact/2026-05-29_08-36-59-456698/model.pth
Iteration: 8200, loss_r = 5.8e-04 ,  loss_bc = 1.2e-03,  loss_ic = 7.4e-04,  lr = 1.0e-03, time_taken = 2.4e+00, rel_l2_error = 1.7e-01
Model state saved to ./checkpoints/heat3d_exact/2026-05-29_08-36-59-456698/model.pth
Iteration: 8300, loss_r = 6.1e-04 ,  loss_bc = 1.6e-03,  loss_ic = 5.2e-04,  lr = 1.0e-03, time_taken = 2.5e+00, rel_l2_error = 1.7e-01
Model state saved to ./checkpoints/heat3d_exact/2026-05-29_08-36-59-456698/model.pth
Iteration: 8400, loss_r = 6.7e-04 ,  loss_bc = 1.7e-03,  loss_ic = 1.2e-03,  lr = 1.0e-03, time_taken = 2.7e+00, rel_l2_error = 1.7e-01
Model state saved to ./checkpoints/heat3d_exact/2026-05-29_08-36-59-456698/model.pth
Iteration: 8500, loss_r = 7.3e-04 ,  loss_bc = 1.3e-03,  loss_ic = 6.0e-04,  lr = 1.0e-03, time_taken = 2.0e+00, rel_l2_error = 1.6e-01
Model state saved to ./checkpoints/heat3d_exact/2026-05-29_08-36-59-456698/model.pth
Iteration: 8600, loss_r = 5.6e-04 ,  loss_bc = 1.6e-03,  loss_ic = 7.2e-04,  lr = 1.0e-03, time_taken = 2.6e+00, rel_l2_error = 1.7e-01
Model state saved to ./checkpoints/heat3d_exact/2026-05-29_08-36-59-456698/model.pth
Iteration: 8700, loss_r = 7.1e-04 ,  loss_bc = 1.5e-03,  loss_ic = 5.4e-04,  lr = 1.0e-03, time_taken = 1.9e+00, rel_l2_error = 1.5e-01
Model state saved to ./checkpoints/heat3d_exact/2026-05-29_08-36-59-456698/model.pth
Iteration: 8800, loss_r = 4.5e-04 ,  loss_bc = 1.6e-03,  loss_ic = 7.2e-04,  lr = 1.0e-03, time_taken = 2.6e+00, rel_l2_error = 1.7e-01
Model state saved to ./checkpoints/heat3d_exact/2026-05-29_08-36-59-456698/model.pth
Iteration: 8900, loss_r = 4.0e-04 ,  loss_bc = 1.6e-03,  loss_ic = 5.7e-04,  lr = 1.0e-03, time_taken = 2.4e+00, rel_l2_error = 1.5e-01
Model state saved to ./checkpoints/heat3d_exact/2026-05-29_08-36-59-456698/model.pth
Iteration: 9000, loss_r = 6.6e-04 ,  loss_bc = 1.3e-03,  loss_ic = 7.0e-04,  lr = 1.0e-03, time_taken = 2.3e+00, rel_l2_error = 1.8e-01
Model state saved to ./checkpoints/heat3d_exact/2026-05-29_08-36-59-456698/model.pth
Iteration: 9100, loss_r = 5.0e-04 ,  loss_bc = 2.0e-03,  loss_ic = 1.1e-03,  lr = 1.0e-03, time_taken = 2.4e+00, rel_l2_error = 1.6e-01
Model state saved to ./checkpoints/heat3d_exact/2026-05-29_08-36-59-456698/model.pth
Iteration: 9200, loss_r = 6.1e-04 ,  loss_bc = 2.4e-03,  loss_ic = 4.6e-04,  lr = 1.0e-03, time_taken = 2.3e+00, rel_l2_error = 2.1e-01
Model state saved to ./checkpoints/heat3d_exact/2026-05-29_08-36-59-456698/model.pth
Iteration: 9300, loss_r = 6.4e-04 ,  loss_bc = 1.6e-03,  loss_ic = 2.3e-04,  lr = 1.0e-03, time_taken = 2.3e+00, rel_l2_error = 1.6e-01
Model state saved to ./checkpoints/heat3d_exact/2026-05-29_08-36-59-456698/model.pth
Iteration: 9400, loss_r = 3.3e-04 ,  loss_bc = 1.3e-03,  loss_ic = 5.7e-04,  lr = 9.0e-04, time_taken = 2.4e+00, rel_l2_error = 1.6e-01
Model state saved to ./checkpoints/heat3d_exact/2026-05-29_08-36-59-456698/model.pth
Iteration: 9500, loss_r = 7.8e-04 ,  loss_bc = 1.7e-03,  loss_ic = 4.6e-04,  lr = 9.0e-04, time_taken = 2.6e+00, rel_l2_error = 1.6e-01
Model state saved to ./checkpoints/heat3d_exact/2026-05-29_08-36-59-456698/model.pth
Iteration: 9600, loss_r = 5.8e-04 ,  loss_bc = 1.9e-03,  loss_ic = 2.8e-04,  lr = 9.0e-04, time_taken = 2.5e+00, rel_l2_error = 1.5e-01
Model state saved to ./checkpoints/heat3d_exact/2026-05-29_08-36-59-456698/model.pth
Iteration: 9700, loss_r = 6.8e-04 ,  loss_bc = 2.1e-03,  loss_ic = 4.0e-04,  lr = 9.0e-04, time_taken = 2.5e+00, rel_l2_error = 1.7e-01
Model state saved to ./checkpoints/heat3d_exact/2026-05-29_08-36-59-456698/model.pth
Iteration: 9800, loss_r = 4.2e-04 ,  loss_bc = 1.2e-03,  loss_ic = 5.0e-04,  lr = 9.0e-04, time_taken = 2.6e+00, rel_l2_error = 1.6e-01
Model state saved to ./checkpoints/heat3d_exact/2026-05-29_08-36-59-456698/model.pth
Iteration: 9900, loss_r = 3.1e-04 ,  loss_bc = 1.7e-03,  loss_ic = 4.8e-04,  lr = 9.0e-04, time_taken = 2.5e+00, rel_l2_error = 1.5e-01
Model state saved to ./checkpoints/heat3d_exact/2026-05-29_08-36-59-456698/model.pth

=== Switching to LBFGS optimizer at iteration 10000 ===
Using scipy L-BFGS-B optimizer
Optimizer: L-BFGS-B (maxiter=10000, factr=1000.0, m=100, maxls=50, pgtol=1e-14)
L-BFGS Iteration: 0, Loss: 2.732328e-03
L-BFGS Iteration: 1, Loss: 2.414467e-03, Relative L2 Error: 1.600730e-01
L-BFGS: Time for 100 iterations = 1134.7432 s
L-BFGS Iteration: 100, Loss: 1.331404e-03, Relative L2 Error: 1.248655e-01
L-BFGS Iteration: 200, Loss: 8.925054e-04, Relative L2 Error: 1.108153e-01
L-BFGS Iteration: 300, Loss: 6.786964e-04, Relative L2 Error: 9.070494e-02
L-BFGS Iteration: 400, Loss: 5.424613e-04, Relative L2 Error: 9.196340e-02
L-BFGS Iteration: 500, Loss: 4.309573e-04, Relative L2 Error: 7.959010e-02
L-BFGS Iteration: 600, Loss: 3.761706e-04, Relative L2 Error: 7.578761e-02
L-BFGS Iteration: 700, Loss: 3.132270e-04, Relative L2 Error: 6.813294e-02
L-BFGS Iteration: 800, Loss: 2.805461e-04, Relative L2 Error: 6.205926e-02
L-BFGS Iteration: 900, Loss: 2.411338e-04, Relative L2 Error: 5.610202e-02
L-BFGS Iteration: 1000, Loss: 2.128147e-04, Relative L2 Error: 5.499461e-02
L-BFGS Iteration: 1100, Loss: 1.911464e-04, Relative L2 Error: 5.389948e-02
L-BFGS Iteration: 1200, Loss: 1.708448e-04, Relative L2 Error: 5.379720e-02
L-BFGS Iteration: 1300, Loss: 1.493045e-04, Relative L2 Error: 5.251987e-02
L-BFGS Iteration: 1400, Loss: 1.314312e-04, Relative L2 Error: 4.770224e-02
L-BFGS Iteration: 1500, Loss: 1.135717e-04, Relative L2 Error: 4.797452e-02
L-BFGS Iteration: 1600, Loss: 9.920353e-05, Relative L2 Error: 4.916683e-02
L-BFGS Iteration: 1700, Loss: 8.718848e-05, Relative L2 Error: 4.732192e-02
L-BFGS Iteration: 1800, Loss: 7.912936e-05, Relative L2 Error: 4.333510e-02
L-BFGS Iteration: 1900, Loss: 7.293875e-05, Relative L2 Error: 4.380969e-02
L-BFGS Iteration: 2000, Loss: 6.635314e-05, Relative L2 Error: 4.371243e-02
L-BFGS Iteration: 2100, Loss: 6.069060e-05, Relative L2 Error: 4.151693e-02
L-BFGS Iteration: 2200, Loss: 5.587050e-05, Relative L2 Error: 3.870732e-02
L-BFGS Iteration: 2300, Loss: 5.195088e-05, Relative L2 Error: 3.856431e-02
L-BFGS Iteration: 2400, Loss: 4.894607e-05, Relative L2 Error: 3.945678e-02
L-BFGS Iteration: 2500, Loss: 4.491729e-05, Relative L2 Error: 3.622669e-02
L-BFGS Iteration: 2600, Loss: 4.217926e-05, Relative L2 Error: 3.792996e-02
L-BFGS Iteration: 2700, Loss: 3.890647e-05, Relative L2 Error: 3.559489e-02
L-BFGS Iteration: 2800, Loss: 3.656172e-05, Relative L2 Error: 3.542281e-02
L-BFGS Iteration: 2900, Loss: 3.426827e-05, Relative L2 Error: 3.396380e-02
L-BFGS Iteration: 3000, Loss: 3.228568e-05, Relative L2 Error: 2.967821e-02
L-BFGS Iteration: 3100, Loss: 3.081660e-05, Relative L2 Error: 3.451551e-02
L-BFGS Iteration: 3200, Loss: 2.900810e-05, Relative L2 Error: 3.408083e-02
L-BFGS Iteration: 3300, Loss: 2.745742e-05, Relative L2 Error: 3.209425e-02
L-BFGS Iteration: 3400, Loss: 2.625919e-05, Relative L2 Error: 3.273997e-02
L-BFGS Iteration: 3500, Loss: 2.512043e-05, Relative L2 Error: 3.115456e-02
L-BFGS Iteration: 3600, Loss: 2.400265e-05, Relative L2 Error: 3.121599e-02
L-BFGS Iteration: 3700, Loss: 2.288839e-05, Relative L2 Error: 2.885166e-02
L-BFGS Iteration: 3800, Loss: 2.173124e-05, Relative L2 Error: 2.660757e-02
L-BFGS Iteration: 3900, Loss: 2.090112e-05, Relative L2 Error: 2.536445e-02
L-BFGS Iteration: 4000, Loss: 2.010186e-05, Relative L2 Error: 2.646459e-02
L-BFGS Iteration: 4100, Loss: 1.919797e-05, Relative L2 Error: 2.334997e-02
L-BFGS Iteration: 4200, Loss: 1.809290e-05, Relative L2 Error: 2.451070e-02
L-BFGS Iteration: 4300, Loss: 1.716594e-05, Relative L2 Error: 2.381947e-02
L-BFGS Iteration: 4400, Loss: 1.618861e-05, Relative L2 Error: 2.406559e-02
L-BFGS Iteration: 4500, Loss: 1.549977e-05, Relative L2 Error: 2.397489e-02
L-BFGS Iteration: 4600, Loss: 1.488450e-05, Relative L2 Error: 2.474903e-02
L-BFGS Iteration: 4700, Loss: 1.428782e-05, Relative L2 Error: 2.144646e-02
L-BFGS Iteration: 4800, Loss: 1.363128e-05, Relative L2 Error: 2.231802e-02
L-BFGS Iteration: 4900, Loss: 1.295093e-05, Relative L2 Error: 2.272118e-02
L-BFGS Iteration: 5000, Loss: 1.248400e-05, Relative L2 Error: 1.960147e-02
L-BFGS Iteration: 5100, Loss: 1.205096e-05, Relative L2 Error: 1.900448e-02
L-BFGS Iteration: 5200, Loss: 1.156151e-05, Relative L2 Error: 2.041876e-02
L-BFGS Iteration: 5300, Loss: 1.110897e-05, Relative L2 Error: 1.956615e-02
L-BFGS Iteration: 5400, Loss: 1.061303e-05, Relative L2 Error: 1.912740e-02
L-BFGS Iteration: 5500, Loss: 1.017624e-05, Relative L2 Error: 1.894503e-02
L-BFGS Iteration: 5600, Loss: 9.780631e-06, Relative L2 Error: 1.840117e-02
L-BFGS Iteration: 5700, Loss: 9.454381e-06, Relative L2 Error: 1.792938e-02
L-BFGS Iteration: 5800, Loss: 9.175898e-06, Relative L2 Error: 1.716737e-02
L-BFGS Iteration: 5900, Loss: 8.868108e-06, Relative L2 Error: 1.846665e-02
L-BFGS Iteration: 6000, Loss: 8.612737e-06, Relative L2 Error: 1.786973e-02
L-BFGS Iteration: 6100, Loss: 8.350129e-06, Relative L2 Error: 1.802437e-02
L-BFGS Iteration: 6200, Loss: 8.055576e-06, Relative L2 Error: 1.852705e-02
L-BFGS training completed after 6279 iterations
Model state saved to ./checkpoints/heat3d_exact/2026-05-29_08-36-59-456698/model.pth
Training completed successfully!
Relative L2 error (eval data): 1.78e-02
Saved solution comparison heatmaps to: ./checkpoints/heat3d_exact/2026-05-29_08-36-59-456698/solution_comparison_heat3d.png
