Random seed set to: 79
Solving 3D heat equation u_t = alpha (u_{xx}+u_{yy}+u_{zz}) on [0,1]^3 with homogeneous Dirichlet BC
Using DV Solver
The settings used:
batch_size : 64
epochs : 20000
lr : 0.001
seed : 79
print_every : 100
log_path : ./checkpoints/heat3d_exact
input_dim : 4
output_dim : 1
num_qubits : 5
hidden_dim : 20
num_quantum_layers : 1
classic_network : [4, 20, 1]
q_ansatz : cross_mesh
mode : hybrid
activation : tanh
shots : None
problem : heat3d_exact
solver : DV
device : cpu
method : None
cutoff_dim : 20
class : CVNeuralNetwork1
encoding : angle
use_rar : True
rar_eval_freq : 2000
rar_threshold : 0.0005
rar_num_candidates : 10000
rar_num_add : 100
use_hybrid_optimizer : True
adam_iterations : 10000
use_scipy_lbfgs : True
lbfgs_lr : 1
lbfgs_line_search : strong_wolfe
lbfgs_tolerance_grad : 1e-05
lbfgs_tolerance_change : 1e-07
lbfgs_maxiter : 10000
lbfgs_factr : 1000.0
lbfgs_pgtol : 1e-14
lbfgs_maxls : 50
lbfgs_m : 100
lbfgs_eval_every : 100
domainN : 500
boundaryN : 50
initialN : 50
eval_total_points : 10000
nx : 200
nt : 200
y0 : 0.5
z0 : 0.5
alpha : 0.1
Total number of parameters: 1226
The circuit used in the study:
Iteration: 0, loss_r = 9.4e-04 ,  loss_bc = 2.3e-01,  loss_ic = 1.1e-01,  lr = 1.0e-03, time_taken = 3.9e+00, rel_l2_error = 1.1e+00
Model state saved to ./checkpoints/heat3d_exact\2026-03-08_23-22-26-109724\model.pth
Iteration: 100, loss_r = 1.4e-02 ,  loss_bc = 1.9e-02,  loss_ic = 1.1e-01,  lr = 1.0e-03, time_taken = 1.7e+00, rel_l2_error = 7.6e-01
Model state saved to ./checkpoints/heat3d_exact\2026-03-08_23-22-26-109724\model.pth
Iteration: 200, loss_r = 9.9e-03 ,  loss_bc = 2.5e-02,  loss_ic = 5.6e-02,  lr = 1.0e-03, time_taken = 1.7e+00, rel_l2_error = 6.6e-01
Model state saved to ./checkpoints/heat3d_exact\2026-03-08_23-22-26-109724\model.pth
Iteration: 300, loss_r = 7.7e-03 ,  loss_bc = 2.5e-02,  loss_ic = 4.5e-02,  lr = 1.0e-03, time_taken = 1.6e+00, rel_l2_error = 5.9e-01
Model state saved to ./checkpoints/heat3d_exact\2026-03-08_23-22-26-109724\model.pth
Iteration: 400, loss_r = 6.7e-03 ,  loss_bc = 2.2e-02,  loss_ic = 3.2e-02,  lr = 1.0e-03, time_taken = 1.6e+00, rel_l2_error = 5.3e-01
Model state saved to ./checkpoints/heat3d_exact\2026-03-08_23-22-26-109724\model.pth
Iteration: 500, loss_r = 6.5e-03 ,  loss_bc = 1.3e-02,  loss_ic = 3.6e-02,  lr = 1.0e-03, time_taken = 1.7e+00, rel_l2_error = 4.6e-01
Model state saved to ./checkpoints/heat3d_exact\2026-03-08_23-22-26-109724\model.pth
Iteration: 600, loss_r = 5.9e-03 ,  loss_bc = 1.3e-02,  loss_ic = 1.4e-02,  lr = 1.0e-03, time_taken = 1.7e+00, rel_l2_error = 4.3e-01
Model state saved to ./checkpoints/heat3d_exact\2026-03-08_23-22-26-109724\model.pth
Iteration: 700, loss_r = 2.8e-03 ,  loss_bc = 1.1e-02,  loss_ic = 1.5e-02,  lr = 1.0e-03, time_taken = 1.8e+00, rel_l2_error = 4.2e-01
Model state saved to ./checkpoints/heat3d_exact\2026-03-08_23-22-26-109724\model.pth
Iteration: 800, loss_r = 4.1e-03 ,  loss_bc = 9.1e-03,  loss_ic = 1.2e-02,  lr = 1.0e-03, time_taken = 1.6e+00, rel_l2_error = 3.3e-01
Model state saved to ./checkpoints/heat3d_exact\2026-03-08_23-22-26-109724\model.pth
Iteration: 900, loss_r = 4.7e-03 ,  loss_bc = 7.9e-03,  loss_ic = 7.2e-03,  lr = 1.0e-03, time_taken = 1.7e+00, rel_l2_error = 3.3e-01
Model state saved to ./checkpoints/heat3d_exact\2026-03-08_23-22-26-109724\model.pth
Iteration: 1000, loss_r = 3.9e-03 ,  loss_bc = 6.1e-03,  loss_ic = 5.6e-03,  lr = 1.0e-03, time_taken = 1.7e+00, rel_l2_error = 2.9e-01
Model state saved to ./checkpoints/heat3d_exact\2026-03-08_23-22-26-109724\model.pth
Iteration: 1100, loss_r = 3.9e-03 ,  loss_bc = 6.4e-03,  loss_ic = 5.3e-03,  lr = 1.0e-03, time_taken = 1.6e+00, rel_l2_error = 3.0e-01
Model state saved to ./checkpoints/heat3d_exact\2026-03-08_23-22-26-109724\model.pth
Iteration: 1200, loss_r = 3.0e-03 ,  loss_bc = 6.8e-03,  loss_ic = 2.3e-03,  lr = 1.0e-03, time_taken = 1.7e+00, rel_l2_error = 2.8e-01
Model state saved to ./checkpoints/heat3d_exact\2026-03-08_23-22-26-109724\model.pth
Iteration: 1300, loss_r = 3.0e-03 ,  loss_bc = 4.4e-03,  loss_ic = 3.6e-03,  lr = 1.0e-03, time_taken = 1.7e+00, rel_l2_error = 2.6e-01
Model state saved to ./checkpoints/heat3d_exact\2026-03-08_23-22-26-109724\model.pth
Iteration: 1400, loss_r = 2.4e-03 ,  loss_bc = 4.0e-03,  loss_ic = 2.3e-03,  lr = 1.0e-03, time_taken = 1.8e+00, rel_l2_error = 2.7e-01
Model state saved to ./checkpoints/heat3d_exact\2026-03-08_23-22-26-109724\model.pth
Iteration: 1500, loss_r = 2.4e-03 ,  loss_bc = 4.3e-03,  loss_ic = 2.7e-03,  lr = 1.0e-03, time_taken = 1.7e+00, rel_l2_error = 2.5e-01
Model state saved to ./checkpoints/heat3d_exact\2026-03-08_23-22-26-109724\model.pth
Iteration: 1600, loss_r = 2.7e-03 ,  loss_bc = 4.4e-03,  loss_ic = 2.4e-03,  lr = 1.0e-03, time_taken = 1.7e+00, rel_l2_error = 2.6e-01
Model state saved to ./checkpoints/heat3d_exact\2026-03-08_23-22-26-109724\model.pth
Iteration: 1700, loss_r = 2.9e-03 ,  loss_bc = 4.4e-03,  loss_ic = 4.3e-03,  lr = 1.0e-03, time_taken = 1.7e+00, rel_l2_error = 2.4e-01
Model state saved to ./checkpoints/heat3d_exact\2026-03-08_23-22-26-109724\model.pth
Iteration: 1800, loss_r = 3.3e-03 ,  loss_bc = 3.4e-03,  loss_ic = 2.1e-03,  lr = 1.0e-03, time_taken = 1.6e+00, rel_l2_error = 2.4e-01
Model state saved to ./checkpoints/heat3d_exact\2026-03-08_23-22-26-109724\model.pth
Iteration: 1900, loss_r = 3.3e-03 ,  loss_bc = 4.6e-03,  loss_ic = 2.5e-03,  lr = 1.0e-03, time_taken = 1.7e+00, rel_l2_error = 2.3e-01
Model state saved to ./checkpoints/heat3d_exact\2026-03-08_23-22-26-109724\model.pth
Iteration: 2000, loss_r = 3.5e-03 ,  loss_bc = 3.9e-03,  loss_ic = 2.2e-03,  lr = 1.0e-03, time_taken = 1.8e+00, rel_l2_error = 2.5e-01
Model state saved to ./checkpoints/heat3d_exact\2026-03-08_23-22-26-109724\model.pth

=== RAR Evaluation at iteration 2000 ===
Mean residual: 4.809e-01
Added 100 point(s). Total adaptive points: 100

Iteration: 2100, loss_r = 6.4e-03 ,  loss_bc = 3.6e-03,  loss_ic = 2.2e-03,  lr = 1.0e-03, time_taken = 1.8e+00, rel_l2_error = 2.3e-01
Model state saved to ./checkpoints/heat3d_exact\2026-03-08_23-22-26-109724\model.pth
Iteration: 2200, loss_r = 5.1e-03 ,  loss_bc = 4.0e-03,  loss_ic = 2.7e-03,  lr = 1.0e-03, time_taken = 1.7e+00, rel_l2_error = 2.5e-01
Model state saved to ./checkpoints/heat3d_exact\2026-03-08_23-22-26-109724\model.pth
Iteration: 2300, loss_r = 4.4e-03 ,  loss_bc = 4.5e-03,  loss_ic = 4.1e-03,  lr = 1.0e-03, time_taken = 1.8e+00, rel_l2_error = 2.3e-01
Model state saved to ./checkpoints/heat3d_exact\2026-03-08_23-22-26-109724\model.pth
Iteration: 2400, loss_r = 4.5e-03 ,  loss_bc = 3.7e-03,  loss_ic = 2.7e-03,  lr = 1.0e-03, time_taken = 1.7e+00, rel_l2_error = 2.2e-01
Model state saved to ./checkpoints/heat3d_exact\2026-03-08_23-22-26-109724\model.pth
Iteration: 2500, loss_r = 4.8e-03 ,  loss_bc = 3.8e-03,  loss_ic = 1.9e-03,  lr = 1.0e-03, time_taken = 1.8e+00, rel_l2_error = 2.5e-01
Model state saved to ./checkpoints/heat3d_exact\2026-03-08_23-22-26-109724\model.pth
Iteration: 2600, loss_r = 4.1e-03 ,  loss_bc = 3.9e-03,  loss_ic = 1.9e-03,  lr = 1.0e-03, time_taken = 1.7e+00, rel_l2_error = 2.3e-01
Model state saved to ./checkpoints/heat3d_exact\2026-03-08_23-22-26-109724\model.pth
Iteration: 2700, loss_r = 3.1e-03 ,  loss_bc = 3.9e-03,  loss_ic = 1.5e-03,  lr = 1.0e-03, time_taken = 1.7e+00, rel_l2_error = 2.4e-01
Model state saved to ./checkpoints/heat3d_exact\2026-03-08_23-22-26-109724\model.pth
Iteration: 2800, loss_r = 1.8e-03 ,  loss_bc = 3.3e-03,  loss_ic = 2.2e-03,  lr = 1.0e-03, time_taken = 1.6e+00, rel_l2_error = 2.2e-01
Model state saved to ./checkpoints/heat3d_exact\2026-03-08_23-22-26-109724\model.pth
Iteration: 2900, loss_r = 2.5e-03 ,  loss_bc = 3.6e-03,  loss_ic = 2.9e-03,  lr = 1.0e-03, time_taken = 1.7e+00, rel_l2_error = 2.3e-01
Model state saved to ./checkpoints/heat3d_exact\2026-03-08_23-22-26-109724\model.pth
Iteration: 3000, loss_r = 2.0e-03 ,  loss_bc = 4.3e-03,  loss_ic = 1.3e-03,  lr = 9.0e-04, time_taken = 1.7e+00, rel_l2_error = 2.8e-01
Model state saved to ./checkpoints/heat3d_exact\2026-03-08_23-22-26-109724\model.pth
Iteration: 3100, loss_r = 2.7e-03 ,  loss_bc = 3.0e-03,  loss_ic = 1.8e-03,  lr = 9.0e-04, time_taken = 1.6e+00, rel_l2_error = 2.3e-01
Model state saved to ./checkpoints/heat3d_exact\2026-03-08_23-22-26-109724\model.pth
Iteration: 3200, loss_r = 3.6e-03 ,  loss_bc = 3.7e-03,  loss_ic = 2.1e-03,  lr = 9.0e-04, time_taken = 1.7e+00, rel_l2_error = 2.2e-01
Model state saved to ./checkpoints/heat3d_exact\2026-03-08_23-22-26-109724\model.pth
Iteration: 3300, loss_r = 4.1e-03 ,  loss_bc = 4.2e-03,  loss_ic = 1.3e-03,  lr = 9.0e-04, time_taken = 1.7e+00, rel_l2_error = 2.3e-01
Model state saved to ./checkpoints/heat3d_exact\2026-03-08_23-22-26-109724\model.pth
Iteration: 3400, loss_r = 2.7e-03 ,  loss_bc = 3.3e-03,  loss_ic = 2.3e-03,  lr = 9.0e-04, time_taken = 1.6e+00, rel_l2_error = 2.4e-01
Model state saved to ./checkpoints/heat3d_exact\2026-03-08_23-22-26-109724\model.pth
Iteration: 3500, loss_r = 4.5e-03 ,  loss_bc = 4.0e-03,  loss_ic = 2.0e-03,  lr = 9.0e-04, time_taken = 1.5e+00, rel_l2_error = 2.1e-01
Model state saved to ./checkpoints/heat3d_exact\2026-03-08_23-22-26-109724\model.pth
Iteration: 3600, loss_r = 4.0e-03 ,  loss_bc = 3.7e-03,  loss_ic = 2.4e-03,  lr = 9.0e-04, time_taken = 1.7e+00, rel_l2_error = 2.1e-01
Model state saved to ./checkpoints/heat3d_exact\2026-03-08_23-22-26-109724\model.pth
Iteration: 3700, loss_r = 1.8e-03 ,  loss_bc = 3.8e-03,  loss_ic = 1.6e-03,  lr = 9.0e-04, time_taken = 1.7e+00, rel_l2_error = 2.3e-01
Model state saved to ./checkpoints/heat3d_exact\2026-03-08_23-22-26-109724\model.pth
Iteration: 3800, loss_r = 2.3e-03 ,  loss_bc = 3.2e-03,  loss_ic = 2.3e-03,  lr = 9.0e-04, time_taken = 1.6e+00, rel_l2_error = 2.1e-01
Model state saved to ./checkpoints/heat3d_exact\2026-03-08_23-22-26-109724\model.pth
Iteration: 3900, loss_r = 9.4e-04 ,  loss_bc = 3.8e-03,  loss_ic = 1.7e-03,  lr = 9.0e-04, time_taken = 1.6e+00, rel_l2_error = 2.2e-01
Model state saved to ./checkpoints/heat3d_exact\2026-03-08_23-22-26-109724\model.pth
Iteration: 4000, loss_r = 3.6e-03 ,  loss_bc = 3.6e-03,  loss_ic = 1.5e-03,  lr = 9.0e-04, time_taken = 1.8e+00, rel_l2_error = 2.3e-01
Model state saved to ./checkpoints/heat3d_exact\2026-03-08_23-22-26-109724\model.pth

=== RAR Evaluation at iteration 4000 ===
Mean residual: 4.532e-01
Added 100 point(s). Total adaptive points: 200

Iteration: 4100, loss_r = 2.0e-03 ,  loss_bc = 3.2e-03,  loss_ic = 1.6e-03,  lr = 9.0e-04, time_taken = 1.3e+00, rel_l2_error = 2.1e-01
Model state saved to ./checkpoints/heat3d_exact\2026-03-08_23-22-26-109724\model.pth
Iteration: 4200, loss_r = 2.7e-03 ,  loss_bc = 5.2e-03,  loss_ic = 9.9e-04,  lr = 9.0e-04, time_taken = 1.3e+00, rel_l2_error = 2.4e-01
Model state saved to ./checkpoints/heat3d_exact\2026-03-08_23-22-26-109724\model.pth
Iteration: 4300, loss_r = 2.1e-03 ,  loss_bc = 3.9e-03,  loss_ic = 1.3e-03,  lr = 9.0e-04, time_taken = 1.2e+00, rel_l2_error = 2.3e-01
Model state saved to ./checkpoints/heat3d_exact\2026-03-08_23-22-26-109724\model.pth
Iteration: 4400, loss_r = 1.7e-03 ,  loss_bc = 2.8e-03,  loss_ic = 1.5e-03,  lr = 9.0e-04, time_taken = 1.2e+00, rel_l2_error = 2.1e-01
Model state saved to ./checkpoints/heat3d_exact\2026-03-08_23-22-26-109724\model.pth
Iteration: 4500, loss_r = 2.1e-03 ,  loss_bc = 3.6e-03,  loss_ic = 1.1e-03,  lr = 9.0e-04, time_taken = 1.7e+00, rel_l2_error = 2.1e-01
Model state saved to ./checkpoints/heat3d_exact\2026-03-08_23-22-26-109724\model.pth
Iteration: 4600, loss_r = 2.1e-03 ,  loss_bc = 3.2e-03,  loss_ic = 1.2e-03,  lr = 9.0e-04, time_taken = 1.7e+00, rel_l2_error = 2.2e-01
Model state saved to ./checkpoints/heat3d_exact\2026-03-08_23-22-26-109724\model.pth
Iteration: 4700, loss_r = 1.4e-03 ,  loss_bc = 3.0e-03,  loss_ic = 1.1e-03,  lr = 9.0e-04, time_taken = 1.7e+00, rel_l2_error = 2.0e-01
Model state saved to ./checkpoints/heat3d_exact\2026-03-08_23-22-26-109724\model.pth
Iteration: 4800, loss_r = 2.2e-03 ,  loss_bc = 2.9e-03,  loss_ic = 1.3e-03,  lr = 9.0e-04, time_taken = 1.7e+00, rel_l2_error = 2.1e-01
Model state saved to ./checkpoints/heat3d_exact\2026-03-08_23-22-26-109724\model.pth
Iteration: 4900, loss_r = 1.2e-03 ,  loss_bc = 3.1e-03,  loss_ic = 1.5e-03,  lr = 9.0e-04, time_taken = 1.7e+00, rel_l2_error = 2.0e-01
Model state saved to ./checkpoints/heat3d_exact\2026-03-08_23-22-26-109724\model.pth
Iteration: 5000, loss_r = 2.0e-03 ,  loss_bc = 3.0e-03,  loss_ic = 1.2e-03,  lr = 9.0e-04, time_taken = 1.7e+00, rel_l2_error = 2.0e-01
Model state saved to ./checkpoints/heat3d_exact\2026-03-08_23-22-26-109724\model.pth
Iteration: 5100, loss_r = 1.0e-03 ,  loss_bc = 3.2e-03,  loss_ic = 1.3e-03,  lr = 9.0e-04, time_taken = 1.7e+00, rel_l2_error = 2.0e-01
Model state saved to ./checkpoints/heat3d_exact\2026-03-08_23-22-26-109724\model.pth
Iteration: 5200, loss_r = 1.3e-03 ,  loss_bc = 3.2e-03,  loss_ic = 7.9e-04,  lr = 9.0e-04, time_taken = 1.7e+00, rel_l2_error = 2.0e-01
Model state saved to ./checkpoints/heat3d_exact\2026-03-08_23-22-26-109724\model.pth
Iteration: 5300, loss_r = 1.7e-03 ,  loss_bc = 2.0e-03,  loss_ic = 1.2e-03,  lr = 9.0e-04, time_taken = 1.7e+00, rel_l2_error = 2.1e-01
Model state saved to ./checkpoints/heat3d_exact\2026-03-08_23-22-26-109724\model.pth
Iteration: 5400, loss_r = 2.1e-03 ,  loss_bc = 2.7e-03,  loss_ic = 9.9e-04,  lr = 9.0e-04, time_taken = 1.7e+00, rel_l2_error = 2.0e-01
Model state saved to ./checkpoints/heat3d_exact\2026-03-08_23-22-26-109724\model.pth
Iteration: 5500, loss_r = 1.8e-03 ,  loss_bc = 2.2e-03,  loss_ic = 1.3e-03,  lr = 9.0e-04, time_taken = 1.7e+00, rel_l2_error = 2.3e-01
Model state saved to ./checkpoints/heat3d_exact\2026-03-08_23-22-26-109724\model.pth
Iteration: 5600, loss_r = 1.6e-03 ,  loss_bc = 3.3e-03,  loss_ic = 1.0e-03,  lr = 9.0e-04, time_taken = 1.6e+00, rel_l2_error = 1.9e-01
Model state saved to ./checkpoints/heat3d_exact\2026-03-08_23-22-26-109724\model.pth
Iteration: 5700, loss_r = 1.4e-03 ,  loss_bc = 2.7e-03,  loss_ic = 9.0e-04,  lr = 9.0e-04, time_taken = 1.7e+00, rel_l2_error = 1.9e-01
Model state saved to ./checkpoints/heat3d_exact\2026-03-08_23-22-26-109724\model.pth
Iteration: 5800, loss_r = 1.4e-03 ,  loss_bc = 2.3e-03,  loss_ic = 1.3e-03,  lr = 9.0e-04, time_taken = 1.7e+00, rel_l2_error = 1.9e-01
Model state saved to ./checkpoints/heat3d_exact\2026-03-08_23-22-26-109724\model.pth
Iteration: 5900, loss_r = 9.4e-04 ,  loss_bc = 2.4e-03,  loss_ic = 9.8e-04,  lr = 9.0e-04, time_taken = 1.7e+00, rel_l2_error = 1.9e-01
Model state saved to ./checkpoints/heat3d_exact\2026-03-08_23-22-26-109724\model.pth
Iteration: 6000, loss_r = 1.2e-03 ,  loss_bc = 2.2e-03,  loss_ic = 5.4e-04,  lr = 9.0e-04, time_taken = 1.7e+00, rel_l2_error = 2.1e-01
Model state saved to ./checkpoints/heat3d_exact\2026-03-08_23-22-26-109724\model.pth

=== RAR Evaluation at iteration 6000 ===
Mean residual: 4.256e-01
Added 100 point(s). Total adaptive points: 300

Iteration: 6100, loss_r = 1.6e-03 ,  loss_bc = 2.5e-03,  loss_ic = 1.4e-03,  lr = 9.0e-04, time_taken = 1.7e+00, rel_l2_error = 1.9e-01
Model state saved to ./checkpoints/heat3d_exact\2026-03-08_23-22-26-109724\model.pth
Iteration: 6200, loss_r = 1.4e-03 ,  loss_bc = 2.4e-03,  loss_ic = 9.5e-04,  lr = 9.0e-04, time_taken = 1.7e+00, rel_l2_error = 1.9e-01
Model state saved to ./checkpoints/heat3d_exact\2026-03-08_23-22-26-109724\model.pth
Iteration: 6300, loss_r = 1.1e-03 ,  loss_bc = 2.4e-03,  loss_ic = 7.2e-04,  lr = 9.0e-04, time_taken = 1.7e+00, rel_l2_error = 1.9e-01
Model state saved to ./checkpoints/heat3d_exact\2026-03-08_23-22-26-109724\model.pth
Iteration: 6400, loss_r = 8.9e-04 ,  loss_bc = 2.2e-03,  loss_ic = 1.1e-03,  lr = 9.0e-04, time_taken = 1.7e+00, rel_l2_error = 1.8e-01
Model state saved to ./checkpoints/heat3d_exact\2026-03-08_23-22-26-109724\model.pth
Iteration: 6500, loss_r = 1.4e-03 ,  loss_bc = 2.2e-03,  loss_ic = 9.3e-04,  lr = 9.0e-04, time_taken = 1.7e+00, rel_l2_error = 1.9e-01
Model state saved to ./checkpoints/heat3d_exact\2026-03-08_23-22-26-109724\model.pth
Iteration: 6600, loss_r = 1.1e-03 ,  loss_bc = 2.0e-03,  loss_ic = 9.9e-04,  lr = 9.0e-04, time_taken = 1.6e+00, rel_l2_error = 1.8e-01
Model state saved to ./checkpoints/heat3d_exact\2026-03-08_23-22-26-109724\model.pth
Iteration: 6700, loss_r = 1.1e-03 ,  loss_bc = 2.4e-03,  loss_ic = 7.4e-04,  lr = 9.0e-04, time_taken = 1.7e+00, rel_l2_error = 1.9e-01
Model state saved to ./checkpoints/heat3d_exact\2026-03-08_23-22-26-109724\model.pth
Iteration: 6800, loss_r = 1.4e-03 ,  loss_bc = 2.1e-03,  loss_ic = 9.0e-04,  lr = 9.0e-04, time_taken = 1.7e+00, rel_l2_error = 1.7e-01
Model state saved to ./checkpoints/heat3d_exact\2026-03-08_23-22-26-109724\model.pth
Iteration: 6900, loss_r = 1.4e-03 ,  loss_bc = 1.8e-03,  loss_ic = 1.3e-03,  lr = 9.0e-04, time_taken = 1.8e+00, rel_l2_error = 1.8e-01
Model state saved to ./checkpoints/heat3d_exact\2026-03-08_23-22-26-109724\model.pth
Iteration: 7000, loss_r = 7.7e-04 ,  loss_bc = 1.9e-03,  loss_ic = 8.9e-04,  lr = 9.0e-04, time_taken = 1.7e+00, rel_l2_error = 1.7e-01
Model state saved to ./checkpoints/heat3d_exact\2026-03-08_23-22-26-109724\model.pth
Iteration: 7100, loss_r = 1.1e-03 ,  loss_bc = 2.4e-03,  loss_ic = 1.2e-03,  lr = 9.0e-04, time_taken = 2.2e+00, rel_l2_error = 1.8e-01
Model state saved to ./checkpoints/heat3d_exact\2026-03-08_23-22-26-109724\model.pth
Iteration: 7200, loss_r = 8.8e-04 ,  loss_bc = 2.6e-03,  loss_ic = 6.2e-04,  lr = 9.0e-04, time_taken = 1.7e+00, rel_l2_error = 1.8e-01
Model state saved to ./checkpoints/heat3d_exact\2026-03-08_23-22-26-109724\model.pth
Iteration: 7300, loss_r = 9.1e-04 ,  loss_bc = 2.0e-03,  loss_ic = 4.9e-04,  lr = 9.0e-04, time_taken = 1.7e+00, rel_l2_error = 1.8e-01
Model state saved to ./checkpoints/heat3d_exact\2026-03-08_23-22-26-109724\model.pth
Iteration: 7400, loss_r = 1.0e-03 ,  loss_bc = 3.0e-03,  loss_ic = 8.1e-04,  lr = 9.0e-04, time_taken = 1.6e+00, rel_l2_error = 1.7e-01
Model state saved to ./checkpoints/heat3d_exact\2026-03-08_23-22-26-109724\model.pth
Iteration: 7500, loss_r = 8.7e-04 ,  loss_bc = 2.0e-03,  loss_ic = 5.6e-04,  lr = 9.0e-04, time_taken = 1.7e+00, rel_l2_error = 1.7e-01
Model state saved to ./checkpoints/heat3d_exact\2026-03-08_23-22-26-109724\model.pth
Iteration: 7600, loss_r = 6.5e-04 ,  loss_bc = 2.0e-03,  loss_ic = 4.7e-04,  lr = 9.0e-04, time_taken = 1.7e+00, rel_l2_error = 1.8e-01
Model state saved to ./checkpoints/heat3d_exact\2026-03-08_23-22-26-109724\model.pth
Iteration: 7700, loss_r = 7.2e-04 ,  loss_bc = 1.9e-03,  loss_ic = 4.4e-04,  lr = 9.0e-04, time_taken = 1.7e+00, rel_l2_error = 1.7e-01
Model state saved to ./checkpoints/heat3d_exact\2026-03-08_23-22-26-109724\model.pth
Iteration: 7800, loss_r = 1.5e-03 ,  loss_bc = 2.4e-03,  loss_ic = 4.9e-04,  lr = 9.0e-04, time_taken = 1.7e+00, rel_l2_error = 1.6e-01
Model state saved to ./checkpoints/heat3d_exact\2026-03-08_23-22-26-109724\model.pth
Iteration: 7900, loss_r = 8.3e-04 ,  loss_bc = 2.0e-03,  loss_ic = 4.8e-04,  lr = 9.0e-04, time_taken = 1.7e+00, rel_l2_error = 1.7e-01
Model state saved to ./checkpoints/heat3d_exact\2026-03-08_23-22-26-109724\model.pth
Iteration: 8000, loss_r = 1.1e-03 ,  loss_bc = 2.0e-03,  loss_ic = 4.4e-04,  lr = 9.0e-04, time_taken = 1.7e+00, rel_l2_error = 1.7e-01
Model state saved to ./checkpoints/heat3d_exact\2026-03-08_23-22-26-109724\model.pth

=== RAR Evaluation at iteration 8000 ===
Mean residual: 4.149e-01
Added 100 point(s). Total adaptive points: 400

Iteration: 8100, loss_r = 1.1e-03 ,  loss_bc = 2.3e-03,  loss_ic = 3.6e-04,  lr = 9.0e-04, time_taken = 1.3e+00, rel_l2_error = 1.7e-01
Model state saved to ./checkpoints/heat3d_exact\2026-03-08_23-22-26-109724\model.pth
Iteration: 8200, loss_r = 1.4e-03 ,  loss_bc = 1.7e-03,  loss_ic = 8.4e-04,  lr = 9.0e-04, time_taken = 1.3e+00, rel_l2_error = 1.7e-01
Model state saved to ./checkpoints/heat3d_exact\2026-03-08_23-22-26-109724\model.pth
Iteration: 8300, loss_r = 9.1e-04 ,  loss_bc = 2.0e-03,  loss_ic = 5.1e-04,  lr = 9.0e-04, time_taken = 1.3e+00, rel_l2_error = 1.6e-01
Model state saved to ./checkpoints/heat3d_exact\2026-03-08_23-22-26-109724\model.pth
Iteration: 8400, loss_r = 7.1e-04 ,  loss_bc = 1.6e-03,  loss_ic = 3.7e-04,  lr = 9.0e-04, time_taken = 1.3e+00, rel_l2_error = 1.7e-01
Model state saved to ./checkpoints/heat3d_exact\2026-03-08_23-22-26-109724\model.pth
Iteration: 8500, loss_r = 1.1e-03 ,  loss_bc = 2.0e-03,  loss_ic = 4.0e-04,  lr = 9.0e-04, time_taken = 1.3e+00, rel_l2_error = 1.7e-01
Model state saved to ./checkpoints/heat3d_exact\2026-03-08_23-22-26-109724\model.pth
Iteration: 8600, loss_r = 7.5e-04 ,  loss_bc = 1.7e-03,  loss_ic = 4.5e-04,  lr = 9.0e-04, time_taken = 1.3e+00, rel_l2_error = 1.6e-01
Model state saved to ./checkpoints/heat3d_exact\2026-03-08_23-22-26-109724\model.pth
Iteration: 8700, loss_r = 7.3e-04 ,  loss_bc = 1.8e-03,  loss_ic = 5.7e-04,  lr = 9.0e-04, time_taken = 1.3e+00, rel_l2_error = 1.5e-01
Model state saved to ./checkpoints/heat3d_exact\2026-03-08_23-22-26-109724\model.pth
Iteration: 8800, loss_r = 7.9e-04 ,  loss_bc = 1.6e-03,  loss_ic = 6.4e-04,  lr = 9.0e-04, time_taken = 1.2e+00, rel_l2_error = 1.5e-01
Model state saved to ./checkpoints/heat3d_exact\2026-03-08_23-22-26-109724\model.pth
Iteration: 8900, loss_r = 7.8e-04 ,  loss_bc = 1.6e-03,  loss_ic = 3.1e-04,  lr = 9.0e-04, time_taken = 1.3e+00, rel_l2_error = 1.6e-01
Model state saved to ./checkpoints/heat3d_exact\2026-03-08_23-22-26-109724\model.pth
Iteration: 9000, loss_r = 9.7e-04 ,  loss_bc = 1.6e-03,  loss_ic = 3.3e-04,  lr = 9.0e-04, time_taken = 8.2e-01, rel_l2_error = 1.6e-01
Model state saved to ./checkpoints/heat3d_exact\2026-03-08_23-22-26-109724\model.pth
Iteration: 9100, loss_r = 1.1e-03 ,  loss_bc = 1.8e-03,  loss_ic = 2.5e-04,  lr = 9.0e-04, time_taken = 8.6e-01, rel_l2_error = 1.5e-01
Model state saved to ./checkpoints/heat3d_exact\2026-03-08_23-22-26-109724\model.pth
Iteration: 9200, loss_r = 8.3e-04 ,  loss_bc = 1.4e-03,  loss_ic = 4.5e-04,  lr = 9.0e-04, time_taken = 8.1e-01, rel_l2_error = 1.8e-01
Model state saved to ./checkpoints/heat3d_exact\2026-03-08_23-22-26-109724\model.pth
Iteration: 9300, loss_r = 5.5e-04 ,  loss_bc = 1.7e-03,  loss_ic = 5.2e-04,  lr = 9.0e-04, time_taken = 7.8e-01, rel_l2_error = 1.5e-01
Model state saved to ./checkpoints/heat3d_exact\2026-03-08_23-22-26-109724\model.pth
Iteration: 9400, loss_r = 9.3e-04 ,  loss_bc = 1.5e-03,  loss_ic = 3.9e-04,  lr = 9.0e-04, time_taken = 8.0e-01, rel_l2_error = 1.5e-01
Model state saved to ./checkpoints/heat3d_exact\2026-03-08_23-22-26-109724\model.pth
Iteration: 9500, loss_r = 7.8e-04 ,  loss_bc = 1.5e-03,  loss_ic = 3.4e-04,  lr = 9.0e-04, time_taken = 7.6e-01, rel_l2_error = 1.5e-01
Model state saved to ./checkpoints/heat3d_exact\2026-03-08_23-22-26-109724\model.pth
Iteration: 9600, loss_r = 1.6e-03 ,  loss_bc = 1.3e-03,  loss_ic = 1.2e-03,  lr = 9.0e-04, time_taken = 7.9e-01, rel_l2_error = 1.5e-01
Model state saved to ./checkpoints/heat3d_exact\2026-03-08_23-22-26-109724\model.pth
Iteration: 9700, loss_r = 5.1e-04 ,  loss_bc = 1.7e-03,  loss_ic = 4.1e-04,  lr = 9.0e-04, time_taken = 7.9e-01, rel_l2_error = 1.5e-01
Model state saved to ./checkpoints/heat3d_exact\2026-03-08_23-22-26-109724\model.pth
Iteration: 9800, loss_r = 6.6e-04 ,  loss_bc = 1.7e-03,  loss_ic = 3.0e-04,  lr = 9.0e-04, time_taken = 8.3e-01, rel_l2_error = 1.5e-01
Model state saved to ./checkpoints/heat3d_exact\2026-03-08_23-22-26-109724\model.pth
Iteration: 9900, loss_r = 3.5e-04 ,  loss_bc = 1.2e-03,  loss_ic = 4.2e-04,  lr = 9.0e-04, time_taken = 7.9e-01, rel_l2_error = 1.4e-01
Model state saved to ./checkpoints/heat3d_exact\2026-03-08_23-22-26-109724\model.pth

=== Switching to LBFGS optimizer at iteration 10000 ===
Using scipy L-BFGS-B optimizer
Optimizer: L-BFGS-B (maxiter=10000, factr=1000.0, m=100, maxls=50, pgtol=1e-14)
L-BFGS Iteration: 0, Loss: 2.284111e-03
L-BFGS Iteration: 1, Loss: 2.155674e-03, Relative L2 Error: 1.460647e-01
L-BFGS: Time for 100 iterations = 836.6710 s
L-BFGS Iteration: 100, Loss: 1.204578e-03, Relative L2 Error: 1.227424e-01
L-BFGS Iteration: 200, Loss: 8.506512e-04, Relative L2 Error: 1.135968e-01
L-BFGS Iteration: 300, Loss: 6.038618e-04, Relative L2 Error: 1.006056e-01
L-BFGS Iteration: 400, Loss: 4.485291e-04, Relative L2 Error: 9.977577e-02
L-BFGS Iteration: 500, Loss: 3.535292e-04, Relative L2 Error: 9.109229e-02
L-BFGS Iteration: 600, Loss: 2.908848e-04, Relative L2 Error: 8.367728e-02
L-BFGS Iteration: 700, Loss: 2.528044e-04, Relative L2 Error: 8.067910e-02
L-BFGS Iteration: 800, Loss: 2.234605e-04, Relative L2 Error: 7.429493e-02
L-BFGS Iteration: 900, Loss: 1.931526e-04, Relative L2 Error: 7.503871e-02
L-BFGS Iteration: 1000, Loss: 1.720871e-04, Relative L2 Error: 6.660550e-02
L-BFGS Iteration: 1100, Loss: 1.547290e-04, Relative L2 Error: 6.738355e-02
L-BFGS Iteration: 1200, Loss: 1.350717e-04, Relative L2 Error: 6.145553e-02
L-BFGS Iteration: 1300, Loss: 1.223984e-04, Relative L2 Error: 6.318571e-02
L-BFGS Iteration: 1400, Loss: 1.083222e-04, Relative L2 Error: 5.337757e-02
L-BFGS Iteration: 1500, Loss: 9.490976e-05, Relative L2 Error: 4.733191e-02
L-BFGS Iteration: 1600, Loss: 8.484913e-05, Relative L2 Error: 4.830461e-02
L-BFGS Iteration: 1700, Loss: 7.426515e-05, Relative L2 Error: 4.930553e-02
L-BFGS Iteration: 1800, Loss: 6.434954e-05, Relative L2 Error: 4.152794e-02
L-BFGS Iteration: 1900, Loss: 5.643905e-05, Relative L2 Error: 3.619639e-02
L-BFGS Iteration: 2000, Loss: 5.065063e-05, Relative L2 Error: 3.645433e-02
L-BFGS Iteration: 2100, Loss: 4.395029e-05, Relative L2 Error: 3.331463e-02
L-BFGS Iteration: 2200, Loss: 3.812154e-05, Relative L2 Error: 3.320632e-02
L-BFGS Iteration: 2300, Loss: 3.365413e-05, Relative L2 Error: 2.937462e-02
L-BFGS Iteration: 2400, Loss: 3.068503e-05, Relative L2 Error: 3.151749e-02
L-BFGS Iteration: 2500, Loss: 2.796225e-05, Relative L2 Error: 2.992624e-02
L-BFGS Iteration: 2600, Loss: 2.553787e-05, Relative L2 Error: 2.485163e-02
L-BFGS Iteration: 2700, Loss: 2.324104e-05, Relative L2 Error: 2.521867e-02
L-BFGS Iteration: 2800, Loss: 2.176842e-05, Relative L2 Error: 2.366314e-02
L-BFGS Iteration: 2900, Loss: 2.032119e-05, Relative L2 Error: 2.613442e-02
L-BFGS Iteration: 3000, Loss: 1.894504e-05, Relative L2 Error: 2.283059e-02
L-BFGS Iteration: 3100, Loss: 1.735969e-05, Relative L2 Error: 2.421183e-02
L-BFGS Iteration: 3200, Loss: 1.633145e-05, Relative L2 Error: 2.320090e-02
L-BFGS Iteration: 3300, Loss: 1.534417e-05, Relative L2 Error: 2.140302e-02
L-BFGS Iteration: 3400, Loss: 1.431852e-05, Relative L2 Error: 1.919007e-02
L-BFGS Iteration: 3500, Loss: 1.354363e-05, Relative L2 Error: 2.233239e-02
L-BFGS Iteration: 3600, Loss: 1.297649e-05, Relative L2 Error: 2.053815e-02
L-BFGS Iteration: 3700, Loss: 1.222255e-05, Relative L2 Error: 2.001337e-02
L-BFGS Iteration: 3800, Loss: 1.157932e-05, Relative L2 Error: 1.853520e-02
L-BFGS Iteration: 3900, Loss: 1.090240e-05, Relative L2 Error: 1.746765e-02
L-BFGS Iteration: 4000, Loss: 1.034709e-05, Relative L2 Error: 1.702190e-02
L-BFGS Iteration: 4100, Loss: 9.806336e-06, Relative L2 Error: 1.864655e-02
L-BFGS Iteration: 4200, Loss: 9.294220e-06, Relative L2 Error: 1.934679e-02
L-BFGS Iteration: 4300, Loss: 8.880529e-06, Relative L2 Error: 1.910151e-02
L-BFGS Iteration: 4400, Loss: 8.576376e-06, Relative L2 Error: 1.834576e-02
L-BFGS Iteration: 4500, Loss: 8.272275e-06, Relative L2 Error: 1.529777e-02
L-BFGS Iteration: 4600, Loss: 7.949170e-06, Relative L2 Error: 1.579623e-02
L-BFGS Iteration: 4700, Loss: 7.510616e-06, Relative L2 Error: 1.637664e-02
L-BFGS Iteration: 4800, Loss: 7.171989e-06, Relative L2 Error: 1.540848e-02
L-BFGS Iteration: 4900, Loss: 6.870291e-06, Relative L2 Error: 1.454432e-02
L-BFGS Iteration: 5000, Loss: 6.564916e-06, Relative L2 Error: 1.292977e-02
L-BFGS Iteration: 5100, Loss: 6.356806e-06, Relative L2 Error: 1.422860e-02
L-BFGS Iteration: 5200, Loss: 6.176538e-06, Relative L2 Error: 1.326948e-02
L-BFGS Iteration: 5300, Loss: 6.024514e-06, Relative L2 Error: 1.218319e-02
L-BFGS Iteration: 5400, Loss: 5.814757e-06, Relative L2 Error: 1.238889e-02
L-BFGS Iteration: 5500, Loss: 5.570015e-06, Relative L2 Error: 1.587154e-02
L-BFGS Iteration: 5600, Loss: 5.355066e-06, Relative L2 Error: 1.309009e-02
L-BFGS Iteration: 5700, Loss: 5.164880e-06, Relative L2 Error: 1.187400e-02
L-BFGS training completed after 5781 iterations
Model state saved to ./checkpoints/heat3d_exact\2026-03-08_23-22-26-109724\model.pth
Training completed successfully!
Relative L2 error (eval data): 1.23e-02
Saved solution comparison heatmaps to: ./checkpoints/heat3d_exact\2026-03-08_23-22-26-109724\solution_comparison_heat3d.png
