Random seed set to: 1
Solving 3D heat equation u_t = alpha (u_{xx}+u_{yy}+u_{zz}) on [0,1]^3 with homogeneous Dirichlet BC
Using DV Solver
The settings used:
batch_size : 64
epochs : 20000
lr : 0.001
seed : 1
print_every : 100
log_path : ./checkpoints/heat3d_exact
input_dim : 4
output_dim : 1
num_qubits : 5
hidden_dim : 20
num_quantum_layers : 1
classic_network : [4, 20, 1]
q_ansatz : cross_mesh
mode : hybrid
activation : tanh
shots : None
problem : heat3d_exact
solver : DV
device : cuda
method : None
cutoff_dim : 20
class : CVNeuralNetwork1
encoding : angle
use_rar : False
rar_eval_freq : 2000
rar_threshold : 0.0005
rar_num_candidates : 10000
rar_num_add : 100
use_hybrid_optimizer : True
adam_iterations : 10000
use_scipy_lbfgs : True
lbfgs_lr : 1
lbfgs_line_search : strong_wolfe
lbfgs_tolerance_grad : 1e-05
lbfgs_tolerance_change : 1e-07
lbfgs_maxiter : 10000
lbfgs_factr : 1000.0
lbfgs_pgtol : 1e-14
lbfgs_maxls : 50
lbfgs_m : 100
lbfgs_eval_every : 100
domainN : 500
boundaryN : 50
initialN : 50
eval_total_points : 10000
nx : 200
nt : 200
y0 : 0.5
z0 : 0.5
alpha : 0.1
Total number of parameters: 1226
The circuit used in the study:
Iteration: 0, loss_r = 1.8e-05 ,  loss_bc = 4.2e-01,  loss_ic = 4.4e-02,  lr = 1.0e-03, time_taken = 2.9e+00, rel_l2_error = 1.6e+00
Model state saved to ./checkpoints/heat3d_exact/2026-05-29_08-35-28-219388/model.pth
Iteration: 100, loss_r = 5.7e-03 ,  loss_bc = 1.1e-02,  loss_ic = 3.3e-02,  lr = 1.0e-03, time_taken = 1.3e+00, rel_l2_error = 7.9e-01
Model state saved to ./checkpoints/heat3d_exact/2026-05-29_08-35-28-219388/model.pth
Iteration: 200, loss_r = 2.7e-03 ,  loss_bc = 1.2e-02,  loss_ic = 4.0e-02,  lr = 1.0e-03, time_taken = 1.3e+00, rel_l2_error = 6.9e-01
Model state saved to ./checkpoints/heat3d_exact/2026-05-29_08-35-28-219388/model.pth
Iteration: 300, loss_r = 2.1e-03 ,  loss_bc = 7.9e-03,  loss_ic = 2.6e-02,  lr = 1.0e-03, time_taken = 1.3e+00, rel_l2_error = 6.2e-01
Model state saved to ./checkpoints/heat3d_exact/2026-05-29_08-35-28-219388/model.pth
Iteration: 400, loss_r = 2.5e-03 ,  loss_bc = 1.2e-02,  loss_ic = 2.0e-02,  lr = 1.0e-03, time_taken = 1.3e+00, rel_l2_error = 5.7e-01
Model state saved to ./checkpoints/heat3d_exact/2026-05-29_08-35-28-219388/model.pth
Iteration: 500, loss_r = 3.0e-03 ,  loss_bc = 7.6e-03,  loss_ic = 1.5e-02,  lr = 1.0e-03, time_taken = 1.3e+00, rel_l2_error = 4.9e-01
Model state saved to ./checkpoints/heat3d_exact/2026-05-29_08-35-28-219388/model.pth
Iteration: 600, loss_r = 2.3e-03 ,  loss_bc = 1.3e-02,  loss_ic = 1.4e-02,  lr = 1.0e-03, time_taken = 1.3e+00, rel_l2_error = 4.4e-01
Model state saved to ./checkpoints/heat3d_exact/2026-05-29_08-35-28-219388/model.pth
Iteration: 700, loss_r = 3.5e-03 ,  loss_bc = 8.2e-03,  loss_ic = 2.1e-02,  lr = 1.0e-03, time_taken = 1.3e+00, rel_l2_error = 4.0e-01
Model state saved to ./checkpoints/heat3d_exact/2026-05-29_08-35-28-219388/model.pth
Iteration: 800, loss_r = 2.6e-03 ,  loss_bc = 7.6e-03,  loss_ic = 1.3e-02,  lr = 1.0e-03, time_taken = 1.3e+00, rel_l2_error = 4.0e-01
Model state saved to ./checkpoints/heat3d_exact/2026-05-29_08-35-28-219388/model.pth
Iteration: 900, loss_r = 2.6e-03 ,  loss_bc = 8.6e-03,  loss_ic = 2.3e-02,  lr = 1.0e-03, time_taken = 1.3e+00, rel_l2_error = 3.7e-01
Model state saved to ./checkpoints/heat3d_exact/2026-05-29_08-35-28-219388/model.pth
Iteration: 1000, loss_r = 2.8e-03 ,  loss_bc = 6.8e-03,  loss_ic = 9.9e-03,  lr = 1.0e-03, time_taken = 1.3e+00, rel_l2_error = 3.6e-01
Model state saved to ./checkpoints/heat3d_exact/2026-05-29_08-35-28-219388/model.pth
Iteration: 1100, loss_r = 2.7e-03 ,  loss_bc = 6.7e-03,  loss_ic = 1.2e-02,  lr = 1.0e-03, time_taken = 1.9e+00, rel_l2_error = 3.2e-01
Model state saved to ./checkpoints/heat3d_exact/2026-05-29_08-35-28-219388/model.pth
Iteration: 1200, loss_r = 2.3e-03 ,  loss_bc = 7.6e-03,  loss_ic = 6.9e-03,  lr = 1.0e-03, time_taken = 2.4e+00, rel_l2_error = 3.3e-01
Model state saved to ./checkpoints/heat3d_exact/2026-05-29_08-35-28-219388/model.pth
Iteration: 1300, loss_r = 3.1e-03 ,  loss_bc = 6.9e-03,  loss_ic = 3.6e-03,  lr = 1.0e-03, time_taken = 2.5e+00, rel_l2_error = 3.2e-01
Model state saved to ./checkpoints/heat3d_exact/2026-05-29_08-35-28-219388/model.pth
Iteration: 1400, loss_r = 1.6e-03 ,  loss_bc = 6.1e-03,  loss_ic = 3.3e-03,  lr = 1.0e-03, time_taken = 2.3e+00, rel_l2_error = 3.2e-01
Model state saved to ./checkpoints/heat3d_exact/2026-05-29_08-35-28-219388/model.pth
Iteration: 1500, loss_r = 1.6e-03 ,  loss_bc = 7.5e-03,  loss_ic = 3.7e-03,  lr = 1.0e-03, time_taken = 2.3e+00, rel_l2_error = 2.8e-01
Model state saved to ./checkpoints/heat3d_exact/2026-05-29_08-35-28-219388/model.pth
Iteration: 1600, loss_r = 1.1e-03 ,  loss_bc = 4.2e-03,  loss_ic = 1.1e-02,  lr = 1.0e-03, time_taken = 2.4e+00, rel_l2_error = 2.8e-01
Model state saved to ./checkpoints/heat3d_exact/2026-05-29_08-35-28-219388/model.pth
Iteration: 1700, loss_r = 2.2e-03 ,  loss_bc = 5.1e-03,  loss_ic = 5.1e-03,  lr = 1.0e-03, time_taken = 2.1e+00, rel_l2_error = 2.8e-01
Model state saved to ./checkpoints/heat3d_exact/2026-05-29_08-35-28-219388/model.pth
Iteration: 1800, loss_r = 2.6e-03 ,  loss_bc = 4.6e-03,  loss_ic = 4.5e-03,  lr = 1.0e-03, time_taken = 2.4e+00, rel_l2_error = 2.7e-01
Model state saved to ./checkpoints/heat3d_exact/2026-05-29_08-35-28-219388/model.pth
Iteration: 1900, loss_r = 1.6e-03 ,  loss_bc = 3.9e-03,  loss_ic = 3.3e-03,  lr = 1.0e-03, time_taken = 2.6e+00, rel_l2_error = 2.6e-01
Model state saved to ./checkpoints/heat3d_exact/2026-05-29_08-35-28-219388/model.pth
Iteration: 2000, loss_r = 3.7e-03 ,  loss_bc = 5.2e-03,  loss_ic = 3.5e-03,  lr = 1.0e-03, time_taken = 2.0e+00, rel_l2_error = 2.6e-01
Model state saved to ./checkpoints/heat3d_exact/2026-05-29_08-35-28-219388/model.pth
Iteration: 2100, loss_r = 2.8e-03 ,  loss_bc = 4.7e-03,  loss_ic = 3.9e-03,  lr = 1.0e-03, time_taken = 2.5e+00, rel_l2_error = 2.6e-01
Model state saved to ./checkpoints/heat3d_exact/2026-05-29_08-35-28-219388/model.pth
Iteration: 2200, loss_r = 6.3e-03 ,  loss_bc = 6.3e-03,  loss_ic = 3.9e-03,  lr = 1.0e-03, time_taken = 2.1e+00, rel_l2_error = 2.4e-01
Model state saved to ./checkpoints/heat3d_exact/2026-05-29_08-35-28-219388/model.pth
Iteration: 2300, loss_r = 6.2e-03 ,  loss_bc = 4.9e-03,  loss_ic = 3.4e-03,  lr = 1.0e-03, time_taken = 2.5e+00, rel_l2_error = 2.4e-01
Model state saved to ./checkpoints/heat3d_exact/2026-05-29_08-35-28-219388/model.pth
Iteration: 2400, loss_r = 1.5e-03 ,  loss_bc = 5.4e-03,  loss_ic = 4.3e-03,  lr = 1.0e-03, time_taken = 2.3e+00, rel_l2_error = 2.3e-01
Model state saved to ./checkpoints/heat3d_exact/2026-05-29_08-35-28-219388/model.pth
Iteration: 2500, loss_r = 8.7e-04 ,  loss_bc = 3.6e-03,  loss_ic = 4.2e-03,  lr = 1.0e-03, time_taken = 2.5e+00, rel_l2_error = 2.4e-01
Model state saved to ./checkpoints/heat3d_exact/2026-05-29_08-35-28-219388/model.pth
Iteration: 2600, loss_r = 1.4e-03 ,  loss_bc = 4.1e-03,  loss_ic = 2.2e-03,  lr = 1.0e-03, time_taken = 2.3e+00, rel_l2_error = 2.4e-01
Model state saved to ./checkpoints/heat3d_exact/2026-05-29_08-35-28-219388/model.pth
Iteration: 2700, loss_r = 1.4e-03 ,  loss_bc = 3.5e-03,  loss_ic = 2.3e-03,  lr = 1.0e-03, time_taken = 2.2e+00, rel_l2_error = 2.3e-01
Model state saved to ./checkpoints/heat3d_exact/2026-05-29_08-35-28-219388/model.pth
Iteration: 2800, loss_r = 5.9e-03 ,  loss_bc = 4.0e-03,  loss_ic = 2.6e-03,  lr = 1.0e-03, time_taken = 2.6e+00, rel_l2_error = 2.1e-01
Model state saved to ./checkpoints/heat3d_exact/2026-05-29_08-35-28-219388/model.pth
Iteration: 2900, loss_r = 4.5e-03 ,  loss_bc = 4.3e-03,  loss_ic = 2.6e-03,  lr = 1.0e-03, time_taken = 2.4e+00, rel_l2_error = 2.2e-01
Model state saved to ./checkpoints/heat3d_exact/2026-05-29_08-35-28-219388/model.pth
Iteration: 3000, loss_r = 1.2e-03 ,  loss_bc = 4.5e-03,  loss_ic = 1.8e-03,  lr = 1.0e-03, time_taken = 2.7e+00, rel_l2_error = 2.3e-01
Model state saved to ./checkpoints/heat3d_exact/2026-05-29_08-35-28-219388/model.pth
Iteration: 3100, loss_r = 2.4e-03 ,  loss_bc = 4.5e-03,  loss_ic = 2.0e-03,  lr = 1.0e-03, time_taken = 2.5e+00, rel_l2_error = 2.3e-01
Model state saved to ./checkpoints/heat3d_exact/2026-05-29_08-35-28-219388/model.pth
Iteration: 3200, loss_r = 3.1e-03 ,  loss_bc = 4.9e-03,  loss_ic = 2.0e-03,  lr = 1.0e-03, time_taken = 2.2e+00, rel_l2_error = 2.0e-01
Model state saved to ./checkpoints/heat3d_exact/2026-05-29_08-35-28-219388/model.pth
Iteration: 3300, loss_r = 1.4e-03 ,  loss_bc = 3.3e-03,  loss_ic = 2.3e-03,  lr = 1.0e-03, time_taken = 2.3e+00, rel_l2_error = 2.1e-01
Model state saved to ./checkpoints/heat3d_exact/2026-05-29_08-35-28-219388/model.pth
Iteration: 3400, loss_r = 2.5e-03 ,  loss_bc = 3.1e-03,  loss_ic = 1.7e-03,  lr = 1.0e-03, time_taken = 2.6e+00, rel_l2_error = 2.1e-01
Model state saved to ./checkpoints/heat3d_exact/2026-05-29_08-35-28-219388/model.pth
Iteration: 3500, loss_r = 8.9e-04 ,  loss_bc = 4.2e-03,  loss_ic = 1.4e-03,  lr = 1.0e-03, time_taken = 2.6e+00, rel_l2_error = 2.1e-01
Model state saved to ./checkpoints/heat3d_exact/2026-05-29_08-35-28-219388/model.pth
Iteration: 3600, loss_r = 1.3e-03 ,  loss_bc = 3.8e-03,  loss_ic = 2.7e-03,  lr = 1.0e-03, time_taken = 2.4e+00, rel_l2_error = 2.1e-01
Model state saved to ./checkpoints/heat3d_exact/2026-05-29_08-35-28-219388/model.pth
Iteration: 3700, loss_r = 3.2e-03 ,  loss_bc = 2.9e-03,  loss_ic = 2.0e-03,  lr = 1.0e-03, time_taken = 2.4e+00, rel_l2_error = 2.1e-01
Model state saved to ./checkpoints/heat3d_exact/2026-05-29_08-35-28-219388/model.pth
Iteration: 3800, loss_r = 2.6e-03 ,  loss_bc = 3.8e-03,  loss_ic = 1.2e-03,  lr = 1.0e-03, time_taken = 2.4e+00, rel_l2_error = 2.0e-01
Model state saved to ./checkpoints/heat3d_exact/2026-05-29_08-35-28-219388/model.pth
Iteration: 3900, loss_r = 9.5e-04 ,  loss_bc = 3.0e-03,  loss_ic = 1.6e-03,  lr = 1.0e-03, time_taken = 2.7e+00, rel_l2_error = 2.1e-01
Model state saved to ./checkpoints/heat3d_exact/2026-05-29_08-35-28-219388/model.pth
Iteration: 4000, loss_r = 1.8e-03 ,  loss_bc = 2.5e-03,  loss_ic = 1.3e-03,  lr = 1.0e-03, time_taken = 2.5e+00, rel_l2_error = 1.8e-01
Model state saved to ./checkpoints/heat3d_exact/2026-05-29_08-35-28-219388/model.pth
Iteration: 4100, loss_r = 2.1e-03 ,  loss_bc = 3.4e-03,  loss_ic = 1.7e-03,  lr = 1.0e-03, time_taken = 2.6e+00, rel_l2_error = 1.9e-01
Model state saved to ./checkpoints/heat3d_exact/2026-05-29_08-35-28-219388/model.pth
Iteration: 4200, loss_r = 6.9e-04 ,  loss_bc = 3.2e-03,  loss_ic = 1.8e-03,  lr = 1.0e-03, time_taken = 2.1e+00, rel_l2_error = 2.1e-01
Model state saved to ./checkpoints/heat3d_exact/2026-05-29_08-35-28-219388/model.pth
Iteration: 4300, loss_r = 1.9e-03 ,  loss_bc = 2.2e-03,  loss_ic = 1.6e-03,  lr = 1.0e-03, time_taken = 2.4e+00, rel_l2_error = 1.8e-01
Model state saved to ./checkpoints/heat3d_exact/2026-05-29_08-35-28-219388/model.pth
Iteration: 4400, loss_r = 8.4e-04 ,  loss_bc = 3.4e-03,  loss_ic = 1.4e-03,  lr = 1.0e-03, time_taken = 2.5e+00, rel_l2_error = 2.1e-01
Model state saved to ./checkpoints/heat3d_exact/2026-05-29_08-35-28-219388/model.pth
Iteration: 4500, loss_r = 7.3e-04 ,  loss_bc = 3.1e-03,  loss_ic = 1.4e-03,  lr = 1.0e-03, time_taken = 2.4e+00, rel_l2_error = 2.0e-01
Model state saved to ./checkpoints/heat3d_exact/2026-05-29_08-35-28-219388/model.pth
Iteration: 4600, loss_r = 1.6e-03 ,  loss_bc = 2.8e-03,  loss_ic = 1.1e-03,  lr = 1.0e-03, time_taken = 2.3e+00, rel_l2_error = 1.9e-01
Model state saved to ./checkpoints/heat3d_exact/2026-05-29_08-35-28-219388/model.pth
Iteration: 4700, loss_r = 9.9e-04 ,  loss_bc = 3.3e-03,  loss_ic = 1.6e-03,  lr = 1.0e-03, time_taken = 2.3e+00, rel_l2_error = 1.9e-01
Model state saved to ./checkpoints/heat3d_exact/2026-05-29_08-35-28-219388/model.pth
Iteration: 4800, loss_r = 7.3e-04 ,  loss_bc = 2.9e-03,  loss_ic = 1.2e-03,  lr = 1.0e-03, time_taken = 2.3e+00, rel_l2_error = 2.0e-01
Model state saved to ./checkpoints/heat3d_exact/2026-05-29_08-35-28-219388/model.pth
Iteration: 4900, loss_r = 9.2e-04 ,  loss_bc = 3.2e-03,  loss_ic = 1.8e-03,  lr = 1.0e-03, time_taken = 2.2e+00, rel_l2_error = 1.9e-01
Model state saved to ./checkpoints/heat3d_exact/2026-05-29_08-35-28-219388/model.pth
Iteration: 5000, loss_r = 1.3e-03 ,  loss_bc = 2.4e-03,  loss_ic = 1.9e-03,  lr = 1.0e-03, time_taken = 2.5e+00, rel_l2_error = 1.8e-01
Model state saved to ./checkpoints/heat3d_exact/2026-05-29_08-35-28-219388/model.pth
Iteration: 5100, loss_r = 1.3e-03 ,  loss_bc = 3.0e-03,  loss_ic = 1.6e-03,  lr = 1.0e-03, time_taken = 2.1e+00, rel_l2_error = 1.9e-01
Model state saved to ./checkpoints/heat3d_exact/2026-05-29_08-35-28-219388/model.pth
Iteration: 5200, loss_r = 1.8e-03 ,  loss_bc = 2.7e-03,  loss_ic = 1.1e-03,  lr = 1.0e-03, time_taken = 2.7e+00, rel_l2_error = 1.9e-01
Model state saved to ./checkpoints/heat3d_exact/2026-05-29_08-35-28-219388/model.pth
Iteration: 5300, loss_r = 8.4e-04 ,  loss_bc = 3.0e-03,  loss_ic = 1.6e-03,  lr = 1.0e-03, time_taken = 2.4e+00, rel_l2_error = 1.9e-01
Model state saved to ./checkpoints/heat3d_exact/2026-05-29_08-35-28-219388/model.pth
Iteration: 5400, loss_r = 1.1e-03 ,  loss_bc = 2.9e-03,  loss_ic = 1.6e-03,  lr = 1.0e-03, time_taken = 2.5e+00, rel_l2_error = 1.8e-01
Model state saved to ./checkpoints/heat3d_exact/2026-05-29_08-35-28-219388/model.pth
Iteration: 5500, loss_r = 5.4e-04 ,  loss_bc = 2.7e-03,  loss_ic = 1.5e-03,  lr = 1.0e-03, time_taken = 2.2e+00, rel_l2_error = 1.8e-01
Model state saved to ./checkpoints/heat3d_exact/2026-05-29_08-35-28-219388/model.pth
Iteration: 5600, loss_r = 6.6e-04 ,  loss_bc = 3.1e-03,  loss_ic = 1.1e-03,  lr = 1.0e-03, time_taken = 2.4e+00, rel_l2_error = 1.8e-01
Model state saved to ./checkpoints/heat3d_exact/2026-05-29_08-35-28-219388/model.pth
Iteration: 5700, loss_r = 5.8e-04 ,  loss_bc = 2.5e-03,  loss_ic = 1.9e-03,  lr = 1.0e-03, time_taken = 2.4e+00, rel_l2_error = 1.8e-01
Model state saved to ./checkpoints/heat3d_exact/2026-05-29_08-35-28-219388/model.pth
Iteration: 5800, loss_r = 5.2e-04 ,  loss_bc = 3.1e-03,  loss_ic = 1.2e-03,  lr = 9.0e-04, time_taken = 2.1e+00, rel_l2_error = 1.9e-01
Model state saved to ./checkpoints/heat3d_exact/2026-05-29_08-35-28-219388/model.pth
Iteration: 5900, loss_r = 1.2e-03 ,  loss_bc = 3.0e-03,  loss_ic = 2.0e-03,  lr = 9.0e-04, time_taken = 2.5e+00, rel_l2_error = 1.9e-01
Model state saved to ./checkpoints/heat3d_exact/2026-05-29_08-35-28-219388/model.pth
Iteration: 6000, loss_r = 7.1e-04 ,  loss_bc = 2.5e-03,  loss_ic = 1.3e-03,  lr = 9.0e-04, time_taken = 2.5e+00, rel_l2_error = 1.7e-01
Model state saved to ./checkpoints/heat3d_exact/2026-05-29_08-35-28-219388/model.pth
Iteration: 6100, loss_r = 4.0e-04 ,  loss_bc = 3.2e-03,  loss_ic = 9.7e-04,  lr = 9.0e-04, time_taken = 2.4e+00, rel_l2_error = 1.8e-01
Model state saved to ./checkpoints/heat3d_exact/2026-05-29_08-35-28-219388/model.pth
Iteration: 6200, loss_r = 7.5e-04 ,  loss_bc = 2.4e-03,  loss_ic = 1.9e-03,  lr = 9.0e-04, time_taken = 2.4e+00, rel_l2_error = 1.8e-01
Model state saved to ./checkpoints/heat3d_exact/2026-05-29_08-35-28-219388/model.pth
Iteration: 6300, loss_r = 8.6e-04 ,  loss_bc = 2.7e-03,  loss_ic = 1.5e-03,  lr = 9.0e-04, time_taken = 2.4e+00, rel_l2_error = 1.8e-01
Model state saved to ./checkpoints/heat3d_exact/2026-05-29_08-35-28-219388/model.pth
Iteration: 6400, loss_r = 1.1e-03 ,  loss_bc = 2.2e-03,  loss_ic = 1.7e-03,  lr = 9.0e-04, time_taken = 2.5e+00, rel_l2_error = 1.8e-01
Model state saved to ./checkpoints/heat3d_exact/2026-05-29_08-35-28-219388/model.pth
Iteration: 6500, loss_r = 5.4e-04 ,  loss_bc = 1.8e-03,  loss_ic = 1.1e-03,  lr = 9.0e-04, time_taken = 2.5e+00, rel_l2_error = 1.7e-01
Model state saved to ./checkpoints/heat3d_exact/2026-05-29_08-35-28-219388/model.pth
Iteration: 6600, loss_r = 3.9e-04 ,  loss_bc = 2.1e-03,  loss_ic = 1.3e-03,  lr = 9.0e-04, time_taken = 2.3e+00, rel_l2_error = 1.8e-01
Model state saved to ./checkpoints/heat3d_exact/2026-05-29_08-35-28-219388/model.pth
Iteration: 6700, loss_r = 8.4e-04 ,  loss_bc = 3.4e-03,  loss_ic = 9.4e-04,  lr = 9.0e-04, time_taken = 2.4e+00, rel_l2_error = 1.8e-01
Model state saved to ./checkpoints/heat3d_exact/2026-05-29_08-35-28-219388/model.pth
Iteration: 6800, loss_r = 5.6e-04 ,  loss_bc = 3.1e-03,  loss_ic = 9.6e-04,  lr = 9.0e-04, time_taken = 2.2e+00, rel_l2_error = 1.8e-01
Model state saved to ./checkpoints/heat3d_exact/2026-05-29_08-35-28-219388/model.pth
Iteration: 6900, loss_r = 1.0e-03 ,  loss_bc = 2.7e-03,  loss_ic = 9.6e-04,  lr = 9.0e-04, time_taken = 2.5e+00, rel_l2_error = 1.9e-01
Model state saved to ./checkpoints/heat3d_exact/2026-05-29_08-35-28-219388/model.pth
Iteration: 7000, loss_r = 4.2e-04 ,  loss_bc = 2.7e-03,  loss_ic = 1.0e-03,  lr = 9.0e-04, time_taken = 2.4e+00, rel_l2_error = 2.0e-01
Model state saved to ./checkpoints/heat3d_exact/2026-05-29_08-35-28-219388/model.pth
Iteration: 7100, loss_r = 7.6e-04 ,  loss_bc = 1.9e-03,  loss_ic = 1.7e-03,  lr = 9.0e-04, time_taken = 2.1e+00, rel_l2_error = 1.8e-01
Model state saved to ./checkpoints/heat3d_exact/2026-05-29_08-35-28-219388/model.pth
Iteration: 7200, loss_r = 5.2e-04 ,  loss_bc = 3.6e-03,  loss_ic = 9.5e-04,  lr = 9.0e-04, time_taken = 2.4e+00, rel_l2_error = 1.6e-01
Model state saved to ./checkpoints/heat3d_exact/2026-05-29_08-35-28-219388/model.pth
Iteration: 7300, loss_r = 6.1e-04 ,  loss_bc = 2.9e-03,  loss_ic = 1.3e-03,  lr = 9.0e-04, time_taken = 2.6e+00, rel_l2_error = 1.8e-01
Model state saved to ./checkpoints/heat3d_exact/2026-05-29_08-35-28-219388/model.pth
Iteration: 7400, loss_r = 1.2e-03 ,  loss_bc = 2.3e-03,  loss_ic = 1.0e-03,  lr = 9.0e-04, time_taken = 2.2e+00, rel_l2_error = 1.6e-01
Model state saved to ./checkpoints/heat3d_exact/2026-05-29_08-35-28-219388/model.pth
Iteration: 7500, loss_r = 7.2e-04 ,  loss_bc = 3.0e-03,  loss_ic = 1.2e-03,  lr = 9.0e-04, time_taken = 2.4e+00, rel_l2_error = 1.8e-01
Model state saved to ./checkpoints/heat3d_exact/2026-05-29_08-35-28-219388/model.pth
Iteration: 7600, loss_r = 8.0e-04 ,  loss_bc = 1.8e-03,  loss_ic = 1.6e-03,  lr = 9.0e-04, time_taken = 2.6e+00, rel_l2_error = 2.0e-01
Model state saved to ./checkpoints/heat3d_exact/2026-05-29_08-35-28-219388/model.pth
Iteration: 7700, loss_r = 3.3e-04 ,  loss_bc = 3.8e-03,  loss_ic = 9.0e-04,  lr = 9.0e-04, time_taken = 2.6e+00, rel_l2_error = 1.7e-01
Model state saved to ./checkpoints/heat3d_exact/2026-05-29_08-35-28-219388/model.pth
Iteration: 7800, loss_r = 1.0e-03 ,  loss_bc = 2.5e-03,  loss_ic = 1.3e-03,  lr = 9.0e-04, time_taken = 2.4e+00, rel_l2_error = 1.9e-01
Model state saved to ./checkpoints/heat3d_exact/2026-05-29_08-35-28-219388/model.pth
Iteration: 7900, loss_r = 7.9e-04 ,  loss_bc = 2.2e-03,  loss_ic = 1.4e-03,  lr = 9.0e-04, time_taken = 2.6e+00, rel_l2_error = 1.8e-01
Model state saved to ./checkpoints/heat3d_exact/2026-05-29_08-35-28-219388/model.pth
Iteration: 8000, loss_r = 1.5e-03 ,  loss_bc = 2.0e-03,  loss_ic = 1.1e-03,  lr = 9.0e-04, time_taken = 2.3e+00, rel_l2_error = 1.8e-01
Model state saved to ./checkpoints/heat3d_exact/2026-05-29_08-35-28-219388/model.pth
Iteration: 8100, loss_r = 7.3e-04 ,  loss_bc = 2.9e-03,  loss_ic = 9.2e-04,  lr = 9.0e-04, time_taken = 2.3e+00, rel_l2_error = 1.7e-01
Model state saved to ./checkpoints/heat3d_exact/2026-05-29_08-35-28-219388/model.pth
Iteration: 8200, loss_r = 8.3e-04 ,  loss_bc = 2.3e-03,  loss_ic = 8.0e-04,  lr = 9.0e-04, time_taken = 2.5e+00, rel_l2_error = 1.7e-01
Model state saved to ./checkpoints/heat3d_exact/2026-05-29_08-35-28-219388/model.pth
Iteration: 8300, loss_r = 9.5e-04 ,  loss_bc = 1.8e-03,  loss_ic = 8.6e-04,  lr = 9.0e-04, time_taken = 2.2e+00, rel_l2_error = 1.7e-01
Model state saved to ./checkpoints/heat3d_exact/2026-05-29_08-35-28-219388/model.pth
Iteration: 8400, loss_r = 5.5e-04 ,  loss_bc = 2.0e-03,  loss_ic = 8.3e-04,  lr = 8.1e-04, time_taken = 2.3e+00, rel_l2_error = 1.6e-01
Model state saved to ./checkpoints/heat3d_exact/2026-05-29_08-35-28-219388/model.pth
Iteration: 8500, loss_r = 6.2e-04 ,  loss_bc = 2.0e-03,  loss_ic = 8.2e-04,  lr = 8.1e-04, time_taken = 2.3e+00, rel_l2_error = 1.6e-01
Model state saved to ./checkpoints/heat3d_exact/2026-05-29_08-35-28-219388/model.pth
Iteration: 8600, loss_r = 6.8e-04 ,  loss_bc = 2.2e-03,  loss_ic = 7.8e-04,  lr = 8.1e-04, time_taken = 2.4e+00, rel_l2_error = 1.6e-01
Model state saved to ./checkpoints/heat3d_exact/2026-05-29_08-35-28-219388/model.pth
Iteration: 8700, loss_r = 4.9e-04 ,  loss_bc = 2.0e-03,  loss_ic = 1.0e-03,  lr = 8.1e-04, time_taken = 2.1e+00, rel_l2_error = 1.7e-01
Model state saved to ./checkpoints/heat3d_exact/2026-05-29_08-35-28-219388/model.pth
Iteration: 8800, loss_r = 5.7e-04 ,  loss_bc = 2.1e-03,  loss_ic = 7.5e-04,  lr = 8.1e-04, time_taken = 2.4e+00, rel_l2_error = 1.6e-01
Model state saved to ./checkpoints/heat3d_exact/2026-05-29_08-35-28-219388/model.pth
Iteration: 8900, loss_r = 3.3e-04 ,  loss_bc = 2.1e-03,  loss_ic = 8.2e-04,  lr = 8.1e-04, time_taken = 2.5e+00, rel_l2_error = 1.6e-01
Model state saved to ./checkpoints/heat3d_exact/2026-05-29_08-35-28-219388/model.pth
Iteration: 9000, loss_r = 3.1e-04 ,  loss_bc = 1.9e-03,  loss_ic = 6.5e-04,  lr = 8.1e-04, time_taken = 2.3e+00, rel_l2_error = 1.6e-01
Model state saved to ./checkpoints/heat3d_exact/2026-05-29_08-35-28-219388/model.pth
Iteration: 9100, loss_r = 8.3e-04 ,  loss_bc = 1.6e-03,  loss_ic = 7.8e-04,  lr = 8.1e-04, time_taken = 2.3e+00, rel_l2_error = 1.6e-01
Model state saved to ./checkpoints/heat3d_exact/2026-05-29_08-35-28-219388/model.pth
Iteration: 9200, loss_r = 7.8e-04 ,  loss_bc = 2.0e-03,  loss_ic = 6.1e-04,  lr = 8.1e-04, time_taken = 2.4e+00, rel_l2_error = 1.6e-01
Model state saved to ./checkpoints/heat3d_exact/2026-05-29_08-35-28-219388/model.pth
Iteration: 9300, loss_r = 8.3e-04 ,  loss_bc = 1.7e-03,  loss_ic = 1.0e-03,  lr = 8.1e-04, time_taken = 2.3e+00, rel_l2_error = 1.6e-01
Model state saved to ./checkpoints/heat3d_exact/2026-05-29_08-35-28-219388/model.pth
Iteration: 9400, loss_r = 5.8e-04 ,  loss_bc = 2.3e-03,  loss_ic = 7.8e-04,  lr = 8.1e-04, time_taken = 2.6e+00, rel_l2_error = 1.7e-01
Model state saved to ./checkpoints/heat3d_exact/2026-05-29_08-35-28-219388/model.pth
Iteration: 9500, loss_r = 3.9e-04 ,  loss_bc = 2.2e-03,  loss_ic = 6.5e-04,  lr = 8.1e-04, time_taken = 2.4e+00, rel_l2_error = 1.5e-01
Model state saved to ./checkpoints/heat3d_exact/2026-05-29_08-35-28-219388/model.pth
Iteration: 9600, loss_r = 6.3e-04 ,  loss_bc = 2.0e-03,  loss_ic = 6.6e-04,  lr = 8.1e-04, time_taken = 2.6e+00, rel_l2_error = 1.4e-01
Model state saved to ./checkpoints/heat3d_exact/2026-05-29_08-35-28-219388/model.pth
Iteration: 9700, loss_r = 7.7e-04 ,  loss_bc = 2.6e-03,  loss_ic = 5.8e-04,  lr = 8.1e-04, time_taken = 2.4e+00, rel_l2_error = 1.6e-01
Model state saved to ./checkpoints/heat3d_exact/2026-05-29_08-35-28-219388/model.pth
Iteration: 9800, loss_r = 7.6e-04 ,  loss_bc = 2.3e-03,  loss_ic = 7.8e-04,  lr = 8.1e-04, time_taken = 2.2e+00, rel_l2_error = 1.5e-01
Model state saved to ./checkpoints/heat3d_exact/2026-05-29_08-35-28-219388/model.pth
Iteration: 9900, loss_r = 7.2e-04 ,  loss_bc = 1.8e-03,  loss_ic = 5.1e-04,  lr = 8.1e-04, time_taken = 2.6e+00, rel_l2_error = 1.6e-01
Model state saved to ./checkpoints/heat3d_exact/2026-05-29_08-35-28-219388/model.pth

=== Switching to LBFGS optimizer at iteration 10000 ===
Using scipy L-BFGS-B optimizer
Optimizer: L-BFGS-B (maxiter=10000, factr=1000.0, m=100, maxls=50, pgtol=1e-14)
L-BFGS Iteration: 0, Loss: 3.355319e-03
L-BFGS Iteration: 1, Loss: 3.148071e-03, Relative L2 Error: 1.518954e-01
L-BFGS: Time for 100 iterations = 1115.8337 s
L-BFGS Iteration: 100, Loss: 1.964564e-03, Relative L2 Error: 1.288375e-01
L-BFGS Iteration: 200, Loss: 1.171658e-03, Relative L2 Error: 1.146651e-01
L-BFGS Iteration: 300, Loss: 7.232142e-04, Relative L2 Error: 9.738729e-02
L-BFGS Iteration: 400, Loss: 4.982774e-04, Relative L2 Error: 8.343610e-02
L-BFGS Iteration: 500, Loss: 3.542930e-04, Relative L2 Error: 6.992365e-02
L-BFGS Iteration: 600, Loss: 2.646664e-04, Relative L2 Error: 7.047690e-02
L-BFGS Iteration: 700, Loss: 2.077451e-04, Relative L2 Error: 7.104754e-02
L-BFGS Iteration: 800, Loss: 1.669098e-04, Relative L2 Error: 6.621731e-02
L-BFGS Iteration: 900, Loss: 1.361216e-04, Relative L2 Error: 5.970831e-02
L-BFGS Iteration: 1000, Loss: 1.137447e-04, Relative L2 Error: 5.701897e-02
L-BFGS Iteration: 1100, Loss: 9.590637e-05, Relative L2 Error: 4.962428e-02
L-BFGS Iteration: 1200, Loss: 8.402895e-05, Relative L2 Error: 4.880904e-02
L-BFGS Iteration: 1300, Loss: 7.298532e-05, Relative L2 Error: 4.484602e-02
L-BFGS Iteration: 1400, Loss: 6.664196e-05, Relative L2 Error: 4.240241e-02
L-BFGS Iteration: 1500, Loss: 6.026154e-05, Relative L2 Error: 4.174826e-02
L-BFGS Iteration: 1600, Loss: 5.442103e-05, Relative L2 Error: 3.827472e-02
L-BFGS Iteration: 1700, Loss: 5.079077e-05, Relative L2 Error: 3.715163e-02
L-BFGS Iteration: 1800, Loss: 4.688786e-05, Relative L2 Error: 3.650392e-02
L-BFGS Iteration: 1900, Loss: 4.308666e-05, Relative L2 Error: 3.142266e-02
L-BFGS Iteration: 2000, Loss: 4.040620e-05, Relative L2 Error: 3.490117e-02
L-BFGS Iteration: 2100, Loss: 3.761947e-05, Relative L2 Error: 3.573876e-02
L-BFGS Iteration: 2200, Loss: 3.595975e-05, Relative L2 Error: 3.233017e-02
L-BFGS Iteration: 2300, Loss: 3.394765e-05, Relative L2 Error: 3.287185e-02
L-BFGS Iteration: 2400, Loss: 3.215910e-05, Relative L2 Error: 2.980036e-02
L-BFGS Iteration: 2500, Loss: 3.113502e-05, Relative L2 Error: 3.134120e-02
L-BFGS Iteration: 2600, Loss: 2.997062e-05, Relative L2 Error: 2.725903e-02
L-BFGS Iteration: 2700, Loss: 2.870166e-05, Relative L2 Error: 2.684318e-02
L-BFGS Iteration: 2800, Loss: 2.765924e-05, Relative L2 Error: 2.840023e-02
L-BFGS Iteration: 2900, Loss: 2.669641e-05, Relative L2 Error: 2.771181e-02
L-BFGS Iteration: 3000, Loss: 2.555733e-05, Relative L2 Error: 2.735284e-02
L-BFGS Iteration: 3100, Loss: 2.428860e-05, Relative L2 Error: 2.520377e-02
L-BFGS Iteration: 3200, Loss: 2.311585e-05, Relative L2 Error: 2.485090e-02
L-BFGS Iteration: 3300, Loss: 2.227932e-05, Relative L2 Error: 2.382522e-02
L-BFGS Iteration: 3400, Loss: 2.147208e-05, Relative L2 Error: 2.511393e-02
L-BFGS Iteration: 3500, Loss: 2.068219e-05, Relative L2 Error: 2.342045e-02
L-BFGS training completed after 3541 iterations
Model state saved to ./checkpoints/heat3d_exact/2026-05-29_08-35-28-219388/model.pth
Training completed successfully!
Relative L2 error (eval data): 2.60e-02
Saved solution comparison heatmaps to: ./checkpoints/heat3d_exact/2026-05-29_08-35-28-219388/solution_comparison_heat3d.png
