Random seed set to: 3407
Solving 3D heat equation u_t = alpha (u_{xx}+u_{yy}+u_{zz}) on [0,1]^3 with homogeneous Dirichlet BC
checkpoint path: self.log_path='./checkpoints/heat3d_exact\\2026-03-05_17-55-13-902012'
Using Classical Solver2
The settings used:
batch_size : 64
epochs : 20000
lr : 0.001
seed : 3407
print_every : 100
log_path : ./checkpoints/heat3d_exact
input_dim : 4
output_dim : 1
num_qubits : 5
hidden_dim : 20
num_quantum_layers : 1
classic_network : [4, 20, 1]
q_ansatz : cross_mesh
mode : hybrid
activation : tanh
shots : None
problem : heat3d_exact
solver : Classical2
device : cpu
method : None
cutoff_dim : 20
class : CVNeuralNetwork1
encoding : angle
use_rar : False
rar_eval_freq : 2000
rar_threshold : 0.0005
rar_num_candidates : 10000
rar_num_add : 100
use_hybrid_optimizer : True
adam_iterations : 10000
use_scipy_lbfgs : True
lbfgs_lr : 1
lbfgs_line_search : strong_wolfe
lbfgs_tolerance_grad : 1e-05
lbfgs_tolerance_change : 1e-07
lbfgs_maxiter : 10000
lbfgs_factr : 1000.0
lbfgs_pgtol : 1e-14
lbfgs_maxls : 50
lbfgs_m : 100
lbfgs_eval_every : 100
domainN : 500
boundaryN : 50
initialN : 50
eval_total_points : 10000
nx : 200
nt : 200
y0 : 0.5
z0 : 0.5
alpha : 0.1
Total number of parameters: 2221
Iteration: 0, loss_r = 1.0e-02 ,  loss_bc = 5.5e-02,  loss_ic = 2.0e-01,  lr = 1.0e-03, time_taken = 7.3e-02, rel_l2_error = 1.2e+00
Model state saved to ./checkpoints/heat3d_exact\2026-03-05_17-55-13-902012\model.pth
Iteration: 100, loss_r = 3.3e-03 ,  loss_bc = 1.6e-02,  loss_ic = 6.5e-02,  lr = 1.0e-03, time_taken = 5.7e-02, rel_l2_error = 7.5e-01
Model state saved to ./checkpoints/heat3d_exact\2026-03-05_17-55-13-902012\model.pth
Iteration: 200, loss_r = 4.8e-03 ,  loss_bc = 1.2e-02,  loss_ic = 3.5e-02,  lr = 1.0e-03, time_taken = 5.9e-02, rel_l2_error = 7.2e-01
Model state saved to ./checkpoints/heat3d_exact\2026-03-05_17-55-13-902012\model.pth
Iteration: 300, loss_r = 8.2e-03 ,  loss_bc = 1.2e-02,  loss_ic = 5.0e-02,  lr = 1.0e-03, time_taken = 6.5e-02, rel_l2_error = 6.1e-01
Model state saved to ./checkpoints/heat3d_exact\2026-03-05_17-55-13-902012\model.pth
Iteration: 400, loss_r = 7.0e-03 ,  loss_bc = 1.1e-02,  loss_ic = 3.9e-02,  lr = 1.0e-03, time_taken = 5.9e-02, rel_l2_error = 5.9e-01
Model state saved to ./checkpoints/heat3d_exact\2026-03-05_17-55-13-902012\model.pth
Iteration: 500, loss_r = 4.0e-03 ,  loss_bc = 1.1e-02,  loss_ic = 3.3e-02,  lr = 1.0e-03, time_taken = 6.8e-02, rel_l2_error = 5.4e-01
Model state saved to ./checkpoints/heat3d_exact\2026-03-05_17-55-13-902012\model.pth
Iteration: 600, loss_r = 6.5e-03 ,  loss_bc = 1.1e-02,  loss_ic = 1.6e-02,  lr = 1.0e-03, time_taken = 5.1e-02, rel_l2_error = 4.6e-01
Model state saved to ./checkpoints/heat3d_exact\2026-03-05_17-55-13-902012\model.pth
Iteration: 700, loss_r = 5.8e-03 ,  loss_bc = 7.0e-03,  loss_ic = 1.4e-02,  lr = 1.0e-03, time_taken = 4.9e-02, rel_l2_error = 4.2e-01
Model state saved to ./checkpoints/heat3d_exact\2026-03-05_17-55-13-902012\model.pth
Iteration: 800, loss_r = 7.3e-03 ,  loss_bc = 4.7e-03,  loss_ic = 8.2e-03,  lr = 1.0e-03, time_taken = 5.6e-02, rel_l2_error = 3.8e-01
Model state saved to ./checkpoints/heat3d_exact\2026-03-05_17-55-13-902012\model.pth
Iteration: 900, loss_r = 5.9e-03 ,  loss_bc = 5.8e-03,  loss_ic = 7.3e-03,  lr = 1.0e-03, time_taken = 5.0e-02, rel_l2_error = 3.4e-01
Model state saved to ./checkpoints/heat3d_exact\2026-03-05_17-55-13-902012\model.pth
Iteration: 1000, loss_r = 2.5e-03 ,  loss_bc = 4.8e-03,  loss_ic = 8.6e-03,  lr = 1.0e-03, time_taken = 4.8e-02, rel_l2_error = 3.2e-01
Model state saved to ./checkpoints/heat3d_exact\2026-03-05_17-55-13-902012\model.pth
Iteration: 1100, loss_r = 4.6e-03 ,  loss_bc = 3.9e-03,  loss_ic = 6.3e-03,  lr = 1.0e-03, time_taken = 7.2e-02, rel_l2_error = 2.9e-01
Model state saved to ./checkpoints/heat3d_exact\2026-03-05_17-55-13-902012\model.pth
Iteration: 1200, loss_r = 2.4e-03 ,  loss_bc = 3.3e-03,  loss_ic = 5.1e-03,  lr = 1.0e-03, time_taken = 5.4e-02, rel_l2_error = 3.0e-01
Model state saved to ./checkpoints/heat3d_exact\2026-03-05_17-55-13-902012\model.pth
Iteration: 1300, loss_r = 1.8e-03 ,  loss_bc = 5.5e-03,  loss_ic = 3.9e-03,  lr = 1.0e-03, time_taken = 5.2e-02, rel_l2_error = 2.7e-01
Model state saved to ./checkpoints/heat3d_exact\2026-03-05_17-55-13-902012\model.pth
Iteration: 1400, loss_r = 3.7e-03 ,  loss_bc = 5.9e-03,  loss_ic = 3.1e-03,  lr = 1.0e-03, time_taken = 5.0e-02, rel_l2_error = 2.5e-01
Model state saved to ./checkpoints/heat3d_exact\2026-03-05_17-55-13-902012\model.pth
Iteration: 1500, loss_r = 2.8e-03 ,  loss_bc = 4.0e-03,  loss_ic = 3.3e-03,  lr = 1.0e-03, time_taken = 4.8e-02, rel_l2_error = 2.4e-01
Model state saved to ./checkpoints/heat3d_exact\2026-03-05_17-55-13-902012\model.pth
Iteration: 1600, loss_r = 1.5e-03 ,  loss_bc = 3.1e-03,  loss_ic = 2.8e-03,  lr = 1.0e-03, time_taken = 5.9e-02, rel_l2_error = 2.4e-01
Model state saved to ./checkpoints/heat3d_exact\2026-03-05_17-55-13-902012\model.pth
Iteration: 1700, loss_r = 1.6e-03 ,  loss_bc = 3.0e-03,  loss_ic = 1.6e-03,  lr = 1.0e-03, time_taken = 5.8e-02, rel_l2_error = 2.2e-01
Model state saved to ./checkpoints/heat3d_exact\2026-03-05_17-55-13-902012\model.pth
Iteration: 1800, loss_r = 2.2e-03 ,  loss_bc = 2.5e-03,  loss_ic = 1.8e-03,  lr = 1.0e-03, time_taken = 6.2e-02, rel_l2_error = 2.3e-01
Model state saved to ./checkpoints/heat3d_exact\2026-03-05_17-55-13-902012\model.pth
Iteration: 1900, loss_r = 2.6e-03 ,  loss_bc = 2.8e-03,  loss_ic = 1.4e-03,  lr = 1.0e-03, time_taken = 6.2e-02, rel_l2_error = 2.2e-01
Model state saved to ./checkpoints/heat3d_exact\2026-03-05_17-55-13-902012\model.pth
Iteration: 2000, loss_r = 1.7e-03 ,  loss_bc = 2.4e-03,  loss_ic = 1.2e-03,  lr = 1.0e-03, time_taken = 6.2e-02, rel_l2_error = 2.0e-01
Model state saved to ./checkpoints/heat3d_exact\2026-03-05_17-55-13-902012\model.pth
Iteration: 2100, loss_r = 7.3e-04 ,  loss_bc = 1.8e-03,  loss_ic = 1.3e-03,  lr = 1.0e-03, time_taken = 8.0e-02, rel_l2_error = 1.9e-01
Model state saved to ./checkpoints/heat3d_exact\2026-03-05_17-55-13-902012\model.pth
Iteration: 2200, loss_r = 1.0e-03 ,  loss_bc = 1.8e-03,  loss_ic = 8.1e-04,  lr = 1.0e-03, time_taken = 8.2e-02, rel_l2_error = 2.2e-01
Model state saved to ./checkpoints/heat3d_exact\2026-03-05_17-55-13-902012\model.pth
Iteration: 2300, loss_r = 8.3e-04 ,  loss_bc = 2.1e-03,  loss_ic = 1.4e-03,  lr = 1.0e-03, time_taken = 6.8e-02, rel_l2_error = 2.0e-01
Model state saved to ./checkpoints/heat3d_exact\2026-03-05_17-55-13-902012\model.pth
Iteration: 2400, loss_r = 2.2e-03 ,  loss_bc = 1.9e-03,  loss_ic = 8.0e-04,  lr = 1.0e-03, time_taken = 7.0e-02, rel_l2_error = 1.8e-01
Model state saved to ./checkpoints/heat3d_exact\2026-03-05_17-55-13-902012\model.pth
Iteration: 2500, loss_r = 9.7e-04 ,  loss_bc = 2.4e-03,  loss_ic = 8.3e-04,  lr = 1.0e-03, time_taken = 7.0e-02, rel_l2_error = 1.8e-01
Model state saved to ./checkpoints/heat3d_exact\2026-03-05_17-55-13-902012\model.pth
Iteration: 2600, loss_r = 1.5e-03 ,  loss_bc = 1.7e-03,  loss_ic = 8.1e-04,  lr = 1.0e-03, time_taken = 8.2e-02, rel_l2_error = 1.8e-01
Model state saved to ./checkpoints/heat3d_exact\2026-03-05_17-55-13-902012\model.pth
Iteration: 2700, loss_r = 6.1e-04 ,  loss_bc = 1.5e-03,  loss_ic = 6.1e-04,  lr = 1.0e-03, time_taken = 9.0e-02, rel_l2_error = 2.1e-01
Model state saved to ./checkpoints/heat3d_exact\2026-03-05_17-55-13-902012\model.pth
Iteration: 2800, loss_r = 9.0e-04 ,  loss_bc = 1.5e-03,  loss_ic = 6.6e-04,  lr = 1.0e-03, time_taken = 7.3e-02, rel_l2_error = 1.7e-01
Model state saved to ./checkpoints/heat3d_exact\2026-03-05_17-55-13-902012\model.pth
Iteration: 2900, loss_r = 6.4e-04 ,  loss_bc = 1.6e-03,  loss_ic = 7.0e-04,  lr = 1.0e-03, time_taken = 7.3e-02, rel_l2_error = 1.7e-01
Model state saved to ./checkpoints/heat3d_exact\2026-03-05_17-55-13-902012\model.pth
Iteration: 3000, loss_r = 1.7e-03 ,  loss_bc = 1.4e-03,  loss_ic = 3.9e-04,  lr = 1.0e-03, time_taken = 7.0e-02, rel_l2_error = 1.6e-01
Model state saved to ./checkpoints/heat3d_exact\2026-03-05_17-55-13-902012\model.pth
Iteration: 3100, loss_r = 4.6e-04 ,  loss_bc = 9.4e-04,  loss_ic = 4.8e-04,  lr = 1.0e-03, time_taken = 7.9e-02, rel_l2_error = 1.7e-01
Model state saved to ./checkpoints/heat3d_exact\2026-03-05_17-55-13-902012\model.pth
Iteration: 3200, loss_r = 8.5e-04 ,  loss_bc = 8.9e-04,  loss_ic = 4.4e-04,  lr = 1.0e-03, time_taken = 7.8e-02, rel_l2_error = 1.6e-01
Model state saved to ./checkpoints/heat3d_exact\2026-03-05_17-55-13-902012\model.pth
Iteration: 3300, loss_r = 4.4e-04 ,  loss_bc = 8.4e-04,  loss_ic = 2.8e-04,  lr = 1.0e-03, time_taken = 7.1e-02, rel_l2_error = 1.4e-01
Model state saved to ./checkpoints/heat3d_exact\2026-03-05_17-55-13-902012\model.pth
Iteration: 3400, loss_r = 3.9e-04 ,  loss_bc = 8.5e-04,  loss_ic = 3.1e-04,  lr = 1.0e-03, time_taken = 7.8e-02, rel_l2_error = 1.5e-01
Model state saved to ./checkpoints/heat3d_exact\2026-03-05_17-55-13-902012\model.pth
Iteration: 3500, loss_r = 5.4e-04 ,  loss_bc = 8.2e-04,  loss_ic = 5.4e-04,  lr = 1.0e-03, time_taken = 7.4e-02, rel_l2_error = 1.5e-01
Model state saved to ./checkpoints/heat3d_exact\2026-03-05_17-55-13-902012\model.pth
Iteration: 3600, loss_r = 1.0e-03 ,  loss_bc = 7.6e-04,  loss_ic = 2.8e-04,  lr = 1.0e-03, time_taken = 7.5e-02, rel_l2_error = 1.5e-01
Model state saved to ./checkpoints/heat3d_exact\2026-03-05_17-55-13-902012\model.pth
Iteration: 3700, loss_r = 5.0e-04 ,  loss_bc = 4.8e-04,  loss_ic = 3.4e-04,  lr = 1.0e-03, time_taken = 9.4e-02, rel_l2_error = 1.5e-01
Model state saved to ./checkpoints/heat3d_exact\2026-03-05_17-55-13-902012\model.pth
Iteration: 3800, loss_r = 4.2e-04 ,  loss_bc = 5.9e-04,  loss_ic = 3.4e-04,  lr = 1.0e-03, time_taken = 1.0e-01, rel_l2_error = 1.3e-01
Model state saved to ./checkpoints/heat3d_exact\2026-03-05_17-55-13-902012\model.pth
Iteration: 3900, loss_r = 4.0e-04 ,  loss_bc = 8.6e-04,  loss_ic = 2.2e-04,  lr = 1.0e-03, time_taken = 8.5e-02, rel_l2_error = 1.3e-01
Model state saved to ./checkpoints/heat3d_exact\2026-03-05_17-55-13-902012\model.pth
Iteration: 4000, loss_r = 6.1e-04 ,  loss_bc = 6.7e-04,  loss_ic = 2.2e-04,  lr = 1.0e-03, time_taken = 7.1e-02, rel_l2_error = 1.3e-01
Model state saved to ./checkpoints/heat3d_exact\2026-03-05_17-55-13-902012\model.pth
Iteration: 4100, loss_r = 5.4e-04 ,  loss_bc = 7.3e-04,  loss_ic = 2.8e-04,  lr = 1.0e-03, time_taken = 7.0e-02, rel_l2_error = 1.2e-01
Model state saved to ./checkpoints/heat3d_exact\2026-03-05_17-55-13-902012\model.pth
Iteration: 4200, loss_r = 8.6e-04 ,  loss_bc = 1.1e-03,  loss_ic = 2.2e-04,  lr = 1.0e-03, time_taken = 7.4e-02, rel_l2_error = 1.6e-01
Model state saved to ./checkpoints/heat3d_exact\2026-03-05_17-55-13-902012\model.pth
Iteration: 4300, loss_r = 8.3e-04 ,  loss_bc = 5.3e-04,  loss_ic = 2.1e-04,  lr = 1.0e-03, time_taken = 8.4e-02, rel_l2_error = 1.3e-01
Model state saved to ./checkpoints/heat3d_exact\2026-03-05_17-55-13-902012\model.pth
Iteration: 4400, loss_r = 2.2e-04 ,  loss_bc = 4.4e-04,  loss_ic = 2.1e-04,  lr = 1.0e-03, time_taken = 6.4e-02, rel_l2_error = 1.3e-01
Model state saved to ./checkpoints/heat3d_exact\2026-03-05_17-55-13-902012\model.pth
Iteration: 4500, loss_r = 7.1e-04 ,  loss_bc = 5.1e-04,  loss_ic = 1.7e-04,  lr = 1.0e-03, time_taken = 1.0e-01, rel_l2_error = 1.2e-01
Model state saved to ./checkpoints/heat3d_exact\2026-03-05_17-55-13-902012\model.pth
Iteration: 4600, loss_r = 4.6e-04 ,  loss_bc = 5.8e-04,  loss_ic = 2.4e-04,  lr = 1.0e-03, time_taken = 7.2e-02, rel_l2_error = 1.1e-01
Model state saved to ./checkpoints/heat3d_exact\2026-03-05_17-55-13-902012\model.pth
Iteration: 4700, loss_r = 4.2e-04 ,  loss_bc = 4.6e-04,  loss_ic = 1.3e-04,  lr = 1.0e-03, time_taken = 7.3e-02, rel_l2_error = 1.2e-01
Model state saved to ./checkpoints/heat3d_exact\2026-03-05_17-55-13-902012\model.pth
Iteration: 4800, loss_r = 3.1e-04 ,  loss_bc = 3.9e-04,  loss_ic = 1.7e-04,  lr = 1.0e-03, time_taken = 7.9e-02, rel_l2_error = 1.2e-01
Model state saved to ./checkpoints/heat3d_exact\2026-03-05_17-55-13-902012\model.pth
Iteration: 4900, loss_r = 4.6e-04 ,  loss_bc = 2.7e-04,  loss_ic = 2.2e-04,  lr = 1.0e-03, time_taken = 1.1e-01, rel_l2_error = 1.1e-01
Model state saved to ./checkpoints/heat3d_exact\2026-03-05_17-55-13-902012\model.pth
Iteration: 5000, loss_r = 1.1e-04 ,  loss_bc = 5.3e-04,  loss_ic = 3.1e-04,  lr = 1.0e-03, time_taken = 7.7e-02, rel_l2_error = 1.3e-01
Model state saved to ./checkpoints/heat3d_exact\2026-03-05_17-55-13-902012\model.pth
Iteration: 5100, loss_r = 3.5e-04 ,  loss_bc = 3.9e-04,  loss_ic = 1.3e-04,  lr = 1.0e-03, time_taken = 8.5e-02, rel_l2_error = 1.1e-01
Model state saved to ./checkpoints/heat3d_exact\2026-03-05_17-55-13-902012\model.pth
Iteration: 5200, loss_r = 1.2e-04 ,  loss_bc = 3.7e-04,  loss_ic = 1.2e-04,  lr = 1.0e-03, time_taken = 9.6e-02, rel_l2_error = 1.1e-01
Model state saved to ./checkpoints/heat3d_exact\2026-03-05_17-55-13-902012\model.pth
Iteration: 5300, loss_r = 2.4e-04 ,  loss_bc = 3.7e-04,  loss_ic = 1.7e-04,  lr = 1.0e-03, time_taken = 6.8e-02, rel_l2_error = 1.1e-01
Model state saved to ./checkpoints/heat3d_exact\2026-03-05_17-55-13-902012\model.pth
Iteration: 5400, loss_r = 2.7e-04 ,  loss_bc = 2.3e-04,  loss_ic = 8.7e-05,  lr = 1.0e-03, time_taken = 2.0e-01, rel_l2_error = 1.0e-01
Model state saved to ./checkpoints/heat3d_exact\2026-03-05_17-55-13-902012\model.pth
Iteration: 5500, loss_r = 2.0e-04 ,  loss_bc = 3.6e-04,  loss_ic = 1.0e-04,  lr = 1.0e-03, time_taken = 8.6e-02, rel_l2_error = 1.0e-01
Model state saved to ./checkpoints/heat3d_exact\2026-03-05_17-55-13-902012\model.pth
Iteration: 5600, loss_r = 1.3e-04 ,  loss_bc = 2.3e-04,  loss_ic = 9.5e-05,  lr = 1.0e-03, time_taken = 5.9e-02, rel_l2_error = 1.1e-01
Model state saved to ./checkpoints/heat3d_exact\2026-03-05_17-55-13-902012\model.pth
Iteration: 5700, loss_r = 3.8e-04 ,  loss_bc = 4.5e-04,  loss_ic = 1.3e-04,  lr = 1.0e-03, time_taken = 8.1e-02, rel_l2_error = 1.0e-01
Model state saved to ./checkpoints/heat3d_exact\2026-03-05_17-55-13-902012\model.pth
Iteration: 5800, loss_r = 1.8e-04 ,  loss_bc = 2.4e-04,  loss_ic = 7.8e-05,  lr = 1.0e-03, time_taken = 7.8e-02, rel_l2_error = 1.1e-01
Model state saved to ./checkpoints/heat3d_exact\2026-03-05_17-55-13-902012\model.pth
Iteration: 5900, loss_r = 2.1e-04 ,  loss_bc = 2.4e-04,  loss_ic = 2.0e-04,  lr = 1.0e-03, time_taken = 7.7e-02, rel_l2_error = 1.0e-01
Model state saved to ./checkpoints/heat3d_exact\2026-03-05_17-55-13-902012\model.pth
Iteration: 6000, loss_r = 2.0e-04 ,  loss_bc = 5.6e-04,  loss_ic = 1.5e-04,  lr = 1.0e-03, time_taken = 7.5e-02, rel_l2_error = 1.1e-01
Model state saved to ./checkpoints/heat3d_exact\2026-03-05_17-55-13-902012\model.pth
Iteration: 6100, loss_r = 3.0e-04 ,  loss_bc = 4.4e-04,  loss_ic = 1.5e-04,  lr = 1.0e-03, time_taken = 6.3e-02, rel_l2_error = 1.3e-01
Model state saved to ./checkpoints/heat3d_exact\2026-03-05_17-55-13-902012\model.pth
Iteration: 6200, loss_r = 2.0e-04 ,  loss_bc = 2.2e-04,  loss_ic = 9.7e-05,  lr = 1.0e-03, time_taken = 7.0e-02, rel_l2_error = 1.0e-01
Model state saved to ./checkpoints/heat3d_exact\2026-03-05_17-55-13-902012\model.pth
Iteration: 6300, loss_r = 2.1e-04 ,  loss_bc = 2.2e-04,  loss_ic = 1.4e-04,  lr = 1.0e-03, time_taken = 7.6e-02, rel_l2_error = 1.1e-01
Model state saved to ./checkpoints/heat3d_exact\2026-03-05_17-55-13-902012\model.pth
Iteration: 6400, loss_r = 1.9e-04 ,  loss_bc = 2.5e-04,  loss_ic = 9.5e-05,  lr = 1.0e-03, time_taken = 5.6e-02, rel_l2_error = 9.0e-02
Model state saved to ./checkpoints/heat3d_exact\2026-03-05_17-55-13-902012\model.pth
Iteration: 6500, loss_r = 1.9e-04 ,  loss_bc = 4.0e-04,  loss_ic = 8.7e-05,  lr = 1.0e-03, time_taken = 6.7e-02, rel_l2_error = 9.5e-02
Model state saved to ./checkpoints/heat3d_exact\2026-03-05_17-55-13-902012\model.pth
Iteration: 6600, loss_r = 2.0e-04 ,  loss_bc = 3.7e-04,  loss_ic = 8.0e-05,  lr = 1.0e-03, time_taken = 8.0e-02, rel_l2_error = 9.8e-02
Model state saved to ./checkpoints/heat3d_exact\2026-03-05_17-55-13-902012\model.pth
Iteration: 6700, loss_r = 9.5e-05 ,  loss_bc = 1.9e-04,  loss_ic = 7.4e-05,  lr = 1.0e-03, time_taken = 1.9e-01, rel_l2_error = 1.0e-01
Model state saved to ./checkpoints/heat3d_exact\2026-03-05_17-55-13-902012\model.pth
Iteration: 6800, loss_r = 2.2e-04 ,  loss_bc = 2.3e-04,  loss_ic = 8.6e-05,  lr = 1.0e-03, time_taken = 6.9e-02, rel_l2_error = 9.4e-02
Model state saved to ./checkpoints/heat3d_exact\2026-03-05_17-55-13-902012\model.pth
Iteration: 6900, loss_r = 1.2e-04 ,  loss_bc = 1.6e-04,  loss_ic = 6.9e-05,  lr = 1.0e-03, time_taken = 7.1e-02, rel_l2_error = 9.9e-02
Model state saved to ./checkpoints/heat3d_exact\2026-03-05_17-55-13-902012\model.pth
Iteration: 7000, loss_r = 1.2e-04 ,  loss_bc = 2.4e-04,  loss_ic = 8.6e-05,  lr = 1.0e-03, time_taken = 7.4e-02, rel_l2_error = 1.0e-01
Model state saved to ./checkpoints/heat3d_exact\2026-03-05_17-55-13-902012\model.pth
Iteration: 7100, loss_r = 3.2e-04 ,  loss_bc = 2.9e-04,  loss_ic = 7.0e-05,  lr = 1.0e-03, time_taken = 9.5e-02, rel_l2_error = 1.0e-01
Model state saved to ./checkpoints/heat3d_exact\2026-03-05_17-55-13-902012\model.pth
Iteration: 7200, loss_r = 1.7e-04 ,  loss_bc = 1.8e-04,  loss_ic = 1.1e-04,  lr = 1.0e-03, time_taken = 6.9e-02, rel_l2_error = 9.3e-02
Model state saved to ./checkpoints/heat3d_exact\2026-03-05_17-55-13-902012\model.pth
Iteration: 7300, loss_r = 1.0e-04 ,  loss_bc = 1.5e-04,  loss_ic = 5.7e-05,  lr = 1.0e-03, time_taken = 6.9e-02, rel_l2_error = 1.0e-01
Model state saved to ./checkpoints/heat3d_exact\2026-03-05_17-55-13-902012\model.pth
Iteration: 7400, loss_r = 1.1e-04 ,  loss_bc = 1.6e-04,  loss_ic = 6.6e-05,  lr = 1.0e-03, time_taken = 6.7e-02, rel_l2_error = 9.9e-02
Model state saved to ./checkpoints/heat3d_exact\2026-03-05_17-55-13-902012\model.pth
Iteration: 7500, loss_r = 1.1e-04 ,  loss_bc = 1.7e-04,  loss_ic = 5.7e-05,  lr = 1.0e-03, time_taken = 5.2e-02, rel_l2_error = 9.6e-02
Model state saved to ./checkpoints/heat3d_exact\2026-03-05_17-55-13-902012\model.pth
Iteration: 7600, loss_r = 1.6e-04 ,  loss_bc = 1.8e-04,  loss_ic = 6.2e-05,  lr = 1.0e-03, time_taken = 6.0e-02, rel_l2_error = 9.5e-02
Model state saved to ./checkpoints/heat3d_exact\2026-03-05_17-55-13-902012\model.pth
Iteration: 7700, loss_r = 1.8e-04 ,  loss_bc = 3.0e-04,  loss_ic = 1.2e-04,  lr = 1.0e-03, time_taken = 5.4e-02, rel_l2_error = 9.4e-02
Model state saved to ./checkpoints/heat3d_exact\2026-03-05_17-55-13-902012\model.pth
Iteration: 7800, loss_r = 1.6e-04 ,  loss_bc = 1.6e-04,  loss_ic = 1.2e-04,  lr = 1.0e-03, time_taken = 5.5e-02, rel_l2_error = 8.9e-02
Model state saved to ./checkpoints/heat3d_exact\2026-03-05_17-55-13-902012\model.pth
Iteration: 7900, loss_r = 1.2e-04 ,  loss_bc = 1.6e-04,  loss_ic = 4.5e-05,  lr = 1.0e-03, time_taken = 8.2e-02, rel_l2_error = 9.8e-02
Model state saved to ./checkpoints/heat3d_exact\2026-03-05_17-55-13-902012\model.pth
Iteration: 8000, loss_r = 1.0e-04 ,  loss_bc = 1.4e-04,  loss_ic = 8.3e-05,  lr = 1.0e-03, time_taken = 8.7e-02, rel_l2_error = 8.9e-02
Model state saved to ./checkpoints/heat3d_exact\2026-03-05_17-55-13-902012\model.pth
Iteration: 8100, loss_r = 1.4e-04 ,  loss_bc = 1.2e-04,  loss_ic = 6.4e-05,  lr = 1.0e-03, time_taken = 1.3e-01, rel_l2_error = 9.1e-02
Model state saved to ./checkpoints/heat3d_exact\2026-03-05_17-55-13-902012\model.pth
Iteration: 8200, loss_r = 1.0e-04 ,  loss_bc = 3.5e-04,  loss_ic = 6.3e-05,  lr = 1.0e-03, time_taken = 1.0e-01, rel_l2_error = 8.9e-02
Model state saved to ./checkpoints/heat3d_exact\2026-03-05_17-55-13-902012\model.pth
Iteration: 8300, loss_r = 9.9e-05 ,  loss_bc = 1.5e-04,  loss_ic = 5.1e-05,  lr = 1.0e-03, time_taken = 8.6e-02, rel_l2_error = 9.0e-02
Model state saved to ./checkpoints/heat3d_exact\2026-03-05_17-55-13-902012\model.pth
Iteration: 8400, loss_r = 1.3e-04 ,  loss_bc = 2.1e-04,  loss_ic = 7.6e-05,  lr = 1.0e-03, time_taken = 6.5e-02, rel_l2_error = 9.3e-02
Model state saved to ./checkpoints/heat3d_exact\2026-03-05_17-55-13-902012\model.pth
Iteration: 8500, loss_r = 5.2e-05 ,  loss_bc = 5.3e-04,  loss_ic = 8.3e-05,  lr = 1.0e-03, time_taken = 7.0e-02, rel_l2_error = 8.6e-02
Model state saved to ./checkpoints/heat3d_exact\2026-03-05_17-55-13-902012\model.pth
Iteration: 8600, loss_r = 1.1e-04 ,  loss_bc = 8.6e-05,  loss_ic = 5.0e-05,  lr = 1.0e-03, time_taken = 7.9e-02, rel_l2_error = 9.4e-02
Model state saved to ./checkpoints/heat3d_exact\2026-03-05_17-55-13-902012\model.pth
Iteration: 8700, loss_r = 1.5e-04 ,  loss_bc = 1.3e-04,  loss_ic = 5.0e-05,  lr = 1.0e-03, time_taken = 8.2e-02, rel_l2_error = 9.5e-02
Model state saved to ./checkpoints/heat3d_exact\2026-03-05_17-55-13-902012\model.pth
Iteration: 8800, loss_r = 7.9e-05 ,  loss_bc = 1.4e-04,  loss_ic = 6.1e-05,  lr = 1.0e-03, time_taken = 9.3e-02, rel_l2_error = 9.7e-02
Model state saved to ./checkpoints/heat3d_exact\2026-03-05_17-55-13-902012\model.pth
Iteration: 8900, loss_r = 8.4e-05 ,  loss_bc = 3.1e-04,  loss_ic = 3.7e-05,  lr = 1.0e-03, time_taken = 8.7e-02, rel_l2_error = 1.0e-01
Model state saved to ./checkpoints/heat3d_exact\2026-03-05_17-55-13-902012\model.pth
Iteration: 9000, loss_r = 7.7e-05 ,  loss_bc = 5.3e-04,  loss_ic = 5.0e-05,  lr = 1.0e-03, time_taken = 7.1e-02, rel_l2_error = 1.0e-01
Model state saved to ./checkpoints/heat3d_exact\2026-03-05_17-55-13-902012\model.pth
Iteration: 9100, loss_r = 1.0e-04 ,  loss_bc = 1.8e-04,  loss_ic = 4.5e-05,  lr = 1.0e-03, time_taken = 6.6e-02, rel_l2_error = 8.0e-02
Model state saved to ./checkpoints/heat3d_exact\2026-03-05_17-55-13-902012\model.pth
Iteration: 9200, loss_r = 9.6e-05 ,  loss_bc = 1.8e-04,  loss_ic = 4.8e-05,  lr = 1.0e-03, time_taken = 8.0e-02, rel_l2_error = 1.1e-01
Model state saved to ./checkpoints/heat3d_exact\2026-03-05_17-55-13-902012\model.pth
Iteration: 9300, loss_r = 1.6e-04 ,  loss_bc = 2.1e-04,  loss_ic = 7.2e-05,  lr = 1.0e-03, time_taken = 6.0e-02, rel_l2_error = 9.8e-02
Model state saved to ./checkpoints/heat3d_exact\2026-03-05_17-55-13-902012\model.pth
Iteration: 9400, loss_r = 1.1e-04 ,  loss_bc = 4.2e-04,  loss_ic = 1.2e-04,  lr = 1.0e-03, time_taken = 5.4e-02, rel_l2_error = 1.0e-01
Model state saved to ./checkpoints/heat3d_exact\2026-03-05_17-55-13-902012\model.pth
Iteration: 9500, loss_r = 7.9e-05 ,  loss_bc = 1.9e-04,  loss_ic = 4.3e-05,  lr = 1.0e-03, time_taken = 5.4e-02, rel_l2_error = 9.9e-02
Model state saved to ./checkpoints/heat3d_exact\2026-03-05_17-55-13-902012\model.pth
Iteration: 9600, loss_r = 9.0e-05 ,  loss_bc = 2.1e-04,  loss_ic = 1.1e-04,  lr = 1.0e-03, time_taken = 5.1e-02, rel_l2_error = 8.8e-02
Model state saved to ./checkpoints/heat3d_exact\2026-03-05_17-55-13-902012\model.pth
Iteration: 9700, loss_r = 7.7e-05 ,  loss_bc = 1.0e-04,  loss_ic = 3.4e-05,  lr = 1.0e-03, time_taken = 5.3e-02, rel_l2_error = 8.4e-02
Model state saved to ./checkpoints/heat3d_exact\2026-03-05_17-55-13-902012\model.pth
Iteration: 9800, loss_r = 9.6e-05 ,  loss_bc = 1.3e-04,  loss_ic = 4.9e-05,  lr = 1.0e-03, time_taken = 4.9e-02, rel_l2_error = 8.4e-02
Model state saved to ./checkpoints/heat3d_exact\2026-03-05_17-55-13-902012\model.pth
Iteration: 9900, loss_r = 3.0e-05 ,  loss_bc = 1.5e-04,  loss_ic = 4.9e-05,  lr = 1.0e-03, time_taken = 4.8e-02, rel_l2_error = 1.0e-01
Model state saved to ./checkpoints/heat3d_exact\2026-03-05_17-55-13-902012\model.pth

=== Switching to LBFGS optimizer at iteration 10000 ===
Using scipy L-BFGS-B optimizer
Optimizer: L-BFGS-B (maxiter=10000, factr=1000.0, m=100, maxls=50, pgtol=1e-14)
L-BFGS Iteration: 0, Loss: 1.957235e-04
L-BFGS Iteration: 1, Loss: 1.846923e-04, Relative L2 Error: 8.540527e-02
L-BFGS: Time for 100 iterations = 207.7246 s
L-BFGS Iteration: 100, Loss: 1.021905e-04, Relative L2 Error: 6.782208e-02
L-BFGS Iteration: 200, Loss: 6.926042e-05, Relative L2 Error: 5.949164e-02
L-BFGS Iteration: 300, Loss: 5.230590e-05, Relative L2 Error: 5.817584e-02
L-BFGS Iteration: 400, Loss: 4.242145e-05, Relative L2 Error: 5.227052e-02
L-BFGS Iteration: 500, Loss: 3.599136e-05, Relative L2 Error: 5.360342e-02
L-BFGS Iteration: 600, Loss: 3.029201e-05, Relative L2 Error: 5.294573e-02
L-BFGS Iteration: 700, Loss: 2.592126e-05, Relative L2 Error: 4.822182e-02
L-BFGS Iteration: 800, Loss: 2.232933e-05, Relative L2 Error: 4.783680e-02
L-BFGS Iteration: 900, Loss: 1.952987e-05, Relative L2 Error: 4.696711e-02
L-BFGS Iteration: 1000, Loss: 1.743344e-05, Relative L2 Error: 4.745105e-02
L-BFGS Iteration: 1100, Loss: 1.557827e-05, Relative L2 Error: 4.622010e-02
L-BFGS Iteration: 1200, Loss: 1.415543e-05, Relative L2 Error: 4.635445e-02
L-BFGS Iteration: 1300, Loss: 1.271153e-05, Relative L2 Error: 4.618842e-02
L-BFGS Iteration: 1400, Loss: 1.176601e-05, Relative L2 Error: 4.437384e-02
L-BFGS Iteration: 1500, Loss: 1.083986e-05, Relative L2 Error: 4.228767e-02
L-BFGS Iteration: 1600, Loss: 1.012999e-05, Relative L2 Error: 4.289019e-02
L-BFGS Iteration: 1700, Loss: 9.572307e-06, Relative L2 Error: 4.249142e-02
L-BFGS Iteration: 1800, Loss: 9.000740e-06, Relative L2 Error: 4.012707e-02
L-BFGS Iteration: 1900, Loss: 8.460433e-06, Relative L2 Error: 4.303909e-02
L-BFGS Iteration: 2000, Loss: 8.033017e-06, Relative L2 Error: 4.203281e-02
L-BFGS Iteration: 2100, Loss: 7.603061e-06, Relative L2 Error: 4.186581e-02
L-BFGS Iteration: 2200, Loss: 7.160657e-06, Relative L2 Error: 4.365430e-02
L-BFGS Iteration: 2300, Loss: 6.640721e-06, Relative L2 Error: 4.275451e-02
L-BFGS Iteration: 2400, Loss: 6.230690e-06, Relative L2 Error: 3.937006e-02
L-BFGS Iteration: 2500, Loss: 5.923904e-06, Relative L2 Error: 4.008505e-02
L-BFGS Iteration: 2600, Loss: 5.654298e-06, Relative L2 Error: 3.634220e-02
L-BFGS Iteration: 2700, Loss: 5.302217e-06, Relative L2 Error: 3.693334e-02
L-BFGS Iteration: 2800, Loss: 4.930296e-06, Relative L2 Error: 3.677132e-02
L-BFGS Iteration: 2900, Loss: 4.575404e-06, Relative L2 Error: 3.544241e-02
L-BFGS Iteration: 3000, Loss: 4.291810e-06, Relative L2 Error: 3.733711e-02
L-BFGS Iteration: 3100, Loss: 3.988436e-06, Relative L2 Error: 3.526145e-02
L-BFGS Iteration: 3200, Loss: 3.728223e-06, Relative L2 Error: 3.608003e-02
L-BFGS Iteration: 3300, Loss: 3.472866e-06, Relative L2 Error: 3.424442e-02
L-BFGS Iteration: 3400, Loss: 3.263419e-06, Relative L2 Error: 3.419252e-02
L-BFGS Iteration: 3500, Loss: 3.097269e-06, Relative L2 Error: 3.317440e-02
L-BFGS Iteration: 3600, Loss: 2.943805e-06, Relative L2 Error: 3.279873e-02
L-BFGS Iteration: 3700, Loss: 2.819774e-06, Relative L2 Error: 3.240563e-02
L-BFGS Iteration: 3800, Loss: 2.684245e-06, Relative L2 Error: 3.194695e-02
L-BFGS Iteration: 3900, Loss: 2.551810e-06, Relative L2 Error: 3.044926e-02
L-BFGS Iteration: 4000, Loss: 2.434804e-06, Relative L2 Error: 3.043854e-02
L-BFGS Iteration: 4100, Loss: 2.335440e-06, Relative L2 Error: 3.023466e-02
L-BFGS Iteration: 4200, Loss: 2.198379e-06, Relative L2 Error: 2.967433e-02
L-BFGS Iteration: 4300, Loss: 2.080079e-06, Relative L2 Error: 3.047539e-02
L-BFGS Iteration: 4400, Loss: 1.981187e-06, Relative L2 Error: 2.904194e-02
L-BFGS Iteration: 4500, Loss: 1.896266e-06, Relative L2 Error: 2.971700e-02
L-BFGS Iteration: 4600, Loss: 1.828743e-06, Relative L2 Error: 2.944113e-02
L-BFGS Iteration: 4700, Loss: 1.769789e-06, Relative L2 Error: 3.006263e-02
L-BFGS Iteration: 4800, Loss: 1.711676e-06, Relative L2 Error: 2.906169e-02
L-BFGS Iteration: 4900, Loss: 1.658868e-06, Relative L2 Error: 2.987320e-02
L-BFGS Iteration: 5000, Loss: 1.609384e-06, Relative L2 Error: 2.851463e-02
L-BFGS Iteration: 5100, Loss: 1.560423e-06, Relative L2 Error: 2.691318e-02
L-BFGS Iteration: 5200, Loss: 1.510451e-06, Relative L2 Error: 2.782393e-02
L-BFGS Iteration: 5300, Loss: 1.466517e-06, Relative L2 Error: 2.819565e-02
L-BFGS Iteration: 5400, Loss: 1.426350e-06, Relative L2 Error: 2.836883e-02
L-BFGS Iteration: 5500, Loss: 1.389502e-06, Relative L2 Error: 2.733654e-02
L-BFGS Iteration: 5600, Loss: 1.347098e-06, Relative L2 Error: 2.783505e-02
L-BFGS Iteration: 5700, Loss: 1.305315e-06, Relative L2 Error: 2.844606e-02
L-BFGS Iteration: 5800, Loss: 1.276323e-06, Relative L2 Error: 2.842907e-02
L-BFGS Iteration: 5900, Loss: 1.240571e-06, Relative L2 Error: 2.815084e-02
L-BFGS Iteration: 6000, Loss: 1.205703e-06, Relative L2 Error: 2.681592e-02
L-BFGS Iteration: 6100, Loss: 1.182658e-06, Relative L2 Error: 2.643171e-02
L-BFGS training completed after 6136 iterations
Model state saved to ./checkpoints/heat3d_exact\2026-03-05_17-55-13-902012\model.pth
Training completed successfully!
Relative L2 error (eval data): 2.68e-02
Saved solution comparison heatmaps to: ./checkpoints/heat3d_exact\2026-03-05_17-55-13-902012\solution_comparison_heat3d.png
