Random seed set to: 2
Solving 3D heat equation u_t = alpha (u_{xx}+u_{yy}+u_{zz}) on [0,1]^3 with homogeneous Dirichlet BC
Using DV Solver
The settings used:
batch_size : 64
epochs : 20000
lr : 0.001
seed : 2
print_every : 100
log_path : ./checkpoints/heat3d_exact
input_dim : 4
output_dim : 1
num_qubits : 5
hidden_dim : 20
num_quantum_layers : 1
classic_network : [4, 20, 1]
q_ansatz : cross_mesh
mode : hybrid
activation : tanh
shots : None
problem : heat3d_exact
solver : DV
device : cpu
method : None
cutoff_dim : 20
class : CVNeuralNetwork1
encoding : angle
use_rar : True
rar_eval_freq : 2000
rar_threshold : 0.0005
rar_num_candidates : 10000
rar_num_add : 100
use_hybrid_optimizer : True
adam_iterations : 10000
use_scipy_lbfgs : True
lbfgs_lr : 1
lbfgs_line_search : strong_wolfe
lbfgs_tolerance_grad : 1e-05
lbfgs_tolerance_change : 1e-07
lbfgs_maxiter : 10000
lbfgs_factr : 1000.0
lbfgs_pgtol : 1e-14
lbfgs_maxls : 50
lbfgs_m : 100
lbfgs_eval_every : 100
domainN : 500
boundaryN : 50
initialN : 50
eval_total_points : 10000
nx : 200
nt : 200
y0 : 0.5
z0 : 0.5
alpha : 0.1
Total number of parameters: 1226
The circuit used in the study:
Iteration: 0, loss_r = 4.7e-04 ,  loss_bc = 1.6e-02,  loss_ic = 1.4e-01,  lr = 1.0e-03, time_taken = 2.1e+00, rel_l2_error = 1.1e+00
Model state saved to ./checkpoints/heat3d_exact\2026-03-07_23-20-54-661472\model.pth
Iteration: 100, loss_r = 3.2e-03 ,  loss_bc = 1.2e-02,  loss_ic = 7.5e-02,  lr = 1.0e-03, time_taken = 8.2e-01, rel_l2_error = 8.1e-01
Model state saved to ./checkpoints/heat3d_exact\2026-03-07_23-20-54-661472\model.pth
Iteration: 200, loss_r = 4.3e-03 ,  loss_bc = 1.2e-02,  loss_ic = 4.6e-02,  lr = 1.0e-03, time_taken = 8.2e-01, rel_l2_error = 7.3e-01
Model state saved to ./checkpoints/heat3d_exact\2026-03-07_23-20-54-661472\model.pth
Iteration: 300, loss_r = 1.7e-03 ,  loss_bc = 1.3e-02,  loss_ic = 3.0e-02,  lr = 1.0e-03, time_taken = 9.8e-01, rel_l2_error = 6.1e-01
Model state saved to ./checkpoints/heat3d_exact\2026-03-07_23-20-54-661472\model.pth
Iteration: 400, loss_r = 3.9e-03 ,  loss_bc = 1.4e-02,  loss_ic = 1.9e-02,  lr = 1.0e-03, time_taken = 8.9e-01, rel_l2_error = 5.9e-01
Model state saved to ./checkpoints/heat3d_exact\2026-03-07_23-20-54-661472\model.pth
Iteration: 500, loss_r = 3.9e-03 ,  loss_bc = 1.3e-02,  loss_ic = 2.8e-02,  lr = 1.0e-03, time_taken = 9.7e-01, rel_l2_error = 6.0e-01
Model state saved to ./checkpoints/heat3d_exact\2026-03-07_23-20-54-661472\model.pth
Iteration: 600, loss_r = 4.3e-03 ,  loss_bc = 7.2e-03,  loss_ic = 2.7e-02,  lr = 1.0e-03, time_taken = 9.2e-01, rel_l2_error = 5.9e-01
Model state saved to ./checkpoints/heat3d_exact\2026-03-07_23-20-54-661472\model.pth
Iteration: 700, loss_r = 3.9e-03 ,  loss_bc = 9.7e-03,  loss_ic = 2.6e-02,  lr = 1.0e-03, time_taken = 9.9e-01, rel_l2_error = 5.7e-01
Model state saved to ./checkpoints/heat3d_exact\2026-03-07_23-20-54-661472\model.pth
Iteration: 800, loss_r = 2.7e-03 ,  loss_bc = 1.3e-02,  loss_ic = 2.1e-02,  lr = 1.0e-03, time_taken = 9.8e-01, rel_l2_error = 5.5e-01
Model state saved to ./checkpoints/heat3d_exact\2026-03-07_23-20-54-661472\model.pth
Iteration: 900, loss_r = 2.6e-03 ,  loss_bc = 1.7e-02,  loss_ic = 1.9e-02,  lr = 1.0e-03, time_taken = 9.9e-01, rel_l2_error = 5.5e-01
Model state saved to ./checkpoints/heat3d_exact\2026-03-07_23-20-54-661472\model.pth
Iteration: 1000, loss_r = 2.9e-03 ,  loss_bc = 1.4e-02,  loss_ic = 2.6e-02,  lr = 1.0e-03, time_taken = 9.5e-01, rel_l2_error = 5.8e-01
Model state saved to ./checkpoints/heat3d_exact\2026-03-07_23-20-54-661472\model.pth
Iteration: 1100, loss_r = 2.5e-03 ,  loss_bc = 8.5e-03,  loss_ic = 2.1e-02,  lr = 1.0e-03, time_taken = 1.0e+00, rel_l2_error = 5.6e-01
Model state saved to ./checkpoints/heat3d_exact\2026-03-07_23-20-54-661472\model.pth
Iteration: 1200, loss_r = 2.1e-03 ,  loss_bc = 2.0e-02,  loss_ic = 1.6e-02,  lr = 1.0e-03, time_taken = 9.9e-01, rel_l2_error = 5.5e-01
Model state saved to ./checkpoints/heat3d_exact\2026-03-07_23-20-54-661472\model.pth
Iteration: 1300, loss_r = 1.8e-03 ,  loss_bc = 1.2e-02,  loss_ic = 1.7e-02,  lr = 1.0e-03, time_taken = 9.9e-01, rel_l2_error = 5.5e-01
Model state saved to ./checkpoints/heat3d_exact\2026-03-07_23-20-54-661472\model.pth
Iteration: 1400, loss_r = 4.1e-03 ,  loss_bc = 1.4e-02,  loss_ic = 1.8e-02,  lr = 1.0e-03, time_taken = 9.8e-01, rel_l2_error = 5.6e-01
Model state saved to ./checkpoints/heat3d_exact\2026-03-07_23-20-54-661472\model.pth
Iteration: 1500, loss_r = 3.3e-03 ,  loss_bc = 8.2e-03,  loss_ic = 1.9e-02,  lr = 1.0e-03, time_taken = 1.0e+00, rel_l2_error = 5.7e-01
Model state saved to ./checkpoints/heat3d_exact\2026-03-07_23-20-54-661472\model.pth
Iteration: 1600, loss_r = 1.6e-03 ,  loss_bc = 8.2e-03,  loss_ic = 2.0e-02,  lr = 1.0e-03, time_taken = 9.7e-01, rel_l2_error = 5.6e-01
Model state saved to ./checkpoints/heat3d_exact\2026-03-07_23-20-54-661472\model.pth
Iteration: 1700, loss_r = 1.3e-03 ,  loss_bc = 1.2e-02,  loss_ic = 2.6e-02,  lr = 1.0e-03, time_taken = 9.9e-01, rel_l2_error = 5.7e-01
Model state saved to ./checkpoints/heat3d_exact\2026-03-07_23-20-54-661472\model.pth
Iteration: 1800, loss_r = 3.9e-03 ,  loss_bc = 1.1e-02,  loss_ic = 2.1e-02,  lr = 1.0e-03, time_taken = 9.9e-01, rel_l2_error = 5.5e-01
Model state saved to ./checkpoints/heat3d_exact\2026-03-07_23-20-54-661472\model.pth
Iteration: 1900, loss_r = 2.2e-03 ,  loss_bc = 7.3e-03,  loss_ic = 1.9e-02,  lr = 9.0e-04, time_taken = 1.0e+00, rel_l2_error = 5.6e-01
Model state saved to ./checkpoints/heat3d_exact\2026-03-07_23-20-54-661472\model.pth
Iteration: 2000, loss_r = 3.2e-03 ,  loss_bc = 1.0e-02,  loss_ic = 1.9e-02,  lr = 9.0e-04, time_taken = 1.4e+00, rel_l2_error = 5.5e-01
Model state saved to ./checkpoints/heat3d_exact\2026-03-07_23-20-54-661472\model.pth

=== RAR Evaluation at iteration 2000 ===
Mean residual: 2.816e-01
Added 100 point(s). Total adaptive points: 100

Iteration: 2100, loss_r = 2.4e-03 ,  loss_bc = 1.5e-02,  loss_ic = 2.2e-02,  lr = 9.0e-04, time_taken = 1.0e+00, rel_l2_error = 5.5e-01
Model state saved to ./checkpoints/heat3d_exact\2026-03-07_23-20-54-661472\model.pth
Iteration: 2200, loss_r = 1.7e-03 ,  loss_bc = 1.3e-02,  loss_ic = 2.0e-02,  lr = 9.0e-04, time_taken = 1.0e+00, rel_l2_error = 5.6e-01
Model state saved to ./checkpoints/heat3d_exact\2026-03-07_23-20-54-661472\model.pth
Iteration: 2300, loss_r = 2.2e-03 ,  loss_bc = 9.1e-03,  loss_ic = 1.8e-02,  lr = 9.0e-04, time_taken = 1.0e+00, rel_l2_error = 5.6e-01
Model state saved to ./checkpoints/heat3d_exact\2026-03-07_23-20-54-661472\model.pth
Iteration: 2400, loss_r = 3.9e-03 ,  loss_bc = 1.6e-02,  loss_ic = 1.7e-02,  lr = 9.0e-04, time_taken = 1.0e+00, rel_l2_error = 5.2e-01
Model state saved to ./checkpoints/heat3d_exact\2026-03-07_23-20-54-661472\model.pth
Iteration: 2500, loss_r = 2.4e-03 ,  loss_bc = 1.1e-02,  loss_ic = 1.5e-02,  lr = 9.0e-04, time_taken = 1.1e+00, rel_l2_error = 5.3e-01
Model state saved to ./checkpoints/heat3d_exact\2026-03-07_23-20-54-661472\model.pth
Iteration: 2600, loss_r = 1.3e-03 ,  loss_bc = 9.5e-03,  loss_ic = 1.4e-02,  lr = 9.0e-04, time_taken = 1.1e+00, rel_l2_error = 4.7e-01
Model state saved to ./checkpoints/heat3d_exact\2026-03-07_23-20-54-661472\model.pth
Iteration: 2700, loss_r = 5.8e-03 ,  loss_bc = 3.2e-03,  loss_ic = 1.2e-02,  lr = 9.0e-04, time_taken = 1.3e+00, rel_l2_error = 4.6e-01
Model state saved to ./checkpoints/heat3d_exact\2026-03-07_23-20-54-661472\model.pth
Iteration: 2800, loss_r = 2.1e-03 ,  loss_bc = 6.7e-03,  loss_ic = 9.9e-03,  lr = 9.0e-04, time_taken = 1.1e+00, rel_l2_error = 4.1e-01
Model state saved to ./checkpoints/heat3d_exact\2026-03-07_23-20-54-661472\model.pth
Iteration: 2900, loss_r = 3.9e-03 ,  loss_bc = 9.8e-03,  loss_ic = 9.7e-03,  lr = 9.0e-04, time_taken = 1.0e+00, rel_l2_error = 3.8e-01
Model state saved to ./checkpoints/heat3d_exact\2026-03-07_23-20-54-661472\model.pth
Iteration: 3000, loss_r = 3.6e-03 ,  loss_bc = 7.9e-03,  loss_ic = 7.2e-03,  lr = 9.0e-04, time_taken = 1.0e+00, rel_l2_error = 3.7e-01
Model state saved to ./checkpoints/heat3d_exact\2026-03-07_23-20-54-661472\model.pth
Iteration: 3100, loss_r = 2.5e-03 ,  loss_bc = 4.1e-03,  loss_ic = 6.1e-03,  lr = 9.0e-04, time_taken = 1.0e+00, rel_l2_error = 3.9e-01
Model state saved to ./checkpoints/heat3d_exact\2026-03-07_23-20-54-661472\model.pth
Iteration: 3200, loss_r = 2.9e-03 ,  loss_bc = 7.2e-03,  loss_ic = 5.1e-03,  lr = 9.0e-04, time_taken = 9.6e-01, rel_l2_error = 3.5e-01
Model state saved to ./checkpoints/heat3d_exact\2026-03-07_23-20-54-661472\model.pth
Iteration: 3300, loss_r = 4.1e-03 ,  loss_bc = 4.5e-03,  loss_ic = 6.6e-03,  lr = 9.0e-04, time_taken = 9.8e-01, rel_l2_error = 3.6e-01
Model state saved to ./checkpoints/heat3d_exact\2026-03-07_23-20-54-661472\model.pth
Iteration: 3400, loss_r = 3.7e-03 ,  loss_bc = 7.0e-03,  loss_ic = 6.8e-03,  lr = 9.0e-04, time_taken = 1.1e+00, rel_l2_error = 3.5e-01
Model state saved to ./checkpoints/heat3d_exact\2026-03-07_23-20-54-661472\model.pth
Iteration: 3500, loss_r = 5.0e-03 ,  loss_bc = 7.1e-03,  loss_ic = 4.7e-03,  lr = 9.0e-04, time_taken = 9.6e-01, rel_l2_error = 3.5e-01
Model state saved to ./checkpoints/heat3d_exact\2026-03-07_23-20-54-661472\model.pth
Iteration: 3600, loss_r = 3.0e-03 ,  loss_bc = 6.7e-03,  loss_ic = 4.7e-03,  lr = 9.0e-04, time_taken = 1.0e+00, rel_l2_error = 3.2e-01
Model state saved to ./checkpoints/heat3d_exact\2026-03-07_23-20-54-661472\model.pth
Iteration: 3700, loss_r = 3.6e-03 ,  loss_bc = 4.0e-03,  loss_ic = 6.3e-03,  lr = 9.0e-04, time_taken = 9.8e-01, rel_l2_error = 3.2e-01
Model state saved to ./checkpoints/heat3d_exact\2026-03-07_23-20-54-661472\model.pth
Iteration: 3800, loss_r = 2.9e-03 ,  loss_bc = 5.4e-03,  loss_ic = 4.2e-03,  lr = 9.0e-04, time_taken = 9.3e-01, rel_l2_error = 3.2e-01
Model state saved to ./checkpoints/heat3d_exact\2026-03-07_23-20-54-661472\model.pth
Iteration: 3900, loss_r = 1.9e-03 ,  loss_bc = 5.2e-03,  loss_ic = 5.2e-03,  lr = 9.0e-04, time_taken = 9.5e-01, rel_l2_error = 3.0e-01
Model state saved to ./checkpoints/heat3d_exact\2026-03-07_23-20-54-661472\model.pth
Iteration: 4000, loss_r = 2.4e-03 ,  loss_bc = 5.4e-03,  loss_ic = 3.2e-03,  lr = 9.0e-04, time_taken = 9.7e-01, rel_l2_error = 3.1e-01
Model state saved to ./checkpoints/heat3d_exact\2026-03-07_23-20-54-661472\model.pth

=== RAR Evaluation at iteration 4000 ===
Mean residual: 3.991e-01
Added 100 point(s). Total adaptive points: 200

Iteration: 4100, loss_r = 2.7e-03 ,  loss_bc = 5.9e-03,  loss_ic = 4.5e-03,  lr = 9.0e-04, time_taken = 1.1e+00, rel_l2_error = 3.0e-01
Model state saved to ./checkpoints/heat3d_exact\2026-03-07_23-20-54-661472\model.pth
Iteration: 4200, loss_r = 2.0e-03 ,  loss_bc = 5.2e-03,  loss_ic = 2.7e-03,  lr = 9.0e-04, time_taken = 1.1e+00, rel_l2_error = 2.9e-01
Model state saved to ./checkpoints/heat3d_exact\2026-03-07_23-20-54-661472\model.pth
Iteration: 4300, loss_r = 2.2e-03 ,  loss_bc = 3.3e-03,  loss_ic = 2.5e-03,  lr = 9.0e-04, time_taken = 1.0e+00, rel_l2_error = 2.8e-01
Model state saved to ./checkpoints/heat3d_exact\2026-03-07_23-20-54-661472\model.pth
Iteration: 4400, loss_r = 1.8e-03 ,  loss_bc = 4.6e-03,  loss_ic = 3.5e-03,  lr = 9.0e-04, time_taken = 9.9e-01, rel_l2_error = 2.7e-01
Model state saved to ./checkpoints/heat3d_exact\2026-03-07_23-20-54-661472\model.pth
Iteration: 4500, loss_r = 1.5e-03 ,  loss_bc = 3.3e-03,  loss_ic = 2.9e-03,  lr = 9.0e-04, time_taken = 1.0e+00, rel_l2_error = 2.7e-01
Model state saved to ./checkpoints/heat3d_exact\2026-03-07_23-20-54-661472\model.pth
Iteration: 4600, loss_r = 2.2e-03 ,  loss_bc = 4.7e-03,  loss_ic = 2.9e-03,  lr = 9.0e-04, time_taken = 1.1e+00, rel_l2_error = 2.7e-01
Model state saved to ./checkpoints/heat3d_exact\2026-03-07_23-20-54-661472\model.pth
Iteration: 4700, loss_r = 3.3e-03 ,  loss_bc = 3.6e-03,  loss_ic = 2.5e-03,  lr = 9.0e-04, time_taken = 1.0e+00, rel_l2_error = 2.5e-01
Model state saved to ./checkpoints/heat3d_exact\2026-03-07_23-20-54-661472\model.pth
Iteration: 4800, loss_r = 2.7e-03 ,  loss_bc = 3.6e-03,  loss_ic = 2.0e-03,  lr = 9.0e-04, time_taken = 1.0e+00, rel_l2_error = 2.5e-01
Model state saved to ./checkpoints/heat3d_exact\2026-03-07_23-20-54-661472\model.pth
Iteration: 4900, loss_r = 1.8e-03 ,  loss_bc = 3.2e-03,  loss_ic = 2.2e-03,  lr = 9.0e-04, time_taken = 1.4e+00, rel_l2_error = 2.7e-01
Model state saved to ./checkpoints/heat3d_exact\2026-03-07_23-20-54-661472\model.pth
Iteration: 5000, loss_r = 2.4e-03 ,  loss_bc = 3.1e-03,  loss_ic = 3.0e-03,  lr = 9.0e-04, time_taken = 1.1e+00, rel_l2_error = 2.6e-01
Model state saved to ./checkpoints/heat3d_exact\2026-03-07_23-20-54-661472\model.pth
Iteration: 5100, loss_r = 2.1e-03 ,  loss_bc = 2.6e-03,  loss_ic = 2.1e-03,  lr = 9.0e-04, time_taken = 1.0e+00, rel_l2_error = 2.4e-01
Model state saved to ./checkpoints/heat3d_exact\2026-03-07_23-20-54-661472\model.pth
Iteration: 5200, loss_r = 1.5e-03 ,  loss_bc = 2.9e-03,  loss_ic = 2.5e-03,  lr = 9.0e-04, time_taken = 1.0e+00, rel_l2_error = 2.3e-01
Model state saved to ./checkpoints/heat3d_exact\2026-03-07_23-20-54-661472\model.pth
Iteration: 5300, loss_r = 1.7e-03 ,  loss_bc = 5.7e-03,  loss_ic = 2.2e-03,  lr = 9.0e-04, time_taken = 1.0e+00, rel_l2_error = 2.3e-01
Model state saved to ./checkpoints/heat3d_exact\2026-03-07_23-20-54-661472\model.pth
Iteration: 5400, loss_r = 1.6e-03 ,  loss_bc = 3.3e-03,  loss_ic = 2.0e-03,  lr = 9.0e-04, time_taken = 1.0e+00, rel_l2_error = 2.2e-01
Model state saved to ./checkpoints/heat3d_exact\2026-03-07_23-20-54-661472\model.pth
Iteration: 5500, loss_r = 1.4e-03 ,  loss_bc = 2.6e-03,  loss_ic = 1.5e-03,  lr = 9.0e-04, time_taken = 1.0e+00, rel_l2_error = 2.3e-01
Model state saved to ./checkpoints/heat3d_exact\2026-03-07_23-20-54-661472\model.pth
Iteration: 5600, loss_r = 2.8e-03 ,  loss_bc = 3.7e-03,  loss_ic = 1.8e-03,  lr = 9.0e-04, time_taken = 1.0e+00, rel_l2_error = 2.5e-01
Model state saved to ./checkpoints/heat3d_exact\2026-03-07_23-20-54-661472\model.pth
Iteration: 5700, loss_r = 1.6e-03 ,  loss_bc = 2.9e-03,  loss_ic = 1.8e-03,  lr = 9.0e-04, time_taken = 9.9e-01, rel_l2_error = 2.3e-01
Model state saved to ./checkpoints/heat3d_exact\2026-03-07_23-20-54-661472\model.pth
Iteration: 5800, loss_r = 1.2e-03 ,  loss_bc = 3.2e-03,  loss_ic = 2.1e-03,  lr = 9.0e-04, time_taken = 9.5e-01, rel_l2_error = 2.2e-01
Model state saved to ./checkpoints/heat3d_exact\2026-03-07_23-20-54-661472\model.pth
Iteration: 5900, loss_r = 1.4e-03 ,  loss_bc = 2.9e-03,  loss_ic = 1.8e-03,  lr = 9.0e-04, time_taken = 1.1e+00, rel_l2_error = 2.2e-01
Model state saved to ./checkpoints/heat3d_exact\2026-03-07_23-20-54-661472\model.pth
Iteration: 6000, loss_r = 1.6e-03 ,  loss_bc = 3.7e-03,  loss_ic = 1.9e-03,  lr = 9.0e-04, time_taken = 1.0e+00, rel_l2_error = 2.3e-01
Model state saved to ./checkpoints/heat3d_exact\2026-03-07_23-20-54-661472\model.pth

=== RAR Evaluation at iteration 6000 ===
Mean residual: 4.423e-01
Added 100 point(s). Total adaptive points: 300

Iteration: 6100, loss_r = 2.4e-03 ,  loss_bc = 3.2e-03,  loss_ic = 1.1e-03,  lr = 9.0e-04, time_taken = 1.1e+00, rel_l2_error = 2.1e-01
Model state saved to ./checkpoints/heat3d_exact\2026-03-07_23-20-54-661472\model.pth
Iteration: 6200, loss_r = 1.7e-03 ,  loss_bc = 2.4e-03,  loss_ic = 2.5e-03,  lr = 9.0e-04, time_taken = 1.0e+00, rel_l2_error = 2.2e-01
Model state saved to ./checkpoints/heat3d_exact\2026-03-07_23-20-54-661472\model.pth
Iteration: 6300, loss_r = 2.4e-03 ,  loss_bc = 2.9e-03,  loss_ic = 1.1e-03,  lr = 9.0e-04, time_taken = 1.3e+00, rel_l2_error = 2.1e-01
Model state saved to ./checkpoints/heat3d_exact\2026-03-07_23-20-54-661472\model.pth
Iteration: 6400, loss_r = 1.4e-03 ,  loss_bc = 2.2e-03,  loss_ic = 2.0e-03,  lr = 9.0e-04, time_taken = 1.0e+00, rel_l2_error = 2.2e-01
Model state saved to ./checkpoints/heat3d_exact\2026-03-07_23-20-54-661472\model.pth
Iteration: 6500, loss_r = 1.7e-03 ,  loss_bc = 2.9e-03,  loss_ic = 1.0e-03,  lr = 9.0e-04, time_taken = 1.0e+00, rel_l2_error = 2.1e-01
Model state saved to ./checkpoints/heat3d_exact\2026-03-07_23-20-54-661472\model.pth
Iteration: 6600, loss_r = 1.7e-03 ,  loss_bc = 2.7e-03,  loss_ic = 1.9e-03,  lr = 9.0e-04, time_taken = 1.1e+00, rel_l2_error = 2.1e-01
Model state saved to ./checkpoints/heat3d_exact\2026-03-07_23-20-54-661472\model.pth
Iteration: 6700, loss_r = 1.6e-03 ,  loss_bc = 2.1e-03,  loss_ic = 1.1e-03,  lr = 9.0e-04, time_taken = 1.0e+00, rel_l2_error = 2.0e-01
Model state saved to ./checkpoints/heat3d_exact\2026-03-07_23-20-54-661472\model.pth
Iteration: 6800, loss_r = 1.4e-03 ,  loss_bc = 2.7e-03,  loss_ic = 1.9e-03,  lr = 9.0e-04, time_taken = 9.8e-01, rel_l2_error = 2.2e-01
Model state saved to ./checkpoints/heat3d_exact\2026-03-07_23-20-54-661472\model.pth
Iteration: 6900, loss_r = 7.2e-04 ,  loss_bc = 4.0e-03,  loss_ic = 1.5e-03,  lr = 9.0e-04, time_taken = 1.1e+00, rel_l2_error = 1.9e-01
Model state saved to ./checkpoints/heat3d_exact\2026-03-07_23-20-54-661472\model.pth
Iteration: 7000, loss_r = 1.4e-03 ,  loss_bc = 3.7e-03,  loss_ic = 9.9e-04,  lr = 9.0e-04, time_taken = 1.0e+00, rel_l2_error = 2.0e-01
Model state saved to ./checkpoints/heat3d_exact\2026-03-07_23-20-54-661472\model.pth
Iteration: 7100, loss_r = 8.9e-04 ,  loss_bc = 3.1e-03,  loss_ic = 1.6e-03,  lr = 9.0e-04, time_taken = 1.1e+00, rel_l2_error = 1.9e-01
Model state saved to ./checkpoints/heat3d_exact\2026-03-07_23-20-54-661472\model.pth
Iteration: 7200, loss_r = 1.3e-03 ,  loss_bc = 2.4e-03,  loss_ic = 1.1e-03,  lr = 9.0e-04, time_taken = 1.1e+00, rel_l2_error = 1.9e-01
Model state saved to ./checkpoints/heat3d_exact\2026-03-07_23-20-54-661472\model.pth
Iteration: 7300, loss_r = 9.3e-04 ,  loss_bc = 1.7e-03,  loss_ic = 1.9e-03,  lr = 9.0e-04, time_taken = 9.7e-01, rel_l2_error = 1.9e-01
Model state saved to ./checkpoints/heat3d_exact\2026-03-07_23-20-54-661472\model.pth
Iteration: 7400, loss_r = 1.1e-03 ,  loss_bc = 2.6e-03,  loss_ic = 1.1e-03,  lr = 9.0e-04, time_taken = 1.0e+00, rel_l2_error = 1.9e-01
Model state saved to ./checkpoints/heat3d_exact\2026-03-07_23-20-54-661472\model.pth
Iteration: 7500, loss_r = 8.4e-04 ,  loss_bc = 2.7e-03,  loss_ic = 8.8e-04,  lr = 9.0e-04, time_taken = 9.9e-01, rel_l2_error = 1.7e-01
Model state saved to ./checkpoints/heat3d_exact\2026-03-07_23-20-54-661472\model.pth
Iteration: 7600, loss_r = 1.5e-03 ,  loss_bc = 2.0e-03,  loss_ic = 7.6e-04,  lr = 9.0e-04, time_taken = 1.0e+00, rel_l2_error = 1.9e-01
Model state saved to ./checkpoints/heat3d_exact\2026-03-07_23-20-54-661472\model.pth
Iteration: 7700, loss_r = 1.4e-03 ,  loss_bc = 2.0e-03,  loss_ic = 1.3e-03,  lr = 9.0e-04, time_taken = 1.0e+00, rel_l2_error = 1.8e-01
Model state saved to ./checkpoints/heat3d_exact\2026-03-07_23-20-54-661472\model.pth
Iteration: 7800, loss_r = 1.6e-03 ,  loss_bc = 2.9e-03,  loss_ic = 9.4e-04,  lr = 9.0e-04, time_taken = 1.0e+00, rel_l2_error = 1.8e-01
Model state saved to ./checkpoints/heat3d_exact\2026-03-07_23-20-54-661472\model.pth
Iteration: 7900, loss_r = 1.1e-03 ,  loss_bc = 2.8e-03,  loss_ic = 1.5e-03,  lr = 9.0e-04, time_taken = 1.1e+00, rel_l2_error = 1.9e-01
Model state saved to ./checkpoints/heat3d_exact\2026-03-07_23-20-54-661472\model.pth
Iteration: 8000, loss_r = 1.2e-03 ,  loss_bc = 2.3e-03,  loss_ic = 1.5e-03,  lr = 9.0e-04, time_taken = 9.7e-01, rel_l2_error = 1.7e-01
Model state saved to ./checkpoints/heat3d_exact\2026-03-07_23-20-54-661472\model.pth

=== RAR Evaluation at iteration 8000 ===
Mean residual: 4.414e-01
Added 100 point(s). Total adaptive points: 400

Iteration: 8100, loss_r = 9.2e-04 ,  loss_bc = 2.3e-03,  loss_ic = 1.3e-03,  lr = 9.0e-04, time_taken = 1.1e+00, rel_l2_error = 1.7e-01
Model state saved to ./checkpoints/heat3d_exact\2026-03-07_23-20-54-661472\model.pth
Iteration: 8200, loss_r = 5.6e-04 ,  loss_bc = 1.8e-03,  loss_ic = 1.0e-03,  lr = 9.0e-04, time_taken = 1.1e+00, rel_l2_error = 2.0e-01
Model state saved to ./checkpoints/heat3d_exact\2026-03-07_23-20-54-661472\model.pth
Iteration: 8300, loss_r = 2.6e-03 ,  loss_bc = 2.0e-03,  loss_ic = 1.3e-03,  lr = 9.0e-04, time_taken = 9.9e-01, rel_l2_error = 1.8e-01
Model state saved to ./checkpoints/heat3d_exact\2026-03-07_23-20-54-661472\model.pth
Iteration: 8400, loss_r = 4.6e-04 ,  loss_bc = 2.1e-03,  loss_ic = 8.1e-04,  lr = 9.0e-04, time_taken = 1.1e+00, rel_l2_error = 1.8e-01
Model state saved to ./checkpoints/heat3d_exact\2026-03-07_23-20-54-661472\model.pth
Iteration: 8500, loss_r = 1.5e-03 ,  loss_bc = 1.8e-03,  loss_ic = 8.8e-04,  lr = 9.0e-04, time_taken = 1.1e+00, rel_l2_error = 1.7e-01
Model state saved to ./checkpoints/heat3d_exact\2026-03-07_23-20-54-661472\model.pth
Iteration: 8600, loss_r = 6.3e-04 ,  loss_bc = 1.7e-03,  loss_ic = 9.6e-04,  lr = 9.0e-04, time_taken = 1.0e+00, rel_l2_error = 1.8e-01
Model state saved to ./checkpoints/heat3d_exact\2026-03-07_23-20-54-661472\model.pth
Iteration: 8700, loss_r = 1.1e-03 ,  loss_bc = 2.7e-03,  loss_ic = 1.0e-03,  lr = 9.0e-04, time_taken = 9.6e-01, rel_l2_error = 1.8e-01
Model state saved to ./checkpoints/heat3d_exact\2026-03-07_23-20-54-661472\model.pth
Iteration: 8800, loss_r = 1.1e-03 ,  loss_bc = 2.2e-03,  loss_ic = 1.1e-03,  lr = 9.0e-04, time_taken = 9.9e-01, rel_l2_error = 1.8e-01
Model state saved to ./checkpoints/heat3d_exact\2026-03-07_23-20-54-661472\model.pth
Iteration: 8900, loss_r = 1.5e-03 ,  loss_bc = 2.1e-03,  loss_ic = 9.7e-04,  lr = 9.0e-04, time_taken = 1.0e+00, rel_l2_error = 1.9e-01
Model state saved to ./checkpoints/heat3d_exact\2026-03-07_23-20-54-661472\model.pth
Iteration: 9000, loss_r = 1.6e-03 ,  loss_bc = 1.9e-03,  loss_ic = 9.6e-04,  lr = 9.0e-04, time_taken = 1.0e+00, rel_l2_error = 1.6e-01
Model state saved to ./checkpoints/heat3d_exact\2026-03-07_23-20-54-661472\model.pth
Iteration: 9100, loss_r = 1.1e-03 ,  loss_bc = 1.6e-03,  loss_ic = 1.3e-03,  lr = 9.0e-04, time_taken = 9.4e-01, rel_l2_error = 1.6e-01
Model state saved to ./checkpoints/heat3d_exact\2026-03-07_23-20-54-661472\model.pth
Iteration: 9200, loss_r = 1.6e-03 ,  loss_bc = 1.7e-03,  loss_ic = 1.3e-03,  lr = 9.0e-04, time_taken = 1.0e+00, rel_l2_error = 1.8e-01
Model state saved to ./checkpoints/heat3d_exact\2026-03-07_23-20-54-661472\model.pth
Iteration: 9300, loss_r = 2.2e-03 ,  loss_bc = 2.4e-03,  loss_ic = 1.2e-03,  lr = 9.0e-04, time_taken = 1.0e+00, rel_l2_error = 1.7e-01
Model state saved to ./checkpoints/heat3d_exact\2026-03-07_23-20-54-661472\model.pth
Iteration: 9400, loss_r = 9.1e-04 ,  loss_bc = 1.8e-03,  loss_ic = 9.0e-04,  lr = 9.0e-04, time_taken = 9.8e-01, rel_l2_error = 1.6e-01
Model state saved to ./checkpoints/heat3d_exact\2026-03-07_23-20-54-661472\model.pth
Iteration: 9500, loss_r = 1.2e-03 ,  loss_bc = 2.0e-03,  loss_ic = 8.0e-04,  lr = 9.0e-04, time_taken = 1.0e+00, rel_l2_error = 1.5e-01
Model state saved to ./checkpoints/heat3d_exact\2026-03-07_23-20-54-661472\model.pth
Iteration: 9600, loss_r = 1.3e-03 ,  loss_bc = 1.8e-03,  loss_ic = 6.1e-04,  lr = 9.0e-04, time_taken = 1.0e+00, rel_l2_error = 1.5e-01
Model state saved to ./checkpoints/heat3d_exact\2026-03-07_23-20-54-661472\model.pth
Iteration: 9700, loss_r = 1.1e-03 ,  loss_bc = 2.1e-03,  loss_ic = 6.4e-04,  lr = 9.0e-04, time_taken = 1.3e+00, rel_l2_error = 1.6e-01
Model state saved to ./checkpoints/heat3d_exact\2026-03-07_23-20-54-661472\model.pth
Iteration: 9800, loss_r = 9.1e-04 ,  loss_bc = 1.7e-03,  loss_ic = 9.0e-04,  lr = 9.0e-04, time_taken = 1.0e+00, rel_l2_error = 1.8e-01
Model state saved to ./checkpoints/heat3d_exact\2026-03-07_23-20-54-661472\model.pth
Iteration: 9900, loss_r = 7.0e-04 ,  loss_bc = 2.4e-03,  loss_ic = 1.2e-03,  lr = 9.0e-04, time_taken = 1.0e+00, rel_l2_error = 1.7e-01
Model state saved to ./checkpoints/heat3d_exact\2026-03-07_23-20-54-661472\model.pth

=== Switching to LBFGS optimizer at iteration 10000 ===
Using scipy L-BFGS-B optimizer
Optimizer: L-BFGS-B (maxiter=10000, factr=1000.0, m=100, maxls=50, pgtol=1e-14)
L-BFGS Iteration: 0, Loss: 3.293024e-03
L-BFGS Iteration: 1, Loss: 3.281915e-03, Relative L2 Error: 1.561937e-01
L-BFGS: Time for 100 iterations = 1061.4714 s
L-BFGS Iteration: 100, Loss: 1.635146e-03, Relative L2 Error: 1.081216e-01
L-BFGS Iteration: 200, Loss: 8.015463e-04, Relative L2 Error: 7.269903e-02
L-BFGS Iteration: 300, Loss: 4.615075e-04, Relative L2 Error: 6.090387e-02
L-BFGS Iteration: 400, Loss: 3.030180e-04, Relative L2 Error: 5.253806e-02
L-BFGS Iteration: 500, Loss: 2.305928e-04, Relative L2 Error: 5.253773e-02
L-BFGS Iteration: 600, Loss: 1.926745e-04, Relative L2 Error: 4.734759e-02
L-BFGS Iteration: 700, Loss: 1.588120e-04, Relative L2 Error: 4.374763e-02
L-BFGS Iteration: 800, Loss: 1.306715e-04, Relative L2 Error: 4.392467e-02
L-BFGS Iteration: 900, Loss: 1.097589e-04, Relative L2 Error: 3.938538e-02
L-BFGS Iteration: 1000, Loss: 9.007613e-05, Relative L2 Error: 3.909745e-02
L-BFGS Iteration: 1100, Loss: 7.974414e-05, Relative L2 Error: 3.801091e-02
L-BFGS Iteration: 1200, Loss: 7.265639e-05, Relative L2 Error: 3.827566e-02
L-BFGS Iteration: 1300, Loss: 6.519762e-05, Relative L2 Error: 3.618848e-02
L-BFGS Iteration: 1400, Loss: 5.936760e-05, Relative L2 Error: 3.816480e-02
L-BFGS Iteration: 1500, Loss: 5.407903e-05, Relative L2 Error: 3.589437e-02
L-BFGS Iteration: 1600, Loss: 5.002703e-05, Relative L2 Error: 3.643167e-02
L-BFGS Iteration: 1700, Loss: 4.580516e-05, Relative L2 Error: 3.517500e-02
L-BFGS Iteration: 1800, Loss: 4.228331e-05, Relative L2 Error: 3.682218e-02
L-BFGS Iteration: 1900, Loss: 3.997283e-05, Relative L2 Error: 3.677680e-02
L-BFGS Iteration: 2000, Loss: 3.762008e-05, Relative L2 Error: 3.575537e-02
L-BFGS Iteration: 2100, Loss: 3.551129e-05, Relative L2 Error: 3.718982e-02
L-BFGS Iteration: 2200, Loss: 3.344045e-05, Relative L2 Error: 3.625885e-02
L-BFGS Iteration: 2300, Loss: 3.174740e-05, Relative L2 Error: 3.769741e-02
L-BFGS Iteration: 2400, Loss: 2.981928e-05, Relative L2 Error: 3.924251e-02
L-BFGS Iteration: 2500, Loss: 2.851381e-05, Relative L2 Error: 3.633014e-02
L-BFGS Iteration: 2600, Loss: 2.727074e-05, Relative L2 Error: 3.782372e-02
L-BFGS Iteration: 2700, Loss: 2.594532e-05, Relative L2 Error: 3.998737e-02
L-BFGS Iteration: 2800, Loss: 2.472140e-05, Relative L2 Error: 3.659186e-02
L-BFGS Iteration: 2900, Loss: 2.383818e-05, Relative L2 Error: 3.678843e-02
L-BFGS Iteration: 3000, Loss: 2.274989e-05, Relative L2 Error: 3.599309e-02
L-BFGS Iteration: 3100, Loss: 2.183195e-05, Relative L2 Error: 3.628568e-02
L-BFGS Iteration: 3200, Loss: 2.099489e-05, Relative L2 Error: 3.522591e-02
L-BFGS Iteration: 3300, Loss: 2.004836e-05, Relative L2 Error: 3.642402e-02
L-BFGS Iteration: 3400, Loss: 1.924353e-05, Relative L2 Error: 3.494416e-02
L-BFGS Iteration: 3500, Loss: 1.838951e-05, Relative L2 Error: 3.224687e-02
L-BFGS Iteration: 3600, Loss: 1.767914e-05, Relative L2 Error: 3.039866e-02
L-BFGS Iteration: 3700, Loss: 1.709800e-05, Relative L2 Error: 3.511973e-02
L-BFGS Iteration: 3800, Loss: 1.654718e-05, Relative L2 Error: 3.292217e-02
L-BFGS Iteration: 3900, Loss: 1.591455e-05, Relative L2 Error: 3.178343e-02
L-BFGS Iteration: 4000, Loss: 1.526943e-05, Relative L2 Error: 3.025811e-02
L-BFGS Iteration: 4100, Loss: 1.473981e-05, Relative L2 Error: 2.932067e-02
L-BFGS Iteration: 4200, Loss: 1.415335e-05, Relative L2 Error: 2.903545e-02
L-BFGS Iteration: 4300, Loss: 1.361506e-05, Relative L2 Error: 3.036081e-02
L-BFGS Iteration: 4400, Loss: 1.324015e-05, Relative L2 Error: 2.745625e-02
L-BFGS Iteration: 4500, Loss: 1.280180e-05, Relative L2 Error: 2.979280e-02
L-BFGS Iteration: 4600, Loss: 1.241941e-05, Relative L2 Error: 3.067167e-02
L-BFGS Iteration: 4700, Loss: 1.206525e-05, Relative L2 Error: 3.097235e-02
L-BFGS Iteration: 4800, Loss: 1.170050e-05, Relative L2 Error: 2.825829e-02
L-BFGS Iteration: 4900, Loss: 1.133581e-05, Relative L2 Error: 3.040992e-02
L-BFGS Iteration: 5000, Loss: 1.097738e-05, Relative L2 Error: 2.913781e-02
L-BFGS Iteration: 5100, Loss: 1.066682e-05, Relative L2 Error: 3.048262e-02
L-BFGS Iteration: 5200, Loss: 1.043087e-05, Relative L2 Error: 2.875492e-02
L-BFGS Iteration: 5300, Loss: 1.020470e-05, Relative L2 Error: 2.941276e-02
L-BFGS Iteration: 5400, Loss: 9.955708e-06, Relative L2 Error: 2.935797e-02
L-BFGS Iteration: 5500, Loss: 9.748123e-06, Relative L2 Error: 2.753556e-02
L-BFGS Iteration: 5600, Loss: 9.453869e-06, Relative L2 Error: 2.898977e-02
L-BFGS Iteration: 5700, Loss: 9.268604e-06, Relative L2 Error: 2.942682e-02
L-BFGS Iteration: 5800, Loss: 9.042944e-06, Relative L2 Error: 2.969163e-02
L-BFGS Iteration: 5900, Loss: 8.820347e-06, Relative L2 Error: 2.772280e-02
L-BFGS Iteration: 6000, Loss: 8.633944e-06, Relative L2 Error: 2.988134e-02
L-BFGS Iteration: 6100, Loss: 8.446976e-06, Relative L2 Error: 3.045735e-02
L-BFGS Iteration: 6200, Loss: 8.279825e-06, Relative L2 Error: 2.863953e-02
L-BFGS Iteration: 6300, Loss: 8.095938e-06, Relative L2 Error: 2.894708e-02
L-BFGS Iteration: 6400, Loss: 7.894890e-06, Relative L2 Error: 2.922537e-02
L-BFGS Iteration: 6500, Loss: 7.689086e-06, Relative L2 Error: 3.001855e-02
L-BFGS Iteration: 6600, Loss: 7.496032e-06, Relative L2 Error: 2.876453e-02
L-BFGS Iteration: 6700, Loss: 7.306681e-06, Relative L2 Error: 2.834992e-02
L-BFGS Iteration: 6800, Loss: 7.143485e-06, Relative L2 Error: 2.738906e-02
L-BFGS Iteration: 6900, Loss: 7.017105e-06, Relative L2 Error: 2.800013e-02
L-BFGS Iteration: 7000, Loss: 6.877903e-06, Relative L2 Error: 2.989153e-02
L-BFGS Iteration: 7100, Loss: 6.751206e-06, Relative L2 Error: 2.677800e-02
L-BFGS Iteration: 7200, Loss: 6.607391e-06, Relative L2 Error: 2.555277e-02
L-BFGS Iteration: 7300, Loss: 6.474209e-06, Relative L2 Error: 2.676686e-02
L-BFGS Iteration: 7400, Loss: 6.320277e-06, Relative L2 Error: 2.600287e-02
L-BFGS Iteration: 7500, Loss: 6.180476e-06, Relative L2 Error: 2.890490e-02
L-BFGS Iteration: 7600, Loss: 6.061312e-06, Relative L2 Error: 2.699891e-02
L-BFGS Iteration: 7700, Loss: 5.939903e-06, Relative L2 Error: 2.768857e-02
L-BFGS Iteration: 7800, Loss: 5.839043e-06, Relative L2 Error: 2.773608e-02
L-BFGS training completed after 7870 iterations
Model state saved to ./checkpoints/heat3d_exact\2026-03-07_23-20-54-661472\model.pth
Training completed successfully!
Relative L2 error (eval data): 2.57e-02
Saved solution comparison heatmaps to: ./checkpoints/heat3d_exact\2026-03-07_23-20-54-661472\solution_comparison_heat3d.png
