Random seed set to: 73
Solving Burgers equation: u_t + u*u_x = nu*u_xx with nu=0.01
Domain: (x, t) = [-1, 1] x [0, 1]
Using exact solution for boundary and initial conditions
checkpoint path: self.log_path='./checkpoints/burgers_exact\\2026-03-07_19-29-24-926420'
Using Classical Solver2
The settings used:
batch_size : 64
epochs : 20000
lr : 0.001
seed : 73
print_every : 100
log_path : ./checkpoints/burgers_exact
input_dim : 2
output_dim : 1
num_qubits : 5
hidden_dim : 20
num_quantum_layers : 1
classic_network : [2, 20, 1]
q_ansatz : cross_mesh
mode : hybrid
activation : tanh
shots : None
problem : burgers_exact
solver : Classical2
device : cpu
method : None
cutoff_dim : 20
class : CVNeuralNetwork1
encoding : angle
use_rar : True
rar_eval_freq : 2000
rar_threshold : 0.0005
rar_num_candidates : 10000
rar_num_add : 100
use_hybrid_optimizer : True
adam_iterations : 10000
use_scipy_lbfgs : True
lbfgs_lr : 1
lbfgs_line_search : strong_wolfe
lbfgs_tolerance_grad : 1e-05
lbfgs_tolerance_change : 1e-07
lbfgs_maxiter : 10000
lbfgs_factr : 1000.0
lbfgs_pgtol : 1e-14
lbfgs_maxls : 50
lbfgs_m : 100
lbfgs_eval_every : 100
nx : 200
nt : 200
domainN : 500
leftN : 50
rightN : 50
initialN : 50
eval_total_points : 10000
Total number of parameters: 2181
Iteration: 0, loss_r = 3.0e-02 ,  loss_bc = 2.2e-02,  loss_ic = 3.1e-02,  lr = 1.0e-03, time_taken = 2.1e-02, rel_l2_error = 9.6e-01
Model state saved to ./checkpoints/burgers_exact\2026-03-07_19-29-24-926420\model.pth
Iteration: 100, loss_r = 4.0e-04 ,  loss_bc = 6.8e-04,  loss_ic = 3.0e-02,  lr = 1.0e-03, time_taken = 8.9e-03, rel_l2_error = 9.5e-01
Model state saved to ./checkpoints/burgers_exact\2026-03-07_19-29-24-926420\model.pth
Iteration: 200, loss_r = 1.8e-03 ,  loss_bc = 7.9e-04,  loss_ic = 5.4e-03,  lr = 1.0e-03, time_taken = 2.1e-02, rel_l2_error = 3.8e-01
Model state saved to ./checkpoints/burgers_exact\2026-03-07_19-29-24-926420\model.pth
Iteration: 300, loss_r = 1.4e-03 ,  loss_bc = 5.0e-04,  loss_ic = 5.2e-03,  lr = 1.0e-03, time_taken = 1.3e-02, rel_l2_error = 3.7e-01
Model state saved to ./checkpoints/burgers_exact\2026-03-07_19-29-24-926420\model.pth
Iteration: 400, loss_r = 9.6e-04 ,  loss_bc = 2.6e-04,  loss_ic = 4.9e-03,  lr = 1.0e-03, time_taken = 8.5e-03, rel_l2_error = 3.6e-01
Model state saved to ./checkpoints/burgers_exact\2026-03-07_19-29-24-926420\model.pth
Iteration: 500, loss_r = 1.4e-03 ,  loss_bc = 4.6e-04,  loss_ic = 2.9e-03,  lr = 1.0e-03, time_taken = 1.5e-02, rel_l2_error = 3.7e-01
Model state saved to ./checkpoints/burgers_exact\2026-03-07_19-29-24-926420\model.pth
Iteration: 600, loss_r = 5.8e-04 ,  loss_bc = 1.8e-04,  loss_ic = 6.9e-03,  lr = 1.0e-03, time_taken = 9.6e-03, rel_l2_error = 3.5e-01
Model state saved to ./checkpoints/burgers_exact\2026-03-07_19-29-24-926420\model.pth
Iteration: 700, loss_r = 5.9e-04 ,  loss_bc = 2.4e-04,  loss_ic = 3.4e-03,  lr = 1.0e-03, time_taken = 1.4e-02, rel_l2_error = 3.2e-01
Model state saved to ./checkpoints/burgers_exact\2026-03-07_19-29-24-926420\model.pth
Iteration: 800, loss_r = 4.6e-04 ,  loss_bc = 1.2e-04,  loss_ic = 2.9e-03,  lr = 1.0e-03, time_taken = 1.8e-02, rel_l2_error = 3.0e-01
Model state saved to ./checkpoints/burgers_exact\2026-03-07_19-29-24-926420\model.pth
Iteration: 900, loss_r = 4.2e-04 ,  loss_bc = 6.6e-05,  loss_ic = 2.5e-03,  lr = 1.0e-03, time_taken = 1.9e-02, rel_l2_error = 3.1e-01
Model state saved to ./checkpoints/burgers_exact\2026-03-07_19-29-24-926420\model.pth
Iteration: 1000, loss_r = 4.7e-04 ,  loss_bc = 2.1e-04,  loss_ic = 3.9e-03,  lr = 1.0e-03, time_taken = 1.5e-02, rel_l2_error = 2.6e-01
Model state saved to ./checkpoints/burgers_exact\2026-03-07_19-29-24-926420\model.pth
Iteration: 1100, loss_r = 2.8e-04 ,  loss_bc = 7.6e-05,  loss_ic = 1.3e-03,  lr = 1.0e-03, time_taken = 1.4e-02, rel_l2_error = 2.3e-01
Model state saved to ./checkpoints/burgers_exact\2026-03-07_19-29-24-926420\model.pth
Iteration: 1200, loss_r = 3.8e-04 ,  loss_bc = 2.8e-05,  loss_ic = 1.8e-03,  lr = 1.0e-03, time_taken = 1.0e-02, rel_l2_error = 2.3e-01
Model state saved to ./checkpoints/burgers_exact\2026-03-07_19-29-24-926420\model.pth
Iteration: 1300, loss_r = 3.4e-04 ,  loss_bc = 9.2e-05,  loss_ic = 1.4e-03,  lr = 1.0e-03, time_taken = 1.4e-02, rel_l2_error = 2.0e-01
Model state saved to ./checkpoints/burgers_exact\2026-03-07_19-29-24-926420\model.pth
Iteration: 1400, loss_r = 2.9e-04 ,  loss_bc = 4.6e-05,  loss_ic = 1.2e-03,  lr = 1.0e-03, time_taken = 1.0e-02, rel_l2_error = 2.0e-01
Model state saved to ./checkpoints/burgers_exact\2026-03-07_19-29-24-926420\model.pth
Iteration: 1500, loss_r = 3.2e-04 ,  loss_bc = 1.0e-04,  loss_ic = 1.1e-03,  lr = 1.0e-03, time_taken = 1.1e-02, rel_l2_error = 1.8e-01
Model state saved to ./checkpoints/burgers_exact\2026-03-07_19-29-24-926420\model.pth
Iteration: 1600, loss_r = 2.4e-04 ,  loss_bc = 8.3e-05,  loss_ic = 3.7e-04,  lr = 1.0e-03, time_taken = 1.5e-02, rel_l2_error = 1.7e-01
Model state saved to ./checkpoints/burgers_exact\2026-03-07_19-29-24-926420\model.pth
Iteration: 1700, loss_r = 2.3e-04 ,  loss_bc = 2.1e-05,  loss_ic = 5.2e-04,  lr = 1.0e-03, time_taken = 1.5e-02, rel_l2_error = 1.1e-01
Model state saved to ./checkpoints/burgers_exact\2026-03-07_19-29-24-926420\model.pth
Iteration: 1800, loss_r = 3.0e-04 ,  loss_bc = 4.0e-05,  loss_ic = 4.0e-04,  lr = 1.0e-03, time_taken = 8.6e-03, rel_l2_error = 1.1e-01
Model state saved to ./checkpoints/burgers_exact\2026-03-07_19-29-24-926420\model.pth
Iteration: 1900, loss_r = 1.7e-04 ,  loss_bc = 8.1e-05,  loss_ic = 2.6e-04,  lr = 1.0e-03, time_taken = 1.0e-02, rel_l2_error = 1.2e-01
Model state saved to ./checkpoints/burgers_exact\2026-03-07_19-29-24-926420\model.pth
Iteration: 2000, loss_r = 1.6e-04 ,  loss_bc = 3.4e-06,  loss_ic = 1.9e-04,  lr = 1.0e-03, time_taken = 1.7e-02, rel_l2_error = 6.0e-02
Model state saved to ./checkpoints/burgers_exact\2026-03-07_19-29-24-926420\model.pth

=== RAR Evaluation at iteration 2000 ===
Mean residual: 9.058e-03
Adding 100 new point(s) with highest residuals:
  Point 1: [0.01914191 0.48459864], Residual: 6.156e-02
  Point 2: [0.02620959 0.4818976 ], Residual: 6.109e-02
  Point 3: [0.01039529 0.49103105], Residual: 5.962e-02
  Point 4: [0.04164594 0.4899614 ], Residual: 5.830e-02
  Point 5: [0.01775664 0.49332356], Residual: 5.820e-02
  Point 6: [0.05073452 0.48977005], Residual: 5.745e-02
  Point 7: [0.05529183 0.48056138], Residual: 5.619e-02
  Point 8: [0.05069697 0.49510217], Residual: 5.613e-02
  Point 9: [0.03035241 0.46525836], Residual: 5.459e-02
  Point 10: [0.0646069  0.49719858], Residual: 5.456e-02
  Point 11: [0.00256556 0.36942434], Residual: 5.423e-02
  Point 12: [0.00557745 0.37095165], Residual: 5.331e-02
  Point 13: [0.01770151 0.45843768], Residual: 5.289e-02
  Point 14: [0.08466691 0.49783957], Residual: 5.281e-02
  Point 15: [0.07529366 0.48209333], Residual: 5.268e-02
  Point 16: [0.05886227 0.50234914], Residual: 5.258e-02
  Point 17: [0.07787538 0.4832785 ], Residual: 5.258e-02
  Point 18: [0.00649393 0.5007093 ], Residual: 5.253e-02
  Point 19: [0.04127598 0.5027952 ], Residual: 5.226e-02
  Point 20: [0.0560019 0.4721279], Residual: 5.225e-02
  Point 21: [0.09040534 0.49890375], Residual: 5.209e-02
  Point 22: [0.0577969 0.5034028], Residual: 5.200e-02
  Point 23: [0.06267226 0.47443962], Residual: 5.194e-02
  Point 24: [0.03136533 0.50320184], Residual: 5.168e-02
  Point 25: [0.03250474 0.4621954 ], Residual: 5.159e-02
  Point 26: [0.00909084 0.35141015], Residual: 5.144e-02
  Point 27: [0.07463443 0.505527  ], Residual: 5.066e-02
  Point 28: [0.02363843 0.45764577], Residual: 5.026e-02
  Point 29: [0.10046446 0.48949373], Residual: 5.014e-02
  Point 30: [0.02343535 0.37823606], Residual: 4.842e-02
  Point 31: [0.03524303 0.4592389 ], Residual: 4.804e-02
  Point 32: [0.03198218 0.50810826], Residual: 4.756e-02
  Point 33: [0.08787185 0.5110729 ], Residual: 4.748e-02
  Point 34: [0.10772473 0.5110413 ], Residual: 4.730e-02
  Point 35: [0.12529784 0.50932217], Residual: 4.710e-02
  Point 36: [0.10007805 0.51202047], Residual: 4.694e-02
  Point 37: [0.04095513 0.3703524 ], Residual: 4.658e-02
  Point 38: [0.12795937 0.51094484], Residual: 4.648e-02
  Point 39: [0.02754021 0.3822286 ], Residual: 4.629e-02
  Point 40: [0.00706398 0.33872104], Residual: 4.586e-02
  Point 41: [0.0311411 0.383232 ], Residual: 4.552e-02
  Point 42: [0.14611042 0.5056373 ], Residual: 4.552e-02
  Point 43: [0.04735506 0.37323344], Residual: 4.530e-02
  Point 44: [0.04122233 0.36298513], Residual: 4.523e-02
  Point 45: [0.04904801 0.37159312], Residual: 4.482e-02
  Point 46: [0.03380781 0.35452473], Residual: 4.450e-02
  Point 47: [0.13937157 0.5158582 ], Residual: 4.431e-02
  Point 48: [0.11283892 0.5171778 ], Residual: 4.403e-02
  Point 49: [0.0259226  0.34784794], Residual: 4.400e-02
  Point 50: [0.0527063  0.37140596], Residual: 4.395e-02
  Point 51: [0.05546844 0.3761536 ], Residual: 4.367e-02
  Point 52: [0.00458103 0.33363783], Residual: 4.358e-02
  Point 53: [0.09816223 0.51757455], Residual: 4.342e-02
  Point 54: [0.03727657 0.4551028 ], Residual: 4.302e-02
  Point 55: [0.07197863 0.51639986], Residual: 4.300e-02
  Point 56: [0.00621378 0.3337475 ], Residual: 4.299e-02
  Point 57: [0.16855204 0.50980353], Residual: 4.288e-02
  Point 58: [0.14538825 0.4935155 ], Residual: 4.278e-02
  Point 59: [0.13512689 0.51978016], Residual: 4.265e-02
  Point 60: [0.03644729 0.3882246 ], Residual: 4.251e-02
  Point 61: [0.14462984 0.519964  ], Residual: 4.246e-02
  Point 62: [0.00273168 0.44419467], Residual: 4.226e-02
  Point 63: [0.12156194 0.5206398 ], Residual: 4.203e-02
  Point 64: [0.0856021 0.5186186], Residual: 4.200e-02
  Point 65: [0.03382897 0.51413953], Residual: 4.185e-02
  Point 66: [0.09723657 0.47314918], Residual: 4.173e-02
  Point 67: [0.06112772 0.38539457], Residual: 4.168e-02
  Point 68: [0.03015524 0.3899225 ], Residual: 4.147e-02
  Point 69: [0.02660805 0.34284306], Residual: 4.090e-02
  Point 70: [0.05153912 0.35943604], Residual: 4.090e-02
  Point 71: [0.1739788 0.5029844], Residual: 4.084e-02
  Point 72: [0.00339514 0.44305336], Residual: 4.047e-02
  Point 73: [0.05526417 0.3906753 ], Residual: 4.031e-02
  Point 74: [0.07059908 0.37501907], Residual: 4.029e-02
  Point 75: [0.07061642 0.37363625], Residual: 4.003e-02
  Point 76: [0.05447167 0.4576422 ], Residual: 3.999e-02
  Point 77: [0.01329905 0.39105725], Residual: 3.992e-02
  Point 78: [0.1916213 0.5111201], Residual: 3.992e-02
  Point 79: [0.14762098 0.5249543 ], Residual: 3.986e-02
  Point 80: [0.04393965 0.3519243 ], Residual: 3.983e-02
  Point 81: [0.04635578 0.45491946], Residual: 3.967e-02
  Point 82: [0.18296069 0.50427437], Residual: 3.966e-02
  Point 83: [0.19887477 0.5170952 ], Residual: 3.951e-02
  Point 84: [0.17898059 0.5251756 ], Residual: 3.949e-02
  Point 85: [0.19512522 0.5224711 ], Residual: 3.942e-02
  Point 86: [0.1459927 0.4875214], Residual: 3.941e-02
  Point 87: [0.10076392 0.47163308], Residual: 3.940e-02
  Point 88: [0.07766277 0.38626492], Residual: 3.925e-02
  Point 89: [0.18629152 0.52661765], Residual: 3.874e-02
  Point 90: [0.09004492 0.46739852], Residual: 3.868e-02
  Point 91: [0.20934165 0.5192033 ], Residual: 3.838e-02
  Point 92: [0.14770877 0.5274123 ], Residual: 3.835e-02
  Point 93: [0.20942628 0.51794505], Residual: 3.832e-02
  Point 94: [0.04811203 0.3945856 ], Residual: 3.818e-02
  Point 95: [0.21167618 0.51738214], Residual: 3.800e-02
  Point 96: [0.03795397 0.39472532], Residual: 3.787e-02
  Point 97: [0.00685722 0.32647038], Residual: 3.761e-02
  Point 98: [0.05682111 0.39549816], Residual: 3.756e-02
  Point 99: [0.14052534 0.48246455], Residual: 3.728e-02
  Point 100: [0.17217457 0.4940307 ], Residual: 3.723e-02
Total adaptive points: 100

Iteration: 2100, loss_r = 1.2e-04 ,  loss_bc = 6.3e-06,  loss_ic = 2.0e-04,  lr = 1.0e-03, time_taken = 8.7e-03, rel_l2_error = 8.0e-02
Model state saved to ./checkpoints/burgers_exact\2026-03-07_19-29-24-926420\model.pth
Iteration: 2200, loss_r = 9.7e-05 ,  loss_bc = 1.5e-05,  loss_ic = 5.9e-05,  lr = 1.0e-03, time_taken = 1.1e-02, rel_l2_error = 5.1e-02
Model state saved to ./checkpoints/burgers_exact\2026-03-07_19-29-24-926420\model.pth
Iteration: 2300, loss_r = 1.3e-04 ,  loss_bc = 6.6e-06,  loss_ic = 7.6e-05,  lr = 1.0e-03, time_taken = 1.6e-02, rel_l2_error = 3.9e-02
Model state saved to ./checkpoints/burgers_exact\2026-03-07_19-29-24-926420\model.pth
Iteration: 2400, loss_r = 7.0e-05 ,  loss_bc = 6.2e-06,  loss_ic = 7.6e-05,  lr = 1.0e-03, time_taken = 1.3e-02, rel_l2_error = 4.4e-02
Model state saved to ./checkpoints/burgers_exact\2026-03-07_19-29-24-926420\model.pth
Iteration: 2500, loss_r = 9.5e-05 ,  loss_bc = 7.1e-06,  loss_ic = 5.2e-05,  lr = 1.0e-03, time_taken = 1.6e-02, rel_l2_error = 3.1e-02
Model state saved to ./checkpoints/burgers_exact\2026-03-07_19-29-24-926420\model.pth
Iteration: 2600, loss_r = 7.6e-05 ,  loss_bc = 2.1e-06,  loss_ic = 8.1e-05,  lr = 1.0e-03, time_taken = 1.3e-02, rel_l2_error = 2.7e-02
Model state saved to ./checkpoints/burgers_exact\2026-03-07_19-29-24-926420\model.pth
Iteration: 2700, loss_r = 8.5e-05 ,  loss_bc = 1.1e-05,  loss_ic = 9.3e-05,  lr = 1.0e-03, time_taken = 1.0e-02, rel_l2_error = 3.1e-02
Model state saved to ./checkpoints/burgers_exact\2026-03-07_19-29-24-926420\model.pth
Iteration: 2800, loss_r = 9.1e-05 ,  loss_bc = 7.7e-06,  loss_ic = 5.3e-05,  lr = 1.0e-03, time_taken = 1.4e-02, rel_l2_error = 4.4e-02
Model state saved to ./checkpoints/burgers_exact\2026-03-07_19-29-24-926420\model.pth
Iteration: 2900, loss_r = 3.8e-05 ,  loss_bc = 8.5e-06,  loss_ic = 2.6e-05,  lr = 1.0e-03, time_taken = 7.6e-03, rel_l2_error = 3.3e-02
Model state saved to ./checkpoints/burgers_exact\2026-03-07_19-29-24-926420\model.pth
Iteration: 3000, loss_r = 4.9e-05 ,  loss_bc = 8.2e-07,  loss_ic = 3.9e-05,  lr = 1.0e-03, time_taken = 7.0e-03, rel_l2_error = 2.6e-02
Model state saved to ./checkpoints/burgers_exact\2026-03-07_19-29-24-926420\model.pth
Iteration: 3100, loss_r = 3.5e-05 ,  loss_bc = 4.0e-06,  loss_ic = 2.4e-05,  lr = 1.0e-03, time_taken = 1.6e-02, rel_l2_error = 1.9e-02
Model state saved to ./checkpoints/burgers_exact\2026-03-07_19-29-24-926420\model.pth
Iteration: 3200, loss_r = 4.4e-05 ,  loss_bc = 5.1e-06,  loss_ic = 1.9e-05,  lr = 1.0e-03, time_taken = 1.0e-02, rel_l2_error = 2.8e-02
Model state saved to ./checkpoints/burgers_exact\2026-03-07_19-29-24-926420\model.pth
Iteration: 3300, loss_r = 3.7e-05 ,  loss_bc = 4.4e-06,  loss_ic = 1.6e-05,  lr = 1.0e-03, time_taken = 9.1e-03, rel_l2_error = 1.9e-02
Model state saved to ./checkpoints/burgers_exact\2026-03-07_19-29-24-926420\model.pth
Iteration: 3400, loss_r = 3.0e-05 ,  loss_bc = 2.9e-06,  loss_ic = 1.5e-05,  lr = 1.0e-03, time_taken = 1.5e-02, rel_l2_error = 1.5e-02
Model state saved to ./checkpoints/burgers_exact\2026-03-07_19-29-24-926420\model.pth
Iteration: 3500, loss_r = 4.4e-05 ,  loss_bc = 2.7e-05,  loss_ic = 1.5e-05,  lr = 1.0e-03, time_taken = 1.6e-02, rel_l2_error = 2.9e-02
Model state saved to ./checkpoints/burgers_exact\2026-03-07_19-29-24-926420\model.pth
Iteration: 3600, loss_r = 3.0e-05 ,  loss_bc = 1.2e-06,  loss_ic = 9.0e-06,  lr = 1.0e-03, time_taken = 1.0e-02, rel_l2_error = 2.2e-02
Model state saved to ./checkpoints/burgers_exact\2026-03-07_19-29-24-926420\model.pth
Iteration: 3700, loss_r = 3.1e-05 ,  loss_bc = 4.1e-07,  loss_ic = 8.1e-06,  lr = 1.0e-03, time_taken = 1.8e-02, rel_l2_error = 1.8e-02
Model state saved to ./checkpoints/burgers_exact\2026-03-07_19-29-24-926420\model.pth
Iteration: 3800, loss_r = 4.3e-05 ,  loss_bc = 1.6e-06,  loss_ic = 2.5e-05,  lr = 1.0e-03, time_taken = 1.7e-02, rel_l2_error = 1.6e-02
Model state saved to ./checkpoints/burgers_exact\2026-03-07_19-29-24-926420\model.pth
Iteration: 3900, loss_r = 2.7e-05 ,  loss_bc = 1.3e-05,  loss_ic = 1.6e-05,  lr = 1.0e-03, time_taken = 1.0e-02, rel_l2_error = 1.1e-02
Model state saved to ./checkpoints/burgers_exact\2026-03-07_19-29-24-926420\model.pth
Iteration: 4000, loss_r = 1.2e-04 ,  loss_bc = 9.5e-05,  loss_ic = 4.8e-05,  lr = 1.0e-03, time_taken = 9.3e-03, rel_l2_error = 2.2e-02
Model state saved to ./checkpoints/burgers_exact\2026-03-07_19-29-24-926420\model.pth

=== RAR Evaluation at iteration 4000 ===
Mean residual: 3.836e-03
Adding 100 new point(s) with highest residuals:
  Point 1: [ 0.00752974 -0.3972957 ], Residual: 3.205e-02
  Point 2: [ 0.00742072 -0.39305508], Residual: 3.202e-02
  Point 3: [ 0.00493973 -0.4035951 ], Residual: 3.185e-02
  Point 4: [ 0.00837225 -0.40050817], Residual: 3.177e-02
  Point 5: [ 0.0216831 -0.3965422], Residual: 2.988e-02
  Point 6: [ 0.02110946 -0.40402746], Residual: 2.984e-02
  Point 7: [ 0.02528316 -0.3977456 ], Residual: 2.937e-02
  Point 8: [ 0.0194729 -0.4149524], Residual: 2.802e-02
  Point 9: [ 0.01191193 -0.37496305], Residual: 2.797e-02
  Point 10: [ 0.03308189 -0.41037953], Residual: 2.778e-02
  Point 11: [ 0.03068066 -0.3896538 ], Residual: 2.761e-02
  Point 12: [ 0.03790569 -0.41169477], Residual: 2.711e-02
  Point 13: [ 0.02650636 -0.41690016], Residual: 2.699e-02
  Point 14: [ 0.01176739 -0.42081583], Residual: 2.630e-02
  Point 15: [ 0.04669034 -0.40012586], Residual: 2.627e-02
  Point 16: [ 0.04476249 -0.39060533], Residual: 2.530e-02
  Point 17: [ 0.03591597 -0.42177188], Residual: 2.499e-02
  Point 18: [ 0.03306139 -0.42450428], Residual: 2.417e-02
  Point 19: [ 0.06558156 -0.4106654 ], Residual: 2.410e-02
  Point 20: [ 0.06759423 -0.40830398], Residual: 2.382e-02
  Point 21: [ 0.06014931 -0.39686215], Residual: 2.381e-02
  Point 22: [ 0.05047387 -0.38522267], Residual: 2.310e-02
  Point 23: [ 0.06688827 -0.42320192], Residual: 2.275e-02
  Point 24: [ 0.0083999  -0.42864108], Residual: 2.237e-02
  Point 25: [ 0.08102465 -0.4131105 ], Residual: 2.229e-02
  Point 26: [ 0.07916659 -0.40669513], Residual: 2.221e-02
  Point 27: [ 0.03889084 -0.42949402], Residual: 2.206e-02
  Point 28: [ 0.07756978 -0.4014331 ], Residual: 2.183e-02
  Point 29: [ 0.06686842 -0.42773497], Residual: 2.174e-02
  Point 30: [ 0.03930062 -0.43027258], Residual: 2.172e-02
  Point 31: [ 0.04563951 -0.37638748], Residual: 2.158e-02
  Point 32: [ 0.08616829 -0.40928483], Residual: 2.150e-02
  Point 33: [ 0.00565684 -0.43018913], Residual: 2.138e-02
  Point 34: [ 0.04721022 -0.43119943], Residual: 2.124e-02
  Point 35: [ 0.00934887 -0.35248077], Residual: 2.092e-02
  Point 36: [ 0.08242613 -0.42997706], Residual: 2.040e-02
  Point 37: [ 0.08256406 -0.43023443], Residual: 2.033e-02
  Point 38: [ 0.03107077 -0.57425964], Residual: 2.013e-02
  Point 39: [ 0.09714252 -0.42736292], Residual: 1.992e-02
  Point 40: [ 0.02638292 -0.5918672 ], Residual: 1.956e-02
  Point 41: [ 0.10575897 -0.41533697], Residual: 1.951e-02
  Point 42: [ 0.01298892 -0.59228504], Residual: 1.939e-02
  Point 43: [ 0.02538073 -0.59374607], Residual: 1.923e-02
  Point 44: [ 0.05469346 -0.59267807], Residual: 1.906e-02
  Point 45: [ 0.10377914 -0.40751398], Residual: 1.901e-02
  Point 46: [ 0.052975  -0.5980272], Residual: 1.852e-02
  Point 47: [ 0.11735153 -0.42551804], Residual: 1.843e-02
  Point 48: [ 0.07478333 -0.3834057 ], Residual: 1.833e-02
  Point 49: [ 0.02691656 -0.59902346], Residual: 1.819e-02
  Point 50: [ 0.02961487 -0.5999217 ], Residual: 1.805e-02
  Point 51: [ 0.11729813 -0.43224692], Residual: 1.790e-02
  Point 52: [ 0.04333645 -0.5683583 ], Residual: 1.786e-02
  Point 53: [ 0.05760992 -0.37152803], Residual: 1.780e-02
  Point 54: [0.98790854 0.72251487], Residual: 1.780e-02
  Point 55: [ 0.01570934 -0.5996251 ], Residual: 1.779e-02
  Point 56: [ 0.00960743 -0.5992204 ], Residual: 1.772e-02
  Point 57: [ 0.08477342 -0.5990846 ], Residual: 1.769e-02
  Point 58: [ 0.1186437  -0.41006505], Residual: 1.743e-02
  Point 59: [ 0.0584535 -0.5740018], Residual: 1.738e-02
  Point 60: [ 0.04738766 -0.3642366 ], Residual: 1.732e-02
  Point 61: [ 0.02858293 -0.35352278], Residual: 1.729e-02
  Point 62: [ 0.03952664 -0.56416905], Residual: 1.725e-02
  Point 63: [ 0.06023854 -0.6058922 ], Residual: 1.723e-02
  Point 64: [0.9752345 0.712409 ], Residual: 1.721e-02
  Point 65: [ 0.00628304 -0.54833186], Residual: 1.718e-02
  Point 66: [ 0.05060369 -0.36557555], Residual: 1.716e-02
  Point 67: [ 0.13102776 -0.42325306], Residual: 1.715e-02
  Point 68: [0.9767357  0.73127127], Residual: 1.711e-02
  Point 69: [0.9857573 0.7047932], Residual: 1.710e-02
  Point 70: [ 0.05657965 -0.60645974], Residual: 1.709e-02
  Point 71: [0.9682702 0.7215072], Residual: 1.707e-02
  Point 72: [0.9688294  0.71444476], Residual: 1.705e-02
  Point 73: [ 0.09635174 -0.3917123 ], Residual: 1.699e-02
  Point 74: [ 0.02863592 -0.60444593], Residual: 1.698e-02
  Point 75: [ 0.12972116 -0.41784537], Residual: 1.698e-02
  Point 76: [0.9824803 0.737484 ], Residual: 1.697e-02
  Point 77: [0.9701065  0.72981787], Residual: 1.691e-02
  Point 78: [0.9948613  0.69956315], Residual: 1.683e-02
  Point 79: [ 0.02298814 -0.3484615 ], Residual: 1.663e-02
  Point 80: [0.9601424 0.7271402], Residual: 1.662e-02
  Point 81: [ 0.09307653 -0.58896637], Residual: 1.659e-02
  Point 82: [ 0.12271172 -0.43912315], Residual: 1.654e-02
  Point 83: [0.95987606 0.70636404], Residual: 1.645e-02
  Point 84: [ 0.10869062 -0.5992745 ], Residual: 1.643e-02
  Point 85: [ 0.12480974 -0.40850902], Residual: 1.641e-02
  Point 86: [0.97060186 0.70102966], Residual: 1.637e-02
  Point 87: [0.97172403 0.7415465 ], Residual: 1.621e-02
  Point 88: [ 0.06786925 -0.37224507], Residual: 1.618e-02
  Point 89: [ 0.1322195  -0.41308248], Residual: 1.617e-02
  Point 90: [ 0.01772738 -0.6063534 ], Residual: 1.617e-02
  Point 91: [ 0.09397697 -0.44362032], Residual: 1.612e-02
  Point 92: [ 0.11164814 -0.44304395], Residual: 1.603e-02
  Point 93: [0.98752075 0.75032985], Residual: 1.598e-02
  Point 94: [ 0.144503  -0.4304371], Residual: 1.598e-02
  Point 95: [ 0.03066099 -0.44106865], Residual: 1.597e-02
  Point 96: [ 0.01524055 -0.60676956], Residual: 1.597e-02
  Point 97: [ 0.01628625 -0.43973792], Residual: 1.595e-02
  Point 98: [ 0.0225969  -0.55215716], Residual: 1.592e-02
  Point 99: [ 0.09896833 -0.38890338], Residual: 1.586e-02
  Point 100: [ 0.07474542 -0.6141876 ], Residual: 1.575e-02
Total adaptive points: 200

Iteration: 4100, loss_r = 2.0e-05 ,  loss_bc = 1.7e-06,  loss_ic = 1.1e-05,  lr = 1.0e-03, time_taken = 1.1e-02, rel_l2_error = 2.2e-02
Model state saved to ./checkpoints/burgers_exact\2026-03-07_19-29-24-926420\model.pth
Iteration: 4200, loss_r = 2.0e-05 ,  loss_bc = 1.9e-06,  loss_ic = 9.4e-06,  lr = 1.0e-03, time_taken = 1.1e-02, rel_l2_error = 1.3e-02
Model state saved to ./checkpoints/burgers_exact\2026-03-07_19-29-24-926420\model.pth
Iteration: 4300, loss_r = 3.2e-05 ,  loss_bc = 4.6e-06,  loss_ic = 1.4e-05,  lr = 1.0e-03, time_taken = 1.4e-02, rel_l2_error = 1.8e-02
Model state saved to ./checkpoints/burgers_exact\2026-03-07_19-29-24-926420\model.pth
Iteration: 4400, loss_r = 1.9e-05 ,  loss_bc = 3.9e-06,  loss_ic = 1.3e-05,  lr = 1.0e-03, time_taken = 1.1e-02, rel_l2_error = 1.5e-02
Model state saved to ./checkpoints/burgers_exact\2026-03-07_19-29-24-926420\model.pth
Iteration: 4500, loss_r = 2.2e-05 ,  loss_bc = 3.6e-07,  loss_ic = 1.1e-05,  lr = 1.0e-03, time_taken = 1.0e-02, rel_l2_error = 1.2e-02
Model state saved to ./checkpoints/burgers_exact\2026-03-07_19-29-24-926420\model.pth
Iteration: 4600, loss_r = 2.6e-05 ,  loss_bc = 3.9e-07,  loss_ic = 1.4e-05,  lr = 1.0e-03, time_taken = 1.2e-02, rel_l2_error = 1.3e-02
Model state saved to ./checkpoints/burgers_exact\2026-03-07_19-29-24-926420\model.pth
Iteration: 4700, loss_r = 1.7e-05 ,  loss_bc = 1.3e-05,  loss_ic = 5.4e-06,  lr = 1.0e-03, time_taken = 1.2e-02, rel_l2_error = 2.9e-02
Model state saved to ./checkpoints/burgers_exact\2026-03-07_19-29-24-926420\model.pth
Iteration: 4800, loss_r = 2.8e-05 ,  loss_bc = 9.7e-06,  loss_ic = 1.2e-05,  lr = 1.0e-03, time_taken = 1.6e-02, rel_l2_error = 3.1e-02
Model state saved to ./checkpoints/burgers_exact\2026-03-07_19-29-24-926420\model.pth
Iteration: 4900, loss_r = 1.0e-05 ,  loss_bc = 5.9e-07,  loss_ic = 8.1e-06,  lr = 1.0e-03, time_taken = 1.7e-02, rel_l2_error = 9.3e-03
Model state saved to ./checkpoints/burgers_exact\2026-03-07_19-29-24-926420\model.pth
Iteration: 5000, loss_r = 1.1e-05 ,  loss_bc = 1.2e-06,  loss_ic = 7.8e-06,  lr = 1.0e-03, time_taken = 1.1e-02, rel_l2_error = 2.4e-02
Model state saved to ./checkpoints/burgers_exact\2026-03-07_19-29-24-926420\model.pth
Iteration: 5100, loss_r = 1.8e-05 ,  loss_bc = 4.0e-06,  loss_ic = 1.1e-05,  lr = 1.0e-03, time_taken = 9.0e-03, rel_l2_error = 1.3e-02
Model state saved to ./checkpoints/burgers_exact\2026-03-07_19-29-24-926420\model.pth
Iteration: 5200, loss_r = 1.3e-05 ,  loss_bc = 1.5e-06,  loss_ic = 5.3e-06,  lr = 1.0e-03, time_taken = 1.3e-02, rel_l2_error = 3.2e-02
Model state saved to ./checkpoints/burgers_exact\2026-03-07_19-29-24-926420\model.pth
Iteration: 5300, loss_r = 1.6e-05 ,  loss_bc = 5.1e-06,  loss_ic = 6.1e-06,  lr = 1.0e-03, time_taken = 1.7e-02, rel_l2_error = 1.3e-02
Model state saved to ./checkpoints/burgers_exact\2026-03-07_19-29-24-926420\model.pth
Iteration: 5400, loss_r = 1.1e-05 ,  loss_bc = 4.9e-07,  loss_ic = 8.9e-06,  lr = 1.0e-03, time_taken = 8.1e-03, rel_l2_error = 9.3e-03
Model state saved to ./checkpoints/burgers_exact\2026-03-07_19-29-24-926420\model.pth
Iteration: 5500, loss_r = 6.1e-06 ,  loss_bc = 4.1e-06,  loss_ic = 7.7e-06,  lr = 1.0e-03, time_taken = 9.0e-03, rel_l2_error = 1.2e-02
Model state saved to ./checkpoints/burgers_exact\2026-03-07_19-29-24-926420\model.pth
Iteration: 5600, loss_r = 8.4e-06 ,  loss_bc = 2.0e-06,  loss_ic = 9.4e-06,  lr = 1.0e-03, time_taken = 1.4e-02, rel_l2_error = 1.5e-02
Model state saved to ./checkpoints/burgers_exact\2026-03-07_19-29-24-926420\model.pth
Iteration: 5700, loss_r = 9.4e-06 ,  loss_bc = 7.4e-06,  loss_ic = 7.1e-06,  lr = 1.0e-03, time_taken = 9.0e-03, rel_l2_error = 1.2e-02
Model state saved to ./checkpoints/burgers_exact\2026-03-07_19-29-24-926420\model.pth
Iteration: 5800, loss_r = 1.7e-05 ,  loss_bc = 1.5e-05,  loss_ic = 2.3e-05,  lr = 1.0e-03, time_taken = 7.0e-03, rel_l2_error = 1.1e-02
Model state saved to ./checkpoints/burgers_exact\2026-03-07_19-29-24-926420\model.pth
Iteration: 5900, loss_r = 5.8e-06 ,  loss_bc = 5.4e-07,  loss_ic = 5.2e-06,  lr = 1.0e-03, time_taken = 1.7e-02, rel_l2_error = 1.0e-02
Model state saved to ./checkpoints/burgers_exact\2026-03-07_19-29-24-926420\model.pth
Iteration: 6000, loss_r = 2.7e-05 ,  loss_bc = 3.7e-06,  loss_ic = 4.2e-05,  lr = 1.0e-03, time_taken = 1.0e-02, rel_l2_error = 2.0e-02
Model state saved to ./checkpoints/burgers_exact\2026-03-07_19-29-24-926420\model.pth

=== RAR Evaluation at iteration 6000 ===
Mean residual: 2.978e-03
Adding 100 new point(s) with highest residuals:
  Point 1: [ 0.24331993 -0.5630202 ], Residual: 1.215e-02
  Point 2: [ 0.22663033 -0.5588018 ], Residual: 1.211e-02
  Point 3: [ 0.2991253 -0.5732285], Residual: 1.211e-02
  Point 4: [ 0.2141046  -0.55558217], Residual: 1.205e-02
  Point 5: [ 0.21181446 -0.5545604 ], Residual: 1.204e-02
  Point 6: [ 0.3022908  -0.57922125], Residual: 1.199e-02
  Point 7: [ 0.28834224 -0.5772129 ], Residual: 1.197e-02
  Point 8: [ 0.27294892 -0.5621867 ], Residual: 1.191e-02
  Point 9: [ 0.33937752 -0.58051753], Residual: 1.187e-02
  Point 10: [ 0.32072043 -0.57372594], Residual: 1.186e-02
  Point 11: [ 0.30882752 -0.5824269 ], Residual: 1.185e-02
  Point 12: [ 0.3365962 -0.5867505], Residual: 1.180e-02
  Point 13: [ 0.17517418 -0.5471735 ], Residual: 1.179e-02
  Point 14: [ 0.21487391 -0.5623661 ], Residual: 1.178e-02
  Point 15: [ 0.20917708 -0.5611501 ], Residual: 1.175e-02
  Point 16: [ 0.32516325 -0.57296824], Residual: 1.172e-02
  Point 17: [ 0.35065705 -0.59136677], Residual: 1.160e-02
  Point 18: [ 0.32761657 -0.5712726 ], Residual: 1.150e-02
  Point 19: [ 0.33973205 -0.5917001 ], Residual: 1.146e-02
  Point 20: [ 0.3733083 -0.5960139], Residual: 1.141e-02
  Point 21: [ 0.2979324 -0.56312  ], Residual: 1.141e-02
  Point 22: [ 0.17448986 -0.5545839 ], Residual: 1.139e-02
  Point 23: [ 0.3662176 -0.5810764], Residual: 1.137e-02
  Point 24: [ 0.13325858 -0.53642535], Residual: 1.132e-02
  Point 25: [ 0.29934543 -0.5860611 ], Residual: 1.129e-02
  Point 26: [ 0.12621236 -0.5368924 ], Residual: 1.124e-02
  Point 27: [ 0.3559258  -0.57637453], Residual: 1.122e-02
  Point 28: [ 0.39414006 -0.5880641 ], Residual: 1.116e-02
  Point 29: [ 0.38776422 -0.58566487], Residual: 1.116e-02
  Point 30: [ 0.3926434  -0.60150325], Residual: 1.111e-02
  Point 31: [ 0.40653002 -0.59173334], Residual: 1.108e-02
  Point 32: [ 0.11779881 -0.5386187 ], Residual: 1.101e-02
  Point 33: [ 0.14874321 -0.31877363], Residual: 1.100e-02
  Point 34: [ 0.18916535 -0.56193316], Residual: 1.099e-02
  Point 35: [ 0.11937827 -0.31103432], Residual: 1.098e-02
  Point 36: [ 0.1327073 -0.3080094], Residual: 1.097e-02
  Point 37: [ 0.14263016 -0.31024814], Residual: 1.097e-02
  Point 38: [ 0.33564174 -0.5951761 ], Residual: 1.097e-02
  Point 39: [ 0.12280935 -0.3051368 ], Residual: 1.096e-02
  Point 40: [ 0.12991172 -0.30577135], Residual: 1.095e-02
  Point 41: [ 0.15622324 -0.32567847], Residual: 1.095e-02
  Point 42: [ 0.12213105 -0.304183  ], Residual: 1.095e-02
  Point 43: [ 0.261873  -0.5520905], Residual: 1.094e-02
  Point 44: [ 0.1166625  -0.30306232], Residual: 1.094e-02
  Point 45: [ 0.14491862 -0.3253082 ], Residual: 1.093e-02
  Point 46: [ 0.10820329 -0.31054485], Residual: 1.093e-02
  Point 47: [ 0.12104607 -0.529546  ], Residual: 1.093e-02
  Point 48: [ 0.17418122 -0.32580972], Residual: 1.093e-02
  Point 49: [ 0.14150101 -0.30601788], Residual: 1.091e-02
  Point 50: [ 0.1481905 -0.5320337], Residual: 1.090e-02
  Point 51: [ 0.1904158  -0.56287277], Residual: 1.089e-02
  Point 52: [ 0.13655412 -0.30233812], Residual: 1.087e-02
  Point 53: [ 0.41833413 -0.5926348 ], Residual: 1.083e-02
  Point 54: [ 0.11186653 -0.32002687], Residual: 1.080e-02
  Point 55: [ 0.16924477 -0.33534586], Residual: 1.080e-02
  Point 56: [ 0.13518995 -0.5473721 ], Residual: 1.079e-02
  Point 57: [ 0.09517056 -0.31226194], Residual: 1.079e-02
  Point 58: [ 0.09197032 -0.2916038 ], Residual: 1.075e-02
  Point 59: [ 0.14270538 -0.33267677], Residual: 1.073e-02
  Point 60: [ 0.23345542 -0.54509056], Residual: 1.071e-02
  Point 61: [ 0.07413405 -0.29528463], Residual: 1.071e-02
  Point 62: [ 0.15058625 -0.33532357], Residual: 1.071e-02
  Point 63: [ 0.12844336 -0.29384387], Residual: 1.069e-02
  Point 64: [ 0.15927583 -0.3384136 ], Residual: 1.066e-02
  Point 65: [ 0.10203093 -0.53748035], Residual: 1.060e-02
  Point 66: [ 0.07866997 -0.3102877 ], Residual: 1.059e-02
  Point 67: [ 0.44482994 -0.6003305 ], Residual: 1.056e-02
  Point 68: [ 0.06742835 -0.28509223], Residual: 1.055e-02
  Point 69: [ 0.08532339 -0.53067684], Residual: 1.054e-02
  Point 70: [ 0.0868094  -0.31669486], Residual: 1.053e-02
  Point 71: [ 0.10362834 -0.3247913 ], Residual: 1.052e-02
  Point 72: [ 0.14756829 -0.2938074 ], Residual: 1.052e-02
  Point 73: [ 0.06058711 -0.28605282], Residual: 1.052e-02
  Point 74: [ 0.17453223 -0.53343856], Residual: 1.051e-02
  Point 75: [ 0.19883966 -0.3475567 ], Residual: 1.051e-02
  Point 76: [ 0.22737557 -0.34478998], Residual: 1.051e-02
  Point 77: [ 0.0568459 -0.2947929], Residual: 1.050e-02
  Point 78: [ 0.17332166 -0.30112934], Residual: 1.049e-02
  Point 79: [ 0.20533925 -0.5386237 ], Residual: 1.049e-02
  Point 80: [ 0.24843884 -0.57980824], Residual: 1.047e-02
  Point 81: [ 0.21939576 -0.34938335], Residual: 1.045e-02
  Point 82: [ 0.19443083 -0.53646827], Residual: 1.045e-02
  Point 83: [ 0.30393118 -0.5924753 ], Residual: 1.041e-02
  Point 84: [ 0.24114066 -0.3333485 ], Residual: 1.040e-02
  Point 85: [ 0.24304944 -0.34607565], Residual: 1.038e-02
  Point 86: [ 0.3366912  -0.56540644], Residual: 1.037e-02
  Point 87: [ 0.08963794 -0.2780211 ], Residual: 1.035e-02
  Point 88: [ 0.08844948 -0.27713466], Residual: 1.032e-02
  Point 89: [ 0.22084635 -0.5405505 ], Residual: 1.031e-02
  Point 90: [ 0.06460565 -0.31000876], Residual: 1.031e-02
  Point 91: [ 0.19321555 -0.30351686], Residual: 1.031e-02
  Point 92: [ 0.25301874 -0.344213  ], Residual: 1.030e-02
  Point 93: [ 0.23805124 -0.35278904], Residual: 1.030e-02
  Point 94: [ 0.15562618 -0.29036307], Residual: 1.028e-02
  Point 95: [ 0.12478727 -0.33726943], Residual: 1.028e-02
  Point 96: [ 0.25690496 -0.34370184], Residual: 1.026e-02
  Point 97: [ 0.07812297 -0.2748326 ], Residual: 1.026e-02
  Point 98: [ 0.21114379 -0.5384573 ], Residual: 1.025e-02
  Point 99: [ 0.46387923 -0.60421836], Residual: 1.025e-02
  Point 100: [ 0.127033  -0.2820816], Residual: 1.024e-02
Total adaptive points: 300

Iteration: 6100, loss_r = 1.7e-05 ,  loss_bc = 7.2e-06,  loss_ic = 8.2e-06,  lr = 1.0e-03, time_taken = 1.7e-02, rel_l2_error = 1.5e-02
Model state saved to ./checkpoints/burgers_exact\2026-03-07_19-29-24-926420\model.pth
Iteration: 6200, loss_r = 2.6e-05 ,  loss_bc = 7.9e-05,  loss_ic = 2.6e-05,  lr = 1.0e-03, time_taken = 9.6e-03, rel_l2_error = 4.9e-02
Model state saved to ./checkpoints/burgers_exact\2026-03-07_19-29-24-926420\model.pth
Iteration: 6300, loss_r = 6.8e-06 ,  loss_bc = 1.7e-06,  loss_ic = 6.1e-06,  lr = 1.0e-03, time_taken = 1.2e-02, rel_l2_error = 1.0e-02
Model state saved to ./checkpoints/burgers_exact\2026-03-07_19-29-24-926420\model.pth
Iteration: 6400, loss_r = 6.9e-06 ,  loss_bc = 1.3e-06,  loss_ic = 5.9e-06,  lr = 1.0e-03, time_taken = 1.3e-02, rel_l2_error = 1.3e-02
Model state saved to ./checkpoints/burgers_exact\2026-03-07_19-29-24-926420\model.pth
Iteration: 6500, loss_r = 8.5e-06 ,  loss_bc = 9.7e-07,  loss_ic = 7.8e-06,  lr = 1.0e-03, time_taken = 1.5e-02, rel_l2_error = 2.3e-02
Model state saved to ./checkpoints/burgers_exact\2026-03-07_19-29-24-926420\model.pth
Iteration: 6600, loss_r = 1.2e-05 ,  loss_bc = 3.5e-06,  loss_ic = 9.2e-06,  lr = 9.0e-04, time_taken = 1.0e-02, rel_l2_error = 1.4e-02
Model state saved to ./checkpoints/burgers_exact\2026-03-07_19-29-24-926420\model.pth
Iteration: 6700, loss_r = 8.5e-06 ,  loss_bc = 3.8e-06,  loss_ic = 7.0e-06,  lr = 9.0e-04, time_taken = 1.0e-02, rel_l2_error = 1.7e-02
Model state saved to ./checkpoints/burgers_exact\2026-03-07_19-29-24-926420\model.pth
Iteration: 6800, loss_r = 4.5e-06 ,  loss_bc = 4.4e-07,  loss_ic = 5.2e-06,  lr = 9.0e-04, time_taken = 9.9e-03, rel_l2_error = 1.5e-02
Model state saved to ./checkpoints/burgers_exact\2026-03-07_19-29-24-926420\model.pth
Iteration: 6900, loss_r = 1.4e-05 ,  loss_bc = 6.3e-06,  loss_ic = 1.0e-05,  lr = 9.0e-04, time_taken = 1.1e-02, rel_l2_error = 2.9e-02
Model state saved to ./checkpoints/burgers_exact\2026-03-07_19-29-24-926420\model.pth
Iteration: 7000, loss_r = 8.1e-06 ,  loss_bc = 1.9e-07,  loss_ic = 8.7e-06,  lr = 9.0e-04, time_taken = 1.8e-02, rel_l2_error = 1.2e-02
Model state saved to ./checkpoints/burgers_exact\2026-03-07_19-29-24-926420\model.pth
Iteration: 7100, loss_r = 1.2e-05 ,  loss_bc = 7.3e-06,  loss_ic = 7.7e-06,  lr = 9.0e-04, time_taken = 1.6e-02, rel_l2_error = 1.3e-02
Model state saved to ./checkpoints/burgers_exact\2026-03-07_19-29-24-926420\model.pth
Iteration: 7200, loss_r = 1.1e-05 ,  loss_bc = 3.2e-07,  loss_ic = 6.0e-06,  lr = 9.0e-04, time_taken = 1.7e-02, rel_l2_error = 1.4e-02
Model state saved to ./checkpoints/burgers_exact\2026-03-07_19-29-24-926420\model.pth
Iteration: 7300, loss_r = 3.3e-05 ,  loss_bc = 2.3e-05,  loss_ic = 1.8e-05,  lr = 9.0e-04, time_taken = 1.2e-02, rel_l2_error = 3.4e-02
Model state saved to ./checkpoints/burgers_exact\2026-03-07_19-29-24-926420\model.pth
Iteration: 7400, loss_r = 1.5e-05 ,  loss_bc = 1.1e-05,  loss_ic = 6.1e-06,  lr = 9.0e-04, time_taken = 1.3e-02, rel_l2_error = 1.7e-02
Model state saved to ./checkpoints/burgers_exact\2026-03-07_19-29-24-926420\model.pth
Iteration: 7500, loss_r = 8.4e-06 ,  loss_bc = 8.8e-06,  loss_ic = 7.1e-06,  lr = 9.0e-04, time_taken = 9.2e-03, rel_l2_error = 1.0e-02
Model state saved to ./checkpoints/burgers_exact\2026-03-07_19-29-24-926420\model.pth
Iteration: 7600, loss_r = 5.9e-06 ,  loss_bc = 3.7e-07,  loss_ic = 3.7e-06,  lr = 9.0e-04, time_taken = 1.2e-02, rel_l2_error = 1.1e-02
Model state saved to ./checkpoints/burgers_exact\2026-03-07_19-29-24-926420\model.pth
Iteration: 7700, loss_r = 1.0e-05 ,  loss_bc = 2.6e-06,  loss_ic = 6.9e-06,  lr = 9.0e-04, time_taken = 9.8e-03, rel_l2_error = 1.2e-02
Model state saved to ./checkpoints/burgers_exact\2026-03-07_19-29-24-926420\model.pth
Iteration: 7800, loss_r = 1.9e-05 ,  loss_bc = 2.8e-06,  loss_ic = 7.5e-06,  lr = 9.0e-04, time_taken = 1.5e-02, rel_l2_error = 3.7e-02
Model state saved to ./checkpoints/burgers_exact\2026-03-07_19-29-24-926420\model.pth
Iteration: 7900, loss_r = 4.1e-06 ,  loss_bc = 5.9e-06,  loss_ic = 3.3e-06,  lr = 9.0e-04, time_taken = 1.0e-02, rel_l2_error = 9.5e-03
Model state saved to ./checkpoints/burgers_exact\2026-03-07_19-29-24-926420\model.pth
Iteration: 8000, loss_r = 4.7e-06 ,  loss_bc = 5.9e-07,  loss_ic = 3.4e-06,  lr = 9.0e-04, time_taken = 6.6e-03, rel_l2_error = 8.7e-03
Model state saved to ./checkpoints/burgers_exact\2026-03-07_19-29-24-926420\model.pth

=== RAR Evaluation at iteration 8000 ===
Mean residual: 1.610e-03
Adding 100 new point(s) with highest residuals:
  Point 1: [0.00458634 0.5927944 ], Residual: 7.536e-03
  Point 2: [0.02341449 0.5983814 ], Residual: 7.476e-03
  Point 3: [0.06967282 0.60200024], Residual: 7.401e-03
  Point 4: [0.06360161 0.5978483 ], Residual: 7.330e-03
  Point 5: [0.07830101 0.61069345], Residual: 7.326e-03
  Point 6: [0.08440757 0.61228716], Residual: 7.293e-03
  Point 7: [0.00112718 0.59740615], Residual: 7.292e-03
  Point 8: [0.06727976 0.5978329 ], Residual: 7.278e-03
  Point 9: [0.05754381 0.60892856], Residual: 7.275e-03
  Point 10: [0.09371054 0.6146847 ], Residual: 7.241e-03
  Point 11: [0.1113922 0.6143135], Residual: 7.236e-03
  Point 12: [8.2194805e-05 3.9701676e-01], Residual: 7.234e-03
  Point 13: [0.10831255 0.61078084], Residual: 7.233e-03
  Point 14: [0.11099029 0.6165688 ], Residual: 7.209e-03
  Point 15: [0.10151321 0.61638904], Residual: 7.204e-03
  Point 16: [0.06729668 0.6120378 ], Residual: 7.193e-03
  Point 17: [0.072676   0.59715843], Residual: 7.149e-03
  Point 18: [0.05907613 0.61159086], Residual: 7.129e-03
  Point 19: [0.08253449 0.61599267], Residual: 7.104e-03
  Point 20: [0.00689799 0.4125769 ], Residual: 7.088e-03
  Point 21: [0.02666938 0.6059371 ], Residual: 7.070e-03
  Point 22: [0.13946229 0.6214156 ], Residual: 7.059e-03
  Point 23: [0.0430668 0.6099652], Residual: 7.017e-03
  Point 24: [0.09753907 0.62020695], Residual: 6.986e-03
  Point 25: [0.11614645 0.62307906], Residual: 6.970e-03
  Point 26: [0.11591011 0.60571265], Residual: 6.899e-03
  Point 27: [0.03204238 0.60940456], Residual: 6.865e-03
  Point 28: [0.15709186 0.6176939 ], Residual: 6.817e-03
  Point 29: [0.07297879 0.6189579 ], Residual: 6.744e-03
  Point 30: [0.04738784 0.58600533], Residual: 6.703e-03
  Point 31: [0.06418484 0.5896033 ], Residual: 6.655e-03
  Point 32: [0.07472819 0.59204996], Residual: 6.641e-03
  Point 33: [0.19634652 0.6340039 ], Residual: 6.615e-03
  Point 34: [0.03021169 0.6117661 ], Residual: 6.584e-03
  Point 35: [0.10857505 0.6274773 ], Residual: 6.556e-03
  Point 36: [0.18994486 0.63752306], Residual: 6.539e-03
  Point 37: [0.14434761 0.6090348 ], Residual: 6.519e-03
  Point 38: [0.20383716 0.62938285], Residual: 6.501e-03
  Point 39: [0.05217767 0.58535993], Residual: 6.483e-03
  Point 40: [0.21313441 0.6345855 ], Residual: 6.470e-03
  Point 41: [0.10989958 0.6287879 ], Residual: 6.455e-03
  Point 42: [0.19598818 0.63976073], Residual: 6.447e-03
  Point 43: [0.10765952 0.59844434], Residual: 6.438e-03
  Point 44: [0.1742571 0.6167767], Residual: 6.429e-03
  Point 45: [0.16642326 0.6141447 ], Residual: 6.410e-03
  Point 46: [0.15264672 0.6361915 ], Residual: 6.402e-03
  Point 47: [0.00820357 0.3999269 ], Residual: 6.394e-03
  Point 48: [0.2062304  0.62649703], Residual: 6.351e-03
  Point 49: [0.10341257 0.6287614 ], Residual: 6.342e-03
  Point 50: [0.07806039 0.59035516], Residual: 6.337e-03
  Point 51: [0.09651357 0.59438694], Residual: 6.283e-03
  Point 52: [0.17788607 0.6156558 ], Residual: 6.255e-03
  Point 53: [0.05188119 0.5833875 ], Residual: 6.221e-03
  Point 54: [0.01912856 0.6128596 ], Residual: 6.164e-03
  Point 55: [ 0.97797066 -0.8105581 ], Residual: 6.097e-03
  Point 56: [0.25127035 0.64206123], Residual: 6.086e-03
  Point 57: [ 0.99537253 -0.8358766 ], Residual: 6.067e-03
  Point 58: [0.25658065 0.6451677 ], Residual: 6.036e-03
  Point 59: [ 0.99520326 -0.8071995 ], Residual: 6.024e-03
  Point 60: [ 0.99392337 -0.8377818 ], Residual: 6.021e-03
  Point 61: [ 0.9624188  -0.82596505], Residual: 6.012e-03
  Point 62: [0.15872002 0.64167047], Residual: 5.993e-03
  Point 63: [ 0.9609757 -0.8271495], Residual: 5.985e-03
  Point 64: [ 0.9406648 -0.8174195], Residual: 5.981e-03
  Point 65: [ 0.9904614 -0.8048121], Residual: 5.975e-03
  Point 66: [ 0.96674997 -0.8023523 ], Residual: 5.961e-03
  Point 67: [ 0.970162  -0.8334248], Residual: 5.936e-03
  Point 68: [ 0.92434925 -0.81272745], Residual: 5.928e-03
  Point 69: [ 0.91512567 -0.80510485], Residual: 5.912e-03
  Point 70: [ 0.9105389  -0.80383754], Residual: 5.892e-03
  Point 71: [0.1650722 0.6083518], Residual: 5.876e-03
  Point 72: [ 0.973729  -0.7991954], Residual: 5.864e-03
  Point 73: [ 0.9029743  -0.80248964], Residual: 5.859e-03
  Point 74: [ 0.95144117 -0.79662585], Residual: 5.848e-03
  Point 75: [ 0.9107458 -0.8151841], Residual: 5.813e-03
  Point 76: [ 0.9187853 -0.8192363], Residual: 5.811e-03
  Point 77: [ 0.933528   -0.82639587], Residual: 5.793e-03
  Point 78: [ 0.9091131 -0.8162155], Residual: 5.786e-03
  Point 79: [ 0.95738846 -0.7948185 ], Residual: 5.780e-03
  Point 80: [ 0.98180884 -0.8441087 ], Residual: 5.770e-03
  Point 81: [ 0.9133075 -0.8191924], Residual: 5.769e-03
  Point 82: [0.09373713 0.6321256 ], Residual: 5.742e-03
  Point 83: [ 0.895731  -0.8124387], Residual: 5.741e-03
  Point 84: [ 0.8739981 -0.7948555], Residual: 5.721e-03
  Point 85: [ 0.88424397 -0.80751324], Residual: 5.720e-03
  Point 86: [ 0.94585294 -0.79172766], Residual: 5.718e-03
  Point 87: [ 0.87181824 -0.794979  ], Residual: 5.711e-03
  Point 88: [ 0.93355596 -0.79010427], Residual: 5.703e-03
  Point 89: [ 0.9092272 -0.8210175], Residual: 5.700e-03
  Point 90: [ 0.9428036 -0.8347484], Residual: 5.674e-03
  Point 91: [0.27606547 0.6405562 ], Residual: 5.646e-03
  Point 92: [0.13080984 0.6400825 ], Residual: 5.644e-03
  Point 93: [0.2306199  0.62415016], Residual: 5.621e-03
  Point 94: [ 0.95803297 -0.84173906], Residual: 5.619e-03
  Point 95: [0.14985275 0.6439438 ], Residual: 5.594e-03
  Point 96: [0.11363614 0.5935159 ], Residual: 5.586e-03
  Point 97: [0.2974826  0.65345085], Residual: 5.575e-03
  Point 98: [ 0.92511743 -0.7853279 ], Residual: 5.569e-03
  Point 99: [ 0.83888686 -0.78476405], Residual: 5.523e-03
  Point 100: [ 0.21374744 -0.36569786], Residual: 5.508e-03
Total adaptive points: 400

Iteration: 8100, loss_r = 3.3e-06 ,  loss_bc = 1.4e-06,  loss_ic = 2.5e-06,  lr = 9.0e-04, time_taken = 7.6e-03, rel_l2_error = 1.3e-02
Model state saved to ./checkpoints/burgers_exact\2026-03-07_19-29-24-926420\model.pth
Iteration: 8200, loss_r = 1.2e-05 ,  loss_bc = 4.6e-06,  loss_ic = 1.5e-05,  lr = 9.0e-04, time_taken = 9.0e-03, rel_l2_error = 1.2e-02
Model state saved to ./checkpoints/burgers_exact\2026-03-07_19-29-24-926420\model.pth
Iteration: 8300, loss_r = 9.7e-06 ,  loss_bc = 1.4e-05,  loss_ic = 4.2e-06,  lr = 9.0e-04, time_taken = 1.1e-02, rel_l2_error = 9.1e-03
Model state saved to ./checkpoints/burgers_exact\2026-03-07_19-29-24-926420\model.pth
Iteration: 8400, loss_r = 4.9e-06 ,  loss_bc = 2.3e-06,  loss_ic = 1.1e-05,  lr = 9.0e-04, time_taken = 1.1e-02, rel_l2_error = 4.1e-02
Model state saved to ./checkpoints/burgers_exact\2026-03-07_19-29-24-926420\model.pth
Iteration: 8500, loss_r = 7.5e-06 ,  loss_bc = 1.6e-06,  loss_ic = 4.2e-06,  lr = 9.0e-04, time_taken = 1.2e-02, rel_l2_error = 1.0e-02
Model state saved to ./checkpoints/burgers_exact\2026-03-07_19-29-24-926420\model.pth
Iteration: 8600, loss_r = 2.2e-06 ,  loss_bc = 3.5e-06,  loss_ic = 3.0e-06,  lr = 9.0e-04, time_taken = 9.5e-03, rel_l2_error = 1.2e-02
Model state saved to ./checkpoints/burgers_exact\2026-03-07_19-29-24-926420\model.pth
Iteration: 8700, loss_r = 3.0e-05 ,  loss_bc = 7.4e-05,  loss_ic = 4.7e-05,  lr = 9.0e-04, time_taken = 1.0e-02, rel_l2_error = 1.8e-02
Model state saved to ./checkpoints/burgers_exact\2026-03-07_19-29-24-926420\model.pth
Iteration: 8800, loss_r = 2.5e-06 ,  loss_bc = 3.3e-07,  loss_ic = 2.1e-06,  lr = 9.0e-04, time_taken = 8.1e-03, rel_l2_error = 6.3e-03
Model state saved to ./checkpoints/burgers_exact\2026-03-07_19-29-24-926420\model.pth
Iteration: 8900, loss_r = 4.8e-06 ,  loss_bc = 7.8e-07,  loss_ic = 3.7e-06,  lr = 9.0e-04, time_taken = 9.0e-03, rel_l2_error = 1.1e-02
Model state saved to ./checkpoints/burgers_exact\2026-03-07_19-29-24-926420\model.pth
Iteration: 9000, loss_r = 1.1e-05 ,  loss_bc = 2.4e-06,  loss_ic = 7.2e-06,  lr = 9.0e-04, time_taken = 1.0e-02, rel_l2_error = 2.2e-02
Model state saved to ./checkpoints/burgers_exact\2026-03-07_19-29-24-926420\model.pth
Iteration: 9100, loss_r = 3.1e-06 ,  loss_bc = 5.8e-07,  loss_ic = 2.8e-06,  lr = 9.0e-04, time_taken = 9.9e-03, rel_l2_error = 6.1e-03
Model state saved to ./checkpoints/burgers_exact\2026-03-07_19-29-24-926420\model.pth
Iteration: 9200, loss_r = 2.1e-05 ,  loss_bc = 1.1e-05,  loss_ic = 2.7e-05,  lr = 9.0e-04, time_taken = 9.8e-03, rel_l2_error = 1.6e-02
Model state saved to ./checkpoints/burgers_exact\2026-03-07_19-29-24-926420\model.pth
Iteration: 9300, loss_r = 3.4e-06 ,  loss_bc = 1.5e-07,  loss_ic = 2.8e-06,  lr = 9.0e-04, time_taken = 5.0e-03, rel_l2_error = 1.9e-02
Model state saved to ./checkpoints/burgers_exact\2026-03-07_19-29-24-926420\model.pth
Iteration: 9400, loss_r = 4.9e-06 ,  loss_bc = 2.8e-06,  loss_ic = 2.7e-06,  lr = 9.0e-04, time_taken = 1.3e-02, rel_l2_error = 8.3e-03
Model state saved to ./checkpoints/burgers_exact\2026-03-07_19-29-24-926420\model.pth
Iteration: 9500, loss_r = 6.6e-06 ,  loss_bc = 2.9e-06,  loss_ic = 5.0e-06,  lr = 9.0e-04, time_taken = 9.9e-03, rel_l2_error = 1.7e-02
Model state saved to ./checkpoints/burgers_exact\2026-03-07_19-29-24-926420\model.pth
Iteration: 9600, loss_r = 3.4e-06 ,  loss_bc = 4.0e-07,  loss_ic = 1.7e-06,  lr = 9.0e-04, time_taken = 9.6e-03, rel_l2_error = 2.0e-02
Model state saved to ./checkpoints/burgers_exact\2026-03-07_19-29-24-926420\model.pth
Iteration: 9700, loss_r = 3.9e-06 ,  loss_bc = 3.0e-06,  loss_ic = 4.2e-06,  lr = 9.0e-04, time_taken = 1.3e-02, rel_l2_error = 1.4e-02
Model state saved to ./checkpoints/burgers_exact\2026-03-07_19-29-24-926420\model.pth
Iteration: 9800, loss_r = 4.1e-06 ,  loss_bc = 3.0e-06,  loss_ic = 7.2e-06,  lr = 9.0e-04, time_taken = 9.7e-03, rel_l2_error = 1.3e-02
Model state saved to ./checkpoints/burgers_exact\2026-03-07_19-29-24-926420\model.pth
Iteration: 9900, loss_r = 7.8e-06 ,  loss_bc = 1.1e-05,  loss_ic = 7.7e-06,  lr = 9.0e-04, time_taken = 9.6e-03, rel_l2_error = 1.6e-02
Model state saved to ./checkpoints/burgers_exact\2026-03-07_19-29-24-926420\model.pth

=== Switching to LBFGS optimizer at iteration 10000 ===
Using scipy L-BFGS-B optimizer (bburgers_hybrid_trainer.py approach)
Optimizer: L-BFGS-B (maxiter=10000, factr=1000.0, m=100, maxls=50, pgtol=1e-14)
L-BFGS Iteration: 0, Loss: 6.024867e-06
L-BFGS Iteration: 1, Loss: 4.306574e-06, Relative L2 Error: 4.910905e-03
L-BFGS: Time for 100 iterations = 2.6811 s
L-BFGS Iteration: 100, Loss: 1.478846e-06, Relative L2 Error: 2.531564e-03
L-BFGS Iteration: 200, Loss: 6.658852e-07, Relative L2 Error: 1.583446e-03
L-BFGS Iteration: 300, Loss: 3.285621e-07, Relative L2 Error: 1.268603e-03
L-BFGS Iteration: 400, Loss: 2.032265e-07, Relative L2 Error: 8.568724e-04
L-BFGS Iteration: 500, Loss: 1.207156e-07, Relative L2 Error: 6.372737e-04
L-BFGS Iteration: 600, Loss: 9.943675e-08, Relative L2 Error: 5.793427e-04
L-BFGS Iteration: 700, Loss: 7.859119e-08, Relative L2 Error: 5.177184e-04
L-BFGS Iteration: 800, Loss: 6.899120e-08, Relative L2 Error: 4.573592e-04
L-BFGS Iteration: 900, Loss: 5.952232e-08, Relative L2 Error: 4.371318e-04
L-BFGS Iteration: 1000, Loss: 5.049560e-08, Relative L2 Error: 4.427280e-04
L-BFGS optimization finished after 1011 iterations.
L-BFGS training completed after 1011 iterations
Model state saved to ./checkpoints/burgers_exact\2026-03-07_19-29-24-926420\model.pth
Training completed successfully!
Evaluating on 40000 points using chunk size 500
RelL2_U%  : 4.475e-02 
Saved solution comparison heatmaps to: ./checkpoints/burgers_exact\2026-03-07_19-29-24-926420\solution_comparison_burgers_exact.png
